[2025-04-26T23:00:07.330+0000] {local_task_job_runner.py:123} INFO - ::group::Pre task execution logs
[2025-04-26T23:00:07.353+0000] {taskinstance.py:2614} INFO - Dependencies all met for dep_context=non-requeueable deps ti=<TaskInstance: traffic_images_collector.get_api_key scheduled__2025-04-26T22:55:00+00:00 [queued]>
[2025-04-26T23:00:07.365+0000] {taskinstance.py:2614} INFO - Dependencies all met for dep_context=requeueable deps ti=<TaskInstance: traffic_images_collector.get_api_key scheduled__2025-04-26T22:55:00+00:00 [queued]>
[2025-04-26T23:00:07.368+0000] {taskinstance.py:2867} INFO - Starting attempt 1 of 4
[2025-04-26T23:00:07.392+0000] {taskinstance.py:2890} INFO - Executing <Task(_PythonDecoratedOperator): get_api_key> on 2025-04-26 22:55:00+00:00
[2025-04-26T23:00:07.409+0000] {standard_task_runner.py:72} INFO - Started process 1363 to run task
[2025-04-26T23:00:07.414+0000] {standard_task_runner.py:104} INFO - Running: ['***', 'tasks', 'run', 'traffic_images_collector', 'get_api_key', 'scheduled__2025-04-26T22:55:00+00:00', '--job-id', '49', '--raw', '--subdir', 'DAGS_FOLDER/traffic_images_collector.py', '--cfg-path', '/tmp/tmpfh6ovq1j']
[2025-04-26T23:00:07.416+0000] {standard_task_runner.py:105} INFO - Job 49: Subtask get_api_key
[2025-04-26T23:00:07.829+0000] {task_command.py:467} INFO - Running <TaskInstance: traffic_images_collector.get_api_key scheduled__2025-04-26T22:55:00+00:00 [running]> on host 59b5c23bc6da
[2025-04-26T23:00:07.943+0000] {taskinstance.py:3134} INFO - Exporting env vars: AIRFLOW_CTX_DAG_OWNER='***' AIRFLOW_CTX_DAG_ID='traffic_images_collector' AIRFLOW_CTX_TASK_ID='get_api_key' AIRFLOW_CTX_EXECUTION_DATE='2025-04-26T22:55:00+00:00' AIRFLOW_CTX_TRY_NUMBER='1' AIRFLOW_CTX_DAG_RUN_ID='scheduled__2025-04-26T22:55:00+00:00'
[2025-04-26T23:00:07.946+0000] {logging_mixin.py:190} INFO - Task instance is in running state
[2025-04-26T23:00:07.947+0000] {logging_mixin.py:190} INFO -  Previous state of the Task instance: queued
[2025-04-26T23:00:07.949+0000] {logging_mixin.py:190} INFO - Current task name:get_api_key state:running start_date:2025-04-26 23:00:07.354864+00:00
[2025-04-26T23:00:07.950+0000] {logging_mixin.py:190} INFO - Dag name:traffic_images_collector and current dag run status:running
[2025-04-26T23:00:07.952+0000] {taskinstance.py:732} INFO - ::endgroup::
[2025-04-26T23:00:07.966+0000] {base.py:84} INFO - Retrieving connection 'lta_api_connection'
[2025-04-26T23:00:07.968+0000] {python.py:240} INFO - Done. Returned value was: hcyk9gZ6TpmzNPegYOBjKQ==
[2025-04-26T23:00:07.999+0000] {taskinstance.py:341} INFO - ::group::Post task execution logs
[2025-04-26T23:00:08.001+0000] {taskinstance.py:353} INFO - Marking task as SUCCESS. dag_id=traffic_images_collector, task_id=get_api_key, run_id=scheduled__2025-04-26T22:55:00+00:00, execution_date=20250426T225500, start_date=20250426T230007, end_date=20250426T230008
[2025-04-26T23:00:08.040+0000] {logging_mixin.py:190} INFO - Task instance in success state
[2025-04-26T23:00:08.042+0000] {logging_mixin.py:190} INFO -  Previous state of the Task instance: running
[2025-04-26T23:00:08.043+0000] {logging_mixin.py:190} INFO - Dag name:traffic_images_collector queued_at:2025-04-26 23:00:01.008608+00:00
[2025-04-26T23:00:08.044+0000] {logging_mixin.py:190} INFO - Task hostname:59b5c23bc6da operator:_PythonDecoratedOperator
[2025-04-26T23:00:08.110+0000] {local_task_job_runner.py:266} INFO - Task exited with return code 0
[2025-04-26T23:00:08.546+0000] {taskinstance.py:3901} INFO - 1 downstream tasks scheduled from follow-on schedule check
[2025-04-26T23:00:08.549+0000] {local_task_job_runner.py:245} INFO - ::endgroup::
