[2025-04-22T01:11:01.855+0000] {processor.py:186} INFO - Started process (PID=45) to work on /home/airflow/.local/lib/python3.12/site-packages/airflow/example_dags/example_params_trigger_ui.py
[2025-04-22T01:11:01.856+0000] {processor.py:914} INFO - Processing file /home/airflow/.local/lib/python3.12/site-packages/airflow/example_dags/example_params_trigger_ui.py for tasks to queue
[2025-04-22T01:11:01.859+0000] {logging_mixin.py:190} INFO - [2025-04-22T01:11:01.858+0000] {dagbag.py:588} INFO - Filling up the DagBag from /home/airflow/.local/lib/python3.12/site-packages/airflow/example_dags/example_params_trigger_ui.py
[2025-04-22T01:11:01.881+0000] {processor.py:925} INFO - DAG(s) 'example_params_trigger_ui' retrieved from /home/airflow/.local/lib/python3.12/site-packages/airflow/example_dags/example_params_trigger_ui.py
[2025-04-22T01:11:02.052+0000] {logging_mixin.py:190} INFO - [2025-04-22T01:11:02.052+0000] {override.py:1912} INFO - Created Permission View: can delete on DAG:example_params_trigger_ui
[2025-04-22T01:11:02.064+0000] {logging_mixin.py:190} INFO - [2025-04-22T01:11:02.064+0000] {override.py:1912} INFO - Created Permission View: can read on DAG:example_params_trigger_ui
[2025-04-22T01:11:02.071+0000] {logging_mixin.py:190} INFO - [2025-04-22T01:11:02.071+0000] {override.py:1912} INFO - Created Permission View: can edit on DAG:example_params_trigger_ui
[2025-04-22T01:11:02.078+0000] {logging_mixin.py:190} INFO - [2025-04-22T01:11:02.077+0000] {override.py:1912} INFO - Created Permission View: menu access on DAG Run:example_params_trigger_ui
[2025-04-22T01:11:02.083+0000] {logging_mixin.py:190} INFO - [2025-04-22T01:11:02.083+0000] {override.py:1912} INFO - Created Permission View: can delete on DAG Run:example_params_trigger_ui
[2025-04-22T01:11:02.088+0000] {logging_mixin.py:190} INFO - [2025-04-22T01:11:02.088+0000] {override.py:1912} INFO - Created Permission View: can read on DAG Run:example_params_trigger_ui
[2025-04-22T01:11:02.093+0000] {logging_mixin.py:190} INFO - [2025-04-22T01:11:02.093+0000] {override.py:1912} INFO - Created Permission View: can create on DAG Run:example_params_trigger_ui
[2025-04-22T01:11:02.094+0000] {logging_mixin.py:190} INFO - [2025-04-22T01:11:02.094+0000] {dag.py:3239} INFO - Sync 1 DAGs
[2025-04-22T01:11:02.112+0000] {logging_mixin.py:190} INFO - [2025-04-22T01:11:02.112+0000] {dag.py:3262} INFO - Creating ORM DAG for example_params_trigger_ui
[2025-04-22T01:11:02.114+0000] {logging_mixin.py:190} INFO - [2025-04-22T01:11:02.114+0000] {dag.py:4180} INFO - Setting next_dagrun for example_params_trigger_ui to None, run_after=None
[2025-04-22T01:11:02.135+0000] {processor.py:208} INFO - Processing /home/airflow/.local/lib/python3.12/site-packages/airflow/example_dags/example_params_trigger_ui.py took 0.285 seconds
[2025-04-22T01:11:33.132+0000] {processor.py:186} INFO - Started process (PID=108) to work on /home/airflow/.local/lib/python3.12/site-packages/airflow/example_dags/example_params_trigger_ui.py
[2025-04-22T01:11:33.133+0000] {processor.py:914} INFO - Processing file /home/airflow/.local/lib/python3.12/site-packages/airflow/example_dags/example_params_trigger_ui.py for tasks to queue
[2025-04-22T01:11:33.135+0000] {logging_mixin.py:190} INFO - [2025-04-22T01:11:33.135+0000] {dagbag.py:588} INFO - Filling up the DagBag from /home/airflow/.local/lib/python3.12/site-packages/airflow/example_dags/example_params_trigger_ui.py
[2025-04-22T01:11:33.144+0000] {processor.py:925} INFO - DAG(s) 'example_params_trigger_ui' retrieved from /home/airflow/.local/lib/python3.12/site-packages/airflow/example_dags/example_params_trigger_ui.py
[2025-04-22T01:11:33.179+0000] {logging_mixin.py:190} INFO - [2025-04-22T01:11:33.179+0000] {dag.py:3239} INFO - Sync 1 DAGs
[2025-04-22T01:11:33.191+0000] {logging_mixin.py:190} INFO - [2025-04-22T01:11:33.191+0000] {dag.py:4180} INFO - Setting next_dagrun for example_params_trigger_ui to None, run_after=None
[2025-04-22T01:11:33.214+0000] {processor.py:208} INFO - Processing /home/airflow/.local/lib/python3.12/site-packages/airflow/example_dags/example_params_trigger_ui.py took 0.087 seconds
[2025-04-22T01:12:03.943+0000] {processor.py:186} INFO - Started process (PID=171) to work on /home/airflow/.local/lib/python3.12/site-packages/airflow/example_dags/example_params_trigger_ui.py
[2025-04-22T01:12:03.944+0000] {processor.py:914} INFO - Processing file /home/airflow/.local/lib/python3.12/site-packages/airflow/example_dags/example_params_trigger_ui.py for tasks to queue
[2025-04-22T01:12:03.946+0000] {logging_mixin.py:190} INFO - [2025-04-22T01:12:03.946+0000] {dagbag.py:588} INFO - Filling up the DagBag from /home/airflow/.local/lib/python3.12/site-packages/airflow/example_dags/example_params_trigger_ui.py
[2025-04-22T01:12:03.955+0000] {processor.py:925} INFO - DAG(s) 'example_params_trigger_ui' retrieved from /home/airflow/.local/lib/python3.12/site-packages/airflow/example_dags/example_params_trigger_ui.py
[2025-04-22T01:12:03.990+0000] {logging_mixin.py:190} INFO - [2025-04-22T01:12:03.990+0000] {dag.py:3239} INFO - Sync 1 DAGs
[2025-04-22T01:12:04.004+0000] {logging_mixin.py:190} INFO - [2025-04-22T01:12:04.003+0000] {dag.py:4180} INFO - Setting next_dagrun for example_params_trigger_ui to None, run_after=None
[2025-04-22T01:12:04.024+0000] {processor.py:208} INFO - Processing /home/airflow/.local/lib/python3.12/site-packages/airflow/example_dags/example_params_trigger_ui.py took 0.085 seconds
[2025-04-22T01:12:34.224+0000] {processor.py:186} INFO - Started process (PID=234) to work on /home/airflow/.local/lib/python3.12/site-packages/airflow/example_dags/example_params_trigger_ui.py
[2025-04-22T01:12:34.225+0000] {processor.py:914} INFO - Processing file /home/airflow/.local/lib/python3.12/site-packages/airflow/example_dags/example_params_trigger_ui.py for tasks to queue
[2025-04-22T01:12:34.227+0000] {logging_mixin.py:190} INFO - [2025-04-22T01:12:34.227+0000] {dagbag.py:588} INFO - Filling up the DagBag from /home/airflow/.local/lib/python3.12/site-packages/airflow/example_dags/example_params_trigger_ui.py
[2025-04-22T01:12:34.237+0000] {processor.py:925} INFO - DAG(s) 'example_params_trigger_ui' retrieved from /home/airflow/.local/lib/python3.12/site-packages/airflow/example_dags/example_params_trigger_ui.py
[2025-04-22T01:12:34.273+0000] {logging_mixin.py:190} INFO - [2025-04-22T01:12:34.273+0000] {dag.py:3239} INFO - Sync 1 DAGs
[2025-04-22T01:12:34.288+0000] {logging_mixin.py:190} INFO - [2025-04-22T01:12:34.288+0000] {dag.py:4180} INFO - Setting next_dagrun for example_params_trigger_ui to None, run_after=None
[2025-04-22T01:12:34.311+0000] {processor.py:208} INFO - Processing /home/airflow/.local/lib/python3.12/site-packages/airflow/example_dags/example_params_trigger_ui.py took 0.092 seconds
[2025-04-22T01:13:04.572+0000] {processor.py:186} INFO - Started process (PID=297) to work on /home/airflow/.local/lib/python3.12/site-packages/airflow/example_dags/example_params_trigger_ui.py
[2025-04-22T01:13:04.573+0000] {processor.py:914} INFO - Processing file /home/airflow/.local/lib/python3.12/site-packages/airflow/example_dags/example_params_trigger_ui.py for tasks to queue
[2025-04-22T01:13:04.574+0000] {logging_mixin.py:190} INFO - [2025-04-22T01:13:04.574+0000] {dagbag.py:588} INFO - Filling up the DagBag from /home/airflow/.local/lib/python3.12/site-packages/airflow/example_dags/example_params_trigger_ui.py
[2025-04-22T01:13:04.583+0000] {processor.py:925} INFO - DAG(s) 'example_params_trigger_ui' retrieved from /home/airflow/.local/lib/python3.12/site-packages/airflow/example_dags/example_params_trigger_ui.py
[2025-04-22T01:13:04.618+0000] {logging_mixin.py:190} INFO - [2025-04-22T01:13:04.618+0000] {dag.py:3239} INFO - Sync 1 DAGs
[2025-04-22T01:13:04.633+0000] {logging_mixin.py:190} INFO - [2025-04-22T01:13:04.633+0000] {dag.py:4180} INFO - Setting next_dagrun for example_params_trigger_ui to None, run_after=None
[2025-04-22T01:13:04.655+0000] {processor.py:208} INFO - Processing /home/airflow/.local/lib/python3.12/site-packages/airflow/example_dags/example_params_trigger_ui.py took 0.088 seconds
[2025-04-22T01:13:35.074+0000] {processor.py:186} INFO - Started process (PID=360) to work on /home/airflow/.local/lib/python3.12/site-packages/airflow/example_dags/example_params_trigger_ui.py
[2025-04-22T01:13:35.075+0000] {processor.py:914} INFO - Processing file /home/airflow/.local/lib/python3.12/site-packages/airflow/example_dags/example_params_trigger_ui.py for tasks to queue
[2025-04-22T01:13:35.077+0000] {logging_mixin.py:190} INFO - [2025-04-22T01:13:35.077+0000] {dagbag.py:588} INFO - Filling up the DagBag from /home/airflow/.local/lib/python3.12/site-packages/airflow/example_dags/example_params_trigger_ui.py
[2025-04-22T01:13:35.088+0000] {processor.py:925} INFO - DAG(s) 'example_params_trigger_ui' retrieved from /home/airflow/.local/lib/python3.12/site-packages/airflow/example_dags/example_params_trigger_ui.py
[2025-04-22T01:13:35.128+0000] {logging_mixin.py:190} INFO - [2025-04-22T01:13:35.128+0000] {dag.py:3239} INFO - Sync 1 DAGs
[2025-04-22T01:13:35.142+0000] {logging_mixin.py:190} INFO - [2025-04-22T01:13:35.142+0000] {dag.py:4180} INFO - Setting next_dagrun for example_params_trigger_ui to None, run_after=None
[2025-04-22T01:13:35.160+0000] {processor.py:208} INFO - Processing /home/airflow/.local/lib/python3.12/site-packages/airflow/example_dags/example_params_trigger_ui.py took 0.091 seconds
[2025-04-22T01:14:05.500+0000] {processor.py:186} INFO - Started process (PID=423) to work on /home/airflow/.local/lib/python3.12/site-packages/airflow/example_dags/example_params_trigger_ui.py
[2025-04-22T01:14:05.501+0000] {processor.py:914} INFO - Processing file /home/airflow/.local/lib/python3.12/site-packages/airflow/example_dags/example_params_trigger_ui.py for tasks to queue
[2025-04-22T01:14:05.503+0000] {logging_mixin.py:190} INFO - [2025-04-22T01:14:05.502+0000] {dagbag.py:588} INFO - Filling up the DagBag from /home/airflow/.local/lib/python3.12/site-packages/airflow/example_dags/example_params_trigger_ui.py
[2025-04-22T01:14:05.511+0000] {processor.py:925} INFO - DAG(s) 'example_params_trigger_ui' retrieved from /home/airflow/.local/lib/python3.12/site-packages/airflow/example_dags/example_params_trigger_ui.py
[2025-04-22T01:14:05.549+0000] {logging_mixin.py:190} INFO - [2025-04-22T01:14:05.549+0000] {dag.py:3239} INFO - Sync 1 DAGs
[2025-04-22T01:14:05.561+0000] {logging_mixin.py:190} INFO - [2025-04-22T01:14:05.561+0000] {dag.py:4180} INFO - Setting next_dagrun for example_params_trigger_ui to None, run_after=None
[2025-04-22T01:14:05.577+0000] {processor.py:208} INFO - Processing /home/airflow/.local/lib/python3.12/site-packages/airflow/example_dags/example_params_trigger_ui.py took 0.082 seconds
[2025-04-22T01:14:35.942+0000] {processor.py:186} INFO - Started process (PID=486) to work on /home/airflow/.local/lib/python3.12/site-packages/airflow/example_dags/example_params_trigger_ui.py
[2025-04-22T01:14:35.943+0000] {processor.py:914} INFO - Processing file /home/airflow/.local/lib/python3.12/site-packages/airflow/example_dags/example_params_trigger_ui.py for tasks to queue
[2025-04-22T01:14:35.945+0000] {logging_mixin.py:190} INFO - [2025-04-22T01:14:35.945+0000] {dagbag.py:588} INFO - Filling up the DagBag from /home/airflow/.local/lib/python3.12/site-packages/airflow/example_dags/example_params_trigger_ui.py
[2025-04-22T01:14:35.953+0000] {processor.py:925} INFO - DAG(s) 'example_params_trigger_ui' retrieved from /home/airflow/.local/lib/python3.12/site-packages/airflow/example_dags/example_params_trigger_ui.py
[2025-04-22T01:14:35.988+0000] {logging_mixin.py:190} INFO - [2025-04-22T01:14:35.988+0000] {dag.py:3239} INFO - Sync 1 DAGs
[2025-04-22T01:14:36.001+0000] {logging_mixin.py:190} INFO - [2025-04-22T01:14:36.001+0000] {dag.py:4180} INFO - Setting next_dagrun for example_params_trigger_ui to None, run_after=None
[2025-04-22T01:14:36.018+0000] {processor.py:208} INFO - Processing /home/airflow/.local/lib/python3.12/site-packages/airflow/example_dags/example_params_trigger_ui.py took 0.081 seconds
[2025-04-22T01:15:06.117+0000] {processor.py:186} INFO - Started process (PID=549) to work on /home/airflow/.local/lib/python3.12/site-packages/airflow/example_dags/example_params_trigger_ui.py
[2025-04-22T01:15:06.117+0000] {processor.py:914} INFO - Processing file /home/airflow/.local/lib/python3.12/site-packages/airflow/example_dags/example_params_trigger_ui.py for tasks to queue
[2025-04-22T01:15:06.119+0000] {logging_mixin.py:190} INFO - [2025-04-22T01:15:06.119+0000] {dagbag.py:588} INFO - Filling up the DagBag from /home/airflow/.local/lib/python3.12/site-packages/airflow/example_dags/example_params_trigger_ui.py
[2025-04-22T01:15:06.128+0000] {processor.py:925} INFO - DAG(s) 'example_params_trigger_ui' retrieved from /home/airflow/.local/lib/python3.12/site-packages/airflow/example_dags/example_params_trigger_ui.py
[2025-04-22T01:15:06.164+0000] {logging_mixin.py:190} INFO - [2025-04-22T01:15:06.164+0000] {dag.py:3239} INFO - Sync 1 DAGs
[2025-04-22T01:15:06.180+0000] {logging_mixin.py:190} INFO - [2025-04-22T01:15:06.180+0000] {dag.py:4180} INFO - Setting next_dagrun for example_params_trigger_ui to None, run_after=None
[2025-04-22T01:15:06.201+0000] {processor.py:208} INFO - Processing /home/airflow/.local/lib/python3.12/site-packages/airflow/example_dags/example_params_trigger_ui.py took 0.089 seconds
[2025-04-22T01:15:36.595+0000] {processor.py:186} INFO - Started process (PID=612) to work on /home/airflow/.local/lib/python3.12/site-packages/airflow/example_dags/example_params_trigger_ui.py
[2025-04-22T01:15:36.596+0000] {processor.py:914} INFO - Processing file /home/airflow/.local/lib/python3.12/site-packages/airflow/example_dags/example_params_trigger_ui.py for tasks to queue
[2025-04-22T01:15:36.598+0000] {logging_mixin.py:190} INFO - [2025-04-22T01:15:36.598+0000] {dagbag.py:588} INFO - Filling up the DagBag from /home/airflow/.local/lib/python3.12/site-packages/airflow/example_dags/example_params_trigger_ui.py
[2025-04-22T01:15:36.609+0000] {processor.py:925} INFO - DAG(s) 'example_params_trigger_ui' retrieved from /home/airflow/.local/lib/python3.12/site-packages/airflow/example_dags/example_params_trigger_ui.py
[2025-04-22T01:15:36.648+0000] {logging_mixin.py:190} INFO - [2025-04-22T01:15:36.648+0000] {dag.py:3239} INFO - Sync 1 DAGs
[2025-04-22T01:15:36.666+0000] {logging_mixin.py:190} INFO - [2025-04-22T01:15:36.665+0000] {dag.py:4180} INFO - Setting next_dagrun for example_params_trigger_ui to None, run_after=None
[2025-04-22T01:15:36.689+0000] {processor.py:208} INFO - Processing /home/airflow/.local/lib/python3.12/site-packages/airflow/example_dags/example_params_trigger_ui.py took 0.100 seconds
[2025-04-22T01:16:07.604+0000] {processor.py:186} INFO - Started process (PID=675) to work on /home/airflow/.local/lib/python3.12/site-packages/airflow/example_dags/example_params_trigger_ui.py
[2025-04-22T01:16:07.605+0000] {processor.py:914} INFO - Processing file /home/airflow/.local/lib/python3.12/site-packages/airflow/example_dags/example_params_trigger_ui.py for tasks to queue
[2025-04-22T01:16:07.607+0000] {logging_mixin.py:190} INFO - [2025-04-22T01:16:07.607+0000] {dagbag.py:588} INFO - Filling up the DagBag from /home/airflow/.local/lib/python3.12/site-packages/airflow/example_dags/example_params_trigger_ui.py
[2025-04-22T01:16:07.617+0000] {processor.py:925} INFO - DAG(s) 'example_params_trigger_ui' retrieved from /home/airflow/.local/lib/python3.12/site-packages/airflow/example_dags/example_params_trigger_ui.py
[2025-04-22T01:16:07.656+0000] {logging_mixin.py:190} INFO - [2025-04-22T01:16:07.656+0000] {dag.py:3239} INFO - Sync 1 DAGs
[2025-04-22T01:16:07.670+0000] {logging_mixin.py:190} INFO - [2025-04-22T01:16:07.670+0000] {dag.py:4180} INFO - Setting next_dagrun for example_params_trigger_ui to None, run_after=None
[2025-04-22T01:16:07.690+0000] {processor.py:208} INFO - Processing /home/airflow/.local/lib/python3.12/site-packages/airflow/example_dags/example_params_trigger_ui.py took 0.092 seconds
[2025-04-22T01:16:38.049+0000] {processor.py:186} INFO - Started process (PID=738) to work on /home/airflow/.local/lib/python3.12/site-packages/airflow/example_dags/example_params_trigger_ui.py
[2025-04-22T01:16:38.050+0000] {processor.py:914} INFO - Processing file /home/airflow/.local/lib/python3.12/site-packages/airflow/example_dags/example_params_trigger_ui.py for tasks to queue
[2025-04-22T01:16:38.052+0000] {logging_mixin.py:190} INFO - [2025-04-22T01:16:38.051+0000] {dagbag.py:588} INFO - Filling up the DagBag from /home/airflow/.local/lib/python3.12/site-packages/airflow/example_dags/example_params_trigger_ui.py
[2025-04-22T01:16:38.062+0000] {processor.py:925} INFO - DAG(s) 'example_params_trigger_ui' retrieved from /home/airflow/.local/lib/python3.12/site-packages/airflow/example_dags/example_params_trigger_ui.py
[2025-04-22T01:16:38.098+0000] {logging_mixin.py:190} INFO - [2025-04-22T01:16:38.098+0000] {dag.py:3239} INFO - Sync 1 DAGs
[2025-04-22T01:16:38.111+0000] {logging_mixin.py:190} INFO - [2025-04-22T01:16:38.111+0000] {dag.py:4180} INFO - Setting next_dagrun for example_params_trigger_ui to None, run_after=None
[2025-04-22T01:16:38.136+0000] {processor.py:208} INFO - Processing /home/airflow/.local/lib/python3.12/site-packages/airflow/example_dags/example_params_trigger_ui.py took 0.092 seconds
[2025-04-22T01:17:08.729+0000] {processor.py:186} INFO - Started process (PID=801) to work on /home/airflow/.local/lib/python3.12/site-packages/airflow/example_dags/example_params_trigger_ui.py
[2025-04-22T01:17:08.729+0000] {processor.py:914} INFO - Processing file /home/airflow/.local/lib/python3.12/site-packages/airflow/example_dags/example_params_trigger_ui.py for tasks to queue
[2025-04-22T01:17:08.731+0000] {logging_mixin.py:190} INFO - [2025-04-22T01:17:08.731+0000] {dagbag.py:588} INFO - Filling up the DagBag from /home/airflow/.local/lib/python3.12/site-packages/airflow/example_dags/example_params_trigger_ui.py
[2025-04-22T01:17:08.741+0000] {processor.py:925} INFO - DAG(s) 'example_params_trigger_ui' retrieved from /home/airflow/.local/lib/python3.12/site-packages/airflow/example_dags/example_params_trigger_ui.py
[2025-04-22T01:17:08.778+0000] {logging_mixin.py:190} INFO - [2025-04-22T01:17:08.778+0000] {dag.py:3239} INFO - Sync 1 DAGs
[2025-04-22T01:17:08.791+0000] {logging_mixin.py:190} INFO - [2025-04-22T01:17:08.790+0000] {dag.py:4180} INFO - Setting next_dagrun for example_params_trigger_ui to None, run_after=None
[2025-04-22T01:17:08.807+0000] {processor.py:208} INFO - Processing /home/airflow/.local/lib/python3.12/site-packages/airflow/example_dags/example_params_trigger_ui.py took 0.083 seconds
[2025-04-22T01:17:39.556+0000] {processor.py:186} INFO - Started process (PID=864) to work on /home/airflow/.local/lib/python3.12/site-packages/airflow/example_dags/example_params_trigger_ui.py
[2025-04-22T01:17:39.557+0000] {processor.py:914} INFO - Processing file /home/airflow/.local/lib/python3.12/site-packages/airflow/example_dags/example_params_trigger_ui.py for tasks to queue
[2025-04-22T01:17:39.559+0000] {logging_mixin.py:190} INFO - [2025-04-22T01:17:39.559+0000] {dagbag.py:588} INFO - Filling up the DagBag from /home/airflow/.local/lib/python3.12/site-packages/airflow/example_dags/example_params_trigger_ui.py
[2025-04-22T01:17:39.569+0000] {processor.py:925} INFO - DAG(s) 'example_params_trigger_ui' retrieved from /home/airflow/.local/lib/python3.12/site-packages/airflow/example_dags/example_params_trigger_ui.py
[2025-04-22T01:17:39.605+0000] {logging_mixin.py:190} INFO - [2025-04-22T01:17:39.604+0000] {dag.py:3239} INFO - Sync 1 DAGs
[2025-04-22T01:17:39.619+0000] {logging_mixin.py:190} INFO - [2025-04-22T01:17:39.619+0000] {dag.py:4180} INFO - Setting next_dagrun for example_params_trigger_ui to None, run_after=None
[2025-04-22T01:17:39.641+0000] {processor.py:208} INFO - Processing /home/airflow/.local/lib/python3.12/site-packages/airflow/example_dags/example_params_trigger_ui.py took 0.089 seconds
[2025-04-22T01:18:10.634+0000] {processor.py:186} INFO - Started process (PID=927) to work on /home/airflow/.local/lib/python3.12/site-packages/airflow/example_dags/example_params_trigger_ui.py
[2025-04-22T01:18:10.635+0000] {processor.py:914} INFO - Processing file /home/airflow/.local/lib/python3.12/site-packages/airflow/example_dags/example_params_trigger_ui.py for tasks to queue
[2025-04-22T01:18:10.638+0000] {logging_mixin.py:190} INFO - [2025-04-22T01:18:10.638+0000] {dagbag.py:588} INFO - Filling up the DagBag from /home/airflow/.local/lib/python3.12/site-packages/airflow/example_dags/example_params_trigger_ui.py
[2025-04-22T01:18:10.652+0000] {processor.py:925} INFO - DAG(s) 'example_params_trigger_ui' retrieved from /home/airflow/.local/lib/python3.12/site-packages/airflow/example_dags/example_params_trigger_ui.py
[2025-04-22T01:18:10.700+0000] {logging_mixin.py:190} INFO - [2025-04-22T01:18:10.699+0000] {dag.py:3239} INFO - Sync 1 DAGs
[2025-04-22T01:18:10.718+0000] {logging_mixin.py:190} INFO - [2025-04-22T01:18:10.718+0000] {dag.py:4180} INFO - Setting next_dagrun for example_params_trigger_ui to None, run_after=None
[2025-04-22T01:18:10.749+0000] {processor.py:208} INFO - Processing /home/airflow/.local/lib/python3.12/site-packages/airflow/example_dags/example_params_trigger_ui.py took 0.120 seconds
