[2025-04-22T01:11:11.348+0000] {processor.py:186} INFO - Started process (PID=87) to work on /home/airflow/.local/lib/python3.12/site-packages/airflow/example_dags/example_workday_timetable.py
[2025-04-22T01:11:11.349+0000] {processor.py:914} INFO - Processing file /home/airflow/.local/lib/python3.12/site-packages/airflow/example_dags/example_workday_timetable.py for tasks to queue
[2025-04-22T01:11:11.352+0000] {logging_mixin.py:190} INFO - [2025-04-22T01:11:11.352+0000] {dagbag.py:588} INFO - Filling up the DagBag from /home/airflow/.local/lib/python3.12/site-packages/airflow/example_dags/example_workday_timetable.py
[2025-04-22T01:11:11.359+0000] {processor.py:925} INFO - DAG(s) 'example_workday_timetable' retrieved from /home/airflow/.local/lib/python3.12/site-packages/airflow/example_dags/example_workday_timetable.py
[2025-04-22T01:11:11.485+0000] {logging_mixin.py:190} INFO - [2025-04-22T01:11:11.483+0000] {override.py:1912} INFO - Created Permission View: can delete on DAG:example_workday_timetable
[2025-04-22T01:11:11.498+0000] {logging_mixin.py:190} INFO - [2025-04-22T01:11:11.498+0000] {override.py:1912} INFO - Created Permission View: can read on DAG:example_workday_timetable
[2025-04-22T01:11:11.507+0000] {logging_mixin.py:190} INFO - [2025-04-22T01:11:11.507+0000] {override.py:1912} INFO - Created Permission View: can edit on DAG:example_workday_timetable
[2025-04-22T01:11:11.517+0000] {logging_mixin.py:190} INFO - [2025-04-22T01:11:11.517+0000] {override.py:1912} INFO - Created Permission View: menu access on DAG Run:example_workday_timetable
[2025-04-22T01:11:11.525+0000] {logging_mixin.py:190} INFO - [2025-04-22T01:11:11.524+0000] {override.py:1912} INFO - Created Permission View: can delete on DAG Run:example_workday_timetable
[2025-04-22T01:11:11.533+0000] {logging_mixin.py:190} INFO - [2025-04-22T01:11:11.533+0000] {override.py:1912} INFO - Created Permission View: can read on DAG Run:example_workday_timetable
[2025-04-22T01:11:11.541+0000] {logging_mixin.py:190} INFO - [2025-04-22T01:11:11.541+0000] {override.py:1912} INFO - Created Permission View: can create on DAG Run:example_workday_timetable
[2025-04-22T01:11:11.542+0000] {logging_mixin.py:190} INFO - [2025-04-22T01:11:11.542+0000] {dag.py:3239} INFO - Sync 1 DAGs
[2025-04-22T01:11:11.555+0000] {logging_mixin.py:190} INFO - [2025-04-22T01:11:11.555+0000] {dag.py:3262} INFO - Creating ORM DAG for example_workday_timetable
[2025-04-22T01:11:11.620+0000] {logging_mixin.py:190} INFO - [2025-04-22T01:11:11.620+0000] {dag.py:4180} INFO - Setting next_dagrun for example_workday_timetable to 2021-01-04 00:00:00+00:00, run_after=2021-01-05 00:00:00+00:00
[2025-04-22T01:11:11.643+0000] {processor.py:208} INFO - Processing /home/airflow/.local/lib/python3.12/site-packages/airflow/example_dags/example_workday_timetable.py took 0.305 seconds
[2025-04-22T01:11:41.853+0000] {processor.py:186} INFO - Started process (PID=150) to work on /home/airflow/.local/lib/python3.12/site-packages/airflow/example_dags/example_workday_timetable.py
[2025-04-22T01:11:41.854+0000] {processor.py:914} INFO - Processing file /home/airflow/.local/lib/python3.12/site-packages/airflow/example_dags/example_workday_timetable.py for tasks to queue
[2025-04-22T01:11:41.856+0000] {logging_mixin.py:190} INFO - [2025-04-22T01:11:41.856+0000] {dagbag.py:588} INFO - Filling up the DagBag from /home/airflow/.local/lib/python3.12/site-packages/airflow/example_dags/example_workday_timetable.py
[2025-04-22T01:11:41.861+0000] {processor.py:925} INFO - DAG(s) 'example_workday_timetable' retrieved from /home/airflow/.local/lib/python3.12/site-packages/airflow/example_dags/example_workday_timetable.py
[2025-04-22T01:11:41.879+0000] {logging_mixin.py:190} INFO - [2025-04-22T01:11:41.879+0000] {dag.py:3239} INFO - Sync 1 DAGs
[2025-04-22T01:11:41.933+0000] {logging_mixin.py:190} INFO - [2025-04-22T01:11:41.933+0000] {dag.py:4180} INFO - Setting next_dagrun for example_workday_timetable to 2021-01-04 00:00:00+00:00, run_after=2021-01-05 00:00:00+00:00
[2025-04-22T01:11:41.952+0000] {processor.py:208} INFO - Processing /home/airflow/.local/lib/python3.12/site-packages/airflow/example_dags/example_workday_timetable.py took 0.104 seconds
[2025-04-22T01:12:11.999+0000] {processor.py:186} INFO - Started process (PID=213) to work on /home/airflow/.local/lib/python3.12/site-packages/airflow/example_dags/example_workday_timetable.py
[2025-04-22T01:12:12.000+0000] {processor.py:914} INFO - Processing file /home/airflow/.local/lib/python3.12/site-packages/airflow/example_dags/example_workday_timetable.py for tasks to queue
[2025-04-22T01:12:12.002+0000] {logging_mixin.py:190} INFO - [2025-04-22T01:12:12.002+0000] {dagbag.py:588} INFO - Filling up the DagBag from /home/airflow/.local/lib/python3.12/site-packages/airflow/example_dags/example_workday_timetable.py
[2025-04-22T01:12:12.008+0000] {processor.py:925} INFO - DAG(s) 'example_workday_timetable' retrieved from /home/airflow/.local/lib/python3.12/site-packages/airflow/example_dags/example_workday_timetable.py
[2025-04-22T01:12:12.024+0000] {logging_mixin.py:190} INFO - [2025-04-22T01:12:12.024+0000] {dag.py:3239} INFO - Sync 1 DAGs
[2025-04-22T01:12:12.078+0000] {logging_mixin.py:190} INFO - [2025-04-22T01:12:12.078+0000] {dag.py:4180} INFO - Setting next_dagrun for example_workday_timetable to 2021-01-04 00:00:00+00:00, run_after=2021-01-05 00:00:00+00:00
[2025-04-22T01:12:12.094+0000] {processor.py:208} INFO - Processing /home/airflow/.local/lib/python3.12/site-packages/airflow/example_dags/example_workday_timetable.py took 0.099 seconds
[2025-04-22T01:12:42.159+0000] {processor.py:186} INFO - Started process (PID=275) to work on /home/airflow/.local/lib/python3.12/site-packages/airflow/example_dags/example_workday_timetable.py
[2025-04-22T01:12:42.160+0000] {processor.py:914} INFO - Processing file /home/airflow/.local/lib/python3.12/site-packages/airflow/example_dags/example_workday_timetable.py for tasks to queue
[2025-04-22T01:12:42.161+0000] {logging_mixin.py:190} INFO - [2025-04-22T01:12:42.161+0000] {dagbag.py:588} INFO - Filling up the DagBag from /home/airflow/.local/lib/python3.12/site-packages/airflow/example_dags/example_workday_timetable.py
[2025-04-22T01:12:42.166+0000] {processor.py:925} INFO - DAG(s) 'example_workday_timetable' retrieved from /home/airflow/.local/lib/python3.12/site-packages/airflow/example_dags/example_workday_timetable.py
[2025-04-22T01:12:42.182+0000] {logging_mixin.py:190} INFO - [2025-04-22T01:12:42.181+0000] {dag.py:3239} INFO - Sync 1 DAGs
[2025-04-22T01:12:42.234+0000] {logging_mixin.py:190} INFO - [2025-04-22T01:12:42.234+0000] {dag.py:4180} INFO - Setting next_dagrun for example_workday_timetable to 2021-01-04 00:00:00+00:00, run_after=2021-01-05 00:00:00+00:00
[2025-04-22T01:12:42.249+0000] {processor.py:208} INFO - Processing /home/airflow/.local/lib/python3.12/site-packages/airflow/example_dags/example_workday_timetable.py took 0.096 seconds
[2025-04-22T01:13:12.710+0000] {processor.py:186} INFO - Started process (PID=338) to work on /home/airflow/.local/lib/python3.12/site-packages/airflow/example_dags/example_workday_timetable.py
[2025-04-22T01:13:12.711+0000] {processor.py:914} INFO - Processing file /home/airflow/.local/lib/python3.12/site-packages/airflow/example_dags/example_workday_timetable.py for tasks to queue
[2025-04-22T01:13:12.713+0000] {logging_mixin.py:190} INFO - [2025-04-22T01:13:12.713+0000] {dagbag.py:588} INFO - Filling up the DagBag from /home/airflow/.local/lib/python3.12/site-packages/airflow/example_dags/example_workday_timetable.py
[2025-04-22T01:13:12.719+0000] {processor.py:925} INFO - DAG(s) 'example_workday_timetable' retrieved from /home/airflow/.local/lib/python3.12/site-packages/airflow/example_dags/example_workday_timetable.py
[2025-04-22T01:13:12.738+0000] {logging_mixin.py:190} INFO - [2025-04-22T01:13:12.738+0000] {dag.py:3239} INFO - Sync 1 DAGs
[2025-04-22T01:13:12.791+0000] {logging_mixin.py:190} INFO - [2025-04-22T01:13:12.791+0000] {dag.py:4180} INFO - Setting next_dagrun for example_workday_timetable to 2021-01-04 00:00:00+00:00, run_after=2021-01-05 00:00:00+00:00
[2025-04-22T01:13:12.808+0000] {processor.py:208} INFO - Processing /home/airflow/.local/lib/python3.12/site-packages/airflow/example_dags/example_workday_timetable.py took 0.103 seconds
[2025-04-22T01:13:44.168+0000] {processor.py:186} INFO - Started process (PID=401) to work on /home/airflow/.local/lib/python3.12/site-packages/airflow/example_dags/example_workday_timetable.py
[2025-04-22T01:13:44.169+0000] {processor.py:914} INFO - Processing file /home/airflow/.local/lib/python3.12/site-packages/airflow/example_dags/example_workday_timetable.py for tasks to queue
[2025-04-22T01:13:44.172+0000] {logging_mixin.py:190} INFO - [2025-04-22T01:13:44.171+0000] {dagbag.py:588} INFO - Filling up the DagBag from /home/airflow/.local/lib/python3.12/site-packages/airflow/example_dags/example_workday_timetable.py
[2025-04-22T01:13:44.178+0000] {processor.py:925} INFO - DAG(s) 'example_workday_timetable' retrieved from /home/airflow/.local/lib/python3.12/site-packages/airflow/example_dags/example_workday_timetable.py
[2025-04-22T01:13:44.197+0000] {logging_mixin.py:190} INFO - [2025-04-22T01:13:44.197+0000] {dag.py:3239} INFO - Sync 1 DAGs
[2025-04-22T01:13:44.258+0000] {logging_mixin.py:190} INFO - [2025-04-22T01:13:44.257+0000] {dag.py:4180} INFO - Setting next_dagrun for example_workday_timetable to 2021-01-04 00:00:00+00:00, run_after=2021-01-05 00:00:00+00:00
[2025-04-22T01:13:44.275+0000] {processor.py:208} INFO - Processing /home/airflow/.local/lib/python3.12/site-packages/airflow/example_dags/example_workday_timetable.py took 0.112 seconds
[2025-04-22T01:14:15.441+0000] {processor.py:186} INFO - Started process (PID=464) to work on /home/airflow/.local/lib/python3.12/site-packages/airflow/example_dags/example_workday_timetable.py
[2025-04-22T01:14:15.441+0000] {processor.py:914} INFO - Processing file /home/airflow/.local/lib/python3.12/site-packages/airflow/example_dags/example_workday_timetable.py for tasks to queue
[2025-04-22T01:14:15.443+0000] {logging_mixin.py:190} INFO - [2025-04-22T01:14:15.443+0000] {dagbag.py:588} INFO - Filling up the DagBag from /home/airflow/.local/lib/python3.12/site-packages/airflow/example_dags/example_workday_timetable.py
[2025-04-22T01:14:15.449+0000] {processor.py:925} INFO - DAG(s) 'example_workday_timetable' retrieved from /home/airflow/.local/lib/python3.12/site-packages/airflow/example_dags/example_workday_timetable.py
[2025-04-22T01:14:15.468+0000] {logging_mixin.py:190} INFO - [2025-04-22T01:14:15.468+0000] {dag.py:3239} INFO - Sync 1 DAGs
[2025-04-22T01:14:15.521+0000] {logging_mixin.py:190} INFO - [2025-04-22T01:14:15.521+0000] {dag.py:4180} INFO - Setting next_dagrun for example_workday_timetable to 2021-01-04 00:00:00+00:00, run_after=2021-01-05 00:00:00+00:00
[2025-04-22T01:14:15.539+0000] {processor.py:208} INFO - Processing /home/airflow/.local/lib/python3.12/site-packages/airflow/example_dags/example_workday_timetable.py took 0.103 seconds
[2025-04-22T01:14:47.620+0000] {processor.py:186} INFO - Started process (PID=528) to work on /home/airflow/.local/lib/python3.12/site-packages/airflow/example_dags/example_workday_timetable.py
[2025-04-22T01:14:47.621+0000] {processor.py:914} INFO - Processing file /home/airflow/.local/lib/python3.12/site-packages/airflow/example_dags/example_workday_timetable.py for tasks to queue
[2025-04-22T01:14:47.623+0000] {logging_mixin.py:190} INFO - [2025-04-22T01:14:47.622+0000] {dagbag.py:588} INFO - Filling up the DagBag from /home/airflow/.local/lib/python3.12/site-packages/airflow/example_dags/example_workday_timetable.py
[2025-04-22T01:14:47.628+0000] {processor.py:925} INFO - DAG(s) 'example_workday_timetable' retrieved from /home/airflow/.local/lib/python3.12/site-packages/airflow/example_dags/example_workday_timetable.py
[2025-04-22T01:14:47.647+0000] {logging_mixin.py:190} INFO - [2025-04-22T01:14:47.647+0000] {dag.py:3239} INFO - Sync 1 DAGs
[2025-04-22T01:14:47.704+0000] {logging_mixin.py:190} INFO - [2025-04-22T01:14:47.704+0000] {dag.py:4180} INFO - Setting next_dagrun for example_workday_timetable to 2021-01-04 00:00:00+00:00, run_after=2021-01-05 00:00:00+00:00
[2025-04-22T01:14:47.723+0000] {processor.py:208} INFO - Processing /home/airflow/.local/lib/python3.12/site-packages/airflow/example_dags/example_workday_timetable.py took 0.109 seconds
[2025-04-22T01:15:18.120+0000] {processor.py:186} INFO - Started process (PID=590) to work on /home/airflow/.local/lib/python3.12/site-packages/airflow/example_dags/example_workday_timetable.py
[2025-04-22T01:15:18.121+0000] {processor.py:914} INFO - Processing file /home/airflow/.local/lib/python3.12/site-packages/airflow/example_dags/example_workday_timetable.py for tasks to queue
[2025-04-22T01:15:18.122+0000] {logging_mixin.py:190} INFO - [2025-04-22T01:15:18.122+0000] {dagbag.py:588} INFO - Filling up the DagBag from /home/airflow/.local/lib/python3.12/site-packages/airflow/example_dags/example_workday_timetable.py
[2025-04-22T01:15:18.128+0000] {processor.py:925} INFO - DAG(s) 'example_workday_timetable' retrieved from /home/airflow/.local/lib/python3.12/site-packages/airflow/example_dags/example_workday_timetable.py
[2025-04-22T01:15:18.145+0000] {logging_mixin.py:190} INFO - [2025-04-22T01:15:18.145+0000] {dag.py:3239} INFO - Sync 1 DAGs
[2025-04-22T01:15:18.199+0000] {logging_mixin.py:190} INFO - [2025-04-22T01:15:18.199+0000] {dag.py:4180} INFO - Setting next_dagrun for example_workday_timetable to 2021-01-04 00:00:00+00:00, run_after=2021-01-05 00:00:00+00:00
[2025-04-22T01:15:18.216+0000] {processor.py:208} INFO - Processing /home/airflow/.local/lib/python3.12/site-packages/airflow/example_dags/example_workday_timetable.py took 0.101 seconds
[2025-04-22T01:15:50.160+0000] {processor.py:186} INFO - Started process (PID=654) to work on /home/airflow/.local/lib/python3.12/site-packages/airflow/example_dags/example_workday_timetable.py
[2025-04-22T01:15:50.161+0000] {processor.py:914} INFO - Processing file /home/airflow/.local/lib/python3.12/site-packages/airflow/example_dags/example_workday_timetable.py for tasks to queue
[2025-04-22T01:15:50.162+0000] {logging_mixin.py:190} INFO - [2025-04-22T01:15:50.162+0000] {dagbag.py:588} INFO - Filling up the DagBag from /home/airflow/.local/lib/python3.12/site-packages/airflow/example_dags/example_workday_timetable.py
[2025-04-22T01:15:50.168+0000] {processor.py:925} INFO - DAG(s) 'example_workday_timetable' retrieved from /home/airflow/.local/lib/python3.12/site-packages/airflow/example_dags/example_workday_timetable.py
[2025-04-22T01:15:50.185+0000] {logging_mixin.py:190} INFO - [2025-04-22T01:15:50.185+0000] {dag.py:3239} INFO - Sync 1 DAGs
[2025-04-22T01:15:50.243+0000] {logging_mixin.py:190} INFO - [2025-04-22T01:15:50.243+0000] {dag.py:4180} INFO - Setting next_dagrun for example_workday_timetable to 2021-01-04 00:00:00+00:00, run_after=2021-01-05 00:00:00+00:00
[2025-04-22T01:15:50.259+0000] {processor.py:208} INFO - Processing /home/airflow/.local/lib/python3.12/site-packages/airflow/example_dags/example_workday_timetable.py took 0.105 seconds
[2025-04-22T01:16:20.534+0000] {processor.py:186} INFO - Started process (PID=716) to work on /home/airflow/.local/lib/python3.12/site-packages/airflow/example_dags/example_workday_timetable.py
[2025-04-22T01:16:20.535+0000] {processor.py:914} INFO - Processing file /home/airflow/.local/lib/python3.12/site-packages/airflow/example_dags/example_workday_timetable.py for tasks to queue
[2025-04-22T01:16:20.537+0000] {logging_mixin.py:190} INFO - [2025-04-22T01:16:20.537+0000] {dagbag.py:588} INFO - Filling up the DagBag from /home/airflow/.local/lib/python3.12/site-packages/airflow/example_dags/example_workday_timetable.py
[2025-04-22T01:16:20.543+0000] {processor.py:925} INFO - DAG(s) 'example_workday_timetable' retrieved from /home/airflow/.local/lib/python3.12/site-packages/airflow/example_dags/example_workday_timetable.py
[2025-04-22T01:16:20.560+0000] {logging_mixin.py:190} INFO - [2025-04-22T01:16:20.560+0000] {dag.py:3239} INFO - Sync 1 DAGs
[2025-04-22T01:16:20.613+0000] {logging_mixin.py:190} INFO - [2025-04-22T01:16:20.612+0000] {dag.py:4180} INFO - Setting next_dagrun for example_workday_timetable to 2021-01-04 00:00:00+00:00, run_after=2021-01-05 00:00:00+00:00
[2025-04-22T01:16:20.630+0000] {processor.py:208} INFO - Processing /home/airflow/.local/lib/python3.12/site-packages/airflow/example_dags/example_workday_timetable.py took 0.101 seconds
[2025-04-22T01:16:52.400+0000] {processor.py:186} INFO - Started process (PID=780) to work on /home/airflow/.local/lib/python3.12/site-packages/airflow/example_dags/example_workday_timetable.py
[2025-04-22T01:16:52.401+0000] {processor.py:914} INFO - Processing file /home/airflow/.local/lib/python3.12/site-packages/airflow/example_dags/example_workday_timetable.py for tasks to queue
[2025-04-22T01:16:52.402+0000] {logging_mixin.py:190} INFO - [2025-04-22T01:16:52.402+0000] {dagbag.py:588} INFO - Filling up the DagBag from /home/airflow/.local/lib/python3.12/site-packages/airflow/example_dags/example_workday_timetable.py
[2025-04-22T01:16:52.407+0000] {processor.py:925} INFO - DAG(s) 'example_workday_timetable' retrieved from /home/airflow/.local/lib/python3.12/site-packages/airflow/example_dags/example_workday_timetable.py
[2025-04-22T01:16:52.427+0000] {logging_mixin.py:190} INFO - [2025-04-22T01:16:52.427+0000] {dag.py:3239} INFO - Sync 1 DAGs
[2025-04-22T01:16:52.484+0000] {logging_mixin.py:190} INFO - [2025-04-22T01:16:52.484+0000] {dag.py:4180} INFO - Setting next_dagrun for example_workday_timetable to 2021-01-04 00:00:00+00:00, run_after=2021-01-05 00:00:00+00:00
[2025-04-22T01:16:52.503+0000] {processor.py:208} INFO - Processing /home/airflow/.local/lib/python3.12/site-packages/airflow/example_dags/example_workday_timetable.py took 0.108 seconds
[2025-04-22T01:17:24.167+0000] {processor.py:186} INFO - Started process (PID=843) to work on /home/airflow/.local/lib/python3.12/site-packages/airflow/example_dags/example_workday_timetable.py
[2025-04-22T01:17:24.169+0000] {processor.py:914} INFO - Processing file /home/airflow/.local/lib/python3.12/site-packages/airflow/example_dags/example_workday_timetable.py for tasks to queue
[2025-04-22T01:17:24.171+0000] {logging_mixin.py:190} INFO - [2025-04-22T01:17:24.170+0000] {dagbag.py:588} INFO - Filling up the DagBag from /home/airflow/.local/lib/python3.12/site-packages/airflow/example_dags/example_workday_timetable.py
[2025-04-22T01:17:24.176+0000] {processor.py:925} INFO - DAG(s) 'example_workday_timetable' retrieved from /home/airflow/.local/lib/python3.12/site-packages/airflow/example_dags/example_workday_timetable.py
[2025-04-22T01:17:24.193+0000] {logging_mixin.py:190} INFO - [2025-04-22T01:17:24.193+0000] {dag.py:3239} INFO - Sync 1 DAGs
[2025-04-22T01:17:24.250+0000] {logging_mixin.py:190} INFO - [2025-04-22T01:17:24.250+0000] {dag.py:4180} INFO - Setting next_dagrun for example_workday_timetable to 2021-01-04 00:00:00+00:00, run_after=2021-01-05 00:00:00+00:00
[2025-04-22T01:17:24.267+0000] {processor.py:208} INFO - Processing /home/airflow/.local/lib/python3.12/site-packages/airflow/example_dags/example_workday_timetable.py took 0.105 seconds
[2025-04-22T01:17:55.265+0000] {processor.py:186} INFO - Started process (PID=906) to work on /home/airflow/.local/lib/python3.12/site-packages/airflow/example_dags/example_workday_timetable.py
[2025-04-22T01:17:55.266+0000] {processor.py:914} INFO - Processing file /home/airflow/.local/lib/python3.12/site-packages/airflow/example_dags/example_workday_timetable.py for tasks to queue
[2025-04-22T01:17:55.269+0000] {logging_mixin.py:190} INFO - [2025-04-22T01:17:55.268+0000] {dagbag.py:588} INFO - Filling up the DagBag from /home/airflow/.local/lib/python3.12/site-packages/airflow/example_dags/example_workday_timetable.py
[2025-04-22T01:17:55.274+0000] {processor.py:925} INFO - DAG(s) 'example_workday_timetable' retrieved from /home/airflow/.local/lib/python3.12/site-packages/airflow/example_dags/example_workday_timetable.py
[2025-04-22T01:17:55.293+0000] {logging_mixin.py:190} INFO - [2025-04-22T01:17:55.293+0000] {dag.py:3239} INFO - Sync 1 DAGs
[2025-04-22T01:17:55.356+0000] {logging_mixin.py:190} INFO - [2025-04-22T01:17:55.356+0000] {dag.py:4180} INFO - Setting next_dagrun for example_workday_timetable to 2021-01-04 00:00:00+00:00, run_after=2021-01-05 00:00:00+00:00
[2025-04-22T01:17:55.378+0000] {processor.py:208} INFO - Processing /home/airflow/.local/lib/python3.12/site-packages/airflow/example_dags/example_workday_timetable.py took 0.118 seconds
[2025-04-22T01:18:26.582+0000] {processor.py:186} INFO - Started process (PID=969) to work on /home/airflow/.local/lib/python3.12/site-packages/airflow/example_dags/example_workday_timetable.py
[2025-04-22T01:18:26.583+0000] {processor.py:914} INFO - Processing file /home/airflow/.local/lib/python3.12/site-packages/airflow/example_dags/example_workday_timetable.py for tasks to queue
[2025-04-22T01:18:26.585+0000] {logging_mixin.py:190} INFO - [2025-04-22T01:18:26.585+0000] {dagbag.py:588} INFO - Filling up the DagBag from /home/airflow/.local/lib/python3.12/site-packages/airflow/example_dags/example_workday_timetable.py
[2025-04-22T01:18:26.591+0000] {processor.py:925} INFO - DAG(s) 'example_workday_timetable' retrieved from /home/airflow/.local/lib/python3.12/site-packages/airflow/example_dags/example_workday_timetable.py
[2025-04-22T01:18:26.611+0000] {logging_mixin.py:190} INFO - [2025-04-22T01:18:26.611+0000] {dag.py:3239} INFO - Sync 1 DAGs
[2025-04-22T01:18:26.675+0000] {logging_mixin.py:190} INFO - [2025-04-22T01:18:26.675+0000] {dag.py:4180} INFO - Setting next_dagrun for example_workday_timetable to 2021-01-04 00:00:00+00:00, run_after=2021-01-05 00:00:00+00:00
[2025-04-22T01:18:26.698+0000] {processor.py:208} INFO - Processing /home/airflow/.local/lib/python3.12/site-packages/airflow/example_dags/example_workday_timetable.py took 0.121 seconds
