[2025-04-22T01:11:09.488+0000] {processor.py:186} INFO - Started process (PID=71) to work on /home/airflow/.local/lib/python3.12/site-packages/airflow/example_dags/example_dataset_alias_with_no_taskflow.py
[2025-04-22T01:11:09.489+0000] {processor.py:914} INFO - Processing file /home/airflow/.local/lib/python3.12/site-packages/airflow/example_dags/example_dataset_alias_with_no_taskflow.py for tasks to queue
[2025-04-22T01:11:09.492+0000] {logging_mixin.py:190} INFO - [2025-04-22T01:11:09.491+0000] {dagbag.py:588} INFO - Filling up the DagBag from /home/airflow/.local/lib/python3.12/site-packages/airflow/example_dags/example_dataset_alias_with_no_taskflow.py
[2025-04-22T01:11:10.248+0000] {processor.py:925} INFO - DAG(s) 'dataset_s3_bucket_producer_with_no_taskflow', 'dataset_alias_example_alias_producer_with_no_taskflow', 'dataset_alias_example_alias_consumer_with_no_taskflow', 'dataset_s3_bucket_consumer_with_no_taskflow' retrieved from /home/airflow/.local/lib/python3.12/site-packages/airflow/example_dags/example_dataset_alias_with_no_taskflow.py
[2025-04-22T01:11:10.359+0000] {logging_mixin.py:190} INFO - [2025-04-22T01:11:10.358+0000] {override.py:1912} INFO - Created Permission View: can delete on DAG:dataset_s3_bucket_producer_with_no_taskflow
[2025-04-22T01:11:10.373+0000] {logging_mixin.py:190} INFO - [2025-04-22T01:11:10.373+0000] {override.py:1912} INFO - Created Permission View: can read on DAG:dataset_s3_bucket_producer_with_no_taskflow
[2025-04-22T01:11:10.387+0000] {logging_mixin.py:190} INFO - [2025-04-22T01:11:10.387+0000] {override.py:1912} INFO - Created Permission View: can edit on DAG:dataset_s3_bucket_producer_with_no_taskflow
[2025-04-22T01:11:10.397+0000] {logging_mixin.py:190} INFO - [2025-04-22T01:11:10.397+0000] {override.py:1912} INFO - Created Permission View: menu access on DAG Run:dataset_s3_bucket_producer_with_no_taskflow
[2025-04-22T01:11:10.408+0000] {logging_mixin.py:190} INFO - [2025-04-22T01:11:10.407+0000] {override.py:1912} INFO - Created Permission View: can delete on DAG Run:dataset_s3_bucket_producer_with_no_taskflow
[2025-04-22T01:11:10.418+0000] {logging_mixin.py:190} INFO - [2025-04-22T01:11:10.417+0000] {override.py:1912} INFO - Created Permission View: can read on DAG Run:dataset_s3_bucket_producer_with_no_taskflow
[2025-04-22T01:11:10.429+0000] {logging_mixin.py:190} INFO - [2025-04-22T01:11:10.428+0000] {override.py:1912} INFO - Created Permission View: can create on DAG Run:dataset_s3_bucket_producer_with_no_taskflow
[2025-04-22T01:11:10.452+0000] {logging_mixin.py:190} INFO - [2025-04-22T01:11:10.452+0000] {override.py:1912} INFO - Created Permission View: can delete on DAG:dataset_alias_example_alias_producer_with_no_taskflow
[2025-04-22T01:11:10.461+0000] {logging_mixin.py:190} INFO - [2025-04-22T01:11:10.461+0000] {override.py:1912} INFO - Created Permission View: can read on DAG:dataset_alias_example_alias_producer_with_no_taskflow
[2025-04-22T01:11:10.471+0000] {logging_mixin.py:190} INFO - [2025-04-22T01:11:10.470+0000] {override.py:1912} INFO - Created Permission View: can edit on DAG:dataset_alias_example_alias_producer_with_no_taskflow
[2025-04-22T01:11:10.481+0000] {logging_mixin.py:190} INFO - [2025-04-22T01:11:10.480+0000] {override.py:1912} INFO - Created Permission View: menu access on DAG Run:dataset_alias_example_alias_producer_with_no_taskflow
[2025-04-22T01:11:10.491+0000] {logging_mixin.py:190} INFO - [2025-04-22T01:11:10.490+0000] {override.py:1912} INFO - Created Permission View: can delete on DAG Run:dataset_alias_example_alias_producer_with_no_taskflow
[2025-04-22T01:11:10.502+0000] {logging_mixin.py:190} INFO - [2025-04-22T01:11:10.502+0000] {override.py:1912} INFO - Created Permission View: can read on DAG Run:dataset_alias_example_alias_producer_with_no_taskflow
[2025-04-22T01:11:10.514+0000] {logging_mixin.py:190} INFO - [2025-04-22T01:11:10.513+0000] {override.py:1912} INFO - Created Permission View: can create on DAG Run:dataset_alias_example_alias_producer_with_no_taskflow
[2025-04-22T01:11:10.532+0000] {logging_mixin.py:190} INFO - [2025-04-22T01:11:10.531+0000] {override.py:1912} INFO - Created Permission View: can delete on DAG:dataset_alias_example_alias_consumer_with_no_taskflow
[2025-04-22T01:11:10.542+0000] {logging_mixin.py:190} INFO - [2025-04-22T01:11:10.542+0000] {override.py:1912} INFO - Created Permission View: can read on DAG:dataset_alias_example_alias_consumer_with_no_taskflow
[2025-04-22T01:11:10.550+0000] {logging_mixin.py:190} INFO - [2025-04-22T01:11:10.550+0000] {override.py:1912} INFO - Created Permission View: can edit on DAG:dataset_alias_example_alias_consumer_with_no_taskflow
[2025-04-22T01:11:10.561+0000] {logging_mixin.py:190} INFO - [2025-04-22T01:11:10.560+0000] {override.py:1912} INFO - Created Permission View: menu access on DAG Run:dataset_alias_example_alias_consumer_with_no_taskflow
[2025-04-22T01:11:10.571+0000] {logging_mixin.py:190} INFO - [2025-04-22T01:11:10.571+0000] {override.py:1912} INFO - Created Permission View: can delete on DAG Run:dataset_alias_example_alias_consumer_with_no_taskflow
[2025-04-22T01:11:10.580+0000] {logging_mixin.py:190} INFO - [2025-04-22T01:11:10.580+0000] {override.py:1912} INFO - Created Permission View: can read on DAG Run:dataset_alias_example_alias_consumer_with_no_taskflow
[2025-04-22T01:11:10.592+0000] {logging_mixin.py:190} INFO - [2025-04-22T01:11:10.592+0000] {override.py:1912} INFO - Created Permission View: can create on DAG Run:dataset_alias_example_alias_consumer_with_no_taskflow
[2025-04-22T01:11:10.608+0000] {logging_mixin.py:190} INFO - [2025-04-22T01:11:10.608+0000] {override.py:1912} INFO - Created Permission View: can delete on DAG:dataset_s3_bucket_consumer_with_no_taskflow
[2025-04-22T01:11:10.617+0000] {logging_mixin.py:190} INFO - [2025-04-22T01:11:10.617+0000] {override.py:1912} INFO - Created Permission View: can read on DAG:dataset_s3_bucket_consumer_with_no_taskflow
[2025-04-22T01:11:10.626+0000] {logging_mixin.py:190} INFO - [2025-04-22T01:11:10.625+0000] {override.py:1912} INFO - Created Permission View: can edit on DAG:dataset_s3_bucket_consumer_with_no_taskflow
[2025-04-22T01:11:10.633+0000] {logging_mixin.py:190} INFO - [2025-04-22T01:11:10.633+0000] {override.py:1912} INFO - Created Permission View: menu access on DAG Run:dataset_s3_bucket_consumer_with_no_taskflow
[2025-04-22T01:11:10.640+0000] {logging_mixin.py:190} INFO - [2025-04-22T01:11:10.640+0000] {override.py:1912} INFO - Created Permission View: can delete on DAG Run:dataset_s3_bucket_consumer_with_no_taskflow
[2025-04-22T01:11:10.648+0000] {logging_mixin.py:190} INFO - [2025-04-22T01:11:10.648+0000] {override.py:1912} INFO - Created Permission View: can read on DAG Run:dataset_s3_bucket_consumer_with_no_taskflow
[2025-04-22T01:11:10.656+0000] {logging_mixin.py:190} INFO - [2025-04-22T01:11:10.656+0000] {override.py:1912} INFO - Created Permission View: can create on DAG Run:dataset_s3_bucket_consumer_with_no_taskflow
[2025-04-22T01:11:10.657+0000] {logging_mixin.py:190} INFO - [2025-04-22T01:11:10.657+0000] {dag.py:3239} INFO - Sync 4 DAGs
[2025-04-22T01:11:10.672+0000] {logging_mixin.py:190} INFO - [2025-04-22T01:11:10.672+0000] {dag.py:3262} INFO - Creating ORM DAG for dataset_alias_example_alias_consumer_with_no_taskflow
[2025-04-22T01:11:10.673+0000] {logging_mixin.py:190} INFO - [2025-04-22T01:11:10.673+0000] {dag.py:3262} INFO - Creating ORM DAG for dataset_s3_bucket_producer_with_no_taskflow
[2025-04-22T01:11:10.674+0000] {logging_mixin.py:190} INFO - [2025-04-22T01:11:10.674+0000] {dag.py:3262} INFO - Creating ORM DAG for dataset_alias_example_alias_producer_with_no_taskflow
[2025-04-22T01:11:10.675+0000] {logging_mixin.py:190} INFO - [2025-04-22T01:11:10.675+0000] {dag.py:3262} INFO - Creating ORM DAG for dataset_s3_bucket_consumer_with_no_taskflow
[2025-04-22T01:11:10.685+0000] {logging_mixin.py:190} INFO - [2025-04-22T01:11:10.685+0000] {dag.py:4180} INFO - Setting next_dagrun for dataset_alias_example_alias_consumer_with_no_taskflow to None, run_after=None
[2025-04-22T01:11:10.686+0000] {logging_mixin.py:190} INFO - [2025-04-22T01:11:10.686+0000] {dag.py:4180} INFO - Setting next_dagrun for dataset_alias_example_alias_producer_with_no_taskflow to None, run_after=None
[2025-04-22T01:11:10.687+0000] {logging_mixin.py:190} INFO - [2025-04-22T01:11:10.687+0000] {dag.py:4180} INFO - Setting next_dagrun for dataset_s3_bucket_consumer_with_no_taskflow to None, run_after=None
[2025-04-22T01:11:10.688+0000] {logging_mixin.py:190} INFO - [2025-04-22T01:11:10.688+0000] {dag.py:4180} INFO - Setting next_dagrun for dataset_s3_bucket_producer_with_no_taskflow to None, run_after=None
[2025-04-22T01:11:10.720+0000] {processor.py:208} INFO - Processing /home/airflow/.local/lib/python3.12/site-packages/airflow/example_dags/example_dataset_alias_with_no_taskflow.py took 1.237 seconds
[2025-04-22T01:11:41.196+0000] {processor.py:186} INFO - Started process (PID=142) to work on /home/airflow/.local/lib/python3.12/site-packages/airflow/example_dags/example_dataset_alias_with_no_taskflow.py
[2025-04-22T01:11:41.196+0000] {processor.py:914} INFO - Processing file /home/airflow/.local/lib/python3.12/site-packages/airflow/example_dags/example_dataset_alias_with_no_taskflow.py for tasks to queue
[2025-04-22T01:11:41.198+0000] {logging_mixin.py:190} INFO - [2025-04-22T01:11:41.198+0000] {dagbag.py:588} INFO - Filling up the DagBag from /home/airflow/.local/lib/python3.12/site-packages/airflow/example_dags/example_dataset_alias_with_no_taskflow.py
[2025-04-22T01:11:41.740+0000] {processor.py:925} INFO - DAG(s) 'dataset_alias_example_alias_producer_with_no_taskflow', 'dataset_s3_bucket_producer_with_no_taskflow', 'dataset_s3_bucket_consumer_with_no_taskflow', 'dataset_alias_example_alias_consumer_with_no_taskflow' retrieved from /home/airflow/.local/lib/python3.12/site-packages/airflow/example_dags/example_dataset_alias_with_no_taskflow.py
[2025-04-22T01:11:41.761+0000] {logging_mixin.py:190} INFO - [2025-04-22T01:11:41.760+0000] {dag.py:3239} INFO - Sync 4 DAGs
[2025-04-22T01:11:41.786+0000] {logging_mixin.py:190} INFO - [2025-04-22T01:11:41.785+0000] {dag.py:4180} INFO - Setting next_dagrun for dataset_alias_example_alias_consumer_with_no_taskflow to None, run_after=None
[2025-04-22T01:11:41.789+0000] {logging_mixin.py:190} INFO - [2025-04-22T01:11:41.789+0000] {dag.py:4180} INFO - Setting next_dagrun for dataset_alias_example_alias_producer_with_no_taskflow to None, run_after=None
[2025-04-22T01:11:41.792+0000] {logging_mixin.py:190} INFO - [2025-04-22T01:11:41.791+0000] {dag.py:4180} INFO - Setting next_dagrun for dataset_s3_bucket_consumer_with_no_taskflow to None, run_after=None
[2025-04-22T01:11:41.794+0000] {logging_mixin.py:190} INFO - [2025-04-22T01:11:41.793+0000] {dag.py:4180} INFO - Setting next_dagrun for dataset_s3_bucket_producer_with_no_taskflow to None, run_after=None
[2025-04-22T01:11:41.815+0000] {processor.py:208} INFO - Processing /home/airflow/.local/lib/python3.12/site-packages/airflow/example_dags/example_dataset_alias_with_no_taskflow.py took 0.625 seconds
[2025-04-22T01:12:11.898+0000] {processor.py:186} INFO - Started process (PID=211) to work on /home/airflow/.local/lib/python3.12/site-packages/airflow/example_dags/example_dataset_alias_with_no_taskflow.py
[2025-04-22T01:12:11.899+0000] {processor.py:914} INFO - Processing file /home/airflow/.local/lib/python3.12/site-packages/airflow/example_dags/example_dataset_alias_with_no_taskflow.py for tasks to queue
[2025-04-22T01:12:11.901+0000] {logging_mixin.py:190} INFO - [2025-04-22T01:12:11.901+0000] {dagbag.py:588} INFO - Filling up the DagBag from /home/airflow/.local/lib/python3.12/site-packages/airflow/example_dags/example_dataset_alias_with_no_taskflow.py
[2025-04-22T01:12:12.459+0000] {processor.py:925} INFO - DAG(s) 'dataset_s3_bucket_consumer_with_no_taskflow', 'dataset_alias_example_alias_producer_with_no_taskflow', 'dataset_s3_bucket_producer_with_no_taskflow', 'dataset_alias_example_alias_consumer_with_no_taskflow' retrieved from /home/airflow/.local/lib/python3.12/site-packages/airflow/example_dags/example_dataset_alias_with_no_taskflow.py
[2025-04-22T01:12:12.477+0000] {logging_mixin.py:190} INFO - [2025-04-22T01:12:12.476+0000] {dag.py:3239} INFO - Sync 4 DAGs
[2025-04-22T01:12:12.497+0000] {logging_mixin.py:190} INFO - [2025-04-22T01:12:12.497+0000] {dag.py:4180} INFO - Setting next_dagrun for dataset_alias_example_alias_consumer_with_no_taskflow to None, run_after=None
[2025-04-22T01:12:12.500+0000] {logging_mixin.py:190} INFO - [2025-04-22T01:12:12.499+0000] {dag.py:4180} INFO - Setting next_dagrun for dataset_alias_example_alias_producer_with_no_taskflow to None, run_after=None
[2025-04-22T01:12:12.501+0000] {logging_mixin.py:190} INFO - [2025-04-22T01:12:12.501+0000] {dag.py:4180} INFO - Setting next_dagrun for dataset_s3_bucket_consumer_with_no_taskflow to None, run_after=None
[2025-04-22T01:12:12.502+0000] {logging_mixin.py:190} INFO - [2025-04-22T01:12:12.502+0000] {dag.py:4180} INFO - Setting next_dagrun for dataset_s3_bucket_producer_with_no_taskflow to None, run_after=None
[2025-04-22T01:12:12.520+0000] {processor.py:208} INFO - Processing /home/airflow/.local/lib/python3.12/site-packages/airflow/example_dags/example_dataset_alias_with_no_taskflow.py took 0.627 seconds
[2025-04-22T01:12:43.291+0000] {processor.py:186} INFO - Started process (PID=277) to work on /home/airflow/.local/lib/python3.12/site-packages/airflow/example_dags/example_dataset_alias_with_no_taskflow.py
[2025-04-22T01:12:43.291+0000] {processor.py:914} INFO - Processing file /home/airflow/.local/lib/python3.12/site-packages/airflow/example_dags/example_dataset_alias_with_no_taskflow.py for tasks to queue
[2025-04-22T01:12:43.293+0000] {logging_mixin.py:190} INFO - [2025-04-22T01:12:43.293+0000] {dagbag.py:588} INFO - Filling up the DagBag from /home/airflow/.local/lib/python3.12/site-packages/airflow/example_dags/example_dataset_alias_with_no_taskflow.py
[2025-04-22T01:12:43.832+0000] {processor.py:925} INFO - DAG(s) 'dataset_s3_bucket_producer_with_no_taskflow', 'dataset_s3_bucket_consumer_with_no_taskflow', 'dataset_alias_example_alias_consumer_with_no_taskflow', 'dataset_alias_example_alias_producer_with_no_taskflow' retrieved from /home/airflow/.local/lib/python3.12/site-packages/airflow/example_dags/example_dataset_alias_with_no_taskflow.py
[2025-04-22T01:12:43.851+0000] {logging_mixin.py:190} INFO - [2025-04-22T01:12:43.851+0000] {dag.py:3239} INFO - Sync 4 DAGs
[2025-04-22T01:12:43.871+0000] {logging_mixin.py:190} INFO - [2025-04-22T01:12:43.871+0000] {dag.py:4180} INFO - Setting next_dagrun for dataset_alias_example_alias_consumer_with_no_taskflow to None, run_after=None
[2025-04-22T01:12:43.873+0000] {logging_mixin.py:190} INFO - [2025-04-22T01:12:43.873+0000] {dag.py:4180} INFO - Setting next_dagrun for dataset_alias_example_alias_producer_with_no_taskflow to None, run_after=None
[2025-04-22T01:12:43.875+0000] {logging_mixin.py:190} INFO - [2025-04-22T01:12:43.874+0000] {dag.py:4180} INFO - Setting next_dagrun for dataset_s3_bucket_consumer_with_no_taskflow to None, run_after=None
[2025-04-22T01:12:43.876+0000] {logging_mixin.py:190} INFO - [2025-04-22T01:12:43.875+0000] {dag.py:4180} INFO - Setting next_dagrun for dataset_s3_bucket_producer_with_no_taskflow to None, run_after=None
[2025-04-22T01:12:43.894+0000] {processor.py:208} INFO - Processing /home/airflow/.local/lib/python3.12/site-packages/airflow/example_dags/example_dataset_alias_with_no_taskflow.py took 0.608 seconds
[2025-04-22T01:13:14.008+0000] {processor.py:186} INFO - Started process (PID=344) to work on /home/airflow/.local/lib/python3.12/site-packages/airflow/example_dags/example_dataset_alias_with_no_taskflow.py
[2025-04-22T01:13:14.009+0000] {processor.py:914} INFO - Processing file /home/airflow/.local/lib/python3.12/site-packages/airflow/example_dags/example_dataset_alias_with_no_taskflow.py for tasks to queue
[2025-04-22T01:13:14.011+0000] {logging_mixin.py:190} INFO - [2025-04-22T01:13:14.011+0000] {dagbag.py:588} INFO - Filling up the DagBag from /home/airflow/.local/lib/python3.12/site-packages/airflow/example_dags/example_dataset_alias_with_no_taskflow.py
[2025-04-22T01:13:14.597+0000] {processor.py:925} INFO - DAG(s) 'dataset_s3_bucket_producer_with_no_taskflow', 'dataset_alias_example_alias_consumer_with_no_taskflow', 'dataset_s3_bucket_consumer_with_no_taskflow', 'dataset_alias_example_alias_producer_with_no_taskflow' retrieved from /home/airflow/.local/lib/python3.12/site-packages/airflow/example_dags/example_dataset_alias_with_no_taskflow.py
[2025-04-22T01:13:14.614+0000] {logging_mixin.py:190} INFO - [2025-04-22T01:13:14.613+0000] {dag.py:3239} INFO - Sync 4 DAGs
[2025-04-22T01:13:14.633+0000] {logging_mixin.py:190} INFO - [2025-04-22T01:13:14.633+0000] {dag.py:4180} INFO - Setting next_dagrun for dataset_alias_example_alias_consumer_with_no_taskflow to None, run_after=None
[2025-04-22T01:13:14.636+0000] {logging_mixin.py:190} INFO - [2025-04-22T01:13:14.636+0000] {dag.py:4180} INFO - Setting next_dagrun for dataset_alias_example_alias_producer_with_no_taskflow to None, run_after=None
[2025-04-22T01:13:14.637+0000] {logging_mixin.py:190} INFO - [2025-04-22T01:13:14.637+0000] {dag.py:4180} INFO - Setting next_dagrun for dataset_s3_bucket_consumer_with_no_taskflow to None, run_after=None
[2025-04-22T01:13:14.638+0000] {logging_mixin.py:190} INFO - [2025-04-22T01:13:14.638+0000] {dag.py:4180} INFO - Setting next_dagrun for dataset_s3_bucket_producer_with_no_taskflow to None, run_after=None
[2025-04-22T01:13:14.656+0000] {processor.py:208} INFO - Processing /home/airflow/.local/lib/python3.12/site-packages/airflow/example_dags/example_dataset_alias_with_no_taskflow.py took 0.653 seconds
[2025-04-22T01:13:44.940+0000] {processor.py:186} INFO - Started process (PID=412) to work on /home/airflow/.local/lib/python3.12/site-packages/airflow/example_dags/example_dataset_alias_with_no_taskflow.py
[2025-04-22T01:13:44.941+0000] {processor.py:914} INFO - Processing file /home/airflow/.local/lib/python3.12/site-packages/airflow/example_dags/example_dataset_alias_with_no_taskflow.py for tasks to queue
[2025-04-22T01:13:44.943+0000] {logging_mixin.py:190} INFO - [2025-04-22T01:13:44.943+0000] {dagbag.py:588} INFO - Filling up the DagBag from /home/airflow/.local/lib/python3.12/site-packages/airflow/example_dags/example_dataset_alias_with_no_taskflow.py
[2025-04-22T01:13:45.473+0000] {processor.py:925} INFO - DAG(s) 'dataset_s3_bucket_producer_with_no_taskflow', 'dataset_s3_bucket_consumer_with_no_taskflow', 'dataset_alias_example_alias_producer_with_no_taskflow', 'dataset_alias_example_alias_consumer_with_no_taskflow' retrieved from /home/airflow/.local/lib/python3.12/site-packages/airflow/example_dags/example_dataset_alias_with_no_taskflow.py
[2025-04-22T01:13:45.493+0000] {logging_mixin.py:190} INFO - [2025-04-22T01:13:45.492+0000] {dag.py:3239} INFO - Sync 4 DAGs
[2025-04-22T01:13:45.513+0000] {logging_mixin.py:190} INFO - [2025-04-22T01:13:45.513+0000] {dag.py:4180} INFO - Setting next_dagrun for dataset_alias_example_alias_consumer_with_no_taskflow to None, run_after=None
[2025-04-22T01:13:45.516+0000] {logging_mixin.py:190} INFO - [2025-04-22T01:13:45.515+0000] {dag.py:4180} INFO - Setting next_dagrun for dataset_alias_example_alias_producer_with_no_taskflow to None, run_after=None
[2025-04-22T01:13:45.517+0000] {logging_mixin.py:190} INFO - [2025-04-22T01:13:45.517+0000] {dag.py:4180} INFO - Setting next_dagrun for dataset_s3_bucket_consumer_with_no_taskflow to None, run_after=None
[2025-04-22T01:13:45.518+0000] {logging_mixin.py:190} INFO - [2025-04-22T01:13:45.518+0000] {dag.py:4180} INFO - Setting next_dagrun for dataset_s3_bucket_producer_with_no_taskflow to None, run_after=None
[2025-04-22T01:13:45.534+0000] {processor.py:208} INFO - Processing /home/airflow/.local/lib/python3.12/site-packages/airflow/example_dags/example_dataset_alias_with_no_taskflow.py took 0.599 seconds
[2025-04-22T01:14:16.013+0000] {processor.py:186} INFO - Started process (PID=475) to work on /home/airflow/.local/lib/python3.12/site-packages/airflow/example_dags/example_dataset_alias_with_no_taskflow.py
[2025-04-22T01:14:16.014+0000] {processor.py:914} INFO - Processing file /home/airflow/.local/lib/python3.12/site-packages/airflow/example_dags/example_dataset_alias_with_no_taskflow.py for tasks to queue
[2025-04-22T01:14:16.016+0000] {logging_mixin.py:190} INFO - [2025-04-22T01:14:16.016+0000] {dagbag.py:588} INFO - Filling up the DagBag from /home/airflow/.local/lib/python3.12/site-packages/airflow/example_dags/example_dataset_alias_with_no_taskflow.py
[2025-04-22T01:14:16.587+0000] {processor.py:925} INFO - DAG(s) 'dataset_s3_bucket_producer_with_no_taskflow', 'dataset_s3_bucket_consumer_with_no_taskflow', 'dataset_alias_example_alias_producer_with_no_taskflow', 'dataset_alias_example_alias_consumer_with_no_taskflow' retrieved from /home/airflow/.local/lib/python3.12/site-packages/airflow/example_dags/example_dataset_alias_with_no_taskflow.py
[2025-04-22T01:14:16.606+0000] {logging_mixin.py:190} INFO - [2025-04-22T01:14:16.605+0000] {dag.py:3239} INFO - Sync 4 DAGs
[2025-04-22T01:14:16.626+0000] {logging_mixin.py:190} INFO - [2025-04-22T01:14:16.625+0000] {dag.py:4180} INFO - Setting next_dagrun for dataset_alias_example_alias_consumer_with_no_taskflow to None, run_after=None
[2025-04-22T01:14:16.628+0000] {logging_mixin.py:190} INFO - [2025-04-22T01:14:16.628+0000] {dag.py:4180} INFO - Setting next_dagrun for dataset_alias_example_alias_producer_with_no_taskflow to None, run_after=None
[2025-04-22T01:14:16.629+0000] {logging_mixin.py:190} INFO - [2025-04-22T01:14:16.629+0000] {dag.py:4180} INFO - Setting next_dagrun for dataset_s3_bucket_consumer_with_no_taskflow to None, run_after=None
[2025-04-22T01:14:16.630+0000] {logging_mixin.py:190} INFO - [2025-04-22T01:14:16.630+0000] {dag.py:4180} INFO - Setting next_dagrun for dataset_s3_bucket_producer_with_no_taskflow to None, run_after=None
[2025-04-22T01:14:16.650+0000] {processor.py:208} INFO - Processing /home/airflow/.local/lib/python3.12/site-packages/airflow/example_dags/example_dataset_alias_with_no_taskflow.py took 0.642 seconds
[2025-04-22T01:14:47.515+0000] {processor.py:186} INFO - Started process (PID=526) to work on /home/airflow/.local/lib/python3.12/site-packages/airflow/example_dags/example_dataset_alias_with_no_taskflow.py
[2025-04-22T01:14:47.515+0000] {processor.py:914} INFO - Processing file /home/airflow/.local/lib/python3.12/site-packages/airflow/example_dags/example_dataset_alias_with_no_taskflow.py for tasks to queue
[2025-04-22T01:14:47.517+0000] {logging_mixin.py:190} INFO - [2025-04-22T01:14:47.517+0000] {dagbag.py:588} INFO - Filling up the DagBag from /home/airflow/.local/lib/python3.12/site-packages/airflow/example_dags/example_dataset_alias_with_no_taskflow.py
[2025-04-22T01:14:48.127+0000] {processor.py:925} INFO - DAG(s) 'dataset_s3_bucket_producer_with_no_taskflow', 'dataset_alias_example_alias_producer_with_no_taskflow', 'dataset_alias_example_alias_consumer_with_no_taskflow', 'dataset_s3_bucket_consumer_with_no_taskflow' retrieved from /home/airflow/.local/lib/python3.12/site-packages/airflow/example_dags/example_dataset_alias_with_no_taskflow.py
[2025-04-22T01:14:48.145+0000] {logging_mixin.py:190} INFO - [2025-04-22T01:14:48.144+0000] {dag.py:3239} INFO - Sync 4 DAGs
[2025-04-22T01:14:48.169+0000] {logging_mixin.py:190} INFO - [2025-04-22T01:14:48.169+0000] {dag.py:4180} INFO - Setting next_dagrun for dataset_alias_example_alias_consumer_with_no_taskflow to None, run_after=None
[2025-04-22T01:14:48.173+0000] {logging_mixin.py:190} INFO - [2025-04-22T01:14:48.172+0000] {dag.py:4180} INFO - Setting next_dagrun for dataset_alias_example_alias_producer_with_no_taskflow to None, run_after=None
[2025-04-22T01:14:48.175+0000] {logging_mixin.py:190} INFO - [2025-04-22T01:14:48.175+0000] {dag.py:4180} INFO - Setting next_dagrun for dataset_s3_bucket_consumer_with_no_taskflow to None, run_after=None
[2025-04-22T01:14:48.177+0000] {logging_mixin.py:190} INFO - [2025-04-22T01:14:48.177+0000] {dag.py:4180} INFO - Setting next_dagrun for dataset_s3_bucket_producer_with_no_taskflow to None, run_after=None
[2025-04-22T01:14:48.199+0000] {processor.py:208} INFO - Processing /home/airflow/.local/lib/python3.12/site-packages/airflow/example_dags/example_dataset_alias_with_no_taskflow.py took 0.689 seconds
[2025-04-22T01:15:18.372+0000] {processor.py:186} INFO - Started process (PID=594) to work on /home/airflow/.local/lib/python3.12/site-packages/airflow/example_dags/example_dataset_alias_with_no_taskflow.py
[2025-04-22T01:15:18.374+0000] {processor.py:914} INFO - Processing file /home/airflow/.local/lib/python3.12/site-packages/airflow/example_dags/example_dataset_alias_with_no_taskflow.py for tasks to queue
[2025-04-22T01:15:18.376+0000] {logging_mixin.py:190} INFO - [2025-04-22T01:15:18.375+0000] {dagbag.py:588} INFO - Filling up the DagBag from /home/airflow/.local/lib/python3.12/site-packages/airflow/example_dags/example_dataset_alias_with_no_taskflow.py
[2025-04-22T01:15:18.939+0000] {processor.py:925} INFO - DAG(s) 'dataset_alias_example_alias_consumer_with_no_taskflow', 'dataset_alias_example_alias_producer_with_no_taskflow', 'dataset_s3_bucket_producer_with_no_taskflow', 'dataset_s3_bucket_consumer_with_no_taskflow' retrieved from /home/airflow/.local/lib/python3.12/site-packages/airflow/example_dags/example_dataset_alias_with_no_taskflow.py
[2025-04-22T01:15:18.961+0000] {logging_mixin.py:190} INFO - [2025-04-22T01:15:18.960+0000] {dag.py:3239} INFO - Sync 4 DAGs
[2025-04-22T01:15:18.981+0000] {logging_mixin.py:190} INFO - [2025-04-22T01:15:18.981+0000] {dag.py:4180} INFO - Setting next_dagrun for dataset_alias_example_alias_consumer_with_no_taskflow to None, run_after=None
[2025-04-22T01:15:18.984+0000] {logging_mixin.py:190} INFO - [2025-04-22T01:15:18.984+0000] {dag.py:4180} INFO - Setting next_dagrun for dataset_alias_example_alias_producer_with_no_taskflow to None, run_after=None
[2025-04-22T01:15:18.986+0000] {logging_mixin.py:190} INFO - [2025-04-22T01:15:18.986+0000] {dag.py:4180} INFO - Setting next_dagrun for dataset_s3_bucket_consumer_with_no_taskflow to None, run_after=None
[2025-04-22T01:15:18.987+0000] {logging_mixin.py:190} INFO - [2025-04-22T01:15:18.987+0000] {dag.py:4180} INFO - Setting next_dagrun for dataset_s3_bucket_producer_with_no_taskflow to None, run_after=None
[2025-04-22T01:15:19.005+0000] {processor.py:208} INFO - Processing /home/airflow/.local/lib/python3.12/site-packages/airflow/example_dags/example_dataset_alias_with_no_taskflow.py took 0.638 seconds
[2025-04-22T01:15:50.054+0000] {processor.py:186} INFO - Started process (PID=652) to work on /home/airflow/.local/lib/python3.12/site-packages/airflow/example_dags/example_dataset_alias_with_no_taskflow.py
[2025-04-22T01:15:50.055+0000] {processor.py:914} INFO - Processing file /home/airflow/.local/lib/python3.12/site-packages/airflow/example_dags/example_dataset_alias_with_no_taskflow.py for tasks to queue
[2025-04-22T01:15:50.057+0000] {logging_mixin.py:190} INFO - [2025-04-22T01:15:50.057+0000] {dagbag.py:588} INFO - Filling up the DagBag from /home/airflow/.local/lib/python3.12/site-packages/airflow/example_dags/example_dataset_alias_with_no_taskflow.py
[2025-04-22T01:15:50.626+0000] {processor.py:925} INFO - DAG(s) 'dataset_alias_example_alias_producer_with_no_taskflow', 'dataset_s3_bucket_consumer_with_no_taskflow', 'dataset_s3_bucket_producer_with_no_taskflow', 'dataset_alias_example_alias_consumer_with_no_taskflow' retrieved from /home/airflow/.local/lib/python3.12/site-packages/airflow/example_dags/example_dataset_alias_with_no_taskflow.py
[2025-04-22T01:15:50.646+0000] {logging_mixin.py:190} INFO - [2025-04-22T01:15:50.645+0000] {dag.py:3239} INFO - Sync 4 DAGs
[2025-04-22T01:15:50.666+0000] {logging_mixin.py:190} INFO - [2025-04-22T01:15:50.666+0000] {dag.py:4180} INFO - Setting next_dagrun for dataset_alias_example_alias_consumer_with_no_taskflow to None, run_after=None
[2025-04-22T01:15:50.669+0000] {logging_mixin.py:190} INFO - [2025-04-22T01:15:50.668+0000] {dag.py:4180} INFO - Setting next_dagrun for dataset_alias_example_alias_producer_with_no_taskflow to None, run_after=None
[2025-04-22T01:15:50.670+0000] {logging_mixin.py:190} INFO - [2025-04-22T01:15:50.670+0000] {dag.py:4180} INFO - Setting next_dagrun for dataset_s3_bucket_consumer_with_no_taskflow to None, run_after=None
[2025-04-22T01:15:50.671+0000] {logging_mixin.py:190} INFO - [2025-04-22T01:15:50.671+0000] {dag.py:4180} INFO - Setting next_dagrun for dataset_s3_bucket_producer_with_no_taskflow to None, run_after=None
[2025-04-22T01:15:50.688+0000] {processor.py:208} INFO - Processing /home/airflow/.local/lib/python3.12/site-packages/airflow/example_dags/example_dataset_alias_with_no_taskflow.py took 0.639 seconds
[2025-04-22T01:16:20.783+0000] {processor.py:186} INFO - Started process (PID=720) to work on /home/airflow/.local/lib/python3.12/site-packages/airflow/example_dags/example_dataset_alias_with_no_taskflow.py
[2025-04-22T01:16:20.784+0000] {processor.py:914} INFO - Processing file /home/airflow/.local/lib/python3.12/site-packages/airflow/example_dags/example_dataset_alias_with_no_taskflow.py for tasks to queue
[2025-04-22T01:16:20.786+0000] {logging_mixin.py:190} INFO - [2025-04-22T01:16:20.786+0000] {dagbag.py:588} INFO - Filling up the DagBag from /home/airflow/.local/lib/python3.12/site-packages/airflow/example_dags/example_dataset_alias_with_no_taskflow.py
[2025-04-22T01:16:21.334+0000] {processor.py:925} INFO - DAG(s) 'dataset_s3_bucket_consumer_with_no_taskflow', 'dataset_alias_example_alias_consumer_with_no_taskflow', 'dataset_s3_bucket_producer_with_no_taskflow', 'dataset_alias_example_alias_producer_with_no_taskflow' retrieved from /home/airflow/.local/lib/python3.12/site-packages/airflow/example_dags/example_dataset_alias_with_no_taskflow.py
[2025-04-22T01:16:21.356+0000] {logging_mixin.py:190} INFO - [2025-04-22T01:16:21.356+0000] {dag.py:3239} INFO - Sync 4 DAGs
[2025-04-22T01:16:21.376+0000] {logging_mixin.py:190} INFO - [2025-04-22T01:16:21.376+0000] {dag.py:4180} INFO - Setting next_dagrun for dataset_alias_example_alias_consumer_with_no_taskflow to None, run_after=None
[2025-04-22T01:16:21.378+0000] {logging_mixin.py:190} INFO - [2025-04-22T01:16:21.378+0000] {dag.py:4180} INFO - Setting next_dagrun for dataset_alias_example_alias_producer_with_no_taskflow to None, run_after=None
[2025-04-22T01:16:21.380+0000] {logging_mixin.py:190} INFO - [2025-04-22T01:16:21.379+0000] {dag.py:4180} INFO - Setting next_dagrun for dataset_s3_bucket_consumer_with_no_taskflow to None, run_after=None
[2025-04-22T01:16:21.381+0000] {logging_mixin.py:190} INFO - [2025-04-22T01:16:21.381+0000] {dag.py:4180} INFO - Setting next_dagrun for dataset_s3_bucket_producer_with_no_taskflow to None, run_after=None
[2025-04-22T01:16:21.399+0000] {processor.py:208} INFO - Processing /home/airflow/.local/lib/python3.12/site-packages/airflow/example_dags/example_dataset_alias_with_no_taskflow.py took 0.621 seconds
[2025-04-22T01:16:52.108+0000] {processor.py:186} INFO - Started process (PID=777) to work on /home/airflow/.local/lib/python3.12/site-packages/airflow/example_dags/example_dataset_alias_with_no_taskflow.py
[2025-04-22T01:16:52.109+0000] {processor.py:914} INFO - Processing file /home/airflow/.local/lib/python3.12/site-packages/airflow/example_dags/example_dataset_alias_with_no_taskflow.py for tasks to queue
[2025-04-22T01:16:52.112+0000] {logging_mixin.py:190} INFO - [2025-04-22T01:16:52.111+0000] {dagbag.py:588} INFO - Filling up the DagBag from /home/airflow/.local/lib/python3.12/site-packages/airflow/example_dags/example_dataset_alias_with_no_taskflow.py
[2025-04-22T01:16:52.682+0000] {processor.py:925} INFO - DAG(s) 'dataset_alias_example_alias_producer_with_no_taskflow', 'dataset_alias_example_alias_consumer_with_no_taskflow', 'dataset_s3_bucket_consumer_with_no_taskflow', 'dataset_s3_bucket_producer_with_no_taskflow' retrieved from /home/airflow/.local/lib/python3.12/site-packages/airflow/example_dags/example_dataset_alias_with_no_taskflow.py
[2025-04-22T01:16:52.701+0000] {logging_mixin.py:190} INFO - [2025-04-22T01:16:52.700+0000] {dag.py:3239} INFO - Sync 4 DAGs
[2025-04-22T01:16:52.725+0000] {logging_mixin.py:190} INFO - [2025-04-22T01:16:52.725+0000] {dag.py:4180} INFO - Setting next_dagrun for dataset_alias_example_alias_consumer_with_no_taskflow to None, run_after=None
[2025-04-22T01:16:52.728+0000] {logging_mixin.py:190} INFO - [2025-04-22T01:16:52.728+0000] {dag.py:4180} INFO - Setting next_dagrun for dataset_alias_example_alias_producer_with_no_taskflow to None, run_after=None
[2025-04-22T01:16:52.730+0000] {logging_mixin.py:190} INFO - [2025-04-22T01:16:52.729+0000] {dag.py:4180} INFO - Setting next_dagrun for dataset_s3_bucket_consumer_with_no_taskflow to None, run_after=None
[2025-04-22T01:16:52.731+0000] {logging_mixin.py:190} INFO - [2025-04-22T01:16:52.731+0000] {dag.py:4180} INFO - Setting next_dagrun for dataset_s3_bucket_producer_with_no_taskflow to None, run_after=None
[2025-04-22T01:16:52.749+0000] {processor.py:208} INFO - Processing /home/airflow/.local/lib/python3.12/site-packages/airflow/example_dags/example_dataset_alias_with_no_taskflow.py took 0.647 seconds
[2025-04-22T01:17:24.063+0000] {processor.py:186} INFO - Started process (PID=841) to work on /home/airflow/.local/lib/python3.12/site-packages/airflow/example_dags/example_dataset_alias_with_no_taskflow.py
[2025-04-22T01:17:24.064+0000] {processor.py:914} INFO - Processing file /home/airflow/.local/lib/python3.12/site-packages/airflow/example_dags/example_dataset_alias_with_no_taskflow.py for tasks to queue
[2025-04-22T01:17:24.066+0000] {logging_mixin.py:190} INFO - [2025-04-22T01:17:24.066+0000] {dagbag.py:588} INFO - Filling up the DagBag from /home/airflow/.local/lib/python3.12/site-packages/airflow/example_dags/example_dataset_alias_with_no_taskflow.py
[2025-04-22T01:17:24.649+0000] {processor.py:925} INFO - DAG(s) 'dataset_s3_bucket_consumer_with_no_taskflow', 'dataset_s3_bucket_producer_with_no_taskflow', 'dataset_alias_example_alias_consumer_with_no_taskflow', 'dataset_alias_example_alias_producer_with_no_taskflow' retrieved from /home/airflow/.local/lib/python3.12/site-packages/airflow/example_dags/example_dataset_alias_with_no_taskflow.py
[2025-04-22T01:17:24.669+0000] {logging_mixin.py:190} INFO - [2025-04-22T01:17:24.669+0000] {dag.py:3239} INFO - Sync 4 DAGs
[2025-04-22T01:17:24.690+0000] {logging_mixin.py:190} INFO - [2025-04-22T01:17:24.689+0000] {dag.py:4180} INFO - Setting next_dagrun for dataset_alias_example_alias_consumer_with_no_taskflow to None, run_after=None
[2025-04-22T01:17:24.693+0000] {logging_mixin.py:190} INFO - [2025-04-22T01:17:24.692+0000] {dag.py:4180} INFO - Setting next_dagrun for dataset_alias_example_alias_producer_with_no_taskflow to None, run_after=None
[2025-04-22T01:17:24.694+0000] {logging_mixin.py:190} INFO - [2025-04-22T01:17:24.694+0000] {dag.py:4180} INFO - Setting next_dagrun for dataset_s3_bucket_consumer_with_no_taskflow to None, run_after=None
[2025-04-22T01:17:24.696+0000] {logging_mixin.py:190} INFO - [2025-04-22T01:17:24.695+0000] {dag.py:4180} INFO - Setting next_dagrun for dataset_s3_bucket_producer_with_no_taskflow to None, run_after=None
[2025-04-22T01:17:24.718+0000] {processor.py:208} INFO - Processing /home/airflow/.local/lib/python3.12/site-packages/airflow/example_dags/example_dataset_alias_with_no_taskflow.py took 0.659 seconds
[2025-04-22T01:17:54.979+0000] {processor.py:186} INFO - Started process (PID=903) to work on /home/airflow/.local/lib/python3.12/site-packages/airflow/example_dags/example_dataset_alias_with_no_taskflow.py
[2025-04-22T01:17:54.980+0000] {processor.py:914} INFO - Processing file /home/airflow/.local/lib/python3.12/site-packages/airflow/example_dags/example_dataset_alias_with_no_taskflow.py for tasks to queue
[2025-04-22T01:17:54.982+0000] {logging_mixin.py:190} INFO - [2025-04-22T01:17:54.982+0000] {dagbag.py:588} INFO - Filling up the DagBag from /home/airflow/.local/lib/python3.12/site-packages/airflow/example_dags/example_dataset_alias_with_no_taskflow.py
[2025-04-22T01:17:55.582+0000] {processor.py:925} INFO - DAG(s) 'dataset_s3_bucket_consumer_with_no_taskflow', 'dataset_s3_bucket_producer_with_no_taskflow', 'dataset_alias_example_alias_consumer_with_no_taskflow', 'dataset_alias_example_alias_producer_with_no_taskflow' retrieved from /home/airflow/.local/lib/python3.12/site-packages/airflow/example_dags/example_dataset_alias_with_no_taskflow.py
[2025-04-22T01:17:55.600+0000] {logging_mixin.py:190} INFO - [2025-04-22T01:17:55.600+0000] {dag.py:3239} INFO - Sync 4 DAGs
[2025-04-22T01:17:55.621+0000] {logging_mixin.py:190} INFO - [2025-04-22T01:17:55.620+0000] {dag.py:4180} INFO - Setting next_dagrun for dataset_alias_example_alias_consumer_with_no_taskflow to None, run_after=None
[2025-04-22T01:17:55.623+0000] {logging_mixin.py:190} INFO - [2025-04-22T01:17:55.623+0000] {dag.py:4180} INFO - Setting next_dagrun for dataset_alias_example_alias_producer_with_no_taskflow to None, run_after=None
[2025-04-22T01:17:55.626+0000] {logging_mixin.py:190} INFO - [2025-04-22T01:17:55.625+0000] {dag.py:4180} INFO - Setting next_dagrun for dataset_s3_bucket_consumer_with_no_taskflow to None, run_after=None
[2025-04-22T01:17:55.627+0000] {logging_mixin.py:190} INFO - [2025-04-22T01:17:55.627+0000] {dag.py:4180} INFO - Setting next_dagrun for dataset_s3_bucket_producer_with_no_taskflow to None, run_after=None
[2025-04-22T01:17:55.647+0000] {processor.py:208} INFO - Processing /home/airflow/.local/lib/python3.12/site-packages/airflow/example_dags/example_dataset_alias_with_no_taskflow.py took 0.673 seconds
[2025-04-22T01:18:26.404+0000] {processor.py:186} INFO - Started process (PID=967) to work on /home/airflow/.local/lib/python3.12/site-packages/airflow/example_dags/example_dataset_alias_with_no_taskflow.py
[2025-04-22T01:18:26.405+0000] {processor.py:914} INFO - Processing file /home/airflow/.local/lib/python3.12/site-packages/airflow/example_dags/example_dataset_alias_with_no_taskflow.py for tasks to queue
[2025-04-22T01:18:26.407+0000] {logging_mixin.py:190} INFO - [2025-04-22T01:18:26.407+0000] {dagbag.py:588} INFO - Filling up the DagBag from /home/airflow/.local/lib/python3.12/site-packages/airflow/example_dags/example_dataset_alias_with_no_taskflow.py
[2025-04-22T01:18:27.008+0000] {processor.py:925} INFO - DAG(s) 'dataset_alias_example_alias_consumer_with_no_taskflow', 'dataset_alias_example_alias_producer_with_no_taskflow', 'dataset_s3_bucket_producer_with_no_taskflow', 'dataset_s3_bucket_consumer_with_no_taskflow' retrieved from /home/airflow/.local/lib/python3.12/site-packages/airflow/example_dags/example_dataset_alias_with_no_taskflow.py
[2025-04-22T01:18:27.032+0000] {logging_mixin.py:190} INFO - [2025-04-22T01:18:27.031+0000] {dag.py:3239} INFO - Sync 4 DAGs
[2025-04-22T01:18:27.058+0000] {logging_mixin.py:190} INFO - [2025-04-22T01:18:27.057+0000] {dag.py:4180} INFO - Setting next_dagrun for dataset_alias_example_alias_consumer_with_no_taskflow to None, run_after=None
[2025-04-22T01:18:27.062+0000] {logging_mixin.py:190} INFO - [2025-04-22T01:18:27.061+0000] {dag.py:4180} INFO - Setting next_dagrun for dataset_alias_example_alias_producer_with_no_taskflow to None, run_after=None
[2025-04-22T01:18:27.063+0000] {logging_mixin.py:190} INFO - [2025-04-22T01:18:27.063+0000] {dag.py:4180} INFO - Setting next_dagrun for dataset_s3_bucket_consumer_with_no_taskflow to None, run_after=None
[2025-04-22T01:18:27.065+0000] {logging_mixin.py:190} INFO - [2025-04-22T01:18:27.065+0000] {dag.py:4180} INFO - Setting next_dagrun for dataset_s3_bucket_producer_with_no_taskflow to None, run_after=None
[2025-04-22T01:18:27.088+0000] {processor.py:208} INFO - Processing /home/airflow/.local/lib/python3.12/site-packages/airflow/example_dags/example_dataset_alias_with_no_taskflow.py took 0.689 seconds
