[2025-04-22T01:11:13.604+0000] {processor.py:186} INFO - Started process (PID=100) to work on /home/airflow/.local/lib/python3.12/site-packages/airflow/example_dags/example_sla_dag.py
[2025-04-22T01:11:13.605+0000] {processor.py:914} INFO - Processing file /home/airflow/.local/lib/python3.12/site-packages/airflow/example_dags/example_sla_dag.py for tasks to queue
[2025-04-22T01:11:13.607+0000] {logging_mixin.py:190} INFO - [2025-04-22T01:11:13.607+0000] {dagbag.py:588} INFO - Filling up the DagBag from /home/airflow/.local/lib/python3.12/site-packages/airflow/example_dags/example_sla_dag.py
[2025-04-22T01:11:13.617+0000] {processor.py:925} INFO - DAG(s) 'example_sla_dag' retrieved from /home/airflow/.local/lib/python3.12/site-packages/airflow/example_dags/example_sla_dag.py
[2025-04-22T01:11:13.721+0000] {logging_mixin.py:190} INFO - [2025-04-22T01:11:13.720+0000] {override.py:1912} INFO - Created Permission View: can delete on DAG:example_sla_dag
[2025-04-22T01:11:13.733+0000] {logging_mixin.py:190} INFO - [2025-04-22T01:11:13.732+0000] {override.py:1912} INFO - Created Permission View: can read on DAG:example_sla_dag
[2025-04-22T01:11:13.741+0000] {logging_mixin.py:190} INFO - [2025-04-22T01:11:13.741+0000] {override.py:1912} INFO - Created Permission View: can edit on DAG:example_sla_dag
[2025-04-22T01:11:13.749+0000] {logging_mixin.py:190} INFO - [2025-04-22T01:11:13.749+0000] {override.py:1912} INFO - Created Permission View: menu access on DAG Run:example_sla_dag
[2025-04-22T01:11:13.755+0000] {logging_mixin.py:190} INFO - [2025-04-22T01:11:13.755+0000] {override.py:1912} INFO - Created Permission View: can delete on DAG Run:example_sla_dag
[2025-04-22T01:11:13.762+0000] {logging_mixin.py:190} INFO - [2025-04-22T01:11:13.762+0000] {override.py:1912} INFO - Created Permission View: can read on DAG Run:example_sla_dag
[2025-04-22T01:11:13.768+0000] {logging_mixin.py:190} INFO - [2025-04-22T01:11:13.768+0000] {override.py:1912} INFO - Created Permission View: can create on DAG Run:example_sla_dag
[2025-04-22T01:11:13.769+0000] {logging_mixin.py:190} INFO - [2025-04-22T01:11:13.769+0000] {dag.py:3239} INFO - Sync 1 DAGs
[2025-04-22T01:11:13.783+0000] {logging_mixin.py:190} INFO - [2025-04-22T01:11:13.783+0000] {dag.py:3262} INFO - Creating ORM DAG for example_sla_dag
[2025-04-22T01:11:13.798+0000] {logging_mixin.py:190} INFO - [2025-04-22T01:11:13.797+0000] {dag.py:4180} INFO - Setting next_dagrun for example_sla_dag to 2025-04-22 01:08:00+00:00, run_after=2025-04-22 01:10:00+00:00
[2025-04-22T01:11:13.815+0000] {processor.py:208} INFO - Processing /home/airflow/.local/lib/python3.12/site-packages/airflow/example_dags/example_sla_dag.py took 0.217 seconds
[2025-04-22T01:11:44.521+0000] {processor.py:186} INFO - Started process (PID=163) to work on /home/airflow/.local/lib/python3.12/site-packages/airflow/example_dags/example_sla_dag.py
[2025-04-22T01:11:44.522+0000] {processor.py:914} INFO - Processing file /home/airflow/.local/lib/python3.12/site-packages/airflow/example_dags/example_sla_dag.py for tasks to queue
[2025-04-22T01:11:44.524+0000] {logging_mixin.py:190} INFO - [2025-04-22T01:11:44.523+0000] {dagbag.py:588} INFO - Filling up the DagBag from /home/airflow/.local/lib/python3.12/site-packages/airflow/example_dags/example_sla_dag.py
[2025-04-22T01:11:44.533+0000] {processor.py:925} INFO - DAG(s) 'example_sla_dag' retrieved from /home/airflow/.local/lib/python3.12/site-packages/airflow/example_dags/example_sla_dag.py
[2025-04-22T01:11:44.552+0000] {logging_mixin.py:190} INFO - [2025-04-22T01:11:44.552+0000] {dag.py:3239} INFO - Sync 1 DAGs
[2025-04-22T01:11:44.575+0000] {logging_mixin.py:190} INFO - [2025-04-22T01:11:44.575+0000] {dag.py:4180} INFO - Setting next_dagrun for example_sla_dag to 2025-04-22 01:08:00+00:00, run_after=2025-04-22 01:10:00+00:00
[2025-04-22T01:11:44.592+0000] {processor.py:208} INFO - Processing /home/airflow/.local/lib/python3.12/site-packages/airflow/example_dags/example_sla_dag.py took 0.076 seconds
[2025-04-22T01:12:14.748+0000] {processor.py:186} INFO - Started process (PID=226) to work on /home/airflow/.local/lib/python3.12/site-packages/airflow/example_dags/example_sla_dag.py
[2025-04-22T01:12:14.749+0000] {processor.py:914} INFO - Processing file /home/airflow/.local/lib/python3.12/site-packages/airflow/example_dags/example_sla_dag.py for tasks to queue
[2025-04-22T01:12:14.752+0000] {logging_mixin.py:190} INFO - [2025-04-22T01:12:14.751+0000] {dagbag.py:588} INFO - Filling up the DagBag from /home/airflow/.local/lib/python3.12/site-packages/airflow/example_dags/example_sla_dag.py
[2025-04-22T01:12:14.760+0000] {processor.py:925} INFO - DAG(s) 'example_sla_dag' retrieved from /home/airflow/.local/lib/python3.12/site-packages/airflow/example_dags/example_sla_dag.py
[2025-04-22T01:12:14.776+0000] {logging_mixin.py:190} INFO - [2025-04-22T01:12:14.775+0000] {dag.py:3239} INFO - Sync 1 DAGs
[2025-04-22T01:12:14.798+0000] {logging_mixin.py:190} INFO - [2025-04-22T01:12:14.798+0000] {dag.py:4180} INFO - Setting next_dagrun for example_sla_dag to 2025-04-22 01:10:00+00:00, run_after=2025-04-22 01:12:00+00:00
[2025-04-22T01:12:14.819+0000] {processor.py:208} INFO - Processing /home/airflow/.local/lib/python3.12/site-packages/airflow/example_dags/example_sla_dag.py took 0.076 seconds
[2025-04-22T01:12:45.156+0000] {processor.py:186} INFO - Started process (PID=289) to work on /home/airflow/.local/lib/python3.12/site-packages/airflow/example_dags/example_sla_dag.py
[2025-04-22T01:12:45.157+0000] {processor.py:914} INFO - Processing file /home/airflow/.local/lib/python3.12/site-packages/airflow/example_dags/example_sla_dag.py for tasks to queue
[2025-04-22T01:12:45.159+0000] {logging_mixin.py:190} INFO - [2025-04-22T01:12:45.159+0000] {dagbag.py:588} INFO - Filling up the DagBag from /home/airflow/.local/lib/python3.12/site-packages/airflow/example_dags/example_sla_dag.py
[2025-04-22T01:12:45.169+0000] {processor.py:925} INFO - DAG(s) 'example_sla_dag' retrieved from /home/airflow/.local/lib/python3.12/site-packages/airflow/example_dags/example_sla_dag.py
[2025-04-22T01:12:45.186+0000] {logging_mixin.py:190} INFO - [2025-04-22T01:12:45.186+0000] {dag.py:3239} INFO - Sync 1 DAGs
[2025-04-22T01:12:45.208+0000] {logging_mixin.py:190} INFO - [2025-04-22T01:12:45.208+0000] {dag.py:4180} INFO - Setting next_dagrun for example_sla_dag to 2025-04-22 01:10:00+00:00, run_after=2025-04-22 01:12:00+00:00
[2025-04-22T01:12:45.227+0000] {processor.py:208} INFO - Processing /home/airflow/.local/lib/python3.12/site-packages/airflow/example_dags/example_sla_dag.py took 0.076 seconds
[2025-04-22T01:13:15.659+0000] {processor.py:186} INFO - Started process (PID=352) to work on /home/airflow/.local/lib/python3.12/site-packages/airflow/example_dags/example_sla_dag.py
[2025-04-22T01:13:15.660+0000] {processor.py:914} INFO - Processing file /home/airflow/.local/lib/python3.12/site-packages/airflow/example_dags/example_sla_dag.py for tasks to queue
[2025-04-22T01:13:15.663+0000] {logging_mixin.py:190} INFO - [2025-04-22T01:13:15.662+0000] {dagbag.py:588} INFO - Filling up the DagBag from /home/airflow/.local/lib/python3.12/site-packages/airflow/example_dags/example_sla_dag.py
[2025-04-22T01:13:15.672+0000] {processor.py:925} INFO - DAG(s) 'example_sla_dag' retrieved from /home/airflow/.local/lib/python3.12/site-packages/airflow/example_dags/example_sla_dag.py
[2025-04-22T01:13:15.688+0000] {logging_mixin.py:190} INFO - [2025-04-22T01:13:15.687+0000] {dag.py:3239} INFO - Sync 1 DAGs
[2025-04-22T01:13:15.709+0000] {logging_mixin.py:190} INFO - [2025-04-22T01:13:15.709+0000] {dag.py:4180} INFO - Setting next_dagrun for example_sla_dag to 2025-04-22 01:10:00+00:00, run_after=2025-04-22 01:12:00+00:00
[2025-04-22T01:13:15.726+0000] {processor.py:208} INFO - Processing /home/airflow/.local/lib/python3.12/site-packages/airflow/example_dags/example_sla_dag.py took 0.073 seconds
[2025-04-22T01:13:46.045+0000] {processor.py:186} INFO - Started process (PID=415) to work on /home/airflow/.local/lib/python3.12/site-packages/airflow/example_dags/example_sla_dag.py
[2025-04-22T01:13:46.046+0000] {processor.py:914} INFO - Processing file /home/airflow/.local/lib/python3.12/site-packages/airflow/example_dags/example_sla_dag.py for tasks to queue
[2025-04-22T01:13:46.049+0000] {logging_mixin.py:190} INFO - [2025-04-22T01:13:46.048+0000] {dagbag.py:588} INFO - Filling up the DagBag from /home/airflow/.local/lib/python3.12/site-packages/airflow/example_dags/example_sla_dag.py
[2025-04-22T01:13:46.057+0000] {processor.py:925} INFO - DAG(s) 'example_sla_dag' retrieved from /home/airflow/.local/lib/python3.12/site-packages/airflow/example_dags/example_sla_dag.py
[2025-04-22T01:13:46.072+0000] {logging_mixin.py:190} INFO - [2025-04-22T01:13:46.072+0000] {dag.py:3239} INFO - Sync 1 DAGs
[2025-04-22T01:13:46.094+0000] {logging_mixin.py:190} INFO - [2025-04-22T01:13:46.094+0000] {dag.py:4180} INFO - Setting next_dagrun for example_sla_dag to 2025-04-22 01:10:00+00:00, run_after=2025-04-22 01:12:00+00:00
[2025-04-22T01:13:46.109+0000] {processor.py:208} INFO - Processing /home/airflow/.local/lib/python3.12/site-packages/airflow/example_dags/example_sla_dag.py took 0.069 seconds
[2025-04-22T01:14:16.191+0000] {processor.py:186} INFO - Started process (PID=477) to work on /home/airflow/.local/lib/python3.12/site-packages/airflow/example_dags/example_sla_dag.py
[2025-04-22T01:14:16.192+0000] {processor.py:914} INFO - Processing file /home/airflow/.local/lib/python3.12/site-packages/airflow/example_dags/example_sla_dag.py for tasks to queue
[2025-04-22T01:14:16.194+0000] {logging_mixin.py:190} INFO - [2025-04-22T01:14:16.194+0000] {dagbag.py:588} INFO - Filling up the DagBag from /home/airflow/.local/lib/python3.12/site-packages/airflow/example_dags/example_sla_dag.py
[2025-04-22T01:14:16.204+0000] {processor.py:925} INFO - DAG(s) 'example_sla_dag' retrieved from /home/airflow/.local/lib/python3.12/site-packages/airflow/example_dags/example_sla_dag.py
[2025-04-22T01:14:16.227+0000] {logging_mixin.py:190} INFO - [2025-04-22T01:14:16.227+0000] {dag.py:3239} INFO - Sync 1 DAGs
[2025-04-22T01:14:16.252+0000] {logging_mixin.py:190} INFO - [2025-04-22T01:14:16.252+0000] {dag.py:4180} INFO - Setting next_dagrun for example_sla_dag to 2025-04-22 01:12:00+00:00, run_after=2025-04-22 01:14:00+00:00
[2025-04-22T01:14:16.270+0000] {processor.py:208} INFO - Processing /home/airflow/.local/lib/python3.12/site-packages/airflow/example_dags/example_sla_dag.py took 0.085 seconds
[2025-04-22T01:14:48.736+0000] {processor.py:186} INFO - Started process (PID=541) to work on /home/airflow/.local/lib/python3.12/site-packages/airflow/example_dags/example_sla_dag.py
[2025-04-22T01:14:48.737+0000] {processor.py:914} INFO - Processing file /home/airflow/.local/lib/python3.12/site-packages/airflow/example_dags/example_sla_dag.py for tasks to queue
[2025-04-22T01:14:48.740+0000] {logging_mixin.py:190} INFO - [2025-04-22T01:14:48.739+0000] {dagbag.py:588} INFO - Filling up the DagBag from /home/airflow/.local/lib/python3.12/site-packages/airflow/example_dags/example_sla_dag.py
[2025-04-22T01:14:48.750+0000] {processor.py:925} INFO - DAG(s) 'example_sla_dag' retrieved from /home/airflow/.local/lib/python3.12/site-packages/airflow/example_dags/example_sla_dag.py
[2025-04-22T01:14:48.768+0000] {logging_mixin.py:190} INFO - [2025-04-22T01:14:48.768+0000] {dag.py:3239} INFO - Sync 1 DAGs
[2025-04-22T01:14:48.795+0000] {logging_mixin.py:190} INFO - [2025-04-22T01:14:48.795+0000] {dag.py:4180} INFO - Setting next_dagrun for example_sla_dag to 2025-04-22 01:12:00+00:00, run_after=2025-04-22 01:14:00+00:00
[2025-04-22T01:14:48.813+0000] {processor.py:208} INFO - Processing /home/airflow/.local/lib/python3.12/site-packages/airflow/example_dags/example_sla_dag.py took 0.083 seconds
[2025-04-22T01:15:19.176+0000] {processor.py:186} INFO - Started process (PID=604) to work on /home/airflow/.local/lib/python3.12/site-packages/airflow/example_dags/example_sla_dag.py
[2025-04-22T01:15:19.177+0000] {processor.py:914} INFO - Processing file /home/airflow/.local/lib/python3.12/site-packages/airflow/example_dags/example_sla_dag.py for tasks to queue
[2025-04-22T01:15:19.180+0000] {logging_mixin.py:190} INFO - [2025-04-22T01:15:19.180+0000] {dagbag.py:588} INFO - Filling up the DagBag from /home/airflow/.local/lib/python3.12/site-packages/airflow/example_dags/example_sla_dag.py
[2025-04-22T01:15:19.189+0000] {processor.py:925} INFO - DAG(s) 'example_sla_dag' retrieved from /home/airflow/.local/lib/python3.12/site-packages/airflow/example_dags/example_sla_dag.py
[2025-04-22T01:15:19.206+0000] {logging_mixin.py:190} INFO - [2025-04-22T01:15:19.206+0000] {dag.py:3239} INFO - Sync 1 DAGs
[2025-04-22T01:15:19.229+0000] {logging_mixin.py:190} INFO - [2025-04-22T01:15:19.229+0000] {dag.py:4180} INFO - Setting next_dagrun for example_sla_dag to 2025-04-22 01:12:00+00:00, run_after=2025-04-22 01:14:00+00:00
[2025-04-22T01:15:19.244+0000] {processor.py:208} INFO - Processing /home/airflow/.local/lib/python3.12/site-packages/airflow/example_dags/example_sla_dag.py took 0.074 seconds
[2025-04-22T01:15:51.181+0000] {processor.py:186} INFO - Started process (PID=667) to work on /home/airflow/.local/lib/python3.12/site-packages/airflow/example_dags/example_sla_dag.py
[2025-04-22T01:15:51.182+0000] {processor.py:914} INFO - Processing file /home/airflow/.local/lib/python3.12/site-packages/airflow/example_dags/example_sla_dag.py for tasks to queue
[2025-04-22T01:15:51.184+0000] {logging_mixin.py:190} INFO - [2025-04-22T01:15:51.184+0000] {dagbag.py:588} INFO - Filling up the DagBag from /home/airflow/.local/lib/python3.12/site-packages/airflow/example_dags/example_sla_dag.py
[2025-04-22T01:15:51.193+0000] {processor.py:925} INFO - DAG(s) 'example_sla_dag' retrieved from /home/airflow/.local/lib/python3.12/site-packages/airflow/example_dags/example_sla_dag.py
[2025-04-22T01:15:51.210+0000] {logging_mixin.py:190} INFO - [2025-04-22T01:15:51.209+0000] {dag.py:3239} INFO - Sync 1 DAGs
[2025-04-22T01:15:51.233+0000] {logging_mixin.py:190} INFO - [2025-04-22T01:15:51.233+0000] {dag.py:4180} INFO - Setting next_dagrun for example_sla_dag to 2025-04-22 01:12:00+00:00, run_after=2025-04-22 01:14:00+00:00
[2025-04-22T01:15:51.253+0000] {processor.py:208} INFO - Processing /home/airflow/.local/lib/python3.12/site-packages/airflow/example_dags/example_sla_dag.py took 0.078 seconds
[2025-04-22T01:16:21.641+0000] {processor.py:186} INFO - Started process (PID=730) to work on /home/airflow/.local/lib/python3.12/site-packages/airflow/example_dags/example_sla_dag.py
[2025-04-22T01:16:21.642+0000] {processor.py:914} INFO - Processing file /home/airflow/.local/lib/python3.12/site-packages/airflow/example_dags/example_sla_dag.py for tasks to queue
[2025-04-22T01:16:21.645+0000] {logging_mixin.py:190} INFO - [2025-04-22T01:16:21.645+0000] {dagbag.py:588} INFO - Filling up the DagBag from /home/airflow/.local/lib/python3.12/site-packages/airflow/example_dags/example_sla_dag.py
[2025-04-22T01:16:21.655+0000] {processor.py:925} INFO - DAG(s) 'example_sla_dag' retrieved from /home/airflow/.local/lib/python3.12/site-packages/airflow/example_dags/example_sla_dag.py
[2025-04-22T01:16:21.672+0000] {logging_mixin.py:190} INFO - [2025-04-22T01:16:21.672+0000] {dag.py:3239} INFO - Sync 1 DAGs
[2025-04-22T01:16:21.693+0000] {logging_mixin.py:190} INFO - [2025-04-22T01:16:21.693+0000] {dag.py:4180} INFO - Setting next_dagrun for example_sla_dag to 2025-04-22 01:14:00+00:00, run_after=2025-04-22 01:16:00+00:00
[2025-04-22T01:16:21.708+0000] {processor.py:208} INFO - Processing /home/airflow/.local/lib/python3.12/site-packages/airflow/example_dags/example_sla_dag.py took 0.071 seconds
[2025-04-22T01:16:53.369+0000] {processor.py:186} INFO - Started process (PID=793) to work on /home/airflow/.local/lib/python3.12/site-packages/airflow/example_dags/example_sla_dag.py
[2025-04-22T01:16:53.370+0000] {processor.py:914} INFO - Processing file /home/airflow/.local/lib/python3.12/site-packages/airflow/example_dags/example_sla_dag.py for tasks to queue
[2025-04-22T01:16:53.373+0000] {logging_mixin.py:190} INFO - [2025-04-22T01:16:53.372+0000] {dagbag.py:588} INFO - Filling up the DagBag from /home/airflow/.local/lib/python3.12/site-packages/airflow/example_dags/example_sla_dag.py
[2025-04-22T01:16:53.382+0000] {processor.py:925} INFO - DAG(s) 'example_sla_dag' retrieved from /home/airflow/.local/lib/python3.12/site-packages/airflow/example_dags/example_sla_dag.py
[2025-04-22T01:16:53.400+0000] {logging_mixin.py:190} INFO - [2025-04-22T01:16:53.399+0000] {dag.py:3239} INFO - Sync 1 DAGs
[2025-04-22T01:16:53.425+0000] {logging_mixin.py:190} INFO - [2025-04-22T01:16:53.424+0000] {dag.py:4180} INFO - Setting next_dagrun for example_sla_dag to 2025-04-22 01:14:00+00:00, run_after=2025-04-22 01:16:00+00:00
[2025-04-22T01:16:53.441+0000] {processor.py:208} INFO - Processing /home/airflow/.local/lib/python3.12/site-packages/airflow/example_dags/example_sla_dag.py took 0.077 seconds
[2025-04-22T01:17:25.197+0000] {processor.py:186} INFO - Started process (PID=856) to work on /home/airflow/.local/lib/python3.12/site-packages/airflow/example_dags/example_sla_dag.py
[2025-04-22T01:17:25.197+0000] {processor.py:914} INFO - Processing file /home/airflow/.local/lib/python3.12/site-packages/airflow/example_dags/example_sla_dag.py for tasks to queue
[2025-04-22T01:17:25.200+0000] {logging_mixin.py:190} INFO - [2025-04-22T01:17:25.200+0000] {dagbag.py:588} INFO - Filling up the DagBag from /home/airflow/.local/lib/python3.12/site-packages/airflow/example_dags/example_sla_dag.py
[2025-04-22T01:17:25.210+0000] {processor.py:925} INFO - DAG(s) 'example_sla_dag' retrieved from /home/airflow/.local/lib/python3.12/site-packages/airflow/example_dags/example_sla_dag.py
[2025-04-22T01:17:25.228+0000] {logging_mixin.py:190} INFO - [2025-04-22T01:17:25.228+0000] {dag.py:3239} INFO - Sync 1 DAGs
[2025-04-22T01:17:25.251+0000] {logging_mixin.py:190} INFO - [2025-04-22T01:17:25.251+0000] {dag.py:4180} INFO - Setting next_dagrun for example_sla_dag to 2025-04-22 01:14:00+00:00, run_after=2025-04-22 01:16:00+00:00
[2025-04-22T01:17:25.268+0000] {processor.py:208} INFO - Processing /home/airflow/.local/lib/python3.12/site-packages/airflow/example_dags/example_sla_dag.py took 0.077 seconds
[2025-04-22T01:17:56.239+0000] {processor.py:186} INFO - Started process (PID=919) to work on /home/airflow/.local/lib/python3.12/site-packages/airflow/example_dags/example_sla_dag.py
[2025-04-22T01:17:56.240+0000] {processor.py:914} INFO - Processing file /home/airflow/.local/lib/python3.12/site-packages/airflow/example_dags/example_sla_dag.py for tasks to queue
[2025-04-22T01:17:56.243+0000] {logging_mixin.py:190} INFO - [2025-04-22T01:17:56.243+0000] {dagbag.py:588} INFO - Filling up the DagBag from /home/airflow/.local/lib/python3.12/site-packages/airflow/example_dags/example_sla_dag.py
[2025-04-22T01:17:56.251+0000] {processor.py:925} INFO - DAG(s) 'example_sla_dag' retrieved from /home/airflow/.local/lib/python3.12/site-packages/airflow/example_dags/example_sla_dag.py
[2025-04-22T01:17:56.268+0000] {logging_mixin.py:190} INFO - [2025-04-22T01:17:56.267+0000] {dag.py:3239} INFO - Sync 1 DAGs
[2025-04-22T01:17:56.295+0000] {logging_mixin.py:190} INFO - [2025-04-22T01:17:56.295+0000] {dag.py:4180} INFO - Setting next_dagrun for example_sla_dag to 2025-04-22 01:14:00+00:00, run_after=2025-04-22 01:16:00+00:00
[2025-04-22T01:17:56.310+0000] {processor.py:208} INFO - Processing /home/airflow/.local/lib/python3.12/site-packages/airflow/example_dags/example_sla_dag.py took 0.076 seconds
[2025-04-22T01:18:27.772+0000] {processor.py:186} INFO - Started process (PID=982) to work on /home/airflow/.local/lib/python3.12/site-packages/airflow/example_dags/example_sla_dag.py
[2025-04-22T01:18:27.774+0000] {processor.py:914} INFO - Processing file /home/airflow/.local/lib/python3.12/site-packages/airflow/example_dags/example_sla_dag.py for tasks to queue
[2025-04-22T01:18:27.777+0000] {logging_mixin.py:190} INFO - [2025-04-22T01:18:27.777+0000] {dagbag.py:588} INFO - Filling up the DagBag from /home/airflow/.local/lib/python3.12/site-packages/airflow/example_dags/example_sla_dag.py
[2025-04-22T01:18:27.788+0000] {processor.py:925} INFO - DAG(s) 'example_sla_dag' retrieved from /home/airflow/.local/lib/python3.12/site-packages/airflow/example_dags/example_sla_dag.py
[2025-04-22T01:18:27.811+0000] {logging_mixin.py:190} INFO - [2025-04-22T01:18:27.810+0000] {dag.py:3239} INFO - Sync 1 DAGs
[2025-04-22T01:18:27.836+0000] {logging_mixin.py:190} INFO - [2025-04-22T01:18:27.835+0000] {dag.py:4180} INFO - Setting next_dagrun for example_sla_dag to 2025-04-22 01:16:00+00:00, run_after=2025-04-22 01:18:00+00:00
[2025-04-22T01:18:27.855+0000] {processor.py:208} INFO - Processing /home/airflow/.local/lib/python3.12/site-packages/airflow/example_dags/example_sla_dag.py took 0.089 seconds
