[2025-04-22T01:11:08.343+0000] {processor.py:186} INFO - Started process (PID=64) to work on /home/airflow/.local/lib/python3.12/site-packages/airflow/example_dags/example_inlet_event_extra.py
[2025-04-22T01:11:08.345+0000] {processor.py:914} INFO - Processing file /home/airflow/.local/lib/python3.12/site-packages/airflow/example_dags/example_inlet_event_extra.py for tasks to queue
[2025-04-22T01:11:08.347+0000] {logging_mixin.py:190} INFO - [2025-04-22T01:11:08.346+0000] {dagbag.py:588} INFO - Filling up the DagBag from /home/airflow/.local/lib/python3.12/site-packages/airflow/example_dags/example_inlet_event_extra.py
[2025-04-22T01:11:08.946+0000] {processor.py:925} INFO - DAG(s) 'read_dataset_event', 'read_dataset_event_from_classic' retrieved from /home/airflow/.local/lib/python3.12/site-packages/airflow/example_dags/example_inlet_event_extra.py
[2025-04-22T01:11:09.056+0000] {logging_mixin.py:190} INFO - [2025-04-22T01:11:09.055+0000] {override.py:1912} INFO - Created Permission View: can delete on DAG:read_dataset_event
[2025-04-22T01:11:09.067+0000] {logging_mixin.py:190} INFO - [2025-04-22T01:11:09.066+0000] {override.py:1912} INFO - Created Permission View: can read on DAG:read_dataset_event
[2025-04-22T01:11:09.074+0000] {logging_mixin.py:190} INFO - [2025-04-22T01:11:09.073+0000] {override.py:1912} INFO - Created Permission View: can edit on DAG:read_dataset_event
[2025-04-22T01:11:09.081+0000] {logging_mixin.py:190} INFO - [2025-04-22T01:11:09.081+0000] {override.py:1912} INFO - Created Permission View: menu access on DAG Run:read_dataset_event
[2025-04-22T01:11:09.088+0000] {logging_mixin.py:190} INFO - [2025-04-22T01:11:09.087+0000] {override.py:1912} INFO - Created Permission View: can delete on DAG Run:read_dataset_event
[2025-04-22T01:11:09.094+0000] {logging_mixin.py:190} INFO - [2025-04-22T01:11:09.094+0000] {override.py:1912} INFO - Created Permission View: can read on DAG Run:read_dataset_event
[2025-04-22T01:11:09.101+0000] {logging_mixin.py:190} INFO - [2025-04-22T01:11:09.101+0000] {override.py:1912} INFO - Created Permission View: can create on DAG Run:read_dataset_event
[2025-04-22T01:11:09.114+0000] {logging_mixin.py:190} INFO - [2025-04-22T01:11:09.114+0000] {override.py:1912} INFO - Created Permission View: can delete on DAG:read_dataset_event_from_classic
[2025-04-22T01:11:09.120+0000] {logging_mixin.py:190} INFO - [2025-04-22T01:11:09.120+0000] {override.py:1912} INFO - Created Permission View: can read on DAG:read_dataset_event_from_classic
[2025-04-22T01:11:09.127+0000] {logging_mixin.py:190} INFO - [2025-04-22T01:11:09.127+0000] {override.py:1912} INFO - Created Permission View: can edit on DAG:read_dataset_event_from_classic
[2025-04-22T01:11:09.136+0000] {logging_mixin.py:190} INFO - [2025-04-22T01:11:09.136+0000] {override.py:1912} INFO - Created Permission View: menu access on DAG Run:read_dataset_event_from_classic
[2025-04-22T01:11:09.143+0000] {logging_mixin.py:190} INFO - [2025-04-22T01:11:09.142+0000] {override.py:1912} INFO - Created Permission View: can delete on DAG Run:read_dataset_event_from_classic
[2025-04-22T01:11:09.148+0000] {logging_mixin.py:190} INFO - [2025-04-22T01:11:09.148+0000] {override.py:1912} INFO - Created Permission View: can read on DAG Run:read_dataset_event_from_classic
[2025-04-22T01:11:09.155+0000] {logging_mixin.py:190} INFO - [2025-04-22T01:11:09.154+0000] {override.py:1912} INFO - Created Permission View: can create on DAG Run:read_dataset_event_from_classic
[2025-04-22T01:11:09.155+0000] {logging_mixin.py:190} INFO - [2025-04-22T01:11:09.155+0000] {dag.py:3239} INFO - Sync 2 DAGs
[2025-04-22T01:11:09.169+0000] {logging_mixin.py:190} INFO - [2025-04-22T01:11:09.168+0000] {dag.py:3262} INFO - Creating ORM DAG for read_dataset_event_from_classic
[2025-04-22T01:11:09.170+0000] {logging_mixin.py:190} INFO - [2025-04-22T01:11:09.170+0000] {dag.py:3262} INFO - Creating ORM DAG for read_dataset_event
[2025-04-22T01:11:09.181+0000] {logging_mixin.py:190} INFO - [2025-04-22T01:11:09.180+0000] {dag.py:4180} INFO - Setting next_dagrun for read_dataset_event to 2025-04-21 00:00:00+00:00, run_after=2025-04-22 00:00:00+00:00
[2025-04-22T01:11:09.183+0000] {logging_mixin.py:190} INFO - [2025-04-22T01:11:09.183+0000] {dag.py:4180} INFO - Setting next_dagrun for read_dataset_event_from_classic to 2025-04-21 00:00:00+00:00, run_after=2025-04-22 00:00:00+00:00
[2025-04-22T01:11:09.200+0000] {processor.py:208} INFO - Processing /home/airflow/.local/lib/python3.12/site-packages/airflow/example_dags/example_inlet_event_extra.py took 0.861 seconds
[2025-04-22T01:11:39.277+0000] {processor.py:186} INFO - Started process (PID=130) to work on /home/airflow/.local/lib/python3.12/site-packages/airflow/example_dags/example_inlet_event_extra.py
[2025-04-22T01:11:39.278+0000] {processor.py:914} INFO - Processing file /home/airflow/.local/lib/python3.12/site-packages/airflow/example_dags/example_inlet_event_extra.py for tasks to queue
[2025-04-22T01:11:39.280+0000] {logging_mixin.py:190} INFO - [2025-04-22T01:11:39.279+0000] {dagbag.py:588} INFO - Filling up the DagBag from /home/airflow/.local/lib/python3.12/site-packages/airflow/example_dags/example_inlet_event_extra.py
[2025-04-22T01:11:39.787+0000] {processor.py:925} INFO - DAG(s) 'read_dataset_event_from_classic', 'read_dataset_event' retrieved from /home/airflow/.local/lib/python3.12/site-packages/airflow/example_dags/example_inlet_event_extra.py
[2025-04-22T01:11:39.804+0000] {logging_mixin.py:190} INFO - [2025-04-22T01:11:39.804+0000] {dag.py:3239} INFO - Sync 2 DAGs
[2025-04-22T01:11:39.826+0000] {logging_mixin.py:190} INFO - [2025-04-22T01:11:39.826+0000] {dag.py:4180} INFO - Setting next_dagrun for read_dataset_event to 2025-04-21 00:00:00+00:00, run_after=2025-04-22 00:00:00+00:00
[2025-04-22T01:11:39.831+0000] {logging_mixin.py:190} INFO - [2025-04-22T01:11:39.831+0000] {dag.py:4180} INFO - Setting next_dagrun for read_dataset_event_from_classic to 2025-04-21 00:00:00+00:00, run_after=2025-04-22 00:00:00+00:00
[2025-04-22T01:11:39.848+0000] {processor.py:208} INFO - Processing /home/airflow/.local/lib/python3.12/site-packages/airflow/example_dags/example_inlet_event_extra.py took 0.576 seconds
[2025-04-22T01:12:09.981+0000] {processor.py:186} INFO - Started process (PID=193) to work on /home/airflow/.local/lib/python3.12/site-packages/airflow/example_dags/example_inlet_event_extra.py
[2025-04-22T01:12:09.981+0000] {processor.py:914} INFO - Processing file /home/airflow/.local/lib/python3.12/site-packages/airflow/example_dags/example_inlet_event_extra.py for tasks to queue
[2025-04-22T01:12:09.983+0000] {logging_mixin.py:190} INFO - [2025-04-22T01:12:09.983+0000] {dagbag.py:588} INFO - Filling up the DagBag from /home/airflow/.local/lib/python3.12/site-packages/airflow/example_dags/example_inlet_event_extra.py
[2025-04-22T01:12:10.558+0000] {processor.py:925} INFO - DAG(s) 'read_dataset_event', 'read_dataset_event_from_classic' retrieved from /home/airflow/.local/lib/python3.12/site-packages/airflow/example_dags/example_inlet_event_extra.py
[2025-04-22T01:12:10.575+0000] {logging_mixin.py:190} INFO - [2025-04-22T01:12:10.575+0000] {dag.py:3239} INFO - Sync 2 DAGs
[2025-04-22T01:12:10.596+0000] {logging_mixin.py:190} INFO - [2025-04-22T01:12:10.596+0000] {dag.py:4180} INFO - Setting next_dagrun for read_dataset_event to 2025-04-21 00:00:00+00:00, run_after=2025-04-22 00:00:00+00:00
[2025-04-22T01:12:10.603+0000] {logging_mixin.py:190} INFO - [2025-04-22T01:12:10.603+0000] {dag.py:4180} INFO - Setting next_dagrun for read_dataset_event_from_classic to 2025-04-21 00:00:00+00:00, run_after=2025-04-22 00:00:00+00:00
[2025-04-22T01:12:10.618+0000] {processor.py:208} INFO - Processing /home/airflow/.local/lib/python3.12/site-packages/airflow/example_dags/example_inlet_event_extra.py took 0.642 seconds
[2025-04-22T01:12:40.685+0000] {processor.py:186} INFO - Started process (PID=267) to work on /home/airflow/.local/lib/python3.12/site-packages/airflow/example_dags/example_inlet_event_extra.py
[2025-04-22T01:12:40.686+0000] {processor.py:914} INFO - Processing file /home/airflow/.local/lib/python3.12/site-packages/airflow/example_dags/example_inlet_event_extra.py for tasks to queue
[2025-04-22T01:12:40.688+0000] {logging_mixin.py:190} INFO - [2025-04-22T01:12:40.688+0000] {dagbag.py:588} INFO - Filling up the DagBag from /home/airflow/.local/lib/python3.12/site-packages/airflow/example_dags/example_inlet_event_extra.py
[2025-04-22T01:12:41.204+0000] {processor.py:925} INFO - DAG(s) 'read_dataset_event_from_classic', 'read_dataset_event' retrieved from /home/airflow/.local/lib/python3.12/site-packages/airflow/example_dags/example_inlet_event_extra.py
[2025-04-22T01:12:41.223+0000] {logging_mixin.py:190} INFO - [2025-04-22T01:12:41.223+0000] {dag.py:3239} INFO - Sync 2 DAGs
[2025-04-22T01:12:41.247+0000] {logging_mixin.py:190} INFO - [2025-04-22T01:12:41.247+0000] {dag.py:4180} INFO - Setting next_dagrun for read_dataset_event to 2025-04-21 00:00:00+00:00, run_after=2025-04-22 00:00:00+00:00
[2025-04-22T01:12:41.253+0000] {logging_mixin.py:190} INFO - [2025-04-22T01:12:41.253+0000] {dag.py:4180} INFO - Setting next_dagrun for read_dataset_event_from_classic to 2025-04-21 00:00:00+00:00, run_after=2025-04-22 00:00:00+00:00
[2025-04-22T01:12:41.267+0000] {processor.py:208} INFO - Processing /home/airflow/.local/lib/python3.12/site-packages/airflow/example_dags/example_inlet_event_extra.py took 0.588 seconds
[2025-04-22T01:13:11.946+0000] {processor.py:186} INFO - Started process (PID=330) to work on /home/airflow/.local/lib/python3.12/site-packages/airflow/example_dags/example_inlet_event_extra.py
[2025-04-22T01:13:11.947+0000] {processor.py:914} INFO - Processing file /home/airflow/.local/lib/python3.12/site-packages/airflow/example_dags/example_inlet_event_extra.py for tasks to queue
[2025-04-22T01:13:11.949+0000] {logging_mixin.py:190} INFO - [2025-04-22T01:13:11.949+0000] {dagbag.py:588} INFO - Filling up the DagBag from /home/airflow/.local/lib/python3.12/site-packages/airflow/example_dags/example_inlet_event_extra.py
[2025-04-22T01:13:12.509+0000] {processor.py:925} INFO - DAG(s) 'read_dataset_event_from_classic', 'read_dataset_event' retrieved from /home/airflow/.local/lib/python3.12/site-packages/airflow/example_dags/example_inlet_event_extra.py
[2025-04-22T01:13:12.528+0000] {logging_mixin.py:190} INFO - [2025-04-22T01:13:12.527+0000] {dag.py:3239} INFO - Sync 2 DAGs
[2025-04-22T01:13:12.550+0000] {logging_mixin.py:190} INFO - [2025-04-22T01:13:12.550+0000] {dag.py:4180} INFO - Setting next_dagrun for read_dataset_event to 2025-04-21 00:00:00+00:00, run_after=2025-04-22 00:00:00+00:00
[2025-04-22T01:13:12.555+0000] {logging_mixin.py:190} INFO - [2025-04-22T01:13:12.555+0000] {dag.py:4180} INFO - Setting next_dagrun for read_dataset_event_from_classic to 2025-04-21 00:00:00+00:00, run_after=2025-04-22 00:00:00+00:00
[2025-04-22T01:13:12.567+0000] {processor.py:208} INFO - Processing /home/airflow/.local/lib/python3.12/site-packages/airflow/example_dags/example_inlet_event_extra.py took 0.627 seconds
[2025-04-22T01:13:42.830+0000] {processor.py:186} INFO - Started process (PID=385) to work on /home/airflow/.local/lib/python3.12/site-packages/airflow/example_dags/example_inlet_event_extra.py
[2025-04-22T01:13:42.831+0000] {processor.py:914} INFO - Processing file /home/airflow/.local/lib/python3.12/site-packages/airflow/example_dags/example_inlet_event_extra.py for tasks to queue
[2025-04-22T01:13:42.833+0000] {logging_mixin.py:190} INFO - [2025-04-22T01:13:42.833+0000] {dagbag.py:588} INFO - Filling up the DagBag from /home/airflow/.local/lib/python3.12/site-packages/airflow/example_dags/example_inlet_event_extra.py
[2025-04-22T01:13:43.386+0000] {processor.py:925} INFO - DAG(s) 'read_dataset_event', 'read_dataset_event_from_classic' retrieved from /home/airflow/.local/lib/python3.12/site-packages/airflow/example_dags/example_inlet_event_extra.py
[2025-04-22T01:13:43.406+0000] {logging_mixin.py:190} INFO - [2025-04-22T01:13:43.406+0000] {dag.py:3239} INFO - Sync 2 DAGs
[2025-04-22T01:13:43.429+0000] {logging_mixin.py:190} INFO - [2025-04-22T01:13:43.429+0000] {dag.py:4180} INFO - Setting next_dagrun for read_dataset_event to 2025-04-21 00:00:00+00:00, run_after=2025-04-22 00:00:00+00:00
[2025-04-22T01:13:43.433+0000] {logging_mixin.py:190} INFO - [2025-04-22T01:13:43.433+0000] {dag.py:4180} INFO - Setting next_dagrun for read_dataset_event_from_classic to 2025-04-21 00:00:00+00:00, run_after=2025-04-22 00:00:00+00:00
[2025-04-22T01:13:43.446+0000] {processor.py:208} INFO - Processing /home/airflow/.local/lib/python3.12/site-packages/airflow/example_dags/example_inlet_event_extra.py took 0.621 seconds
[2025-04-22T01:14:14.205+0000] {processor.py:186} INFO - Started process (PID=448) to work on /home/airflow/.local/lib/python3.12/site-packages/airflow/example_dags/example_inlet_event_extra.py
[2025-04-22T01:14:14.206+0000] {processor.py:914} INFO - Processing file /home/airflow/.local/lib/python3.12/site-packages/airflow/example_dags/example_inlet_event_extra.py for tasks to queue
[2025-04-22T01:14:14.208+0000] {logging_mixin.py:190} INFO - [2025-04-22T01:14:14.208+0000] {dagbag.py:588} INFO - Filling up the DagBag from /home/airflow/.local/lib/python3.12/site-packages/airflow/example_dags/example_inlet_event_extra.py
[2025-04-22T01:14:14.728+0000] {processor.py:925} INFO - DAG(s) 'read_dataset_event_from_classic', 'read_dataset_event' retrieved from /home/airflow/.local/lib/python3.12/site-packages/airflow/example_dags/example_inlet_event_extra.py
[2025-04-22T01:14:14.749+0000] {logging_mixin.py:190} INFO - [2025-04-22T01:14:14.749+0000] {dag.py:3239} INFO - Sync 2 DAGs
[2025-04-22T01:14:14.770+0000] {logging_mixin.py:190} INFO - [2025-04-22T01:14:14.769+0000] {dag.py:4180} INFO - Setting next_dagrun for read_dataset_event to 2025-04-21 00:00:00+00:00, run_after=2025-04-22 00:00:00+00:00
[2025-04-22T01:14:14.774+0000] {logging_mixin.py:190} INFO - [2025-04-22T01:14:14.774+0000] {dag.py:4180} INFO - Setting next_dagrun for read_dataset_event_from_classic to 2025-04-21 00:00:00+00:00, run_after=2025-04-22 00:00:00+00:00
[2025-04-22T01:14:14.787+0000] {processor.py:208} INFO - Processing /home/airflow/.local/lib/python3.12/site-packages/airflow/example_dags/example_inlet_event_extra.py took 0.587 seconds
[2025-04-22T01:14:46.258+0000] {processor.py:186} INFO - Started process (PID=511) to work on /home/airflow/.local/lib/python3.12/site-packages/airflow/example_dags/example_inlet_event_extra.py
[2025-04-22T01:14:46.259+0000] {processor.py:914} INFO - Processing file /home/airflow/.local/lib/python3.12/site-packages/airflow/example_dags/example_inlet_event_extra.py for tasks to queue
[2025-04-22T01:14:46.260+0000] {logging_mixin.py:190} INFO - [2025-04-22T01:14:46.260+0000] {dagbag.py:588} INFO - Filling up the DagBag from /home/airflow/.local/lib/python3.12/site-packages/airflow/example_dags/example_inlet_event_extra.py
[2025-04-22T01:14:46.833+0000] {processor.py:925} INFO - DAG(s) 'read_dataset_event_from_classic', 'read_dataset_event' retrieved from /home/airflow/.local/lib/python3.12/site-packages/airflow/example_dags/example_inlet_event_extra.py
[2025-04-22T01:14:46.851+0000] {logging_mixin.py:190} INFO - [2025-04-22T01:14:46.851+0000] {dag.py:3239} INFO - Sync 2 DAGs
[2025-04-22T01:14:46.878+0000] {logging_mixin.py:190} INFO - [2025-04-22T01:14:46.878+0000] {dag.py:4180} INFO - Setting next_dagrun for read_dataset_event to 2025-04-21 00:00:00+00:00, run_after=2025-04-22 00:00:00+00:00
[2025-04-22T01:14:46.883+0000] {logging_mixin.py:190} INFO - [2025-04-22T01:14:46.883+0000] {dag.py:4180} INFO - Setting next_dagrun for read_dataset_event_from_classic to 2025-04-21 00:00:00+00:00, run_after=2025-04-22 00:00:00+00:00
[2025-04-22T01:14:46.901+0000] {processor.py:208} INFO - Processing /home/airflow/.local/lib/python3.12/site-packages/airflow/example_dags/example_inlet_event_extra.py took 0.648 seconds
[2025-04-22T01:15:17.154+0000] {processor.py:186} INFO - Started process (PID=576) to work on /home/airflow/.local/lib/python3.12/site-packages/airflow/example_dags/example_inlet_event_extra.py
[2025-04-22T01:15:17.155+0000] {processor.py:914} INFO - Processing file /home/airflow/.local/lib/python3.12/site-packages/airflow/example_dags/example_inlet_event_extra.py for tasks to queue
[2025-04-22T01:15:17.157+0000] {logging_mixin.py:190} INFO - [2025-04-22T01:15:17.157+0000] {dagbag.py:588} INFO - Filling up the DagBag from /home/airflow/.local/lib/python3.12/site-packages/airflow/example_dags/example_inlet_event_extra.py
[2025-04-22T01:15:17.684+0000] {processor.py:925} INFO - DAG(s) 'read_dataset_event', 'read_dataset_event_from_classic' retrieved from /home/airflow/.local/lib/python3.12/site-packages/airflow/example_dags/example_inlet_event_extra.py
[2025-04-22T01:15:17.705+0000] {logging_mixin.py:190} INFO - [2025-04-22T01:15:17.705+0000] {dag.py:3239} INFO - Sync 2 DAGs
[2025-04-22T01:15:17.727+0000] {logging_mixin.py:190} INFO - [2025-04-22T01:15:17.727+0000] {dag.py:4180} INFO - Setting next_dagrun for read_dataset_event to 2025-04-21 00:00:00+00:00, run_after=2025-04-22 00:00:00+00:00
[2025-04-22T01:15:17.731+0000] {logging_mixin.py:190} INFO - [2025-04-22T01:15:17.731+0000] {dag.py:4180} INFO - Setting next_dagrun for read_dataset_event_from_classic to 2025-04-21 00:00:00+00:00, run_after=2025-04-22 00:00:00+00:00
[2025-04-22T01:15:17.745+0000] {processor.py:208} INFO - Processing /home/airflow/.local/lib/python3.12/site-packages/airflow/example_dags/example_inlet_event_extra.py took 0.595 seconds
[2025-04-22T01:15:48.776+0000] {processor.py:186} INFO - Started process (PID=637) to work on /home/airflow/.local/lib/python3.12/site-packages/airflow/example_dags/example_inlet_event_extra.py
[2025-04-22T01:15:48.777+0000] {processor.py:914} INFO - Processing file /home/airflow/.local/lib/python3.12/site-packages/airflow/example_dags/example_inlet_event_extra.py for tasks to queue
[2025-04-22T01:15:48.778+0000] {logging_mixin.py:190} INFO - [2025-04-22T01:15:48.778+0000] {dagbag.py:588} INFO - Filling up the DagBag from /home/airflow/.local/lib/python3.12/site-packages/airflow/example_dags/example_inlet_event_extra.py
[2025-04-22T01:15:49.334+0000] {processor.py:925} INFO - DAG(s) 'read_dataset_event_from_classic', 'read_dataset_event' retrieved from /home/airflow/.local/lib/python3.12/site-packages/airflow/example_dags/example_inlet_event_extra.py
[2025-04-22T01:15:49.355+0000] {logging_mixin.py:190} INFO - [2025-04-22T01:15:49.354+0000] {dag.py:3239} INFO - Sync 2 DAGs
[2025-04-22T01:15:49.375+0000] {logging_mixin.py:190} INFO - [2025-04-22T01:15:49.375+0000] {dag.py:4180} INFO - Setting next_dagrun for read_dataset_event to 2025-04-21 00:00:00+00:00, run_after=2025-04-22 00:00:00+00:00
[2025-04-22T01:15:49.380+0000] {logging_mixin.py:190} INFO - [2025-04-22T01:15:49.380+0000] {dag.py:4180} INFO - Setting next_dagrun for read_dataset_event_from_classic to 2025-04-21 00:00:00+00:00, run_after=2025-04-22 00:00:00+00:00
[2025-04-22T01:15:49.396+0000] {processor.py:208} INFO - Processing /home/airflow/.local/lib/python3.12/site-packages/airflow/example_dags/example_inlet_event_extra.py took 0.624 seconds
[2025-04-22T01:16:19.723+0000] {processor.py:186} INFO - Started process (PID=705) to work on /home/airflow/.local/lib/python3.12/site-packages/airflow/example_dags/example_inlet_event_extra.py
[2025-04-22T01:16:19.725+0000] {processor.py:914} INFO - Processing file /home/airflow/.local/lib/python3.12/site-packages/airflow/example_dags/example_inlet_event_extra.py for tasks to queue
[2025-04-22T01:16:19.727+0000] {logging_mixin.py:190} INFO - [2025-04-22T01:16:19.727+0000] {dagbag.py:588} INFO - Filling up the DagBag from /home/airflow/.local/lib/python3.12/site-packages/airflow/example_dags/example_inlet_event_extra.py
[2025-04-22T01:16:20.303+0000] {processor.py:925} INFO - DAG(s) 'read_dataset_event_from_classic', 'read_dataset_event' retrieved from /home/airflow/.local/lib/python3.12/site-packages/airflow/example_dags/example_inlet_event_extra.py
[2025-04-22T01:16:20.323+0000] {logging_mixin.py:190} INFO - [2025-04-22T01:16:20.323+0000] {dag.py:3239} INFO - Sync 2 DAGs
[2025-04-22T01:16:20.347+0000] {logging_mixin.py:190} INFO - [2025-04-22T01:16:20.347+0000] {dag.py:4180} INFO - Setting next_dagrun for read_dataset_event to 2025-04-21 00:00:00+00:00, run_after=2025-04-22 00:00:00+00:00
[2025-04-22T01:16:20.352+0000] {logging_mixin.py:190} INFO - [2025-04-22T01:16:20.351+0000] {dag.py:4180} INFO - Setting next_dagrun for read_dataset_event_from_classic to 2025-04-21 00:00:00+00:00, run_after=2025-04-22 00:00:00+00:00
[2025-04-22T01:16:20.365+0000] {processor.py:208} INFO - Processing /home/airflow/.local/lib/python3.12/site-packages/airflow/example_dags/example_inlet_event_extra.py took 0.647 seconds
[2025-04-22T01:16:50.943+0000] {processor.py:186} INFO - Started process (PID=763) to work on /home/airflow/.local/lib/python3.12/site-packages/airflow/example_dags/example_inlet_event_extra.py
[2025-04-22T01:16:50.944+0000] {processor.py:914} INFO - Processing file /home/airflow/.local/lib/python3.12/site-packages/airflow/example_dags/example_inlet_event_extra.py for tasks to queue
[2025-04-22T01:16:50.946+0000] {logging_mixin.py:190} INFO - [2025-04-22T01:16:50.945+0000] {dagbag.py:588} INFO - Filling up the DagBag from /home/airflow/.local/lib/python3.12/site-packages/airflow/example_dags/example_inlet_event_extra.py
[2025-04-22T01:16:51.529+0000] {processor.py:925} INFO - DAG(s) 'read_dataset_event', 'read_dataset_event_from_classic' retrieved from /home/airflow/.local/lib/python3.12/site-packages/airflow/example_dags/example_inlet_event_extra.py
[2025-04-22T01:16:51.547+0000] {logging_mixin.py:190} INFO - [2025-04-22T01:16:51.547+0000] {dag.py:3239} INFO - Sync 2 DAGs
[2025-04-22T01:16:51.571+0000] {logging_mixin.py:190} INFO - [2025-04-22T01:16:51.571+0000] {dag.py:4180} INFO - Setting next_dagrun for read_dataset_event to 2025-04-21 00:00:00+00:00, run_after=2025-04-22 00:00:00+00:00
[2025-04-22T01:16:51.578+0000] {logging_mixin.py:190} INFO - [2025-04-22T01:16:51.577+0000] {dag.py:4180} INFO - Setting next_dagrun for read_dataset_event_from_classic to 2025-04-21 00:00:00+00:00, run_after=2025-04-22 00:00:00+00:00
[2025-04-22T01:16:51.594+0000] {processor.py:208} INFO - Processing /home/airflow/.local/lib/python3.12/site-packages/airflow/example_dags/example_inlet_event_extra.py took 0.657 seconds
[2025-04-22T01:17:22.401+0000] {processor.py:186} INFO - Started process (PID=826) to work on /home/airflow/.local/lib/python3.12/site-packages/airflow/example_dags/example_inlet_event_extra.py
[2025-04-22T01:17:22.402+0000] {processor.py:914} INFO - Processing file /home/airflow/.local/lib/python3.12/site-packages/airflow/example_dags/example_inlet_event_extra.py for tasks to queue
[2025-04-22T01:17:22.404+0000] {logging_mixin.py:190} INFO - [2025-04-22T01:17:22.404+0000] {dagbag.py:588} INFO - Filling up the DagBag from /home/airflow/.local/lib/python3.12/site-packages/airflow/example_dags/example_inlet_event_extra.py
[2025-04-22T01:17:22.980+0000] {processor.py:925} INFO - DAG(s) 'read_dataset_event_from_classic', 'read_dataset_event' retrieved from /home/airflow/.local/lib/python3.12/site-packages/airflow/example_dags/example_inlet_event_extra.py
[2025-04-22T01:17:22.999+0000] {logging_mixin.py:190} INFO - [2025-04-22T01:17:22.998+0000] {dag.py:3239} INFO - Sync 2 DAGs
[2025-04-22T01:17:23.021+0000] {logging_mixin.py:190} INFO - [2025-04-22T01:17:23.021+0000] {dag.py:4180} INFO - Setting next_dagrun for read_dataset_event to 2025-04-21 00:00:00+00:00, run_after=2025-04-22 00:00:00+00:00
[2025-04-22T01:17:23.026+0000] {logging_mixin.py:190} INFO - [2025-04-22T01:17:23.025+0000] {dag.py:4180} INFO - Setting next_dagrun for read_dataset_event_from_classic to 2025-04-21 00:00:00+00:00, run_after=2025-04-22 00:00:00+00:00
[2025-04-22T01:17:23.038+0000] {processor.py:208} INFO - Processing /home/airflow/.local/lib/python3.12/site-packages/airflow/example_dags/example_inlet_event_extra.py took 0.642 seconds
[2025-04-22T01:17:53.909+0000] {processor.py:186} INFO - Started process (PID=889) to work on /home/airflow/.local/lib/python3.12/site-packages/airflow/example_dags/example_inlet_event_extra.py
[2025-04-22T01:17:53.910+0000] {processor.py:914} INFO - Processing file /home/airflow/.local/lib/python3.12/site-packages/airflow/example_dags/example_inlet_event_extra.py for tasks to queue
[2025-04-22T01:17:53.912+0000] {logging_mixin.py:190} INFO - [2025-04-22T01:17:53.912+0000] {dagbag.py:588} INFO - Filling up the DagBag from /home/airflow/.local/lib/python3.12/site-packages/airflow/example_dags/example_inlet_event_extra.py
[2025-04-22T01:17:54.540+0000] {processor.py:925} INFO - DAG(s) 'read_dataset_event_from_classic', 'read_dataset_event' retrieved from /home/airflow/.local/lib/python3.12/site-packages/airflow/example_dags/example_inlet_event_extra.py
[2025-04-22T01:17:54.561+0000] {logging_mixin.py:190} INFO - [2025-04-22T01:17:54.561+0000] {dag.py:3239} INFO - Sync 2 DAGs
[2025-04-22T01:17:54.589+0000] {logging_mixin.py:190} INFO - [2025-04-22T01:17:54.589+0000] {dag.py:4180} INFO - Setting next_dagrun for read_dataset_event to 2025-04-21 00:00:00+00:00, run_after=2025-04-22 00:00:00+00:00
[2025-04-22T01:17:54.597+0000] {logging_mixin.py:190} INFO - [2025-04-22T01:17:54.597+0000] {dag.py:4180} INFO - Setting next_dagrun for read_dataset_event_from_classic to 2025-04-21 00:00:00+00:00, run_after=2025-04-22 00:00:00+00:00
[2025-04-22T01:17:54.615+0000] {processor.py:208} INFO - Processing /home/airflow/.local/lib/python3.12/site-packages/airflow/example_dags/example_inlet_event_extra.py took 0.712 seconds
[2025-04-22T01:18:25.251+0000] {processor.py:186} INFO - Started process (PID=955) to work on /home/airflow/.local/lib/python3.12/site-packages/airflow/example_dags/example_inlet_event_extra.py
[2025-04-22T01:18:25.252+0000] {processor.py:914} INFO - Processing file /home/airflow/.local/lib/python3.12/site-packages/airflow/example_dags/example_inlet_event_extra.py for tasks to queue
[2025-04-22T01:18:25.255+0000] {logging_mixin.py:190} INFO - [2025-04-22T01:18:25.254+0000] {dagbag.py:588} INFO - Filling up the DagBag from /home/airflow/.local/lib/python3.12/site-packages/airflow/example_dags/example_inlet_event_extra.py
[2025-04-22T01:18:26.065+0000] {processor.py:925} INFO - DAG(s) 'read_dataset_event_from_classic', 'read_dataset_event' retrieved from /home/airflow/.local/lib/python3.12/site-packages/airflow/example_dags/example_inlet_event_extra.py
[2025-04-22T01:18:26.085+0000] {logging_mixin.py:190} INFO - [2025-04-22T01:18:26.085+0000] {dag.py:3239} INFO - Sync 2 DAGs
[2025-04-22T01:18:26.109+0000] {logging_mixin.py:190} INFO - [2025-04-22T01:18:26.108+0000] {dag.py:4180} INFO - Setting next_dagrun for read_dataset_event to 2025-04-21 00:00:00+00:00, run_after=2025-04-22 00:00:00+00:00
[2025-04-22T01:18:26.114+0000] {logging_mixin.py:190} INFO - [2025-04-22T01:18:26.113+0000] {dag.py:4180} INFO - Setting next_dagrun for read_dataset_event_from_classic to 2025-04-21 00:00:00+00:00, run_after=2025-04-22 00:00:00+00:00
[2025-04-22T01:18:26.132+0000] {processor.py:208} INFO - Processing /home/airflow/.local/lib/python3.12/site-packages/airflow/example_dags/example_inlet_event_extra.py took 0.887 seconds
