[2025-04-22T01:11:12.596+0000] {processor.py:186} INFO - Started process (PID=94) to work on /home/airflow/.local/lib/python3.12/site-packages/airflow/example_dags/example_latest_only_with_trigger.py
[2025-04-22T01:11:12.598+0000] {processor.py:914} INFO - Processing file /home/airflow/.local/lib/python3.12/site-packages/airflow/example_dags/example_latest_only_with_trigger.py for tasks to queue
[2025-04-22T01:11:12.601+0000] {logging_mixin.py:190} INFO - [2025-04-22T01:11:12.600+0000] {dagbag.py:588} INFO - Filling up the DagBag from /home/airflow/.local/lib/python3.12/site-packages/airflow/example_dags/example_latest_only_with_trigger.py
[2025-04-22T01:11:12.614+0000] {processor.py:925} INFO - DAG(s) 'latest_only_with_trigger' retrieved from /home/airflow/.local/lib/python3.12/site-packages/airflow/example_dags/example_latest_only_with_trigger.py
[2025-04-22T01:11:12.733+0000] {logging_mixin.py:190} INFO - [2025-04-22T01:11:12.732+0000] {override.py:1912} INFO - Created Permission View: can delete on DAG:latest_only_with_trigger
[2025-04-22T01:11:12.745+0000] {logging_mixin.py:190} INFO - [2025-04-22T01:11:12.744+0000] {override.py:1912} INFO - Created Permission View: can read on DAG:latest_only_with_trigger
[2025-04-22T01:11:12.753+0000] {logging_mixin.py:190} INFO - [2025-04-22T01:11:12.753+0000] {override.py:1912} INFO - Created Permission View: can edit on DAG:latest_only_with_trigger
[2025-04-22T01:11:12.762+0000] {logging_mixin.py:190} INFO - [2025-04-22T01:11:12.762+0000] {override.py:1912} INFO - Created Permission View: menu access on DAG Run:latest_only_with_trigger
[2025-04-22T01:11:12.770+0000] {logging_mixin.py:190} INFO - [2025-04-22T01:11:12.769+0000] {override.py:1912} INFO - Created Permission View: can delete on DAG Run:latest_only_with_trigger
[2025-04-22T01:11:12.776+0000] {logging_mixin.py:190} INFO - [2025-04-22T01:11:12.776+0000] {override.py:1912} INFO - Created Permission View: can read on DAG Run:latest_only_with_trigger
[2025-04-22T01:11:12.784+0000] {logging_mixin.py:190} INFO - [2025-04-22T01:11:12.784+0000] {override.py:1912} INFO - Created Permission View: can create on DAG Run:latest_only_with_trigger
[2025-04-22T01:11:12.785+0000] {logging_mixin.py:190} INFO - [2025-04-22T01:11:12.785+0000] {dag.py:3239} INFO - Sync 1 DAGs
[2025-04-22T01:11:12.800+0000] {logging_mixin.py:190} INFO - [2025-04-22T01:11:12.799+0000] {dag.py:3262} INFO - Creating ORM DAG for latest_only_with_trigger
[2025-04-22T01:11:12.811+0000] {logging_mixin.py:190} INFO - [2025-04-22T01:11:12.810+0000] {dag.py:4180} INFO - Setting next_dagrun for latest_only_with_trigger to 2025-04-21 20:00:00+00:00, run_after=2025-04-22 00:00:00+00:00
[2025-04-22T01:11:12.830+0000] {processor.py:208} INFO - Processing /home/airflow/.local/lib/python3.12/site-packages/airflow/example_dags/example_latest_only_with_trigger.py took 0.240 seconds
[2025-04-22T01:11:43.216+0000] {processor.py:186} INFO - Started process (PID=157) to work on /home/airflow/.local/lib/python3.12/site-packages/airflow/example_dags/example_latest_only_with_trigger.py
[2025-04-22T01:11:43.217+0000] {processor.py:914} INFO - Processing file /home/airflow/.local/lib/python3.12/site-packages/airflow/example_dags/example_latest_only_with_trigger.py for tasks to queue
[2025-04-22T01:11:43.219+0000] {logging_mixin.py:190} INFO - [2025-04-22T01:11:43.219+0000] {dagbag.py:588} INFO - Filling up the DagBag from /home/airflow/.local/lib/python3.12/site-packages/airflow/example_dags/example_latest_only_with_trigger.py
[2025-04-22T01:11:43.226+0000] {processor.py:925} INFO - DAG(s) 'latest_only_with_trigger' retrieved from /home/airflow/.local/lib/python3.12/site-packages/airflow/example_dags/example_latest_only_with_trigger.py
[2025-04-22T01:11:43.243+0000] {logging_mixin.py:190} INFO - [2025-04-22T01:11:43.243+0000] {dag.py:3239} INFO - Sync 1 DAGs
[2025-04-22T01:11:43.262+0000] {logging_mixin.py:190} INFO - [2025-04-22T01:11:43.262+0000] {dag.py:4180} INFO - Setting next_dagrun for latest_only_with_trigger to 2025-04-21 20:00:00+00:00, run_after=2025-04-22 00:00:00+00:00
[2025-04-22T01:11:43.280+0000] {processor.py:208} INFO - Processing /home/airflow/.local/lib/python3.12/site-packages/airflow/example_dags/example_latest_only_with_trigger.py took 0.070 seconds
[2025-04-22T01:12:13.448+0000] {processor.py:186} INFO - Started process (PID=220) to work on /home/airflow/.local/lib/python3.12/site-packages/airflow/example_dags/example_latest_only_with_trigger.py
[2025-04-22T01:12:13.449+0000] {processor.py:914} INFO - Processing file /home/airflow/.local/lib/python3.12/site-packages/airflow/example_dags/example_latest_only_with_trigger.py for tasks to queue
[2025-04-22T01:12:13.451+0000] {logging_mixin.py:190} INFO - [2025-04-22T01:12:13.451+0000] {dagbag.py:588} INFO - Filling up the DagBag from /home/airflow/.local/lib/python3.12/site-packages/airflow/example_dags/example_latest_only_with_trigger.py
[2025-04-22T01:12:13.457+0000] {processor.py:925} INFO - DAG(s) 'latest_only_with_trigger' retrieved from /home/airflow/.local/lib/python3.12/site-packages/airflow/example_dags/example_latest_only_with_trigger.py
[2025-04-22T01:12:13.475+0000] {logging_mixin.py:190} INFO - [2025-04-22T01:12:13.475+0000] {dag.py:3239} INFO - Sync 1 DAGs
[2025-04-22T01:12:13.499+0000] {logging_mixin.py:190} INFO - [2025-04-22T01:12:13.499+0000] {dag.py:4180} INFO - Setting next_dagrun for latest_only_with_trigger to 2025-04-21 20:00:00+00:00, run_after=2025-04-22 00:00:00+00:00
[2025-04-22T01:12:13.515+0000] {processor.py:208} INFO - Processing /home/airflow/.local/lib/python3.12/site-packages/airflow/example_dags/example_latest_only_with_trigger.py took 0.072 seconds
[2025-04-22T01:12:43.857+0000] {processor.py:186} INFO - Started process (PID=283) to work on /home/airflow/.local/lib/python3.12/site-packages/airflow/example_dags/example_latest_only_with_trigger.py
[2025-04-22T01:12:43.858+0000] {processor.py:914} INFO - Processing file /home/airflow/.local/lib/python3.12/site-packages/airflow/example_dags/example_latest_only_with_trigger.py for tasks to queue
[2025-04-22T01:12:43.860+0000] {logging_mixin.py:190} INFO - [2025-04-22T01:12:43.860+0000] {dagbag.py:588} INFO - Filling up the DagBag from /home/airflow/.local/lib/python3.12/site-packages/airflow/example_dags/example_latest_only_with_trigger.py
[2025-04-22T01:12:43.866+0000] {processor.py:925} INFO - DAG(s) 'latest_only_with_trigger' retrieved from /home/airflow/.local/lib/python3.12/site-packages/airflow/example_dags/example_latest_only_with_trigger.py
[2025-04-22T01:12:43.883+0000] {logging_mixin.py:190} INFO - [2025-04-22T01:12:43.883+0000] {dag.py:3239} INFO - Sync 1 DAGs
[2025-04-22T01:12:43.904+0000] {logging_mixin.py:190} INFO - [2025-04-22T01:12:43.904+0000] {dag.py:4180} INFO - Setting next_dagrun for latest_only_with_trigger to 2025-04-21 20:00:00+00:00, run_after=2025-04-22 00:00:00+00:00
[2025-04-22T01:12:43.922+0000] {processor.py:208} INFO - Processing /home/airflow/.local/lib/python3.12/site-packages/airflow/example_dags/example_latest_only_with_trigger.py took 0.070 seconds
[2025-04-22T01:13:14.128+0000] {processor.py:186} INFO - Started process (PID=346) to work on /home/airflow/.local/lib/python3.12/site-packages/airflow/example_dags/example_latest_only_with_trigger.py
[2025-04-22T01:13:14.129+0000] {processor.py:914} INFO - Processing file /home/airflow/.local/lib/python3.12/site-packages/airflow/example_dags/example_latest_only_with_trigger.py for tasks to queue
[2025-04-22T01:13:14.131+0000] {logging_mixin.py:190} INFO - [2025-04-22T01:13:14.131+0000] {dagbag.py:588} INFO - Filling up the DagBag from /home/airflow/.local/lib/python3.12/site-packages/airflow/example_dags/example_latest_only_with_trigger.py
[2025-04-22T01:13:14.139+0000] {processor.py:925} INFO - DAG(s) 'latest_only_with_trigger' retrieved from /home/airflow/.local/lib/python3.12/site-packages/airflow/example_dags/example_latest_only_with_trigger.py
[2025-04-22T01:13:14.158+0000] {logging_mixin.py:190} INFO - [2025-04-22T01:13:14.157+0000] {dag.py:3239} INFO - Sync 1 DAGs
[2025-04-22T01:13:14.179+0000] {logging_mixin.py:190} INFO - [2025-04-22T01:13:14.179+0000] {dag.py:4180} INFO - Setting next_dagrun for latest_only_with_trigger to 2025-04-21 20:00:00+00:00, run_after=2025-04-22 00:00:00+00:00
[2025-04-22T01:13:14.199+0000] {processor.py:208} INFO - Processing /home/airflow/.local/lib/python3.12/site-packages/airflow/example_dags/example_latest_only_with_trigger.py took 0.076 seconds
[2025-04-22T01:13:44.638+0000] {processor.py:186} INFO - Started process (PID=408) to work on /home/airflow/.local/lib/python3.12/site-packages/airflow/example_dags/example_latest_only_with_trigger.py
[2025-04-22T01:13:44.638+0000] {processor.py:914} INFO - Processing file /home/airflow/.local/lib/python3.12/site-packages/airflow/example_dags/example_latest_only_with_trigger.py for tasks to queue
[2025-04-22T01:13:44.640+0000] {logging_mixin.py:190} INFO - [2025-04-22T01:13:44.640+0000] {dagbag.py:588} INFO - Filling up the DagBag from /home/airflow/.local/lib/python3.12/site-packages/airflow/example_dags/example_latest_only_with_trigger.py
[2025-04-22T01:13:44.646+0000] {processor.py:925} INFO - DAG(s) 'latest_only_with_trigger' retrieved from /home/airflow/.local/lib/python3.12/site-packages/airflow/example_dags/example_latest_only_with_trigger.py
[2025-04-22T01:13:44.663+0000] {logging_mixin.py:190} INFO - [2025-04-22T01:13:44.662+0000] {dag.py:3239} INFO - Sync 1 DAGs
[2025-04-22T01:13:44.683+0000] {logging_mixin.py:190} INFO - [2025-04-22T01:13:44.682+0000] {dag.py:4180} INFO - Setting next_dagrun for latest_only_with_trigger to 2025-04-21 20:00:00+00:00, run_after=2025-04-22 00:00:00+00:00
[2025-04-22T01:13:44.697+0000] {processor.py:208} INFO - Processing /home/airflow/.local/lib/python3.12/site-packages/airflow/example_dags/example_latest_only_with_trigger.py took 0.065 seconds
[2025-04-22T01:14:15.813+0000] {processor.py:186} INFO - Started process (PID=471) to work on /home/airflow/.local/lib/python3.12/site-packages/airflow/example_dags/example_latest_only_with_trigger.py
[2025-04-22T01:14:15.814+0000] {processor.py:914} INFO - Processing file /home/airflow/.local/lib/python3.12/site-packages/airflow/example_dags/example_latest_only_with_trigger.py for tasks to queue
[2025-04-22T01:14:15.816+0000] {logging_mixin.py:190} INFO - [2025-04-22T01:14:15.815+0000] {dagbag.py:588} INFO - Filling up the DagBag from /home/airflow/.local/lib/python3.12/site-packages/airflow/example_dags/example_latest_only_with_trigger.py
[2025-04-22T01:14:15.823+0000] {processor.py:925} INFO - DAG(s) 'latest_only_with_trigger' retrieved from /home/airflow/.local/lib/python3.12/site-packages/airflow/example_dags/example_latest_only_with_trigger.py
[2025-04-22T01:14:15.842+0000] {logging_mixin.py:190} INFO - [2025-04-22T01:14:15.842+0000] {dag.py:3239} INFO - Sync 1 DAGs
[2025-04-22T01:14:15.862+0000] {logging_mixin.py:190} INFO - [2025-04-22T01:14:15.862+0000] {dag.py:4180} INFO - Setting next_dagrun for latest_only_with_trigger to 2025-04-21 20:00:00+00:00, run_after=2025-04-22 00:00:00+00:00
[2025-04-22T01:14:15.878+0000] {processor.py:208} INFO - Processing /home/airflow/.local/lib/python3.12/site-packages/airflow/example_dags/example_latest_only_with_trigger.py took 0.070 seconds
[2025-04-22T01:14:48.324+0000] {processor.py:186} INFO - Started process (PID=535) to work on /home/airflow/.local/lib/python3.12/site-packages/airflow/example_dags/example_latest_only_with_trigger.py
[2025-04-22T01:14:48.325+0000] {processor.py:914} INFO - Processing file /home/airflow/.local/lib/python3.12/site-packages/airflow/example_dags/example_latest_only_with_trigger.py for tasks to queue
[2025-04-22T01:14:48.328+0000] {logging_mixin.py:190} INFO - [2025-04-22T01:14:48.328+0000] {dagbag.py:588} INFO - Filling up the DagBag from /home/airflow/.local/lib/python3.12/site-packages/airflow/example_dags/example_latest_only_with_trigger.py
[2025-04-22T01:14:48.336+0000] {processor.py:925} INFO - DAG(s) 'latest_only_with_trigger' retrieved from /home/airflow/.local/lib/python3.12/site-packages/airflow/example_dags/example_latest_only_with_trigger.py
[2025-04-22T01:14:48.355+0000] {logging_mixin.py:190} INFO - [2025-04-22T01:14:48.355+0000] {dag.py:3239} INFO - Sync 1 DAGs
[2025-04-22T01:14:48.377+0000] {logging_mixin.py:190} INFO - [2025-04-22T01:14:48.376+0000] {dag.py:4180} INFO - Setting next_dagrun for latest_only_with_trigger to 2025-04-21 20:00:00+00:00, run_after=2025-04-22 00:00:00+00:00
[2025-04-22T01:14:48.396+0000] {processor.py:208} INFO - Processing /home/airflow/.local/lib/python3.12/site-packages/airflow/example_dags/example_latest_only_with_trigger.py took 0.078 seconds
[2025-04-22T01:15:18.680+0000] {processor.py:186} INFO - Started process (PID=598) to work on /home/airflow/.local/lib/python3.12/site-packages/airflow/example_dags/example_latest_only_with_trigger.py
[2025-04-22T01:15:18.680+0000] {processor.py:914} INFO - Processing file /home/airflow/.local/lib/python3.12/site-packages/airflow/example_dags/example_latest_only_with_trigger.py for tasks to queue
[2025-04-22T01:15:18.682+0000] {logging_mixin.py:190} INFO - [2025-04-22T01:15:18.682+0000] {dagbag.py:588} INFO - Filling up the DagBag from /home/airflow/.local/lib/python3.12/site-packages/airflow/example_dags/example_latest_only_with_trigger.py
[2025-04-22T01:15:18.688+0000] {processor.py:925} INFO - DAG(s) 'latest_only_with_trigger' retrieved from /home/airflow/.local/lib/python3.12/site-packages/airflow/example_dags/example_latest_only_with_trigger.py
[2025-04-22T01:15:18.706+0000] {logging_mixin.py:190} INFO - [2025-04-22T01:15:18.705+0000] {dag.py:3239} INFO - Sync 1 DAGs
[2025-04-22T01:15:18.726+0000] {logging_mixin.py:190} INFO - [2025-04-22T01:15:18.726+0000] {dag.py:4180} INFO - Setting next_dagrun for latest_only_with_trigger to 2025-04-21 20:00:00+00:00, run_after=2025-04-22 00:00:00+00:00
[2025-04-22T01:15:18.745+0000] {processor.py:208} INFO - Processing /home/airflow/.local/lib/python3.12/site-packages/airflow/example_dags/example_latest_only_with_trigger.py took 0.070 seconds
[2025-04-22T01:15:50.813+0000] {processor.py:186} INFO - Started process (PID=661) to work on /home/airflow/.local/lib/python3.12/site-packages/airflow/example_dags/example_latest_only_with_trigger.py
[2025-04-22T01:15:50.813+0000] {processor.py:914} INFO - Processing file /home/airflow/.local/lib/python3.12/site-packages/airflow/example_dags/example_latest_only_with_trigger.py for tasks to queue
[2025-04-22T01:15:50.815+0000] {logging_mixin.py:190} INFO - [2025-04-22T01:15:50.815+0000] {dagbag.py:588} INFO - Filling up the DagBag from /home/airflow/.local/lib/python3.12/site-packages/airflow/example_dags/example_latest_only_with_trigger.py
[2025-04-22T01:15:50.822+0000] {processor.py:925} INFO - DAG(s) 'latest_only_with_trigger' retrieved from /home/airflow/.local/lib/python3.12/site-packages/airflow/example_dags/example_latest_only_with_trigger.py
[2025-04-22T01:15:50.840+0000] {logging_mixin.py:190} INFO - [2025-04-22T01:15:50.839+0000] {dag.py:3239} INFO - Sync 1 DAGs
[2025-04-22T01:15:50.860+0000] {logging_mixin.py:190} INFO - [2025-04-22T01:15:50.860+0000] {dag.py:4180} INFO - Setting next_dagrun for latest_only_with_trigger to 2025-04-21 20:00:00+00:00, run_after=2025-04-22 00:00:00+00:00
[2025-04-22T01:15:50.877+0000] {processor.py:208} INFO - Processing /home/airflow/.local/lib/python3.12/site-packages/airflow/example_dags/example_latest_only_with_trigger.py took 0.069 seconds
[2025-04-22T01:16:21.111+0000] {processor.py:186} INFO - Started process (PID=724) to work on /home/airflow/.local/lib/python3.12/site-packages/airflow/example_dags/example_latest_only_with_trigger.py
[2025-04-22T01:16:21.112+0000] {processor.py:914} INFO - Processing file /home/airflow/.local/lib/python3.12/site-packages/airflow/example_dags/example_latest_only_with_trigger.py for tasks to queue
[2025-04-22T01:16:21.114+0000] {logging_mixin.py:190} INFO - [2025-04-22T01:16:21.114+0000] {dagbag.py:588} INFO - Filling up the DagBag from /home/airflow/.local/lib/python3.12/site-packages/airflow/example_dags/example_latest_only_with_trigger.py
[2025-04-22T01:16:21.121+0000] {processor.py:925} INFO - DAG(s) 'latest_only_with_trigger' retrieved from /home/airflow/.local/lib/python3.12/site-packages/airflow/example_dags/example_latest_only_with_trigger.py
[2025-04-22T01:16:21.141+0000] {logging_mixin.py:190} INFO - [2025-04-22T01:16:21.141+0000] {dag.py:3239} INFO - Sync 1 DAGs
[2025-04-22T01:16:21.163+0000] {logging_mixin.py:190} INFO - [2025-04-22T01:16:21.162+0000] {dag.py:4180} INFO - Setting next_dagrun for latest_only_with_trigger to 2025-04-21 20:00:00+00:00, run_after=2025-04-22 00:00:00+00:00
[2025-04-22T01:16:21.178+0000] {processor.py:208} INFO - Processing /home/airflow/.local/lib/python3.12/site-packages/airflow/example_dags/example_latest_only_with_trigger.py took 0.072 seconds
[2025-04-22T01:16:52.962+0000] {processor.py:186} INFO - Started process (PID=787) to work on /home/airflow/.local/lib/python3.12/site-packages/airflow/example_dags/example_latest_only_with_trigger.py
[2025-04-22T01:16:52.963+0000] {processor.py:914} INFO - Processing file /home/airflow/.local/lib/python3.12/site-packages/airflow/example_dags/example_latest_only_with_trigger.py for tasks to queue
[2025-04-22T01:16:52.965+0000] {logging_mixin.py:190} INFO - [2025-04-22T01:16:52.964+0000] {dagbag.py:588} INFO - Filling up the DagBag from /home/airflow/.local/lib/python3.12/site-packages/airflow/example_dags/example_latest_only_with_trigger.py
[2025-04-22T01:16:52.971+0000] {processor.py:925} INFO - DAG(s) 'latest_only_with_trigger' retrieved from /home/airflow/.local/lib/python3.12/site-packages/airflow/example_dags/example_latest_only_with_trigger.py
[2025-04-22T01:16:52.989+0000] {logging_mixin.py:190} INFO - [2025-04-22T01:16:52.989+0000] {dag.py:3239} INFO - Sync 1 DAGs
[2025-04-22T01:16:53.011+0000] {logging_mixin.py:190} INFO - [2025-04-22T01:16:53.010+0000] {dag.py:4180} INFO - Setting next_dagrun for latest_only_with_trigger to 2025-04-21 20:00:00+00:00, run_after=2025-04-22 00:00:00+00:00
[2025-04-22T01:16:53.027+0000] {processor.py:208} INFO - Processing /home/airflow/.local/lib/python3.12/site-packages/airflow/example_dags/example_latest_only_with_trigger.py took 0.072 seconds
[2025-04-22T01:17:24.823+0000] {processor.py:186} INFO - Started process (PID=850) to work on /home/airflow/.local/lib/python3.12/site-packages/airflow/example_dags/example_latest_only_with_trigger.py
[2025-04-22T01:17:24.824+0000] {processor.py:914} INFO - Processing file /home/airflow/.local/lib/python3.12/site-packages/airflow/example_dags/example_latest_only_with_trigger.py for tasks to queue
[2025-04-22T01:17:24.826+0000] {logging_mixin.py:190} INFO - [2025-04-22T01:17:24.826+0000] {dagbag.py:588} INFO - Filling up the DagBag from /home/airflow/.local/lib/python3.12/site-packages/airflow/example_dags/example_latest_only_with_trigger.py
[2025-04-22T01:17:24.833+0000] {processor.py:925} INFO - DAG(s) 'latest_only_with_trigger' retrieved from /home/airflow/.local/lib/python3.12/site-packages/airflow/example_dags/example_latest_only_with_trigger.py
[2025-04-22T01:17:24.855+0000] {logging_mixin.py:190} INFO - [2025-04-22T01:17:24.854+0000] {dag.py:3239} INFO - Sync 1 DAGs
[2025-04-22T01:17:24.876+0000] {logging_mixin.py:190} INFO - [2025-04-22T01:17:24.876+0000] {dag.py:4180} INFO - Setting next_dagrun for latest_only_with_trigger to 2025-04-21 20:00:00+00:00, run_after=2025-04-22 00:00:00+00:00
[2025-04-22T01:17:24.891+0000] {processor.py:208} INFO - Processing /home/airflow/.local/lib/python3.12/site-packages/airflow/example_dags/example_latest_only_with_trigger.py took 0.073 seconds
[2025-04-22T01:17:55.836+0000] {processor.py:186} INFO - Started process (PID=913) to work on /home/airflow/.local/lib/python3.12/site-packages/airflow/example_dags/example_latest_only_with_trigger.py
[2025-04-22T01:17:55.837+0000] {processor.py:914} INFO - Processing file /home/airflow/.local/lib/python3.12/site-packages/airflow/example_dags/example_latest_only_with_trigger.py for tasks to queue
[2025-04-22T01:17:55.839+0000] {logging_mixin.py:190} INFO - [2025-04-22T01:17:55.839+0000] {dagbag.py:588} INFO - Filling up the DagBag from /home/airflow/.local/lib/python3.12/site-packages/airflow/example_dags/example_latest_only_with_trigger.py
[2025-04-22T01:17:55.847+0000] {processor.py:925} INFO - DAG(s) 'latest_only_with_trigger' retrieved from /home/airflow/.local/lib/python3.12/site-packages/airflow/example_dags/example_latest_only_with_trigger.py
[2025-04-22T01:17:55.866+0000] {logging_mixin.py:190} INFO - [2025-04-22T01:17:55.865+0000] {dag.py:3239} INFO - Sync 1 DAGs
[2025-04-22T01:17:55.887+0000] {logging_mixin.py:190} INFO - [2025-04-22T01:17:55.887+0000] {dag.py:4180} INFO - Setting next_dagrun for latest_only_with_trigger to 2025-04-21 20:00:00+00:00, run_after=2025-04-22 00:00:00+00:00
[2025-04-22T01:17:55.903+0000] {processor.py:208} INFO - Processing /home/airflow/.local/lib/python3.12/site-packages/airflow/example_dags/example_latest_only_with_trigger.py took 0.072 seconds
[2025-04-22T01:18:27.265+0000] {processor.py:186} INFO - Started process (PID=976) to work on /home/airflow/.local/lib/python3.12/site-packages/airflow/example_dags/example_latest_only_with_trigger.py
[2025-04-22T01:18:27.267+0000] {processor.py:914} INFO - Processing file /home/airflow/.local/lib/python3.12/site-packages/airflow/example_dags/example_latest_only_with_trigger.py for tasks to queue
[2025-04-22T01:18:27.270+0000] {logging_mixin.py:190} INFO - [2025-04-22T01:18:27.269+0000] {dagbag.py:588} INFO - Filling up the DagBag from /home/airflow/.local/lib/python3.12/site-packages/airflow/example_dags/example_latest_only_with_trigger.py
[2025-04-22T01:18:27.279+0000] {processor.py:925} INFO - DAG(s) 'latest_only_with_trigger' retrieved from /home/airflow/.local/lib/python3.12/site-packages/airflow/example_dags/example_latest_only_with_trigger.py
[2025-04-22T01:18:27.304+0000] {logging_mixin.py:190} INFO - [2025-04-22T01:18:27.304+0000] {dag.py:3239} INFO - Sync 1 DAGs
[2025-04-22T01:18:27.345+0000] {logging_mixin.py:190} INFO - [2025-04-22T01:18:27.344+0000] {dag.py:4180} INFO - Setting next_dagrun for latest_only_with_trigger to 2025-04-21 20:00:00+00:00, run_after=2025-04-22 00:00:00+00:00
[2025-04-22T01:18:27.375+0000] {processor.py:208} INFO - Processing /home/airflow/.local/lib/python3.12/site-packages/airflow/example_dags/example_latest_only_with_trigger.py took 0.120 seconds
