[2025-04-22T01:11:08.101+0000] {processor.py:186} INFO - Started process (PID=63) to work on /home/airflow/.local/lib/python3.12/site-packages/airflow/example_dags/example_skip_dag.py
[2025-04-22T01:11:08.102+0000] {processor.py:914} INFO - Processing file /home/airflow/.local/lib/python3.12/site-packages/airflow/example_dags/example_skip_dag.py for tasks to queue
[2025-04-22T01:11:08.104+0000] {logging_mixin.py:190} INFO - [2025-04-22T01:11:08.104+0000] {dagbag.py:588} INFO - Filling up the DagBag from /home/airflow/.local/lib/python3.12/site-packages/airflow/example_dags/example_skip_dag.py
[2025-04-22T01:11:08.113+0000] {processor.py:925} INFO - DAG(s) 'example_skip_dag' retrieved from /home/airflow/.local/lib/python3.12/site-packages/airflow/example_dags/example_skip_dag.py
[2025-04-22T01:11:08.219+0000] {logging_mixin.py:190} INFO - [2025-04-22T01:11:08.218+0000] {override.py:1912} INFO - Created Permission View: can delete on DAG:example_skip_dag
[2025-04-22T01:11:08.229+0000] {logging_mixin.py:190} INFO - [2025-04-22T01:11:08.229+0000] {override.py:1912} INFO - Created Permission View: can read on DAG:example_skip_dag
[2025-04-22T01:11:08.237+0000] {logging_mixin.py:190} INFO - [2025-04-22T01:11:08.237+0000] {override.py:1912} INFO - Created Permission View: can edit on DAG:example_skip_dag
[2025-04-22T01:11:08.244+0000] {logging_mixin.py:190} INFO - [2025-04-22T01:11:08.244+0000] {override.py:1912} INFO - Created Permission View: menu access on DAG Run:example_skip_dag
[2025-04-22T01:11:08.250+0000] {logging_mixin.py:190} INFO - [2025-04-22T01:11:08.250+0000] {override.py:1912} INFO - Created Permission View: can delete on DAG Run:example_skip_dag
[2025-04-22T01:11:08.256+0000] {logging_mixin.py:190} INFO - [2025-04-22T01:11:08.256+0000] {override.py:1912} INFO - Created Permission View: can read on DAG Run:example_skip_dag
[2025-04-22T01:11:08.262+0000] {logging_mixin.py:190} INFO - [2025-04-22T01:11:08.262+0000] {override.py:1912} INFO - Created Permission View: can create on DAG Run:example_skip_dag
[2025-04-22T01:11:08.263+0000] {logging_mixin.py:190} INFO - [2025-04-22T01:11:08.263+0000] {dag.py:3239} INFO - Sync 1 DAGs
[2025-04-22T01:11:08.275+0000] {logging_mixin.py:190} INFO - [2025-04-22T01:11:08.274+0000] {dag.py:3262} INFO - Creating ORM DAG for example_skip_dag
[2025-04-22T01:11:08.285+0000] {logging_mixin.py:190} INFO - [2025-04-22T01:11:08.284+0000] {dag.py:4180} INFO - Setting next_dagrun for example_skip_dag to 2025-04-21 00:00:00+00:00, run_after=2025-04-22 00:00:00+00:00
[2025-04-22T01:11:08.303+0000] {processor.py:208} INFO - Processing /home/airflow/.local/lib/python3.12/site-packages/airflow/example_dags/example_skip_dag.py took 0.207 seconds
[2025-04-22T01:11:38.878+0000] {processor.py:186} INFO - Started process (PID=126) to work on /home/airflow/.local/lib/python3.12/site-packages/airflow/example_dags/example_skip_dag.py
[2025-04-22T01:11:38.878+0000] {processor.py:914} INFO - Processing file /home/airflow/.local/lib/python3.12/site-packages/airflow/example_dags/example_skip_dag.py for tasks to queue
[2025-04-22T01:11:38.880+0000] {logging_mixin.py:190} INFO - [2025-04-22T01:11:38.880+0000] {dagbag.py:588} INFO - Filling up the DagBag from /home/airflow/.local/lib/python3.12/site-packages/airflow/example_dags/example_skip_dag.py
[2025-04-22T01:11:38.886+0000] {processor.py:925} INFO - DAG(s) 'example_skip_dag' retrieved from /home/airflow/.local/lib/python3.12/site-packages/airflow/example_dags/example_skip_dag.py
[2025-04-22T01:11:38.905+0000] {logging_mixin.py:190} INFO - [2025-04-22T01:11:38.905+0000] {dag.py:3239} INFO - Sync 1 DAGs
[2025-04-22T01:11:38.929+0000] {logging_mixin.py:190} INFO - [2025-04-22T01:11:38.929+0000] {dag.py:4180} INFO - Setting next_dagrun for example_skip_dag to 2025-04-21 00:00:00+00:00, run_after=2025-04-22 00:00:00+00:00
[2025-04-22T01:11:38.945+0000] {processor.py:208} INFO - Processing /home/airflow/.local/lib/python3.12/site-packages/airflow/example_dags/example_skip_dag.py took 0.072 seconds
[2025-04-22T01:12:09.679+0000] {processor.py:186} INFO - Started process (PID=189) to work on /home/airflow/.local/lib/python3.12/site-packages/airflow/example_dags/example_skip_dag.py
[2025-04-22T01:12:09.679+0000] {processor.py:914} INFO - Processing file /home/airflow/.local/lib/python3.12/site-packages/airflow/example_dags/example_skip_dag.py for tasks to queue
[2025-04-22T01:12:09.681+0000] {logging_mixin.py:190} INFO - [2025-04-22T01:12:09.681+0000] {dagbag.py:588} INFO - Filling up the DagBag from /home/airflow/.local/lib/python3.12/site-packages/airflow/example_dags/example_skip_dag.py
[2025-04-22T01:12:09.688+0000] {processor.py:925} INFO - DAG(s) 'example_skip_dag' retrieved from /home/airflow/.local/lib/python3.12/site-packages/airflow/example_dags/example_skip_dag.py
[2025-04-22T01:12:09.706+0000] {logging_mixin.py:190} INFO - [2025-04-22T01:12:09.706+0000] {dag.py:3239} INFO - Sync 1 DAGs
[2025-04-22T01:12:09.729+0000] {logging_mixin.py:190} INFO - [2025-04-22T01:12:09.729+0000] {dag.py:4180} INFO - Setting next_dagrun for example_skip_dag to 2025-04-21 00:00:00+00:00, run_after=2025-04-22 00:00:00+00:00
[2025-04-22T01:12:09.746+0000] {processor.py:208} INFO - Processing /home/airflow/.local/lib/python3.12/site-packages/airflow/example_dags/example_skip_dag.py took 0.072 seconds
[2025-04-22T01:12:40.169+0000] {processor.py:186} INFO - Started process (PID=252) to work on /home/airflow/.local/lib/python3.12/site-packages/airflow/example_dags/example_skip_dag.py
[2025-04-22T01:12:40.170+0000] {processor.py:914} INFO - Processing file /home/airflow/.local/lib/python3.12/site-packages/airflow/example_dags/example_skip_dag.py for tasks to queue
[2025-04-22T01:12:40.171+0000] {logging_mixin.py:190} INFO - [2025-04-22T01:12:40.171+0000] {dagbag.py:588} INFO - Filling up the DagBag from /home/airflow/.local/lib/python3.12/site-packages/airflow/example_dags/example_skip_dag.py
[2025-04-22T01:12:40.179+0000] {processor.py:925} INFO - DAG(s) 'example_skip_dag' retrieved from /home/airflow/.local/lib/python3.12/site-packages/airflow/example_dags/example_skip_dag.py
[2025-04-22T01:12:40.198+0000] {logging_mixin.py:190} INFO - [2025-04-22T01:12:40.198+0000] {dag.py:3239} INFO - Sync 1 DAGs
[2025-04-22T01:12:40.218+0000] {logging_mixin.py:190} INFO - [2025-04-22T01:12:40.218+0000] {dag.py:4180} INFO - Setting next_dagrun for example_skip_dag to 2025-04-21 00:00:00+00:00, run_after=2025-04-22 00:00:00+00:00
[2025-04-22T01:12:40.235+0000] {processor.py:208} INFO - Processing /home/airflow/.local/lib/python3.12/site-packages/airflow/example_dags/example_skip_dag.py took 0.071 seconds
[2025-04-22T01:13:11.322+0000] {processor.py:186} INFO - Started process (PID=321) to work on /home/airflow/.local/lib/python3.12/site-packages/airflow/example_dags/example_skip_dag.py
[2025-04-22T01:13:11.323+0000] {processor.py:914} INFO - Processing file /home/airflow/.local/lib/python3.12/site-packages/airflow/example_dags/example_skip_dag.py for tasks to queue
[2025-04-22T01:13:11.326+0000] {logging_mixin.py:190} INFO - [2025-04-22T01:13:11.325+0000] {dagbag.py:588} INFO - Filling up the DagBag from /home/airflow/.local/lib/python3.12/site-packages/airflow/example_dags/example_skip_dag.py
[2025-04-22T01:13:11.333+0000] {processor.py:925} INFO - DAG(s) 'example_skip_dag' retrieved from /home/airflow/.local/lib/python3.12/site-packages/airflow/example_dags/example_skip_dag.py
[2025-04-22T01:13:11.354+0000] {logging_mixin.py:190} INFO - [2025-04-22T01:13:11.354+0000] {dag.py:3239} INFO - Sync 1 DAGs
[2025-04-22T01:13:11.375+0000] {logging_mixin.py:190} INFO - [2025-04-22T01:13:11.375+0000] {dag.py:4180} INFO - Setting next_dagrun for example_skip_dag to 2025-04-21 00:00:00+00:00, run_after=2025-04-22 00:00:00+00:00
[2025-04-22T01:13:11.395+0000] {processor.py:208} INFO - Processing /home/airflow/.local/lib/python3.12/site-packages/airflow/example_dags/example_skip_dag.py took 0.079 seconds
[2025-04-22T01:13:42.734+0000] {processor.py:186} INFO - Started process (PID=384) to work on /home/airflow/.local/lib/python3.12/site-packages/airflow/example_dags/example_skip_dag.py
[2025-04-22T01:13:42.735+0000] {processor.py:914} INFO - Processing file /home/airflow/.local/lib/python3.12/site-packages/airflow/example_dags/example_skip_dag.py for tasks to queue
[2025-04-22T01:13:42.737+0000] {logging_mixin.py:190} INFO - [2025-04-22T01:13:42.737+0000] {dagbag.py:588} INFO - Filling up the DagBag from /home/airflow/.local/lib/python3.12/site-packages/airflow/example_dags/example_skip_dag.py
[2025-04-22T01:13:42.743+0000] {processor.py:925} INFO - DAG(s) 'example_skip_dag' retrieved from /home/airflow/.local/lib/python3.12/site-packages/airflow/example_dags/example_skip_dag.py
[2025-04-22T01:13:42.762+0000] {logging_mixin.py:190} INFO - [2025-04-22T01:13:42.761+0000] {dag.py:3239} INFO - Sync 1 DAGs
[2025-04-22T01:13:42.783+0000] {logging_mixin.py:190} INFO - [2025-04-22T01:13:42.783+0000] {dag.py:4180} INFO - Setting next_dagrun for example_skip_dag to 2025-04-21 00:00:00+00:00, run_after=2025-04-22 00:00:00+00:00
[2025-04-22T01:13:42.800+0000] {processor.py:208} INFO - Processing /home/airflow/.local/lib/python3.12/site-packages/airflow/example_dags/example_skip_dag.py took 0.071 seconds
[2025-04-22T01:14:14.110+0000] {processor.py:186} INFO - Started process (PID=447) to work on /home/airflow/.local/lib/python3.12/site-packages/airflow/example_dags/example_skip_dag.py
[2025-04-22T01:14:14.111+0000] {processor.py:914} INFO - Processing file /home/airflow/.local/lib/python3.12/site-packages/airflow/example_dags/example_skip_dag.py for tasks to queue
[2025-04-22T01:14:14.113+0000] {logging_mixin.py:190} INFO - [2025-04-22T01:14:14.112+0000] {dagbag.py:588} INFO - Filling up the DagBag from /home/airflow/.local/lib/python3.12/site-packages/airflow/example_dags/example_skip_dag.py
[2025-04-22T01:14:14.119+0000] {processor.py:925} INFO - DAG(s) 'example_skip_dag' retrieved from /home/airflow/.local/lib/python3.12/site-packages/airflow/example_dags/example_skip_dag.py
[2025-04-22T01:14:14.138+0000] {logging_mixin.py:190} INFO - [2025-04-22T01:14:14.138+0000] {dag.py:3239} INFO - Sync 1 DAGs
[2025-04-22T01:14:14.160+0000] {logging_mixin.py:190} INFO - [2025-04-22T01:14:14.160+0000] {dag.py:4180} INFO - Setting next_dagrun for example_skip_dag to 2025-04-21 00:00:00+00:00, run_after=2025-04-22 00:00:00+00:00
[2025-04-22T01:14:14.175+0000] {processor.py:208} INFO - Processing /home/airflow/.local/lib/python3.12/site-packages/airflow/example_dags/example_skip_dag.py took 0.070 seconds
[2025-04-22T01:14:46.255+0000] {processor.py:186} INFO - Started process (PID=510) to work on /home/airflow/.local/lib/python3.12/site-packages/airflow/example_dags/example_skip_dag.py
[2025-04-22T01:14:46.256+0000] {processor.py:914} INFO - Processing file /home/airflow/.local/lib/python3.12/site-packages/airflow/example_dags/example_skip_dag.py for tasks to queue
[2025-04-22T01:14:46.258+0000] {logging_mixin.py:190} INFO - [2025-04-22T01:14:46.258+0000] {dagbag.py:588} INFO - Filling up the DagBag from /home/airflow/.local/lib/python3.12/site-packages/airflow/example_dags/example_skip_dag.py
[2025-04-22T01:14:46.266+0000] {processor.py:925} INFO - DAG(s) 'example_skip_dag' retrieved from /home/airflow/.local/lib/python3.12/site-packages/airflow/example_dags/example_skip_dag.py
[2025-04-22T01:14:46.286+0000] {logging_mixin.py:190} INFO - [2025-04-22T01:14:46.285+0000] {dag.py:3239} INFO - Sync 1 DAGs
[2025-04-22T01:14:46.308+0000] {logging_mixin.py:190} INFO - [2025-04-22T01:14:46.308+0000] {dag.py:4180} INFO - Setting next_dagrun for example_skip_dag to 2025-04-21 00:00:00+00:00, run_after=2025-04-22 00:00:00+00:00
[2025-04-22T01:14:46.324+0000] {processor.py:208} INFO - Processing /home/airflow/.local/lib/python3.12/site-packages/airflow/example_dags/example_skip_dag.py took 0.074 seconds
[2025-04-22T01:15:16.849+0000] {processor.py:186} INFO - Started process (PID=573) to work on /home/airflow/.local/lib/python3.12/site-packages/airflow/example_dags/example_skip_dag.py
[2025-04-22T01:15:16.850+0000] {processor.py:914} INFO - Processing file /home/airflow/.local/lib/python3.12/site-packages/airflow/example_dags/example_skip_dag.py for tasks to queue
[2025-04-22T01:15:16.852+0000] {logging_mixin.py:190} INFO - [2025-04-22T01:15:16.851+0000] {dagbag.py:588} INFO - Filling up the DagBag from /home/airflow/.local/lib/python3.12/site-packages/airflow/example_dags/example_skip_dag.py
[2025-04-22T01:15:16.859+0000] {processor.py:925} INFO - DAG(s) 'example_skip_dag' retrieved from /home/airflow/.local/lib/python3.12/site-packages/airflow/example_dags/example_skip_dag.py
[2025-04-22T01:15:16.879+0000] {logging_mixin.py:190} INFO - [2025-04-22T01:15:16.879+0000] {dag.py:3239} INFO - Sync 1 DAGs
[2025-04-22T01:15:16.900+0000] {logging_mixin.py:190} INFO - [2025-04-22T01:15:16.899+0000] {dag.py:4180} INFO - Setting next_dagrun for example_skip_dag to 2025-04-21 00:00:00+00:00, run_after=2025-04-22 00:00:00+00:00
[2025-04-22T01:15:16.920+0000] {processor.py:208} INFO - Processing /home/airflow/.local/lib/python3.12/site-packages/airflow/example_dags/example_skip_dag.py took 0.076 seconds
[2025-04-22T01:15:48.775+0000] {processor.py:186} INFO - Started process (PID=636) to work on /home/airflow/.local/lib/python3.12/site-packages/airflow/example_dags/example_skip_dag.py
[2025-04-22T01:15:48.776+0000] {processor.py:914} INFO - Processing file /home/airflow/.local/lib/python3.12/site-packages/airflow/example_dags/example_skip_dag.py for tasks to queue
[2025-04-22T01:15:48.777+0000] {logging_mixin.py:190} INFO - [2025-04-22T01:15:48.777+0000] {dagbag.py:588} INFO - Filling up the DagBag from /home/airflow/.local/lib/python3.12/site-packages/airflow/example_dags/example_skip_dag.py
[2025-04-22T01:15:48.784+0000] {processor.py:925} INFO - DAG(s) 'example_skip_dag' retrieved from /home/airflow/.local/lib/python3.12/site-packages/airflow/example_dags/example_skip_dag.py
[2025-04-22T01:15:48.803+0000] {logging_mixin.py:190} INFO - [2025-04-22T01:15:48.803+0000] {dag.py:3239} INFO - Sync 1 DAGs
[2025-04-22T01:15:48.823+0000] {logging_mixin.py:190} INFO - [2025-04-22T01:15:48.823+0000] {dag.py:4180} INFO - Setting next_dagrun for example_skip_dag to 2025-04-21 00:00:00+00:00, run_after=2025-04-22 00:00:00+00:00
[2025-04-22T01:15:48.838+0000] {processor.py:208} INFO - Processing /home/airflow/.local/lib/python3.12/site-packages/airflow/example_dags/example_skip_dag.py took 0.068 seconds
[2025-04-22T01:16:19.426+0000] {processor.py:186} INFO - Started process (PID=699) to work on /home/airflow/.local/lib/python3.12/site-packages/airflow/example_dags/example_skip_dag.py
[2025-04-22T01:16:19.427+0000] {processor.py:914} INFO - Processing file /home/airflow/.local/lib/python3.12/site-packages/airflow/example_dags/example_skip_dag.py for tasks to queue
[2025-04-22T01:16:19.429+0000] {logging_mixin.py:190} INFO - [2025-04-22T01:16:19.429+0000] {dagbag.py:588} INFO - Filling up the DagBag from /home/airflow/.local/lib/python3.12/site-packages/airflow/example_dags/example_skip_dag.py
[2025-04-22T01:16:19.436+0000] {processor.py:925} INFO - DAG(s) 'example_skip_dag' retrieved from /home/airflow/.local/lib/python3.12/site-packages/airflow/example_dags/example_skip_dag.py
[2025-04-22T01:16:19.456+0000] {logging_mixin.py:190} INFO - [2025-04-22T01:16:19.455+0000] {dag.py:3239} INFO - Sync 1 DAGs
[2025-04-22T01:16:19.476+0000] {logging_mixin.py:190} INFO - [2025-04-22T01:16:19.476+0000] {dag.py:4180} INFO - Setting next_dagrun for example_skip_dag to 2025-04-21 00:00:00+00:00, run_after=2025-04-22 00:00:00+00:00
[2025-04-22T01:16:19.494+0000] {processor.py:208} INFO - Processing /home/airflow/.local/lib/python3.12/site-packages/airflow/example_dags/example_skip_dag.py took 0.073 seconds
[2025-04-22T01:16:50.828+0000] {processor.py:186} INFO - Started process (PID=762) to work on /home/airflow/.local/lib/python3.12/site-packages/airflow/example_dags/example_skip_dag.py
[2025-04-22T01:16:50.829+0000] {processor.py:914} INFO - Processing file /home/airflow/.local/lib/python3.12/site-packages/airflow/example_dags/example_skip_dag.py for tasks to queue
[2025-04-22T01:16:50.831+0000] {logging_mixin.py:190} INFO - [2025-04-22T01:16:50.831+0000] {dagbag.py:588} INFO - Filling up the DagBag from /home/airflow/.local/lib/python3.12/site-packages/airflow/example_dags/example_skip_dag.py
[2025-04-22T01:16:50.839+0000] {processor.py:925} INFO - DAG(s) 'example_skip_dag' retrieved from /home/airflow/.local/lib/python3.12/site-packages/airflow/example_dags/example_skip_dag.py
[2025-04-22T01:16:50.863+0000] {logging_mixin.py:190} INFO - [2025-04-22T01:16:50.862+0000] {dag.py:3239} INFO - Sync 1 DAGs
[2025-04-22T01:16:50.887+0000] {logging_mixin.py:190} INFO - [2025-04-22T01:16:50.887+0000] {dag.py:4180} INFO - Setting next_dagrun for example_skip_dag to 2025-04-21 00:00:00+00:00, run_after=2025-04-22 00:00:00+00:00
[2025-04-22T01:16:50.905+0000] {processor.py:208} INFO - Processing /home/airflow/.local/lib/python3.12/site-packages/airflow/example_dags/example_skip_dag.py took 0.084 seconds
[2025-04-22T01:17:22.294+0000] {processor.py:186} INFO - Started process (PID=824) to work on /home/airflow/.local/lib/python3.12/site-packages/airflow/example_dags/example_skip_dag.py
[2025-04-22T01:17:22.295+0000] {processor.py:914} INFO - Processing file /home/airflow/.local/lib/python3.12/site-packages/airflow/example_dags/example_skip_dag.py for tasks to queue
[2025-04-22T01:17:22.297+0000] {logging_mixin.py:190} INFO - [2025-04-22T01:17:22.297+0000] {dagbag.py:588} INFO - Filling up the DagBag from /home/airflow/.local/lib/python3.12/site-packages/airflow/example_dags/example_skip_dag.py
[2025-04-22T01:17:22.304+0000] {processor.py:925} INFO - DAG(s) 'example_skip_dag' retrieved from /home/airflow/.local/lib/python3.12/site-packages/airflow/example_dags/example_skip_dag.py
[2025-04-22T01:17:22.324+0000] {logging_mixin.py:190} INFO - [2025-04-22T01:17:22.324+0000] {dag.py:3239} INFO - Sync 1 DAGs
[2025-04-22T01:17:22.344+0000] {logging_mixin.py:190} INFO - [2025-04-22T01:17:22.344+0000] {dag.py:4180} INFO - Setting next_dagrun for example_skip_dag to 2025-04-21 00:00:00+00:00, run_after=2025-04-22 00:00:00+00:00
[2025-04-22T01:17:22.362+0000] {processor.py:208} INFO - Processing /home/airflow/.local/lib/python3.12/site-packages/airflow/example_dags/example_skip_dag.py took 0.073 seconds
[2025-04-22T01:17:53.103+0000] {processor.py:186} INFO - Started process (PID=887) to work on /home/airflow/.local/lib/python3.12/site-packages/airflow/example_dags/example_skip_dag.py
[2025-04-22T01:17:53.104+0000] {processor.py:914} INFO - Processing file /home/airflow/.local/lib/python3.12/site-packages/airflow/example_dags/example_skip_dag.py for tasks to queue
[2025-04-22T01:17:53.105+0000] {logging_mixin.py:190} INFO - [2025-04-22T01:17:53.105+0000] {dagbag.py:588} INFO - Filling up the DagBag from /home/airflow/.local/lib/python3.12/site-packages/airflow/example_dags/example_skip_dag.py
[2025-04-22T01:17:53.113+0000] {processor.py:925} INFO - DAG(s) 'example_skip_dag' retrieved from /home/airflow/.local/lib/python3.12/site-packages/airflow/example_dags/example_skip_dag.py
[2025-04-22T01:17:53.134+0000] {logging_mixin.py:190} INFO - [2025-04-22T01:17:53.133+0000] {dag.py:3239} INFO - Sync 1 DAGs
[2025-04-22T01:17:53.157+0000] {logging_mixin.py:190} INFO - [2025-04-22T01:17:53.156+0000] {dag.py:4180} INFO - Setting next_dagrun for example_skip_dag to 2025-04-21 00:00:00+00:00, run_after=2025-04-22 00:00:00+00:00
[2025-04-22T01:17:53.174+0000] {processor.py:208} INFO - Processing /home/airflow/.local/lib/python3.12/site-packages/airflow/example_dags/example_skip_dag.py took 0.077 seconds
[2025-04-22T01:18:25.008+0000] {processor.py:186} INFO - Started process (PID=951) to work on /home/airflow/.local/lib/python3.12/site-packages/airflow/example_dags/example_skip_dag.py
[2025-04-22T01:18:25.009+0000] {processor.py:914} INFO - Processing file /home/airflow/.local/lib/python3.12/site-packages/airflow/example_dags/example_skip_dag.py for tasks to queue
[2025-04-22T01:18:25.011+0000] {logging_mixin.py:190} INFO - [2025-04-22T01:18:25.011+0000] {dagbag.py:588} INFO - Filling up the DagBag from /home/airflow/.local/lib/python3.12/site-packages/airflow/example_dags/example_skip_dag.py
[2025-04-22T01:18:25.019+0000] {processor.py:925} INFO - DAG(s) 'example_skip_dag' retrieved from /home/airflow/.local/lib/python3.12/site-packages/airflow/example_dags/example_skip_dag.py
[2025-04-22T01:18:25.042+0000] {logging_mixin.py:190} INFO - [2025-04-22T01:18:25.042+0000] {dag.py:3239} INFO - Sync 1 DAGs
[2025-04-22T01:18:25.063+0000] {logging_mixin.py:190} INFO - [2025-04-22T01:18:25.063+0000] {dag.py:4180} INFO - Setting next_dagrun for example_skip_dag to 2025-04-21 00:00:00+00:00, run_after=2025-04-22 00:00:00+00:00
[2025-04-22T01:18:25.081+0000] {processor.py:208} INFO - Processing /home/airflow/.local/lib/python3.12/site-packages/airflow/example_dags/example_skip_dag.py took 0.078 seconds
