[2025-04-22T01:11:07.124+0000] {processor.py:186} INFO - Started process (PID=56) to work on /home/airflow/.local/lib/python3.12/site-packages/airflow/example_dags/example_branch_python_dop_operator_3.py
[2025-04-22T01:11:07.125+0000] {processor.py:914} INFO - Processing file /home/airflow/.local/lib/python3.12/site-packages/airflow/example_dags/example_branch_python_dop_operator_3.py for tasks to queue
[2025-04-22T01:11:07.127+0000] {logging_mixin.py:190} INFO - [2025-04-22T01:11:07.127+0000] {dagbag.py:588} INFO - Filling up the DagBag from /home/airflow/.local/lib/python3.12/site-packages/airflow/example_dags/example_branch_python_dop_operator_3.py
[2025-04-22T01:11:07.138+0000] {processor.py:925} INFO - DAG(s) 'example_branch_dop_operator_v3' retrieved from /home/airflow/.local/lib/python3.12/site-packages/airflow/example_dags/example_branch_python_dop_operator_3.py
[2025-04-22T01:11:07.241+0000] {logging_mixin.py:190} INFO - [2025-04-22T01:11:07.240+0000] {override.py:1912} INFO - Created Permission View: can delete on DAG:example_branch_dop_operator_v3
[2025-04-22T01:11:07.255+0000] {logging_mixin.py:190} INFO - [2025-04-22T01:11:07.254+0000] {override.py:1912} INFO - Created Permission View: can read on DAG:example_branch_dop_operator_v3
[2025-04-22T01:11:07.263+0000] {logging_mixin.py:190} INFO - [2025-04-22T01:11:07.262+0000] {override.py:1912} INFO - Created Permission View: can edit on DAG:example_branch_dop_operator_v3
[2025-04-22T01:11:07.271+0000] {logging_mixin.py:190} INFO - [2025-04-22T01:11:07.271+0000] {override.py:1912} INFO - Created Permission View: menu access on DAG Run:example_branch_dop_operator_v3
[2025-04-22T01:11:07.278+0000] {logging_mixin.py:190} INFO - [2025-04-22T01:11:07.278+0000] {override.py:1912} INFO - Created Permission View: can delete on DAG Run:example_branch_dop_operator_v3
[2025-04-22T01:11:07.285+0000] {logging_mixin.py:190} INFO - [2025-04-22T01:11:07.285+0000] {override.py:1912} INFO - Created Permission View: can read on DAG Run:example_branch_dop_operator_v3
[2025-04-22T01:11:07.293+0000] {logging_mixin.py:190} INFO - [2025-04-22T01:11:07.292+0000] {override.py:1912} INFO - Created Permission View: can create on DAG Run:example_branch_dop_operator_v3
[2025-04-22T01:11:07.293+0000] {logging_mixin.py:190} INFO - [2025-04-22T01:11:07.293+0000] {dag.py:3239} INFO - Sync 1 DAGs
[2025-04-22T01:11:07.307+0000] {logging_mixin.py:190} INFO - [2025-04-22T01:11:07.307+0000] {dag.py:3262} INFO - Creating ORM DAG for example_branch_dop_operator_v3
[2025-04-22T01:11:07.320+0000] {logging_mixin.py:190} INFO - [2025-04-22T01:11:07.320+0000] {dag.py:4180} INFO - Setting next_dagrun for example_branch_dop_operator_v3 to 2025-04-22 01:10:00+00:00, run_after=2025-04-22 01:11:00+00:00
[2025-04-22T01:11:07.339+0000] {processor.py:208} INFO - Processing /home/airflow/.local/lib/python3.12/site-packages/airflow/example_dags/example_branch_python_dop_operator_3.py took 0.220 seconds
[2025-04-22T01:11:37.465+0000] {processor.py:186} INFO - Started process (PID=119) to work on /home/airflow/.local/lib/python3.12/site-packages/airflow/example_dags/example_branch_python_dop_operator_3.py
[2025-04-22T01:11:37.466+0000] {processor.py:914} INFO - Processing file /home/airflow/.local/lib/python3.12/site-packages/airflow/example_dags/example_branch_python_dop_operator_3.py for tasks to queue
[2025-04-22T01:11:37.468+0000] {logging_mixin.py:190} INFO - [2025-04-22T01:11:37.468+0000] {dagbag.py:588} INFO - Filling up the DagBag from /home/airflow/.local/lib/python3.12/site-packages/airflow/example_dags/example_branch_python_dop_operator_3.py
[2025-04-22T01:11:37.477+0000] {processor.py:925} INFO - DAG(s) 'example_branch_dop_operator_v3' retrieved from /home/airflow/.local/lib/python3.12/site-packages/airflow/example_dags/example_branch_python_dop_operator_3.py
[2025-04-22T01:11:37.496+0000] {logging_mixin.py:190} INFO - [2025-04-22T01:11:37.496+0000] {dag.py:3239} INFO - Sync 1 DAGs
[2025-04-22T01:11:37.521+0000] {logging_mixin.py:190} INFO - [2025-04-22T01:11:37.521+0000] {dag.py:4180} INFO - Setting next_dagrun for example_branch_dop_operator_v3 to 2025-04-22 01:10:00+00:00, run_after=2025-04-22 01:11:00+00:00
[2025-04-22T01:11:37.538+0000] {processor.py:208} INFO - Processing /home/airflow/.local/lib/python3.12/site-packages/airflow/example_dags/example_branch_python_dop_operator_3.py took 0.078 seconds
[2025-04-22T01:12:08.236+0000] {processor.py:186} INFO - Started process (PID=182) to work on /home/airflow/.local/lib/python3.12/site-packages/airflow/example_dags/example_branch_python_dop_operator_3.py
[2025-04-22T01:12:08.237+0000] {processor.py:914} INFO - Processing file /home/airflow/.local/lib/python3.12/site-packages/airflow/example_dags/example_branch_python_dop_operator_3.py for tasks to queue
[2025-04-22T01:12:08.239+0000] {logging_mixin.py:190} INFO - [2025-04-22T01:12:08.239+0000] {dagbag.py:588} INFO - Filling up the DagBag from /home/airflow/.local/lib/python3.12/site-packages/airflow/example_dags/example_branch_python_dop_operator_3.py
[2025-04-22T01:12:08.248+0000] {processor.py:925} INFO - DAG(s) 'example_branch_dop_operator_v3' retrieved from /home/airflow/.local/lib/python3.12/site-packages/airflow/example_dags/example_branch_python_dop_operator_3.py
[2025-04-22T01:12:08.266+0000] {logging_mixin.py:190} INFO - [2025-04-22T01:12:08.266+0000] {dag.py:3239} INFO - Sync 1 DAGs
[2025-04-22T01:12:08.290+0000] {logging_mixin.py:190} INFO - [2025-04-22T01:12:08.290+0000] {dag.py:4180} INFO - Setting next_dagrun for example_branch_dop_operator_v3 to 2025-04-22 01:11:00+00:00, run_after=2025-04-22 01:12:00+00:00
[2025-04-22T01:12:08.308+0000] {processor.py:208} INFO - Processing /home/airflow/.local/lib/python3.12/site-packages/airflow/example_dags/example_branch_python_dop_operator_3.py took 0.077 seconds
[2025-04-22T01:12:39.283+0000] {processor.py:186} INFO - Started process (PID=244) to work on /home/airflow/.local/lib/python3.12/site-packages/airflow/example_dags/example_branch_python_dop_operator_3.py
[2025-04-22T01:12:39.284+0000] {processor.py:914} INFO - Processing file /home/airflow/.local/lib/python3.12/site-packages/airflow/example_dags/example_branch_python_dop_operator_3.py for tasks to queue
[2025-04-22T01:12:39.286+0000] {logging_mixin.py:190} INFO - [2025-04-22T01:12:39.285+0000] {dagbag.py:588} INFO - Filling up the DagBag from /home/airflow/.local/lib/python3.12/site-packages/airflow/example_dags/example_branch_python_dop_operator_3.py
[2025-04-22T01:12:39.295+0000] {processor.py:925} INFO - DAG(s) 'example_branch_dop_operator_v3' retrieved from /home/airflow/.local/lib/python3.12/site-packages/airflow/example_dags/example_branch_python_dop_operator_3.py
[2025-04-22T01:12:39.313+0000] {logging_mixin.py:190} INFO - [2025-04-22T01:12:39.313+0000] {dag.py:3239} INFO - Sync 1 DAGs
[2025-04-22T01:12:39.337+0000] {logging_mixin.py:190} INFO - [2025-04-22T01:12:39.337+0000] {dag.py:4180} INFO - Setting next_dagrun for example_branch_dop_operator_v3 to 2025-04-22 01:11:00+00:00, run_after=2025-04-22 01:12:00+00:00
[2025-04-22T01:12:39.352+0000] {processor.py:208} INFO - Processing /home/airflow/.local/lib/python3.12/site-packages/airflow/example_dags/example_branch_python_dop_operator_3.py took 0.074 seconds
[2025-04-22T01:13:10.705+0000] {processor.py:186} INFO - Started process (PID=313) to work on /home/airflow/.local/lib/python3.12/site-packages/airflow/example_dags/example_branch_python_dop_operator_3.py
[2025-04-22T01:13:10.706+0000] {processor.py:914} INFO - Processing file /home/airflow/.local/lib/python3.12/site-packages/airflow/example_dags/example_branch_python_dop_operator_3.py for tasks to queue
[2025-04-22T01:13:10.708+0000] {logging_mixin.py:190} INFO - [2025-04-22T01:13:10.708+0000] {dagbag.py:588} INFO - Filling up the DagBag from /home/airflow/.local/lib/python3.12/site-packages/airflow/example_dags/example_branch_python_dop_operator_3.py
[2025-04-22T01:13:10.718+0000] {processor.py:925} INFO - DAG(s) 'example_branch_dop_operator_v3' retrieved from /home/airflow/.local/lib/python3.12/site-packages/airflow/example_dags/example_branch_python_dop_operator_3.py
[2025-04-22T01:13:10.736+0000] {logging_mixin.py:190} INFO - [2025-04-22T01:13:10.736+0000] {dag.py:3239} INFO - Sync 1 DAGs
[2025-04-22T01:13:10.759+0000] {logging_mixin.py:190} INFO - [2025-04-22T01:13:10.758+0000] {dag.py:4180} INFO - Setting next_dagrun for example_branch_dop_operator_v3 to 2025-04-22 01:12:00+00:00, run_after=2025-04-22 01:13:00+00:00
[2025-04-22T01:13:10.773+0000] {processor.py:208} INFO - Processing /home/airflow/.local/lib/python3.12/site-packages/airflow/example_dags/example_branch_python_dop_operator_3.py took 0.073 seconds
[2025-04-22T01:13:42.207+0000] {processor.py:186} INFO - Started process (PID=376) to work on /home/airflow/.local/lib/python3.12/site-packages/airflow/example_dags/example_branch_python_dop_operator_3.py
[2025-04-22T01:13:42.208+0000] {processor.py:914} INFO - Processing file /home/airflow/.local/lib/python3.12/site-packages/airflow/example_dags/example_branch_python_dop_operator_3.py for tasks to queue
[2025-04-22T01:13:42.210+0000] {logging_mixin.py:190} INFO - [2025-04-22T01:13:42.210+0000] {dagbag.py:588} INFO - Filling up the DagBag from /home/airflow/.local/lib/python3.12/site-packages/airflow/example_dags/example_branch_python_dop_operator_3.py
[2025-04-22T01:13:42.220+0000] {processor.py:925} INFO - DAG(s) 'example_branch_dop_operator_v3' retrieved from /home/airflow/.local/lib/python3.12/site-packages/airflow/example_dags/example_branch_python_dop_operator_3.py
[2025-04-22T01:13:42.237+0000] {logging_mixin.py:190} INFO - [2025-04-22T01:13:42.237+0000] {dag.py:3239} INFO - Sync 1 DAGs
[2025-04-22T01:13:42.259+0000] {logging_mixin.py:190} INFO - [2025-04-22T01:13:42.259+0000] {dag.py:4180} INFO - Setting next_dagrun for example_branch_dop_operator_v3 to 2025-04-22 01:12:00+00:00, run_after=2025-04-22 01:13:00+00:00
[2025-04-22T01:13:42.278+0000] {processor.py:208} INFO - Processing /home/airflow/.local/lib/python3.12/site-packages/airflow/example_dags/example_branch_python_dop_operator_3.py took 0.077 seconds
[2025-04-22T01:14:13.610+0000] {processor.py:186} INFO - Started process (PID=439) to work on /home/airflow/.local/lib/python3.12/site-packages/airflow/example_dags/example_branch_python_dop_operator_3.py
[2025-04-22T01:14:13.611+0000] {processor.py:914} INFO - Processing file /home/airflow/.local/lib/python3.12/site-packages/airflow/example_dags/example_branch_python_dop_operator_3.py for tasks to queue
[2025-04-22T01:14:13.613+0000] {logging_mixin.py:190} INFO - [2025-04-22T01:14:13.613+0000] {dagbag.py:588} INFO - Filling up the DagBag from /home/airflow/.local/lib/python3.12/site-packages/airflow/example_dags/example_branch_python_dop_operator_3.py
[2025-04-22T01:14:13.623+0000] {processor.py:925} INFO - DAG(s) 'example_branch_dop_operator_v3' retrieved from /home/airflow/.local/lib/python3.12/site-packages/airflow/example_dags/example_branch_python_dop_operator_3.py
[2025-04-22T01:14:13.641+0000] {logging_mixin.py:190} INFO - [2025-04-22T01:14:13.641+0000] {dag.py:3239} INFO - Sync 1 DAGs
[2025-04-22T01:14:13.663+0000] {logging_mixin.py:190} INFO - [2025-04-22T01:14:13.663+0000] {dag.py:4180} INFO - Setting next_dagrun for example_branch_dop_operator_v3 to 2025-04-22 01:13:00+00:00, run_after=2025-04-22 01:14:00+00:00
[2025-04-22T01:14:13.679+0000] {processor.py:208} INFO - Processing /home/airflow/.local/lib/python3.12/site-packages/airflow/example_dags/example_branch_python_dop_operator_3.py took 0.074 seconds
[2025-04-22T01:14:45.073+0000] {processor.py:186} INFO - Started process (PID=502) to work on /home/airflow/.local/lib/python3.12/site-packages/airflow/example_dags/example_branch_python_dop_operator_3.py
[2025-04-22T01:14:45.074+0000] {processor.py:914} INFO - Processing file /home/airflow/.local/lib/python3.12/site-packages/airflow/example_dags/example_branch_python_dop_operator_3.py for tasks to queue
[2025-04-22T01:14:45.076+0000] {logging_mixin.py:190} INFO - [2025-04-22T01:14:45.076+0000] {dagbag.py:588} INFO - Filling up the DagBag from /home/airflow/.local/lib/python3.12/site-packages/airflow/example_dags/example_branch_python_dop_operator_3.py
[2025-04-22T01:14:45.086+0000] {processor.py:925} INFO - DAG(s) 'example_branch_dop_operator_v3' retrieved from /home/airflow/.local/lib/python3.12/site-packages/airflow/example_dags/example_branch_python_dop_operator_3.py
[2025-04-22T01:14:45.103+0000] {logging_mixin.py:190} INFO - [2025-04-22T01:14:45.103+0000] {dag.py:3239} INFO - Sync 1 DAGs
[2025-04-22T01:14:45.126+0000] {logging_mixin.py:190} INFO - [2025-04-22T01:14:45.126+0000] {dag.py:4180} INFO - Setting next_dagrun for example_branch_dop_operator_v3 to 2025-04-22 01:13:00+00:00, run_after=2025-04-22 01:14:00+00:00
[2025-04-22T01:14:45.145+0000] {processor.py:208} INFO - Processing /home/airflow/.local/lib/python3.12/site-packages/airflow/example_dags/example_branch_python_dop_operator_3.py took 0.077 seconds
[2025-04-22T01:15:16.246+0000] {processor.py:186} INFO - Started process (PID=565) to work on /home/airflow/.local/lib/python3.12/site-packages/airflow/example_dags/example_branch_python_dop_operator_3.py
[2025-04-22T01:15:16.247+0000] {processor.py:914} INFO - Processing file /home/airflow/.local/lib/python3.12/site-packages/airflow/example_dags/example_branch_python_dop_operator_3.py for tasks to queue
[2025-04-22T01:15:16.249+0000] {logging_mixin.py:190} INFO - [2025-04-22T01:15:16.249+0000] {dagbag.py:588} INFO - Filling up the DagBag from /home/airflow/.local/lib/python3.12/site-packages/airflow/example_dags/example_branch_python_dop_operator_3.py
[2025-04-22T01:15:16.258+0000] {processor.py:925} INFO - DAG(s) 'example_branch_dop_operator_v3' retrieved from /home/airflow/.local/lib/python3.12/site-packages/airflow/example_dags/example_branch_python_dop_operator_3.py
[2025-04-22T01:15:16.277+0000] {logging_mixin.py:190} INFO - [2025-04-22T01:15:16.277+0000] {dag.py:3239} INFO - Sync 1 DAGs
[2025-04-22T01:15:16.300+0000] {logging_mixin.py:190} INFO - [2025-04-22T01:15:16.299+0000] {dag.py:4180} INFO - Setting next_dagrun for example_branch_dop_operator_v3 to 2025-04-22 01:14:00+00:00, run_after=2025-04-22 01:15:00+00:00
[2025-04-22T01:15:16.316+0000] {processor.py:208} INFO - Processing /home/airflow/.local/lib/python3.12/site-packages/airflow/example_dags/example_branch_python_dop_operator_3.py took 0.075 seconds
[2025-04-22T01:15:47.735+0000] {processor.py:186} INFO - Started process (PID=628) to work on /home/airflow/.local/lib/python3.12/site-packages/airflow/example_dags/example_branch_python_dop_operator_3.py
[2025-04-22T01:15:47.736+0000] {processor.py:914} INFO - Processing file /home/airflow/.local/lib/python3.12/site-packages/airflow/example_dags/example_branch_python_dop_operator_3.py for tasks to queue
[2025-04-22T01:15:47.738+0000] {logging_mixin.py:190} INFO - [2025-04-22T01:15:47.737+0000] {dagbag.py:588} INFO - Filling up the DagBag from /home/airflow/.local/lib/python3.12/site-packages/airflow/example_dags/example_branch_python_dop_operator_3.py
[2025-04-22T01:15:47.747+0000] {processor.py:925} INFO - DAG(s) 'example_branch_dop_operator_v3' retrieved from /home/airflow/.local/lib/python3.12/site-packages/airflow/example_dags/example_branch_python_dop_operator_3.py
[2025-04-22T01:15:47.765+0000] {logging_mixin.py:190} INFO - [2025-04-22T01:15:47.765+0000] {dag.py:3239} INFO - Sync 1 DAGs
[2025-04-22T01:15:47.790+0000] {logging_mixin.py:190} INFO - [2025-04-22T01:15:47.789+0000] {dag.py:4180} INFO - Setting next_dagrun for example_branch_dop_operator_v3 to 2025-04-22 01:14:00+00:00, run_after=2025-04-22 01:15:00+00:00
[2025-04-22T01:15:47.805+0000] {processor.py:208} INFO - Processing /home/airflow/.local/lib/python3.12/site-packages/airflow/example_dags/example_branch_python_dop_operator_3.py took 0.075 seconds
[2025-04-22T01:16:18.743+0000] {processor.py:186} INFO - Started process (PID=691) to work on /home/airflow/.local/lib/python3.12/site-packages/airflow/example_dags/example_branch_python_dop_operator_3.py
[2025-04-22T01:16:18.744+0000] {processor.py:914} INFO - Processing file /home/airflow/.local/lib/python3.12/site-packages/airflow/example_dags/example_branch_python_dop_operator_3.py for tasks to queue
[2025-04-22T01:16:18.746+0000] {logging_mixin.py:190} INFO - [2025-04-22T01:16:18.746+0000] {dagbag.py:588} INFO - Filling up the DagBag from /home/airflow/.local/lib/python3.12/site-packages/airflow/example_dags/example_branch_python_dop_operator_3.py
[2025-04-22T01:16:18.755+0000] {processor.py:925} INFO - DAG(s) 'example_branch_dop_operator_v3' retrieved from /home/airflow/.local/lib/python3.12/site-packages/airflow/example_dags/example_branch_python_dop_operator_3.py
[2025-04-22T01:16:18.774+0000] {logging_mixin.py:190} INFO - [2025-04-22T01:16:18.773+0000] {dag.py:3239} INFO - Sync 1 DAGs
[2025-04-22T01:16:18.797+0000] {logging_mixin.py:190} INFO - [2025-04-22T01:16:18.797+0000] {dag.py:4180} INFO - Setting next_dagrun for example_branch_dop_operator_v3 to 2025-04-22 01:15:00+00:00, run_after=2025-04-22 01:16:00+00:00
[2025-04-22T01:16:18.813+0000] {processor.py:208} INFO - Processing /home/airflow/.local/lib/python3.12/site-packages/airflow/example_dags/example_branch_python_dop_operator_3.py took 0.075 seconds
[2025-04-22T01:16:50.287+0000] {processor.py:186} INFO - Started process (PID=754) to work on /home/airflow/.local/lib/python3.12/site-packages/airflow/example_dags/example_branch_python_dop_operator_3.py
[2025-04-22T01:16:50.288+0000] {processor.py:914} INFO - Processing file /home/airflow/.local/lib/python3.12/site-packages/airflow/example_dags/example_branch_python_dop_operator_3.py for tasks to queue
[2025-04-22T01:16:50.291+0000] {logging_mixin.py:190} INFO - [2025-04-22T01:16:50.290+0000] {dagbag.py:588} INFO - Filling up the DagBag from /home/airflow/.local/lib/python3.12/site-packages/airflow/example_dags/example_branch_python_dop_operator_3.py
[2025-04-22T01:16:50.303+0000] {processor.py:925} INFO - DAG(s) 'example_branch_dop_operator_v3' retrieved from /home/airflow/.local/lib/python3.12/site-packages/airflow/example_dags/example_branch_python_dop_operator_3.py
[2025-04-22T01:16:50.321+0000] {logging_mixin.py:190} INFO - [2025-04-22T01:16:50.321+0000] {dag.py:3239} INFO - Sync 1 DAGs
[2025-04-22T01:16:50.344+0000] {logging_mixin.py:190} INFO - [2025-04-22T01:16:50.343+0000] {dag.py:4180} INFO - Setting next_dagrun for example_branch_dop_operator_v3 to 2025-04-22 01:15:00+00:00, run_after=2025-04-22 01:16:00+00:00
[2025-04-22T01:16:50.361+0000] {processor.py:208} INFO - Processing /home/airflow/.local/lib/python3.12/site-packages/airflow/example_dags/example_branch_python_dop_operator_3.py took 0.081 seconds
[2025-04-22T01:17:21.876+0000] {processor.py:186} INFO - Started process (PID=817) to work on /home/airflow/.local/lib/python3.12/site-packages/airflow/example_dags/example_branch_python_dop_operator_3.py
[2025-04-22T01:17:21.877+0000] {processor.py:914} INFO - Processing file /home/airflow/.local/lib/python3.12/site-packages/airflow/example_dags/example_branch_python_dop_operator_3.py for tasks to queue
[2025-04-22T01:17:21.879+0000] {logging_mixin.py:190} INFO - [2025-04-22T01:17:21.879+0000] {dagbag.py:588} INFO - Filling up the DagBag from /home/airflow/.local/lib/python3.12/site-packages/airflow/example_dags/example_branch_python_dop_operator_3.py
[2025-04-22T01:17:21.889+0000] {processor.py:925} INFO - DAG(s) 'example_branch_dop_operator_v3' retrieved from /home/airflow/.local/lib/python3.12/site-packages/airflow/example_dags/example_branch_python_dop_operator_3.py
[2025-04-22T01:17:21.906+0000] {logging_mixin.py:190} INFO - [2025-04-22T01:17:21.905+0000] {dag.py:3239} INFO - Sync 1 DAGs
[2025-04-22T01:17:21.930+0000] {logging_mixin.py:190} INFO - [2025-04-22T01:17:21.930+0000] {dag.py:4180} INFO - Setting next_dagrun for example_branch_dop_operator_v3 to 2025-04-22 01:16:00+00:00, run_after=2025-04-22 01:17:00+00:00
[2025-04-22T01:17:21.945+0000] {processor.py:208} INFO - Processing /home/airflow/.local/lib/python3.12/site-packages/airflow/example_dags/example_branch_python_dop_operator_3.py took 0.074 seconds
[2025-04-22T01:17:52.746+0000] {processor.py:186} INFO - Started process (PID=880) to work on /home/airflow/.local/lib/python3.12/site-packages/airflow/example_dags/example_branch_python_dop_operator_3.py
[2025-04-22T01:17:52.747+0000] {processor.py:914} INFO - Processing file /home/airflow/.local/lib/python3.12/site-packages/airflow/example_dags/example_branch_python_dop_operator_3.py for tasks to queue
[2025-04-22T01:17:52.749+0000] {logging_mixin.py:190} INFO - [2025-04-22T01:17:52.748+0000] {dagbag.py:588} INFO - Filling up the DagBag from /home/airflow/.local/lib/python3.12/site-packages/airflow/example_dags/example_branch_python_dop_operator_3.py
[2025-04-22T01:17:52.760+0000] {processor.py:925} INFO - DAG(s) 'example_branch_dop_operator_v3' retrieved from /home/airflow/.local/lib/python3.12/site-packages/airflow/example_dags/example_branch_python_dop_operator_3.py
[2025-04-22T01:17:52.780+0000] {logging_mixin.py:190} INFO - [2025-04-22T01:17:52.780+0000] {dag.py:3239} INFO - Sync 1 DAGs
[2025-04-22T01:17:52.806+0000] {logging_mixin.py:190} INFO - [2025-04-22T01:17:52.806+0000] {dag.py:4180} INFO - Setting next_dagrun for example_branch_dop_operator_v3 to 2025-04-22 01:16:00+00:00, run_after=2025-04-22 01:17:00+00:00
[2025-04-22T01:17:52.823+0000] {processor.py:208} INFO - Processing /home/airflow/.local/lib/python3.12/site-packages/airflow/example_dags/example_branch_python_dop_operator_3.py took 0.083 seconds
[2025-04-22T01:18:24.207+0000] {processor.py:186} INFO - Started process (PID=943) to work on /home/airflow/.local/lib/python3.12/site-packages/airflow/example_dags/example_branch_python_dop_operator_3.py
[2025-04-22T01:18:24.209+0000] {processor.py:914} INFO - Processing file /home/airflow/.local/lib/python3.12/site-packages/airflow/example_dags/example_branch_python_dop_operator_3.py for tasks to queue
[2025-04-22T01:18:24.211+0000] {logging_mixin.py:190} INFO - [2025-04-22T01:18:24.211+0000] {dagbag.py:588} INFO - Filling up the DagBag from /home/airflow/.local/lib/python3.12/site-packages/airflow/example_dags/example_branch_python_dop_operator_3.py
[2025-04-22T01:18:24.223+0000] {processor.py:925} INFO - DAG(s) 'example_branch_dop_operator_v3' retrieved from /home/airflow/.local/lib/python3.12/site-packages/airflow/example_dags/example_branch_python_dop_operator_3.py
[2025-04-22T01:18:24.245+0000] {logging_mixin.py:190} INFO - [2025-04-22T01:18:24.244+0000] {dag.py:3239} INFO - Sync 1 DAGs
[2025-04-22T01:18:24.277+0000] {logging_mixin.py:190} INFO - [2025-04-22T01:18:24.277+0000] {dag.py:4180} INFO - Setting next_dagrun for example_branch_dop_operator_v3 to 2025-04-22 01:17:00+00:00, run_after=2025-04-22 01:18:00+00:00
[2025-04-22T01:18:24.304+0000] {processor.py:208} INFO - Processing /home/airflow/.local/lib/python3.12/site-packages/airflow/example_dags/example_branch_python_dop_operator_3.py took 0.104 seconds
