[2025-04-22T01:11:02.195+0000] {processor.py:186} INFO - Started process (PID=47) to work on /home/airflow/.local/lib/python3.12/site-packages/airflow/example_dags/example_sensor_decorator.py
[2025-04-22T01:11:02.197+0000] {processor.py:914} INFO - Processing file /home/airflow/.local/lib/python3.12/site-packages/airflow/example_dags/example_sensor_decorator.py for tasks to queue
[2025-04-22T01:11:02.201+0000] {logging_mixin.py:190} INFO - [2025-04-22T01:11:02.201+0000] {dagbag.py:588} INFO - Filling up the DagBag from /home/airflow/.local/lib/python3.12/site-packages/airflow/example_dags/example_sensor_decorator.py
[2025-04-22T01:11:02.229+0000] {processor.py:925} INFO - DAG(s) 'example_sensor_decorator' retrieved from /home/airflow/.local/lib/python3.12/site-packages/airflow/example_dags/example_sensor_decorator.py
[2025-04-22T01:11:02.417+0000] {logging_mixin.py:190} INFO - [2025-04-22T01:11:02.416+0000] {override.py:1912} INFO - Created Permission View: can delete on DAG:example_sensor_decorator
[2025-04-22T01:11:02.430+0000] {logging_mixin.py:190} INFO - [2025-04-22T01:11:02.429+0000] {override.py:1912} INFO - Created Permission View: can read on DAG:example_sensor_decorator
[2025-04-22T01:11:02.439+0000] {logging_mixin.py:190} INFO - [2025-04-22T01:11:02.438+0000] {override.py:1912} INFO - Created Permission View: can edit on DAG:example_sensor_decorator
[2025-04-22T01:11:02.449+0000] {logging_mixin.py:190} INFO - [2025-04-22T01:11:02.449+0000] {override.py:1912} INFO - Created Permission View: menu access on DAG Run:example_sensor_decorator
[2025-04-22T01:11:02.457+0000] {logging_mixin.py:190} INFO - [2025-04-22T01:11:02.457+0000] {override.py:1912} INFO - Created Permission View: can delete on DAG Run:example_sensor_decorator
[2025-04-22T01:11:02.465+0000] {logging_mixin.py:190} INFO - [2025-04-22T01:11:02.465+0000] {override.py:1912} INFO - Created Permission View: can read on DAG Run:example_sensor_decorator
[2025-04-22T01:11:02.474+0000] {logging_mixin.py:190} INFO - [2025-04-22T01:11:02.473+0000] {override.py:1912} INFO - Created Permission View: can create on DAG Run:example_sensor_decorator
[2025-04-22T01:11:02.475+0000] {logging_mixin.py:190} INFO - [2025-04-22T01:11:02.474+0000] {dag.py:3239} INFO - Sync 1 DAGs
[2025-04-22T01:11:02.498+0000] {logging_mixin.py:190} INFO - [2025-04-22T01:11:02.497+0000] {dag.py:3262} INFO - Creating ORM DAG for example_sensor_decorator
[2025-04-22T01:11:02.499+0000] {logging_mixin.py:190} INFO - [2025-04-22T01:11:02.499+0000] {dag.py:4180} INFO - Setting next_dagrun for example_sensor_decorator to None, run_after=None
[2025-04-22T01:11:02.523+0000] {processor.py:208} INFO - Processing /home/airflow/.local/lib/python3.12/site-packages/airflow/example_dags/example_sensor_decorator.py took 0.338 seconds
[2025-04-22T01:11:33.217+0000] {processor.py:186} INFO - Started process (PID=110) to work on /home/airflow/.local/lib/python3.12/site-packages/airflow/example_dags/example_sensor_decorator.py
[2025-04-22T01:11:33.219+0000] {processor.py:914} INFO - Processing file /home/airflow/.local/lib/python3.12/site-packages/airflow/example_dags/example_sensor_decorator.py for tasks to queue
[2025-04-22T01:11:33.221+0000] {logging_mixin.py:190} INFO - [2025-04-22T01:11:33.221+0000] {dagbag.py:588} INFO - Filling up the DagBag from /home/airflow/.local/lib/python3.12/site-packages/airflow/example_dags/example_sensor_decorator.py
[2025-04-22T01:11:33.231+0000] {processor.py:925} INFO - DAG(s) 'example_sensor_decorator' retrieved from /home/airflow/.local/lib/python3.12/site-packages/airflow/example_dags/example_sensor_decorator.py
[2025-04-22T01:11:33.249+0000] {logging_mixin.py:190} INFO - [2025-04-22T01:11:33.249+0000] {dag.py:3239} INFO - Sync 1 DAGs
[2025-04-22T01:11:33.263+0000] {logging_mixin.py:190} INFO - [2025-04-22T01:11:33.263+0000] {dag.py:4180} INFO - Setting next_dagrun for example_sensor_decorator to None, run_after=None
[2025-04-22T01:11:33.284+0000] {processor.py:208} INFO - Processing /home/airflow/.local/lib/python3.12/site-packages/airflow/example_dags/example_sensor_decorator.py took 0.072 seconds
[2025-04-22T01:12:04.029+0000] {processor.py:186} INFO - Started process (PID=173) to work on /home/airflow/.local/lib/python3.12/site-packages/airflow/example_dags/example_sensor_decorator.py
[2025-04-22T01:12:04.031+0000] {processor.py:914} INFO - Processing file /home/airflow/.local/lib/python3.12/site-packages/airflow/example_dags/example_sensor_decorator.py for tasks to queue
[2025-04-22T01:12:04.034+0000] {logging_mixin.py:190} INFO - [2025-04-22T01:12:04.033+0000] {dagbag.py:588} INFO - Filling up the DagBag from /home/airflow/.local/lib/python3.12/site-packages/airflow/example_dags/example_sensor_decorator.py
[2025-04-22T01:12:04.043+0000] {processor.py:925} INFO - DAG(s) 'example_sensor_decorator' retrieved from /home/airflow/.local/lib/python3.12/site-packages/airflow/example_dags/example_sensor_decorator.py
[2025-04-22T01:12:04.062+0000] {logging_mixin.py:190} INFO - [2025-04-22T01:12:04.062+0000] {dag.py:3239} INFO - Sync 1 DAGs
[2025-04-22T01:12:04.076+0000] {logging_mixin.py:190} INFO - [2025-04-22T01:12:04.076+0000] {dag.py:4180} INFO - Setting next_dagrun for example_sensor_decorator to None, run_after=None
[2025-04-22T01:12:04.096+0000] {processor.py:208} INFO - Processing /home/airflow/.local/lib/python3.12/site-packages/airflow/example_dags/example_sensor_decorator.py took 0.072 seconds
[2025-04-22T01:12:34.314+0000] {processor.py:186} INFO - Started process (PID=236) to work on /home/airflow/.local/lib/python3.12/site-packages/airflow/example_dags/example_sensor_decorator.py
[2025-04-22T01:12:34.315+0000] {processor.py:914} INFO - Processing file /home/airflow/.local/lib/python3.12/site-packages/airflow/example_dags/example_sensor_decorator.py for tasks to queue
[2025-04-22T01:12:34.318+0000] {logging_mixin.py:190} INFO - [2025-04-22T01:12:34.318+0000] {dagbag.py:588} INFO - Filling up the DagBag from /home/airflow/.local/lib/python3.12/site-packages/airflow/example_dags/example_sensor_decorator.py
[2025-04-22T01:12:34.327+0000] {processor.py:925} INFO - DAG(s) 'example_sensor_decorator' retrieved from /home/airflow/.local/lib/python3.12/site-packages/airflow/example_dags/example_sensor_decorator.py
[2025-04-22T01:12:34.346+0000] {logging_mixin.py:190} INFO - [2025-04-22T01:12:34.346+0000] {dag.py:3239} INFO - Sync 1 DAGs
[2025-04-22T01:12:34.360+0000] {logging_mixin.py:190} INFO - [2025-04-22T01:12:34.360+0000] {dag.py:4180} INFO - Setting next_dagrun for example_sensor_decorator to None, run_after=None
[2025-04-22T01:12:34.380+0000] {processor.py:208} INFO - Processing /home/airflow/.local/lib/python3.12/site-packages/airflow/example_dags/example_sensor_decorator.py took 0.072 seconds
[2025-04-22T01:13:04.659+0000] {processor.py:186} INFO - Started process (PID=299) to work on /home/airflow/.local/lib/python3.12/site-packages/airflow/example_dags/example_sensor_decorator.py
[2025-04-22T01:13:04.660+0000] {processor.py:914} INFO - Processing file /home/airflow/.local/lib/python3.12/site-packages/airflow/example_dags/example_sensor_decorator.py for tasks to queue
[2025-04-22T01:13:04.663+0000] {logging_mixin.py:190} INFO - [2025-04-22T01:13:04.662+0000] {dagbag.py:588} INFO - Filling up the DagBag from /home/airflow/.local/lib/python3.12/site-packages/airflow/example_dags/example_sensor_decorator.py
[2025-04-22T01:13:04.672+0000] {processor.py:925} INFO - DAG(s) 'example_sensor_decorator' retrieved from /home/airflow/.local/lib/python3.12/site-packages/airflow/example_dags/example_sensor_decorator.py
[2025-04-22T01:13:04.692+0000] {logging_mixin.py:190} INFO - [2025-04-22T01:13:04.692+0000] {dag.py:3239} INFO - Sync 1 DAGs
[2025-04-22T01:13:04.705+0000] {logging_mixin.py:190} INFO - [2025-04-22T01:13:04.705+0000] {dag.py:4180} INFO - Setting next_dagrun for example_sensor_decorator to None, run_after=None
[2025-04-22T01:13:04.724+0000] {processor.py:208} INFO - Processing /home/airflow/.local/lib/python3.12/site-packages/airflow/example_dags/example_sensor_decorator.py took 0.070 seconds
[2025-04-22T01:13:35.162+0000] {processor.py:186} INFO - Started process (PID=362) to work on /home/airflow/.local/lib/python3.12/site-packages/airflow/example_dags/example_sensor_decorator.py
[2025-04-22T01:13:35.164+0000] {processor.py:914} INFO - Processing file /home/airflow/.local/lib/python3.12/site-packages/airflow/example_dags/example_sensor_decorator.py for tasks to queue
[2025-04-22T01:13:35.166+0000] {logging_mixin.py:190} INFO - [2025-04-22T01:13:35.166+0000] {dagbag.py:588} INFO - Filling up the DagBag from /home/airflow/.local/lib/python3.12/site-packages/airflow/example_dags/example_sensor_decorator.py
[2025-04-22T01:13:35.176+0000] {processor.py:925} INFO - DAG(s) 'example_sensor_decorator' retrieved from /home/airflow/.local/lib/python3.12/site-packages/airflow/example_dags/example_sensor_decorator.py
[2025-04-22T01:13:35.193+0000] {logging_mixin.py:190} INFO - [2025-04-22T01:13:35.193+0000] {dag.py:3239} INFO - Sync 1 DAGs
[2025-04-22T01:13:35.206+0000] {logging_mixin.py:190} INFO - [2025-04-22T01:13:35.205+0000] {dag.py:4180} INFO - Setting next_dagrun for example_sensor_decorator to None, run_after=None
[2025-04-22T01:13:35.221+0000] {processor.py:208} INFO - Processing /home/airflow/.local/lib/python3.12/site-packages/airflow/example_dags/example_sensor_decorator.py took 0.064 seconds
[2025-04-22T01:14:05.585+0000] {processor.py:186} INFO - Started process (PID=425) to work on /home/airflow/.local/lib/python3.12/site-packages/airflow/example_dags/example_sensor_decorator.py
[2025-04-22T01:14:05.586+0000] {processor.py:914} INFO - Processing file /home/airflow/.local/lib/python3.12/site-packages/airflow/example_dags/example_sensor_decorator.py for tasks to queue
[2025-04-22T01:14:05.588+0000] {logging_mixin.py:190} INFO - [2025-04-22T01:14:05.588+0000] {dagbag.py:588} INFO - Filling up the DagBag from /home/airflow/.local/lib/python3.12/site-packages/airflow/example_dags/example_sensor_decorator.py
[2025-04-22T01:14:05.596+0000] {processor.py:925} INFO - DAG(s) 'example_sensor_decorator' retrieved from /home/airflow/.local/lib/python3.12/site-packages/airflow/example_dags/example_sensor_decorator.py
[2025-04-22T01:14:05.614+0000] {logging_mixin.py:190} INFO - [2025-04-22T01:14:05.614+0000] {dag.py:3239} INFO - Sync 1 DAGs
[2025-04-22T01:14:05.626+0000] {logging_mixin.py:190} INFO - [2025-04-22T01:14:05.626+0000] {dag.py:4180} INFO - Setting next_dagrun for example_sensor_decorator to None, run_after=None
[2025-04-22T01:14:05.642+0000] {processor.py:208} INFO - Processing /home/airflow/.local/lib/python3.12/site-packages/airflow/example_dags/example_sensor_decorator.py took 0.062 seconds
[2025-04-22T01:14:36.024+0000] {processor.py:186} INFO - Started process (PID=488) to work on /home/airflow/.local/lib/python3.12/site-packages/airflow/example_dags/example_sensor_decorator.py
[2025-04-22T01:14:36.025+0000] {processor.py:914} INFO - Processing file /home/airflow/.local/lib/python3.12/site-packages/airflow/example_dags/example_sensor_decorator.py for tasks to queue
[2025-04-22T01:14:36.027+0000] {logging_mixin.py:190} INFO - [2025-04-22T01:14:36.027+0000] {dagbag.py:588} INFO - Filling up the DagBag from /home/airflow/.local/lib/python3.12/site-packages/airflow/example_dags/example_sensor_decorator.py
[2025-04-22T01:14:36.035+0000] {processor.py:925} INFO - DAG(s) 'example_sensor_decorator' retrieved from /home/airflow/.local/lib/python3.12/site-packages/airflow/example_dags/example_sensor_decorator.py
[2025-04-22T01:14:36.053+0000] {logging_mixin.py:190} INFO - [2025-04-22T01:14:36.053+0000] {dag.py:3239} INFO - Sync 1 DAGs
[2025-04-22T01:14:36.065+0000] {logging_mixin.py:190} INFO - [2025-04-22T01:14:36.065+0000] {dag.py:4180} INFO - Setting next_dagrun for example_sensor_decorator to None, run_after=None
[2025-04-22T01:14:36.081+0000] {processor.py:208} INFO - Processing /home/airflow/.local/lib/python3.12/site-packages/airflow/example_dags/example_sensor_decorator.py took 0.061 seconds
[2025-04-22T01:15:06.204+0000] {processor.py:186} INFO - Started process (PID=551) to work on /home/airflow/.local/lib/python3.12/site-packages/airflow/example_dags/example_sensor_decorator.py
[2025-04-22T01:15:06.205+0000] {processor.py:914} INFO - Processing file /home/airflow/.local/lib/python3.12/site-packages/airflow/example_dags/example_sensor_decorator.py for tasks to queue
[2025-04-22T01:15:06.207+0000] {logging_mixin.py:190} INFO - [2025-04-22T01:15:06.206+0000] {dagbag.py:588} INFO - Filling up the DagBag from /home/airflow/.local/lib/python3.12/site-packages/airflow/example_dags/example_sensor_decorator.py
[2025-04-22T01:15:06.216+0000] {processor.py:925} INFO - DAG(s) 'example_sensor_decorator' retrieved from /home/airflow/.local/lib/python3.12/site-packages/airflow/example_dags/example_sensor_decorator.py
[2025-04-22T01:15:06.237+0000] {logging_mixin.py:190} INFO - [2025-04-22T01:15:06.237+0000] {dag.py:3239} INFO - Sync 1 DAGs
[2025-04-22T01:15:06.252+0000] {logging_mixin.py:190} INFO - [2025-04-22T01:15:06.251+0000] {dag.py:4180} INFO - Setting next_dagrun for example_sensor_decorator to None, run_after=None
[2025-04-22T01:15:06.270+0000] {processor.py:208} INFO - Processing /home/airflow/.local/lib/python3.12/site-packages/airflow/example_dags/example_sensor_decorator.py took 0.073 seconds
[2025-04-22T01:15:36.696+0000] {processor.py:186} INFO - Started process (PID=614) to work on /home/airflow/.local/lib/python3.12/site-packages/airflow/example_dags/example_sensor_decorator.py
[2025-04-22T01:15:36.697+0000] {processor.py:914} INFO - Processing file /home/airflow/.local/lib/python3.12/site-packages/airflow/example_dags/example_sensor_decorator.py for tasks to queue
[2025-04-22T01:15:36.700+0000] {logging_mixin.py:190} INFO - [2025-04-22T01:15:36.699+0000] {dagbag.py:588} INFO - Filling up the DagBag from /home/airflow/.local/lib/python3.12/site-packages/airflow/example_dags/example_sensor_decorator.py
[2025-04-22T01:15:36.708+0000] {processor.py:925} INFO - DAG(s) 'example_sensor_decorator' retrieved from /home/airflow/.local/lib/python3.12/site-packages/airflow/example_dags/example_sensor_decorator.py
[2025-04-22T01:15:36.727+0000] {logging_mixin.py:190} INFO - [2025-04-22T01:15:36.727+0000] {dag.py:3239} INFO - Sync 1 DAGs
[2025-04-22T01:15:36.746+0000] {logging_mixin.py:190} INFO - [2025-04-22T01:15:36.745+0000] {dag.py:4180} INFO - Setting next_dagrun for example_sensor_decorator to None, run_after=None
[2025-04-22T01:15:36.766+0000] {processor.py:208} INFO - Processing /home/airflow/.local/lib/python3.12/site-packages/airflow/example_dags/example_sensor_decorator.py took 0.075 seconds
[2025-04-22T01:16:07.696+0000] {processor.py:186} INFO - Started process (PID=677) to work on /home/airflow/.local/lib/python3.12/site-packages/airflow/example_dags/example_sensor_decorator.py
[2025-04-22T01:16:07.697+0000] {processor.py:914} INFO - Processing file /home/airflow/.local/lib/python3.12/site-packages/airflow/example_dags/example_sensor_decorator.py for tasks to queue
[2025-04-22T01:16:07.700+0000] {logging_mixin.py:190} INFO - [2025-04-22T01:16:07.700+0000] {dagbag.py:588} INFO - Filling up the DagBag from /home/airflow/.local/lib/python3.12/site-packages/airflow/example_dags/example_sensor_decorator.py
[2025-04-22T01:16:07.709+0000] {processor.py:925} INFO - DAG(s) 'example_sensor_decorator' retrieved from /home/airflow/.local/lib/python3.12/site-packages/airflow/example_dags/example_sensor_decorator.py
[2025-04-22T01:16:07.731+0000] {logging_mixin.py:190} INFO - [2025-04-22T01:16:07.730+0000] {dag.py:3239} INFO - Sync 1 DAGs
[2025-04-22T01:16:07.746+0000] {logging_mixin.py:190} INFO - [2025-04-22T01:16:07.745+0000] {dag.py:4180} INFO - Setting next_dagrun for example_sensor_decorator to None, run_after=None
[2025-04-22T01:16:07.762+0000] {processor.py:208} INFO - Processing /home/airflow/.local/lib/python3.12/site-packages/airflow/example_dags/example_sensor_decorator.py took 0.072 seconds
[2025-04-22T01:16:38.137+0000] {processor.py:186} INFO - Started process (PID=740) to work on /home/airflow/.local/lib/python3.12/site-packages/airflow/example_dags/example_sensor_decorator.py
[2025-04-22T01:16:38.138+0000] {processor.py:914} INFO - Processing file /home/airflow/.local/lib/python3.12/site-packages/airflow/example_dags/example_sensor_decorator.py for tasks to queue
[2025-04-22T01:16:38.141+0000] {logging_mixin.py:190} INFO - [2025-04-22T01:16:38.140+0000] {dagbag.py:588} INFO - Filling up the DagBag from /home/airflow/.local/lib/python3.12/site-packages/airflow/example_dags/example_sensor_decorator.py
[2025-04-22T01:16:38.151+0000] {processor.py:925} INFO - DAG(s) 'example_sensor_decorator' retrieved from /home/airflow/.local/lib/python3.12/site-packages/airflow/example_dags/example_sensor_decorator.py
[2025-04-22T01:16:38.176+0000] {logging_mixin.py:190} INFO - [2025-04-22T01:16:38.176+0000] {dag.py:3239} INFO - Sync 1 DAGs
[2025-04-22T01:16:38.202+0000] {logging_mixin.py:190} INFO - [2025-04-22T01:16:38.201+0000] {dag.py:4180} INFO - Setting next_dagrun for example_sensor_decorator to None, run_after=None
[2025-04-22T01:16:38.230+0000] {processor.py:208} INFO - Processing /home/airflow/.local/lib/python3.12/site-packages/airflow/example_dags/example_sensor_decorator.py took 0.100 seconds
[2025-04-22T01:17:08.812+0000] {processor.py:186} INFO - Started process (PID=803) to work on /home/airflow/.local/lib/python3.12/site-packages/airflow/example_dags/example_sensor_decorator.py
[2025-04-22T01:17:08.813+0000] {processor.py:914} INFO - Processing file /home/airflow/.local/lib/python3.12/site-packages/airflow/example_dags/example_sensor_decorator.py for tasks to queue
[2025-04-22T01:17:08.815+0000] {logging_mixin.py:190} INFO - [2025-04-22T01:17:08.815+0000] {dagbag.py:588} INFO - Filling up the DagBag from /home/airflow/.local/lib/python3.12/site-packages/airflow/example_dags/example_sensor_decorator.py
[2025-04-22T01:17:08.824+0000] {processor.py:925} INFO - DAG(s) 'example_sensor_decorator' retrieved from /home/airflow/.local/lib/python3.12/site-packages/airflow/example_dags/example_sensor_decorator.py
[2025-04-22T01:17:08.842+0000] {logging_mixin.py:190} INFO - [2025-04-22T01:17:08.842+0000] {dag.py:3239} INFO - Sync 1 DAGs
[2025-04-22T01:17:08.854+0000] {logging_mixin.py:190} INFO - [2025-04-22T01:17:08.854+0000] {dag.py:4180} INFO - Setting next_dagrun for example_sensor_decorator to None, run_after=None
[2025-04-22T01:17:08.870+0000] {processor.py:208} INFO - Processing /home/airflow/.local/lib/python3.12/site-packages/airflow/example_dags/example_sensor_decorator.py took 0.063 seconds
[2025-04-22T01:17:39.645+0000] {processor.py:186} INFO - Started process (PID=866) to work on /home/airflow/.local/lib/python3.12/site-packages/airflow/example_dags/example_sensor_decorator.py
[2025-04-22T01:17:39.646+0000] {processor.py:914} INFO - Processing file /home/airflow/.local/lib/python3.12/site-packages/airflow/example_dags/example_sensor_decorator.py for tasks to queue
[2025-04-22T01:17:39.648+0000] {logging_mixin.py:190} INFO - [2025-04-22T01:17:39.648+0000] {dagbag.py:588} INFO - Filling up the DagBag from /home/airflow/.local/lib/python3.12/site-packages/airflow/example_dags/example_sensor_decorator.py
[2025-04-22T01:17:39.657+0000] {processor.py:925} INFO - DAG(s) 'example_sensor_decorator' retrieved from /home/airflow/.local/lib/python3.12/site-packages/airflow/example_dags/example_sensor_decorator.py
[2025-04-22T01:17:39.676+0000] {logging_mixin.py:190} INFO - [2025-04-22T01:17:39.676+0000] {dag.py:3239} INFO - Sync 1 DAGs
[2025-04-22T01:17:39.690+0000] {logging_mixin.py:190} INFO - [2025-04-22T01:17:39.690+0000] {dag.py:4180} INFO - Setting next_dagrun for example_sensor_decorator to None, run_after=None
[2025-04-22T01:17:39.709+0000] {processor.py:208} INFO - Processing /home/airflow/.local/lib/python3.12/site-packages/airflow/example_dags/example_sensor_decorator.py took 0.070 seconds
[2025-04-22T01:18:10.758+0000] {processor.py:186} INFO - Started process (PID=929) to work on /home/airflow/.local/lib/python3.12/site-packages/airflow/example_dags/example_sensor_decorator.py
[2025-04-22T01:18:10.759+0000] {processor.py:914} INFO - Processing file /home/airflow/.local/lib/python3.12/site-packages/airflow/example_dags/example_sensor_decorator.py for tasks to queue
[2025-04-22T01:18:10.763+0000] {logging_mixin.py:190} INFO - [2025-04-22T01:18:10.762+0000] {dagbag.py:588} INFO - Filling up the DagBag from /home/airflow/.local/lib/python3.12/site-packages/airflow/example_dags/example_sensor_decorator.py
[2025-04-22T01:18:10.774+0000] {processor.py:925} INFO - DAG(s) 'example_sensor_decorator' retrieved from /home/airflow/.local/lib/python3.12/site-packages/airflow/example_dags/example_sensor_decorator.py
[2025-04-22T01:18:10.807+0000] {logging_mixin.py:190} INFO - [2025-04-22T01:18:10.806+0000] {dag.py:3239} INFO - Sync 1 DAGs
[2025-04-22T01:18:10.826+0000] {logging_mixin.py:190} INFO - [2025-04-22T01:18:10.826+0000] {dag.py:4180} INFO - Setting next_dagrun for example_sensor_decorator to None, run_after=None
[2025-04-22T01:18:10.855+0000] {processor.py:208} INFO - Processing /home/airflow/.local/lib/python3.12/site-packages/airflow/example_dags/example_sensor_decorator.py took 0.108 seconds
