[2025-04-22T01:11:02.921+0000] {processor.py:186} INFO - Started process (PID=50) to work on /home/airflow/.local/lib/python3.12/site-packages/airflow/example_dags/example_datasets.py
[2025-04-22T01:11:02.923+0000] {processor.py:914} INFO - Processing file /home/airflow/.local/lib/python3.12/site-packages/airflow/example_dags/example_datasets.py for tasks to queue
[2025-04-22T01:11:02.925+0000] {logging_mixin.py:190} INFO - [2025-04-22T01:11:02.925+0000] {dagbag.py:588} INFO - Filling up the DagBag from /home/airflow/.local/lib/python3.12/site-packages/airflow/example_dags/example_datasets.py
[2025-04-22T01:11:05.298+0000] {processor.py:925} INFO - DAG(s) 'consume_1_or_2_with_dataset_expressions', 'dataset_produces_1', 'dataset_consumes_1', 'dataset_consumes_1_never_scheduled', 'consume_1_and_2_with_dataset_expressions', 'consume_1_or_both_2_and_3_with_dataset_expressions', 'dataset_consumes_unknown_never_scheduled', 'conditional_dataset_and_time_based_timetable', 'dataset_produces_2', 'dataset_consumes_1_and_2' retrieved from /home/airflow/.local/lib/python3.12/site-packages/airflow/example_dags/example_datasets.py
[2025-04-22T01:11:05.438+0000] {logging_mixin.py:190} INFO - [2025-04-22T01:11:05.437+0000] {override.py:1912} INFO - Created Permission View: can delete on DAG:consume_1_or_2_with_dataset_expressions
[2025-04-22T01:11:05.451+0000] {logging_mixin.py:190} INFO - [2025-04-22T01:11:05.450+0000] {override.py:1912} INFO - Created Permission View: can read on DAG:consume_1_or_2_with_dataset_expressions
[2025-04-22T01:11:05.460+0000] {logging_mixin.py:190} INFO - [2025-04-22T01:11:05.460+0000] {override.py:1912} INFO - Created Permission View: can edit on DAG:consume_1_or_2_with_dataset_expressions
[2025-04-22T01:11:05.470+0000] {logging_mixin.py:190} INFO - [2025-04-22T01:11:05.469+0000] {override.py:1912} INFO - Created Permission View: menu access on DAG Run:consume_1_or_2_with_dataset_expressions
[2025-04-22T01:11:05.478+0000] {logging_mixin.py:190} INFO - [2025-04-22T01:11:05.478+0000] {override.py:1912} INFO - Created Permission View: can delete on DAG Run:consume_1_or_2_with_dataset_expressions
[2025-04-22T01:11:05.488+0000] {logging_mixin.py:190} INFO - [2025-04-22T01:11:05.487+0000] {override.py:1912} INFO - Created Permission View: can read on DAG Run:consume_1_or_2_with_dataset_expressions
[2025-04-22T01:11:05.499+0000] {logging_mixin.py:190} INFO - [2025-04-22T01:11:05.498+0000] {override.py:1912} INFO - Created Permission View: can create on DAG Run:consume_1_or_2_with_dataset_expressions
[2025-04-22T01:11:05.526+0000] {logging_mixin.py:190} INFO - [2025-04-22T01:11:05.525+0000] {override.py:1912} INFO - Created Permission View: can delete on DAG:dataset_produces_1
[2025-04-22T01:11:05.537+0000] {logging_mixin.py:190} INFO - [2025-04-22T01:11:05.536+0000] {override.py:1912} INFO - Created Permission View: can read on DAG:dataset_produces_1
[2025-04-22T01:11:05.545+0000] {logging_mixin.py:190} INFO - [2025-04-22T01:11:05.545+0000] {override.py:1912} INFO - Created Permission View: can edit on DAG:dataset_produces_1
[2025-04-22T01:11:05.554+0000] {logging_mixin.py:190} INFO - [2025-04-22T01:11:05.553+0000] {override.py:1912} INFO - Created Permission View: menu access on DAG Run:dataset_produces_1
[2025-04-22T01:11:05.561+0000] {logging_mixin.py:190} INFO - [2025-04-22T01:11:05.561+0000] {override.py:1912} INFO - Created Permission View: can delete on DAG Run:dataset_produces_1
[2025-04-22T01:11:05.571+0000] {logging_mixin.py:190} INFO - [2025-04-22T01:11:05.570+0000] {override.py:1912} INFO - Created Permission View: can read on DAG Run:dataset_produces_1
[2025-04-22T01:11:05.580+0000] {logging_mixin.py:190} INFO - [2025-04-22T01:11:05.580+0000] {override.py:1912} INFO - Created Permission View: can create on DAG Run:dataset_produces_1
[2025-04-22T01:11:05.597+0000] {logging_mixin.py:190} INFO - [2025-04-22T01:11:05.597+0000] {override.py:1912} INFO - Created Permission View: can delete on DAG:dataset_consumes_1
[2025-04-22T01:11:05.605+0000] {logging_mixin.py:190} INFO - [2025-04-22T01:11:05.605+0000] {override.py:1912} INFO - Created Permission View: can read on DAG:dataset_consumes_1
[2025-04-22T01:11:05.614+0000] {logging_mixin.py:190} INFO - [2025-04-22T01:11:05.614+0000] {override.py:1912} INFO - Created Permission View: can edit on DAG:dataset_consumes_1
[2025-04-22T01:11:05.625+0000] {logging_mixin.py:190} INFO - [2025-04-22T01:11:05.625+0000] {override.py:1912} INFO - Created Permission View: menu access on DAG Run:dataset_consumes_1
[2025-04-22T01:11:05.635+0000] {logging_mixin.py:190} INFO - [2025-04-22T01:11:05.635+0000] {override.py:1912} INFO - Created Permission View: can delete on DAG Run:dataset_consumes_1
[2025-04-22T01:11:05.646+0000] {logging_mixin.py:190} INFO - [2025-04-22T01:11:05.645+0000] {override.py:1912} INFO - Created Permission View: can read on DAG Run:dataset_consumes_1
[2025-04-22T01:11:05.657+0000] {logging_mixin.py:190} INFO - [2025-04-22T01:11:05.657+0000] {override.py:1912} INFO - Created Permission View: can create on DAG Run:dataset_consumes_1
[2025-04-22T01:11:05.683+0000] {logging_mixin.py:190} INFO - [2025-04-22T01:11:05.682+0000] {override.py:1912} INFO - Created Permission View: can delete on DAG:dataset_consumes_1_never_scheduled
[2025-04-22T01:11:05.692+0000] {logging_mixin.py:190} INFO - [2025-04-22T01:11:05.691+0000] {override.py:1912} INFO - Created Permission View: can read on DAG:dataset_consumes_1_never_scheduled
[2025-04-22T01:11:05.701+0000] {logging_mixin.py:190} INFO - [2025-04-22T01:11:05.701+0000] {override.py:1912} INFO - Created Permission View: can edit on DAG:dataset_consumes_1_never_scheduled
[2025-04-22T01:11:05.714+0000] {logging_mixin.py:190} INFO - [2025-04-22T01:11:05.714+0000] {override.py:1912} INFO - Created Permission View: menu access on DAG Run:dataset_consumes_1_never_scheduled
[2025-04-22T01:11:05.725+0000] {logging_mixin.py:190} INFO - [2025-04-22T01:11:05.725+0000] {override.py:1912} INFO - Created Permission View: can delete on DAG Run:dataset_consumes_1_never_scheduled
[2025-04-22T01:11:05.736+0000] {logging_mixin.py:190} INFO - [2025-04-22T01:11:05.735+0000] {override.py:1912} INFO - Created Permission View: can read on DAG Run:dataset_consumes_1_never_scheduled
[2025-04-22T01:11:05.747+0000] {logging_mixin.py:190} INFO - [2025-04-22T01:11:05.746+0000] {override.py:1912} INFO - Created Permission View: can create on DAG Run:dataset_consumes_1_never_scheduled
[2025-04-22T01:11:05.766+0000] {logging_mixin.py:190} INFO - [2025-04-22T01:11:05.765+0000] {override.py:1912} INFO - Created Permission View: can delete on DAG:consume_1_and_2_with_dataset_expressions
[2025-04-22T01:11:05.776+0000] {logging_mixin.py:190} INFO - [2025-04-22T01:11:05.775+0000] {override.py:1912} INFO - Created Permission View: can read on DAG:consume_1_and_2_with_dataset_expressions
[2025-04-22T01:11:05.786+0000] {logging_mixin.py:190} INFO - [2025-04-22T01:11:05.785+0000] {override.py:1912} INFO - Created Permission View: can edit on DAG:consume_1_and_2_with_dataset_expressions
[2025-04-22T01:11:05.797+0000] {logging_mixin.py:190} INFO - [2025-04-22T01:11:05.797+0000] {override.py:1912} INFO - Created Permission View: menu access on DAG Run:consume_1_and_2_with_dataset_expressions
[2025-04-22T01:11:05.808+0000] {logging_mixin.py:190} INFO - [2025-04-22T01:11:05.808+0000] {override.py:1912} INFO - Created Permission View: can delete on DAG Run:consume_1_and_2_with_dataset_expressions
[2025-04-22T01:11:05.821+0000] {logging_mixin.py:190} INFO - [2025-04-22T01:11:05.821+0000] {override.py:1912} INFO - Created Permission View: can read on DAG Run:consume_1_and_2_with_dataset_expressions
[2025-04-22T01:11:05.830+0000] {logging_mixin.py:190} INFO - [2025-04-22T01:11:05.829+0000] {override.py:1912} INFO - Created Permission View: can create on DAG Run:consume_1_and_2_with_dataset_expressions
[2025-04-22T01:11:05.842+0000] {logging_mixin.py:190} INFO - [2025-04-22T01:11:05.842+0000] {override.py:1912} INFO - Created Permission View: can delete on DAG:consume_1_or_both_2_and_3_with_dataset_expressions
[2025-04-22T01:11:05.850+0000] {logging_mixin.py:190} INFO - [2025-04-22T01:11:05.849+0000] {override.py:1912} INFO - Created Permission View: can read on DAG:consume_1_or_both_2_and_3_with_dataset_expressions
[2025-04-22T01:11:05.857+0000] {logging_mixin.py:190} INFO - [2025-04-22T01:11:05.856+0000] {override.py:1912} INFO - Created Permission View: can edit on DAG:consume_1_or_both_2_and_3_with_dataset_expressions
[2025-04-22T01:11:05.865+0000] {logging_mixin.py:190} INFO - [2025-04-22T01:11:05.864+0000] {override.py:1912} INFO - Created Permission View: menu access on DAG Run:consume_1_or_both_2_and_3_with_dataset_expressions
[2025-04-22T01:11:05.871+0000] {logging_mixin.py:190} INFO - [2025-04-22T01:11:05.871+0000] {override.py:1912} INFO - Created Permission View: can delete on DAG Run:consume_1_or_both_2_and_3_with_dataset_expressions
[2025-04-22T01:11:05.879+0000] {logging_mixin.py:190} INFO - [2025-04-22T01:11:05.878+0000] {override.py:1912} INFO - Created Permission View: can read on DAG Run:consume_1_or_both_2_and_3_with_dataset_expressions
[2025-04-22T01:11:05.887+0000] {logging_mixin.py:190} INFO - [2025-04-22T01:11:05.886+0000] {override.py:1912} INFO - Created Permission View: can create on DAG Run:consume_1_or_both_2_and_3_with_dataset_expressions
[2025-04-22T01:11:05.902+0000] {logging_mixin.py:190} INFO - [2025-04-22T01:11:05.901+0000] {override.py:1912} INFO - Created Permission View: can delete on DAG:dataset_consumes_unknown_never_scheduled
[2025-04-22T01:11:05.910+0000] {logging_mixin.py:190} INFO - [2025-04-22T01:11:05.909+0000] {override.py:1912} INFO - Created Permission View: can read on DAG:dataset_consumes_unknown_never_scheduled
[2025-04-22T01:11:05.917+0000] {logging_mixin.py:190} INFO - [2025-04-22T01:11:05.916+0000] {override.py:1912} INFO - Created Permission View: can edit on DAG:dataset_consumes_unknown_never_scheduled
[2025-04-22T01:11:05.925+0000] {logging_mixin.py:190} INFO - [2025-04-22T01:11:05.925+0000] {override.py:1912} INFO - Created Permission View: menu access on DAG Run:dataset_consumes_unknown_never_scheduled
[2025-04-22T01:11:05.931+0000] {logging_mixin.py:190} INFO - [2025-04-22T01:11:05.931+0000] {override.py:1912} INFO - Created Permission View: can delete on DAG Run:dataset_consumes_unknown_never_scheduled
[2025-04-22T01:11:05.937+0000] {logging_mixin.py:190} INFO - [2025-04-22T01:11:05.937+0000] {override.py:1912} INFO - Created Permission View: can read on DAG Run:dataset_consumes_unknown_never_scheduled
[2025-04-22T01:11:05.943+0000] {logging_mixin.py:190} INFO - [2025-04-22T01:11:05.943+0000] {override.py:1912} INFO - Created Permission View: can create on DAG Run:dataset_consumes_unknown_never_scheduled
[2025-04-22T01:11:05.955+0000] {logging_mixin.py:190} INFO - [2025-04-22T01:11:05.954+0000] {override.py:1912} INFO - Created Permission View: can delete on DAG:conditional_dataset_and_time_based_timetable
[2025-04-22T01:11:05.964+0000] {logging_mixin.py:190} INFO - [2025-04-22T01:11:05.963+0000] {override.py:1912} INFO - Created Permission View: can read on DAG:conditional_dataset_and_time_based_timetable
[2025-04-22T01:11:05.975+0000] {logging_mixin.py:190} INFO - [2025-04-22T01:11:05.972+0000] {override.py:1912} INFO - Created Permission View: can edit on DAG:conditional_dataset_and_time_based_timetable
[2025-04-22T01:11:05.986+0000] {logging_mixin.py:190} INFO - [2025-04-22T01:11:05.986+0000] {override.py:1912} INFO - Created Permission View: menu access on DAG Run:conditional_dataset_and_time_based_timetable
[2025-04-22T01:11:05.994+0000] {logging_mixin.py:190} INFO - [2025-04-22T01:11:05.994+0000] {override.py:1912} INFO - Created Permission View: can delete on DAG Run:conditional_dataset_and_time_based_timetable
[2025-04-22T01:11:06.002+0000] {logging_mixin.py:190} INFO - [2025-04-22T01:11:06.002+0000] {override.py:1912} INFO - Created Permission View: can read on DAG Run:conditional_dataset_and_time_based_timetable
[2025-04-22T01:11:06.010+0000] {logging_mixin.py:190} INFO - [2025-04-22T01:11:06.009+0000] {override.py:1912} INFO - Created Permission View: can create on DAG Run:conditional_dataset_and_time_based_timetable
[2025-04-22T01:11:06.024+0000] {logging_mixin.py:190} INFO - [2025-04-22T01:11:06.023+0000] {override.py:1912} INFO - Created Permission View: can delete on DAG:dataset_produces_2
[2025-04-22T01:11:06.032+0000] {logging_mixin.py:190} INFO - [2025-04-22T01:11:06.031+0000] {override.py:1912} INFO - Created Permission View: can read on DAG:dataset_produces_2
[2025-04-22T01:11:06.040+0000] {logging_mixin.py:190} INFO - [2025-04-22T01:11:06.039+0000] {override.py:1912} INFO - Created Permission View: can edit on DAG:dataset_produces_2
[2025-04-22T01:11:06.052+0000] {logging_mixin.py:190} INFO - [2025-04-22T01:11:06.052+0000] {override.py:1912} INFO - Created Permission View: menu access on DAG Run:dataset_produces_2
[2025-04-22T01:11:06.064+0000] {logging_mixin.py:190} INFO - [2025-04-22T01:11:06.064+0000] {override.py:1912} INFO - Created Permission View: can delete on DAG Run:dataset_produces_2
[2025-04-22T01:11:06.075+0000] {logging_mixin.py:190} INFO - [2025-04-22T01:11:06.074+0000] {override.py:1912} INFO - Created Permission View: can read on DAG Run:dataset_produces_2
[2025-04-22T01:11:06.085+0000] {logging_mixin.py:190} INFO - [2025-04-22T01:11:06.085+0000] {override.py:1912} INFO - Created Permission View: can create on DAG Run:dataset_produces_2
[2025-04-22T01:11:06.102+0000] {logging_mixin.py:190} INFO - [2025-04-22T01:11:06.102+0000] {override.py:1912} INFO - Created Permission View: can delete on DAG:dataset_consumes_1_and_2
[2025-04-22T01:11:06.112+0000] {logging_mixin.py:190} INFO - [2025-04-22T01:11:06.112+0000] {override.py:1912} INFO - Created Permission View: can read on DAG:dataset_consumes_1_and_2
[2025-04-22T01:11:06.123+0000] {logging_mixin.py:190} INFO - [2025-04-22T01:11:06.122+0000] {override.py:1912} INFO - Created Permission View: can edit on DAG:dataset_consumes_1_and_2
[2025-04-22T01:11:06.134+0000] {logging_mixin.py:190} INFO - [2025-04-22T01:11:06.134+0000] {override.py:1912} INFO - Created Permission View: menu access on DAG Run:dataset_consumes_1_and_2
[2025-04-22T01:11:06.143+0000] {logging_mixin.py:190} INFO - [2025-04-22T01:11:06.143+0000] {override.py:1912} INFO - Created Permission View: can delete on DAG Run:dataset_consumes_1_and_2
[2025-04-22T01:11:06.153+0000] {logging_mixin.py:190} INFO - [2025-04-22T01:11:06.153+0000] {override.py:1912} INFO - Created Permission View: can read on DAG Run:dataset_consumes_1_and_2
[2025-04-22T01:11:06.162+0000] {logging_mixin.py:190} INFO - [2025-04-22T01:11:06.161+0000] {override.py:1912} INFO - Created Permission View: can create on DAG Run:dataset_consumes_1_and_2
[2025-04-22T01:11:06.163+0000] {logging_mixin.py:190} INFO - [2025-04-22T01:11:06.162+0000] {dag.py:3239} INFO - Sync 10 DAGs
[2025-04-22T01:11:06.178+0000] {logging_mixin.py:190} INFO - [2025-04-22T01:11:06.178+0000] {dag.py:3262} INFO - Creating ORM DAG for dataset_produces_2
[2025-04-22T01:11:06.180+0000] {logging_mixin.py:190} INFO - [2025-04-22T01:11:06.179+0000] {dag.py:3262} INFO - Creating ORM DAG for dataset_produces_1
[2025-04-22T01:11:06.181+0000] {logging_mixin.py:190} INFO - [2025-04-22T01:11:06.180+0000] {dag.py:3262} INFO - Creating ORM DAG for dataset_consumes_1_never_scheduled
[2025-04-22T01:11:06.181+0000] {logging_mixin.py:190} INFO - [2025-04-22T01:11:06.181+0000] {dag.py:3262} INFO - Creating ORM DAG for dataset_consumes_1_and_2
[2025-04-22T01:11:06.182+0000] {logging_mixin.py:190} INFO - [2025-04-22T01:11:06.182+0000] {dag.py:3262} INFO - Creating ORM DAG for consume_1_or_both_2_and_3_with_dataset_expressions
[2025-04-22T01:11:06.183+0000] {logging_mixin.py:190} INFO - [2025-04-22T01:11:06.183+0000] {dag.py:3262} INFO - Creating ORM DAG for consume_1_and_2_with_dataset_expressions
[2025-04-22T01:11:06.184+0000] {logging_mixin.py:190} INFO - [2025-04-22T01:11:06.183+0000] {dag.py:3262} INFO - Creating ORM DAG for consume_1_or_2_with_dataset_expressions
[2025-04-22T01:11:06.184+0000] {logging_mixin.py:190} INFO - [2025-04-22T01:11:06.184+0000] {dag.py:3262} INFO - Creating ORM DAG for dataset_consumes_unknown_never_scheduled
[2025-04-22T01:11:06.185+0000] {logging_mixin.py:190} INFO - [2025-04-22T01:11:06.185+0000] {dag.py:3262} INFO - Creating ORM DAG for dataset_consumes_1
[2025-04-22T01:11:06.186+0000] {logging_mixin.py:190} INFO - [2025-04-22T01:11:06.186+0000] {dag.py:3262} INFO - Creating ORM DAG for conditional_dataset_and_time_based_timetable
[2025-04-22T01:11:06.201+0000] {logging_mixin.py:190} INFO - [2025-04-22T01:11:06.201+0000] {dag.py:4180} INFO - Setting next_dagrun for conditional_dataset_and_time_based_timetable to 2025-04-16 01:00:00+00:00, run_after=2025-04-16 01:00:00+00:00
[2025-04-22T01:11:06.202+0000] {logging_mixin.py:190} INFO - [2025-04-22T01:11:06.202+0000] {dag.py:4180} INFO - Setting next_dagrun for consume_1_and_2_with_dataset_expressions to None, run_after=None
[2025-04-22T01:11:06.203+0000] {logging_mixin.py:190} INFO - [2025-04-22T01:11:06.203+0000] {dag.py:4180} INFO - Setting next_dagrun for consume_1_or_2_with_dataset_expressions to None, run_after=None
[2025-04-22T01:11:06.204+0000] {logging_mixin.py:190} INFO - [2025-04-22T01:11:06.204+0000] {dag.py:4180} INFO - Setting next_dagrun for consume_1_or_both_2_and_3_with_dataset_expressions to None, run_after=None
[2025-04-22T01:11:06.205+0000] {logging_mixin.py:190} INFO - [2025-04-22T01:11:06.204+0000] {dag.py:4180} INFO - Setting next_dagrun for dataset_consumes_1 to None, run_after=None
[2025-04-22T01:11:06.206+0000] {logging_mixin.py:190} INFO - [2025-04-22T01:11:06.206+0000] {dag.py:4180} INFO - Setting next_dagrun for dataset_consumes_1_and_2 to None, run_after=None
[2025-04-22T01:11:06.207+0000] {logging_mixin.py:190} INFO - [2025-04-22T01:11:06.207+0000] {dag.py:4180} INFO - Setting next_dagrun for dataset_consumes_1_never_scheduled to None, run_after=None
[2025-04-22T01:11:06.207+0000] {logging_mixin.py:190} INFO - [2025-04-22T01:11:06.207+0000] {dag.py:4180} INFO - Setting next_dagrun for dataset_consumes_unknown_never_scheduled to None, run_after=None
[2025-04-22T01:11:06.209+0000] {logging_mixin.py:190} INFO - [2025-04-22T01:11:06.209+0000] {dag.py:4180} INFO - Setting next_dagrun for dataset_produces_1 to 2025-04-21 00:00:00+00:00, run_after=2025-04-22 00:00:00+00:00
[2025-04-22T01:11:06.210+0000] {logging_mixin.py:190} INFO - [2025-04-22T01:11:06.210+0000] {dag.py:4180} INFO - Setting next_dagrun for dataset_produces_2 to None, run_after=None
[2025-04-22T01:11:06.265+0000] {processor.py:208} INFO - Processing /home/airflow/.local/lib/python3.12/site-packages/airflow/example_dags/example_datasets.py took 3.349 seconds
[2025-04-22T01:11:36.340+0000] {processor.py:186} INFO - Started process (PID=113) to work on /home/airflow/.local/lib/python3.12/site-packages/airflow/example_dags/example_datasets.py
[2025-04-22T01:11:36.341+0000] {processor.py:914} INFO - Processing file /home/airflow/.local/lib/python3.12/site-packages/airflow/example_dags/example_datasets.py for tasks to queue
[2025-04-22T01:11:36.343+0000] {logging_mixin.py:190} INFO - [2025-04-22T01:11:36.343+0000] {dagbag.py:588} INFO - Filling up the DagBag from /home/airflow/.local/lib/python3.12/site-packages/airflow/example_dags/example_datasets.py
[2025-04-22T01:11:36.936+0000] {processor.py:925} INFO - DAG(s) 'consume_1_or_both_2_and_3_with_dataset_expressions', 'dataset_consumes_unknown_never_scheduled', 'dataset_produces_1', 'consume_1_or_2_with_dataset_expressions', 'dataset_produces_2', 'dataset_consumes_1_and_2', 'consume_1_and_2_with_dataset_expressions', 'conditional_dataset_and_time_based_timetable', 'dataset_consumes_1', 'dataset_consumes_1_never_scheduled' retrieved from /home/airflow/.local/lib/python3.12/site-packages/airflow/example_dags/example_datasets.py
[2025-04-22T01:11:36.971+0000] {logging_mixin.py:190} INFO - [2025-04-22T01:11:36.970+0000] {dag.py:3239} INFO - Sync 10 DAGs
[2025-04-22T01:11:36.996+0000] {logging_mixin.py:190} INFO - [2025-04-22T01:11:36.996+0000] {dag.py:4180} INFO - Setting next_dagrun for conditional_dataset_and_time_based_timetable to 2025-04-16 01:00:00+00:00, run_after=2025-04-16 01:00:00+00:00
[2025-04-22T01:11:36.999+0000] {logging_mixin.py:190} INFO - [2025-04-22T01:11:36.999+0000] {dag.py:4180} INFO - Setting next_dagrun for consume_1_and_2_with_dataset_expressions to None, run_after=None
[2025-04-22T01:11:37.001+0000] {logging_mixin.py:190} INFO - [2025-04-22T01:11:37.001+0000] {dag.py:4180} INFO - Setting next_dagrun for consume_1_or_2_with_dataset_expressions to None, run_after=None
[2025-04-22T01:11:37.002+0000] {logging_mixin.py:190} INFO - [2025-04-22T01:11:37.002+0000] {dag.py:4180} INFO - Setting next_dagrun for consume_1_or_both_2_and_3_with_dataset_expressions to None, run_after=None
[2025-04-22T01:11:37.003+0000] {logging_mixin.py:190} INFO - [2025-04-22T01:11:37.003+0000] {dag.py:4180} INFO - Setting next_dagrun for dataset_consumes_1 to None, run_after=None
[2025-04-22T01:11:37.004+0000] {logging_mixin.py:190} INFO - [2025-04-22T01:11:37.004+0000] {dag.py:4180} INFO - Setting next_dagrun for dataset_consumes_1_and_2 to None, run_after=None
[2025-04-22T01:11:37.005+0000] {logging_mixin.py:190} INFO - [2025-04-22T01:11:37.005+0000] {dag.py:4180} INFO - Setting next_dagrun for dataset_consumes_1_never_scheduled to None, run_after=None
[2025-04-22T01:11:37.006+0000] {logging_mixin.py:190} INFO - [2025-04-22T01:11:37.006+0000] {dag.py:4180} INFO - Setting next_dagrun for dataset_consumes_unknown_never_scheduled to None, run_after=None
[2025-04-22T01:11:37.008+0000] {logging_mixin.py:190} INFO - [2025-04-22T01:11:37.008+0000] {dag.py:4180} INFO - Setting next_dagrun for dataset_produces_1 to 2025-04-21 00:00:00+00:00, run_after=2025-04-22 00:00:00+00:00
[2025-04-22T01:11:37.010+0000] {logging_mixin.py:190} INFO - [2025-04-22T01:11:37.010+0000] {dag.py:4180} INFO - Setting next_dagrun for dataset_produces_2 to None, run_after=None
[2025-04-22T01:11:37.038+0000] {processor.py:208} INFO - Processing /home/airflow/.local/lib/python3.12/site-packages/airflow/example_dags/example_datasets.py took 0.702 seconds
[2025-04-22T01:12:07.161+0000] {processor.py:186} INFO - Started process (PID=176) to work on /home/airflow/.local/lib/python3.12/site-packages/airflow/example_dags/example_datasets.py
[2025-04-22T01:12:07.162+0000] {processor.py:914} INFO - Processing file /home/airflow/.local/lib/python3.12/site-packages/airflow/example_dags/example_datasets.py for tasks to queue
[2025-04-22T01:12:07.164+0000] {logging_mixin.py:190} INFO - [2025-04-22T01:12:07.163+0000] {dagbag.py:588} INFO - Filling up the DagBag from /home/airflow/.local/lib/python3.12/site-packages/airflow/example_dags/example_datasets.py
[2025-04-22T01:12:07.744+0000] {processor.py:925} INFO - DAG(s) 'conditional_dataset_and_time_based_timetable', 'dataset_consumes_1_never_scheduled', 'dataset_consumes_1', 'consume_1_and_2_with_dataset_expressions', 'consume_1_or_both_2_and_3_with_dataset_expressions', 'consume_1_or_2_with_dataset_expressions', 'dataset_produces_2', 'dataset_consumes_unknown_never_scheduled', 'dataset_produces_1', 'dataset_consumes_1_and_2' retrieved from /home/airflow/.local/lib/python3.12/site-packages/airflow/example_dags/example_datasets.py
[2025-04-22T01:12:07.778+0000] {logging_mixin.py:190} INFO - [2025-04-22T01:12:07.778+0000] {dag.py:3239} INFO - Sync 10 DAGs
[2025-04-22T01:12:07.802+0000] {logging_mixin.py:190} INFO - [2025-04-22T01:12:07.802+0000] {dag.py:4180} INFO - Setting next_dagrun for conditional_dataset_and_time_based_timetable to 2025-04-16 01:00:00+00:00, run_after=2025-04-16 01:00:00+00:00
[2025-04-22T01:12:07.806+0000] {logging_mixin.py:190} INFO - [2025-04-22T01:12:07.806+0000] {dag.py:4180} INFO - Setting next_dagrun for consume_1_and_2_with_dataset_expressions to None, run_after=None
[2025-04-22T01:12:07.808+0000] {logging_mixin.py:190} INFO - [2025-04-22T01:12:07.808+0000] {dag.py:4180} INFO - Setting next_dagrun for consume_1_or_2_with_dataset_expressions to None, run_after=None
[2025-04-22T01:12:07.809+0000] {logging_mixin.py:190} INFO - [2025-04-22T01:12:07.809+0000] {dag.py:4180} INFO - Setting next_dagrun for consume_1_or_both_2_and_3_with_dataset_expressions to None, run_after=None
[2025-04-22T01:12:07.810+0000] {logging_mixin.py:190} INFO - [2025-04-22T01:12:07.810+0000] {dag.py:4180} INFO - Setting next_dagrun for dataset_consumes_1 to None, run_after=None
[2025-04-22T01:12:07.811+0000] {logging_mixin.py:190} INFO - [2025-04-22T01:12:07.811+0000] {dag.py:4180} INFO - Setting next_dagrun for dataset_consumes_1_and_2 to None, run_after=None
[2025-04-22T01:12:07.812+0000] {logging_mixin.py:190} INFO - [2025-04-22T01:12:07.812+0000] {dag.py:4180} INFO - Setting next_dagrun for dataset_consumes_1_never_scheduled to None, run_after=None
[2025-04-22T01:12:07.813+0000] {logging_mixin.py:190} INFO - [2025-04-22T01:12:07.813+0000] {dag.py:4180} INFO - Setting next_dagrun for dataset_consumes_unknown_never_scheduled to None, run_after=None
[2025-04-22T01:12:07.815+0000] {logging_mixin.py:190} INFO - [2025-04-22T01:12:07.815+0000] {dag.py:4180} INFO - Setting next_dagrun for dataset_produces_1 to 2025-04-21 00:00:00+00:00, run_after=2025-04-22 00:00:00+00:00
[2025-04-22T01:12:07.816+0000] {logging_mixin.py:190} INFO - [2025-04-22T01:12:07.816+0000] {dag.py:4180} INFO - Setting next_dagrun for dataset_produces_2 to None, run_after=None
[2025-04-22T01:12:07.846+0000] {processor.py:208} INFO - Processing /home/airflow/.local/lib/python3.12/site-packages/airflow/example_dags/example_datasets.py took 0.691 seconds
[2025-04-22T01:12:38.443+0000] {processor.py:186} INFO - Started process (PID=239) to work on /home/airflow/.local/lib/python3.12/site-packages/airflow/example_dags/example_datasets.py
[2025-04-22T01:12:38.444+0000] {processor.py:914} INFO - Processing file /home/airflow/.local/lib/python3.12/site-packages/airflow/example_dags/example_datasets.py for tasks to queue
[2025-04-22T01:12:38.446+0000] {logging_mixin.py:190} INFO - [2025-04-22T01:12:38.445+0000] {dagbag.py:588} INFO - Filling up the DagBag from /home/airflow/.local/lib/python3.12/site-packages/airflow/example_dags/example_datasets.py
[2025-04-22T01:12:39.001+0000] {processor.py:925} INFO - DAG(s) 'consume_1_and_2_with_dataset_expressions', 'dataset_consumes_1_never_scheduled', 'dataset_consumes_1', 'dataset_consumes_unknown_never_scheduled', 'consume_1_or_2_with_dataset_expressions', 'dataset_produces_1', 'dataset_consumes_1_and_2', 'conditional_dataset_and_time_based_timetable', 'dataset_produces_2', 'consume_1_or_both_2_and_3_with_dataset_expressions' retrieved from /home/airflow/.local/lib/python3.12/site-packages/airflow/example_dags/example_datasets.py
[2025-04-22T01:12:39.041+0000] {logging_mixin.py:190} INFO - [2025-04-22T01:12:39.040+0000] {dag.py:3239} INFO - Sync 10 DAGs
[2025-04-22T01:12:39.063+0000] {logging_mixin.py:190} INFO - [2025-04-22T01:12:39.063+0000] {dag.py:4180} INFO - Setting next_dagrun for conditional_dataset_and_time_based_timetable to 2025-04-16 01:00:00+00:00, run_after=2025-04-16 01:00:00+00:00
[2025-04-22T01:12:39.067+0000] {logging_mixin.py:190} INFO - [2025-04-22T01:12:39.067+0000] {dag.py:4180} INFO - Setting next_dagrun for consume_1_and_2_with_dataset_expressions to None, run_after=None
[2025-04-22T01:12:39.069+0000] {logging_mixin.py:190} INFO - [2025-04-22T01:12:39.069+0000] {dag.py:4180} INFO - Setting next_dagrun for consume_1_or_2_with_dataset_expressions to None, run_after=None
[2025-04-22T01:12:39.070+0000] {logging_mixin.py:190} INFO - [2025-04-22T01:12:39.070+0000] {dag.py:4180} INFO - Setting next_dagrun for consume_1_or_both_2_and_3_with_dataset_expressions to None, run_after=None
[2025-04-22T01:12:39.071+0000] {logging_mixin.py:190} INFO - [2025-04-22T01:12:39.071+0000] {dag.py:4180} INFO - Setting next_dagrun for dataset_consumes_1 to None, run_after=None
[2025-04-22T01:12:39.072+0000] {logging_mixin.py:190} INFO - [2025-04-22T01:12:39.072+0000] {dag.py:4180} INFO - Setting next_dagrun for dataset_consumes_1_and_2 to None, run_after=None
[2025-04-22T01:12:39.073+0000] {logging_mixin.py:190} INFO - [2025-04-22T01:12:39.073+0000] {dag.py:4180} INFO - Setting next_dagrun for dataset_consumes_1_never_scheduled to None, run_after=None
[2025-04-22T01:12:39.074+0000] {logging_mixin.py:190} INFO - [2025-04-22T01:12:39.074+0000] {dag.py:4180} INFO - Setting next_dagrun for dataset_consumes_unknown_never_scheduled to None, run_after=None
[2025-04-22T01:12:39.076+0000] {logging_mixin.py:190} INFO - [2025-04-22T01:12:39.076+0000] {dag.py:4180} INFO - Setting next_dagrun for dataset_produces_1 to 2025-04-21 00:00:00+00:00, run_after=2025-04-22 00:00:00+00:00
[2025-04-22T01:12:39.078+0000] {logging_mixin.py:190} INFO - [2025-04-22T01:12:39.077+0000] {dag.py:4180} INFO - Setting next_dagrun for dataset_produces_2 to None, run_after=None
[2025-04-22T01:12:39.108+0000] {processor.py:208} INFO - Processing /home/airflow/.local/lib/python3.12/site-packages/airflow/example_dags/example_datasets.py took 0.670 seconds
[2025-04-22T01:13:09.802+0000] {processor.py:186} INFO - Started process (PID=302) to work on /home/airflow/.local/lib/python3.12/site-packages/airflow/example_dags/example_datasets.py
[2025-04-22T01:13:09.803+0000] {processor.py:914} INFO - Processing file /home/airflow/.local/lib/python3.12/site-packages/airflow/example_dags/example_datasets.py for tasks to queue
[2025-04-22T01:13:09.806+0000] {logging_mixin.py:190} INFO - [2025-04-22T01:13:09.805+0000] {dagbag.py:588} INFO - Filling up the DagBag from /home/airflow/.local/lib/python3.12/site-packages/airflow/example_dags/example_datasets.py
[2025-04-22T01:13:10.391+0000] {processor.py:925} INFO - DAG(s) 'dataset_consumes_unknown_never_scheduled', 'dataset_produces_1', 'consume_1_or_2_with_dataset_expressions', 'dataset_consumes_1_and_2', 'consume_1_and_2_with_dataset_expressions', 'conditional_dataset_and_time_based_timetable', 'consume_1_or_both_2_and_3_with_dataset_expressions', 'dataset_consumes_1', 'dataset_produces_2', 'dataset_consumes_1_never_scheduled' retrieved from /home/airflow/.local/lib/python3.12/site-packages/airflow/example_dags/example_datasets.py
[2025-04-22T01:13:10.428+0000] {logging_mixin.py:190} INFO - [2025-04-22T01:13:10.428+0000] {dag.py:3239} INFO - Sync 10 DAGs
[2025-04-22T01:13:10.452+0000] {logging_mixin.py:190} INFO - [2025-04-22T01:13:10.451+0000] {dag.py:4180} INFO - Setting next_dagrun for conditional_dataset_and_time_based_timetable to 2025-04-16 01:00:00+00:00, run_after=2025-04-16 01:00:00+00:00
[2025-04-22T01:13:10.455+0000] {logging_mixin.py:190} INFO - [2025-04-22T01:13:10.455+0000] {dag.py:4180} INFO - Setting next_dagrun for consume_1_and_2_with_dataset_expressions to None, run_after=None
[2025-04-22T01:13:10.456+0000] {logging_mixin.py:190} INFO - [2025-04-22T01:13:10.456+0000] {dag.py:4180} INFO - Setting next_dagrun for consume_1_or_2_with_dataset_expressions to None, run_after=None
[2025-04-22T01:13:10.457+0000] {logging_mixin.py:190} INFO - [2025-04-22T01:13:10.457+0000] {dag.py:4180} INFO - Setting next_dagrun for consume_1_or_both_2_and_3_with_dataset_expressions to None, run_after=None
[2025-04-22T01:13:10.459+0000] {logging_mixin.py:190} INFO - [2025-04-22T01:13:10.458+0000] {dag.py:4180} INFO - Setting next_dagrun for dataset_consumes_1 to None, run_after=None
[2025-04-22T01:13:10.460+0000] {logging_mixin.py:190} INFO - [2025-04-22T01:13:10.459+0000] {dag.py:4180} INFO - Setting next_dagrun for dataset_consumes_1_and_2 to None, run_after=None
[2025-04-22T01:13:10.461+0000] {logging_mixin.py:190} INFO - [2025-04-22T01:13:10.460+0000] {dag.py:4180} INFO - Setting next_dagrun for dataset_consumes_1_never_scheduled to None, run_after=None
[2025-04-22T01:13:10.462+0000] {logging_mixin.py:190} INFO - [2025-04-22T01:13:10.461+0000] {dag.py:4180} INFO - Setting next_dagrun for dataset_consumes_unknown_never_scheduled to None, run_after=None
[2025-04-22T01:13:10.464+0000] {logging_mixin.py:190} INFO - [2025-04-22T01:13:10.464+0000] {dag.py:4180} INFO - Setting next_dagrun for dataset_produces_1 to 2025-04-21 00:00:00+00:00, run_after=2025-04-22 00:00:00+00:00
[2025-04-22T01:13:10.465+0000] {logging_mixin.py:190} INFO - [2025-04-22T01:13:10.465+0000] {dag.py:4180} INFO - Setting next_dagrun for dataset_produces_2 to None, run_after=None
[2025-04-22T01:13:10.492+0000] {processor.py:208} INFO - Processing /home/airflow/.local/lib/python3.12/site-packages/airflow/example_dags/example_datasets.py took 0.696 seconds
[2025-04-22T01:13:41.296+0000] {processor.py:186} INFO - Started process (PID=371) to work on /home/airflow/.local/lib/python3.12/site-packages/airflow/example_dags/example_datasets.py
[2025-04-22T01:13:41.296+0000] {processor.py:914} INFO - Processing file /home/airflow/.local/lib/python3.12/site-packages/airflow/example_dags/example_datasets.py for tasks to queue
[2025-04-22T01:13:41.298+0000] {logging_mixin.py:190} INFO - [2025-04-22T01:13:41.298+0000] {dagbag.py:588} INFO - Filling up the DagBag from /home/airflow/.local/lib/python3.12/site-packages/airflow/example_dags/example_datasets.py
[2025-04-22T01:13:41.886+0000] {processor.py:925} INFO - DAG(s) 'consume_1_or_2_with_dataset_expressions', 'dataset_produces_1', 'dataset_consumes_1_and_2', 'consume_1_or_both_2_and_3_with_dataset_expressions', 'dataset_consumes_1', 'dataset_consumes_unknown_never_scheduled', 'dataset_produces_2', 'conditional_dataset_and_time_based_timetable', 'dataset_consumes_1_never_scheduled', 'consume_1_and_2_with_dataset_expressions' retrieved from /home/airflow/.local/lib/python3.12/site-packages/airflow/example_dags/example_datasets.py
[2025-04-22T01:13:41.923+0000] {logging_mixin.py:190} INFO - [2025-04-22T01:13:41.923+0000] {dag.py:3239} INFO - Sync 10 DAGs
[2025-04-22T01:13:41.946+0000] {logging_mixin.py:190} INFO - [2025-04-22T01:13:41.946+0000] {dag.py:4180} INFO - Setting next_dagrun for conditional_dataset_and_time_based_timetable to 2025-04-16 01:00:00+00:00, run_after=2025-04-16 01:00:00+00:00
[2025-04-22T01:13:41.950+0000] {logging_mixin.py:190} INFO - [2025-04-22T01:13:41.950+0000] {dag.py:4180} INFO - Setting next_dagrun for consume_1_and_2_with_dataset_expressions to None, run_after=None
[2025-04-22T01:13:41.951+0000] {logging_mixin.py:190} INFO - [2025-04-22T01:13:41.951+0000] {dag.py:4180} INFO - Setting next_dagrun for consume_1_or_2_with_dataset_expressions to None, run_after=None
[2025-04-22T01:13:41.952+0000] {logging_mixin.py:190} INFO - [2025-04-22T01:13:41.952+0000] {dag.py:4180} INFO - Setting next_dagrun for consume_1_or_both_2_and_3_with_dataset_expressions to None, run_after=None
[2025-04-22T01:13:41.953+0000] {logging_mixin.py:190} INFO - [2025-04-22T01:13:41.953+0000] {dag.py:4180} INFO - Setting next_dagrun for dataset_consumes_1 to None, run_after=None
[2025-04-22T01:13:41.954+0000] {logging_mixin.py:190} INFO - [2025-04-22T01:13:41.954+0000] {dag.py:4180} INFO - Setting next_dagrun for dataset_consumes_1_and_2 to None, run_after=None
[2025-04-22T01:13:41.955+0000] {logging_mixin.py:190} INFO - [2025-04-22T01:13:41.955+0000] {dag.py:4180} INFO - Setting next_dagrun for dataset_consumes_1_never_scheduled to None, run_after=None
[2025-04-22T01:13:41.957+0000] {logging_mixin.py:190} INFO - [2025-04-22T01:13:41.956+0000] {dag.py:4180} INFO - Setting next_dagrun for dataset_consumes_unknown_never_scheduled to None, run_after=None
[2025-04-22T01:13:41.959+0000] {logging_mixin.py:190} INFO - [2025-04-22T01:13:41.959+0000] {dag.py:4180} INFO - Setting next_dagrun for dataset_produces_1 to 2025-04-21 00:00:00+00:00, run_after=2025-04-22 00:00:00+00:00
[2025-04-22T01:13:41.960+0000] {logging_mixin.py:190} INFO - [2025-04-22T01:13:41.960+0000] {dag.py:4180} INFO - Setting next_dagrun for dataset_produces_2 to None, run_after=None
[2025-04-22T01:13:41.992+0000] {processor.py:208} INFO - Processing /home/airflow/.local/lib/python3.12/site-packages/airflow/example_dags/example_datasets.py took 0.701 seconds
[2025-04-22T01:14:12.723+0000] {processor.py:186} INFO - Started process (PID=434) to work on /home/airflow/.local/lib/python3.12/site-packages/airflow/example_dags/example_datasets.py
[2025-04-22T01:14:12.724+0000] {processor.py:914} INFO - Processing file /home/airflow/.local/lib/python3.12/site-packages/airflow/example_dags/example_datasets.py for tasks to queue
[2025-04-22T01:14:12.726+0000] {logging_mixin.py:190} INFO - [2025-04-22T01:14:12.726+0000] {dagbag.py:588} INFO - Filling up the DagBag from /home/airflow/.local/lib/python3.12/site-packages/airflow/example_dags/example_datasets.py
[2025-04-22T01:14:13.301+0000] {processor.py:925} INFO - DAG(s) 'dataset_consumes_1', 'consume_1_or_both_2_and_3_with_dataset_expressions', 'dataset_produces_1', 'dataset_produces_2', 'consume_1_or_2_with_dataset_expressions', 'conditional_dataset_and_time_based_timetable', 'dataset_consumes_unknown_never_scheduled', 'dataset_consumes_1_and_2', 'dataset_consumes_1_never_scheduled', 'consume_1_and_2_with_dataset_expressions' retrieved from /home/airflow/.local/lib/python3.12/site-packages/airflow/example_dags/example_datasets.py
[2025-04-22T01:14:13.341+0000] {logging_mixin.py:190} INFO - [2025-04-22T01:14:13.341+0000] {dag.py:3239} INFO - Sync 10 DAGs
[2025-04-22T01:14:13.364+0000] {logging_mixin.py:190} INFO - [2025-04-22T01:14:13.364+0000] {dag.py:4180} INFO - Setting next_dagrun for conditional_dataset_and_time_based_timetable to 2025-04-16 01:00:00+00:00, run_after=2025-04-16 01:00:00+00:00
[2025-04-22T01:14:13.368+0000] {logging_mixin.py:190} INFO - [2025-04-22T01:14:13.368+0000] {dag.py:4180} INFO - Setting next_dagrun for consume_1_and_2_with_dataset_expressions to None, run_after=None
[2025-04-22T01:14:13.369+0000] {logging_mixin.py:190} INFO - [2025-04-22T01:14:13.369+0000] {dag.py:4180} INFO - Setting next_dagrun for consume_1_or_2_with_dataset_expressions to None, run_after=None
[2025-04-22T01:14:13.370+0000] {logging_mixin.py:190} INFO - [2025-04-22T01:14:13.370+0000] {dag.py:4180} INFO - Setting next_dagrun for consume_1_or_both_2_and_3_with_dataset_expressions to None, run_after=None
[2025-04-22T01:14:13.371+0000] {logging_mixin.py:190} INFO - [2025-04-22T01:14:13.371+0000] {dag.py:4180} INFO - Setting next_dagrun for dataset_consumes_1 to None, run_after=None
[2025-04-22T01:14:13.372+0000] {logging_mixin.py:190} INFO - [2025-04-22T01:14:13.372+0000] {dag.py:4180} INFO - Setting next_dagrun for dataset_consumes_1_and_2 to None, run_after=None
[2025-04-22T01:14:13.373+0000] {logging_mixin.py:190} INFO - [2025-04-22T01:14:13.373+0000] {dag.py:4180} INFO - Setting next_dagrun for dataset_consumes_1_never_scheduled to None, run_after=None
[2025-04-22T01:14:13.374+0000] {logging_mixin.py:190} INFO - [2025-04-22T01:14:13.374+0000] {dag.py:4180} INFO - Setting next_dagrun for dataset_consumes_unknown_never_scheduled to None, run_after=None
[2025-04-22T01:14:13.376+0000] {logging_mixin.py:190} INFO - [2025-04-22T01:14:13.376+0000] {dag.py:4180} INFO - Setting next_dagrun for dataset_produces_1 to 2025-04-21 00:00:00+00:00, run_after=2025-04-22 00:00:00+00:00
[2025-04-22T01:14:13.377+0000] {logging_mixin.py:190} INFO - [2025-04-22T01:14:13.377+0000] {dag.py:4180} INFO - Setting next_dagrun for dataset_produces_2 to None, run_after=None
[2025-04-22T01:14:13.407+0000] {processor.py:208} INFO - Processing /home/airflow/.local/lib/python3.12/site-packages/airflow/example_dags/example_datasets.py took 0.688 seconds
[2025-04-22T01:14:44.166+0000] {processor.py:186} INFO - Started process (PID=497) to work on /home/airflow/.local/lib/python3.12/site-packages/airflow/example_dags/example_datasets.py
[2025-04-22T01:14:44.167+0000] {processor.py:914} INFO - Processing file /home/airflow/.local/lib/python3.12/site-packages/airflow/example_dags/example_datasets.py for tasks to queue
[2025-04-22T01:14:44.168+0000] {logging_mixin.py:190} INFO - [2025-04-22T01:14:44.168+0000] {dagbag.py:588} INFO - Filling up the DagBag from /home/airflow/.local/lib/python3.12/site-packages/airflow/example_dags/example_datasets.py
[2025-04-22T01:14:44.744+0000] {processor.py:925} INFO - DAG(s) 'dataset_produces_2', 'dataset_consumes_1_never_scheduled', 'consume_1_and_2_with_dataset_expressions', 'consume_1_or_both_2_and_3_with_dataset_expressions', 'dataset_consumes_1', 'dataset_produces_1', 'dataset_consumes_1_and_2', 'conditional_dataset_and_time_based_timetable', 'consume_1_or_2_with_dataset_expressions', 'dataset_consumes_unknown_never_scheduled' retrieved from /home/airflow/.local/lib/python3.12/site-packages/airflow/example_dags/example_datasets.py
[2025-04-22T01:14:44.782+0000] {logging_mixin.py:190} INFO - [2025-04-22T01:14:44.781+0000] {dag.py:3239} INFO - Sync 10 DAGs
[2025-04-22T01:14:44.808+0000] {logging_mixin.py:190} INFO - [2025-04-22T01:14:44.808+0000] {dag.py:4180} INFO - Setting next_dagrun for conditional_dataset_and_time_based_timetable to 2025-04-16 01:00:00+00:00, run_after=2025-04-16 01:00:00+00:00
[2025-04-22T01:14:44.813+0000] {logging_mixin.py:190} INFO - [2025-04-22T01:14:44.813+0000] {dag.py:4180} INFO - Setting next_dagrun for consume_1_and_2_with_dataset_expressions to None, run_after=None
[2025-04-22T01:14:44.815+0000] {logging_mixin.py:190} INFO - [2025-04-22T01:14:44.814+0000] {dag.py:4180} INFO - Setting next_dagrun for consume_1_or_2_with_dataset_expressions to None, run_after=None
[2025-04-22T01:14:44.816+0000] {logging_mixin.py:190} INFO - [2025-04-22T01:14:44.815+0000] {dag.py:4180} INFO - Setting next_dagrun for consume_1_or_both_2_and_3_with_dataset_expressions to None, run_after=None
[2025-04-22T01:14:44.817+0000] {logging_mixin.py:190} INFO - [2025-04-22T01:14:44.817+0000] {dag.py:4180} INFO - Setting next_dagrun for dataset_consumes_1 to None, run_after=None
[2025-04-22T01:14:44.818+0000] {logging_mixin.py:190} INFO - [2025-04-22T01:14:44.818+0000] {dag.py:4180} INFO - Setting next_dagrun for dataset_consumes_1_and_2 to None, run_after=None
[2025-04-22T01:14:44.819+0000] {logging_mixin.py:190} INFO - [2025-04-22T01:14:44.819+0000] {dag.py:4180} INFO - Setting next_dagrun for dataset_consumes_1_never_scheduled to None, run_after=None
[2025-04-22T01:14:44.820+0000] {logging_mixin.py:190} INFO - [2025-04-22T01:14:44.820+0000] {dag.py:4180} INFO - Setting next_dagrun for dataset_consumes_unknown_never_scheduled to None, run_after=None
[2025-04-22T01:14:44.822+0000] {logging_mixin.py:190} INFO - [2025-04-22T01:14:44.822+0000] {dag.py:4180} INFO - Setting next_dagrun for dataset_produces_1 to 2025-04-21 00:00:00+00:00, run_after=2025-04-22 00:00:00+00:00
[2025-04-22T01:14:44.823+0000] {logging_mixin.py:190} INFO - [2025-04-22T01:14:44.823+0000] {dag.py:4180} INFO - Setting next_dagrun for dataset_produces_2 to None, run_after=None
[2025-04-22T01:14:44.858+0000] {processor.py:208} INFO - Processing /home/airflow/.local/lib/python3.12/site-packages/airflow/example_dags/example_datasets.py took 0.697 seconds
[2025-04-22T01:15:15.361+0000] {processor.py:186} INFO - Started process (PID=560) to work on /home/airflow/.local/lib/python3.12/site-packages/airflow/example_dags/example_datasets.py
[2025-04-22T01:15:15.362+0000] {processor.py:914} INFO - Processing file /home/airflow/.local/lib/python3.12/site-packages/airflow/example_dags/example_datasets.py for tasks to queue
[2025-04-22T01:15:15.364+0000] {logging_mixin.py:190} INFO - [2025-04-22T01:15:15.363+0000] {dagbag.py:588} INFO - Filling up the DagBag from /home/airflow/.local/lib/python3.12/site-packages/airflow/example_dags/example_datasets.py
[2025-04-22T01:15:15.938+0000] {processor.py:925} INFO - DAG(s) 'dataset_produces_1', 'conditional_dataset_and_time_based_timetable', 'dataset_consumes_1', 'consume_1_or_both_2_and_3_with_dataset_expressions', 'dataset_consumes_1_never_scheduled', 'dataset_consumes_unknown_never_scheduled', 'dataset_produces_2', 'consume_1_and_2_with_dataset_expressions', 'consume_1_or_2_with_dataset_expressions', 'dataset_consumes_1_and_2' retrieved from /home/airflow/.local/lib/python3.12/site-packages/airflow/example_dags/example_datasets.py
[2025-04-22T01:15:15.973+0000] {logging_mixin.py:190} INFO - [2025-04-22T01:15:15.972+0000] {dag.py:3239} INFO - Sync 10 DAGs
[2025-04-22T01:15:15.997+0000] {logging_mixin.py:190} INFO - [2025-04-22T01:15:15.996+0000] {dag.py:4180} INFO - Setting next_dagrun for conditional_dataset_and_time_based_timetable to 2025-04-16 01:00:00+00:00, run_after=2025-04-16 01:00:00+00:00
[2025-04-22T01:15:16.000+0000] {logging_mixin.py:190} INFO - [2025-04-22T01:15:16.000+0000] {dag.py:4180} INFO - Setting next_dagrun for consume_1_and_2_with_dataset_expressions to None, run_after=None
[2025-04-22T01:15:16.002+0000] {logging_mixin.py:190} INFO - [2025-04-22T01:15:16.002+0000] {dag.py:4180} INFO - Setting next_dagrun for consume_1_or_2_with_dataset_expressions to None, run_after=None
[2025-04-22T01:15:16.003+0000] {logging_mixin.py:190} INFO - [2025-04-22T01:15:16.003+0000] {dag.py:4180} INFO - Setting next_dagrun for consume_1_or_both_2_and_3_with_dataset_expressions to None, run_after=None
[2025-04-22T01:15:16.004+0000] {logging_mixin.py:190} INFO - [2025-04-22T01:15:16.004+0000] {dag.py:4180} INFO - Setting next_dagrun for dataset_consumes_1 to None, run_after=None
[2025-04-22T01:15:16.005+0000] {logging_mixin.py:190} INFO - [2025-04-22T01:15:16.005+0000] {dag.py:4180} INFO - Setting next_dagrun for dataset_consumes_1_and_2 to None, run_after=None
[2025-04-22T01:15:16.006+0000] {logging_mixin.py:190} INFO - [2025-04-22T01:15:16.006+0000] {dag.py:4180} INFO - Setting next_dagrun for dataset_consumes_1_never_scheduled to None, run_after=None
[2025-04-22T01:15:16.007+0000] {logging_mixin.py:190} INFO - [2025-04-22T01:15:16.007+0000] {dag.py:4180} INFO - Setting next_dagrun for dataset_consumes_unknown_never_scheduled to None, run_after=None
[2025-04-22T01:15:16.010+0000] {logging_mixin.py:190} INFO - [2025-04-22T01:15:16.009+0000] {dag.py:4180} INFO - Setting next_dagrun for dataset_produces_1 to 2025-04-21 00:00:00+00:00, run_after=2025-04-22 00:00:00+00:00
[2025-04-22T01:15:16.011+0000] {logging_mixin.py:190} INFO - [2025-04-22T01:15:16.010+0000] {dag.py:4180} INFO - Setting next_dagrun for dataset_produces_2 to None, run_after=None
[2025-04-22T01:15:16.040+0000] {processor.py:208} INFO - Processing /home/airflow/.local/lib/python3.12/site-packages/airflow/example_dags/example_datasets.py took 0.684 seconds
[2025-04-22T01:15:46.861+0000] {processor.py:186} INFO - Started process (PID=623) to work on /home/airflow/.local/lib/python3.12/site-packages/airflow/example_dags/example_datasets.py
[2025-04-22T01:15:46.861+0000] {processor.py:914} INFO - Processing file /home/airflow/.local/lib/python3.12/site-packages/airflow/example_dags/example_datasets.py for tasks to queue
[2025-04-22T01:15:46.863+0000] {logging_mixin.py:190} INFO - [2025-04-22T01:15:46.863+0000] {dagbag.py:588} INFO - Filling up the DagBag from /home/airflow/.local/lib/python3.12/site-packages/airflow/example_dags/example_datasets.py
[2025-04-22T01:15:47.442+0000] {processor.py:925} INFO - DAG(s) 'dataset_produces_1', 'dataset_consumes_1_never_scheduled', 'dataset_consumes_1_and_2', 'consume_1_or_2_with_dataset_expressions', 'conditional_dataset_and_time_based_timetable', 'consume_1_and_2_with_dataset_expressions', 'dataset_consumes_1', 'dataset_produces_2', 'dataset_consumes_unknown_never_scheduled', 'consume_1_or_both_2_and_3_with_dataset_expressions' retrieved from /home/airflow/.local/lib/python3.12/site-packages/airflow/example_dags/example_datasets.py
[2025-04-22T01:15:47.483+0000] {logging_mixin.py:190} INFO - [2025-04-22T01:15:47.482+0000] {dag.py:3239} INFO - Sync 10 DAGs
[2025-04-22T01:15:47.506+0000] {logging_mixin.py:190} INFO - [2025-04-22T01:15:47.506+0000] {dag.py:4180} INFO - Setting next_dagrun for conditional_dataset_and_time_based_timetable to 2025-04-16 01:00:00+00:00, run_after=2025-04-16 01:00:00+00:00
[2025-04-22T01:15:47.510+0000] {logging_mixin.py:190} INFO - [2025-04-22T01:15:47.510+0000] {dag.py:4180} INFO - Setting next_dagrun for consume_1_and_2_with_dataset_expressions to None, run_after=None
[2025-04-22T01:15:47.511+0000] {logging_mixin.py:190} INFO - [2025-04-22T01:15:47.511+0000] {dag.py:4180} INFO - Setting next_dagrun for consume_1_or_2_with_dataset_expressions to None, run_after=None
[2025-04-22T01:15:47.512+0000] {logging_mixin.py:190} INFO - [2025-04-22T01:15:47.512+0000] {dag.py:4180} INFO - Setting next_dagrun for consume_1_or_both_2_and_3_with_dataset_expressions to None, run_after=None
[2025-04-22T01:15:47.513+0000] {logging_mixin.py:190} INFO - [2025-04-22T01:15:47.513+0000] {dag.py:4180} INFO - Setting next_dagrun for dataset_consumes_1 to None, run_after=None
[2025-04-22T01:15:47.514+0000] {logging_mixin.py:190} INFO - [2025-04-22T01:15:47.514+0000] {dag.py:4180} INFO - Setting next_dagrun for dataset_consumes_1_and_2 to None, run_after=None
[2025-04-22T01:15:47.516+0000] {logging_mixin.py:190} INFO - [2025-04-22T01:15:47.515+0000] {dag.py:4180} INFO - Setting next_dagrun for dataset_consumes_1_never_scheduled to None, run_after=None
[2025-04-22T01:15:47.517+0000] {logging_mixin.py:190} INFO - [2025-04-22T01:15:47.517+0000] {dag.py:4180} INFO - Setting next_dagrun for dataset_consumes_unknown_never_scheduled to None, run_after=None
[2025-04-22T01:15:47.519+0000] {logging_mixin.py:190} INFO - [2025-04-22T01:15:47.519+0000] {dag.py:4180} INFO - Setting next_dagrun for dataset_produces_1 to 2025-04-21 00:00:00+00:00, run_after=2025-04-22 00:00:00+00:00
[2025-04-22T01:15:47.520+0000] {logging_mixin.py:190} INFO - [2025-04-22T01:15:47.520+0000] {dag.py:4180} INFO - Setting next_dagrun for dataset_produces_2 to None, run_after=None
[2025-04-22T01:15:47.550+0000] {processor.py:208} INFO - Processing /home/airflow/.local/lib/python3.12/site-packages/airflow/example_dags/example_datasets.py took 0.694 seconds
[2025-04-22T01:16:17.861+0000] {processor.py:186} INFO - Started process (PID=686) to work on /home/airflow/.local/lib/python3.12/site-packages/airflow/example_dags/example_datasets.py
[2025-04-22T01:16:17.862+0000] {processor.py:914} INFO - Processing file /home/airflow/.local/lib/python3.12/site-packages/airflow/example_dags/example_datasets.py for tasks to queue
[2025-04-22T01:16:17.864+0000] {logging_mixin.py:190} INFO - [2025-04-22T01:16:17.864+0000] {dagbag.py:588} INFO - Filling up the DagBag from /home/airflow/.local/lib/python3.12/site-packages/airflow/example_dags/example_datasets.py
[2025-04-22T01:16:18.440+0000] {processor.py:925} INFO - DAG(s) 'consume_1_or_both_2_and_3_with_dataset_expressions', 'dataset_consumes_1_never_scheduled', 'dataset_produces_2', 'consume_1_and_2_with_dataset_expressions', 'dataset_produces_1', 'dataset_consumes_1', 'conditional_dataset_and_time_based_timetable', 'dataset_consumes_unknown_never_scheduled', 'dataset_consumes_1_and_2', 'consume_1_or_2_with_dataset_expressions' retrieved from /home/airflow/.local/lib/python3.12/site-packages/airflow/example_dags/example_datasets.py
[2025-04-22T01:16:18.474+0000] {logging_mixin.py:190} INFO - [2025-04-22T01:16:18.474+0000] {dag.py:3239} INFO - Sync 10 DAGs
[2025-04-22T01:16:18.499+0000] {logging_mixin.py:190} INFO - [2025-04-22T01:16:18.499+0000] {dag.py:4180} INFO - Setting next_dagrun for conditional_dataset_and_time_based_timetable to 2025-04-16 01:00:00+00:00, run_after=2025-04-16 01:00:00+00:00
[2025-04-22T01:16:18.503+0000] {logging_mixin.py:190} INFO - [2025-04-22T01:16:18.502+0000] {dag.py:4180} INFO - Setting next_dagrun for consume_1_and_2_with_dataset_expressions to None, run_after=None
[2025-04-22T01:16:18.504+0000] {logging_mixin.py:190} INFO - [2025-04-22T01:16:18.504+0000] {dag.py:4180} INFO - Setting next_dagrun for consume_1_or_2_with_dataset_expressions to None, run_after=None
[2025-04-22T01:16:18.505+0000] {logging_mixin.py:190} INFO - [2025-04-22T01:16:18.505+0000] {dag.py:4180} INFO - Setting next_dagrun for consume_1_or_both_2_and_3_with_dataset_expressions to None, run_after=None
[2025-04-22T01:16:18.507+0000] {logging_mixin.py:190} INFO - [2025-04-22T01:16:18.507+0000] {dag.py:4180} INFO - Setting next_dagrun for dataset_consumes_1 to None, run_after=None
[2025-04-22T01:16:18.509+0000] {logging_mixin.py:190} INFO - [2025-04-22T01:16:18.509+0000] {dag.py:4180} INFO - Setting next_dagrun for dataset_consumes_1_and_2 to None, run_after=None
[2025-04-22T01:16:18.511+0000] {logging_mixin.py:190} INFO - [2025-04-22T01:16:18.510+0000] {dag.py:4180} INFO - Setting next_dagrun for dataset_consumes_1_never_scheduled to None, run_after=None
[2025-04-22T01:16:18.511+0000] {logging_mixin.py:190} INFO - [2025-04-22T01:16:18.511+0000] {dag.py:4180} INFO - Setting next_dagrun for dataset_consumes_unknown_never_scheduled to None, run_after=None
[2025-04-22T01:16:18.514+0000] {logging_mixin.py:190} INFO - [2025-04-22T01:16:18.514+0000] {dag.py:4180} INFO - Setting next_dagrun for dataset_produces_1 to 2025-04-21 00:00:00+00:00, run_after=2025-04-22 00:00:00+00:00
[2025-04-22T01:16:18.516+0000] {logging_mixin.py:190} INFO - [2025-04-22T01:16:18.516+0000] {dag.py:4180} INFO - Setting next_dagrun for dataset_produces_2 to None, run_after=None
[2025-04-22T01:16:18.545+0000] {processor.py:208} INFO - Processing /home/airflow/.local/lib/python3.12/site-packages/airflow/example_dags/example_datasets.py took 0.689 seconds
[2025-04-22T01:16:49.340+0000] {processor.py:186} INFO - Started process (PID=749) to work on /home/airflow/.local/lib/python3.12/site-packages/airflow/example_dags/example_datasets.py
[2025-04-22T01:16:49.341+0000] {processor.py:914} INFO - Processing file /home/airflow/.local/lib/python3.12/site-packages/airflow/example_dags/example_datasets.py for tasks to queue
[2025-04-22T01:16:49.343+0000] {logging_mixin.py:190} INFO - [2025-04-22T01:16:49.343+0000] {dagbag.py:588} INFO - Filling up the DagBag from /home/airflow/.local/lib/python3.12/site-packages/airflow/example_dags/example_datasets.py
[2025-04-22T01:16:49.932+0000] {processor.py:925} INFO - DAG(s) 'consume_1_or_both_2_and_3_with_dataset_expressions', 'consume_1_or_2_with_dataset_expressions', 'dataset_produces_1', 'conditional_dataset_and_time_based_timetable', 'dataset_consumes_1_and_2', 'dataset_produces_2', 'dataset_consumes_1', 'consume_1_and_2_with_dataset_expressions', 'dataset_consumes_unknown_never_scheduled', 'dataset_consumes_1_never_scheduled' retrieved from /home/airflow/.local/lib/python3.12/site-packages/airflow/example_dags/example_datasets.py
[2025-04-22T01:16:49.980+0000] {logging_mixin.py:190} INFO - [2025-04-22T01:16:49.979+0000] {dag.py:3239} INFO - Sync 10 DAGs
[2025-04-22T01:16:50.008+0000] {logging_mixin.py:190} INFO - [2025-04-22T01:16:50.008+0000] {dag.py:4180} INFO - Setting next_dagrun for conditional_dataset_and_time_based_timetable to 2025-04-16 01:00:00+00:00, run_after=2025-04-16 01:00:00+00:00
[2025-04-22T01:16:50.012+0000] {logging_mixin.py:190} INFO - [2025-04-22T01:16:50.012+0000] {dag.py:4180} INFO - Setting next_dagrun for consume_1_and_2_with_dataset_expressions to None, run_after=None
[2025-04-22T01:16:50.014+0000] {logging_mixin.py:190} INFO - [2025-04-22T01:16:50.014+0000] {dag.py:4180} INFO - Setting next_dagrun for consume_1_or_2_with_dataset_expressions to None, run_after=None
[2025-04-22T01:16:50.016+0000] {logging_mixin.py:190} INFO - [2025-04-22T01:16:50.016+0000] {dag.py:4180} INFO - Setting next_dagrun for consume_1_or_both_2_and_3_with_dataset_expressions to None, run_after=None
[2025-04-22T01:16:50.018+0000] {logging_mixin.py:190} INFO - [2025-04-22T01:16:50.018+0000] {dag.py:4180} INFO - Setting next_dagrun for dataset_consumes_1 to None, run_after=None
[2025-04-22T01:16:50.019+0000] {logging_mixin.py:190} INFO - [2025-04-22T01:16:50.019+0000] {dag.py:4180} INFO - Setting next_dagrun for dataset_consumes_1_and_2 to None, run_after=None
[2025-04-22T01:16:50.021+0000] {logging_mixin.py:190} INFO - [2025-04-22T01:16:50.020+0000] {dag.py:4180} INFO - Setting next_dagrun for dataset_consumes_1_never_scheduled to None, run_after=None
[2025-04-22T01:16:50.022+0000] {logging_mixin.py:190} INFO - [2025-04-22T01:16:50.022+0000] {dag.py:4180} INFO - Setting next_dagrun for dataset_consumes_unknown_never_scheduled to None, run_after=None
[2025-04-22T01:16:50.025+0000] {logging_mixin.py:190} INFO - [2025-04-22T01:16:50.024+0000] {dag.py:4180} INFO - Setting next_dagrun for dataset_produces_1 to 2025-04-21 00:00:00+00:00, run_after=2025-04-22 00:00:00+00:00
[2025-04-22T01:16:50.026+0000] {logging_mixin.py:190} INFO - [2025-04-22T01:16:50.026+0000] {dag.py:4180} INFO - Setting next_dagrun for dataset_produces_2 to None, run_after=None
[2025-04-22T01:16:50.058+0000] {processor.py:208} INFO - Processing /home/airflow/.local/lib/python3.12/site-packages/airflow/example_dags/example_datasets.py took 0.723 seconds
[2025-04-22T01:17:20.976+0000] {processor.py:186} INFO - Started process (PID=812) to work on /home/airflow/.local/lib/python3.12/site-packages/airflow/example_dags/example_datasets.py
[2025-04-22T01:17:20.977+0000] {processor.py:914} INFO - Processing file /home/airflow/.local/lib/python3.12/site-packages/airflow/example_dags/example_datasets.py for tasks to queue
[2025-04-22T01:17:20.979+0000] {logging_mixin.py:190} INFO - [2025-04-22T01:17:20.978+0000] {dagbag.py:588} INFO - Filling up the DagBag from /home/airflow/.local/lib/python3.12/site-packages/airflow/example_dags/example_datasets.py
[2025-04-22T01:17:21.546+0000] {processor.py:925} INFO - DAG(s) 'dataset_consumes_1_never_scheduled', 'consume_1_or_both_2_and_3_with_dataset_expressions', 'consume_1_and_2_with_dataset_expressions', 'dataset_consumes_unknown_never_scheduled', 'consume_1_or_2_with_dataset_expressions', 'dataset_consumes_1', 'dataset_produces_2', 'conditional_dataset_and_time_based_timetable', 'dataset_produces_1', 'dataset_consumes_1_and_2' retrieved from /home/airflow/.local/lib/python3.12/site-packages/airflow/example_dags/example_datasets.py
[2025-04-22T01:17:21.585+0000] {logging_mixin.py:190} INFO - [2025-04-22T01:17:21.585+0000] {dag.py:3239} INFO - Sync 10 DAGs
[2025-04-22T01:17:21.610+0000] {logging_mixin.py:190} INFO - [2025-04-22T01:17:21.610+0000] {dag.py:4180} INFO - Setting next_dagrun for conditional_dataset_and_time_based_timetable to 2025-04-16 01:00:00+00:00, run_after=2025-04-16 01:00:00+00:00
[2025-04-22T01:17:21.615+0000] {logging_mixin.py:190} INFO - [2025-04-22T01:17:21.614+0000] {dag.py:4180} INFO - Setting next_dagrun for consume_1_and_2_with_dataset_expressions to None, run_after=None
[2025-04-22T01:17:21.617+0000] {logging_mixin.py:190} INFO - [2025-04-22T01:17:21.617+0000] {dag.py:4180} INFO - Setting next_dagrun for consume_1_or_2_with_dataset_expressions to None, run_after=None
[2025-04-22T01:17:21.618+0000] {logging_mixin.py:190} INFO - [2025-04-22T01:17:21.618+0000] {dag.py:4180} INFO - Setting next_dagrun for consume_1_or_both_2_and_3_with_dataset_expressions to None, run_after=None
[2025-04-22T01:17:21.619+0000] {logging_mixin.py:190} INFO - [2025-04-22T01:17:21.619+0000] {dag.py:4180} INFO - Setting next_dagrun for dataset_consumes_1 to None, run_after=None
[2025-04-22T01:17:21.621+0000] {logging_mixin.py:190} INFO - [2025-04-22T01:17:21.621+0000] {dag.py:4180} INFO - Setting next_dagrun for dataset_consumes_1_and_2 to None, run_after=None
[2025-04-22T01:17:21.622+0000] {logging_mixin.py:190} INFO - [2025-04-22T01:17:21.622+0000] {dag.py:4180} INFO - Setting next_dagrun for dataset_consumes_1_never_scheduled to None, run_after=None
[2025-04-22T01:17:21.623+0000] {logging_mixin.py:190} INFO - [2025-04-22T01:17:21.623+0000] {dag.py:4180} INFO - Setting next_dagrun for dataset_consumes_unknown_never_scheduled to None, run_after=None
[2025-04-22T01:17:21.625+0000] {logging_mixin.py:190} INFO - [2025-04-22T01:17:21.625+0000] {dag.py:4180} INFO - Setting next_dagrun for dataset_produces_1 to 2025-04-21 00:00:00+00:00, run_after=2025-04-22 00:00:00+00:00
[2025-04-22T01:17:21.627+0000] {logging_mixin.py:190} INFO - [2025-04-22T01:17:21.626+0000] {dag.py:4180} INFO - Setting next_dagrun for dataset_produces_2 to None, run_after=None
[2025-04-22T01:17:21.663+0000] {processor.py:208} INFO - Processing /home/airflow/.local/lib/python3.12/site-packages/airflow/example_dags/example_datasets.py took 0.692 seconds
[2025-04-22T01:17:51.822+0000] {processor.py:186} INFO - Started process (PID=875) to work on /home/airflow/.local/lib/python3.12/site-packages/airflow/example_dags/example_datasets.py
[2025-04-22T01:17:51.823+0000] {processor.py:914} INFO - Processing file /home/airflow/.local/lib/python3.12/site-packages/airflow/example_dags/example_datasets.py for tasks to queue
[2025-04-22T01:17:51.825+0000] {logging_mixin.py:190} INFO - [2025-04-22T01:17:51.824+0000] {dagbag.py:588} INFO - Filling up the DagBag from /home/airflow/.local/lib/python3.12/site-packages/airflow/example_dags/example_datasets.py
[2025-04-22T01:17:52.415+0000] {processor.py:925} INFO - DAG(s) 'consume_1_or_both_2_and_3_with_dataset_expressions', 'dataset_consumes_1_and_2', 'conditional_dataset_and_time_based_timetable', 'dataset_consumes_1', 'dataset_produces_1', 'dataset_consumes_1_never_scheduled', 'dataset_consumes_unknown_never_scheduled', 'consume_1_and_2_with_dataset_expressions', 'consume_1_or_2_with_dataset_expressions', 'dataset_produces_2' retrieved from /home/airflow/.local/lib/python3.12/site-packages/airflow/example_dags/example_datasets.py
[2025-04-22T01:17:52.456+0000] {logging_mixin.py:190} INFO - [2025-04-22T01:17:52.456+0000] {dag.py:3239} INFO - Sync 10 DAGs
[2025-04-22T01:17:52.486+0000] {logging_mixin.py:190} INFO - [2025-04-22T01:17:52.486+0000] {dag.py:4180} INFO - Setting next_dagrun for conditional_dataset_and_time_based_timetable to 2025-04-16 01:00:00+00:00, run_after=2025-04-16 01:00:00+00:00
[2025-04-22T01:17:52.490+0000] {logging_mixin.py:190} INFO - [2025-04-22T01:17:52.490+0000] {dag.py:4180} INFO - Setting next_dagrun for consume_1_and_2_with_dataset_expressions to None, run_after=None
[2025-04-22T01:17:52.492+0000] {logging_mixin.py:190} INFO - [2025-04-22T01:17:52.492+0000] {dag.py:4180} INFO - Setting next_dagrun for consume_1_or_2_with_dataset_expressions to None, run_after=None
[2025-04-22T01:17:52.493+0000] {logging_mixin.py:190} INFO - [2025-04-22T01:17:52.493+0000] {dag.py:4180} INFO - Setting next_dagrun for consume_1_or_both_2_and_3_with_dataset_expressions to None, run_after=None
[2025-04-22T01:17:52.495+0000] {logging_mixin.py:190} INFO - [2025-04-22T01:17:52.494+0000] {dag.py:4180} INFO - Setting next_dagrun for dataset_consumes_1 to None, run_after=None
[2025-04-22T01:17:52.496+0000] {logging_mixin.py:190} INFO - [2025-04-22T01:17:52.496+0000] {dag.py:4180} INFO - Setting next_dagrun for dataset_consumes_1_and_2 to None, run_after=None
[2025-04-22T01:17:52.497+0000] {logging_mixin.py:190} INFO - [2025-04-22T01:17:52.497+0000] {dag.py:4180} INFO - Setting next_dagrun for dataset_consumes_1_never_scheduled to None, run_after=None
[2025-04-22T01:17:52.499+0000] {logging_mixin.py:190} INFO - [2025-04-22T01:17:52.498+0000] {dag.py:4180} INFO - Setting next_dagrun for dataset_consumes_unknown_never_scheduled to None, run_after=None
[2025-04-22T01:17:52.501+0000] {logging_mixin.py:190} INFO - [2025-04-22T01:17:52.501+0000] {dag.py:4180} INFO - Setting next_dagrun for dataset_produces_1 to 2025-04-21 00:00:00+00:00, run_after=2025-04-22 00:00:00+00:00
[2025-04-22T01:17:52.503+0000] {logging_mixin.py:190} INFO - [2025-04-22T01:17:52.503+0000] {dag.py:4180} INFO - Setting next_dagrun for dataset_produces_2 to None, run_after=None
[2025-04-22T01:17:52.538+0000] {processor.py:208} INFO - Processing /home/airflow/.local/lib/python3.12/site-packages/airflow/example_dags/example_datasets.py took 0.721 seconds
[2025-04-22T01:18:22.979+0000] {processor.py:186} INFO - Started process (PID=938) to work on /home/airflow/.local/lib/python3.12/site-packages/airflow/example_dags/example_datasets.py
[2025-04-22T01:18:22.979+0000] {processor.py:914} INFO - Processing file /home/airflow/.local/lib/python3.12/site-packages/airflow/example_dags/example_datasets.py for tasks to queue
[2025-04-22T01:18:22.982+0000] {logging_mixin.py:190} INFO - [2025-04-22T01:18:22.981+0000] {dagbag.py:588} INFO - Filling up the DagBag from /home/airflow/.local/lib/python3.12/site-packages/airflow/example_dags/example_datasets.py
[2025-04-22T01:18:23.681+0000] {processor.py:925} INFO - DAG(s) 'dataset_produces_2', 'dataset_consumes_unknown_never_scheduled', 'dataset_consumes_1_never_scheduled', 'consume_1_or_2_with_dataset_expressions', 'dataset_produces_1', 'consume_1_and_2_with_dataset_expressions', 'dataset_consumes_1', 'consume_1_or_both_2_and_3_with_dataset_expressions', 'dataset_consumes_1_and_2', 'conditional_dataset_and_time_based_timetable' retrieved from /home/airflow/.local/lib/python3.12/site-packages/airflow/example_dags/example_datasets.py
[2025-04-22T01:18:23.743+0000] {logging_mixin.py:190} INFO - [2025-04-22T01:18:23.743+0000] {dag.py:3239} INFO - Sync 10 DAGs
[2025-04-22T01:18:23.780+0000] {logging_mixin.py:190} INFO - [2025-04-22T01:18:23.780+0000] {dag.py:4180} INFO - Setting next_dagrun for conditional_dataset_and_time_based_timetable to 2025-04-16 01:00:00+00:00, run_after=2025-04-16 01:00:00+00:00
[2025-04-22T01:18:23.785+0000] {logging_mixin.py:190} INFO - [2025-04-22T01:18:23.785+0000] {dag.py:4180} INFO - Setting next_dagrun for consume_1_and_2_with_dataset_expressions to None, run_after=None
[2025-04-22T01:18:23.787+0000] {logging_mixin.py:190} INFO - [2025-04-22T01:18:23.787+0000] {dag.py:4180} INFO - Setting next_dagrun for consume_1_or_2_with_dataset_expressions to None, run_after=None
[2025-04-22T01:18:23.790+0000] {logging_mixin.py:190} INFO - [2025-04-22T01:18:23.789+0000] {dag.py:4180} INFO - Setting next_dagrun for consume_1_or_both_2_and_3_with_dataset_expressions to None, run_after=None
[2025-04-22T01:18:23.792+0000] {logging_mixin.py:190} INFO - [2025-04-22T01:18:23.792+0000] {dag.py:4180} INFO - Setting next_dagrun for dataset_consumes_1 to None, run_after=None
[2025-04-22T01:18:23.795+0000] {logging_mixin.py:190} INFO - [2025-04-22T01:18:23.794+0000] {dag.py:4180} INFO - Setting next_dagrun for dataset_consumes_1_and_2 to None, run_after=None
[2025-04-22T01:18:23.797+0000] {logging_mixin.py:190} INFO - [2025-04-22T01:18:23.797+0000] {dag.py:4180} INFO - Setting next_dagrun for dataset_consumes_1_never_scheduled to None, run_after=None
[2025-04-22T01:18:23.800+0000] {logging_mixin.py:190} INFO - [2025-04-22T01:18:23.800+0000] {dag.py:4180} INFO - Setting next_dagrun for dataset_consumes_unknown_never_scheduled to None, run_after=None
[2025-04-22T01:18:23.804+0000] {logging_mixin.py:190} INFO - [2025-04-22T01:18:23.803+0000] {dag.py:4180} INFO - Setting next_dagrun for dataset_produces_1 to 2025-04-21 00:00:00+00:00, run_after=2025-04-22 00:00:00+00:00
[2025-04-22T01:18:23.807+0000] {logging_mixin.py:190} INFO - [2025-04-22T01:18:23.807+0000] {dag.py:4180} INFO - Setting next_dagrun for dataset_produces_2 to None, run_after=None
[2025-04-22T01:18:23.856+0000] {processor.py:208} INFO - Processing /home/airflow/.local/lib/python3.12/site-packages/airflow/example_dags/example_datasets.py took 0.884 seconds
