[2025-04-22T01:11:07.155+0000] {processor.py:186} INFO - Started process (PID=57) to work on /home/airflow/.local/lib/python3.12/site-packages/airflow/example_dags/example_setup_teardown.py
[2025-04-22T01:11:07.156+0000] {processor.py:914} INFO - Processing file /home/airflow/.local/lib/python3.12/site-packages/airflow/example_dags/example_setup_teardown.py for tasks to queue
[2025-04-22T01:11:07.158+0000] {logging_mixin.py:190} INFO - [2025-04-22T01:11:07.157+0000] {dagbag.py:588} INFO - Filling up the DagBag from /home/airflow/.local/lib/python3.12/site-packages/airflow/example_dags/example_setup_teardown.py
[2025-04-22T01:11:07.167+0000] {processor.py:925} INFO - DAG(s) 'example_setup_teardown' retrieved from /home/airflow/.local/lib/python3.12/site-packages/airflow/example_dags/example_setup_teardown.py
[2025-04-22T01:11:07.274+0000] {logging_mixin.py:190} INFO - [2025-04-22T01:11:07.273+0000] {override.py:1912} INFO - Created Permission View: can delete on DAG:example_setup_teardown
[2025-04-22T01:11:07.284+0000] {logging_mixin.py:190} INFO - [2025-04-22T01:11:07.284+0000] {override.py:1912} INFO - Created Permission View: can read on DAG:example_setup_teardown
[2025-04-22T01:11:07.292+0000] {logging_mixin.py:190} INFO - [2025-04-22T01:11:07.292+0000] {override.py:1912} INFO - Created Permission View: can edit on DAG:example_setup_teardown
[2025-04-22T01:11:07.301+0000] {logging_mixin.py:190} INFO - [2025-04-22T01:11:07.301+0000] {override.py:1912} INFO - Created Permission View: menu access on DAG Run:example_setup_teardown
[2025-04-22T01:11:07.308+0000] {logging_mixin.py:190} INFO - [2025-04-22T01:11:07.307+0000] {override.py:1912} INFO - Created Permission View: can delete on DAG Run:example_setup_teardown
[2025-04-22T01:11:07.316+0000] {logging_mixin.py:190} INFO - [2025-04-22T01:11:07.316+0000] {override.py:1912} INFO - Created Permission View: can read on DAG Run:example_setup_teardown
[2025-04-22T01:11:07.323+0000] {logging_mixin.py:190} INFO - [2025-04-22T01:11:07.323+0000] {override.py:1912} INFO - Created Permission View: can create on DAG Run:example_setup_teardown
[2025-04-22T01:11:07.324+0000] {logging_mixin.py:190} INFO - [2025-04-22T01:11:07.323+0000] {dag.py:3239} INFO - Sync 1 DAGs
[2025-04-22T01:11:07.338+0000] {logging_mixin.py:190} INFO - [2025-04-22T01:11:07.337+0000] {dag.py:3262} INFO - Creating ORM DAG for example_setup_teardown
[2025-04-22T01:11:07.339+0000] {logging_mixin.py:190} INFO - [2025-04-22T01:11:07.338+0000] {dag.py:4180} INFO - Setting next_dagrun for example_setup_teardown to None, run_after=None
[2025-04-22T01:11:07.354+0000] {processor.py:208} INFO - Processing /home/airflow/.local/lib/python3.12/site-packages/airflow/example_dags/example_setup_teardown.py took 0.204 seconds
[2025-04-22T01:11:37.570+0000] {processor.py:186} INFO - Started process (PID=120) to work on /home/airflow/.local/lib/python3.12/site-packages/airflow/example_dags/example_setup_teardown.py
[2025-04-22T01:11:37.571+0000] {processor.py:914} INFO - Processing file /home/airflow/.local/lib/python3.12/site-packages/airflow/example_dags/example_setup_teardown.py for tasks to queue
[2025-04-22T01:11:37.573+0000] {logging_mixin.py:190} INFO - [2025-04-22T01:11:37.573+0000] {dagbag.py:588} INFO - Filling up the DagBag from /home/airflow/.local/lib/python3.12/site-packages/airflow/example_dags/example_setup_teardown.py
[2025-04-22T01:11:37.581+0000] {processor.py:925} INFO - DAG(s) 'example_setup_teardown' retrieved from /home/airflow/.local/lib/python3.12/site-packages/airflow/example_dags/example_setup_teardown.py
[2025-04-22T01:11:37.599+0000] {logging_mixin.py:190} INFO - [2025-04-22T01:11:37.599+0000] {dag.py:3239} INFO - Sync 1 DAGs
[2025-04-22T01:11:37.612+0000] {logging_mixin.py:190} INFO - [2025-04-22T01:11:37.612+0000] {dag.py:4180} INFO - Setting next_dagrun for example_setup_teardown to None, run_after=None
[2025-04-22T01:11:37.628+0000] {processor.py:208} INFO - Processing /home/airflow/.local/lib/python3.12/site-packages/airflow/example_dags/example_setup_teardown.py took 0.064 seconds
[2025-04-22T01:12:08.337+0000] {processor.py:186} INFO - Started process (PID=183) to work on /home/airflow/.local/lib/python3.12/site-packages/airflow/example_dags/example_setup_teardown.py
[2025-04-22T01:12:08.338+0000] {processor.py:914} INFO - Processing file /home/airflow/.local/lib/python3.12/site-packages/airflow/example_dags/example_setup_teardown.py for tasks to queue
[2025-04-22T01:12:08.339+0000] {logging_mixin.py:190} INFO - [2025-04-22T01:12:08.339+0000] {dagbag.py:588} INFO - Filling up the DagBag from /home/airflow/.local/lib/python3.12/site-packages/airflow/example_dags/example_setup_teardown.py
[2025-04-22T01:12:08.346+0000] {processor.py:925} INFO - DAG(s) 'example_setup_teardown' retrieved from /home/airflow/.local/lib/python3.12/site-packages/airflow/example_dags/example_setup_teardown.py
[2025-04-22T01:12:08.364+0000] {logging_mixin.py:190} INFO - [2025-04-22T01:12:08.364+0000] {dag.py:3239} INFO - Sync 1 DAGs
[2025-04-22T01:12:08.377+0000] {logging_mixin.py:190} INFO - [2025-04-22T01:12:08.377+0000] {dag.py:4180} INFO - Setting next_dagrun for example_setup_teardown to None, run_after=None
[2025-04-22T01:12:08.392+0000] {processor.py:208} INFO - Processing /home/airflow/.local/lib/python3.12/site-packages/airflow/example_dags/example_setup_teardown.py took 0.060 seconds
[2025-04-22T01:12:39.325+0000] {processor.py:186} INFO - Started process (PID=245) to work on /home/airflow/.local/lib/python3.12/site-packages/airflow/example_dags/example_setup_teardown.py
[2025-04-22T01:12:39.326+0000] {processor.py:914} INFO - Processing file /home/airflow/.local/lib/python3.12/site-packages/airflow/example_dags/example_setup_teardown.py for tasks to queue
[2025-04-22T01:12:39.328+0000] {logging_mixin.py:190} INFO - [2025-04-22T01:12:39.328+0000] {dagbag.py:588} INFO - Filling up the DagBag from /home/airflow/.local/lib/python3.12/site-packages/airflow/example_dags/example_setup_teardown.py
[2025-04-22T01:12:39.335+0000] {processor.py:925} INFO - DAG(s) 'example_setup_teardown' retrieved from /home/airflow/.local/lib/python3.12/site-packages/airflow/example_dags/example_setup_teardown.py
[2025-04-22T01:12:39.352+0000] {logging_mixin.py:190} INFO - [2025-04-22T01:12:39.352+0000] {dag.py:3239} INFO - Sync 1 DAGs
[2025-04-22T01:12:39.365+0000] {logging_mixin.py:190} INFO - [2025-04-22T01:12:39.365+0000] {dag.py:4180} INFO - Setting next_dagrun for example_setup_teardown to None, run_after=None
[2025-04-22T01:12:39.386+0000] {processor.py:208} INFO - Processing /home/airflow/.local/lib/python3.12/site-packages/airflow/example_dags/example_setup_teardown.py took 0.065 seconds
[2025-04-22T01:13:10.724+0000] {processor.py:186} INFO - Started process (PID=314) to work on /home/airflow/.local/lib/python3.12/site-packages/airflow/example_dags/example_setup_teardown.py
[2025-04-22T01:13:10.725+0000] {processor.py:914} INFO - Processing file /home/airflow/.local/lib/python3.12/site-packages/airflow/example_dags/example_setup_teardown.py for tasks to queue
[2025-04-22T01:13:10.727+0000] {logging_mixin.py:190} INFO - [2025-04-22T01:13:10.727+0000] {dagbag.py:588} INFO - Filling up the DagBag from /home/airflow/.local/lib/python3.12/site-packages/airflow/example_dags/example_setup_teardown.py
[2025-04-22T01:13:10.735+0000] {processor.py:925} INFO - DAG(s) 'example_setup_teardown' retrieved from /home/airflow/.local/lib/python3.12/site-packages/airflow/example_dags/example_setup_teardown.py
[2025-04-22T01:13:10.753+0000] {logging_mixin.py:190} INFO - [2025-04-22T01:13:10.753+0000] {dag.py:3239} INFO - Sync 1 DAGs
[2025-04-22T01:13:10.766+0000] {logging_mixin.py:190} INFO - [2025-04-22T01:13:10.766+0000] {dag.py:4180} INFO - Setting next_dagrun for example_setup_teardown to None, run_after=None
[2025-04-22T01:13:10.781+0000] {processor.py:208} INFO - Processing /home/airflow/.local/lib/python3.12/site-packages/airflow/example_dags/example_setup_teardown.py took 0.062 seconds
[2025-04-22T01:13:42.229+0000] {processor.py:186} INFO - Started process (PID=377) to work on /home/airflow/.local/lib/python3.12/site-packages/airflow/example_dags/example_setup_teardown.py
[2025-04-22T01:13:42.230+0000] {processor.py:914} INFO - Processing file /home/airflow/.local/lib/python3.12/site-packages/airflow/example_dags/example_setup_teardown.py for tasks to queue
[2025-04-22T01:13:42.232+0000] {logging_mixin.py:190} INFO - [2025-04-22T01:13:42.232+0000] {dagbag.py:588} INFO - Filling up the DagBag from /home/airflow/.local/lib/python3.12/site-packages/airflow/example_dags/example_setup_teardown.py
[2025-04-22T01:13:42.239+0000] {processor.py:925} INFO - DAG(s) 'example_setup_teardown' retrieved from /home/airflow/.local/lib/python3.12/site-packages/airflow/example_dags/example_setup_teardown.py
[2025-04-22T01:13:42.257+0000] {logging_mixin.py:190} INFO - [2025-04-22T01:13:42.257+0000] {dag.py:3239} INFO - Sync 1 DAGs
[2025-04-22T01:13:42.271+0000] {logging_mixin.py:190} INFO - [2025-04-22T01:13:42.271+0000] {dag.py:4180} INFO - Setting next_dagrun for example_setup_teardown to None, run_after=None
[2025-04-22T01:13:42.288+0000] {processor.py:208} INFO - Processing /home/airflow/.local/lib/python3.12/site-packages/airflow/example_dags/example_setup_teardown.py took 0.064 seconds
[2025-04-22T01:14:13.635+0000] {processor.py:186} INFO - Started process (PID=440) to work on /home/airflow/.local/lib/python3.12/site-packages/airflow/example_dags/example_setup_teardown.py
[2025-04-22T01:14:13.636+0000] {processor.py:914} INFO - Processing file /home/airflow/.local/lib/python3.12/site-packages/airflow/example_dags/example_setup_teardown.py for tasks to queue
[2025-04-22T01:14:13.638+0000] {logging_mixin.py:190} INFO - [2025-04-22T01:14:13.638+0000] {dagbag.py:588} INFO - Filling up the DagBag from /home/airflow/.local/lib/python3.12/site-packages/airflow/example_dags/example_setup_teardown.py
[2025-04-22T01:14:13.645+0000] {processor.py:925} INFO - DAG(s) 'example_setup_teardown' retrieved from /home/airflow/.local/lib/python3.12/site-packages/airflow/example_dags/example_setup_teardown.py
[2025-04-22T01:14:13.663+0000] {logging_mixin.py:190} INFO - [2025-04-22T01:14:13.663+0000] {dag.py:3239} INFO - Sync 1 DAGs
[2025-04-22T01:14:13.675+0000] {logging_mixin.py:190} INFO - [2025-04-22T01:14:13.675+0000] {dag.py:4180} INFO - Setting next_dagrun for example_setup_teardown to None, run_after=None
[2025-04-22T01:14:13.691+0000] {processor.py:208} INFO - Processing /home/airflow/.local/lib/python3.12/site-packages/airflow/example_dags/example_setup_teardown.py took 0.062 seconds
[2025-04-22T01:14:45.101+0000] {processor.py:186} INFO - Started process (PID=503) to work on /home/airflow/.local/lib/python3.12/site-packages/airflow/example_dags/example_setup_teardown.py
[2025-04-22T01:14:45.102+0000] {processor.py:914} INFO - Processing file /home/airflow/.local/lib/python3.12/site-packages/airflow/example_dags/example_setup_teardown.py for tasks to queue
[2025-04-22T01:14:45.104+0000] {logging_mixin.py:190} INFO - [2025-04-22T01:14:45.103+0000] {dagbag.py:588} INFO - Filling up the DagBag from /home/airflow/.local/lib/python3.12/site-packages/airflow/example_dags/example_setup_teardown.py
[2025-04-22T01:14:45.111+0000] {processor.py:925} INFO - DAG(s) 'example_setup_teardown' retrieved from /home/airflow/.local/lib/python3.12/site-packages/airflow/example_dags/example_setup_teardown.py
[2025-04-22T01:14:45.129+0000] {logging_mixin.py:190} INFO - [2025-04-22T01:14:45.129+0000] {dag.py:3239} INFO - Sync 1 DAGs
[2025-04-22T01:14:45.145+0000] {logging_mixin.py:190} INFO - [2025-04-22T01:14:45.144+0000] {dag.py:4180} INFO - Setting next_dagrun for example_setup_teardown to None, run_after=None
[2025-04-22T01:14:45.161+0000] {processor.py:208} INFO - Processing /home/airflow/.local/lib/python3.12/site-packages/airflow/example_dags/example_setup_teardown.py took 0.066 seconds
[2025-04-22T01:15:16.267+0000] {processor.py:186} INFO - Started process (PID=566) to work on /home/airflow/.local/lib/python3.12/site-packages/airflow/example_dags/example_setup_teardown.py
[2025-04-22T01:15:16.268+0000] {processor.py:914} INFO - Processing file /home/airflow/.local/lib/python3.12/site-packages/airflow/example_dags/example_setup_teardown.py for tasks to queue
[2025-04-22T01:15:16.271+0000] {logging_mixin.py:190} INFO - [2025-04-22T01:15:16.270+0000] {dagbag.py:588} INFO - Filling up the DagBag from /home/airflow/.local/lib/python3.12/site-packages/airflow/example_dags/example_setup_teardown.py
[2025-04-22T01:15:16.278+0000] {processor.py:925} INFO - DAG(s) 'example_setup_teardown' retrieved from /home/airflow/.local/lib/python3.12/site-packages/airflow/example_dags/example_setup_teardown.py
[2025-04-22T01:15:16.296+0000] {logging_mixin.py:190} INFO - [2025-04-22T01:15:16.296+0000] {dag.py:3239} INFO - Sync 1 DAGs
[2025-04-22T01:15:16.308+0000] {logging_mixin.py:190} INFO - [2025-04-22T01:15:16.308+0000] {dag.py:4180} INFO - Setting next_dagrun for example_setup_teardown to None, run_after=None
[2025-04-22T01:15:16.323+0000] {processor.py:208} INFO - Processing /home/airflow/.local/lib/python3.12/site-packages/airflow/example_dags/example_setup_teardown.py took 0.061 seconds
[2025-04-22T01:15:47.771+0000] {processor.py:186} INFO - Started process (PID=629) to work on /home/airflow/.local/lib/python3.12/site-packages/airflow/example_dags/example_setup_teardown.py
[2025-04-22T01:15:47.773+0000] {processor.py:914} INFO - Processing file /home/airflow/.local/lib/python3.12/site-packages/airflow/example_dags/example_setup_teardown.py for tasks to queue
[2025-04-22T01:15:47.775+0000] {logging_mixin.py:190} INFO - [2025-04-22T01:15:47.775+0000] {dagbag.py:588} INFO - Filling up the DagBag from /home/airflow/.local/lib/python3.12/site-packages/airflow/example_dags/example_setup_teardown.py
[2025-04-22T01:15:47.782+0000] {processor.py:925} INFO - DAG(s) 'example_setup_teardown' retrieved from /home/airflow/.local/lib/python3.12/site-packages/airflow/example_dags/example_setup_teardown.py
[2025-04-22T01:15:47.800+0000] {logging_mixin.py:190} INFO - [2025-04-22T01:15:47.800+0000] {dag.py:3239} INFO - Sync 1 DAGs
[2025-04-22T01:15:47.812+0000] {logging_mixin.py:190} INFO - [2025-04-22T01:15:47.812+0000] {dag.py:4180} INFO - Setting next_dagrun for example_setup_teardown to None, run_after=None
[2025-04-22T01:15:47.829+0000] {processor.py:208} INFO - Processing /home/airflow/.local/lib/python3.12/site-packages/airflow/example_dags/example_setup_teardown.py took 0.063 seconds
[2025-04-22T01:16:18.845+0000] {processor.py:186} INFO - Started process (PID=693) to work on /home/airflow/.local/lib/python3.12/site-packages/airflow/example_dags/example_setup_teardown.py
[2025-04-22T01:16:18.846+0000] {processor.py:914} INFO - Processing file /home/airflow/.local/lib/python3.12/site-packages/airflow/example_dags/example_setup_teardown.py for tasks to queue
[2025-04-22T01:16:18.849+0000] {logging_mixin.py:190} INFO - [2025-04-22T01:16:18.848+0000] {dagbag.py:588} INFO - Filling up the DagBag from /home/airflow/.local/lib/python3.12/site-packages/airflow/example_dags/example_setup_teardown.py
[2025-04-22T01:16:18.857+0000] {processor.py:925} INFO - DAG(s) 'example_setup_teardown' retrieved from /home/airflow/.local/lib/python3.12/site-packages/airflow/example_dags/example_setup_teardown.py
[2025-04-22T01:16:18.875+0000] {logging_mixin.py:190} INFO - [2025-04-22T01:16:18.875+0000] {dag.py:3239} INFO - Sync 1 DAGs
[2025-04-22T01:16:18.887+0000] {logging_mixin.py:190} INFO - [2025-04-22T01:16:18.887+0000] {dag.py:4180} INFO - Setting next_dagrun for example_setup_teardown to None, run_after=None
[2025-04-22T01:16:18.902+0000] {processor.py:208} INFO - Processing /home/airflow/.local/lib/python3.12/site-packages/airflow/example_dags/example_setup_teardown.py took 0.062 seconds
[2025-04-22T01:16:50.312+0000] {processor.py:186} INFO - Started process (PID=755) to work on /home/airflow/.local/lib/python3.12/site-packages/airflow/example_dags/example_setup_teardown.py
[2025-04-22T01:16:50.313+0000] {processor.py:914} INFO - Processing file /home/airflow/.local/lib/python3.12/site-packages/airflow/example_dags/example_setup_teardown.py for tasks to queue
[2025-04-22T01:16:50.316+0000] {logging_mixin.py:190} INFO - [2025-04-22T01:16:50.315+0000] {dagbag.py:588} INFO - Filling up the DagBag from /home/airflow/.local/lib/python3.12/site-packages/airflow/example_dags/example_setup_teardown.py
[2025-04-22T01:16:50.324+0000] {processor.py:925} INFO - DAG(s) 'example_setup_teardown' retrieved from /home/airflow/.local/lib/python3.12/site-packages/airflow/example_dags/example_setup_teardown.py
[2025-04-22T01:16:50.343+0000] {logging_mixin.py:190} INFO - [2025-04-22T01:16:50.342+0000] {dag.py:3239} INFO - Sync 1 DAGs
[2025-04-22T01:16:50.355+0000] {logging_mixin.py:190} INFO - [2025-04-22T01:16:50.355+0000] {dag.py:4180} INFO - Setting next_dagrun for example_setup_teardown to None, run_after=None
[2025-04-22T01:16:50.375+0000] {processor.py:208} INFO - Processing /home/airflow/.local/lib/python3.12/site-packages/airflow/example_dags/example_setup_teardown.py took 0.069 seconds
[2025-04-22T01:17:21.899+0000] {processor.py:186} INFO - Started process (PID=818) to work on /home/airflow/.local/lib/python3.12/site-packages/airflow/example_dags/example_setup_teardown.py
[2025-04-22T01:17:21.900+0000] {processor.py:914} INFO - Processing file /home/airflow/.local/lib/python3.12/site-packages/airflow/example_dags/example_setup_teardown.py for tasks to queue
[2025-04-22T01:17:21.902+0000] {logging_mixin.py:190} INFO - [2025-04-22T01:17:21.901+0000] {dagbag.py:588} INFO - Filling up the DagBag from /home/airflow/.local/lib/python3.12/site-packages/airflow/example_dags/example_setup_teardown.py
[2025-04-22T01:17:21.910+0000] {processor.py:925} INFO - DAG(s) 'example_setup_teardown' retrieved from /home/airflow/.local/lib/python3.12/site-packages/airflow/example_dags/example_setup_teardown.py
[2025-04-22T01:17:21.929+0000] {logging_mixin.py:190} INFO - [2025-04-22T01:17:21.929+0000] {dag.py:3239} INFO - Sync 1 DAGs
[2025-04-22T01:17:21.941+0000] {logging_mixin.py:190} INFO - [2025-04-22T01:17:21.940+0000] {dag.py:4180} INFO - Setting next_dagrun for example_setup_teardown to None, run_after=None
[2025-04-22T01:17:21.956+0000] {processor.py:208} INFO - Processing /home/airflow/.local/lib/python3.12/site-packages/airflow/example_dags/example_setup_teardown.py took 0.063 seconds
[2025-04-22T01:17:52.789+0000] {processor.py:186} INFO - Started process (PID=881) to work on /home/airflow/.local/lib/python3.12/site-packages/airflow/example_dags/example_setup_teardown.py
[2025-04-22T01:17:52.790+0000] {processor.py:914} INFO - Processing file /home/airflow/.local/lib/python3.12/site-packages/airflow/example_dags/example_setup_teardown.py for tasks to queue
[2025-04-22T01:17:52.793+0000] {logging_mixin.py:190} INFO - [2025-04-22T01:17:52.792+0000] {dagbag.py:588} INFO - Filling up the DagBag from /home/airflow/.local/lib/python3.12/site-packages/airflow/example_dags/example_setup_teardown.py
[2025-04-22T01:17:52.802+0000] {processor.py:925} INFO - DAG(s) 'example_setup_teardown' retrieved from /home/airflow/.local/lib/python3.12/site-packages/airflow/example_dags/example_setup_teardown.py
[2025-04-22T01:17:52.821+0000] {logging_mixin.py:190} INFO - [2025-04-22T01:17:52.821+0000] {dag.py:3239} INFO - Sync 1 DAGs
[2025-04-22T01:17:52.836+0000] {logging_mixin.py:190} INFO - [2025-04-22T01:17:52.836+0000] {dag.py:4180} INFO - Setting next_dagrun for example_setup_teardown to None, run_after=None
[2025-04-22T01:17:52.854+0000] {processor.py:208} INFO - Processing /home/airflow/.local/lib/python3.12/site-packages/airflow/example_dags/example_setup_teardown.py took 0.072 seconds
[2025-04-22T01:18:24.332+0000] {processor.py:186} INFO - Started process (PID=944) to work on /home/airflow/.local/lib/python3.12/site-packages/airflow/example_dags/example_setup_teardown.py
[2025-04-22T01:18:24.333+0000] {processor.py:914} INFO - Processing file /home/airflow/.local/lib/python3.12/site-packages/airflow/example_dags/example_setup_teardown.py for tasks to queue
[2025-04-22T01:18:24.335+0000] {logging_mixin.py:190} INFO - [2025-04-22T01:18:24.335+0000] {dagbag.py:588} INFO - Filling up the DagBag from /home/airflow/.local/lib/python3.12/site-packages/airflow/example_dags/example_setup_teardown.py
[2025-04-22T01:18:24.344+0000] {processor.py:925} INFO - DAG(s) 'example_setup_teardown' retrieved from /home/airflow/.local/lib/python3.12/site-packages/airflow/example_dags/example_setup_teardown.py
[2025-04-22T01:18:24.366+0000] {logging_mixin.py:190} INFO - [2025-04-22T01:18:24.365+0000] {dag.py:3239} INFO - Sync 1 DAGs
[2025-04-22T01:18:24.380+0000] {logging_mixin.py:190} INFO - [2025-04-22T01:18:24.380+0000] {dag.py:4180} INFO - Setting next_dagrun for example_setup_teardown to None, run_after=None
[2025-04-22T01:18:24.400+0000] {processor.py:208} INFO - Processing /home/airflow/.local/lib/python3.12/site-packages/airflow/example_dags/example_setup_teardown.py took 0.073 seconds
