[2025-04-22T01:11:06.682+0000] {processor.py:186} INFO - Started process (PID=53) to work on /home/airflow/.local/lib/python3.12/site-packages/airflow/example_dags/example_short_circuit_operator.py
[2025-04-22T01:11:06.683+0000] {processor.py:914} INFO - Processing file /home/airflow/.local/lib/python3.12/site-packages/airflow/example_dags/example_short_circuit_operator.py for tasks to queue
[2025-04-22T01:11:06.685+0000] {logging_mixin.py:190} INFO - [2025-04-22T01:11:06.684+0000] {dagbag.py:588} INFO - Filling up the DagBag from /home/airflow/.local/lib/python3.12/site-packages/airflow/example_dags/example_short_circuit_operator.py
[2025-04-22T01:11:06.693+0000] {processor.py:925} INFO - DAG(s) 'example_short_circuit_operator' retrieved from /home/airflow/.local/lib/python3.12/site-packages/airflow/example_dags/example_short_circuit_operator.py
[2025-04-22T01:11:06.809+0000] {logging_mixin.py:190} INFO - [2025-04-22T01:11:06.808+0000] {override.py:1912} INFO - Created Permission View: can delete on DAG:example_short_circuit_operator
[2025-04-22T01:11:06.818+0000] {logging_mixin.py:190} INFO - [2025-04-22T01:11:06.818+0000] {override.py:1912} INFO - Created Permission View: can read on DAG:example_short_circuit_operator
[2025-04-22T01:11:06.824+0000] {logging_mixin.py:190} INFO - [2025-04-22T01:11:06.824+0000] {override.py:1912} INFO - Created Permission View: can edit on DAG:example_short_circuit_operator
[2025-04-22T01:11:06.832+0000] {logging_mixin.py:190} INFO - [2025-04-22T01:11:06.831+0000] {override.py:1912} INFO - Created Permission View: menu access on DAG Run:example_short_circuit_operator
[2025-04-22T01:11:06.838+0000] {logging_mixin.py:190} INFO - [2025-04-22T01:11:06.837+0000] {override.py:1912} INFO - Created Permission View: can delete on DAG Run:example_short_circuit_operator
[2025-04-22T01:11:06.844+0000] {logging_mixin.py:190} INFO - [2025-04-22T01:11:06.843+0000] {override.py:1912} INFO - Created Permission View: can read on DAG Run:example_short_circuit_operator
[2025-04-22T01:11:06.850+0000] {logging_mixin.py:190} INFO - [2025-04-22T01:11:06.850+0000] {override.py:1912} INFO - Created Permission View: can create on DAG Run:example_short_circuit_operator
[2025-04-22T01:11:06.851+0000] {logging_mixin.py:190} INFO - [2025-04-22T01:11:06.851+0000] {dag.py:3239} INFO - Sync 1 DAGs
[2025-04-22T01:11:06.864+0000] {logging_mixin.py:190} INFO - [2025-04-22T01:11:06.863+0000] {dag.py:3262} INFO - Creating ORM DAG for example_short_circuit_operator
[2025-04-22T01:11:06.865+0000] {logging_mixin.py:190} INFO - [2025-04-22T01:11:06.865+0000] {dag.py:4180} INFO - Setting next_dagrun for example_short_circuit_operator to None, run_after=None
[2025-04-22T01:11:06.887+0000] {processor.py:208} INFO - Processing /home/airflow/.local/lib/python3.12/site-packages/airflow/example_dags/example_short_circuit_operator.py took 0.210 seconds
[2025-04-22T01:11:37.191+0000] {processor.py:186} INFO - Started process (PID=116) to work on /home/airflow/.local/lib/python3.12/site-packages/airflow/example_dags/example_short_circuit_operator.py
[2025-04-22T01:11:37.192+0000] {processor.py:914} INFO - Processing file /home/airflow/.local/lib/python3.12/site-packages/airflow/example_dags/example_short_circuit_operator.py for tasks to queue
[2025-04-22T01:11:37.194+0000] {logging_mixin.py:190} INFO - [2025-04-22T01:11:37.194+0000] {dagbag.py:588} INFO - Filling up the DagBag from /home/airflow/.local/lib/python3.12/site-packages/airflow/example_dags/example_short_circuit_operator.py
[2025-04-22T01:11:37.203+0000] {processor.py:925} INFO - DAG(s) 'example_short_circuit_operator' retrieved from /home/airflow/.local/lib/python3.12/site-packages/airflow/example_dags/example_short_circuit_operator.py
[2025-04-22T01:11:37.223+0000] {logging_mixin.py:190} INFO - [2025-04-22T01:11:37.223+0000] {dag.py:3239} INFO - Sync 1 DAGs
[2025-04-22T01:11:37.236+0000] {logging_mixin.py:190} INFO - [2025-04-22T01:11:37.235+0000] {dag.py:4180} INFO - Setting next_dagrun for example_short_circuit_operator to None, run_after=None
[2025-04-22T01:11:37.251+0000] {processor.py:208} INFO - Processing /home/airflow/.local/lib/python3.12/site-packages/airflow/example_dags/example_short_circuit_operator.py took 0.066 seconds
[2025-04-22T01:12:07.967+0000] {processor.py:186} INFO - Started process (PID=179) to work on /home/airflow/.local/lib/python3.12/site-packages/airflow/example_dags/example_short_circuit_operator.py
[2025-04-22T01:12:07.968+0000] {processor.py:914} INFO - Processing file /home/airflow/.local/lib/python3.12/site-packages/airflow/example_dags/example_short_circuit_operator.py for tasks to queue
[2025-04-22T01:12:07.970+0000] {logging_mixin.py:190} INFO - [2025-04-22T01:12:07.969+0000] {dagbag.py:588} INFO - Filling up the DagBag from /home/airflow/.local/lib/python3.12/site-packages/airflow/example_dags/example_short_circuit_operator.py
[2025-04-22T01:12:07.977+0000] {processor.py:925} INFO - DAG(s) 'example_short_circuit_operator' retrieved from /home/airflow/.local/lib/python3.12/site-packages/airflow/example_dags/example_short_circuit_operator.py
[2025-04-22T01:12:07.997+0000] {logging_mixin.py:190} INFO - [2025-04-22T01:12:07.997+0000] {dag.py:3239} INFO - Sync 1 DAGs
[2025-04-22T01:12:08.010+0000] {logging_mixin.py:190} INFO - [2025-04-22T01:12:08.010+0000] {dag.py:4180} INFO - Setting next_dagrun for example_short_circuit_operator to None, run_after=None
[2025-04-22T01:12:08.029+0000] {processor.py:208} INFO - Processing /home/airflow/.local/lib/python3.12/site-packages/airflow/example_dags/example_short_circuit_operator.py took 0.067 seconds
[2025-04-22T01:12:39.146+0000] {processor.py:186} INFO - Started process (PID=241) to work on /home/airflow/.local/lib/python3.12/site-packages/airflow/example_dags/example_short_circuit_operator.py
[2025-04-22T01:12:39.146+0000] {processor.py:914} INFO - Processing file /home/airflow/.local/lib/python3.12/site-packages/airflow/example_dags/example_short_circuit_operator.py for tasks to queue
[2025-04-22T01:12:39.148+0000] {logging_mixin.py:190} INFO - [2025-04-22T01:12:39.148+0000] {dagbag.py:588} INFO - Filling up the DagBag from /home/airflow/.local/lib/python3.12/site-packages/airflow/example_dags/example_short_circuit_operator.py
[2025-04-22T01:12:39.156+0000] {processor.py:925} INFO - DAG(s) 'example_short_circuit_operator' retrieved from /home/airflow/.local/lib/python3.12/site-packages/airflow/example_dags/example_short_circuit_operator.py
[2025-04-22T01:12:39.177+0000] {logging_mixin.py:190} INFO - [2025-04-22T01:12:39.177+0000] {dag.py:3239} INFO - Sync 1 DAGs
[2025-04-22T01:12:39.190+0000] {logging_mixin.py:190} INFO - [2025-04-22T01:12:39.190+0000] {dag.py:4180} INFO - Setting next_dagrun for example_short_circuit_operator to None, run_after=None
[2025-04-22T01:12:39.206+0000] {processor.py:208} INFO - Processing /home/airflow/.local/lib/python3.12/site-packages/airflow/example_dags/example_short_circuit_operator.py took 0.066 seconds
[2025-04-22T01:13:10.531+0000] {processor.py:186} INFO - Started process (PID=304) to work on /home/airflow/.local/lib/python3.12/site-packages/airflow/example_dags/example_short_circuit_operator.py
[2025-04-22T01:13:10.532+0000] {processor.py:914} INFO - Processing file /home/airflow/.local/lib/python3.12/site-packages/airflow/example_dags/example_short_circuit_operator.py for tasks to queue
[2025-04-22T01:13:10.534+0000] {logging_mixin.py:190} INFO - [2025-04-22T01:13:10.534+0000] {dagbag.py:588} INFO - Filling up the DagBag from /home/airflow/.local/lib/python3.12/site-packages/airflow/example_dags/example_short_circuit_operator.py
[2025-04-22T01:13:10.541+0000] {processor.py:925} INFO - DAG(s) 'example_short_circuit_operator' retrieved from /home/airflow/.local/lib/python3.12/site-packages/airflow/example_dags/example_short_circuit_operator.py
[2025-04-22T01:13:10.560+0000] {logging_mixin.py:190} INFO - [2025-04-22T01:13:10.560+0000] {dag.py:3239} INFO - Sync 1 DAGs
[2025-04-22T01:13:10.578+0000] {logging_mixin.py:190} INFO - [2025-04-22T01:13:10.577+0000] {dag.py:4180} INFO - Setting next_dagrun for example_short_circuit_operator to None, run_after=None
[2025-04-22T01:13:10.598+0000] {processor.py:208} INFO - Processing /home/airflow/.local/lib/python3.12/site-packages/airflow/example_dags/example_short_circuit_operator.py took 0.071 seconds
[2025-04-22T01:13:42.032+0000] {processor.py:186} INFO - Started process (PID=373) to work on /home/airflow/.local/lib/python3.12/site-packages/airflow/example_dags/example_short_circuit_operator.py
[2025-04-22T01:13:42.033+0000] {processor.py:914} INFO - Processing file /home/airflow/.local/lib/python3.12/site-packages/airflow/example_dags/example_short_circuit_operator.py for tasks to queue
[2025-04-22T01:13:42.036+0000] {logging_mixin.py:190} INFO - [2025-04-22T01:13:42.035+0000] {dagbag.py:588} INFO - Filling up the DagBag from /home/airflow/.local/lib/python3.12/site-packages/airflow/example_dags/example_short_circuit_operator.py
[2025-04-22T01:13:42.044+0000] {processor.py:925} INFO - DAG(s) 'example_short_circuit_operator' retrieved from /home/airflow/.local/lib/python3.12/site-packages/airflow/example_dags/example_short_circuit_operator.py
[2025-04-22T01:13:42.065+0000] {logging_mixin.py:190} INFO - [2025-04-22T01:13:42.065+0000] {dag.py:3239} INFO - Sync 1 DAGs
[2025-04-22T01:13:42.078+0000] {logging_mixin.py:190} INFO - [2025-04-22T01:13:42.077+0000] {dag.py:4180} INFO - Setting next_dagrun for example_short_circuit_operator to None, run_after=None
[2025-04-22T01:13:42.094+0000] {processor.py:208} INFO - Processing /home/airflow/.local/lib/python3.12/site-packages/airflow/example_dags/example_short_circuit_operator.py took 0.066 seconds
[2025-04-22T01:14:13.446+0000] {processor.py:186} INFO - Started process (PID=436) to work on /home/airflow/.local/lib/python3.12/site-packages/airflow/example_dags/example_short_circuit_operator.py
[2025-04-22T01:14:13.446+0000] {processor.py:914} INFO - Processing file /home/airflow/.local/lib/python3.12/site-packages/airflow/example_dags/example_short_circuit_operator.py for tasks to queue
[2025-04-22T01:14:13.448+0000] {logging_mixin.py:190} INFO - [2025-04-22T01:14:13.448+0000] {dagbag.py:588} INFO - Filling up the DagBag from /home/airflow/.local/lib/python3.12/site-packages/airflow/example_dags/example_short_circuit_operator.py
[2025-04-22T01:14:13.455+0000] {processor.py:925} INFO - DAG(s) 'example_short_circuit_operator' retrieved from /home/airflow/.local/lib/python3.12/site-packages/airflow/example_dags/example_short_circuit_operator.py
[2025-04-22T01:14:13.477+0000] {logging_mixin.py:190} INFO - [2025-04-22T01:14:13.476+0000] {dag.py:3239} INFO - Sync 1 DAGs
[2025-04-22T01:14:13.490+0000] {logging_mixin.py:190} INFO - [2025-04-22T01:14:13.490+0000] {dag.py:4180} INFO - Setting next_dagrun for example_short_circuit_operator to None, run_after=None
[2025-04-22T01:14:13.507+0000] {processor.py:208} INFO - Processing /home/airflow/.local/lib/python3.12/site-packages/airflow/example_dags/example_short_circuit_operator.py took 0.066 seconds
[2025-04-22T01:14:44.899+0000] {processor.py:186} INFO - Started process (PID=499) to work on /home/airflow/.local/lib/python3.12/site-packages/airflow/example_dags/example_short_circuit_operator.py
[2025-04-22T01:14:44.900+0000] {processor.py:914} INFO - Processing file /home/airflow/.local/lib/python3.12/site-packages/airflow/example_dags/example_short_circuit_operator.py for tasks to queue
[2025-04-22T01:14:44.903+0000] {logging_mixin.py:190} INFO - [2025-04-22T01:14:44.902+0000] {dagbag.py:588} INFO - Filling up the DagBag from /home/airflow/.local/lib/python3.12/site-packages/airflow/example_dags/example_short_circuit_operator.py
[2025-04-22T01:14:44.912+0000] {processor.py:925} INFO - DAG(s) 'example_short_circuit_operator' retrieved from /home/airflow/.local/lib/python3.12/site-packages/airflow/example_dags/example_short_circuit_operator.py
[2025-04-22T01:14:44.936+0000] {logging_mixin.py:190} INFO - [2025-04-22T01:14:44.936+0000] {dag.py:3239} INFO - Sync 1 DAGs
[2025-04-22T01:14:44.951+0000] {logging_mixin.py:190} INFO - [2025-04-22T01:14:44.951+0000] {dag.py:4180} INFO - Setting next_dagrun for example_short_circuit_operator to None, run_after=None
[2025-04-22T01:14:44.969+0000] {processor.py:208} INFO - Processing /home/airflow/.local/lib/python3.12/site-packages/airflow/example_dags/example_short_circuit_operator.py took 0.075 seconds
[2025-04-22T01:15:16.081+0000] {processor.py:186} INFO - Started process (PID=562) to work on /home/airflow/.local/lib/python3.12/site-packages/airflow/example_dags/example_short_circuit_operator.py
[2025-04-22T01:15:16.082+0000] {processor.py:914} INFO - Processing file /home/airflow/.local/lib/python3.12/site-packages/airflow/example_dags/example_short_circuit_operator.py for tasks to queue
[2025-04-22T01:15:16.084+0000] {logging_mixin.py:190} INFO - [2025-04-22T01:15:16.084+0000] {dagbag.py:588} INFO - Filling up the DagBag from /home/airflow/.local/lib/python3.12/site-packages/airflow/example_dags/example_short_circuit_operator.py
[2025-04-22T01:15:16.091+0000] {processor.py:925} INFO - DAG(s) 'example_short_circuit_operator' retrieved from /home/airflow/.local/lib/python3.12/site-packages/airflow/example_dags/example_short_circuit_operator.py
[2025-04-22T01:15:16.111+0000] {logging_mixin.py:190} INFO - [2025-04-22T01:15:16.111+0000] {dag.py:3239} INFO - Sync 1 DAGs
[2025-04-22T01:15:16.124+0000] {logging_mixin.py:190} INFO - [2025-04-22T01:15:16.124+0000] {dag.py:4180} INFO - Setting next_dagrun for example_short_circuit_operator to None, run_after=None
[2025-04-22T01:15:16.141+0000] {processor.py:208} INFO - Processing /home/airflow/.local/lib/python3.12/site-packages/airflow/example_dags/example_short_circuit_operator.py took 0.065 seconds
[2025-04-22T01:15:47.589+0000] {processor.py:186} INFO - Started process (PID=625) to work on /home/airflow/.local/lib/python3.12/site-packages/airflow/example_dags/example_short_circuit_operator.py
[2025-04-22T01:15:47.590+0000] {processor.py:914} INFO - Processing file /home/airflow/.local/lib/python3.12/site-packages/airflow/example_dags/example_short_circuit_operator.py for tasks to queue
[2025-04-22T01:15:47.592+0000] {logging_mixin.py:190} INFO - [2025-04-22T01:15:47.591+0000] {dagbag.py:588} INFO - Filling up the DagBag from /home/airflow/.local/lib/python3.12/site-packages/airflow/example_dags/example_short_circuit_operator.py
[2025-04-22T01:15:47.599+0000] {processor.py:925} INFO - DAG(s) 'example_short_circuit_operator' retrieved from /home/airflow/.local/lib/python3.12/site-packages/airflow/example_dags/example_short_circuit_operator.py
[2025-04-22T01:15:47.620+0000] {logging_mixin.py:190} INFO - [2025-04-22T01:15:47.620+0000] {dag.py:3239} INFO - Sync 1 DAGs
[2025-04-22T01:15:47.635+0000] {logging_mixin.py:190} INFO - [2025-04-22T01:15:47.634+0000] {dag.py:4180} INFO - Setting next_dagrun for example_short_circuit_operator to None, run_after=None
[2025-04-22T01:15:47.650+0000] {processor.py:208} INFO - Processing /home/airflow/.local/lib/python3.12/site-packages/airflow/example_dags/example_short_circuit_operator.py took 0.066 seconds
[2025-04-22T01:16:18.585+0000] {processor.py:186} INFO - Started process (PID=688) to work on /home/airflow/.local/lib/python3.12/site-packages/airflow/example_dags/example_short_circuit_operator.py
[2025-04-22T01:16:18.586+0000] {processor.py:914} INFO - Processing file /home/airflow/.local/lib/python3.12/site-packages/airflow/example_dags/example_short_circuit_operator.py for tasks to queue
[2025-04-22T01:16:18.588+0000] {logging_mixin.py:190} INFO - [2025-04-22T01:16:18.588+0000] {dagbag.py:588} INFO - Filling up the DagBag from /home/airflow/.local/lib/python3.12/site-packages/airflow/example_dags/example_short_circuit_operator.py
[2025-04-22T01:16:18.595+0000] {processor.py:925} INFO - DAG(s) 'example_short_circuit_operator' retrieved from /home/airflow/.local/lib/python3.12/site-packages/airflow/example_dags/example_short_circuit_operator.py
[2025-04-22T01:16:18.616+0000] {logging_mixin.py:190} INFO - [2025-04-22T01:16:18.616+0000] {dag.py:3239} INFO - Sync 1 DAGs
[2025-04-22T01:16:18.630+0000] {logging_mixin.py:190} INFO - [2025-04-22T01:16:18.630+0000] {dag.py:4180} INFO - Setting next_dagrun for example_short_circuit_operator to None, run_after=None
[2025-04-22T01:16:18.648+0000] {processor.py:208} INFO - Processing /home/airflow/.local/lib/python3.12/site-packages/airflow/example_dags/example_short_circuit_operator.py took 0.067 seconds
[2025-04-22T01:16:50.102+0000] {processor.py:186} INFO - Started process (PID=751) to work on /home/airflow/.local/lib/python3.12/site-packages/airflow/example_dags/example_short_circuit_operator.py
[2025-04-22T01:16:50.103+0000] {processor.py:914} INFO - Processing file /home/airflow/.local/lib/python3.12/site-packages/airflow/example_dags/example_short_circuit_operator.py for tasks to queue
[2025-04-22T01:16:50.105+0000] {logging_mixin.py:190} INFO - [2025-04-22T01:16:50.105+0000] {dagbag.py:588} INFO - Filling up the DagBag from /home/airflow/.local/lib/python3.12/site-packages/airflow/example_dags/example_short_circuit_operator.py
[2025-04-22T01:16:50.113+0000] {processor.py:925} INFO - DAG(s) 'example_short_circuit_operator' retrieved from /home/airflow/.local/lib/python3.12/site-packages/airflow/example_dags/example_short_circuit_operator.py
[2025-04-22T01:16:50.135+0000] {logging_mixin.py:190} INFO - [2025-04-22T01:16:50.135+0000] {dag.py:3239} INFO - Sync 1 DAGs
[2025-04-22T01:16:50.150+0000] {logging_mixin.py:190} INFO - [2025-04-22T01:16:50.150+0000] {dag.py:4180} INFO - Setting next_dagrun for example_short_circuit_operator to None, run_after=None
[2025-04-22T01:16:50.169+0000] {processor.py:208} INFO - Processing /home/airflow/.local/lib/python3.12/site-packages/airflow/example_dags/example_short_circuit_operator.py took 0.072 seconds
[2025-04-22T01:17:21.708+0000] {processor.py:186} INFO - Started process (PID=814) to work on /home/airflow/.local/lib/python3.12/site-packages/airflow/example_dags/example_short_circuit_operator.py
[2025-04-22T01:17:21.709+0000] {processor.py:914} INFO - Processing file /home/airflow/.local/lib/python3.12/site-packages/airflow/example_dags/example_short_circuit_operator.py for tasks to queue
[2025-04-22T01:17:21.711+0000] {logging_mixin.py:190} INFO - [2025-04-22T01:17:21.711+0000] {dagbag.py:588} INFO - Filling up the DagBag from /home/airflow/.local/lib/python3.12/site-packages/airflow/example_dags/example_short_circuit_operator.py
[2025-04-22T01:17:21.719+0000] {processor.py:925} INFO - DAG(s) 'example_short_circuit_operator' retrieved from /home/airflow/.local/lib/python3.12/site-packages/airflow/example_dags/example_short_circuit_operator.py
[2025-04-22T01:17:21.740+0000] {logging_mixin.py:190} INFO - [2025-04-22T01:17:21.740+0000] {dag.py:3239} INFO - Sync 1 DAGs
[2025-04-22T01:17:21.753+0000] {logging_mixin.py:190} INFO - [2025-04-22T01:17:21.753+0000] {dag.py:4180} INFO - Setting next_dagrun for example_short_circuit_operator to None, run_after=None
[2025-04-22T01:17:21.773+0000] {processor.py:208} INFO - Processing /home/airflow/.local/lib/python3.12/site-packages/airflow/example_dags/example_short_circuit_operator.py took 0.070 seconds
[2025-04-22T01:17:52.582+0000] {processor.py:186} INFO - Started process (PID=877) to work on /home/airflow/.local/lib/python3.12/site-packages/airflow/example_dags/example_short_circuit_operator.py
[2025-04-22T01:17:52.583+0000] {processor.py:914} INFO - Processing file /home/airflow/.local/lib/python3.12/site-packages/airflow/example_dags/example_short_circuit_operator.py for tasks to queue
[2025-04-22T01:17:52.585+0000] {logging_mixin.py:190} INFO - [2025-04-22T01:17:52.585+0000] {dagbag.py:588} INFO - Filling up the DagBag from /home/airflow/.local/lib/python3.12/site-packages/airflow/example_dags/example_short_circuit_operator.py
[2025-04-22T01:17:52.593+0000] {processor.py:925} INFO - DAG(s) 'example_short_circuit_operator' retrieved from /home/airflow/.local/lib/python3.12/site-packages/airflow/example_dags/example_short_circuit_operator.py
[2025-04-22T01:17:52.615+0000] {logging_mixin.py:190} INFO - [2025-04-22T01:17:52.615+0000] {dag.py:3239} INFO - Sync 1 DAGs
[2025-04-22T01:17:52.629+0000] {logging_mixin.py:190} INFO - [2025-04-22T01:17:52.629+0000] {dag.py:4180} INFO - Setting next_dagrun for example_short_circuit_operator to None, run_after=None
[2025-04-22T01:17:52.652+0000] {processor.py:208} INFO - Processing /home/airflow/.local/lib/python3.12/site-packages/airflow/example_dags/example_short_circuit_operator.py took 0.075 seconds
[2025-04-22T01:18:23.924+0000] {processor.py:186} INFO - Started process (PID=940) to work on /home/airflow/.local/lib/python3.12/site-packages/airflow/example_dags/example_short_circuit_operator.py
[2025-04-22T01:18:23.926+0000] {processor.py:914} INFO - Processing file /home/airflow/.local/lib/python3.12/site-packages/airflow/example_dags/example_short_circuit_operator.py for tasks to queue
[2025-04-22T01:18:23.929+0000] {logging_mixin.py:190} INFO - [2025-04-22T01:18:23.929+0000] {dagbag.py:588} INFO - Filling up the DagBag from /home/airflow/.local/lib/python3.12/site-packages/airflow/example_dags/example_short_circuit_operator.py
[2025-04-22T01:18:23.944+0000] {processor.py:925} INFO - DAG(s) 'example_short_circuit_operator' retrieved from /home/airflow/.local/lib/python3.12/site-packages/airflow/example_dags/example_short_circuit_operator.py
[2025-04-22T01:18:23.976+0000] {logging_mixin.py:190} INFO - [2025-04-22T01:18:23.976+0000] {dag.py:3239} INFO - Sync 1 DAGs
[2025-04-22T01:18:23.994+0000] {logging_mixin.py:190} INFO - [2025-04-22T01:18:23.994+0000] {dag.py:4180} INFO - Setting next_dagrun for example_short_circuit_operator to None, run_after=None
[2025-04-22T01:18:24.024+0000] {processor.py:208} INFO - Processing /home/airflow/.local/lib/python3.12/site-packages/airflow/example_dags/example_short_circuit_operator.py took 0.108 seconds
