[2025-04-22T01:11:11.299+0000] {processor.py:186} INFO - Started process (PID=86) to work on /home/airflow/.local/lib/python3.12/site-packages/airflow/example_dags/example_python_decorator.py
[2025-04-22T01:11:11.300+0000] {processor.py:914} INFO - Processing file /home/airflow/.local/lib/python3.12/site-packages/airflow/example_dags/example_python_decorator.py for tasks to queue
[2025-04-22T01:11:11.305+0000] {logging_mixin.py:190} INFO - [2025-04-22T01:11:11.304+0000] {dagbag.py:588} INFO - Filling up the DagBag from /home/airflow/.local/lib/python3.12/site-packages/airflow/example_dags/example_python_decorator.py
[2025-04-22T01:11:11.326+0000] {processor.py:925} INFO - DAG(s) 'example_python_decorator' retrieved from /home/airflow/.local/lib/python3.12/site-packages/airflow/example_dags/example_python_decorator.py
[2025-04-22T01:11:11.472+0000] {logging_mixin.py:190} INFO - [2025-04-22T01:11:11.472+0000] {override.py:1912} INFO - Created Permission View: can delete on DAG:example_python_decorator
[2025-04-22T01:11:11.485+0000] {logging_mixin.py:190} INFO - [2025-04-22T01:11:11.484+0000] {override.py:1912} INFO - Created Permission View: can read on DAG:example_python_decorator
[2025-04-22T01:11:11.493+0000] {logging_mixin.py:190} INFO - [2025-04-22T01:11:11.492+0000] {override.py:1912} INFO - Created Permission View: can edit on DAG:example_python_decorator
[2025-04-22T01:11:11.506+0000] {logging_mixin.py:190} INFO - [2025-04-22T01:11:11.505+0000] {override.py:1912} INFO - Created Permission View: menu access on DAG Run:example_python_decorator
[2025-04-22T01:11:11.515+0000] {logging_mixin.py:190} INFO - [2025-04-22T01:11:11.514+0000] {override.py:1912} INFO - Created Permission View: can delete on DAG Run:example_python_decorator
[2025-04-22T01:11:11.523+0000] {logging_mixin.py:190} INFO - [2025-04-22T01:11:11.523+0000] {override.py:1912} INFO - Created Permission View: can read on DAG Run:example_python_decorator
[2025-04-22T01:11:11.532+0000] {logging_mixin.py:190} INFO - [2025-04-22T01:11:11.532+0000] {override.py:1912} INFO - Created Permission View: can create on DAG Run:example_python_decorator
[2025-04-22T01:11:11.533+0000] {logging_mixin.py:190} INFO - [2025-04-22T01:11:11.533+0000] {dag.py:3239} INFO - Sync 1 DAGs
[2025-04-22T01:11:11.548+0000] {logging_mixin.py:190} INFO - [2025-04-22T01:11:11.547+0000] {dag.py:3262} INFO - Creating ORM DAG for example_python_decorator
[2025-04-22T01:11:11.549+0000] {logging_mixin.py:190} INFO - [2025-04-22T01:11:11.548+0000] {dag.py:4180} INFO - Setting next_dagrun for example_python_decorator to None, run_after=None
[2025-04-22T01:11:11.572+0000] {processor.py:208} INFO - Processing /home/airflow/.local/lib/python3.12/site-packages/airflow/example_dags/example_python_decorator.py took 0.283 seconds
[2025-04-22T01:11:41.773+0000] {processor.py:186} INFO - Started process (PID=149) to work on /home/airflow/.local/lib/python3.12/site-packages/airflow/example_dags/example_python_decorator.py
[2025-04-22T01:11:41.774+0000] {processor.py:914} INFO - Processing file /home/airflow/.local/lib/python3.12/site-packages/airflow/example_dags/example_python_decorator.py for tasks to queue
[2025-04-22T01:11:41.776+0000] {logging_mixin.py:190} INFO - [2025-04-22T01:11:41.776+0000] {dagbag.py:588} INFO - Filling up the DagBag from /home/airflow/.local/lib/python3.12/site-packages/airflow/example_dags/example_python_decorator.py
[2025-04-22T01:11:41.790+0000] {processor.py:925} INFO - DAG(s) 'example_python_decorator' retrieved from /home/airflow/.local/lib/python3.12/site-packages/airflow/example_dags/example_python_decorator.py
[2025-04-22T01:11:41.811+0000] {logging_mixin.py:190} INFO - [2025-04-22T01:11:41.811+0000] {dag.py:3239} INFO - Sync 1 DAGs
[2025-04-22T01:11:41.824+0000] {logging_mixin.py:190} INFO - [2025-04-22T01:11:41.824+0000] {dag.py:4180} INFO - Setting next_dagrun for example_python_decorator to None, run_after=None
[2025-04-22T01:11:41.840+0000] {processor.py:208} INFO - Processing /home/airflow/.local/lib/python3.12/site-packages/airflow/example_dags/example_python_decorator.py took 0.072 seconds
[2025-04-22T01:12:11.899+0000] {processor.py:186} INFO - Started process (PID=212) to work on /home/airflow/.local/lib/python3.12/site-packages/airflow/example_dags/example_python_decorator.py
[2025-04-22T01:12:11.900+0000] {processor.py:914} INFO - Processing file /home/airflow/.local/lib/python3.12/site-packages/airflow/example_dags/example_python_decorator.py for tasks to queue
[2025-04-22T01:12:11.902+0000] {logging_mixin.py:190} INFO - [2025-04-22T01:12:11.901+0000] {dagbag.py:588} INFO - Filling up the DagBag from /home/airflow/.local/lib/python3.12/site-packages/airflow/example_dags/example_python_decorator.py
[2025-04-22T01:12:11.916+0000] {processor.py:925} INFO - DAG(s) 'example_python_decorator' retrieved from /home/airflow/.local/lib/python3.12/site-packages/airflow/example_dags/example_python_decorator.py
[2025-04-22T01:12:11.935+0000] {logging_mixin.py:190} INFO - [2025-04-22T01:12:11.935+0000] {dag.py:3239} INFO - Sync 1 DAGs
[2025-04-22T01:12:11.949+0000] {logging_mixin.py:190} INFO - [2025-04-22T01:12:11.949+0000] {dag.py:4180} INFO - Setting next_dagrun for example_python_decorator to None, run_after=None
[2025-04-22T01:12:11.965+0000] {processor.py:208} INFO - Processing /home/airflow/.local/lib/python3.12/site-packages/airflow/example_dags/example_python_decorator.py took 0.071 seconds
[2025-04-22T01:12:42.157+0000] {processor.py:186} INFO - Started process (PID=274) to work on /home/airflow/.local/lib/python3.12/site-packages/airflow/example_dags/example_python_decorator.py
[2025-04-22T01:12:42.158+0000] {processor.py:914} INFO - Processing file /home/airflow/.local/lib/python3.12/site-packages/airflow/example_dags/example_python_decorator.py for tasks to queue
[2025-04-22T01:12:42.160+0000] {logging_mixin.py:190} INFO - [2025-04-22T01:12:42.160+0000] {dagbag.py:588} INFO - Filling up the DagBag from /home/airflow/.local/lib/python3.12/site-packages/airflow/example_dags/example_python_decorator.py
[2025-04-22T01:12:42.173+0000] {processor.py:925} INFO - DAG(s) 'example_python_decorator' retrieved from /home/airflow/.local/lib/python3.12/site-packages/airflow/example_dags/example_python_decorator.py
[2025-04-22T01:12:42.191+0000] {logging_mixin.py:190} INFO - [2025-04-22T01:12:42.191+0000] {dag.py:3239} INFO - Sync 1 DAGs
[2025-04-22T01:12:42.203+0000] {logging_mixin.py:190} INFO - [2025-04-22T01:12:42.203+0000] {dag.py:4180} INFO - Setting next_dagrun for example_python_decorator to None, run_after=None
[2025-04-22T01:12:42.218+0000] {processor.py:208} INFO - Processing /home/airflow/.local/lib/python3.12/site-packages/airflow/example_dags/example_python_decorator.py took 0.067 seconds
[2025-04-22T01:13:12.606+0000] {processor.py:186} INFO - Started process (PID=337) to work on /home/airflow/.local/lib/python3.12/site-packages/airflow/example_dags/example_python_decorator.py
[2025-04-22T01:13:12.607+0000] {processor.py:914} INFO - Processing file /home/airflow/.local/lib/python3.12/site-packages/airflow/example_dags/example_python_decorator.py for tasks to queue
[2025-04-22T01:13:12.609+0000] {logging_mixin.py:190} INFO - [2025-04-22T01:13:12.608+0000] {dagbag.py:588} INFO - Filling up the DagBag from /home/airflow/.local/lib/python3.12/site-packages/airflow/example_dags/example_python_decorator.py
[2025-04-22T01:13:12.621+0000] {processor.py:925} INFO - DAG(s) 'example_python_decorator' retrieved from /home/airflow/.local/lib/python3.12/site-packages/airflow/example_dags/example_python_decorator.py
[2025-04-22T01:13:12.640+0000] {logging_mixin.py:190} INFO - [2025-04-22T01:13:12.640+0000] {dag.py:3239} INFO - Sync 1 DAGs
[2025-04-22T01:13:12.654+0000] {logging_mixin.py:190} INFO - [2025-04-22T01:13:12.654+0000] {dag.py:4180} INFO - Setting next_dagrun for example_python_decorator to None, run_after=None
[2025-04-22T01:13:12.672+0000] {processor.py:208} INFO - Processing /home/airflow/.local/lib/python3.12/site-packages/airflow/example_dags/example_python_decorator.py took 0.071 seconds
[2025-04-22T01:13:44.097+0000] {processor.py:186} INFO - Started process (PID=400) to work on /home/airflow/.local/lib/python3.12/site-packages/airflow/example_dags/example_python_decorator.py
[2025-04-22T01:13:44.098+0000] {processor.py:914} INFO - Processing file /home/airflow/.local/lib/python3.12/site-packages/airflow/example_dags/example_python_decorator.py for tasks to queue
[2025-04-22T01:13:44.100+0000] {logging_mixin.py:190} INFO - [2025-04-22T01:13:44.100+0000] {dagbag.py:588} INFO - Filling up the DagBag from /home/airflow/.local/lib/python3.12/site-packages/airflow/example_dags/example_python_decorator.py
[2025-04-22T01:13:44.112+0000] {processor.py:925} INFO - DAG(s) 'example_python_decorator' retrieved from /home/airflow/.local/lib/python3.12/site-packages/airflow/example_dags/example_python_decorator.py
[2025-04-22T01:13:44.131+0000] {logging_mixin.py:190} INFO - [2025-04-22T01:13:44.131+0000] {dag.py:3239} INFO - Sync 1 DAGs
[2025-04-22T01:13:44.145+0000] {logging_mixin.py:190} INFO - [2025-04-22T01:13:44.144+0000] {dag.py:4180} INFO - Setting next_dagrun for example_python_decorator to None, run_after=None
[2025-04-22T01:13:44.162+0000] {processor.py:208} INFO - Processing /home/airflow/.local/lib/python3.12/site-packages/airflow/example_dags/example_python_decorator.py took 0.070 seconds
[2025-04-22T01:14:15.419+0000] {processor.py:186} INFO - Started process (PID=463) to work on /home/airflow/.local/lib/python3.12/site-packages/airflow/example_dags/example_python_decorator.py
[2025-04-22T01:14:15.420+0000] {processor.py:914} INFO - Processing file /home/airflow/.local/lib/python3.12/site-packages/airflow/example_dags/example_python_decorator.py for tasks to queue
[2025-04-22T01:14:15.422+0000] {logging_mixin.py:190} INFO - [2025-04-22T01:14:15.422+0000] {dagbag.py:588} INFO - Filling up the DagBag from /home/airflow/.local/lib/python3.12/site-packages/airflow/example_dags/example_python_decorator.py
[2025-04-22T01:14:15.435+0000] {processor.py:925} INFO - DAG(s) 'example_python_decorator' retrieved from /home/airflow/.local/lib/python3.12/site-packages/airflow/example_dags/example_python_decorator.py
[2025-04-22T01:14:15.454+0000] {logging_mixin.py:190} INFO - [2025-04-22T01:14:15.454+0000] {dag.py:3239} INFO - Sync 1 DAGs
[2025-04-22T01:14:15.470+0000] {logging_mixin.py:190} INFO - [2025-04-22T01:14:15.470+0000] {dag.py:4180} INFO - Setting next_dagrun for example_python_decorator to None, run_after=None
[2025-04-22T01:14:15.486+0000] {processor.py:208} INFO - Processing /home/airflow/.local/lib/python3.12/site-packages/airflow/example_dags/example_python_decorator.py took 0.072 seconds
[2025-04-22T01:14:47.517+0000] {processor.py:186} INFO - Started process (PID=527) to work on /home/airflow/.local/lib/python3.12/site-packages/airflow/example_dags/example_python_decorator.py
[2025-04-22T01:14:47.517+0000] {processor.py:914} INFO - Processing file /home/airflow/.local/lib/python3.12/site-packages/airflow/example_dags/example_python_decorator.py for tasks to queue
[2025-04-22T01:14:47.519+0000] {logging_mixin.py:190} INFO - [2025-04-22T01:14:47.519+0000] {dagbag.py:588} INFO - Filling up the DagBag from /home/airflow/.local/lib/python3.12/site-packages/airflow/example_dags/example_python_decorator.py
[2025-04-22T01:14:47.532+0000] {processor.py:925} INFO - DAG(s) 'example_python_decorator' retrieved from /home/airflow/.local/lib/python3.12/site-packages/airflow/example_dags/example_python_decorator.py
[2025-04-22T01:14:47.552+0000] {logging_mixin.py:190} INFO - [2025-04-22T01:14:47.552+0000] {dag.py:3239} INFO - Sync 1 DAGs
[2025-04-22T01:14:47.567+0000] {logging_mixin.py:190} INFO - [2025-04-22T01:14:47.566+0000] {dag.py:4180} INFO - Setting next_dagrun for example_python_decorator to None, run_after=None
[2025-04-22T01:14:47.586+0000] {processor.py:208} INFO - Processing /home/airflow/.local/lib/python3.12/site-packages/airflow/example_dags/example_python_decorator.py took 0.074 seconds
[2025-04-22T01:15:18.090+0000] {processor.py:186} INFO - Started process (PID=589) to work on /home/airflow/.local/lib/python3.12/site-packages/airflow/example_dags/example_python_decorator.py
[2025-04-22T01:15:18.091+0000] {processor.py:914} INFO - Processing file /home/airflow/.local/lib/python3.12/site-packages/airflow/example_dags/example_python_decorator.py for tasks to queue
[2025-04-22T01:15:18.093+0000] {logging_mixin.py:190} INFO - [2025-04-22T01:15:18.092+0000] {dagbag.py:588} INFO - Filling up the DagBag from /home/airflow/.local/lib/python3.12/site-packages/airflow/example_dags/example_python_decorator.py
[2025-04-22T01:15:18.105+0000] {processor.py:925} INFO - DAG(s) 'example_python_decorator' retrieved from /home/airflow/.local/lib/python3.12/site-packages/airflow/example_dags/example_python_decorator.py
[2025-04-22T01:15:18.124+0000] {logging_mixin.py:190} INFO - [2025-04-22T01:15:18.124+0000] {dag.py:3239} INFO - Sync 1 DAGs
[2025-04-22T01:15:18.138+0000] {logging_mixin.py:190} INFO - [2025-04-22T01:15:18.137+0000] {dag.py:4180} INFO - Setting next_dagrun for example_python_decorator to None, run_after=None
[2025-04-22T01:15:18.155+0000] {processor.py:208} INFO - Processing /home/airflow/.local/lib/python3.12/site-packages/airflow/example_dags/example_python_decorator.py took 0.070 seconds
[2025-04-22T01:15:50.056+0000] {processor.py:186} INFO - Started process (PID=653) to work on /home/airflow/.local/lib/python3.12/site-packages/airflow/example_dags/example_python_decorator.py
[2025-04-22T01:15:50.056+0000] {processor.py:914} INFO - Processing file /home/airflow/.local/lib/python3.12/site-packages/airflow/example_dags/example_python_decorator.py for tasks to queue
[2025-04-22T01:15:50.058+0000] {logging_mixin.py:190} INFO - [2025-04-22T01:15:50.058+0000] {dagbag.py:588} INFO - Filling up the DagBag from /home/airflow/.local/lib/python3.12/site-packages/airflow/example_dags/example_python_decorator.py
[2025-04-22T01:15:50.072+0000] {processor.py:925} INFO - DAG(s) 'example_python_decorator' retrieved from /home/airflow/.local/lib/python3.12/site-packages/airflow/example_dags/example_python_decorator.py
[2025-04-22T01:15:50.092+0000] {logging_mixin.py:190} INFO - [2025-04-22T01:15:50.092+0000] {dag.py:3239} INFO - Sync 1 DAGs
[2025-04-22T01:15:50.105+0000] {logging_mixin.py:190} INFO - [2025-04-22T01:15:50.105+0000] {dag.py:4180} INFO - Setting next_dagrun for example_python_decorator to None, run_after=None
[2025-04-22T01:15:50.123+0000] {processor.py:208} INFO - Processing /home/airflow/.local/lib/python3.12/site-packages/airflow/example_dags/example_python_decorator.py took 0.073 seconds
[2025-04-22T01:16:20.507+0000] {processor.py:186} INFO - Started process (PID=715) to work on /home/airflow/.local/lib/python3.12/site-packages/airflow/example_dags/example_python_decorator.py
[2025-04-22T01:16:20.508+0000] {processor.py:914} INFO - Processing file /home/airflow/.local/lib/python3.12/site-packages/airflow/example_dags/example_python_decorator.py for tasks to queue
[2025-04-22T01:16:20.510+0000] {logging_mixin.py:190} INFO - [2025-04-22T01:16:20.509+0000] {dagbag.py:588} INFO - Filling up the DagBag from /home/airflow/.local/lib/python3.12/site-packages/airflow/example_dags/example_python_decorator.py
[2025-04-22T01:16:20.526+0000] {processor.py:925} INFO - DAG(s) 'example_python_decorator' retrieved from /home/airflow/.local/lib/python3.12/site-packages/airflow/example_dags/example_python_decorator.py
[2025-04-22T01:16:20.547+0000] {logging_mixin.py:190} INFO - [2025-04-22T01:16:20.547+0000] {dag.py:3239} INFO - Sync 1 DAGs
[2025-04-22T01:16:20.562+0000] {logging_mixin.py:190} INFO - [2025-04-22T01:16:20.561+0000] {dag.py:4180} INFO - Setting next_dagrun for example_python_decorator to None, run_after=None
[2025-04-22T01:16:20.578+0000] {processor.py:208} INFO - Processing /home/airflow/.local/lib/python3.12/site-packages/airflow/example_dags/example_python_decorator.py took 0.076 seconds
[2025-04-22T01:16:52.305+0000] {processor.py:186} INFO - Started process (PID=779) to work on /home/airflow/.local/lib/python3.12/site-packages/airflow/example_dags/example_python_decorator.py
[2025-04-22T01:16:52.305+0000] {processor.py:914} INFO - Processing file /home/airflow/.local/lib/python3.12/site-packages/airflow/example_dags/example_python_decorator.py for tasks to queue
[2025-04-22T01:16:52.307+0000] {logging_mixin.py:190} INFO - [2025-04-22T01:16:52.307+0000] {dagbag.py:588} INFO - Filling up the DagBag from /home/airflow/.local/lib/python3.12/site-packages/airflow/example_dags/example_python_decorator.py
[2025-04-22T01:16:52.320+0000] {processor.py:925} INFO - DAG(s) 'example_python_decorator' retrieved from /home/airflow/.local/lib/python3.12/site-packages/airflow/example_dags/example_python_decorator.py
[2025-04-22T01:16:52.341+0000] {logging_mixin.py:190} INFO - [2025-04-22T01:16:52.340+0000] {dag.py:3239} INFO - Sync 1 DAGs
[2025-04-22T01:16:52.355+0000] {logging_mixin.py:190} INFO - [2025-04-22T01:16:52.355+0000] {dag.py:4180} INFO - Setting next_dagrun for example_python_decorator to None, run_after=None
[2025-04-22T01:16:52.370+0000] {processor.py:208} INFO - Processing /home/airflow/.local/lib/python3.12/site-packages/airflow/example_dags/example_python_decorator.py took 0.071 seconds
[2025-04-22T01:17:24.067+0000] {processor.py:186} INFO - Started process (PID=842) to work on /home/airflow/.local/lib/python3.12/site-packages/airflow/example_dags/example_python_decorator.py
[2025-04-22T01:17:24.068+0000] {processor.py:914} INFO - Processing file /home/airflow/.local/lib/python3.12/site-packages/airflow/example_dags/example_python_decorator.py for tasks to queue
[2025-04-22T01:17:24.070+0000] {logging_mixin.py:190} INFO - [2025-04-22T01:17:24.069+0000] {dagbag.py:588} INFO - Filling up the DagBag from /home/airflow/.local/lib/python3.12/site-packages/airflow/example_dags/example_python_decorator.py
[2025-04-22T01:17:24.082+0000] {processor.py:925} INFO - DAG(s) 'example_python_decorator' retrieved from /home/airflow/.local/lib/python3.12/site-packages/airflow/example_dags/example_python_decorator.py
[2025-04-22T01:17:24.105+0000] {logging_mixin.py:190} INFO - [2025-04-22T01:17:24.105+0000] {dag.py:3239} INFO - Sync 1 DAGs
[2025-04-22T01:17:24.119+0000] {logging_mixin.py:190} INFO - [2025-04-22T01:17:24.119+0000] {dag.py:4180} INFO - Setting next_dagrun for example_python_decorator to None, run_after=None
[2025-04-22T01:17:24.135+0000] {processor.py:208} INFO - Processing /home/airflow/.local/lib/python3.12/site-packages/airflow/example_dags/example_python_decorator.py took 0.073 seconds
[2025-04-22T01:17:55.154+0000] {processor.py:186} INFO - Started process (PID=905) to work on /home/airflow/.local/lib/python3.12/site-packages/airflow/example_dags/example_python_decorator.py
[2025-04-22T01:17:55.155+0000] {processor.py:914} INFO - Processing file /home/airflow/.local/lib/python3.12/site-packages/airflow/example_dags/example_python_decorator.py for tasks to queue
[2025-04-22T01:17:55.157+0000] {logging_mixin.py:190} INFO - [2025-04-22T01:17:55.157+0000] {dagbag.py:588} INFO - Filling up the DagBag from /home/airflow/.local/lib/python3.12/site-packages/airflow/example_dags/example_python_decorator.py
[2025-04-22T01:17:55.171+0000] {processor.py:925} INFO - DAG(s) 'example_python_decorator' retrieved from /home/airflow/.local/lib/python3.12/site-packages/airflow/example_dags/example_python_decorator.py
[2025-04-22T01:17:55.196+0000] {logging_mixin.py:190} INFO - [2025-04-22T01:17:55.196+0000] {dag.py:3239} INFO - Sync 1 DAGs
[2025-04-22T01:17:55.209+0000] {logging_mixin.py:190} INFO - [2025-04-22T01:17:55.209+0000] {dag.py:4180} INFO - Setting next_dagrun for example_python_decorator to None, run_after=None
[2025-04-22T01:17:55.227+0000] {processor.py:208} INFO - Processing /home/airflow/.local/lib/python3.12/site-packages/airflow/example_dags/example_python_decorator.py took 0.077 seconds
[2025-04-22T01:18:26.476+0000] {processor.py:186} INFO - Started process (PID=968) to work on /home/airflow/.local/lib/python3.12/site-packages/airflow/example_dags/example_python_decorator.py
[2025-04-22T01:18:26.477+0000] {processor.py:914} INFO - Processing file /home/airflow/.local/lib/python3.12/site-packages/airflow/example_dags/example_python_decorator.py for tasks to queue
[2025-04-22T01:18:26.479+0000] {logging_mixin.py:190} INFO - [2025-04-22T01:18:26.478+0000] {dagbag.py:588} INFO - Filling up the DagBag from /home/airflow/.local/lib/python3.12/site-packages/airflow/example_dags/example_python_decorator.py
[2025-04-22T01:18:26.493+0000] {processor.py:925} INFO - DAG(s) 'example_python_decorator' retrieved from /home/airflow/.local/lib/python3.12/site-packages/airflow/example_dags/example_python_decorator.py
[2025-04-22T01:18:26.514+0000] {logging_mixin.py:190} INFO - [2025-04-22T01:18:26.514+0000] {dag.py:3239} INFO - Sync 1 DAGs
[2025-04-22T01:18:26.528+0000] {logging_mixin.py:190} INFO - [2025-04-22T01:18:26.528+0000] {dag.py:4180} INFO - Setting next_dagrun for example_python_decorator to None, run_after=None
[2025-04-22T01:18:26.546+0000] {processor.py:208} INFO - Processing /home/airflow/.local/lib/python3.12/site-packages/airflow/example_dags/example_python_decorator.py took 0.076 seconds
