[2025-04-22T01:11:12.968+0000] {processor.py:186} INFO - Started process (PID=97) to work on /home/airflow/.local/lib/python3.12/site-packages/airflow/example_dags/example_dag_decorator.py
[2025-04-22T01:11:12.969+0000] {processor.py:914} INFO - Processing file /home/airflow/.local/lib/python3.12/site-packages/airflow/example_dags/example_dag_decorator.py for tasks to queue
[2025-04-22T01:11:12.973+0000] {logging_mixin.py:190} INFO - [2025-04-22T01:11:12.973+0000] {dagbag.py:588} INFO - Filling up the DagBag from /home/airflow/.local/lib/python3.12/site-packages/airflow/example_dags/example_dag_decorator.py
[2025-04-22T01:11:13.375+0000] {processor.py:925} INFO - DAG(s) 'example_dag_decorator' retrieved from /home/airflow/.local/lib/python3.12/site-packages/airflow/example_dags/example_dag_decorator.py
[2025-04-22T01:11:13.485+0000] {logging_mixin.py:190} INFO - [2025-04-22T01:11:13.484+0000] {override.py:1912} INFO - Created Permission View: can delete on DAG:example_dag_decorator
[2025-04-22T01:11:13.496+0000] {logging_mixin.py:190} INFO - [2025-04-22T01:11:13.495+0000] {override.py:1912} INFO - Created Permission View: can read on DAG:example_dag_decorator
[2025-04-22T01:11:13.503+0000] {logging_mixin.py:190} INFO - [2025-04-22T01:11:13.502+0000] {override.py:1912} INFO - Created Permission View: can edit on DAG:example_dag_decorator
[2025-04-22T01:11:13.511+0000] {logging_mixin.py:190} INFO - [2025-04-22T01:11:13.511+0000] {override.py:1912} INFO - Created Permission View: menu access on DAG Run:example_dag_decorator
[2025-04-22T01:11:13.521+0000] {logging_mixin.py:190} INFO - [2025-04-22T01:11:13.520+0000] {override.py:1912} INFO - Created Permission View: can delete on DAG Run:example_dag_decorator
[2025-04-22T01:11:13.528+0000] {logging_mixin.py:190} INFO - [2025-04-22T01:11:13.527+0000] {override.py:1912} INFO - Created Permission View: can read on DAG Run:example_dag_decorator
[2025-04-22T01:11:13.534+0000] {logging_mixin.py:190} INFO - [2025-04-22T01:11:13.534+0000] {override.py:1912} INFO - Created Permission View: can create on DAG Run:example_dag_decorator
[2025-04-22T01:11:13.535+0000] {logging_mixin.py:190} INFO - [2025-04-22T01:11:13.535+0000] {dag.py:3239} INFO - Sync 1 DAGs
[2025-04-22T01:11:13.548+0000] {logging_mixin.py:190} INFO - [2025-04-22T01:11:13.548+0000] {dag.py:3262} INFO - Creating ORM DAG for example_dag_decorator
[2025-04-22T01:11:13.549+0000] {logging_mixin.py:190} INFO - [2025-04-22T01:11:13.549+0000] {dag.py:4180} INFO - Setting next_dagrun for example_dag_decorator to None, run_after=None
[2025-04-22T01:11:13.563+0000] {processor.py:208} INFO - Processing /home/airflow/.local/lib/python3.12/site-packages/airflow/example_dags/example_dag_decorator.py took 0.601 seconds
[2025-04-22T01:11:44.425+0000] {processor.py:186} INFO - Started process (PID=161) to work on /home/airflow/.local/lib/python3.12/site-packages/airflow/example_dags/example_dag_decorator.py
[2025-04-22T01:11:44.426+0000] {processor.py:914} INFO - Processing file /home/airflow/.local/lib/python3.12/site-packages/airflow/example_dags/example_dag_decorator.py for tasks to queue
[2025-04-22T01:11:44.428+0000] {logging_mixin.py:190} INFO - [2025-04-22T01:11:44.427+0000] {dagbag.py:588} INFO - Filling up the DagBag from /home/airflow/.local/lib/python3.12/site-packages/airflow/example_dags/example_dag_decorator.py
[2025-04-22T01:11:44.515+0000] {processor.py:925} INFO - DAG(s) 'example_dag_decorator' retrieved from /home/airflow/.local/lib/python3.12/site-packages/airflow/example_dags/example_dag_decorator.py
[2025-04-22T01:11:44.536+0000] {logging_mixin.py:190} INFO - [2025-04-22T01:11:44.535+0000] {dag.py:3239} INFO - Sync 1 DAGs
[2025-04-22T01:11:44.549+0000] {logging_mixin.py:190} INFO - [2025-04-22T01:11:44.549+0000] {dag.py:4180} INFO - Setting next_dagrun for example_dag_decorator to None, run_after=None
[2025-04-22T01:11:44.565+0000] {processor.py:208} INFO - Processing /home/airflow/.local/lib/python3.12/site-packages/airflow/example_dags/example_dag_decorator.py took 0.145 seconds
[2025-04-22T01:12:14.657+0000] {processor.py:186} INFO - Started process (PID=224) to work on /home/airflow/.local/lib/python3.12/site-packages/airflow/example_dags/example_dag_decorator.py
[2025-04-22T01:12:14.658+0000] {processor.py:914} INFO - Processing file /home/airflow/.local/lib/python3.12/site-packages/airflow/example_dags/example_dag_decorator.py for tasks to queue
[2025-04-22T01:12:14.661+0000] {logging_mixin.py:190} INFO - [2025-04-22T01:12:14.661+0000] {dagbag.py:588} INFO - Filling up the DagBag from /home/airflow/.local/lib/python3.12/site-packages/airflow/example_dags/example_dag_decorator.py
[2025-04-22T01:12:14.751+0000] {processor.py:925} INFO - DAG(s) 'example_dag_decorator' retrieved from /home/airflow/.local/lib/python3.12/site-packages/airflow/example_dags/example_dag_decorator.py
[2025-04-22T01:12:14.849+0000] {logging_mixin.py:190} INFO - [2025-04-22T01:12:14.848+0000] {dag.py:3239} INFO - Sync 1 DAGs
[2025-04-22T01:12:14.861+0000] {logging_mixin.py:190} INFO - [2025-04-22T01:12:14.860+0000] {dag.py:4180} INFO - Setting next_dagrun for example_dag_decorator to None, run_after=None
[2025-04-22T01:12:14.877+0000] {processor.py:208} INFO - Processing /home/airflow/.local/lib/python3.12/site-packages/airflow/example_dags/example_dag_decorator.py took 0.226 seconds
[2025-04-22T01:12:45.065+0000] {processor.py:186} INFO - Started process (PID=287) to work on /home/airflow/.local/lib/python3.12/site-packages/airflow/example_dags/example_dag_decorator.py
[2025-04-22T01:12:45.066+0000] {processor.py:914} INFO - Processing file /home/airflow/.local/lib/python3.12/site-packages/airflow/example_dags/example_dag_decorator.py for tasks to queue
[2025-04-22T01:12:45.068+0000] {logging_mixin.py:190} INFO - [2025-04-22T01:12:45.068+0000] {dagbag.py:588} INFO - Filling up the DagBag from /home/airflow/.local/lib/python3.12/site-packages/airflow/example_dags/example_dag_decorator.py
[2025-04-22T01:12:45.157+0000] {processor.py:925} INFO - DAG(s) 'example_dag_decorator' retrieved from /home/airflow/.local/lib/python3.12/site-packages/airflow/example_dags/example_dag_decorator.py
[2025-04-22T01:12:45.177+0000] {logging_mixin.py:190} INFO - [2025-04-22T01:12:45.177+0000] {dag.py:3239} INFO - Sync 1 DAGs
[2025-04-22T01:12:45.189+0000] {logging_mixin.py:190} INFO - [2025-04-22T01:12:45.188+0000] {dag.py:4180} INFO - Setting next_dagrun for example_dag_decorator to None, run_after=None
[2025-04-22T01:12:45.206+0000] {processor.py:208} INFO - Processing /home/airflow/.local/lib/python3.12/site-packages/airflow/example_dags/example_dag_decorator.py took 0.146 seconds
[2025-04-22T01:13:15.555+0000] {processor.py:186} INFO - Started process (PID=350) to work on /home/airflow/.local/lib/python3.12/site-packages/airflow/example_dags/example_dag_decorator.py
[2025-04-22T01:13:15.556+0000] {processor.py:914} INFO - Processing file /home/airflow/.local/lib/python3.12/site-packages/airflow/example_dags/example_dag_decorator.py for tasks to queue
[2025-04-22T01:13:15.559+0000] {logging_mixin.py:190} INFO - [2025-04-22T01:13:15.559+0000] {dagbag.py:588} INFO - Filling up the DagBag from /home/airflow/.local/lib/python3.12/site-packages/airflow/example_dags/example_dag_decorator.py
[2025-04-22T01:13:15.653+0000] {processor.py:925} INFO - DAG(s) 'example_dag_decorator' retrieved from /home/airflow/.local/lib/python3.12/site-packages/airflow/example_dags/example_dag_decorator.py
[2025-04-22T01:13:15.675+0000] {logging_mixin.py:190} INFO - [2025-04-22T01:13:15.675+0000] {dag.py:3239} INFO - Sync 1 DAGs
[2025-04-22T01:13:15.688+0000] {logging_mixin.py:190} INFO - [2025-04-22T01:13:15.687+0000] {dag.py:4180} INFO - Setting next_dagrun for example_dag_decorator to None, run_after=None
[2025-04-22T01:13:15.702+0000] {processor.py:208} INFO - Processing /home/airflow/.local/lib/python3.12/site-packages/airflow/example_dags/example_dag_decorator.py took 0.153 seconds
[2025-04-22T01:13:45.952+0000] {processor.py:186} INFO - Started process (PID=413) to work on /home/airflow/.local/lib/python3.12/site-packages/airflow/example_dags/example_dag_decorator.py
[2025-04-22T01:13:45.953+0000] {processor.py:914} INFO - Processing file /home/airflow/.local/lib/python3.12/site-packages/airflow/example_dags/example_dag_decorator.py for tasks to queue
[2025-04-22T01:13:45.956+0000] {logging_mixin.py:190} INFO - [2025-04-22T01:13:45.955+0000] {dagbag.py:588} INFO - Filling up the DagBag from /home/airflow/.local/lib/python3.12/site-packages/airflow/example_dags/example_dag_decorator.py
[2025-04-22T01:13:46.049+0000] {processor.py:925} INFO - DAG(s) 'example_dag_decorator' retrieved from /home/airflow/.local/lib/python3.12/site-packages/airflow/example_dags/example_dag_decorator.py
[2025-04-22T01:13:46.150+0000] {logging_mixin.py:190} INFO - [2025-04-22T01:13:46.149+0000] {dag.py:3239} INFO - Sync 1 DAGs
[2025-04-22T01:13:46.164+0000] {logging_mixin.py:190} INFO - [2025-04-22T01:13:46.164+0000] {dag.py:4180} INFO - Setting next_dagrun for example_dag_decorator to None, run_after=None
[2025-04-22T01:13:46.186+0000] {processor.py:208} INFO - Processing /home/airflow/.local/lib/python3.12/site-packages/airflow/example_dags/example_dag_decorator.py took 0.239 seconds
[2025-04-22T01:14:16.356+0000] {processor.py:186} INFO - Started process (PID=479) to work on /home/airflow/.local/lib/python3.12/site-packages/airflow/example_dags/example_dag_decorator.py
[2025-04-22T01:14:16.358+0000] {processor.py:914} INFO - Processing file /home/airflow/.local/lib/python3.12/site-packages/airflow/example_dags/example_dag_decorator.py for tasks to queue
[2025-04-22T01:14:16.361+0000] {logging_mixin.py:190} INFO - [2025-04-22T01:14:16.361+0000] {dagbag.py:588} INFO - Filling up the DagBag from /home/airflow/.local/lib/python3.12/site-packages/airflow/example_dags/example_dag_decorator.py
[2025-04-22T01:14:16.459+0000] {processor.py:925} INFO - DAG(s) 'example_dag_decorator' retrieved from /home/airflow/.local/lib/python3.12/site-packages/airflow/example_dags/example_dag_decorator.py
[2025-04-22T01:14:16.555+0000] {logging_mixin.py:190} INFO - [2025-04-22T01:14:16.555+0000] {dag.py:3239} INFO - Sync 1 DAGs
[2025-04-22T01:14:16.567+0000] {logging_mixin.py:190} INFO - [2025-04-22T01:14:16.567+0000] {dag.py:4180} INFO - Setting next_dagrun for example_dag_decorator to None, run_after=None
[2025-04-22T01:14:16.586+0000] {processor.py:208} INFO - Processing /home/airflow/.local/lib/python3.12/site-packages/airflow/example_dags/example_dag_decorator.py took 0.236 seconds
[2025-04-22T01:14:48.457+0000] {processor.py:186} INFO - Started process (PID=538) to work on /home/airflow/.local/lib/python3.12/site-packages/airflow/example_dags/example_dag_decorator.py
[2025-04-22T01:14:48.458+0000] {processor.py:914} INFO - Processing file /home/airflow/.local/lib/python3.12/site-packages/airflow/example_dags/example_dag_decorator.py for tasks to queue
[2025-04-22T01:14:48.461+0000] {logging_mixin.py:190} INFO - [2025-04-22T01:14:48.461+0000] {dagbag.py:588} INFO - Filling up the DagBag from /home/airflow/.local/lib/python3.12/site-packages/airflow/example_dags/example_dag_decorator.py
[2025-04-22T01:14:48.555+0000] {processor.py:925} INFO - DAG(s) 'example_dag_decorator' retrieved from /home/airflow/.local/lib/python3.12/site-packages/airflow/example_dags/example_dag_decorator.py
[2025-04-22T01:14:48.665+0000] {logging_mixin.py:190} INFO - [2025-04-22T01:14:48.665+0000] {dag.py:3239} INFO - Sync 1 DAGs
[2025-04-22T01:14:48.677+0000] {logging_mixin.py:190} INFO - [2025-04-22T01:14:48.677+0000] {dag.py:4180} INFO - Setting next_dagrun for example_dag_decorator to None, run_after=None
[2025-04-22T01:14:48.699+0000] {processor.py:208} INFO - Processing /home/airflow/.local/lib/python3.12/site-packages/airflow/example_dags/example_dag_decorator.py took 0.246 seconds
[2025-04-22T01:15:19.049+0000] {processor.py:186} INFO - Started process (PID=602) to work on /home/airflow/.local/lib/python3.12/site-packages/airflow/example_dags/example_dag_decorator.py
[2025-04-22T01:15:19.050+0000] {processor.py:914} INFO - Processing file /home/airflow/.local/lib/python3.12/site-packages/airflow/example_dags/example_dag_decorator.py for tasks to queue
[2025-04-22T01:15:19.052+0000] {logging_mixin.py:190} INFO - [2025-04-22T01:15:19.052+0000] {dagbag.py:588} INFO - Filling up the DagBag from /home/airflow/.local/lib/python3.12/site-packages/airflow/example_dags/example_dag_decorator.py
[2025-04-22T01:15:19.143+0000] {processor.py:925} INFO - DAG(s) 'example_dag_decorator' retrieved from /home/airflow/.local/lib/python3.12/site-packages/airflow/example_dags/example_dag_decorator.py
[2025-04-22T01:15:19.240+0000] {logging_mixin.py:190} INFO - [2025-04-22T01:15:19.239+0000] {dag.py:3239} INFO - Sync 1 DAGs
[2025-04-22T01:15:19.254+0000] {logging_mixin.py:190} INFO - [2025-04-22T01:15:19.254+0000] {dag.py:4180} INFO - Setting next_dagrun for example_dag_decorator to None, run_after=None
[2025-04-22T01:15:19.271+0000] {processor.py:208} INFO - Processing /home/airflow/.local/lib/python3.12/site-packages/airflow/example_dags/example_dag_decorator.py took 0.227 seconds
[2025-04-22T01:15:50.926+0000] {processor.py:186} INFO - Started process (PID=664) to work on /home/airflow/.local/lib/python3.12/site-packages/airflow/example_dags/example_dag_decorator.py
[2025-04-22T01:15:50.927+0000] {processor.py:914} INFO - Processing file /home/airflow/.local/lib/python3.12/site-packages/airflow/example_dags/example_dag_decorator.py for tasks to queue
[2025-04-22T01:15:50.930+0000] {logging_mixin.py:190} INFO - [2025-04-22T01:15:50.929+0000] {dagbag.py:588} INFO - Filling up the DagBag from /home/airflow/.local/lib/python3.12/site-packages/airflow/example_dags/example_dag_decorator.py
[2025-04-22T01:15:51.022+0000] {processor.py:925} INFO - DAG(s) 'example_dag_decorator' retrieved from /home/airflow/.local/lib/python3.12/site-packages/airflow/example_dags/example_dag_decorator.py
[2025-04-22T01:15:51.119+0000] {logging_mixin.py:190} INFO - [2025-04-22T01:15:51.118+0000] {dag.py:3239} INFO - Sync 1 DAGs
[2025-04-22T01:15:51.129+0000] {logging_mixin.py:190} INFO - [2025-04-22T01:15:51.129+0000] {dag.py:4180} INFO - Setting next_dagrun for example_dag_decorator to None, run_after=None
[2025-04-22T01:15:51.145+0000] {processor.py:208} INFO - Processing /home/airflow/.local/lib/python3.12/site-packages/airflow/example_dags/example_dag_decorator.py took 0.223 seconds
[2025-04-22T01:16:21.395+0000] {processor.py:186} INFO - Started process (PID=727) to work on /home/airflow/.local/lib/python3.12/site-packages/airflow/example_dags/example_dag_decorator.py
[2025-04-22T01:16:21.396+0000] {processor.py:914} INFO - Processing file /home/airflow/.local/lib/python3.12/site-packages/airflow/example_dags/example_dag_decorator.py for tasks to queue
[2025-04-22T01:16:21.398+0000] {logging_mixin.py:190} INFO - [2025-04-22T01:16:21.398+0000] {dagbag.py:588} INFO - Filling up the DagBag from /home/airflow/.local/lib/python3.12/site-packages/airflow/example_dags/example_dag_decorator.py
[2025-04-22T01:16:21.484+0000] {processor.py:925} INFO - DAG(s) 'example_dag_decorator' retrieved from /home/airflow/.local/lib/python3.12/site-packages/airflow/example_dags/example_dag_decorator.py
[2025-04-22T01:16:21.578+0000] {logging_mixin.py:190} INFO - [2025-04-22T01:16:21.577+0000] {dag.py:3239} INFO - Sync 1 DAGs
[2025-04-22T01:16:21.589+0000] {logging_mixin.py:190} INFO - [2025-04-22T01:16:21.589+0000] {dag.py:4180} INFO - Setting next_dagrun for example_dag_decorator to None, run_after=None
[2025-04-22T01:16:21.605+0000] {processor.py:208} INFO - Processing /home/airflow/.local/lib/python3.12/site-packages/airflow/example_dags/example_dag_decorator.py took 0.215 seconds
[2025-04-22T01:16:53.097+0000] {processor.py:186} INFO - Started process (PID=790) to work on /home/airflow/.local/lib/python3.12/site-packages/airflow/example_dags/example_dag_decorator.py
[2025-04-22T01:16:53.098+0000] {processor.py:914} INFO - Processing file /home/airflow/.local/lib/python3.12/site-packages/airflow/example_dags/example_dag_decorator.py for tasks to queue
[2025-04-22T01:16:53.101+0000] {logging_mixin.py:190} INFO - [2025-04-22T01:16:53.100+0000] {dagbag.py:588} INFO - Filling up the DagBag from /home/airflow/.local/lib/python3.12/site-packages/airflow/example_dags/example_dag_decorator.py
[2025-04-22T01:16:53.195+0000] {processor.py:925} INFO - DAG(s) 'example_dag_decorator' retrieved from /home/airflow/.local/lib/python3.12/site-packages/airflow/example_dags/example_dag_decorator.py
[2025-04-22T01:16:53.299+0000] {logging_mixin.py:190} INFO - [2025-04-22T01:16:53.299+0000] {dag.py:3239} INFO - Sync 1 DAGs
[2025-04-22T01:16:53.314+0000] {logging_mixin.py:190} INFO - [2025-04-22T01:16:53.313+0000] {dag.py:4180} INFO - Setting next_dagrun for example_dag_decorator to None, run_after=None
[2025-04-22T01:16:53.336+0000] {processor.py:208} INFO - Processing /home/airflow/.local/lib/python3.12/site-packages/airflow/example_dags/example_dag_decorator.py took 0.244 seconds
[2025-04-22T01:17:24.953+0000] {processor.py:186} INFO - Started process (PID=853) to work on /home/airflow/.local/lib/python3.12/site-packages/airflow/example_dags/example_dag_decorator.py
[2025-04-22T01:17:24.954+0000] {processor.py:914} INFO - Processing file /home/airflow/.local/lib/python3.12/site-packages/airflow/example_dags/example_dag_decorator.py for tasks to queue
[2025-04-22T01:17:24.956+0000] {logging_mixin.py:190} INFO - [2025-04-22T01:17:24.956+0000] {dagbag.py:588} INFO - Filling up the DagBag from /home/airflow/.local/lib/python3.12/site-packages/airflow/example_dags/example_dag_decorator.py
[2025-04-22T01:17:25.043+0000] {processor.py:925} INFO - DAG(s) 'example_dag_decorator' retrieved from /home/airflow/.local/lib/python3.12/site-packages/airflow/example_dags/example_dag_decorator.py
[2025-04-22T01:17:25.138+0000] {logging_mixin.py:190} INFO - [2025-04-22T01:17:25.138+0000] {dag.py:3239} INFO - Sync 1 DAGs
[2025-04-22T01:17:25.149+0000] {logging_mixin.py:190} INFO - [2025-04-22T01:17:25.149+0000] {dag.py:4180} INFO - Setting next_dagrun for example_dag_decorator to None, run_after=None
[2025-04-22T01:17:25.164+0000] {processor.py:208} INFO - Processing /home/airflow/.local/lib/python3.12/site-packages/airflow/example_dags/example_dag_decorator.py took 0.216 seconds
[2025-04-22T01:17:55.986+0000] {processor.py:186} INFO - Started process (PID=916) to work on /home/airflow/.local/lib/python3.12/site-packages/airflow/example_dags/example_dag_decorator.py
[2025-04-22T01:17:55.987+0000] {processor.py:914} INFO - Processing file /home/airflow/.local/lib/python3.12/site-packages/airflow/example_dags/example_dag_decorator.py for tasks to queue
[2025-04-22T01:17:55.990+0000] {logging_mixin.py:190} INFO - [2025-04-22T01:17:55.989+0000] {dagbag.py:588} INFO - Filling up the DagBag from /home/airflow/.local/lib/python3.12/site-packages/airflow/example_dags/example_dag_decorator.py
[2025-04-22T01:17:56.077+0000] {processor.py:925} INFO - DAG(s) 'example_dag_decorator' retrieved from /home/airflow/.local/lib/python3.12/site-packages/airflow/example_dags/example_dag_decorator.py
[2025-04-22T01:17:56.171+0000] {logging_mixin.py:190} INFO - [2025-04-22T01:17:56.171+0000] {dag.py:3239} INFO - Sync 1 DAGs
[2025-04-22T01:17:56.182+0000] {logging_mixin.py:190} INFO - [2025-04-22T01:17:56.182+0000] {dag.py:4180} INFO - Setting next_dagrun for example_dag_decorator to None, run_after=None
[2025-04-22T01:17:56.198+0000] {processor.py:208} INFO - Processing /home/airflow/.local/lib/python3.12/site-packages/airflow/example_dags/example_dag_decorator.py took 0.217 seconds
[2025-04-22T01:18:27.479+0000] {processor.py:186} INFO - Started process (PID=979) to work on /home/airflow/.local/lib/python3.12/site-packages/airflow/example_dags/example_dag_decorator.py
[2025-04-22T01:18:27.480+0000] {processor.py:914} INFO - Processing file /home/airflow/.local/lib/python3.12/site-packages/airflow/example_dags/example_dag_decorator.py for tasks to queue
[2025-04-22T01:18:27.485+0000] {logging_mixin.py:190} INFO - [2025-04-22T01:18:27.484+0000] {dagbag.py:588} INFO - Filling up the DagBag from /home/airflow/.local/lib/python3.12/site-packages/airflow/example_dags/example_dag_decorator.py
[2025-04-22T01:18:27.591+0000] {processor.py:925} INFO - DAG(s) 'example_dag_decorator' retrieved from /home/airflow/.local/lib/python3.12/site-packages/airflow/example_dags/example_dag_decorator.py
[2025-04-22T01:18:27.697+0000] {logging_mixin.py:190} INFO - [2025-04-22T01:18:27.697+0000] {dag.py:3239} INFO - Sync 1 DAGs
[2025-04-22T01:18:27.710+0000] {logging_mixin.py:190} INFO - [2025-04-22T01:18:27.710+0000] {dag.py:4180} INFO - Setting next_dagrun for example_dag_decorator to None, run_after=None
[2025-04-22T01:18:27.730+0000] {processor.py:208} INFO - Processing /home/airflow/.local/lib/python3.12/site-packages/airflow/example_dags/example_dag_decorator.py took 0.257 seconds
