[2025-04-22T01:11:02.565+0000] {processor.py:186} INFO - Started process (PID=48) to work on /home/airflow/.local/lib/python3.12/site-packages/airflow/example_dags/example_branch_operator.py
[2025-04-22T01:11:02.566+0000] {processor.py:914} INFO - Processing file /home/airflow/.local/lib/python3.12/site-packages/airflow/example_dags/example_branch_operator.py for tasks to queue
[2025-04-22T01:11:02.569+0000] {logging_mixin.py:190} INFO - [2025-04-22T01:11:02.568+0000] {dagbag.py:588} INFO - Filling up the DagBag from /home/airflow/.local/lib/python3.12/site-packages/airflow/example_dags/example_branch_operator.py
[2025-04-22T01:11:02.601+0000] {processor.py:925} INFO - DAG(s) 'example_branch_operator' retrieved from /home/airflow/.local/lib/python3.12/site-packages/airflow/example_dags/example_branch_operator.py
[2025-04-22T01:11:02.749+0000] {logging_mixin.py:190} INFO - [2025-04-22T01:11:02.748+0000] {override.py:1912} INFO - Created Permission View: can delete on DAG:example_branch_operator
[2025-04-22T01:11:02.762+0000] {logging_mixin.py:190} INFO - [2025-04-22T01:11:02.761+0000] {override.py:1912} INFO - Created Permission View: can read on DAG:example_branch_operator
[2025-04-22T01:11:02.769+0000] {logging_mixin.py:190} INFO - [2025-04-22T01:11:02.769+0000] {override.py:1912} INFO - Created Permission View: can edit on DAG:example_branch_operator
[2025-04-22T01:11:02.779+0000] {logging_mixin.py:190} INFO - [2025-04-22T01:11:02.778+0000] {override.py:1912} INFO - Created Permission View: menu access on DAG Run:example_branch_operator
[2025-04-22T01:11:02.787+0000] {logging_mixin.py:190} INFO - [2025-04-22T01:11:02.786+0000] {override.py:1912} INFO - Created Permission View: can delete on DAG Run:example_branch_operator
[2025-04-22T01:11:02.794+0000] {logging_mixin.py:190} INFO - [2025-04-22T01:11:02.793+0000] {override.py:1912} INFO - Created Permission View: can read on DAG Run:example_branch_operator
[2025-04-22T01:11:02.801+0000] {logging_mixin.py:190} INFO - [2025-04-22T01:11:02.801+0000] {override.py:1912} INFO - Created Permission View: can create on DAG Run:example_branch_operator
[2025-04-22T01:11:02.802+0000] {logging_mixin.py:190} INFO - [2025-04-22T01:11:02.802+0000] {dag.py:3239} INFO - Sync 1 DAGs
[2025-04-22T01:11:02.824+0000] {logging_mixin.py:190} INFO - [2025-04-22T01:11:02.823+0000] {dag.py:3262} INFO - Creating ORM DAG for example_branch_operator
[2025-04-22T01:11:02.837+0000] {logging_mixin.py:190} INFO - [2025-04-22T01:11:02.836+0000] {dag.py:4180} INFO - Setting next_dagrun for example_branch_operator to 2025-04-21 00:00:00+00:00, run_after=2025-04-22 00:00:00+00:00
[2025-04-22T01:11:02.860+0000] {processor.py:208} INFO - Processing /home/airflow/.local/lib/python3.12/site-packages/airflow/example_dags/example_branch_operator.py took 0.301 seconds
[2025-04-22T01:11:33.253+0000] {processor.py:186} INFO - Started process (PID=111) to work on /home/airflow/.local/lib/python3.12/site-packages/airflow/example_dags/example_branch_operator.py
[2025-04-22T01:11:33.255+0000] {processor.py:914} INFO - Processing file /home/airflow/.local/lib/python3.12/site-packages/airflow/example_dags/example_branch_operator.py for tasks to queue
[2025-04-22T01:11:33.258+0000] {logging_mixin.py:190} INFO - [2025-04-22T01:11:33.257+0000] {dagbag.py:588} INFO - Filling up the DagBag from /home/airflow/.local/lib/python3.12/site-packages/airflow/example_dags/example_branch_operator.py
[2025-04-22T01:11:33.277+0000] {processor.py:925} INFO - DAG(s) 'example_branch_operator' retrieved from /home/airflow/.local/lib/python3.12/site-packages/airflow/example_dags/example_branch_operator.py
[2025-04-22T01:11:33.306+0000] {logging_mixin.py:190} INFO - [2025-04-22T01:11:33.305+0000] {dag.py:3239} INFO - Sync 1 DAGs
[2025-04-22T01:11:33.329+0000] {logging_mixin.py:190} INFO - [2025-04-22T01:11:33.328+0000] {dag.py:4180} INFO - Setting next_dagrun for example_branch_operator to 2025-04-21 00:00:00+00:00, run_after=2025-04-22 00:00:00+00:00
[2025-04-22T01:11:33.344+0000] {processor.py:208} INFO - Processing /home/airflow/.local/lib/python3.12/site-packages/airflow/example_dags/example_branch_operator.py took 0.095 seconds
[2025-04-22T01:12:04.065+0000] {processor.py:186} INFO - Started process (PID=174) to work on /home/airflow/.local/lib/python3.12/site-packages/airflow/example_dags/example_branch_operator.py
[2025-04-22T01:12:04.065+0000] {processor.py:914} INFO - Processing file /home/airflow/.local/lib/python3.12/site-packages/airflow/example_dags/example_branch_operator.py for tasks to queue
[2025-04-22T01:12:04.068+0000] {logging_mixin.py:190} INFO - [2025-04-22T01:12:04.067+0000] {dagbag.py:588} INFO - Filling up the DagBag from /home/airflow/.local/lib/python3.12/site-packages/airflow/example_dags/example_branch_operator.py
[2025-04-22T01:12:04.083+0000] {processor.py:925} INFO - DAG(s) 'example_branch_operator' retrieved from /home/airflow/.local/lib/python3.12/site-packages/airflow/example_dags/example_branch_operator.py
[2025-04-22T01:12:04.116+0000] {logging_mixin.py:190} INFO - [2025-04-22T01:12:04.115+0000] {dag.py:3239} INFO - Sync 1 DAGs
[2025-04-22T01:12:04.146+0000] {logging_mixin.py:190} INFO - [2025-04-22T01:12:04.146+0000] {dag.py:4180} INFO - Setting next_dagrun for example_branch_operator to 2025-04-21 00:00:00+00:00, run_after=2025-04-22 00:00:00+00:00
[2025-04-22T01:12:04.163+0000] {processor.py:208} INFO - Processing /home/airflow/.local/lib/python3.12/site-packages/airflow/example_dags/example_branch_operator.py took 0.104 seconds
[2025-04-22T01:12:34.347+0000] {processor.py:186} INFO - Started process (PID=237) to work on /home/airflow/.local/lib/python3.12/site-packages/airflow/example_dags/example_branch_operator.py
[2025-04-22T01:12:34.348+0000] {processor.py:914} INFO - Processing file /home/airflow/.local/lib/python3.12/site-packages/airflow/example_dags/example_branch_operator.py for tasks to queue
[2025-04-22T01:12:34.350+0000] {logging_mixin.py:190} INFO - [2025-04-22T01:12:34.350+0000] {dagbag.py:588} INFO - Filling up the DagBag from /home/airflow/.local/lib/python3.12/site-packages/airflow/example_dags/example_branch_operator.py
[2025-04-22T01:12:34.366+0000] {processor.py:925} INFO - DAG(s) 'example_branch_operator' retrieved from /home/airflow/.local/lib/python3.12/site-packages/airflow/example_dags/example_branch_operator.py
[2025-04-22T01:12:34.394+0000] {logging_mixin.py:190} INFO - [2025-04-22T01:12:34.394+0000] {dag.py:3239} INFO - Sync 1 DAGs
[2025-04-22T01:12:34.415+0000] {logging_mixin.py:190} INFO - [2025-04-22T01:12:34.415+0000] {dag.py:4180} INFO - Setting next_dagrun for example_branch_operator to 2025-04-21 00:00:00+00:00, run_after=2025-04-22 00:00:00+00:00
[2025-04-22T01:12:34.430+0000] {processor.py:208} INFO - Processing /home/airflow/.local/lib/python3.12/site-packages/airflow/example_dags/example_branch_operator.py took 0.088 seconds
[2025-04-22T01:13:04.696+0000] {processor.py:186} INFO - Started process (PID=300) to work on /home/airflow/.local/lib/python3.12/site-packages/airflow/example_dags/example_branch_operator.py
[2025-04-22T01:13:04.697+0000] {processor.py:914} INFO - Processing file /home/airflow/.local/lib/python3.12/site-packages/airflow/example_dags/example_branch_operator.py for tasks to queue
[2025-04-22T01:13:04.699+0000] {logging_mixin.py:190} INFO - [2025-04-22T01:13:04.699+0000] {dagbag.py:588} INFO - Filling up the DagBag from /home/airflow/.local/lib/python3.12/site-packages/airflow/example_dags/example_branch_operator.py
[2025-04-22T01:13:04.716+0000] {processor.py:925} INFO - DAG(s) 'example_branch_operator' retrieved from /home/airflow/.local/lib/python3.12/site-packages/airflow/example_dags/example_branch_operator.py
[2025-04-22T01:13:04.743+0000] {logging_mixin.py:190} INFO - [2025-04-22T01:13:04.743+0000] {dag.py:3239} INFO - Sync 1 DAGs
[2025-04-22T01:13:04.766+0000] {logging_mixin.py:190} INFO - [2025-04-22T01:13:04.766+0000] {dag.py:4180} INFO - Setting next_dagrun for example_branch_operator to 2025-04-21 00:00:00+00:00, run_after=2025-04-22 00:00:00+00:00
[2025-04-22T01:13:04.781+0000] {processor.py:208} INFO - Processing /home/airflow/.local/lib/python3.12/site-packages/airflow/example_dags/example_branch_operator.py took 0.090 seconds
[2025-04-22T01:13:35.197+0000] {processor.py:186} INFO - Started process (PID=363) to work on /home/airflow/.local/lib/python3.12/site-packages/airflow/example_dags/example_branch_operator.py
[2025-04-22T01:13:35.198+0000] {processor.py:914} INFO - Processing file /home/airflow/.local/lib/python3.12/site-packages/airflow/example_dags/example_branch_operator.py for tasks to queue
[2025-04-22T01:13:35.200+0000] {logging_mixin.py:190} INFO - [2025-04-22T01:13:35.199+0000] {dagbag.py:588} INFO - Filling up the DagBag from /home/airflow/.local/lib/python3.12/site-packages/airflow/example_dags/example_branch_operator.py
[2025-04-22T01:13:35.215+0000] {processor.py:925} INFO - DAG(s) 'example_branch_operator' retrieved from /home/airflow/.local/lib/python3.12/site-packages/airflow/example_dags/example_branch_operator.py
[2025-04-22T01:13:35.241+0000] {logging_mixin.py:190} INFO - [2025-04-22T01:13:35.240+0000] {dag.py:3239} INFO - Sync 1 DAGs
[2025-04-22T01:13:35.263+0000] {logging_mixin.py:190} INFO - [2025-04-22T01:13:35.263+0000] {dag.py:4180} INFO - Setting next_dagrun for example_branch_operator to 2025-04-21 00:00:00+00:00, run_after=2025-04-22 00:00:00+00:00
[2025-04-22T01:13:35.279+0000] {processor.py:208} INFO - Processing /home/airflow/.local/lib/python3.12/site-packages/airflow/example_dags/example_branch_operator.py took 0.087 seconds
[2025-04-22T01:14:05.613+0000] {processor.py:186} INFO - Started process (PID=426) to work on /home/airflow/.local/lib/python3.12/site-packages/airflow/example_dags/example_branch_operator.py
[2025-04-22T01:14:05.614+0000] {processor.py:914} INFO - Processing file /home/airflow/.local/lib/python3.12/site-packages/airflow/example_dags/example_branch_operator.py for tasks to queue
[2025-04-22T01:14:05.615+0000] {logging_mixin.py:190} INFO - [2025-04-22T01:14:05.615+0000] {dagbag.py:588} INFO - Filling up the DagBag from /home/airflow/.local/lib/python3.12/site-packages/airflow/example_dags/example_branch_operator.py
[2025-04-22T01:14:05.630+0000] {processor.py:925} INFO - DAG(s) 'example_branch_operator' retrieved from /home/airflow/.local/lib/python3.12/site-packages/airflow/example_dags/example_branch_operator.py
[2025-04-22T01:14:05.655+0000] {logging_mixin.py:190} INFO - [2025-04-22T01:14:05.655+0000] {dag.py:3239} INFO - Sync 1 DAGs
[2025-04-22T01:14:05.678+0000] {logging_mixin.py:190} INFO - [2025-04-22T01:14:05.678+0000] {dag.py:4180} INFO - Setting next_dagrun for example_branch_operator to 2025-04-21 00:00:00+00:00, run_after=2025-04-22 00:00:00+00:00
[2025-04-22T01:14:05.692+0000] {processor.py:208} INFO - Processing /home/airflow/.local/lib/python3.12/site-packages/airflow/example_dags/example_branch_operator.py took 0.084 seconds
[2025-04-22T01:14:36.053+0000] {processor.py:186} INFO - Started process (PID=489) to work on /home/airflow/.local/lib/python3.12/site-packages/airflow/example_dags/example_branch_operator.py
[2025-04-22T01:14:36.054+0000] {processor.py:914} INFO - Processing file /home/airflow/.local/lib/python3.12/site-packages/airflow/example_dags/example_branch_operator.py for tasks to queue
[2025-04-22T01:14:36.056+0000] {logging_mixin.py:190} INFO - [2025-04-22T01:14:36.055+0000] {dagbag.py:588} INFO - Filling up the DagBag from /home/airflow/.local/lib/python3.12/site-packages/airflow/example_dags/example_branch_operator.py
[2025-04-22T01:14:36.070+0000] {processor.py:925} INFO - DAG(s) 'example_branch_operator' retrieved from /home/airflow/.local/lib/python3.12/site-packages/airflow/example_dags/example_branch_operator.py
[2025-04-22T01:14:36.097+0000] {logging_mixin.py:190} INFO - [2025-04-22T01:14:36.097+0000] {dag.py:3239} INFO - Sync 1 DAGs
[2025-04-22T01:14:36.125+0000] {logging_mixin.py:190} INFO - [2025-04-22T01:14:36.124+0000] {dag.py:4180} INFO - Setting next_dagrun for example_branch_operator to 2025-04-21 00:00:00+00:00, run_after=2025-04-22 00:00:00+00:00
[2025-04-22T01:14:36.144+0000] {processor.py:208} INFO - Processing /home/airflow/.local/lib/python3.12/site-packages/airflow/example_dags/example_branch_operator.py took 0.096 seconds
[2025-04-22T01:15:06.243+0000] {processor.py:186} INFO - Started process (PID=552) to work on /home/airflow/.local/lib/python3.12/site-packages/airflow/example_dags/example_branch_operator.py
[2025-04-22T01:15:06.244+0000] {processor.py:914} INFO - Processing file /home/airflow/.local/lib/python3.12/site-packages/airflow/example_dags/example_branch_operator.py for tasks to queue
[2025-04-22T01:15:06.246+0000] {logging_mixin.py:190} INFO - [2025-04-22T01:15:06.246+0000] {dagbag.py:588} INFO - Filling up the DagBag from /home/airflow/.local/lib/python3.12/site-packages/airflow/example_dags/example_branch_operator.py
[2025-04-22T01:15:06.263+0000] {processor.py:925} INFO - DAG(s) 'example_branch_operator' retrieved from /home/airflow/.local/lib/python3.12/site-packages/airflow/example_dags/example_branch_operator.py
[2025-04-22T01:15:06.290+0000] {logging_mixin.py:190} INFO - [2025-04-22T01:15:06.290+0000] {dag.py:3239} INFO - Sync 1 DAGs
[2025-04-22T01:15:06.313+0000] {logging_mixin.py:190} INFO - [2025-04-22T01:15:06.313+0000] {dag.py:4180} INFO - Setting next_dagrun for example_branch_operator to 2025-04-21 00:00:00+00:00, run_after=2025-04-22 00:00:00+00:00
[2025-04-22T01:15:06.329+0000] {processor.py:208} INFO - Processing /home/airflow/.local/lib/python3.12/site-packages/airflow/example_dags/example_branch_operator.py took 0.092 seconds
[2025-04-22T01:15:36.726+0000] {processor.py:186} INFO - Started process (PID=615) to work on /home/airflow/.local/lib/python3.12/site-packages/airflow/example_dags/example_branch_operator.py
[2025-04-22T01:15:36.727+0000] {processor.py:914} INFO - Processing file /home/airflow/.local/lib/python3.12/site-packages/airflow/example_dags/example_branch_operator.py for tasks to queue
[2025-04-22T01:15:36.730+0000] {logging_mixin.py:190} INFO - [2025-04-22T01:15:36.729+0000] {dagbag.py:588} INFO - Filling up the DagBag from /home/airflow/.local/lib/python3.12/site-packages/airflow/example_dags/example_branch_operator.py
[2025-04-22T01:15:36.751+0000] {processor.py:925} INFO - DAG(s) 'example_branch_operator' retrieved from /home/airflow/.local/lib/python3.12/site-packages/airflow/example_dags/example_branch_operator.py
[2025-04-22T01:15:36.779+0000] {logging_mixin.py:190} INFO - [2025-04-22T01:15:36.778+0000] {dag.py:3239} INFO - Sync 1 DAGs
[2025-04-22T01:15:36.802+0000] {logging_mixin.py:190} INFO - [2025-04-22T01:15:36.801+0000] {dag.py:4180} INFO - Setting next_dagrun for example_branch_operator to 2025-04-21 00:00:00+00:00, run_after=2025-04-22 00:00:00+00:00
[2025-04-22T01:15:36.819+0000] {processor.py:208} INFO - Processing /home/airflow/.local/lib/python3.12/site-packages/airflow/example_dags/example_branch_operator.py took 0.098 seconds
[2025-04-22T01:16:07.731+0000] {processor.py:186} INFO - Started process (PID=678) to work on /home/airflow/.local/lib/python3.12/site-packages/airflow/example_dags/example_branch_operator.py
[2025-04-22T01:16:07.731+0000] {processor.py:914} INFO - Processing file /home/airflow/.local/lib/python3.12/site-packages/airflow/example_dags/example_branch_operator.py for tasks to queue
[2025-04-22T01:16:07.733+0000] {logging_mixin.py:190} INFO - [2025-04-22T01:16:07.733+0000] {dagbag.py:588} INFO - Filling up the DagBag from /home/airflow/.local/lib/python3.12/site-packages/airflow/example_dags/example_branch_operator.py
[2025-04-22T01:16:07.749+0000] {processor.py:925} INFO - DAG(s) 'example_branch_operator' retrieved from /home/airflow/.local/lib/python3.12/site-packages/airflow/example_dags/example_branch_operator.py
[2025-04-22T01:16:07.777+0000] {logging_mixin.py:190} INFO - [2025-04-22T01:16:07.777+0000] {dag.py:3239} INFO - Sync 1 DAGs
[2025-04-22T01:16:07.802+0000] {logging_mixin.py:190} INFO - [2025-04-22T01:16:07.802+0000] {dag.py:4180} INFO - Setting next_dagrun for example_branch_operator to 2025-04-21 00:00:00+00:00, run_after=2025-04-22 00:00:00+00:00
[2025-04-22T01:16:07.818+0000] {processor.py:208} INFO - Processing /home/airflow/.local/lib/python3.12/site-packages/airflow/example_dags/example_branch_operator.py took 0.092 seconds
[2025-04-22T01:16:38.183+0000] {processor.py:186} INFO - Started process (PID=741) to work on /home/airflow/.local/lib/python3.12/site-packages/airflow/example_dags/example_branch_operator.py
[2025-04-22T01:16:38.185+0000] {processor.py:914} INFO - Processing file /home/airflow/.local/lib/python3.12/site-packages/airflow/example_dags/example_branch_operator.py for tasks to queue
[2025-04-22T01:16:38.190+0000] {logging_mixin.py:190} INFO - [2025-04-22T01:16:38.190+0000] {dagbag.py:588} INFO - Filling up the DagBag from /home/airflow/.local/lib/python3.12/site-packages/airflow/example_dags/example_branch_operator.py
[2025-04-22T01:16:38.218+0000] {processor.py:925} INFO - DAG(s) 'example_branch_operator' retrieved from /home/airflow/.local/lib/python3.12/site-packages/airflow/example_dags/example_branch_operator.py
[2025-04-22T01:16:38.248+0000] {logging_mixin.py:190} INFO - [2025-04-22T01:16:38.248+0000] {dag.py:3239} INFO - Sync 1 DAGs
[2025-04-22T01:16:38.272+0000] {logging_mixin.py:190} INFO - [2025-04-22T01:16:38.272+0000] {dag.py:4180} INFO - Setting next_dagrun for example_branch_operator to 2025-04-21 00:00:00+00:00, run_after=2025-04-22 00:00:00+00:00
[2025-04-22T01:16:38.290+0000] {processor.py:208} INFO - Processing /home/airflow/.local/lib/python3.12/site-packages/airflow/example_dags/example_branch_operator.py took 0.115 seconds
[2025-04-22T01:17:08.843+0000] {processor.py:186} INFO - Started process (PID=804) to work on /home/airflow/.local/lib/python3.12/site-packages/airflow/example_dags/example_branch_operator.py
[2025-04-22T01:17:08.843+0000] {processor.py:914} INFO - Processing file /home/airflow/.local/lib/python3.12/site-packages/airflow/example_dags/example_branch_operator.py for tasks to queue
[2025-04-22T01:17:08.845+0000] {logging_mixin.py:190} INFO - [2025-04-22T01:17:08.845+0000] {dagbag.py:588} INFO - Filling up the DagBag from /home/airflow/.local/lib/python3.12/site-packages/airflow/example_dags/example_branch_operator.py
[2025-04-22T01:17:08.860+0000] {processor.py:925} INFO - DAG(s) 'example_branch_operator' retrieved from /home/airflow/.local/lib/python3.12/site-packages/airflow/example_dags/example_branch_operator.py
[2025-04-22T01:17:08.886+0000] {logging_mixin.py:190} INFO - [2025-04-22T01:17:08.885+0000] {dag.py:3239} INFO - Sync 1 DAGs
[2025-04-22T01:17:08.909+0000] {logging_mixin.py:190} INFO - [2025-04-22T01:17:08.909+0000] {dag.py:4180} INFO - Setting next_dagrun for example_branch_operator to 2025-04-21 00:00:00+00:00, run_after=2025-04-22 00:00:00+00:00
[2025-04-22T01:17:08.925+0000] {processor.py:208} INFO - Processing /home/airflow/.local/lib/python3.12/site-packages/airflow/example_dags/example_branch_operator.py took 0.087 seconds
[2025-04-22T01:17:39.680+0000] {processor.py:186} INFO - Started process (PID=867) to work on /home/airflow/.local/lib/python3.12/site-packages/airflow/example_dags/example_branch_operator.py
[2025-04-22T01:17:39.681+0000] {processor.py:914} INFO - Processing file /home/airflow/.local/lib/python3.12/site-packages/airflow/example_dags/example_branch_operator.py for tasks to queue
[2025-04-22T01:17:39.683+0000] {logging_mixin.py:190} INFO - [2025-04-22T01:17:39.683+0000] {dagbag.py:588} INFO - Filling up the DagBag from /home/airflow/.local/lib/python3.12/site-packages/airflow/example_dags/example_branch_operator.py
[2025-04-22T01:17:39.700+0000] {processor.py:925} INFO - DAG(s) 'example_branch_operator' retrieved from /home/airflow/.local/lib/python3.12/site-packages/airflow/example_dags/example_branch_operator.py
[2025-04-22T01:17:39.728+0000] {logging_mixin.py:190} INFO - [2025-04-22T01:17:39.728+0000] {dag.py:3239} INFO - Sync 1 DAGs
[2025-04-22T01:17:39.750+0000] {logging_mixin.py:190} INFO - [2025-04-22T01:17:39.750+0000] {dag.py:4180} INFO - Setting next_dagrun for example_branch_operator to 2025-04-21 00:00:00+00:00, run_after=2025-04-22 00:00:00+00:00
[2025-04-22T01:17:39.764+0000] {processor.py:208} INFO - Processing /home/airflow/.local/lib/python3.12/site-packages/airflow/example_dags/example_branch_operator.py took 0.089 seconds
[2025-04-22T01:18:10.806+0000] {processor.py:186} INFO - Started process (PID=930) to work on /home/airflow/.local/lib/python3.12/site-packages/airflow/example_dags/example_branch_operator.py
[2025-04-22T01:18:10.808+0000] {processor.py:914} INFO - Processing file /home/airflow/.local/lib/python3.12/site-packages/airflow/example_dags/example_branch_operator.py for tasks to queue
[2025-04-22T01:18:10.811+0000] {logging_mixin.py:190} INFO - [2025-04-22T01:18:10.811+0000] {dagbag.py:588} INFO - Filling up the DagBag from /home/airflow/.local/lib/python3.12/site-packages/airflow/example_dags/example_branch_operator.py
[2025-04-22T01:18:10.832+0000] {processor.py:925} INFO - DAG(s) 'example_branch_operator' retrieved from /home/airflow/.local/lib/python3.12/site-packages/airflow/example_dags/example_branch_operator.py
[2025-04-22T01:18:10.871+0000] {logging_mixin.py:190} INFO - [2025-04-22T01:18:10.871+0000] {dag.py:3239} INFO - Sync 1 DAGs
[2025-04-22T01:18:10.904+0000] {logging_mixin.py:190} INFO - [2025-04-22T01:18:10.903+0000] {dag.py:4180} INFO - Setting next_dagrun for example_branch_operator to 2025-04-21 00:00:00+00:00, run_after=2025-04-22 00:00:00+00:00
[2025-04-22T01:18:10.931+0000] {processor.py:208} INFO - Processing /home/airflow/.local/lib/python3.12/site-packages/airflow/example_dags/example_branch_operator.py took 0.133 seconds
