[2025-04-22T01:11:11.688+0000] {processor.py:186} INFO - Started process (PID=89) to work on /home/airflow/.local/lib/python3.12/site-packages/airflow/example_dags/example_subdag_operator.py
[2025-04-22T01:11:11.689+0000] {processor.py:914} INFO - Processing file /home/airflow/.local/lib/python3.12/site-packages/airflow/example_dags/example_subdag_operator.py for tasks to queue
[2025-04-22T01:11:11.691+0000] {logging_mixin.py:190} INFO - [2025-04-22T01:11:11.691+0000] {dagbag.py:588} INFO - Filling up the DagBag from /home/airflow/.local/lib/python3.12/site-packages/airflow/example_dags/example_subdag_operator.py
[2025-04-22T01:11:11.722+0000] {processor.py:925} INFO - DAG(s) 'example_subdag_operator.section-1', 'example_subdag_operator.section-2', 'example_subdag_operator' retrieved from /home/airflow/.local/lib/python3.12/site-packages/airflow/example_dags/example_subdag_operator.py
[2025-04-22T01:11:11.863+0000] {logging_mixin.py:190} INFO - [2025-04-22T01:11:11.861+0000] {override.py:1912} INFO - Created Permission View: can delete on DAG:example_subdag_operator
[2025-04-22T01:11:11.888+0000] {logging_mixin.py:190} INFO - [2025-04-22T01:11:11.887+0000] {override.py:1912} INFO - Created Permission View: can read on DAG:example_subdag_operator
[2025-04-22T01:11:11.901+0000] {logging_mixin.py:190} INFO - [2025-04-22T01:11:11.900+0000] {override.py:1912} INFO - Created Permission View: can edit on DAG:example_subdag_operator
[2025-04-22T01:11:11.924+0000] {logging_mixin.py:190} INFO - [2025-04-22T01:11:11.923+0000] {override.py:1912} INFO - Created Permission View: menu access on DAG Run:example_subdag_operator
[2025-04-22T01:11:11.944+0000] {logging_mixin.py:190} INFO - [2025-04-22T01:11:11.943+0000] {override.py:1912} INFO - Created Permission View: can delete on DAG Run:example_subdag_operator
[2025-04-22T01:11:11.960+0000] {logging_mixin.py:190} INFO - [2025-04-22T01:11:11.959+0000] {override.py:1912} INFO - Created Permission View: can read on DAG Run:example_subdag_operator
[2025-04-22T01:11:11.984+0000] {logging_mixin.py:190} INFO - [2025-04-22T01:11:11.983+0000] {override.py:1912} INFO - Created Permission View: can create on DAG Run:example_subdag_operator
[2025-04-22T01:11:11.984+0000] {logging_mixin.py:190} INFO - [2025-04-22T01:11:11.984+0000] {dag.py:3239} INFO - Sync 3 DAGs
[2025-04-22T01:11:12.006+0000] {logging_mixin.py:190} INFO - [2025-04-22T01:11:12.005+0000] {dag.py:3262} INFO - Creating ORM DAG for example_subdag_operator.section-1
[2025-04-22T01:11:12.007+0000] {logging_mixin.py:190} INFO - [2025-04-22T01:11:12.007+0000] {dag.py:3262} INFO - Creating ORM DAG for example_subdag_operator.section-2
[2025-04-22T01:11:12.008+0000] {logging_mixin.py:190} INFO - [2025-04-22T01:11:12.008+0000] {dag.py:3262} INFO - Creating ORM DAG for example_subdag_operator
[2025-04-22T01:11:12.025+0000] {logging_mixin.py:190} INFO - [2025-04-22T01:11:12.024+0000] {dag.py:4180} INFO - Setting next_dagrun for example_subdag_operator to 2022-01-01 00:00:00+00:00, run_after=2022-01-01 00:00:00+00:00
[2025-04-22T01:11:12.027+0000] {logging_mixin.py:190} INFO - [2025-04-22T01:11:12.027+0000] {dag.py:4180} INFO - Setting next_dagrun for example_subdag_operator.section-1 to None, run_after=None
[2025-04-22T01:11:12.028+0000] {logging_mixin.py:190} INFO - [2025-04-22T01:11:12.028+0000] {dag.py:4180} INFO - Setting next_dagrun for example_subdag_operator.section-2 to None, run_after=None
[2025-04-22T01:11:12.049+0000] {logging_mixin.py:190} INFO - [2025-04-22T01:11:12.049+0000] {dag.py:3239} INFO - Sync 2 DAGs
[2025-04-22T01:11:12.069+0000] {logging_mixin.py:190} INFO - [2025-04-22T01:11:12.068+0000] {dag.py:4180} INFO - Setting next_dagrun for example_subdag_operator.section-1 to None, run_after=None
[2025-04-22T01:11:12.075+0000] {logging_mixin.py:190} INFO - [2025-04-22T01:11:12.075+0000] {dag.py:4180} INFO - Setting next_dagrun for example_subdag_operator.section-2 to None, run_after=None
[2025-04-22T01:11:12.105+0000] {processor.py:208} INFO - Processing /home/airflow/.local/lib/python3.12/site-packages/airflow/example_dags/example_subdag_operator.py took 0.423 seconds
[2025-04-22T01:11:43.000+0000] {processor.py:186} INFO - Started process (PID=152) to work on /home/airflow/.local/lib/python3.12/site-packages/airflow/example_dags/example_subdag_operator.py
[2025-04-22T01:11:43.001+0000] {processor.py:914} INFO - Processing file /home/airflow/.local/lib/python3.12/site-packages/airflow/example_dags/example_subdag_operator.py for tasks to queue
[2025-04-22T01:11:43.003+0000] {logging_mixin.py:190} INFO - [2025-04-22T01:11:43.003+0000] {dagbag.py:588} INFO - Filling up the DagBag from /home/airflow/.local/lib/python3.12/site-packages/airflow/example_dags/example_subdag_operator.py
[2025-04-22T01:11:43.025+0000] {processor.py:925} INFO - DAG(s) 'example_subdag_operator.section-1', 'example_subdag_operator.section-2', 'example_subdag_operator' retrieved from /home/airflow/.local/lib/python3.12/site-packages/airflow/example_dags/example_subdag_operator.py
[2025-04-22T01:11:43.037+0000] {logging_mixin.py:190} INFO - [2025-04-22T01:11:43.037+0000] {dag.py:3239} INFO - Sync 3 DAGs
[2025-04-22T01:11:43.056+0000] {logging_mixin.py:190} INFO - [2025-04-22T01:11:43.055+0000] {dag.py:4180} INFO - Setting next_dagrun for example_subdag_operator to 2022-01-01 00:00:00+00:00, run_after=2022-01-01 00:00:00+00:00
[2025-04-22T01:11:43.059+0000] {logging_mixin.py:190} INFO - [2025-04-22T01:11:43.059+0000] {dag.py:4180} INFO - Setting next_dagrun for example_subdag_operator.section-1 to None, run_after=None
[2025-04-22T01:11:43.060+0000] {logging_mixin.py:190} INFO - [2025-04-22T01:11:43.060+0000] {dag.py:4180} INFO - Setting next_dagrun for example_subdag_operator.section-2 to None, run_after=None
[2025-04-22T01:11:43.066+0000] {logging_mixin.py:190} INFO - [2025-04-22T01:11:43.066+0000] {dag.py:3239} INFO - Sync 2 DAGs
[2025-04-22T01:11:43.072+0000] {logging_mixin.py:190} INFO - [2025-04-22T01:11:43.072+0000] {dag.py:4180} INFO - Setting next_dagrun for example_subdag_operator.section-1 to None, run_after=None
[2025-04-22T01:11:43.073+0000] {logging_mixin.py:190} INFO - [2025-04-22T01:11:43.073+0000] {dag.py:4180} INFO - Setting next_dagrun for example_subdag_operator.section-2 to None, run_after=None
[2025-04-22T01:11:43.083+0000] {processor.py:208} INFO - Processing /home/airflow/.local/lib/python3.12/site-packages/airflow/example_dags/example_subdag_operator.py took 0.089 seconds
[2025-04-22T01:12:13.230+0000] {processor.py:186} INFO - Started process (PID=215) to work on /home/airflow/.local/lib/python3.12/site-packages/airflow/example_dags/example_subdag_operator.py
[2025-04-22T01:12:13.230+0000] {processor.py:914} INFO - Processing file /home/airflow/.local/lib/python3.12/site-packages/airflow/example_dags/example_subdag_operator.py for tasks to queue
[2025-04-22T01:12:13.232+0000] {logging_mixin.py:190} INFO - [2025-04-22T01:12:13.232+0000] {dagbag.py:588} INFO - Filling up the DagBag from /home/airflow/.local/lib/python3.12/site-packages/airflow/example_dags/example_subdag_operator.py
[2025-04-22T01:12:13.253+0000] {processor.py:925} INFO - DAG(s) 'example_subdag_operator.section-1', 'example_subdag_operator.section-2', 'example_subdag_operator' retrieved from /home/airflow/.local/lib/python3.12/site-packages/airflow/example_dags/example_subdag_operator.py
[2025-04-22T01:12:13.265+0000] {logging_mixin.py:190} INFO - [2025-04-22T01:12:13.265+0000] {dag.py:3239} INFO - Sync 3 DAGs
[2025-04-22T01:12:13.287+0000] {logging_mixin.py:190} INFO - [2025-04-22T01:12:13.287+0000] {dag.py:4180} INFO - Setting next_dagrun for example_subdag_operator to 2022-01-01 00:00:00+00:00, run_after=2022-01-01 00:00:00+00:00
[2025-04-22T01:12:13.290+0000] {logging_mixin.py:190} INFO - [2025-04-22T01:12:13.290+0000] {dag.py:4180} INFO - Setting next_dagrun for example_subdag_operator.section-1 to None, run_after=None
[2025-04-22T01:12:13.291+0000] {logging_mixin.py:190} INFO - [2025-04-22T01:12:13.291+0000] {dag.py:4180} INFO - Setting next_dagrun for example_subdag_operator.section-2 to None, run_after=None
[2025-04-22T01:12:13.297+0000] {logging_mixin.py:190} INFO - [2025-04-22T01:12:13.297+0000] {dag.py:3239} INFO - Sync 2 DAGs
[2025-04-22T01:12:13.302+0000] {logging_mixin.py:190} INFO - [2025-04-22T01:12:13.302+0000] {dag.py:4180} INFO - Setting next_dagrun for example_subdag_operator.section-1 to None, run_after=None
[2025-04-22T01:12:13.303+0000] {logging_mixin.py:190} INFO - [2025-04-22T01:12:13.303+0000] {dag.py:4180} INFO - Setting next_dagrun for example_subdag_operator.section-2 to None, run_after=None
[2025-04-22T01:12:13.313+0000] {processor.py:208} INFO - Processing /home/airflow/.local/lib/python3.12/site-packages/airflow/example_dags/example_subdag_operator.py took 0.088 seconds
[2025-04-22T01:12:43.346+0000] {processor.py:186} INFO - Started process (PID=278) to work on /home/airflow/.local/lib/python3.12/site-packages/airflow/example_dags/example_subdag_operator.py
[2025-04-22T01:12:43.347+0000] {processor.py:914} INFO - Processing file /home/airflow/.local/lib/python3.12/site-packages/airflow/example_dags/example_subdag_operator.py for tasks to queue
[2025-04-22T01:12:43.349+0000] {logging_mixin.py:190} INFO - [2025-04-22T01:12:43.349+0000] {dagbag.py:588} INFO - Filling up the DagBag from /home/airflow/.local/lib/python3.12/site-packages/airflow/example_dags/example_subdag_operator.py
[2025-04-22T01:12:43.370+0000] {processor.py:925} INFO - DAG(s) 'example_subdag_operator.section-1', 'example_subdag_operator.section-2', 'example_subdag_operator' retrieved from /home/airflow/.local/lib/python3.12/site-packages/airflow/example_dags/example_subdag_operator.py
[2025-04-22T01:12:43.382+0000] {logging_mixin.py:190} INFO - [2025-04-22T01:12:43.382+0000] {dag.py:3239} INFO - Sync 3 DAGs
[2025-04-22T01:12:43.403+0000] {logging_mixin.py:190} INFO - [2025-04-22T01:12:43.403+0000] {dag.py:4180} INFO - Setting next_dagrun for example_subdag_operator to 2022-01-01 00:00:00+00:00, run_after=2022-01-01 00:00:00+00:00
[2025-04-22T01:12:43.406+0000] {logging_mixin.py:190} INFO - [2025-04-22T01:12:43.406+0000] {dag.py:4180} INFO - Setting next_dagrun for example_subdag_operator.section-1 to None, run_after=None
[2025-04-22T01:12:43.408+0000] {logging_mixin.py:190} INFO - [2025-04-22T01:12:43.407+0000] {dag.py:4180} INFO - Setting next_dagrun for example_subdag_operator.section-2 to None, run_after=None
[2025-04-22T01:12:43.413+0000] {logging_mixin.py:190} INFO - [2025-04-22T01:12:43.413+0000] {dag.py:3239} INFO - Sync 2 DAGs
[2025-04-22T01:12:43.419+0000] {logging_mixin.py:190} INFO - [2025-04-22T01:12:43.419+0000] {dag.py:4180} INFO - Setting next_dagrun for example_subdag_operator.section-1 to None, run_after=None
[2025-04-22T01:12:43.420+0000] {logging_mixin.py:190} INFO - [2025-04-22T01:12:43.420+0000] {dag.py:4180} INFO - Setting next_dagrun for example_subdag_operator.section-2 to None, run_after=None
[2025-04-22T01:12:43.429+0000] {processor.py:208} INFO - Processing /home/airflow/.local/lib/python3.12/site-packages/airflow/example_dags/example_subdag_operator.py took 0.087 seconds
[2025-04-22T01:13:13.814+0000] {processor.py:186} INFO - Started process (PID=340) to work on /home/airflow/.local/lib/python3.12/site-packages/airflow/example_dags/example_subdag_operator.py
[2025-04-22T01:13:13.815+0000] {processor.py:914} INFO - Processing file /home/airflow/.local/lib/python3.12/site-packages/airflow/example_dags/example_subdag_operator.py for tasks to queue
[2025-04-22T01:13:13.817+0000] {logging_mixin.py:190} INFO - [2025-04-22T01:13:13.817+0000] {dagbag.py:588} INFO - Filling up the DagBag from /home/airflow/.local/lib/python3.12/site-packages/airflow/example_dags/example_subdag_operator.py
[2025-04-22T01:13:13.839+0000] {processor.py:925} INFO - DAG(s) 'example_subdag_operator.section-1', 'example_subdag_operator.section-2', 'example_subdag_operator' retrieved from /home/airflow/.local/lib/python3.12/site-packages/airflow/example_dags/example_subdag_operator.py
[2025-04-22T01:13:13.853+0000] {logging_mixin.py:190} INFO - [2025-04-22T01:13:13.852+0000] {dag.py:3239} INFO - Sync 3 DAGs
[2025-04-22T01:13:13.872+0000] {logging_mixin.py:190} INFO - [2025-04-22T01:13:13.871+0000] {dag.py:4180} INFO - Setting next_dagrun for example_subdag_operator to 2022-01-01 00:00:00+00:00, run_after=2022-01-01 00:00:00+00:00
[2025-04-22T01:13:13.875+0000] {logging_mixin.py:190} INFO - [2025-04-22T01:13:13.875+0000] {dag.py:4180} INFO - Setting next_dagrun for example_subdag_operator.section-1 to None, run_after=None
[2025-04-22T01:13:13.876+0000] {logging_mixin.py:190} INFO - [2025-04-22T01:13:13.876+0000] {dag.py:4180} INFO - Setting next_dagrun for example_subdag_operator.section-2 to None, run_after=None
[2025-04-22T01:13:13.882+0000] {logging_mixin.py:190} INFO - [2025-04-22T01:13:13.882+0000] {dag.py:3239} INFO - Sync 2 DAGs
[2025-04-22T01:13:13.888+0000] {logging_mixin.py:190} INFO - [2025-04-22T01:13:13.887+0000] {dag.py:4180} INFO - Setting next_dagrun for example_subdag_operator.section-1 to None, run_after=None
[2025-04-22T01:13:13.888+0000] {logging_mixin.py:190} INFO - [2025-04-22T01:13:13.888+0000] {dag.py:4180} INFO - Setting next_dagrun for example_subdag_operator.section-2 to None, run_after=None
[2025-04-22T01:13:13.897+0000] {processor.py:208} INFO - Processing /home/airflow/.local/lib/python3.12/site-packages/airflow/example_dags/example_subdag_operator.py took 0.087 seconds
[2025-04-22T01:13:44.307+0000] {processor.py:186} INFO - Started process (PID=403) to work on /home/airflow/.local/lib/python3.12/site-packages/airflow/example_dags/example_subdag_operator.py
[2025-04-22T01:13:44.308+0000] {processor.py:914} INFO - Processing file /home/airflow/.local/lib/python3.12/site-packages/airflow/example_dags/example_subdag_operator.py for tasks to queue
[2025-04-22T01:13:44.310+0000] {logging_mixin.py:190} INFO - [2025-04-22T01:13:44.310+0000] {dagbag.py:588} INFO - Filling up the DagBag from /home/airflow/.local/lib/python3.12/site-packages/airflow/example_dags/example_subdag_operator.py
[2025-04-22T01:13:44.334+0000] {processor.py:925} INFO - DAG(s) 'example_subdag_operator.section-1', 'example_subdag_operator.section-2', 'example_subdag_operator' retrieved from /home/airflow/.local/lib/python3.12/site-packages/airflow/example_dags/example_subdag_operator.py
[2025-04-22T01:13:44.347+0000] {logging_mixin.py:190} INFO - [2025-04-22T01:13:44.347+0000] {dag.py:3239} INFO - Sync 3 DAGs
[2025-04-22T01:13:44.367+0000] {logging_mixin.py:190} INFO - [2025-04-22T01:13:44.367+0000] {dag.py:4180} INFO - Setting next_dagrun for example_subdag_operator to 2022-01-01 00:00:00+00:00, run_after=2022-01-01 00:00:00+00:00
[2025-04-22T01:13:44.370+0000] {logging_mixin.py:190} INFO - [2025-04-22T01:13:44.370+0000] {dag.py:4180} INFO - Setting next_dagrun for example_subdag_operator.section-1 to None, run_after=None
[2025-04-22T01:13:44.371+0000] {logging_mixin.py:190} INFO - [2025-04-22T01:13:44.371+0000] {dag.py:4180} INFO - Setting next_dagrun for example_subdag_operator.section-2 to None, run_after=None
[2025-04-22T01:13:44.377+0000] {logging_mixin.py:190} INFO - [2025-04-22T01:13:44.376+0000] {dag.py:3239} INFO - Sync 2 DAGs
[2025-04-22T01:13:44.381+0000] {logging_mixin.py:190} INFO - [2025-04-22T01:13:44.381+0000] {dag.py:4180} INFO - Setting next_dagrun for example_subdag_operator.section-1 to None, run_after=None
[2025-04-22T01:13:44.382+0000] {logging_mixin.py:190} INFO - [2025-04-22T01:13:44.381+0000] {dag.py:4180} INFO - Setting next_dagrun for example_subdag_operator.section-2 to None, run_after=None
[2025-04-22T01:13:44.390+0000] {processor.py:208} INFO - Processing /home/airflow/.local/lib/python3.12/site-packages/airflow/example_dags/example_subdag_operator.py took 0.088 seconds
[2025-04-22T01:14:15.572+0000] {processor.py:186} INFO - Started process (PID=466) to work on /home/airflow/.local/lib/python3.12/site-packages/airflow/example_dags/example_subdag_operator.py
[2025-04-22T01:14:15.572+0000] {processor.py:914} INFO - Processing file /home/airflow/.local/lib/python3.12/site-packages/airflow/example_dags/example_subdag_operator.py for tasks to queue
[2025-04-22T01:14:15.574+0000] {logging_mixin.py:190} INFO - [2025-04-22T01:14:15.574+0000] {dagbag.py:588} INFO - Filling up the DagBag from /home/airflow/.local/lib/python3.12/site-packages/airflow/example_dags/example_subdag_operator.py
[2025-04-22T01:14:15.597+0000] {processor.py:925} INFO - DAG(s) 'example_subdag_operator.section-1', 'example_subdag_operator.section-2', 'example_subdag_operator' retrieved from /home/airflow/.local/lib/python3.12/site-packages/airflow/example_dags/example_subdag_operator.py
[2025-04-22T01:14:15.612+0000] {logging_mixin.py:190} INFO - [2025-04-22T01:14:15.612+0000] {dag.py:3239} INFO - Sync 3 DAGs
[2025-04-22T01:14:15.633+0000] {logging_mixin.py:190} INFO - [2025-04-22T01:14:15.633+0000] {dag.py:4180} INFO - Setting next_dagrun for example_subdag_operator to 2022-01-01 00:00:00+00:00, run_after=2022-01-01 00:00:00+00:00
[2025-04-22T01:14:15.636+0000] {logging_mixin.py:190} INFO - [2025-04-22T01:14:15.636+0000] {dag.py:4180} INFO - Setting next_dagrun for example_subdag_operator.section-1 to None, run_after=None
[2025-04-22T01:14:15.637+0000] {logging_mixin.py:190} INFO - [2025-04-22T01:14:15.637+0000] {dag.py:4180} INFO - Setting next_dagrun for example_subdag_operator.section-2 to None, run_after=None
[2025-04-22T01:14:15.642+0000] {logging_mixin.py:190} INFO - [2025-04-22T01:14:15.642+0000] {dag.py:3239} INFO - Sync 2 DAGs
[2025-04-22T01:14:15.648+0000] {logging_mixin.py:190} INFO - [2025-04-22T01:14:15.648+0000] {dag.py:4180} INFO - Setting next_dagrun for example_subdag_operator.section-1 to None, run_after=None
[2025-04-22T01:14:15.649+0000] {logging_mixin.py:190} INFO - [2025-04-22T01:14:15.648+0000] {dag.py:4180} INFO - Setting next_dagrun for example_subdag_operator.section-2 to None, run_after=None
[2025-04-22T01:14:15.657+0000] {processor.py:208} INFO - Processing /home/airflow/.local/lib/python3.12/site-packages/airflow/example_dags/example_subdag_operator.py took 0.090 seconds
[2025-04-22T01:14:47.858+0000] {processor.py:186} INFO - Started process (PID=530) to work on /home/airflow/.local/lib/python3.12/site-packages/airflow/example_dags/example_subdag_operator.py
[2025-04-22T01:14:47.859+0000] {processor.py:914} INFO - Processing file /home/airflow/.local/lib/python3.12/site-packages/airflow/example_dags/example_subdag_operator.py for tasks to queue
[2025-04-22T01:14:47.861+0000] {logging_mixin.py:190} INFO - [2025-04-22T01:14:47.860+0000] {dagbag.py:588} INFO - Filling up the DagBag from /home/airflow/.local/lib/python3.12/site-packages/airflow/example_dags/example_subdag_operator.py
[2025-04-22T01:14:47.888+0000] {processor.py:925} INFO - DAG(s) 'example_subdag_operator.section-1', 'example_subdag_operator.section-2', 'example_subdag_operator' retrieved from /home/airflow/.local/lib/python3.12/site-packages/airflow/example_dags/example_subdag_operator.py
[2025-04-22T01:14:47.903+0000] {logging_mixin.py:190} INFO - [2025-04-22T01:14:47.903+0000] {dag.py:3239} INFO - Sync 3 DAGs
[2025-04-22T01:14:47.927+0000] {logging_mixin.py:190} INFO - [2025-04-22T01:14:47.927+0000] {dag.py:4180} INFO - Setting next_dagrun for example_subdag_operator to 2022-01-01 00:00:00+00:00, run_after=2022-01-01 00:00:00+00:00
[2025-04-22T01:14:47.931+0000] {logging_mixin.py:190} INFO - [2025-04-22T01:14:47.931+0000] {dag.py:4180} INFO - Setting next_dagrun for example_subdag_operator.section-1 to None, run_after=None
[2025-04-22T01:14:47.933+0000] {logging_mixin.py:190} INFO - [2025-04-22T01:14:47.933+0000] {dag.py:4180} INFO - Setting next_dagrun for example_subdag_operator.section-2 to None, run_after=None
[2025-04-22T01:14:47.941+0000] {logging_mixin.py:190} INFO - [2025-04-22T01:14:47.941+0000] {dag.py:3239} INFO - Sync 2 DAGs
[2025-04-22T01:14:47.949+0000] {logging_mixin.py:190} INFO - [2025-04-22T01:14:47.948+0000] {dag.py:4180} INFO - Setting next_dagrun for example_subdag_operator.section-1 to None, run_after=None
[2025-04-22T01:14:47.949+0000] {logging_mixin.py:190} INFO - [2025-04-22T01:14:47.949+0000] {dag.py:4180} INFO - Setting next_dagrun for example_subdag_operator.section-2 to None, run_after=None
[2025-04-22T01:14:47.961+0000] {processor.py:208} INFO - Processing /home/airflow/.local/lib/python3.12/site-packages/airflow/example_dags/example_subdag_operator.py took 0.108 seconds
[2025-04-22T01:15:18.250+0000] {processor.py:186} INFO - Started process (PID=592) to work on /home/airflow/.local/lib/python3.12/site-packages/airflow/example_dags/example_subdag_operator.py
[2025-04-22T01:15:18.251+0000] {processor.py:914} INFO - Processing file /home/airflow/.local/lib/python3.12/site-packages/airflow/example_dags/example_subdag_operator.py for tasks to queue
[2025-04-22T01:15:18.253+0000] {logging_mixin.py:190} INFO - [2025-04-22T01:15:18.253+0000] {dagbag.py:588} INFO - Filling up the DagBag from /home/airflow/.local/lib/python3.12/site-packages/airflow/example_dags/example_subdag_operator.py
[2025-04-22T01:15:18.275+0000] {processor.py:925} INFO - DAG(s) 'example_subdag_operator.section-1', 'example_subdag_operator.section-2', 'example_subdag_operator' retrieved from /home/airflow/.local/lib/python3.12/site-packages/airflow/example_dags/example_subdag_operator.py
[2025-04-22T01:15:18.291+0000] {logging_mixin.py:190} INFO - [2025-04-22T01:15:18.290+0000] {dag.py:3239} INFO - Sync 3 DAGs
[2025-04-22T01:15:18.311+0000] {logging_mixin.py:190} INFO - [2025-04-22T01:15:18.311+0000] {dag.py:4180} INFO - Setting next_dagrun for example_subdag_operator to 2022-01-01 00:00:00+00:00, run_after=2022-01-01 00:00:00+00:00
[2025-04-22T01:15:18.314+0000] {logging_mixin.py:190} INFO - [2025-04-22T01:15:18.314+0000] {dag.py:4180} INFO - Setting next_dagrun for example_subdag_operator.section-1 to None, run_after=None
[2025-04-22T01:15:18.316+0000] {logging_mixin.py:190} INFO - [2025-04-22T01:15:18.316+0000] {dag.py:4180} INFO - Setting next_dagrun for example_subdag_operator.section-2 to None, run_after=None
[2025-04-22T01:15:18.321+0000] {logging_mixin.py:190} INFO - [2025-04-22T01:15:18.321+0000] {dag.py:3239} INFO - Sync 2 DAGs
[2025-04-22T01:15:18.326+0000] {logging_mixin.py:190} INFO - [2025-04-22T01:15:18.326+0000] {dag.py:4180} INFO - Setting next_dagrun for example_subdag_operator.section-1 to None, run_after=None
[2025-04-22T01:15:18.327+0000] {logging_mixin.py:190} INFO - [2025-04-22T01:15:18.327+0000] {dag.py:4180} INFO - Setting next_dagrun for example_subdag_operator.section-2 to None, run_after=None
[2025-04-22T01:15:18.336+0000] {processor.py:208} INFO - Processing /home/airflow/.local/lib/python3.12/site-packages/airflow/example_dags/example_subdag_operator.py took 0.091 seconds
[2025-04-22T01:15:50.384+0000] {processor.py:186} INFO - Started process (PID=656) to work on /home/airflow/.local/lib/python3.12/site-packages/airflow/example_dags/example_subdag_operator.py
[2025-04-22T01:15:50.385+0000] {processor.py:914} INFO - Processing file /home/airflow/.local/lib/python3.12/site-packages/airflow/example_dags/example_subdag_operator.py for tasks to queue
[2025-04-22T01:15:50.387+0000] {logging_mixin.py:190} INFO - [2025-04-22T01:15:50.386+0000] {dagbag.py:588} INFO - Filling up the DagBag from /home/airflow/.local/lib/python3.12/site-packages/airflow/example_dags/example_subdag_operator.py
[2025-04-22T01:15:50.408+0000] {processor.py:925} INFO - DAG(s) 'example_subdag_operator.section-1', 'example_subdag_operator.section-2', 'example_subdag_operator' retrieved from /home/airflow/.local/lib/python3.12/site-packages/airflow/example_dags/example_subdag_operator.py
[2025-04-22T01:15:50.424+0000] {logging_mixin.py:190} INFO - [2025-04-22T01:15:50.423+0000] {dag.py:3239} INFO - Sync 3 DAGs
[2025-04-22T01:15:50.449+0000] {logging_mixin.py:190} INFO - [2025-04-22T01:15:50.448+0000] {dag.py:4180} INFO - Setting next_dagrun for example_subdag_operator to 2022-01-01 00:00:00+00:00, run_after=2022-01-01 00:00:00+00:00
[2025-04-22T01:15:50.453+0000] {logging_mixin.py:190} INFO - [2025-04-22T01:15:50.452+0000] {dag.py:4180} INFO - Setting next_dagrun for example_subdag_operator.section-1 to None, run_after=None
[2025-04-22T01:15:50.454+0000] {logging_mixin.py:190} INFO - [2025-04-22T01:15:50.454+0000] {dag.py:4180} INFO - Setting next_dagrun for example_subdag_operator.section-2 to None, run_after=None
[2025-04-22T01:15:50.461+0000] {logging_mixin.py:190} INFO - [2025-04-22T01:15:50.461+0000] {dag.py:3239} INFO - Sync 2 DAGs
[2025-04-22T01:15:50.468+0000] {logging_mixin.py:190} INFO - [2025-04-22T01:15:50.468+0000] {dag.py:4180} INFO - Setting next_dagrun for example_subdag_operator.section-1 to None, run_after=None
[2025-04-22T01:15:50.469+0000] {logging_mixin.py:190} INFO - [2025-04-22T01:15:50.468+0000] {dag.py:4180} INFO - Setting next_dagrun for example_subdag_operator.section-2 to None, run_after=None
[2025-04-22T01:15:50.479+0000] {processor.py:208} INFO - Processing /home/airflow/.local/lib/python3.12/site-packages/airflow/example_dags/example_subdag_operator.py took 0.100 seconds
[2025-04-22T01:16:20.662+0000] {processor.py:186} INFO - Started process (PID=718) to work on /home/airflow/.local/lib/python3.12/site-packages/airflow/example_dags/example_subdag_operator.py
[2025-04-22T01:16:20.663+0000] {processor.py:914} INFO - Processing file /home/airflow/.local/lib/python3.12/site-packages/airflow/example_dags/example_subdag_operator.py for tasks to queue
[2025-04-22T01:16:20.665+0000] {logging_mixin.py:190} INFO - [2025-04-22T01:16:20.665+0000] {dagbag.py:588} INFO - Filling up the DagBag from /home/airflow/.local/lib/python3.12/site-packages/airflow/example_dags/example_subdag_operator.py
[2025-04-22T01:16:20.688+0000] {processor.py:925} INFO - DAG(s) 'example_subdag_operator.section-1', 'example_subdag_operator.section-2', 'example_subdag_operator' retrieved from /home/airflow/.local/lib/python3.12/site-packages/airflow/example_dags/example_subdag_operator.py
[2025-04-22T01:16:20.703+0000] {logging_mixin.py:190} INFO - [2025-04-22T01:16:20.703+0000] {dag.py:3239} INFO - Sync 3 DAGs
[2025-04-22T01:16:20.723+0000] {logging_mixin.py:190} INFO - [2025-04-22T01:16:20.723+0000] {dag.py:4180} INFO - Setting next_dagrun for example_subdag_operator to 2022-01-01 00:00:00+00:00, run_after=2022-01-01 00:00:00+00:00
[2025-04-22T01:16:20.727+0000] {logging_mixin.py:190} INFO - [2025-04-22T01:16:20.726+0000] {dag.py:4180} INFO - Setting next_dagrun for example_subdag_operator.section-1 to None, run_after=None
[2025-04-22T01:16:20.728+0000] {logging_mixin.py:190} INFO - [2025-04-22T01:16:20.728+0000] {dag.py:4180} INFO - Setting next_dagrun for example_subdag_operator.section-2 to None, run_after=None
[2025-04-22T01:16:20.734+0000] {logging_mixin.py:190} INFO - [2025-04-22T01:16:20.733+0000] {dag.py:3239} INFO - Sync 2 DAGs
[2025-04-22T01:16:20.738+0000] {logging_mixin.py:190} INFO - [2025-04-22T01:16:20.738+0000] {dag.py:4180} INFO - Setting next_dagrun for example_subdag_operator.section-1 to None, run_after=None
[2025-04-22T01:16:20.739+0000] {logging_mixin.py:190} INFO - [2025-04-22T01:16:20.739+0000] {dag.py:4180} INFO - Setting next_dagrun for example_subdag_operator.section-2 to None, run_after=None
[2025-04-22T01:16:20.748+0000] {processor.py:208} INFO - Processing /home/airflow/.local/lib/python3.12/site-packages/airflow/example_dags/example_subdag_operator.py took 0.090 seconds
[2025-04-22T01:16:52.626+0000] {processor.py:186} INFO - Started process (PID=782) to work on /home/airflow/.local/lib/python3.12/site-packages/airflow/example_dags/example_subdag_operator.py
[2025-04-22T01:16:52.627+0000] {processor.py:914} INFO - Processing file /home/airflow/.local/lib/python3.12/site-packages/airflow/example_dags/example_subdag_operator.py for tasks to queue
[2025-04-22T01:16:52.629+0000] {logging_mixin.py:190} INFO - [2025-04-22T01:16:52.628+0000] {dagbag.py:588} INFO - Filling up the DagBag from /home/airflow/.local/lib/python3.12/site-packages/airflow/example_dags/example_subdag_operator.py
[2025-04-22T01:16:52.653+0000] {processor.py:925} INFO - DAG(s) 'example_subdag_operator.section-1', 'example_subdag_operator.section-2', 'example_subdag_operator' retrieved from /home/airflow/.local/lib/python3.12/site-packages/airflow/example_dags/example_subdag_operator.py
[2025-04-22T01:16:52.667+0000] {logging_mixin.py:190} INFO - [2025-04-22T01:16:52.666+0000] {dag.py:3239} INFO - Sync 3 DAGs
[2025-04-22T01:16:52.687+0000] {logging_mixin.py:190} INFO - [2025-04-22T01:16:52.686+0000] {dag.py:4180} INFO - Setting next_dagrun for example_subdag_operator to 2022-01-01 00:00:00+00:00, run_after=2022-01-01 00:00:00+00:00
[2025-04-22T01:16:52.690+0000] {logging_mixin.py:190} INFO - [2025-04-22T01:16:52.690+0000] {dag.py:4180} INFO - Setting next_dagrun for example_subdag_operator.section-1 to None, run_after=None
[2025-04-22T01:16:52.692+0000] {logging_mixin.py:190} INFO - [2025-04-22T01:16:52.692+0000] {dag.py:4180} INFO - Setting next_dagrun for example_subdag_operator.section-2 to None, run_after=None
[2025-04-22T01:16:52.698+0000] {logging_mixin.py:190} INFO - [2025-04-22T01:16:52.698+0000] {dag.py:3239} INFO - Sync 2 DAGs
[2025-04-22T01:16:52.703+0000] {logging_mixin.py:190} INFO - [2025-04-22T01:16:52.703+0000] {dag.py:4180} INFO - Setting next_dagrun for example_subdag_operator.section-1 to None, run_after=None
[2025-04-22T01:16:52.703+0000] {logging_mixin.py:190} INFO - [2025-04-22T01:16:52.703+0000] {dag.py:4180} INFO - Setting next_dagrun for example_subdag_operator.section-2 to None, run_after=None
[2025-04-22T01:16:52.713+0000] {processor.py:208} INFO - Processing /home/airflow/.local/lib/python3.12/site-packages/airflow/example_dags/example_subdag_operator.py took 0.092 seconds
[2025-04-22T01:17:24.394+0000] {processor.py:186} INFO - Started process (PID=845) to work on /home/airflow/.local/lib/python3.12/site-packages/airflow/example_dags/example_subdag_operator.py
[2025-04-22T01:17:24.396+0000] {processor.py:914} INFO - Processing file /home/airflow/.local/lib/python3.12/site-packages/airflow/example_dags/example_subdag_operator.py for tasks to queue
[2025-04-22T01:17:24.398+0000] {logging_mixin.py:190} INFO - [2025-04-22T01:17:24.398+0000] {dagbag.py:588} INFO - Filling up the DagBag from /home/airflow/.local/lib/python3.12/site-packages/airflow/example_dags/example_subdag_operator.py
[2025-04-22T01:17:24.421+0000] {processor.py:925} INFO - DAG(s) 'example_subdag_operator.section-1', 'example_subdag_operator.section-2', 'example_subdag_operator' retrieved from /home/airflow/.local/lib/python3.12/site-packages/airflow/example_dags/example_subdag_operator.py
[2025-04-22T01:17:24.433+0000] {logging_mixin.py:190} INFO - [2025-04-22T01:17:24.433+0000] {dag.py:3239} INFO - Sync 3 DAGs
[2025-04-22T01:17:24.454+0000] {logging_mixin.py:190} INFO - [2025-04-22T01:17:24.454+0000] {dag.py:4180} INFO - Setting next_dagrun for example_subdag_operator to 2022-01-01 00:00:00+00:00, run_after=2022-01-01 00:00:00+00:00
[2025-04-22T01:17:24.458+0000] {logging_mixin.py:190} INFO - [2025-04-22T01:17:24.458+0000] {dag.py:4180} INFO - Setting next_dagrun for example_subdag_operator.section-1 to None, run_after=None
[2025-04-22T01:17:24.460+0000] {logging_mixin.py:190} INFO - [2025-04-22T01:17:24.459+0000] {dag.py:4180} INFO - Setting next_dagrun for example_subdag_operator.section-2 to None, run_after=None
[2025-04-22T01:17:24.467+0000] {logging_mixin.py:190} INFO - [2025-04-22T01:17:24.467+0000] {dag.py:3239} INFO - Sync 2 DAGs
[2025-04-22T01:17:24.473+0000] {logging_mixin.py:190} INFO - [2025-04-22T01:17:24.473+0000] {dag.py:4180} INFO - Setting next_dagrun for example_subdag_operator.section-1 to None, run_after=None
[2025-04-22T01:17:24.474+0000] {logging_mixin.py:190} INFO - [2025-04-22T01:17:24.474+0000] {dag.py:4180} INFO - Setting next_dagrun for example_subdag_operator.section-2 to None, run_after=None
[2025-04-22T01:17:24.484+0000] {processor.py:208} INFO - Processing /home/airflow/.local/lib/python3.12/site-packages/airflow/example_dags/example_subdag_operator.py took 0.095 seconds
[2025-04-22T01:17:55.520+0000] {processor.py:186} INFO - Started process (PID=908) to work on /home/airflow/.local/lib/python3.12/site-packages/airflow/example_dags/example_subdag_operator.py
[2025-04-22T01:17:55.521+0000] {processor.py:914} INFO - Processing file /home/airflow/.local/lib/python3.12/site-packages/airflow/example_dags/example_subdag_operator.py for tasks to queue
[2025-04-22T01:17:55.523+0000] {logging_mixin.py:190} INFO - [2025-04-22T01:17:55.523+0000] {dagbag.py:588} INFO - Filling up the DagBag from /home/airflow/.local/lib/python3.12/site-packages/airflow/example_dags/example_subdag_operator.py
[2025-04-22T01:17:55.546+0000] {processor.py:925} INFO - DAG(s) 'example_subdag_operator.section-1', 'example_subdag_operator.section-2', 'example_subdag_operator' retrieved from /home/airflow/.local/lib/python3.12/site-packages/airflow/example_dags/example_subdag_operator.py
[2025-04-22T01:17:55.561+0000] {logging_mixin.py:190} INFO - [2025-04-22T01:17:55.561+0000] {dag.py:3239} INFO - Sync 3 DAGs
[2025-04-22T01:17:55.581+0000] {logging_mixin.py:190} INFO - [2025-04-22T01:17:55.580+0000] {dag.py:4180} INFO - Setting next_dagrun for example_subdag_operator to 2022-01-01 00:00:00+00:00, run_after=2022-01-01 00:00:00+00:00
[2025-04-22T01:17:55.584+0000] {logging_mixin.py:190} INFO - [2025-04-22T01:17:55.584+0000] {dag.py:4180} INFO - Setting next_dagrun for example_subdag_operator.section-1 to None, run_after=None
[2025-04-22T01:17:55.586+0000] {logging_mixin.py:190} INFO - [2025-04-22T01:17:55.585+0000] {dag.py:4180} INFO - Setting next_dagrun for example_subdag_operator.section-2 to None, run_after=None
[2025-04-22T01:17:55.591+0000] {logging_mixin.py:190} INFO - [2025-04-22T01:17:55.591+0000] {dag.py:3239} INFO - Sync 2 DAGs
[2025-04-22T01:17:55.597+0000] {logging_mixin.py:190} INFO - [2025-04-22T01:17:55.597+0000] {dag.py:4180} INFO - Setting next_dagrun for example_subdag_operator.section-1 to None, run_after=None
[2025-04-22T01:17:55.598+0000] {logging_mixin.py:190} INFO - [2025-04-22T01:17:55.598+0000] {dag.py:4180} INFO - Setting next_dagrun for example_subdag_operator.section-2 to None, run_after=None
[2025-04-22T01:17:55.607+0000] {processor.py:208} INFO - Processing /home/airflow/.local/lib/python3.12/site-packages/airflow/example_dags/example_subdag_operator.py took 0.092 seconds
[2025-04-22T01:18:26.843+0000] {processor.py:186} INFO - Started process (PID=971) to work on /home/airflow/.local/lib/python3.12/site-packages/airflow/example_dags/example_subdag_operator.py
[2025-04-22T01:18:26.844+0000] {processor.py:914} INFO - Processing file /home/airflow/.local/lib/python3.12/site-packages/airflow/example_dags/example_subdag_operator.py for tasks to queue
[2025-04-22T01:18:26.846+0000] {logging_mixin.py:190} INFO - [2025-04-22T01:18:26.846+0000] {dagbag.py:588} INFO - Filling up the DagBag from /home/airflow/.local/lib/python3.12/site-packages/airflow/example_dags/example_subdag_operator.py
[2025-04-22T01:18:26.872+0000] {processor.py:925} INFO - DAG(s) 'example_subdag_operator.section-1', 'example_subdag_operator.section-2', 'example_subdag_operator' retrieved from /home/airflow/.local/lib/python3.12/site-packages/airflow/example_dags/example_subdag_operator.py
[2025-04-22T01:18:26.887+0000] {logging_mixin.py:190} INFO - [2025-04-22T01:18:26.887+0000] {dag.py:3239} INFO - Sync 3 DAGs
[2025-04-22T01:18:26.908+0000] {logging_mixin.py:190} INFO - [2025-04-22T01:18:26.908+0000] {dag.py:4180} INFO - Setting next_dagrun for example_subdag_operator to 2022-01-01 00:00:00+00:00, run_after=2022-01-01 00:00:00+00:00
[2025-04-22T01:18:26.912+0000] {logging_mixin.py:190} INFO - [2025-04-22T01:18:26.912+0000] {dag.py:4180} INFO - Setting next_dagrun for example_subdag_operator.section-1 to None, run_after=None
[2025-04-22T01:18:26.914+0000] {logging_mixin.py:190} INFO - [2025-04-22T01:18:26.914+0000] {dag.py:4180} INFO - Setting next_dagrun for example_subdag_operator.section-2 to None, run_after=None
[2025-04-22T01:18:26.921+0000] {logging_mixin.py:190} INFO - [2025-04-22T01:18:26.921+0000] {dag.py:3239} INFO - Sync 2 DAGs
[2025-04-22T01:18:26.927+0000] {logging_mixin.py:190} INFO - [2025-04-22T01:18:26.927+0000] {dag.py:4180} INFO - Setting next_dagrun for example_subdag_operator.section-1 to None, run_after=None
[2025-04-22T01:18:26.928+0000] {logging_mixin.py:190} INFO - [2025-04-22T01:18:26.928+0000] {dag.py:4180} INFO - Setting next_dagrun for example_subdag_operator.section-2 to None, run_after=None
[2025-04-22T01:18:26.939+0000] {processor.py:208} INFO - Processing /home/airflow/.local/lib/python3.12/site-packages/airflow/example_dags/example_subdag_operator.py took 0.101 seconds
