[2025-04-22T01:11:07.880+0000] {processor.py:186} INFO - Started process (PID=62) to work on /home/airflow/.local/lib/python3.12/site-packages/airflow/example_dags/example_python_operator.py
[2025-04-22T01:11:07.881+0000] {processor.py:914} INFO - Processing file /home/airflow/.local/lib/python3.12/site-packages/airflow/example_dags/example_python_operator.py for tasks to queue
[2025-04-22T01:11:07.883+0000] {logging_mixin.py:190} INFO - [2025-04-22T01:11:07.883+0000] {dagbag.py:588} INFO - Filling up the DagBag from /home/airflow/.local/lib/python3.12/site-packages/airflow/example_dags/example_python_operator.py
[2025-04-22T01:11:07.895+0000] {processor.py:925} INFO - DAG(s) 'example_python_operator' retrieved from /home/airflow/.local/lib/python3.12/site-packages/airflow/example_dags/example_python_operator.py
[2025-04-22T01:11:07.995+0000] {logging_mixin.py:190} INFO - [2025-04-22T01:11:07.994+0000] {override.py:1912} INFO - Created Permission View: can delete on DAG:example_python_operator
[2025-04-22T01:11:08.004+0000] {logging_mixin.py:190} INFO - [2025-04-22T01:11:08.004+0000] {override.py:1912} INFO - Created Permission View: can read on DAG:example_python_operator
[2025-04-22T01:11:08.011+0000] {logging_mixin.py:190} INFO - [2025-04-22T01:11:08.010+0000] {override.py:1912} INFO - Created Permission View: can edit on DAG:example_python_operator
[2025-04-22T01:11:08.018+0000] {logging_mixin.py:190} INFO - [2025-04-22T01:11:08.018+0000] {override.py:1912} INFO - Created Permission View: menu access on DAG Run:example_python_operator
[2025-04-22T01:11:08.024+0000] {logging_mixin.py:190} INFO - [2025-04-22T01:11:08.024+0000] {override.py:1912} INFO - Created Permission View: can delete on DAG Run:example_python_operator
[2025-04-22T01:11:08.030+0000] {logging_mixin.py:190} INFO - [2025-04-22T01:11:08.030+0000] {override.py:1912} INFO - Created Permission View: can read on DAG Run:example_python_operator
[2025-04-22T01:11:08.036+0000] {logging_mixin.py:190} INFO - [2025-04-22T01:11:08.035+0000] {override.py:1912} INFO - Created Permission View: can create on DAG Run:example_python_operator
[2025-04-22T01:11:08.036+0000] {logging_mixin.py:190} INFO - [2025-04-22T01:11:08.036+0000] {dag.py:3239} INFO - Sync 1 DAGs
[2025-04-22T01:11:08.048+0000] {logging_mixin.py:190} INFO - [2025-04-22T01:11:08.048+0000] {dag.py:3262} INFO - Creating ORM DAG for example_python_operator
[2025-04-22T01:11:08.049+0000] {logging_mixin.py:190} INFO - [2025-04-22T01:11:08.049+0000] {dag.py:4180} INFO - Setting next_dagrun for example_python_operator to None, run_after=None
[2025-04-22T01:11:08.064+0000] {processor.py:208} INFO - Processing /home/airflow/.local/lib/python3.12/site-packages/airflow/example_dags/example_python_operator.py took 0.189 seconds
[2025-04-22T01:11:38.877+0000] {processor.py:186} INFO - Started process (PID=125) to work on /home/airflow/.local/lib/python3.12/site-packages/airflow/example_dags/example_python_operator.py
[2025-04-22T01:11:38.877+0000] {processor.py:914} INFO - Processing file /home/airflow/.local/lib/python3.12/site-packages/airflow/example_dags/example_python_operator.py for tasks to queue
[2025-04-22T01:11:38.879+0000] {logging_mixin.py:190} INFO - [2025-04-22T01:11:38.879+0000] {dagbag.py:588} INFO - Filling up the DagBag from /home/airflow/.local/lib/python3.12/site-packages/airflow/example_dags/example_python_operator.py
[2025-04-22T01:11:38.889+0000] {processor.py:925} INFO - DAG(s) 'example_python_operator' retrieved from /home/airflow/.local/lib/python3.12/site-packages/airflow/example_dags/example_python_operator.py
[2025-04-22T01:11:38.906+0000] {logging_mixin.py:190} INFO - [2025-04-22T01:11:38.906+0000] {dag.py:3239} INFO - Sync 1 DAGs
[2025-04-22T01:11:38.921+0000] {logging_mixin.py:190} INFO - [2025-04-22T01:11:38.920+0000] {dag.py:4180} INFO - Setting next_dagrun for example_python_operator to None, run_after=None
[2025-04-22T01:11:38.937+0000] {processor.py:208} INFO - Processing /home/airflow/.local/lib/python3.12/site-packages/airflow/example_dags/example_python_operator.py took 0.066 seconds
[2025-04-22T01:12:09.677+0000] {processor.py:186} INFO - Started process (PID=188) to work on /home/airflow/.local/lib/python3.12/site-packages/airflow/example_dags/example_python_operator.py
[2025-04-22T01:12:09.678+0000] {processor.py:914} INFO - Processing file /home/airflow/.local/lib/python3.12/site-packages/airflow/example_dags/example_python_operator.py for tasks to queue
[2025-04-22T01:12:09.680+0000] {logging_mixin.py:190} INFO - [2025-04-22T01:12:09.680+0000] {dagbag.py:588} INFO - Filling up the DagBag from /home/airflow/.local/lib/python3.12/site-packages/airflow/example_dags/example_python_operator.py
[2025-04-22T01:12:09.691+0000] {processor.py:925} INFO - DAG(s) 'example_python_operator' retrieved from /home/airflow/.local/lib/python3.12/site-packages/airflow/example_dags/example_python_operator.py
[2025-04-22T01:12:09.710+0000] {logging_mixin.py:190} INFO - [2025-04-22T01:12:09.710+0000] {dag.py:3239} INFO - Sync 1 DAGs
[2025-04-22T01:12:09.723+0000] {logging_mixin.py:190} INFO - [2025-04-22T01:12:09.723+0000] {dag.py:4180} INFO - Setting next_dagrun for example_python_operator to None, run_after=None
[2025-04-22T01:12:09.743+0000] {processor.py:208} INFO - Processing /home/airflow/.local/lib/python3.12/site-packages/airflow/example_dags/example_python_operator.py took 0.071 seconds
[2025-04-22T01:12:40.168+0000] {processor.py:186} INFO - Started process (PID=251) to work on /home/airflow/.local/lib/python3.12/site-packages/airflow/example_dags/example_python_operator.py
[2025-04-22T01:12:40.169+0000] {processor.py:914} INFO - Processing file /home/airflow/.local/lib/python3.12/site-packages/airflow/example_dags/example_python_operator.py for tasks to queue
[2025-04-22T01:12:40.171+0000] {logging_mixin.py:190} INFO - [2025-04-22T01:12:40.170+0000] {dagbag.py:588} INFO - Filling up the DagBag from /home/airflow/.local/lib/python3.12/site-packages/airflow/example_dags/example_python_operator.py
[2025-04-22T01:12:40.183+0000] {processor.py:925} INFO - DAG(s) 'example_python_operator' retrieved from /home/airflow/.local/lib/python3.12/site-packages/airflow/example_dags/example_python_operator.py
[2025-04-22T01:12:40.201+0000] {logging_mixin.py:190} INFO - [2025-04-22T01:12:40.201+0000] {dag.py:3239} INFO - Sync 1 DAGs
[2025-04-22T01:12:40.213+0000] {logging_mixin.py:190} INFO - [2025-04-22T01:12:40.213+0000] {dag.py:4180} INFO - Setting next_dagrun for example_python_operator to None, run_after=None
[2025-04-22T01:12:40.228+0000] {processor.py:208} INFO - Processing /home/airflow/.local/lib/python3.12/site-packages/airflow/example_dags/example_python_operator.py took 0.066 seconds
[2025-04-22T01:13:11.217+0000] {processor.py:186} INFO - Started process (PID=320) to work on /home/airflow/.local/lib/python3.12/site-packages/airflow/example_dags/example_python_operator.py
[2025-04-22T01:13:11.218+0000] {processor.py:914} INFO - Processing file /home/airflow/.local/lib/python3.12/site-packages/airflow/example_dags/example_python_operator.py for tasks to queue
[2025-04-22T01:13:11.220+0000] {logging_mixin.py:190} INFO - [2025-04-22T01:13:11.220+0000] {dagbag.py:588} INFO - Filling up the DagBag from /home/airflow/.local/lib/python3.12/site-packages/airflow/example_dags/example_python_operator.py
[2025-04-22T01:13:11.233+0000] {processor.py:925} INFO - DAG(s) 'example_python_operator' retrieved from /home/airflow/.local/lib/python3.12/site-packages/airflow/example_dags/example_python_operator.py
[2025-04-22T01:13:11.255+0000] {logging_mixin.py:190} INFO - [2025-04-22T01:13:11.255+0000] {dag.py:3239} INFO - Sync 1 DAGs
[2025-04-22T01:13:11.269+0000] {logging_mixin.py:190} INFO - [2025-04-22T01:13:11.269+0000] {dag.py:4180} INFO - Setting next_dagrun for example_python_operator to None, run_after=None
[2025-04-22T01:13:11.287+0000] {processor.py:208} INFO - Processing /home/airflow/.local/lib/python3.12/site-packages/airflow/example_dags/example_python_operator.py took 0.074 seconds
[2025-04-22T01:13:42.637+0000] {processor.py:186} INFO - Started process (PID=383) to work on /home/airflow/.local/lib/python3.12/site-packages/airflow/example_dags/example_python_operator.py
[2025-04-22T01:13:42.638+0000] {processor.py:914} INFO - Processing file /home/airflow/.local/lib/python3.12/site-packages/airflow/example_dags/example_python_operator.py for tasks to queue
[2025-04-22T01:13:42.640+0000] {logging_mixin.py:190} INFO - [2025-04-22T01:13:42.639+0000] {dagbag.py:588} INFO - Filling up the DagBag from /home/airflow/.local/lib/python3.12/site-packages/airflow/example_dags/example_python_operator.py
[2025-04-22T01:13:42.651+0000] {processor.py:925} INFO - DAG(s) 'example_python_operator' retrieved from /home/airflow/.local/lib/python3.12/site-packages/airflow/example_dags/example_python_operator.py
[2025-04-22T01:13:42.671+0000] {logging_mixin.py:190} INFO - [2025-04-22T01:13:42.671+0000] {dag.py:3239} INFO - Sync 1 DAGs
[2025-04-22T01:13:42.683+0000] {logging_mixin.py:190} INFO - [2025-04-22T01:13:42.683+0000] {dag.py:4180} INFO - Setting next_dagrun for example_python_operator to None, run_after=None
[2025-04-22T01:13:42.699+0000] {processor.py:208} INFO - Processing /home/airflow/.local/lib/python3.12/site-packages/airflow/example_dags/example_python_operator.py took 0.067 seconds
[2025-04-22T01:14:14.017+0000] {processor.py:186} INFO - Started process (PID=446) to work on /home/airflow/.local/lib/python3.12/site-packages/airflow/example_dags/example_python_operator.py
[2025-04-22T01:14:14.018+0000] {processor.py:914} INFO - Processing file /home/airflow/.local/lib/python3.12/site-packages/airflow/example_dags/example_python_operator.py for tasks to queue
[2025-04-22T01:14:14.020+0000] {logging_mixin.py:190} INFO - [2025-04-22T01:14:14.020+0000] {dagbag.py:588} INFO - Filling up the DagBag from /home/airflow/.local/lib/python3.12/site-packages/airflow/example_dags/example_python_operator.py
[2025-04-22T01:14:14.030+0000] {processor.py:925} INFO - DAG(s) 'example_python_operator' retrieved from /home/airflow/.local/lib/python3.12/site-packages/airflow/example_dags/example_python_operator.py
[2025-04-22T01:14:14.050+0000] {logging_mixin.py:190} INFO - [2025-04-22T01:14:14.049+0000] {dag.py:3239} INFO - Sync 1 DAGs
[2025-04-22T01:14:14.062+0000] {logging_mixin.py:190} INFO - [2025-04-22T01:14:14.062+0000] {dag.py:4180} INFO - Setting next_dagrun for example_python_operator to None, run_after=None
[2025-04-22T01:14:14.077+0000] {processor.py:208} INFO - Processing /home/airflow/.local/lib/python3.12/site-packages/airflow/example_dags/example_python_operator.py took 0.065 seconds
[2025-04-22T01:14:45.415+0000] {processor.py:186} INFO - Started process (PID=508) to work on /home/airflow/.local/lib/python3.12/site-packages/airflow/example_dags/example_python_operator.py
[2025-04-22T01:14:45.416+0000] {processor.py:914} INFO - Processing file /home/airflow/.local/lib/python3.12/site-packages/airflow/example_dags/example_python_operator.py for tasks to queue
[2025-04-22T01:14:45.418+0000] {logging_mixin.py:190} INFO - [2025-04-22T01:14:45.418+0000] {dagbag.py:588} INFO - Filling up the DagBag from /home/airflow/.local/lib/python3.12/site-packages/airflow/example_dags/example_python_operator.py
[2025-04-22T01:14:45.430+0000] {processor.py:925} INFO - DAG(s) 'example_python_operator' retrieved from /home/airflow/.local/lib/python3.12/site-packages/airflow/example_dags/example_python_operator.py
[2025-04-22T01:14:45.451+0000] {logging_mixin.py:190} INFO - [2025-04-22T01:14:45.451+0000] {dag.py:3239} INFO - Sync 1 DAGs
[2025-04-22T01:14:45.464+0000] {logging_mixin.py:190} INFO - [2025-04-22T01:14:45.464+0000] {dag.py:4180} INFO - Setting next_dagrun for example_python_operator to None, run_after=None
[2025-04-22T01:14:45.482+0000] {processor.py:208} INFO - Processing /home/airflow/.local/lib/python3.12/site-packages/airflow/example_dags/example_python_operator.py took 0.072 seconds
[2025-04-22T01:15:16.752+0000] {processor.py:186} INFO - Started process (PID=572) to work on /home/airflow/.local/lib/python3.12/site-packages/airflow/example_dags/example_python_operator.py
[2025-04-22T01:15:16.753+0000] {processor.py:914} INFO - Processing file /home/airflow/.local/lib/python3.12/site-packages/airflow/example_dags/example_python_operator.py for tasks to queue
[2025-04-22T01:15:16.755+0000] {logging_mixin.py:190} INFO - [2025-04-22T01:15:16.755+0000] {dagbag.py:588} INFO - Filling up the DagBag from /home/airflow/.local/lib/python3.12/site-packages/airflow/example_dags/example_python_operator.py
[2025-04-22T01:15:16.765+0000] {processor.py:925} INFO - DAG(s) 'example_python_operator' retrieved from /home/airflow/.local/lib/python3.12/site-packages/airflow/example_dags/example_python_operator.py
[2025-04-22T01:15:16.786+0000] {logging_mixin.py:190} INFO - [2025-04-22T01:15:16.786+0000] {dag.py:3239} INFO - Sync 1 DAGs
[2025-04-22T01:15:16.801+0000] {logging_mixin.py:190} INFO - [2025-04-22T01:15:16.801+0000] {dag.py:4180} INFO - Setting next_dagrun for example_python_operator to None, run_after=None
[2025-04-22T01:15:16.819+0000] {processor.py:208} INFO - Processing /home/airflow/.local/lib/python3.12/site-packages/airflow/example_dags/example_python_operator.py took 0.071 seconds
[2025-04-22T01:15:48.051+0000] {processor.py:186} INFO - Started process (PID=634) to work on /home/airflow/.local/lib/python3.12/site-packages/airflow/example_dags/example_python_operator.py
[2025-04-22T01:15:48.052+0000] {processor.py:914} INFO - Processing file /home/airflow/.local/lib/python3.12/site-packages/airflow/example_dags/example_python_operator.py for tasks to queue
[2025-04-22T01:15:48.054+0000] {logging_mixin.py:190} INFO - [2025-04-22T01:15:48.054+0000] {dagbag.py:588} INFO - Filling up the DagBag from /home/airflow/.local/lib/python3.12/site-packages/airflow/example_dags/example_python_operator.py
[2025-04-22T01:15:48.065+0000] {processor.py:925} INFO - DAG(s) 'example_python_operator' retrieved from /home/airflow/.local/lib/python3.12/site-packages/airflow/example_dags/example_python_operator.py
[2025-04-22T01:15:48.084+0000] {logging_mixin.py:190} INFO - [2025-04-22T01:15:48.083+0000] {dag.py:3239} INFO - Sync 1 DAGs
[2025-04-22T01:15:48.095+0000] {logging_mixin.py:190} INFO - [2025-04-22T01:15:48.095+0000] {dag.py:4180} INFO - Setting next_dagrun for example_python_operator to None, run_after=None
[2025-04-22T01:15:48.110+0000] {processor.py:208} INFO - Processing /home/airflow/.local/lib/python3.12/site-packages/airflow/example_dags/example_python_operator.py took 0.064 seconds
[2025-04-22T01:16:19.331+0000] {processor.py:186} INFO - Started process (PID=698) to work on /home/airflow/.local/lib/python3.12/site-packages/airflow/example_dags/example_python_operator.py
[2025-04-22T01:16:19.331+0000] {processor.py:914} INFO - Processing file /home/airflow/.local/lib/python3.12/site-packages/airflow/example_dags/example_python_operator.py for tasks to queue
[2025-04-22T01:16:19.333+0000] {logging_mixin.py:190} INFO - [2025-04-22T01:16:19.333+0000] {dagbag.py:588} INFO - Filling up the DagBag from /home/airflow/.local/lib/python3.12/site-packages/airflow/example_dags/example_python_operator.py
[2025-04-22T01:16:19.345+0000] {processor.py:925} INFO - DAG(s) 'example_python_operator' retrieved from /home/airflow/.local/lib/python3.12/site-packages/airflow/example_dags/example_python_operator.py
[2025-04-22T01:16:19.365+0000] {logging_mixin.py:190} INFO - [2025-04-22T01:16:19.365+0000] {dag.py:3239} INFO - Sync 1 DAGs
[2025-04-22T01:16:19.378+0000] {logging_mixin.py:190} INFO - [2025-04-22T01:16:19.377+0000] {dag.py:4180} INFO - Setting next_dagrun for example_python_operator to None, run_after=None
[2025-04-22T01:16:19.393+0000] {processor.py:208} INFO - Processing /home/airflow/.local/lib/python3.12/site-packages/airflow/example_dags/example_python_operator.py took 0.067 seconds
[2025-04-22T01:16:50.717+0000] {processor.py:186} INFO - Started process (PID=761) to work on /home/airflow/.local/lib/python3.12/site-packages/airflow/example_dags/example_python_operator.py
[2025-04-22T01:16:50.718+0000] {processor.py:914} INFO - Processing file /home/airflow/.local/lib/python3.12/site-packages/airflow/example_dags/example_python_operator.py for tasks to queue
[2025-04-22T01:16:50.720+0000] {logging_mixin.py:190} INFO - [2025-04-22T01:16:50.720+0000] {dagbag.py:588} INFO - Filling up the DagBag from /home/airflow/.local/lib/python3.12/site-packages/airflow/example_dags/example_python_operator.py
[2025-04-22T01:16:50.732+0000] {processor.py:925} INFO - DAG(s) 'example_python_operator' retrieved from /home/airflow/.local/lib/python3.12/site-packages/airflow/example_dags/example_python_operator.py
[2025-04-22T01:16:50.758+0000] {logging_mixin.py:190} INFO - [2025-04-22T01:16:50.757+0000] {dag.py:3239} INFO - Sync 1 DAGs
[2025-04-22T01:16:50.776+0000] {logging_mixin.py:190} INFO - [2025-04-22T01:16:50.776+0000] {dag.py:4180} INFO - Setting next_dagrun for example_python_operator to None, run_after=None
[2025-04-22T01:16:50.795+0000] {processor.py:208} INFO - Processing /home/airflow/.local/lib/python3.12/site-packages/airflow/example_dags/example_python_operator.py took 0.083 seconds
[2025-04-22T01:17:22.189+0000] {processor.py:186} INFO - Started process (PID=823) to work on /home/airflow/.local/lib/python3.12/site-packages/airflow/example_dags/example_python_operator.py
[2025-04-22T01:17:22.190+0000] {processor.py:914} INFO - Processing file /home/airflow/.local/lib/python3.12/site-packages/airflow/example_dags/example_python_operator.py for tasks to queue
[2025-04-22T01:17:22.193+0000] {logging_mixin.py:190} INFO - [2025-04-22T01:17:22.192+0000] {dagbag.py:588} INFO - Filling up the DagBag from /home/airflow/.local/lib/python3.12/site-packages/airflow/example_dags/example_python_operator.py
[2025-04-22T01:17:22.204+0000] {processor.py:925} INFO - DAG(s) 'example_python_operator' retrieved from /home/airflow/.local/lib/python3.12/site-packages/airflow/example_dags/example_python_operator.py
[2025-04-22T01:17:22.226+0000] {logging_mixin.py:190} INFO - [2025-04-22T01:17:22.225+0000] {dag.py:3239} INFO - Sync 1 DAGs
[2025-04-22T01:17:22.239+0000] {logging_mixin.py:190} INFO - [2025-04-22T01:17:22.238+0000] {dag.py:4180} INFO - Setting next_dagrun for example_python_operator to None, run_after=None
[2025-04-22T01:17:22.254+0000] {processor.py:208} INFO - Processing /home/airflow/.local/lib/python3.12/site-packages/airflow/example_dags/example_python_operator.py took 0.070 seconds
[2025-04-22T01:17:53.101+0000] {processor.py:186} INFO - Started process (PID=886) to work on /home/airflow/.local/lib/python3.12/site-packages/airflow/example_dags/example_python_operator.py
[2025-04-22T01:17:53.102+0000] {processor.py:914} INFO - Processing file /home/airflow/.local/lib/python3.12/site-packages/airflow/example_dags/example_python_operator.py for tasks to queue
[2025-04-22T01:17:53.104+0000] {logging_mixin.py:190} INFO - [2025-04-22T01:17:53.104+0000] {dagbag.py:588} INFO - Filling up the DagBag from /home/airflow/.local/lib/python3.12/site-packages/airflow/example_dags/example_python_operator.py
[2025-04-22T01:17:53.115+0000] {processor.py:925} INFO - DAG(s) 'example_python_operator' retrieved from /home/airflow/.local/lib/python3.12/site-packages/airflow/example_dags/example_python_operator.py
[2025-04-22T01:17:53.136+0000] {logging_mixin.py:190} INFO - [2025-04-22T01:17:53.136+0000] {dag.py:3239} INFO - Sync 1 DAGs
[2025-04-22T01:17:53.150+0000] {logging_mixin.py:190} INFO - [2025-04-22T01:17:53.150+0000] {dag.py:4180} INFO - Setting next_dagrun for example_python_operator to None, run_after=None
[2025-04-22T01:17:53.169+0000] {processor.py:208} INFO - Processing /home/airflow/.local/lib/python3.12/site-packages/airflow/example_dags/example_python_operator.py took 0.074 seconds
[2025-04-22T01:18:24.904+0000] {processor.py:186} INFO - Started process (PID=950) to work on /home/airflow/.local/lib/python3.12/site-packages/airflow/example_dags/example_python_operator.py
[2025-04-22T01:18:24.905+0000] {processor.py:914} INFO - Processing file /home/airflow/.local/lib/python3.12/site-packages/airflow/example_dags/example_python_operator.py for tasks to queue
[2025-04-22T01:18:24.907+0000] {logging_mixin.py:190} INFO - [2025-04-22T01:18:24.907+0000] {dagbag.py:588} INFO - Filling up the DagBag from /home/airflow/.local/lib/python3.12/site-packages/airflow/example_dags/example_python_operator.py
[2025-04-22T01:18:24.919+0000] {processor.py:925} INFO - DAG(s) 'example_python_operator' retrieved from /home/airflow/.local/lib/python3.12/site-packages/airflow/example_dags/example_python_operator.py
[2025-04-22T01:18:24.942+0000] {logging_mixin.py:190} INFO - [2025-04-22T01:18:24.941+0000] {dag.py:3239} INFO - Sync 1 DAGs
[2025-04-22T01:18:24.956+0000] {logging_mixin.py:190} INFO - [2025-04-22T01:18:24.955+0000] {dag.py:4180} INFO - Setting next_dagrun for example_python_operator to None, run_after=None
[2025-04-22T01:18:24.976+0000] {processor.py:208} INFO - Processing /home/airflow/.local/lib/python3.12/site-packages/airflow/example_dags/example_python_operator.py took 0.077 seconds
