[2025-04-22T01:11:11.919+0000] {processor.py:186} INFO - Started process (PID=90) to work on /home/airflow/.local/lib/python3.12/site-packages/airflow/example_dags/example_branch_labels.py
[2025-04-22T01:11:11.921+0000] {processor.py:914} INFO - Processing file /home/airflow/.local/lib/python3.12/site-packages/airflow/example_dags/example_branch_labels.py for tasks to queue
[2025-04-22T01:11:11.928+0000] {logging_mixin.py:190} INFO - [2025-04-22T01:11:11.926+0000] {dagbag.py:588} INFO - Filling up the DagBag from /home/airflow/.local/lib/python3.12/site-packages/airflow/example_dags/example_branch_labels.py
[2025-04-22T01:11:11.953+0000] {processor.py:925} INFO - DAG(s) 'example_branch_labels' retrieved from /home/airflow/.local/lib/python3.12/site-packages/airflow/example_dags/example_branch_labels.py
[2025-04-22T01:11:12.166+0000] {logging_mixin.py:190} INFO - [2025-04-22T01:11:12.165+0000] {override.py:1912} INFO - Created Permission View: can delete on DAG:example_branch_labels
[2025-04-22T01:11:12.180+0000] {logging_mixin.py:190} INFO - [2025-04-22T01:11:12.180+0000] {override.py:1912} INFO - Created Permission View: can read on DAG:example_branch_labels
[2025-04-22T01:11:12.190+0000] {logging_mixin.py:190} INFO - [2025-04-22T01:11:12.190+0000] {override.py:1912} INFO - Created Permission View: can edit on DAG:example_branch_labels
[2025-04-22T01:11:12.201+0000] {logging_mixin.py:190} INFO - [2025-04-22T01:11:12.200+0000] {override.py:1912} INFO - Created Permission View: menu access on DAG Run:example_branch_labels
[2025-04-22T01:11:12.209+0000] {logging_mixin.py:190} INFO - [2025-04-22T01:11:12.208+0000] {override.py:1912} INFO - Created Permission View: can delete on DAG Run:example_branch_labels
[2025-04-22T01:11:12.218+0000] {logging_mixin.py:190} INFO - [2025-04-22T01:11:12.218+0000] {override.py:1912} INFO - Created Permission View: can read on DAG Run:example_branch_labels
[2025-04-22T01:11:12.228+0000] {logging_mixin.py:190} INFO - [2025-04-22T01:11:12.228+0000] {override.py:1912} INFO - Created Permission View: can create on DAG Run:example_branch_labels
[2025-04-22T01:11:12.229+0000] {logging_mixin.py:190} INFO - [2025-04-22T01:11:12.229+0000] {dag.py:3239} INFO - Sync 1 DAGs
[2025-04-22T01:11:12.244+0000] {logging_mixin.py:190} INFO - [2025-04-22T01:11:12.244+0000] {dag.py:3262} INFO - Creating ORM DAG for example_branch_labels
[2025-04-22T01:11:12.256+0000] {logging_mixin.py:190} INFO - [2025-04-22T01:11:12.256+0000] {dag.py:4180} INFO - Setting next_dagrun for example_branch_labels to 2025-04-21 00:00:00+00:00, run_after=2025-04-22 00:00:00+00:00
[2025-04-22T01:11:12.273+0000] {processor.py:208} INFO - Processing /home/airflow/.local/lib/python3.12/site-packages/airflow/example_dags/example_branch_labels.py took 0.363 seconds
[2025-04-22T01:11:43.000+0000] {processor.py:186} INFO - Started process (PID=153) to work on /home/airflow/.local/lib/python3.12/site-packages/airflow/example_dags/example_branch_labels.py
[2025-04-22T01:11:43.001+0000] {processor.py:914} INFO - Processing file /home/airflow/.local/lib/python3.12/site-packages/airflow/example_dags/example_branch_labels.py for tasks to queue
[2025-04-22T01:11:43.003+0000] {logging_mixin.py:190} INFO - [2025-04-22T01:11:43.003+0000] {dagbag.py:588} INFO - Filling up the DagBag from /home/airflow/.local/lib/python3.12/site-packages/airflow/example_dags/example_branch_labels.py
[2025-04-22T01:11:43.011+0000] {processor.py:925} INFO - DAG(s) 'example_branch_labels' retrieved from /home/airflow/.local/lib/python3.12/site-packages/airflow/example_dags/example_branch_labels.py
[2025-04-22T01:11:43.028+0000] {logging_mixin.py:190} INFO - [2025-04-22T01:11:43.028+0000] {dag.py:3239} INFO - Sync 1 DAGs
[2025-04-22T01:11:43.047+0000] {logging_mixin.py:190} INFO - [2025-04-22T01:11:43.047+0000] {dag.py:4180} INFO - Setting next_dagrun for example_branch_labels to 2025-04-21 00:00:00+00:00, run_after=2025-04-22 00:00:00+00:00
[2025-04-22T01:11:43.063+0000] {processor.py:208} INFO - Processing /home/airflow/.local/lib/python3.12/site-packages/airflow/example_dags/example_branch_labels.py took 0.068 seconds
[2025-04-22T01:12:13.230+0000] {processor.py:186} INFO - Started process (PID=216) to work on /home/airflow/.local/lib/python3.12/site-packages/airflow/example_dags/example_branch_labels.py
[2025-04-22T01:12:13.231+0000] {processor.py:914} INFO - Processing file /home/airflow/.local/lib/python3.12/site-packages/airflow/example_dags/example_branch_labels.py for tasks to queue
[2025-04-22T01:12:13.233+0000] {logging_mixin.py:190} INFO - [2025-04-22T01:12:13.232+0000] {dagbag.py:588} INFO - Filling up the DagBag from /home/airflow/.local/lib/python3.12/site-packages/airflow/example_dags/example_branch_labels.py
[2025-04-22T01:12:13.240+0000] {processor.py:925} INFO - DAG(s) 'example_branch_labels' retrieved from /home/airflow/.local/lib/python3.12/site-packages/airflow/example_dags/example_branch_labels.py
[2025-04-22T01:12:13.256+0000] {logging_mixin.py:190} INFO - [2025-04-22T01:12:13.255+0000] {dag.py:3239} INFO - Sync 1 DAGs
[2025-04-22T01:12:13.277+0000] {logging_mixin.py:190} INFO - [2025-04-22T01:12:13.276+0000] {dag.py:4180} INFO - Setting next_dagrun for example_branch_labels to 2025-04-21 00:00:00+00:00, run_after=2025-04-22 00:00:00+00:00
[2025-04-22T01:12:13.293+0000] {processor.py:208} INFO - Processing /home/airflow/.local/lib/python3.12/site-packages/airflow/example_dags/example_branch_labels.py took 0.067 seconds
[2025-04-22T01:12:43.458+0000] {processor.py:186} INFO - Started process (PID=279) to work on /home/airflow/.local/lib/python3.12/site-packages/airflow/example_dags/example_branch_labels.py
[2025-04-22T01:12:43.459+0000] {processor.py:914} INFO - Processing file /home/airflow/.local/lib/python3.12/site-packages/airflow/example_dags/example_branch_labels.py for tasks to queue
[2025-04-22T01:12:43.462+0000] {logging_mixin.py:190} INFO - [2025-04-22T01:12:43.461+0000] {dagbag.py:588} INFO - Filling up the DagBag from /home/airflow/.local/lib/python3.12/site-packages/airflow/example_dags/example_branch_labels.py
[2025-04-22T01:12:43.470+0000] {processor.py:925} INFO - DAG(s) 'example_branch_labels' retrieved from /home/airflow/.local/lib/python3.12/site-packages/airflow/example_dags/example_branch_labels.py
[2025-04-22T01:12:43.487+0000] {logging_mixin.py:190} INFO - [2025-04-22T01:12:43.487+0000] {dag.py:3239} INFO - Sync 1 DAGs
[2025-04-22T01:12:43.506+0000] {logging_mixin.py:190} INFO - [2025-04-22T01:12:43.506+0000] {dag.py:4180} INFO - Setting next_dagrun for example_branch_labels to 2025-04-21 00:00:00+00:00, run_after=2025-04-22 00:00:00+00:00
[2025-04-22T01:12:43.524+0000] {processor.py:208} INFO - Processing /home/airflow/.local/lib/python3.12/site-packages/airflow/example_dags/example_branch_labels.py took 0.071 seconds
[2025-04-22T01:13:13.815+0000] {processor.py:186} INFO - Started process (PID=341) to work on /home/airflow/.local/lib/python3.12/site-packages/airflow/example_dags/example_branch_labels.py
[2025-04-22T01:13:13.816+0000] {processor.py:914} INFO - Processing file /home/airflow/.local/lib/python3.12/site-packages/airflow/example_dags/example_branch_labels.py for tasks to queue
[2025-04-22T01:13:13.817+0000] {logging_mixin.py:190} INFO - [2025-04-22T01:13:13.817+0000] {dagbag.py:588} INFO - Filling up the DagBag from /home/airflow/.local/lib/python3.12/site-packages/airflow/example_dags/example_branch_labels.py
[2025-04-22T01:13:13.825+0000] {processor.py:925} INFO - DAG(s) 'example_branch_labels' retrieved from /home/airflow/.local/lib/python3.12/site-packages/airflow/example_dags/example_branch_labels.py
[2025-04-22T01:13:13.843+0000] {logging_mixin.py:190} INFO - [2025-04-22T01:13:13.843+0000] {dag.py:3239} INFO - Sync 1 DAGs
[2025-04-22T01:13:13.862+0000] {logging_mixin.py:190} INFO - [2025-04-22T01:13:13.862+0000] {dag.py:4180} INFO - Setting next_dagrun for example_branch_labels to 2025-04-21 00:00:00+00:00, run_after=2025-04-22 00:00:00+00:00
[2025-04-22T01:13:13.876+0000] {processor.py:208} INFO - Processing /home/airflow/.local/lib/python3.12/site-packages/airflow/example_dags/example_branch_labels.py took 0.066 seconds
[2025-04-22T01:13:44.428+0000] {processor.py:186} INFO - Started process (PID=404) to work on /home/airflow/.local/lib/python3.12/site-packages/airflow/example_dags/example_branch_labels.py
[2025-04-22T01:13:44.429+0000] {processor.py:914} INFO - Processing file /home/airflow/.local/lib/python3.12/site-packages/airflow/example_dags/example_branch_labels.py for tasks to queue
[2025-04-22T01:13:44.430+0000] {logging_mixin.py:190} INFO - [2025-04-22T01:13:44.430+0000] {dagbag.py:588} INFO - Filling up the DagBag from /home/airflow/.local/lib/python3.12/site-packages/airflow/example_dags/example_branch_labels.py
[2025-04-22T01:13:44.438+0000] {processor.py:925} INFO - DAG(s) 'example_branch_labels' retrieved from /home/airflow/.local/lib/python3.12/site-packages/airflow/example_dags/example_branch_labels.py
[2025-04-22T01:13:44.457+0000] {logging_mixin.py:190} INFO - [2025-04-22T01:13:44.457+0000] {dag.py:3239} INFO - Sync 1 DAGs
[2025-04-22T01:13:44.479+0000] {logging_mixin.py:190} INFO - [2025-04-22T01:13:44.478+0000] {dag.py:4180} INFO - Setting next_dagrun for example_branch_labels to 2025-04-21 00:00:00+00:00, run_after=2025-04-22 00:00:00+00:00
[2025-04-22T01:13:44.494+0000] {processor.py:208} INFO - Processing /home/airflow/.local/lib/python3.12/site-packages/airflow/example_dags/example_branch_labels.py took 0.072 seconds
[2025-04-22T01:14:15.612+0000] {processor.py:186} INFO - Started process (PID=467) to work on /home/airflow/.local/lib/python3.12/site-packages/airflow/example_dags/example_branch_labels.py
[2025-04-22T01:14:15.613+0000] {processor.py:914} INFO - Processing file /home/airflow/.local/lib/python3.12/site-packages/airflow/example_dags/example_branch_labels.py for tasks to queue
[2025-04-22T01:14:15.615+0000] {logging_mixin.py:190} INFO - [2025-04-22T01:14:15.615+0000] {dagbag.py:588} INFO - Filling up the DagBag from /home/airflow/.local/lib/python3.12/site-packages/airflow/example_dags/example_branch_labels.py
[2025-04-22T01:14:15.624+0000] {processor.py:925} INFO - DAG(s) 'example_branch_labels' retrieved from /home/airflow/.local/lib/python3.12/site-packages/airflow/example_dags/example_branch_labels.py
[2025-04-22T01:14:15.641+0000] {logging_mixin.py:190} INFO - [2025-04-22T01:14:15.641+0000] {dag.py:3239} INFO - Sync 1 DAGs
[2025-04-22T01:14:15.662+0000] {logging_mixin.py:190} INFO - [2025-04-22T01:14:15.661+0000] {dag.py:4180} INFO - Setting next_dagrun for example_branch_labels to 2025-04-21 00:00:00+00:00, run_after=2025-04-22 00:00:00+00:00
[2025-04-22T01:14:15.678+0000] {processor.py:208} INFO - Processing /home/airflow/.local/lib/python3.12/site-packages/airflow/example_dags/example_branch_labels.py took 0.072 seconds
[2025-04-22T01:14:47.995+0000] {processor.py:186} INFO - Started process (PID=531) to work on /home/airflow/.local/lib/python3.12/site-packages/airflow/example_dags/example_branch_labels.py
[2025-04-22T01:14:47.996+0000] {processor.py:914} INFO - Processing file /home/airflow/.local/lib/python3.12/site-packages/airflow/example_dags/example_branch_labels.py for tasks to queue
[2025-04-22T01:14:47.998+0000] {logging_mixin.py:190} INFO - [2025-04-22T01:14:47.998+0000] {dagbag.py:588} INFO - Filling up the DagBag from /home/airflow/.local/lib/python3.12/site-packages/airflow/example_dags/example_branch_labels.py
[2025-04-22T01:14:48.007+0000] {processor.py:925} INFO - DAG(s) 'example_branch_labels' retrieved from /home/airflow/.local/lib/python3.12/site-packages/airflow/example_dags/example_branch_labels.py
[2025-04-22T01:14:48.030+0000] {logging_mixin.py:190} INFO - [2025-04-22T01:14:48.030+0000] {dag.py:3239} INFO - Sync 1 DAGs
[2025-04-22T01:14:48.052+0000] {logging_mixin.py:190} INFO - [2025-04-22T01:14:48.052+0000] {dag.py:4180} INFO - Setting next_dagrun for example_branch_labels to 2025-04-21 00:00:00+00:00, run_after=2025-04-22 00:00:00+00:00
[2025-04-22T01:14:48.068+0000] {processor.py:208} INFO - Processing /home/airflow/.local/lib/python3.12/site-packages/airflow/example_dags/example_branch_labels.py took 0.079 seconds
[2025-04-22T01:15:18.284+0000] {processor.py:186} INFO - Started process (PID=593) to work on /home/airflow/.local/lib/python3.12/site-packages/airflow/example_dags/example_branch_labels.py
[2025-04-22T01:15:18.285+0000] {processor.py:914} INFO - Processing file /home/airflow/.local/lib/python3.12/site-packages/airflow/example_dags/example_branch_labels.py for tasks to queue
[2025-04-22T01:15:18.287+0000] {logging_mixin.py:190} INFO - [2025-04-22T01:15:18.287+0000] {dagbag.py:588} INFO - Filling up the DagBag from /home/airflow/.local/lib/python3.12/site-packages/airflow/example_dags/example_branch_labels.py
[2025-04-22T01:15:18.297+0000] {processor.py:925} INFO - DAG(s) 'example_branch_labels' retrieved from /home/airflow/.local/lib/python3.12/site-packages/airflow/example_dags/example_branch_labels.py
[2025-04-22T01:15:18.314+0000] {logging_mixin.py:190} INFO - [2025-04-22T01:15:18.313+0000] {dag.py:3239} INFO - Sync 1 DAGs
[2025-04-22T01:15:18.335+0000] {logging_mixin.py:190} INFO - [2025-04-22T01:15:18.334+0000] {dag.py:4180} INFO - Setting next_dagrun for example_branch_labels to 2025-04-21 00:00:00+00:00, run_after=2025-04-22 00:00:00+00:00
[2025-04-22T01:15:18.350+0000] {processor.py:208} INFO - Processing /home/airflow/.local/lib/python3.12/site-packages/airflow/example_dags/example_branch_labels.py took 0.071 seconds
[2025-04-22T01:15:50.514+0000] {processor.py:186} INFO - Started process (PID=657) to work on /home/airflow/.local/lib/python3.12/site-packages/airflow/example_dags/example_branch_labels.py
[2025-04-22T01:15:50.515+0000] {processor.py:914} INFO - Processing file /home/airflow/.local/lib/python3.12/site-packages/airflow/example_dags/example_branch_labels.py for tasks to queue
[2025-04-22T01:15:50.517+0000] {logging_mixin.py:190} INFO - [2025-04-22T01:15:50.517+0000] {dagbag.py:588} INFO - Filling up the DagBag from /home/airflow/.local/lib/python3.12/site-packages/airflow/example_dags/example_branch_labels.py
[2025-04-22T01:15:50.526+0000] {processor.py:925} INFO - DAG(s) 'example_branch_labels' retrieved from /home/airflow/.local/lib/python3.12/site-packages/airflow/example_dags/example_branch_labels.py
[2025-04-22T01:15:50.544+0000] {logging_mixin.py:190} INFO - [2025-04-22T01:15:50.543+0000] {dag.py:3239} INFO - Sync 1 DAGs
[2025-04-22T01:15:50.564+0000] {logging_mixin.py:190} INFO - [2025-04-22T01:15:50.564+0000] {dag.py:4180} INFO - Setting next_dagrun for example_branch_labels to 2025-04-21 00:00:00+00:00, run_after=2025-04-22 00:00:00+00:00
[2025-04-22T01:15:50.581+0000] {processor.py:208} INFO - Processing /home/airflow/.local/lib/python3.12/site-packages/airflow/example_dags/example_branch_labels.py took 0.072 seconds
[2025-04-22T01:16:20.705+0000] {processor.py:186} INFO - Started process (PID=719) to work on /home/airflow/.local/lib/python3.12/site-packages/airflow/example_dags/example_branch_labels.py
[2025-04-22T01:16:20.706+0000] {processor.py:914} INFO - Processing file /home/airflow/.local/lib/python3.12/site-packages/airflow/example_dags/example_branch_labels.py for tasks to queue
[2025-04-22T01:16:20.707+0000] {logging_mixin.py:190} INFO - [2025-04-22T01:16:20.707+0000] {dagbag.py:588} INFO - Filling up the DagBag from /home/airflow/.local/lib/python3.12/site-packages/airflow/example_dags/example_branch_labels.py
[2025-04-22T01:16:20.716+0000] {processor.py:925} INFO - DAG(s) 'example_branch_labels' retrieved from /home/airflow/.local/lib/python3.12/site-packages/airflow/example_dags/example_branch_labels.py
[2025-04-22T01:16:20.733+0000] {logging_mixin.py:190} INFO - [2025-04-22T01:16:20.733+0000] {dag.py:3239} INFO - Sync 1 DAGs
[2025-04-22T01:16:20.754+0000] {logging_mixin.py:190} INFO - [2025-04-22T01:16:20.753+0000] {dag.py:4180} INFO - Setting next_dagrun for example_branch_labels to 2025-04-21 00:00:00+00:00, run_after=2025-04-22 00:00:00+00:00
[2025-04-22T01:16:20.772+0000] {processor.py:208} INFO - Processing /home/airflow/.local/lib/python3.12/site-packages/airflow/example_dags/example_branch_labels.py took 0.072 seconds
[2025-04-22T01:16:52.745+0000] {processor.py:186} INFO - Started process (PID=783) to work on /home/airflow/.local/lib/python3.12/site-packages/airflow/example_dags/example_branch_labels.py
[2025-04-22T01:16:52.746+0000] {processor.py:914} INFO - Processing file /home/airflow/.local/lib/python3.12/site-packages/airflow/example_dags/example_branch_labels.py for tasks to queue
[2025-04-22T01:16:52.747+0000] {logging_mixin.py:190} INFO - [2025-04-22T01:16:52.747+0000] {dagbag.py:588} INFO - Filling up the DagBag from /home/airflow/.local/lib/python3.12/site-packages/airflow/example_dags/example_branch_labels.py
[2025-04-22T01:16:52.757+0000] {processor.py:925} INFO - DAG(s) 'example_branch_labels' retrieved from /home/airflow/.local/lib/python3.12/site-packages/airflow/example_dags/example_branch_labels.py
[2025-04-22T01:16:52.781+0000] {logging_mixin.py:190} INFO - [2025-04-22T01:16:52.781+0000] {dag.py:3239} INFO - Sync 1 DAGs
[2025-04-22T01:16:52.809+0000] {logging_mixin.py:190} INFO - [2025-04-22T01:16:52.809+0000] {dag.py:4180} INFO - Setting next_dagrun for example_branch_labels to 2025-04-21 00:00:00+00:00, run_after=2025-04-22 00:00:00+00:00
[2025-04-22T01:16:52.825+0000] {processor.py:208} INFO - Processing /home/airflow/.local/lib/python3.12/site-packages/airflow/example_dags/example_branch_labels.py took 0.085 seconds
[2025-04-22T01:17:24.516+0000] {processor.py:186} INFO - Started process (PID=846) to work on /home/airflow/.local/lib/python3.12/site-packages/airflow/example_dags/example_branch_labels.py
[2025-04-22T01:17:24.517+0000] {processor.py:914} INFO - Processing file /home/airflow/.local/lib/python3.12/site-packages/airflow/example_dags/example_branch_labels.py for tasks to queue
[2025-04-22T01:17:24.518+0000] {logging_mixin.py:190} INFO - [2025-04-22T01:17:24.518+0000] {dagbag.py:588} INFO - Filling up the DagBag from /home/airflow/.local/lib/python3.12/site-packages/airflow/example_dags/example_branch_labels.py
[2025-04-22T01:17:24.526+0000] {processor.py:925} INFO - DAG(s) 'example_branch_labels' retrieved from /home/airflow/.local/lib/python3.12/site-packages/airflow/example_dags/example_branch_labels.py
[2025-04-22T01:17:24.545+0000] {logging_mixin.py:190} INFO - [2025-04-22T01:17:24.544+0000] {dag.py:3239} INFO - Sync 1 DAGs
[2025-04-22T01:17:24.568+0000] {logging_mixin.py:190} INFO - [2025-04-22T01:17:24.568+0000] {dag.py:4180} INFO - Setting next_dagrun for example_branch_labels to 2025-04-21 00:00:00+00:00, run_after=2025-04-22 00:00:00+00:00
[2025-04-22T01:17:24.584+0000] {processor.py:208} INFO - Processing /home/airflow/.local/lib/python3.12/site-packages/airflow/example_dags/example_branch_labels.py took 0.074 seconds
[2025-04-22T01:17:55.639+0000] {processor.py:186} INFO - Started process (PID=909) to work on /home/airflow/.local/lib/python3.12/site-packages/airflow/example_dags/example_branch_labels.py
[2025-04-22T01:17:55.640+0000] {processor.py:914} INFO - Processing file /home/airflow/.local/lib/python3.12/site-packages/airflow/example_dags/example_branch_labels.py for tasks to queue
[2025-04-22T01:17:55.642+0000] {logging_mixin.py:190} INFO - [2025-04-22T01:17:55.641+0000] {dagbag.py:588} INFO - Filling up the DagBag from /home/airflow/.local/lib/python3.12/site-packages/airflow/example_dags/example_branch_labels.py
[2025-04-22T01:17:55.650+0000] {processor.py:925} INFO - DAG(s) 'example_branch_labels' retrieved from /home/airflow/.local/lib/python3.12/site-packages/airflow/example_dags/example_branch_labels.py
[2025-04-22T01:17:55.667+0000] {logging_mixin.py:190} INFO - [2025-04-22T01:17:55.667+0000] {dag.py:3239} INFO - Sync 1 DAGs
[2025-04-22T01:17:55.687+0000] {logging_mixin.py:190} INFO - [2025-04-22T01:17:55.687+0000] {dag.py:4180} INFO - Setting next_dagrun for example_branch_labels to 2025-04-21 00:00:00+00:00, run_after=2025-04-22 00:00:00+00:00
[2025-04-22T01:17:55.704+0000] {processor.py:208} INFO - Processing /home/airflow/.local/lib/python3.12/site-packages/airflow/example_dags/example_branch_labels.py took 0.069 seconds
[2025-04-22T01:18:26.977+0000] {processor.py:186} INFO - Started process (PID=972) to work on /home/airflow/.local/lib/python3.12/site-packages/airflow/example_dags/example_branch_labels.py
[2025-04-22T01:18:26.978+0000] {processor.py:914} INFO - Processing file /home/airflow/.local/lib/python3.12/site-packages/airflow/example_dags/example_branch_labels.py for tasks to queue
[2025-04-22T01:18:26.980+0000] {logging_mixin.py:190} INFO - [2025-04-22T01:18:26.979+0000] {dagbag.py:588} INFO - Filling up the DagBag from /home/airflow/.local/lib/python3.12/site-packages/airflow/example_dags/example_branch_labels.py
[2025-04-22T01:18:26.989+0000] {processor.py:925} INFO - DAG(s) 'example_branch_labels' retrieved from /home/airflow/.local/lib/python3.12/site-packages/airflow/example_dags/example_branch_labels.py
[2025-04-22T01:18:27.010+0000] {logging_mixin.py:190} INFO - [2025-04-22T01:18:27.010+0000] {dag.py:3239} INFO - Sync 1 DAGs
[2025-04-22T01:18:27.033+0000] {logging_mixin.py:190} INFO - [2025-04-22T01:18:27.033+0000] {dag.py:4180} INFO - Setting next_dagrun for example_branch_labels to 2025-04-21 00:00:00+00:00, run_after=2025-04-22 00:00:00+00:00
[2025-04-22T01:18:27.050+0000] {processor.py:208} INFO - Processing /home/airflow/.local/lib/python3.12/site-packages/airflow/example_dags/example_branch_labels.py took 0.079 seconds
