[2025-04-22T01:11:06.922+0000] {processor.py:186} INFO - Started process (PID=55) to work on /home/airflow/.local/lib/python3.12/site-packages/airflow/example_dags/tutorial_objectstorage.py
[2025-04-22T01:11:06.923+0000] {processor.py:914} INFO - Processing file /home/airflow/.local/lib/python3.12/site-packages/airflow/example_dags/tutorial_objectstorage.py for tasks to queue
[2025-04-22T01:11:06.925+0000] {logging_mixin.py:190} INFO - [2025-04-22T01:11:06.925+0000] {dagbag.py:588} INFO - Filling up the DagBag from /home/airflow/.local/lib/python3.12/site-packages/airflow/example_dags/tutorial_objectstorage.py
[2025-04-22T01:11:06.936+0000] {processor.py:925} INFO - DAG(s) 'tutorial_objectstorage' retrieved from /home/airflow/.local/lib/python3.12/site-packages/airflow/example_dags/tutorial_objectstorage.py
[2025-04-22T01:11:07.046+0000] {logging_mixin.py:190} INFO - [2025-04-22T01:11:07.045+0000] {override.py:1912} INFO - Created Permission View: can delete on DAG:tutorial_objectstorage
[2025-04-22T01:11:07.055+0000] {logging_mixin.py:190} INFO - [2025-04-22T01:11:07.055+0000] {override.py:1912} INFO - Created Permission View: can read on DAG:tutorial_objectstorage
[2025-04-22T01:11:07.060+0000] {logging_mixin.py:190} INFO - [2025-04-22T01:11:07.060+0000] {override.py:1912} INFO - Created Permission View: can edit on DAG:tutorial_objectstorage
[2025-04-22T01:11:07.067+0000] {logging_mixin.py:190} INFO - [2025-04-22T01:11:07.067+0000] {override.py:1912} INFO - Created Permission View: menu access on DAG Run:tutorial_objectstorage
[2025-04-22T01:11:07.075+0000] {logging_mixin.py:190} INFO - [2025-04-22T01:11:07.074+0000] {override.py:1912} INFO - Created Permission View: can delete on DAG Run:tutorial_objectstorage
[2025-04-22T01:11:07.080+0000] {logging_mixin.py:190} INFO - [2025-04-22T01:11:07.080+0000] {override.py:1912} INFO - Created Permission View: can read on DAG Run:tutorial_objectstorage
[2025-04-22T01:11:07.087+0000] {logging_mixin.py:190} INFO - [2025-04-22T01:11:07.087+0000] {override.py:1912} INFO - Created Permission View: can create on DAG Run:tutorial_objectstorage
[2025-04-22T01:11:07.088+0000] {logging_mixin.py:190} INFO - [2025-04-22T01:11:07.088+0000] {dag.py:3239} INFO - Sync 1 DAGs
[2025-04-22T01:11:07.101+0000] {logging_mixin.py:190} INFO - [2025-04-22T01:11:07.100+0000] {dag.py:3262} INFO - Creating ORM DAG for tutorial_objectstorage
[2025-04-22T01:11:07.102+0000] {logging_mixin.py:190} INFO - [2025-04-22T01:11:07.102+0000] {dag.py:4180} INFO - Setting next_dagrun for tutorial_objectstorage to None, run_after=None
[2025-04-22T01:11:07.119+0000] {processor.py:208} INFO - Processing /home/airflow/.local/lib/python3.12/site-packages/airflow/example_dags/tutorial_objectstorage.py took 0.202 seconds
[2025-04-22T01:11:37.373+0000] {processor.py:186} INFO - Started process (PID=118) to work on /home/airflow/.local/lib/python3.12/site-packages/airflow/example_dags/tutorial_objectstorage.py
[2025-04-22T01:11:37.374+0000] {processor.py:914} INFO - Processing file /home/airflow/.local/lib/python3.12/site-packages/airflow/example_dags/tutorial_objectstorage.py for tasks to queue
[2025-04-22T01:11:37.375+0000] {logging_mixin.py:190} INFO - [2025-04-22T01:11:37.375+0000] {dagbag.py:588} INFO - Filling up the DagBag from /home/airflow/.local/lib/python3.12/site-packages/airflow/example_dags/tutorial_objectstorage.py
[2025-04-22T01:11:37.384+0000] {processor.py:925} INFO - DAG(s) 'tutorial_objectstorage' retrieved from /home/airflow/.local/lib/python3.12/site-packages/airflow/example_dags/tutorial_objectstorage.py
[2025-04-22T01:11:37.401+0000] {logging_mixin.py:190} INFO - [2025-04-22T01:11:37.401+0000] {dag.py:3239} INFO - Sync 1 DAGs
[2025-04-22T01:11:37.416+0000] {logging_mixin.py:190} INFO - [2025-04-22T01:11:37.416+0000] {dag.py:4180} INFO - Setting next_dagrun for tutorial_objectstorage to None, run_after=None
[2025-04-22T01:11:37.433+0000] {processor.py:208} INFO - Processing /home/airflow/.local/lib/python3.12/site-packages/airflow/example_dags/tutorial_objectstorage.py took 0.065 seconds
[2025-04-22T01:12:08.145+0000] {processor.py:186} INFO - Started process (PID=181) to work on /home/airflow/.local/lib/python3.12/site-packages/airflow/example_dags/tutorial_objectstorage.py
[2025-04-22T01:12:08.146+0000] {processor.py:914} INFO - Processing file /home/airflow/.local/lib/python3.12/site-packages/airflow/example_dags/tutorial_objectstorage.py for tasks to queue
[2025-04-22T01:12:08.148+0000] {logging_mixin.py:190} INFO - [2025-04-22T01:12:08.148+0000] {dagbag.py:588} INFO - Filling up the DagBag from /home/airflow/.local/lib/python3.12/site-packages/airflow/example_dags/tutorial_objectstorage.py
[2025-04-22T01:12:08.157+0000] {processor.py:925} INFO - DAG(s) 'tutorial_objectstorage' retrieved from /home/airflow/.local/lib/python3.12/site-packages/airflow/example_dags/tutorial_objectstorage.py
[2025-04-22T01:12:08.174+0000] {logging_mixin.py:190} INFO - [2025-04-22T01:12:08.174+0000] {dag.py:3239} INFO - Sync 1 DAGs
[2025-04-22T01:12:08.186+0000] {logging_mixin.py:190} INFO - [2025-04-22T01:12:08.186+0000] {dag.py:4180} INFO - Setting next_dagrun for tutorial_objectstorage to None, run_after=None
[2025-04-22T01:12:08.202+0000] {processor.py:208} INFO - Processing /home/airflow/.local/lib/python3.12/site-packages/airflow/example_dags/tutorial_objectstorage.py took 0.063 seconds
[2025-04-22T01:12:39.238+0000] {processor.py:186} INFO - Started process (PID=243) to work on /home/airflow/.local/lib/python3.12/site-packages/airflow/example_dags/tutorial_objectstorage.py
[2025-04-22T01:12:39.238+0000] {processor.py:914} INFO - Processing file /home/airflow/.local/lib/python3.12/site-packages/airflow/example_dags/tutorial_objectstorage.py for tasks to queue
[2025-04-22T01:12:39.240+0000] {logging_mixin.py:190} INFO - [2025-04-22T01:12:39.240+0000] {dagbag.py:588} INFO - Filling up the DagBag from /home/airflow/.local/lib/python3.12/site-packages/airflow/example_dags/tutorial_objectstorage.py
[2025-04-22T01:12:39.248+0000] {processor.py:925} INFO - DAG(s) 'tutorial_objectstorage' retrieved from /home/airflow/.local/lib/python3.12/site-packages/airflow/example_dags/tutorial_objectstorage.py
[2025-04-22T01:12:39.265+0000] {logging_mixin.py:190} INFO - [2025-04-22T01:12:39.264+0000] {dag.py:3239} INFO - Sync 1 DAGs
[2025-04-22T01:12:39.278+0000] {logging_mixin.py:190} INFO - [2025-04-22T01:12:39.277+0000] {dag.py:4180} INFO - Setting next_dagrun for tutorial_objectstorage to None, run_after=None
[2025-04-22T01:12:39.293+0000] {processor.py:208} INFO - Processing /home/airflow/.local/lib/python3.12/site-packages/airflow/example_dags/tutorial_objectstorage.py took 0.061 seconds
[2025-04-22T01:13:10.633+0000] {processor.py:186} INFO - Started process (PID=312) to work on /home/airflow/.local/lib/python3.12/site-packages/airflow/example_dags/tutorial_objectstorage.py
[2025-04-22T01:13:10.634+0000] {processor.py:914} INFO - Processing file /home/airflow/.local/lib/python3.12/site-packages/airflow/example_dags/tutorial_objectstorage.py for tasks to queue
[2025-04-22T01:13:10.636+0000] {logging_mixin.py:190} INFO - [2025-04-22T01:13:10.635+0000] {dagbag.py:588} INFO - Filling up the DagBag from /home/airflow/.local/lib/python3.12/site-packages/airflow/example_dags/tutorial_objectstorage.py
[2025-04-22T01:13:10.644+0000] {processor.py:925} INFO - DAG(s) 'tutorial_objectstorage' retrieved from /home/airflow/.local/lib/python3.12/site-packages/airflow/example_dags/tutorial_objectstorage.py
[2025-04-22T01:13:10.661+0000] {logging_mixin.py:190} INFO - [2025-04-22T01:13:10.661+0000] {dag.py:3239} INFO - Sync 1 DAGs
[2025-04-22T01:13:10.674+0000] {logging_mixin.py:190} INFO - [2025-04-22T01:13:10.673+0000] {dag.py:4180} INFO - Setting next_dagrun for tutorial_objectstorage to None, run_after=None
[2025-04-22T01:13:10.690+0000] {processor.py:208} INFO - Processing /home/airflow/.local/lib/python3.12/site-packages/airflow/example_dags/tutorial_objectstorage.py took 0.062 seconds
[2025-04-22T01:13:42.131+0000] {processor.py:186} INFO - Started process (PID=375) to work on /home/airflow/.local/lib/python3.12/site-packages/airflow/example_dags/tutorial_objectstorage.py
[2025-04-22T01:13:42.132+0000] {processor.py:914} INFO - Processing file /home/airflow/.local/lib/python3.12/site-packages/airflow/example_dags/tutorial_objectstorage.py for tasks to queue
[2025-04-22T01:13:42.134+0000] {logging_mixin.py:190} INFO - [2025-04-22T01:13:42.134+0000] {dagbag.py:588} INFO - Filling up the DagBag from /home/airflow/.local/lib/python3.12/site-packages/airflow/example_dags/tutorial_objectstorage.py
[2025-04-22T01:13:42.142+0000] {processor.py:925} INFO - DAG(s) 'tutorial_objectstorage' retrieved from /home/airflow/.local/lib/python3.12/site-packages/airflow/example_dags/tutorial_objectstorage.py
[2025-04-22T01:13:42.158+0000] {logging_mixin.py:190} INFO - [2025-04-22T01:13:42.158+0000] {dag.py:3239} INFO - Sync 1 DAGs
[2025-04-22T01:13:42.174+0000] {logging_mixin.py:190} INFO - [2025-04-22T01:13:42.173+0000] {dag.py:4180} INFO - Setting next_dagrun for tutorial_objectstorage to None, run_after=None
[2025-04-22T01:13:42.196+0000] {processor.py:208} INFO - Processing /home/airflow/.local/lib/python3.12/site-packages/airflow/example_dags/tutorial_objectstorage.py took 0.071 seconds
[2025-04-22T01:14:13.542+0000] {processor.py:186} INFO - Started process (PID=438) to work on /home/airflow/.local/lib/python3.12/site-packages/airflow/example_dags/tutorial_objectstorage.py
[2025-04-22T01:14:13.543+0000] {processor.py:914} INFO - Processing file /home/airflow/.local/lib/python3.12/site-packages/airflow/example_dags/tutorial_objectstorage.py for tasks to queue
[2025-04-22T01:14:13.545+0000] {logging_mixin.py:190} INFO - [2025-04-22T01:14:13.545+0000] {dagbag.py:588} INFO - Filling up the DagBag from /home/airflow/.local/lib/python3.12/site-packages/airflow/example_dags/tutorial_objectstorage.py
[2025-04-22T01:14:13.554+0000] {processor.py:925} INFO - DAG(s) 'tutorial_objectstorage' retrieved from /home/airflow/.local/lib/python3.12/site-packages/airflow/example_dags/tutorial_objectstorage.py
[2025-04-22T01:14:13.572+0000] {logging_mixin.py:190} INFO - [2025-04-22T01:14:13.571+0000] {dag.py:3239} INFO - Sync 1 DAGs
[2025-04-22T01:14:13.584+0000] {logging_mixin.py:190} INFO - [2025-04-22T01:14:13.584+0000] {dag.py:4180} INFO - Setting next_dagrun for tutorial_objectstorage to None, run_after=None
[2025-04-22T01:14:13.600+0000] {processor.py:208} INFO - Processing /home/airflow/.local/lib/python3.12/site-packages/airflow/example_dags/tutorial_objectstorage.py took 0.063 seconds
[2025-04-22T01:14:45.007+0000] {processor.py:186} INFO - Started process (PID=501) to work on /home/airflow/.local/lib/python3.12/site-packages/airflow/example_dags/tutorial_objectstorage.py
[2025-04-22T01:14:45.008+0000] {processor.py:914} INFO - Processing file /home/airflow/.local/lib/python3.12/site-packages/airflow/example_dags/tutorial_objectstorage.py for tasks to queue
[2025-04-22T01:14:45.010+0000] {logging_mixin.py:190} INFO - [2025-04-22T01:14:45.009+0000] {dagbag.py:588} INFO - Filling up the DagBag from /home/airflow/.local/lib/python3.12/site-packages/airflow/example_dags/tutorial_objectstorage.py
[2025-04-22T01:14:45.018+0000] {processor.py:925} INFO - DAG(s) 'tutorial_objectstorage' retrieved from /home/airflow/.local/lib/python3.12/site-packages/airflow/example_dags/tutorial_objectstorage.py
[2025-04-22T01:14:45.035+0000] {logging_mixin.py:190} INFO - [2025-04-22T01:14:45.035+0000] {dag.py:3239} INFO - Sync 1 DAGs
[2025-04-22T01:14:45.049+0000] {logging_mixin.py:190} INFO - [2025-04-22T01:14:45.048+0000] {dag.py:4180} INFO - Setting next_dagrun for tutorial_objectstorage to None, run_after=None
[2025-04-22T01:14:45.068+0000] {processor.py:208} INFO - Processing /home/airflow/.local/lib/python3.12/site-packages/airflow/example_dags/tutorial_objectstorage.py took 0.066 seconds
[2025-04-22T01:15:16.174+0000] {processor.py:186} INFO - Started process (PID=564) to work on /home/airflow/.local/lib/python3.12/site-packages/airflow/example_dags/tutorial_objectstorage.py
[2025-04-22T01:15:16.175+0000] {processor.py:914} INFO - Processing file /home/airflow/.local/lib/python3.12/site-packages/airflow/example_dags/tutorial_objectstorage.py for tasks to queue
[2025-04-22T01:15:16.177+0000] {logging_mixin.py:190} INFO - [2025-04-22T01:15:16.177+0000] {dagbag.py:588} INFO - Filling up the DagBag from /home/airflow/.local/lib/python3.12/site-packages/airflow/example_dags/tutorial_objectstorage.py
[2025-04-22T01:15:16.185+0000] {processor.py:925} INFO - DAG(s) 'tutorial_objectstorage' retrieved from /home/airflow/.local/lib/python3.12/site-packages/airflow/example_dags/tutorial_objectstorage.py
[2025-04-22T01:15:16.203+0000] {logging_mixin.py:190} INFO - [2025-04-22T01:15:16.203+0000] {dag.py:3239} INFO - Sync 1 DAGs
[2025-04-22T01:15:16.215+0000] {logging_mixin.py:190} INFO - [2025-04-22T01:15:16.215+0000] {dag.py:4180} INFO - Setting next_dagrun for tutorial_objectstorage to None, run_after=None
[2025-04-22T01:15:16.233+0000] {processor.py:208} INFO - Processing /home/airflow/.local/lib/python3.12/site-packages/airflow/example_dags/tutorial_objectstorage.py took 0.065 seconds
[2025-04-22T01:15:47.681+0000] {processor.py:186} INFO - Started process (PID=627) to work on /home/airflow/.local/lib/python3.12/site-packages/airflow/example_dags/tutorial_objectstorage.py
[2025-04-22T01:15:47.682+0000] {processor.py:914} INFO - Processing file /home/airflow/.local/lib/python3.12/site-packages/airflow/example_dags/tutorial_objectstorage.py for tasks to queue
[2025-04-22T01:15:47.684+0000] {logging_mixin.py:190} INFO - [2025-04-22T01:15:47.684+0000] {dagbag.py:588} INFO - Filling up the DagBag from /home/airflow/.local/lib/python3.12/site-packages/airflow/example_dags/tutorial_objectstorage.py
[2025-04-22T01:15:47.693+0000] {processor.py:925} INFO - DAG(s) 'tutorial_objectstorage' retrieved from /home/airflow/.local/lib/python3.12/site-packages/airflow/example_dags/tutorial_objectstorage.py
[2025-04-22T01:15:47.710+0000] {logging_mixin.py:190} INFO - [2025-04-22T01:15:47.710+0000] {dag.py:3239} INFO - Sync 1 DAGs
[2025-04-22T01:15:47.724+0000] {logging_mixin.py:190} INFO - [2025-04-22T01:15:47.723+0000] {dag.py:4180} INFO - Setting next_dagrun for tutorial_objectstorage to None, run_after=None
[2025-04-22T01:15:47.739+0000] {processor.py:208} INFO - Processing /home/airflow/.local/lib/python3.12/site-packages/airflow/example_dags/tutorial_objectstorage.py took 0.063 seconds
[2025-04-22T01:16:18.681+0000] {processor.py:186} INFO - Started process (PID=690) to work on /home/airflow/.local/lib/python3.12/site-packages/airflow/example_dags/tutorial_objectstorage.py
[2025-04-22T01:16:18.682+0000] {processor.py:914} INFO - Processing file /home/airflow/.local/lib/python3.12/site-packages/airflow/example_dags/tutorial_objectstorage.py for tasks to queue
[2025-04-22T01:16:18.684+0000] {logging_mixin.py:190} INFO - [2025-04-22T01:16:18.684+0000] {dagbag.py:588} INFO - Filling up the DagBag from /home/airflow/.local/lib/python3.12/site-packages/airflow/example_dags/tutorial_objectstorage.py
[2025-04-22T01:16:18.692+0000] {processor.py:925} INFO - DAG(s) 'tutorial_objectstorage' retrieved from /home/airflow/.local/lib/python3.12/site-packages/airflow/example_dags/tutorial_objectstorage.py
[2025-04-22T01:16:18.711+0000] {logging_mixin.py:190} INFO - [2025-04-22T01:16:18.711+0000] {dag.py:3239} INFO - Sync 1 DAGs
[2025-04-22T01:16:18.724+0000] {logging_mixin.py:190} INFO - [2025-04-22T01:16:18.724+0000] {dag.py:4180} INFO - Setting next_dagrun for tutorial_objectstorage to None, run_after=None
[2025-04-22T01:16:18.741+0000] {processor.py:208} INFO - Processing /home/airflow/.local/lib/python3.12/site-packages/airflow/example_dags/tutorial_objectstorage.py took 0.065 seconds
[2025-04-22T01:16:50.206+0000] {processor.py:186} INFO - Started process (PID=753) to work on /home/airflow/.local/lib/python3.12/site-packages/airflow/example_dags/tutorial_objectstorage.py
[2025-04-22T01:16:50.207+0000] {processor.py:914} INFO - Processing file /home/airflow/.local/lib/python3.12/site-packages/airflow/example_dags/tutorial_objectstorage.py for tasks to queue
[2025-04-22T01:16:50.209+0000] {logging_mixin.py:190} INFO - [2025-04-22T01:16:50.208+0000] {dagbag.py:588} INFO - Filling up the DagBag from /home/airflow/.local/lib/python3.12/site-packages/airflow/example_dags/tutorial_objectstorage.py
[2025-04-22T01:16:50.218+0000] {processor.py:925} INFO - DAG(s) 'tutorial_objectstorage' retrieved from /home/airflow/.local/lib/python3.12/site-packages/airflow/example_dags/tutorial_objectstorage.py
[2025-04-22T01:16:50.238+0000] {logging_mixin.py:190} INFO - [2025-04-22T01:16:50.238+0000] {dag.py:3239} INFO - Sync 1 DAGs
[2025-04-22T01:16:50.252+0000] {logging_mixin.py:190} INFO - [2025-04-22T01:16:50.252+0000] {dag.py:4180} INFO - Setting next_dagrun for tutorial_objectstorage to None, run_after=None
[2025-04-22T01:16:50.273+0000] {processor.py:208} INFO - Processing /home/airflow/.local/lib/python3.12/site-packages/airflow/example_dags/tutorial_objectstorage.py took 0.073 seconds
[2025-04-22T01:17:21.806+0000] {processor.py:186} INFO - Started process (PID=816) to work on /home/airflow/.local/lib/python3.12/site-packages/airflow/example_dags/tutorial_objectstorage.py
[2025-04-22T01:17:21.807+0000] {processor.py:914} INFO - Processing file /home/airflow/.local/lib/python3.12/site-packages/airflow/example_dags/tutorial_objectstorage.py for tasks to queue
[2025-04-22T01:17:21.809+0000] {logging_mixin.py:190} INFO - [2025-04-22T01:17:21.808+0000] {dagbag.py:588} INFO - Filling up the DagBag from /home/airflow/.local/lib/python3.12/site-packages/airflow/example_dags/tutorial_objectstorage.py
[2025-04-22T01:17:21.817+0000] {processor.py:925} INFO - DAG(s) 'tutorial_objectstorage' retrieved from /home/airflow/.local/lib/python3.12/site-packages/airflow/example_dags/tutorial_objectstorage.py
[2025-04-22T01:17:21.836+0000] {logging_mixin.py:190} INFO - [2025-04-22T01:17:21.836+0000] {dag.py:3239} INFO - Sync 1 DAGs
[2025-04-22T01:17:21.849+0000] {logging_mixin.py:190} INFO - [2025-04-22T01:17:21.849+0000] {dag.py:4180} INFO - Setting next_dagrun for tutorial_objectstorage to None, run_after=None
[2025-04-22T01:17:21.865+0000] {processor.py:208} INFO - Processing /home/airflow/.local/lib/python3.12/site-packages/airflow/example_dags/tutorial_objectstorage.py took 0.065 seconds
[2025-04-22T01:17:52.687+0000] {processor.py:186} INFO - Started process (PID=879) to work on /home/airflow/.local/lib/python3.12/site-packages/airflow/example_dags/tutorial_objectstorage.py
[2025-04-22T01:17:52.688+0000] {processor.py:914} INFO - Processing file /home/airflow/.local/lib/python3.12/site-packages/airflow/example_dags/tutorial_objectstorage.py for tasks to queue
[2025-04-22T01:17:52.690+0000] {logging_mixin.py:190} INFO - [2025-04-22T01:17:52.690+0000] {dagbag.py:588} INFO - Filling up the DagBag from /home/airflow/.local/lib/python3.12/site-packages/airflow/example_dags/tutorial_objectstorage.py
[2025-04-22T01:17:52.699+0000] {processor.py:925} INFO - DAG(s) 'tutorial_objectstorage' retrieved from /home/airflow/.local/lib/python3.12/site-packages/airflow/example_dags/tutorial_objectstorage.py
[2025-04-22T01:17:52.718+0000] {logging_mixin.py:190} INFO - [2025-04-22T01:17:52.718+0000] {dag.py:3239} INFO - Sync 1 DAGs
[2025-04-22T01:17:52.735+0000] {logging_mixin.py:190} INFO - [2025-04-22T01:17:52.734+0000] {dag.py:4180} INFO - Setting next_dagrun for tutorial_objectstorage to None, run_after=None
[2025-04-22T01:17:52.754+0000] {processor.py:208} INFO - Processing /home/airflow/.local/lib/python3.12/site-packages/airflow/example_dags/tutorial_objectstorage.py took 0.073 seconds
[2025-04-22T01:18:24.207+0000] {processor.py:186} INFO - Started process (PID=942) to work on /home/airflow/.local/lib/python3.12/site-packages/airflow/example_dags/tutorial_objectstorage.py
[2025-04-22T01:18:24.209+0000] {processor.py:914} INFO - Processing file /home/airflow/.local/lib/python3.12/site-packages/airflow/example_dags/tutorial_objectstorage.py for tasks to queue
[2025-04-22T01:18:24.211+0000] {logging_mixin.py:190} INFO - [2025-04-22T01:18:24.211+0000] {dagbag.py:588} INFO - Filling up the DagBag from /home/airflow/.local/lib/python3.12/site-packages/airflow/example_dags/tutorial_objectstorage.py
[2025-04-22T01:18:24.222+0000] {processor.py:925} INFO - DAG(s) 'tutorial_objectstorage' retrieved from /home/airflow/.local/lib/python3.12/site-packages/airflow/example_dags/tutorial_objectstorage.py
[2025-04-22T01:18:24.245+0000] {logging_mixin.py:190} INFO - [2025-04-22T01:18:24.244+0000] {dag.py:3239} INFO - Sync 1 DAGs
[2025-04-22T01:18:24.262+0000] {logging_mixin.py:190} INFO - [2025-04-22T01:18:24.262+0000] {dag.py:4180} INFO - Setting next_dagrun for tutorial_objectstorage to None, run_after=None
[2025-04-22T01:18:24.289+0000] {processor.py:208} INFO - Processing /home/airflow/.local/lib/python3.12/site-packages/airflow/example_dags/tutorial_objectstorage.py took 0.089 seconds
