[2025-04-24T07:39:18.987+0000] {local_task_job_runner.py:123} INFO - ::group::Pre task execution logs
[2025-04-24T07:39:19.018+0000] {taskinstance.py:2614} INFO - Dependencies all met for dep_context=non-requeueable deps ti=<TaskInstance: traffic_images_collector.create_db_schema manual__2025-04-24T07:39:11.701391+00:00 [queued]>
[2025-04-24T07:39:19.032+0000] {taskinstance.py:2614} INFO - Dependencies all met for dep_context=requeueable deps ti=<TaskInstance: traffic_images_collector.create_db_schema manual__2025-04-24T07:39:11.701391+00:00 [queued]>
[2025-04-24T07:39:19.033+0000] {taskinstance.py:2867} INFO - Starting attempt 1 of 4
[2025-04-24T07:39:19.061+0000] {taskinstance.py:2890} INFO - Executing <Task(_PythonDecoratedOperator): create_db_schema> on 2025-04-24 07:39:11.701391+00:00
[2025-04-24T07:39:19.082+0000] {warnings.py:112} WARNING - /home/***/.local/lib/python3.12/site-packages/***/task/task_runner/standard_task_runner.py:70: DeprecationWarning: This process (pid=276) is multi-threaded, use of fork() may lead to deadlocks in the child.
  pid = os.fork()

[2025-04-24T07:39:19.084+0000] {standard_task_runner.py:72} INFO - Started process 278 to run task
[2025-04-24T07:39:19.085+0000] {standard_task_runner.py:104} INFO - Running: ['***', 'tasks', 'run', 'traffic_images_collector', 'create_db_schema', 'manual__2025-04-24T07:39:11.701391+00:00', '--job-id', '5', '--raw', '--subdir', 'DAGS_FOLDER/traffic_images_collector.py', '--cfg-path', '/tmp/tmpd63c4a3v']
[2025-04-24T07:39:19.087+0000] {standard_task_runner.py:105} INFO - Job 5: Subtask create_db_schema
[2025-04-24T07:39:19.636+0000] {task_command.py:467} INFO - Running <TaskInstance: traffic_images_collector.create_db_schema manual__2025-04-24T07:39:11.701391+00:00 [running]> on host d8cd43aac9c4
[2025-04-24T07:39:19.750+0000] {taskinstance.py:3134} INFO - Exporting env vars: AIRFLOW_CTX_DAG_OWNER='***' AIRFLOW_CTX_DAG_ID='traffic_images_collector' AIRFLOW_CTX_TASK_ID='create_db_schema' AIRFLOW_CTX_EXECUTION_DATE='2025-04-24T07:39:11.701391+00:00' AIRFLOW_CTX_TRY_NUMBER='1' AIRFLOW_CTX_DAG_RUN_ID='manual__2025-04-24T07:39:11.701391+00:00'
[2025-04-24T07:39:19.752+0000] {logging_mixin.py:190} INFO - Task instance is in running state
[2025-04-24T07:39:19.754+0000] {logging_mixin.py:190} INFO -  Previous state of the Task instance: queued
[2025-04-24T07:39:19.755+0000] {logging_mixin.py:190} INFO - Current task name:create_db_schema state:running start_date:2025-04-24 07:39:19.019363+00:00
[2025-04-24T07:39:19.755+0000] {logging_mixin.py:190} INFO - Dag name:traffic_images_collector and current dag run status:running
[2025-04-24T07:39:19.756+0000] {taskinstance.py:732} INFO - ::endgroup::
[2025-04-24T07:39:19.757+0000] {python.py:240} INFO - Done. Returned value was: None
[2025-04-24T07:39:19.771+0000] {taskinstance.py:341} INFO - ::group::Post task execution logs
[2025-04-24T07:39:19.772+0000] {taskinstance.py:353} INFO - Marking task as SUCCESS. dag_id=traffic_images_collector, task_id=create_db_schema, run_id=manual__2025-04-24T07:39:11.701391+00:00, execution_date=20250424T073911, start_date=20250424T073919, end_date=20250424T073919
[2025-04-24T07:39:19.802+0000] {logging_mixin.py:190} INFO - Task instance in success state
[2025-04-24T07:39:19.803+0000] {logging_mixin.py:190} INFO -  Previous state of the Task instance: running
[2025-04-24T07:39:19.804+0000] {logging_mixin.py:190} INFO - Dag name:traffic_images_collector queued_at:2025-04-24 07:39:11.743396+00:00
[2025-04-24T07:39:19.805+0000] {logging_mixin.py:190} INFO - Task hostname:d8cd43aac9c4 operator:_PythonDecoratedOperator
[2025-04-24T07:39:19.864+0000] {local_task_job_runner.py:266} INFO - Task exited with return code 0
[2025-04-24T07:39:20.309+0000] {taskinstance.py:3901} INFO - 1 downstream tasks scheduled from follow-on schedule check
[2025-04-24T07:39:20.312+0000] {local_task_job_runner.py:245} INFO - ::endgroup::
