[2025-04-25T16:30:05.577+0000] {processor.py:186} INFO - Started process (PID=94) to work on /home/airflow/.local/lib/python3.10/site-packages/airflow/example_dags/example_dag_decorator.py
[2025-04-25T16:30:05.578+0000] {processor.py:914} INFO - Processing file /home/airflow/.local/lib/python3.10/site-packages/airflow/example_dags/example_dag_decorator.py for tasks to queue
[2025-04-25T16:30:05.580+0000] {logging_mixin.py:190} INFO - [2025-04-25T16:30:05.580+0000] {dagbag.py:588} INFO - Filling up the DagBag from /home/airflow/.local/lib/python3.10/site-packages/airflow/example_dags/example_dag_decorator.py
[2025-04-25T16:30:05.660+0000] {processor.py:925} INFO - DAG(s) 'example_dag_decorator' retrieved from /home/airflow/.local/lib/python3.10/site-packages/airflow/example_dags/example_dag_decorator.py
[2025-04-25T16:30:05.762+0000] {logging_mixin.py:190} INFO - [2025-04-25T16:30:05.762+0000] {dag.py:3239} INFO - Sync 1 DAGs
[2025-04-25T16:30:05.774+0000] {logging_mixin.py:190} INFO - [2025-04-25T16:30:05.773+0000] {dag.py:4180} INFO - Setting next_dagrun for example_dag_decorator to None, run_after=None
[2025-04-25T16:30:05.790+0000] {processor.py:208} INFO - Processing /home/airflow/.local/lib/python3.10/site-packages/airflow/example_dags/example_dag_decorator.py took 0.220 seconds
[2025-04-25T16:30:36.260+0000] {processor.py:186} INFO - Started process (PID=160) to work on /home/airflow/.local/lib/python3.10/site-packages/airflow/example_dags/example_dag_decorator.py
[2025-04-25T16:30:36.261+0000] {processor.py:914} INFO - Processing file /home/airflow/.local/lib/python3.10/site-packages/airflow/example_dags/example_dag_decorator.py for tasks to queue
[2025-04-25T16:30:36.264+0000] {logging_mixin.py:190} INFO - [2025-04-25T16:30:36.263+0000] {dagbag.py:588} INFO - Filling up the DagBag from /home/airflow/.local/lib/python3.10/site-packages/airflow/example_dags/example_dag_decorator.py
[2025-04-25T16:30:36.349+0000] {processor.py:925} INFO - DAG(s) 'example_dag_decorator' retrieved from /home/airflow/.local/lib/python3.10/site-packages/airflow/example_dags/example_dag_decorator.py
[2025-04-25T16:30:36.462+0000] {logging_mixin.py:190} INFO - [2025-04-25T16:30:36.461+0000] {dag.py:3239} INFO - Sync 1 DAGs
[2025-04-25T16:30:36.476+0000] {logging_mixin.py:190} INFO - [2025-04-25T16:30:36.476+0000] {dag.py:4180} INFO - Setting next_dagrun for example_dag_decorator to None, run_after=None
[2025-04-25T16:30:36.504+0000] {processor.py:208} INFO - Processing /home/airflow/.local/lib/python3.10/site-packages/airflow/example_dags/example_dag_decorator.py took 0.250 seconds
[2025-04-25T16:31:06.653+0000] {processor.py:186} INFO - Started process (PID=228) to work on /home/airflow/.local/lib/python3.10/site-packages/airflow/example_dags/example_dag_decorator.py
[2025-04-25T16:31:06.654+0000] {processor.py:914} INFO - Processing file /home/airflow/.local/lib/python3.10/site-packages/airflow/example_dags/example_dag_decorator.py for tasks to queue
[2025-04-25T16:31:06.657+0000] {logging_mixin.py:190} INFO - [2025-04-25T16:31:06.656+0000] {dagbag.py:588} INFO - Filling up the DagBag from /home/airflow/.local/lib/python3.10/site-packages/airflow/example_dags/example_dag_decorator.py
[2025-04-25T16:31:06.734+0000] {processor.py:925} INFO - DAG(s) 'example_dag_decorator' retrieved from /home/airflow/.local/lib/python3.10/site-packages/airflow/example_dags/example_dag_decorator.py
[2025-04-25T16:31:06.830+0000] {logging_mixin.py:190} INFO - [2025-04-25T16:31:06.830+0000] {dag.py:3239} INFO - Sync 1 DAGs
[2025-04-25T16:31:06.843+0000] {logging_mixin.py:190} INFO - [2025-04-25T16:31:06.842+0000] {dag.py:4180} INFO - Setting next_dagrun for example_dag_decorator to None, run_after=None
[2025-04-25T16:31:06.859+0000] {processor.py:208} INFO - Processing /home/airflow/.local/lib/python3.10/site-packages/airflow/example_dags/example_dag_decorator.py took 0.211 seconds
[2025-04-25T16:31:37.736+0000] {processor.py:186} INFO - Started process (PID=292) to work on /home/airflow/.local/lib/python3.10/site-packages/airflow/example_dags/example_dag_decorator.py
[2025-04-25T16:31:37.738+0000] {processor.py:914} INFO - Processing file /home/airflow/.local/lib/python3.10/site-packages/airflow/example_dags/example_dag_decorator.py for tasks to queue
[2025-04-25T16:31:37.741+0000] {logging_mixin.py:190} INFO - [2025-04-25T16:31:37.741+0000] {dagbag.py:588} INFO - Filling up the DagBag from /home/airflow/.local/lib/python3.10/site-packages/airflow/example_dags/example_dag_decorator.py
[2025-04-25T16:31:37.823+0000] {processor.py:925} INFO - DAG(s) 'example_dag_decorator' retrieved from /home/airflow/.local/lib/python3.10/site-packages/airflow/example_dags/example_dag_decorator.py
[2025-04-25T16:31:37.927+0000] {logging_mixin.py:190} INFO - [2025-04-25T16:31:37.927+0000] {dag.py:3239} INFO - Sync 1 DAGs
[2025-04-25T16:31:37.941+0000] {logging_mixin.py:190} INFO - [2025-04-25T16:31:37.941+0000] {dag.py:4180} INFO - Setting next_dagrun for example_dag_decorator to None, run_after=None
[2025-04-25T16:31:37.961+0000] {processor.py:208} INFO - Processing /home/airflow/.local/lib/python3.10/site-packages/airflow/example_dags/example_dag_decorator.py took 0.231 seconds
[2025-04-25T16:32:08.562+0000] {processor.py:186} INFO - Started process (PID=358) to work on /home/airflow/.local/lib/python3.10/site-packages/airflow/example_dags/example_dag_decorator.py
[2025-04-25T16:32:08.563+0000] {processor.py:914} INFO - Processing file /home/airflow/.local/lib/python3.10/site-packages/airflow/example_dags/example_dag_decorator.py for tasks to queue
[2025-04-25T16:32:08.566+0000] {logging_mixin.py:190} INFO - [2025-04-25T16:32:08.566+0000] {dagbag.py:588} INFO - Filling up the DagBag from /home/airflow/.local/lib/python3.10/site-packages/airflow/example_dags/example_dag_decorator.py
[2025-04-25T16:32:08.660+0000] {processor.py:925} INFO - DAG(s) 'example_dag_decorator' retrieved from /home/airflow/.local/lib/python3.10/site-packages/airflow/example_dags/example_dag_decorator.py
[2025-04-25T16:32:08.776+0000] {logging_mixin.py:190} INFO - [2025-04-25T16:32:08.776+0000] {dag.py:3239} INFO - Sync 1 DAGs
[2025-04-25T16:32:08.790+0000] {logging_mixin.py:190} INFO - [2025-04-25T16:32:08.790+0000] {dag.py:4180} INFO - Setting next_dagrun for example_dag_decorator to None, run_after=None
[2025-04-25T16:32:08.810+0000] {processor.py:208} INFO - Processing /home/airflow/.local/lib/python3.10/site-packages/airflow/example_dags/example_dag_decorator.py took 0.255 seconds
[2025-04-25T16:32:39.638+0000] {processor.py:186} INFO - Started process (PID=424) to work on /home/airflow/.local/lib/python3.10/site-packages/airflow/example_dags/example_dag_decorator.py
[2025-04-25T16:32:39.640+0000] {processor.py:914} INFO - Processing file /home/airflow/.local/lib/python3.10/site-packages/airflow/example_dags/example_dag_decorator.py for tasks to queue
[2025-04-25T16:32:39.642+0000] {logging_mixin.py:190} INFO - [2025-04-25T16:32:39.642+0000] {dagbag.py:588} INFO - Filling up the DagBag from /home/airflow/.local/lib/python3.10/site-packages/airflow/example_dags/example_dag_decorator.py
[2025-04-25T16:32:39.727+0000] {processor.py:925} INFO - DAG(s) 'example_dag_decorator' retrieved from /home/airflow/.local/lib/python3.10/site-packages/airflow/example_dags/example_dag_decorator.py
[2025-04-25T16:32:39.830+0000] {logging_mixin.py:190} INFO - [2025-04-25T16:32:39.829+0000] {dag.py:3239} INFO - Sync 1 DAGs
[2025-04-25T16:32:39.844+0000] {logging_mixin.py:190} INFO - [2025-04-25T16:32:39.843+0000] {dag.py:4180} INFO - Setting next_dagrun for example_dag_decorator to None, run_after=None
[2025-04-25T16:32:39.865+0000] {processor.py:208} INFO - Processing /home/airflow/.local/lib/python3.10/site-packages/airflow/example_dags/example_dag_decorator.py took 0.233 seconds
[2025-04-25T16:33:10.977+0000] {processor.py:186} INFO - Started process (PID=497) to work on /home/airflow/.local/lib/python3.10/site-packages/airflow/example_dags/example_dag_decorator.py
[2025-04-25T16:33:10.978+0000] {processor.py:914} INFO - Processing file /home/airflow/.local/lib/python3.10/site-packages/airflow/example_dags/example_dag_decorator.py for tasks to queue
[2025-04-25T16:33:10.980+0000] {logging_mixin.py:190} INFO - [2025-04-25T16:33:10.980+0000] {dagbag.py:588} INFO - Filling up the DagBag from /home/airflow/.local/lib/python3.10/site-packages/airflow/example_dags/example_dag_decorator.py
[2025-04-25T16:33:11.062+0000] {processor.py:925} INFO - DAG(s) 'example_dag_decorator' retrieved from /home/airflow/.local/lib/python3.10/site-packages/airflow/example_dags/example_dag_decorator.py
[2025-04-25T16:33:11.163+0000] {logging_mixin.py:190} INFO - [2025-04-25T16:33:11.162+0000] {dag.py:3239} INFO - Sync 1 DAGs
[2025-04-25T16:33:11.176+0000] {logging_mixin.py:190} INFO - [2025-04-25T16:33:11.175+0000] {dag.py:4180} INFO - Setting next_dagrun for example_dag_decorator to None, run_after=None
[2025-04-25T16:33:11.195+0000] {processor.py:208} INFO - Processing /home/airflow/.local/lib/python3.10/site-packages/airflow/example_dags/example_dag_decorator.py took 0.224 seconds
[2025-04-25T16:33:41.689+0000] {processor.py:186} INFO - Started process (PID=562) to work on /home/airflow/.local/lib/python3.10/site-packages/airflow/example_dags/example_dag_decorator.py
[2025-04-25T16:33:41.691+0000] {processor.py:914} INFO - Processing file /home/airflow/.local/lib/python3.10/site-packages/airflow/example_dags/example_dag_decorator.py for tasks to queue
[2025-04-25T16:33:41.693+0000] {logging_mixin.py:190} INFO - [2025-04-25T16:33:41.693+0000] {dagbag.py:588} INFO - Filling up the DagBag from /home/airflow/.local/lib/python3.10/site-packages/airflow/example_dags/example_dag_decorator.py
[2025-04-25T16:33:41.785+0000] {processor.py:925} INFO - DAG(s) 'example_dag_decorator' retrieved from /home/airflow/.local/lib/python3.10/site-packages/airflow/example_dags/example_dag_decorator.py
[2025-04-25T16:33:41.899+0000] {logging_mixin.py:190} INFO - [2025-04-25T16:33:41.899+0000] {dag.py:3239} INFO - Sync 1 DAGs
[2025-04-25T16:33:41.912+0000] {logging_mixin.py:190} INFO - [2025-04-25T16:33:41.912+0000] {dag.py:4180} INFO - Setting next_dagrun for example_dag_decorator to None, run_after=None
[2025-04-25T16:33:41.932+0000] {processor.py:208} INFO - Processing /home/airflow/.local/lib/python3.10/site-packages/airflow/example_dags/example_dag_decorator.py took 0.248 seconds
[2025-04-25T16:34:12.356+0000] {processor.py:186} INFO - Started process (PID=629) to work on /home/airflow/.local/lib/python3.10/site-packages/airflow/example_dags/example_dag_decorator.py
[2025-04-25T16:34:12.357+0000] {processor.py:914} INFO - Processing file /home/airflow/.local/lib/python3.10/site-packages/airflow/example_dags/example_dag_decorator.py for tasks to queue
[2025-04-25T16:34:12.360+0000] {logging_mixin.py:190} INFO - [2025-04-25T16:34:12.360+0000] {dagbag.py:588} INFO - Filling up the DagBag from /home/airflow/.local/lib/python3.10/site-packages/airflow/example_dags/example_dag_decorator.py
[2025-04-25T16:34:12.440+0000] {processor.py:925} INFO - DAG(s) 'example_dag_decorator' retrieved from /home/airflow/.local/lib/python3.10/site-packages/airflow/example_dags/example_dag_decorator.py
[2025-04-25T16:34:12.535+0000] {logging_mixin.py:190} INFO - [2025-04-25T16:34:12.534+0000] {dag.py:3239} INFO - Sync 1 DAGs
[2025-04-25T16:34:12.546+0000] {logging_mixin.py:190} INFO - [2025-04-25T16:34:12.546+0000] {dag.py:4180} INFO - Setting next_dagrun for example_dag_decorator to None, run_after=None
[2025-04-25T16:34:12.564+0000] {processor.py:208} INFO - Processing /home/airflow/.local/lib/python3.10/site-packages/airflow/example_dags/example_dag_decorator.py took 0.213 seconds
[2025-04-25T16:34:43.470+0000] {processor.py:186} INFO - Started process (PID=694) to work on /home/airflow/.local/lib/python3.10/site-packages/airflow/example_dags/example_dag_decorator.py
[2025-04-25T16:34:43.472+0000] {processor.py:914} INFO - Processing file /home/airflow/.local/lib/python3.10/site-packages/airflow/example_dags/example_dag_decorator.py for tasks to queue
[2025-04-25T16:34:43.475+0000] {logging_mixin.py:190} INFO - [2025-04-25T16:34:43.475+0000] {dagbag.py:588} INFO - Filling up the DagBag from /home/airflow/.local/lib/python3.10/site-packages/airflow/example_dags/example_dag_decorator.py
[2025-04-25T16:34:43.596+0000] {processor.py:925} INFO - DAG(s) 'example_dag_decorator' retrieved from /home/airflow/.local/lib/python3.10/site-packages/airflow/example_dags/example_dag_decorator.py
[2025-04-25T16:34:43.728+0000] {logging_mixin.py:190} INFO - [2025-04-25T16:34:43.728+0000] {dag.py:3239} INFO - Sync 1 DAGs
[2025-04-25T16:34:43.743+0000] {logging_mixin.py:190} INFO - [2025-04-25T16:34:43.743+0000] {dag.py:4180} INFO - Setting next_dagrun for example_dag_decorator to None, run_after=None
[2025-04-25T16:34:43.772+0000] {processor.py:208} INFO - Processing /home/airflow/.local/lib/python3.10/site-packages/airflow/example_dags/example_dag_decorator.py took 0.309 seconds
[2025-04-25T16:35:16.006+0000] {processor.py:186} INFO - Started process (PID=764) to work on /home/airflow/.local/lib/python3.10/site-packages/airflow/example_dags/example_dag_decorator.py
[2025-04-25T16:35:16.008+0000] {processor.py:914} INFO - Processing file /home/airflow/.local/lib/python3.10/site-packages/airflow/example_dags/example_dag_decorator.py for tasks to queue
[2025-04-25T16:35:16.012+0000] {logging_mixin.py:190} INFO - [2025-04-25T16:35:16.012+0000] {dagbag.py:588} INFO - Filling up the DagBag from /home/airflow/.local/lib/python3.10/site-packages/airflow/example_dags/example_dag_decorator.py
[2025-04-25T16:35:16.152+0000] {processor.py:925} INFO - DAG(s) 'example_dag_decorator' retrieved from /home/airflow/.local/lib/python3.10/site-packages/airflow/example_dags/example_dag_decorator.py
[2025-04-25T16:35:16.302+0000] {logging_mixin.py:190} INFO - [2025-04-25T16:35:16.302+0000] {dag.py:3239} INFO - Sync 1 DAGs
[2025-04-25T16:35:16.325+0000] {logging_mixin.py:190} INFO - [2025-04-25T16:35:16.324+0000] {dag.py:4180} INFO - Setting next_dagrun for example_dag_decorator to None, run_after=None
[2025-04-25T16:35:16.359+0000] {processor.py:208} INFO - Processing /home/airflow/.local/lib/python3.10/site-packages/airflow/example_dags/example_dag_decorator.py took 0.363 seconds
[2025-04-25T16:35:47.073+0000] {processor.py:186} INFO - Started process (PID=839) to work on /home/airflow/.local/lib/python3.10/site-packages/airflow/example_dags/example_dag_decorator.py
[2025-04-25T16:35:47.074+0000] {processor.py:914} INFO - Processing file /home/airflow/.local/lib/python3.10/site-packages/airflow/example_dags/example_dag_decorator.py for tasks to queue
[2025-04-25T16:35:47.077+0000] {logging_mixin.py:190} INFO - [2025-04-25T16:35:47.077+0000] {dagbag.py:588} INFO - Filling up the DagBag from /home/airflow/.local/lib/python3.10/site-packages/airflow/example_dags/example_dag_decorator.py
[2025-04-25T16:35:47.183+0000] {processor.py:925} INFO - DAG(s) 'example_dag_decorator' retrieved from /home/airflow/.local/lib/python3.10/site-packages/airflow/example_dags/example_dag_decorator.py
[2025-04-25T16:35:47.210+0000] {logging_mixin.py:190} INFO - [2025-04-25T16:35:47.210+0000] {dag.py:3239} INFO - Sync 1 DAGs
[2025-04-25T16:35:47.227+0000] {logging_mixin.py:190} INFO - [2025-04-25T16:35:47.227+0000] {dag.py:4180} INFO - Setting next_dagrun for example_dag_decorator to None, run_after=None
[2025-04-25T16:35:47.251+0000] {processor.py:208} INFO - Processing /home/airflow/.local/lib/python3.10/site-packages/airflow/example_dags/example_dag_decorator.py took 0.185 seconds
[2025-04-25T16:36:17.814+0000] {processor.py:186} INFO - Started process (PID=904) to work on /home/airflow/.local/lib/python3.10/site-packages/airflow/example_dags/example_dag_decorator.py
[2025-04-25T16:36:17.815+0000] {processor.py:914} INFO - Processing file /home/airflow/.local/lib/python3.10/site-packages/airflow/example_dags/example_dag_decorator.py for tasks to queue
[2025-04-25T16:36:17.819+0000] {logging_mixin.py:190} INFO - [2025-04-25T16:36:17.819+0000] {dagbag.py:588} INFO - Filling up the DagBag from /home/airflow/.local/lib/python3.10/site-packages/airflow/example_dags/example_dag_decorator.py
[2025-04-25T16:36:17.941+0000] {processor.py:925} INFO - DAG(s) 'example_dag_decorator' retrieved from /home/airflow/.local/lib/python3.10/site-packages/airflow/example_dags/example_dag_decorator.py
[2025-04-25T16:36:18.188+0000] {logging_mixin.py:190} INFO - [2025-04-25T16:36:18.188+0000] {dag.py:3239} INFO - Sync 1 DAGs
[2025-04-25T16:36:18.216+0000] {logging_mixin.py:190} INFO - [2025-04-25T16:36:18.215+0000] {dag.py:4180} INFO - Setting next_dagrun for example_dag_decorator to None, run_after=None
[2025-04-25T16:36:18.260+0000] {processor.py:208} INFO - Processing /home/airflow/.local/lib/python3.10/site-packages/airflow/example_dags/example_dag_decorator.py took 0.454 seconds
[2025-04-25T16:36:48.442+0000] {processor.py:186} INFO - Started process (PID=970) to work on /home/airflow/.local/lib/python3.10/site-packages/airflow/example_dags/example_dag_decorator.py
[2025-04-25T16:36:48.443+0000] {processor.py:914} INFO - Processing file /home/airflow/.local/lib/python3.10/site-packages/airflow/example_dags/example_dag_decorator.py for tasks to queue
[2025-04-25T16:36:48.445+0000] {logging_mixin.py:190} INFO - [2025-04-25T16:36:48.445+0000] {dagbag.py:588} INFO - Filling up the DagBag from /home/airflow/.local/lib/python3.10/site-packages/airflow/example_dags/example_dag_decorator.py
[2025-04-25T16:36:48.523+0000] {processor.py:925} INFO - DAG(s) 'example_dag_decorator' retrieved from /home/airflow/.local/lib/python3.10/site-packages/airflow/example_dags/example_dag_decorator.py
[2025-04-25T16:36:48.618+0000] {logging_mixin.py:190} INFO - [2025-04-25T16:36:48.617+0000] {dag.py:3239} INFO - Sync 1 DAGs
[2025-04-25T16:36:48.629+0000] {logging_mixin.py:190} INFO - [2025-04-25T16:36:48.629+0000] {dag.py:4180} INFO - Setting next_dagrun for example_dag_decorator to None, run_after=None
[2025-04-25T16:36:48.645+0000] {processor.py:208} INFO - Processing /home/airflow/.local/lib/python3.10/site-packages/airflow/example_dags/example_dag_decorator.py took 0.208 seconds
[2025-04-25T16:37:19.335+0000] {processor.py:186} INFO - Started process (PID=1036) to work on /home/airflow/.local/lib/python3.10/site-packages/airflow/example_dags/example_dag_decorator.py
[2025-04-25T16:37:19.336+0000] {processor.py:914} INFO - Processing file /home/airflow/.local/lib/python3.10/site-packages/airflow/example_dags/example_dag_decorator.py for tasks to queue
[2025-04-25T16:37:19.339+0000] {logging_mixin.py:190} INFO - [2025-04-25T16:37:19.339+0000] {dagbag.py:588} INFO - Filling up the DagBag from /home/airflow/.local/lib/python3.10/site-packages/airflow/example_dags/example_dag_decorator.py
[2025-04-25T16:37:19.436+0000] {processor.py:925} INFO - DAG(s) 'example_dag_decorator' retrieved from /home/airflow/.local/lib/python3.10/site-packages/airflow/example_dags/example_dag_decorator.py
[2025-04-25T16:37:19.547+0000] {logging_mixin.py:190} INFO - [2025-04-25T16:37:19.547+0000] {dag.py:3239} INFO - Sync 1 DAGs
[2025-04-25T16:37:19.559+0000] {logging_mixin.py:190} INFO - [2025-04-25T16:37:19.559+0000] {dag.py:4180} INFO - Setting next_dagrun for example_dag_decorator to None, run_after=None
[2025-04-25T16:37:19.578+0000] {processor.py:208} INFO - Processing /home/airflow/.local/lib/python3.10/site-packages/airflow/example_dags/example_dag_decorator.py took 0.251 seconds
[2025-04-25T16:37:49.849+0000] {processor.py:186} INFO - Started process (PID=1101) to work on /home/airflow/.local/lib/python3.10/site-packages/airflow/example_dags/example_dag_decorator.py
[2025-04-25T16:37:49.850+0000] {processor.py:914} INFO - Processing file /home/airflow/.local/lib/python3.10/site-packages/airflow/example_dags/example_dag_decorator.py for tasks to queue
[2025-04-25T16:37:49.853+0000] {logging_mixin.py:190} INFO - [2025-04-25T16:37:49.853+0000] {dagbag.py:588} INFO - Filling up the DagBag from /home/airflow/.local/lib/python3.10/site-packages/airflow/example_dags/example_dag_decorator.py
[2025-04-25T16:37:49.954+0000] {processor.py:925} INFO - DAG(s) 'example_dag_decorator' retrieved from /home/airflow/.local/lib/python3.10/site-packages/airflow/example_dags/example_dag_decorator.py
[2025-04-25T16:37:50.087+0000] {logging_mixin.py:190} INFO - [2025-04-25T16:37:50.087+0000] {dag.py:3239} INFO - Sync 1 DAGs
[2025-04-25T16:37:50.100+0000] {logging_mixin.py:190} INFO - [2025-04-25T16:37:50.100+0000] {dag.py:4180} INFO - Setting next_dagrun for example_dag_decorator to None, run_after=None
[2025-04-25T16:37:50.121+0000] {processor.py:208} INFO - Processing /home/airflow/.local/lib/python3.10/site-packages/airflow/example_dags/example_dag_decorator.py took 0.278 seconds
[2025-04-25T16:38:21.300+0000] {processor.py:186} INFO - Started process (PID=1167) to work on /home/airflow/.local/lib/python3.10/site-packages/airflow/example_dags/example_dag_decorator.py
[2025-04-25T16:38:21.302+0000] {processor.py:914} INFO - Processing file /home/airflow/.local/lib/python3.10/site-packages/airflow/example_dags/example_dag_decorator.py for tasks to queue
[2025-04-25T16:38:21.305+0000] {logging_mixin.py:190} INFO - [2025-04-25T16:38:21.304+0000] {dagbag.py:588} INFO - Filling up the DagBag from /home/airflow/.local/lib/python3.10/site-packages/airflow/example_dags/example_dag_decorator.py
[2025-04-25T16:38:21.389+0000] {processor.py:925} INFO - DAG(s) 'example_dag_decorator' retrieved from /home/airflow/.local/lib/python3.10/site-packages/airflow/example_dags/example_dag_decorator.py
[2025-04-25T16:38:21.503+0000] {logging_mixin.py:190} INFO - [2025-04-25T16:38:21.502+0000] {dag.py:3239} INFO - Sync 1 DAGs
[2025-04-25T16:38:21.521+0000] {logging_mixin.py:190} INFO - [2025-04-25T16:38:21.521+0000] {dag.py:4180} INFO - Setting next_dagrun for example_dag_decorator to None, run_after=None
[2025-04-25T16:38:21.544+0000] {processor.py:208} INFO - Processing /home/airflow/.local/lib/python3.10/site-packages/airflow/example_dags/example_dag_decorator.py took 0.250 seconds
[2025-04-25T16:38:53.120+0000] {processor.py:186} INFO - Started process (PID=1234) to work on /home/airflow/.local/lib/python3.10/site-packages/airflow/example_dags/example_dag_decorator.py
[2025-04-25T16:38:53.122+0000] {processor.py:914} INFO - Processing file /home/airflow/.local/lib/python3.10/site-packages/airflow/example_dags/example_dag_decorator.py for tasks to queue
[2025-04-25T16:38:53.124+0000] {logging_mixin.py:190} INFO - [2025-04-25T16:38:53.124+0000] {dagbag.py:588} INFO - Filling up the DagBag from /home/airflow/.local/lib/python3.10/site-packages/airflow/example_dags/example_dag_decorator.py
[2025-04-25T16:38:53.209+0000] {processor.py:925} INFO - DAG(s) 'example_dag_decorator' retrieved from /home/airflow/.local/lib/python3.10/site-packages/airflow/example_dags/example_dag_decorator.py
[2025-04-25T16:38:53.313+0000] {logging_mixin.py:190} INFO - [2025-04-25T16:38:53.313+0000] {dag.py:3239} INFO - Sync 1 DAGs
[2025-04-25T16:38:53.326+0000] {logging_mixin.py:190} INFO - [2025-04-25T16:38:53.326+0000] {dag.py:4180} INFO - Setting next_dagrun for example_dag_decorator to None, run_after=None
[2025-04-25T16:38:53.344+0000] {processor.py:208} INFO - Processing /home/airflow/.local/lib/python3.10/site-packages/airflow/example_dags/example_dag_decorator.py took 0.230 seconds
