[2025-04-25T16:30:03.523+0000] {processor.py:186} INFO - Started process (PID=75) to work on /home/airflow/.local/lib/python3.10/site-packages/airflow/example_dags/example_trigger_controller_dag.py
[2025-04-25T16:30:03.524+0000] {processor.py:914} INFO - Processing file /home/airflow/.local/lib/python3.10/site-packages/airflow/example_dags/example_trigger_controller_dag.py for tasks to queue
[2025-04-25T16:30:03.527+0000] {logging_mixin.py:190} INFO - [2025-04-25T16:30:03.527+0000] {dagbag.py:588} INFO - Filling up the DagBag from /home/airflow/.local/lib/python3.10/site-packages/airflow/example_dags/example_trigger_controller_dag.py
[2025-04-25T16:30:03.537+0000] {processor.py:925} INFO - DAG(s) 'example_trigger_controller_dag' retrieved from /home/airflow/.local/lib/python3.10/site-packages/airflow/example_dags/example_trigger_controller_dag.py
[2025-04-25T16:30:03.566+0000] {logging_mixin.py:190} INFO - [2025-04-25T16:30:03.565+0000] {dag.py:3239} INFO - Sync 1 DAGs
[2025-04-25T16:30:03.599+0000] {logging_mixin.py:190} INFO - [2025-04-25T16:30:03.598+0000] {dag.py:4180} INFO - Setting next_dagrun for example_trigger_controller_dag to 2021-01-01 00:00:00+00:00, run_after=2021-01-01 00:00:00+00:00
[2025-04-25T16:30:03.625+0000] {processor.py:208} INFO - Processing /home/airflow/.local/lib/python3.10/site-packages/airflow/example_dags/example_trigger_controller_dag.py took 0.111 seconds
[2025-04-25T16:30:33.823+0000] {processor.py:186} INFO - Started process (PID=140) to work on /home/airflow/.local/lib/python3.10/site-packages/airflow/example_dags/example_trigger_controller_dag.py
[2025-04-25T16:30:33.824+0000] {processor.py:914} INFO - Processing file /home/airflow/.local/lib/python3.10/site-packages/airflow/example_dags/example_trigger_controller_dag.py for tasks to queue
[2025-04-25T16:30:33.826+0000] {logging_mixin.py:190} INFO - [2025-04-25T16:30:33.825+0000] {dagbag.py:588} INFO - Filling up the DagBag from /home/airflow/.local/lib/python3.10/site-packages/airflow/example_dags/example_trigger_controller_dag.py
[2025-04-25T16:30:33.832+0000] {processor.py:925} INFO - DAG(s) 'example_trigger_controller_dag' retrieved from /home/airflow/.local/lib/python3.10/site-packages/airflow/example_dags/example_trigger_controller_dag.py
[2025-04-25T16:30:33.853+0000] {logging_mixin.py:190} INFO - [2025-04-25T16:30:33.853+0000] {dag.py:3239} INFO - Sync 1 DAGs
[2025-04-25T16:30:33.876+0000] {logging_mixin.py:190} INFO - [2025-04-25T16:30:33.876+0000] {dag.py:4180} INFO - Setting next_dagrun for example_trigger_controller_dag to 2021-01-01 00:00:00+00:00, run_after=2021-01-01 00:00:00+00:00
[2025-04-25T16:30:33.895+0000] {processor.py:208} INFO - Processing /home/airflow/.local/lib/python3.10/site-packages/airflow/example_dags/example_trigger_controller_dag.py took 0.078 seconds
[2025-04-25T16:31:05.002+0000] {processor.py:186} INFO - Started process (PID=206) to work on /home/airflow/.local/lib/python3.10/site-packages/airflow/example_dags/example_trigger_controller_dag.py
[2025-04-25T16:31:05.004+0000] {processor.py:914} INFO - Processing file /home/airflow/.local/lib/python3.10/site-packages/airflow/example_dags/example_trigger_controller_dag.py for tasks to queue
[2025-04-25T16:31:05.006+0000] {logging_mixin.py:190} INFO - [2025-04-25T16:31:05.006+0000] {dagbag.py:588} INFO - Filling up the DagBag from /home/airflow/.local/lib/python3.10/site-packages/airflow/example_dags/example_trigger_controller_dag.py
[2025-04-25T16:31:05.014+0000] {processor.py:925} INFO - DAG(s) 'example_trigger_controller_dag' retrieved from /home/airflow/.local/lib/python3.10/site-packages/airflow/example_dags/example_trigger_controller_dag.py
[2025-04-25T16:31:05.036+0000] {logging_mixin.py:190} INFO - [2025-04-25T16:31:05.036+0000] {dag.py:3239} INFO - Sync 1 DAGs
[2025-04-25T16:31:05.063+0000] {logging_mixin.py:190} INFO - [2025-04-25T16:31:05.062+0000] {dag.py:4180} INFO - Setting next_dagrun for example_trigger_controller_dag to 2021-01-01 00:00:00+00:00, run_after=2021-01-01 00:00:00+00:00
[2025-04-25T16:31:05.082+0000] {processor.py:208} INFO - Processing /home/airflow/.local/lib/python3.10/site-packages/airflow/example_dags/example_trigger_controller_dag.py took 0.086 seconds
[2025-04-25T16:31:35.767+0000] {processor.py:186} INFO - Started process (PID=272) to work on /home/airflow/.local/lib/python3.10/site-packages/airflow/example_dags/example_trigger_controller_dag.py
[2025-04-25T16:31:35.768+0000] {processor.py:914} INFO - Processing file /home/airflow/.local/lib/python3.10/site-packages/airflow/example_dags/example_trigger_controller_dag.py for tasks to queue
[2025-04-25T16:31:35.771+0000] {logging_mixin.py:190} INFO - [2025-04-25T16:31:35.770+0000] {dagbag.py:588} INFO - Filling up the DagBag from /home/airflow/.local/lib/python3.10/site-packages/airflow/example_dags/example_trigger_controller_dag.py
[2025-04-25T16:31:35.779+0000] {processor.py:925} INFO - DAG(s) 'example_trigger_controller_dag' retrieved from /home/airflow/.local/lib/python3.10/site-packages/airflow/example_dags/example_trigger_controller_dag.py
[2025-04-25T16:31:35.803+0000] {logging_mixin.py:190} INFO - [2025-04-25T16:31:35.802+0000] {dag.py:3239} INFO - Sync 1 DAGs
[2025-04-25T16:31:35.828+0000] {logging_mixin.py:190} INFO - [2025-04-25T16:31:35.828+0000] {dag.py:4180} INFO - Setting next_dagrun for example_trigger_controller_dag to 2021-01-01 00:00:00+00:00, run_after=2021-01-01 00:00:00+00:00
[2025-04-25T16:31:35.848+0000] {processor.py:208} INFO - Processing /home/airflow/.local/lib/python3.10/site-packages/airflow/example_dags/example_trigger_controller_dag.py took 0.087 seconds
[2025-04-25T16:32:06.019+0000] {processor.py:186} INFO - Started process (PID=337) to work on /home/airflow/.local/lib/python3.10/site-packages/airflow/example_dags/example_trigger_controller_dag.py
[2025-04-25T16:32:06.020+0000] {processor.py:914} INFO - Processing file /home/airflow/.local/lib/python3.10/site-packages/airflow/example_dags/example_trigger_controller_dag.py for tasks to queue
[2025-04-25T16:32:06.023+0000] {logging_mixin.py:190} INFO - [2025-04-25T16:32:06.023+0000] {dagbag.py:588} INFO - Filling up the DagBag from /home/airflow/.local/lib/python3.10/site-packages/airflow/example_dags/example_trigger_controller_dag.py
[2025-04-25T16:32:06.029+0000] {processor.py:925} INFO - DAG(s) 'example_trigger_controller_dag' retrieved from /home/airflow/.local/lib/python3.10/site-packages/airflow/example_dags/example_trigger_controller_dag.py
[2025-04-25T16:32:06.049+0000] {logging_mixin.py:190} INFO - [2025-04-25T16:32:06.048+0000] {dag.py:3239} INFO - Sync 1 DAGs
[2025-04-25T16:32:06.072+0000] {logging_mixin.py:190} INFO - [2025-04-25T16:32:06.072+0000] {dag.py:4180} INFO - Setting next_dagrun for example_trigger_controller_dag to 2021-01-01 00:00:00+00:00, run_after=2021-01-01 00:00:00+00:00
[2025-04-25T16:32:06.090+0000] {processor.py:208} INFO - Processing /home/airflow/.local/lib/python3.10/site-packages/airflow/example_dags/example_trigger_controller_dag.py took 0.076 seconds
[2025-04-25T16:32:37.221+0000] {processor.py:186} INFO - Started process (PID=404) to work on /home/airflow/.local/lib/python3.10/site-packages/airflow/example_dags/example_trigger_controller_dag.py
[2025-04-25T16:32:37.223+0000] {processor.py:914} INFO - Processing file /home/airflow/.local/lib/python3.10/site-packages/airflow/example_dags/example_trigger_controller_dag.py for tasks to queue
[2025-04-25T16:32:37.225+0000] {logging_mixin.py:190} INFO - [2025-04-25T16:32:37.224+0000] {dagbag.py:588} INFO - Filling up the DagBag from /home/airflow/.local/lib/python3.10/site-packages/airflow/example_dags/example_trigger_controller_dag.py
[2025-04-25T16:32:37.232+0000] {processor.py:925} INFO - DAG(s) 'example_trigger_controller_dag' retrieved from /home/airflow/.local/lib/python3.10/site-packages/airflow/example_dags/example_trigger_controller_dag.py
[2025-04-25T16:32:37.250+0000] {logging_mixin.py:190} INFO - [2025-04-25T16:32:37.250+0000] {dag.py:3239} INFO - Sync 1 DAGs
[2025-04-25T16:32:37.272+0000] {logging_mixin.py:190} INFO - [2025-04-25T16:32:37.271+0000] {dag.py:4180} INFO - Setting next_dagrun for example_trigger_controller_dag to 2021-01-01 00:00:00+00:00, run_after=2021-01-01 00:00:00+00:00
[2025-04-25T16:32:37.294+0000] {processor.py:208} INFO - Processing /home/airflow/.local/lib/python3.10/site-packages/airflow/example_dags/example_trigger_controller_dag.py took 0.079 seconds
[2025-04-25T16:33:08.401+0000] {processor.py:186} INFO - Started process (PID=470) to work on /home/airflow/.local/lib/python3.10/site-packages/airflow/example_dags/example_trigger_controller_dag.py
[2025-04-25T16:33:08.402+0000] {processor.py:914} INFO - Processing file /home/airflow/.local/lib/python3.10/site-packages/airflow/example_dags/example_trigger_controller_dag.py for tasks to queue
[2025-04-25T16:33:08.405+0000] {logging_mixin.py:190} INFO - [2025-04-25T16:33:08.405+0000] {dagbag.py:588} INFO - Filling up the DagBag from /home/airflow/.local/lib/python3.10/site-packages/airflow/example_dags/example_trigger_controller_dag.py
[2025-04-25T16:33:08.416+0000] {processor.py:925} INFO - DAG(s) 'example_trigger_controller_dag' retrieved from /home/airflow/.local/lib/python3.10/site-packages/airflow/example_dags/example_trigger_controller_dag.py
[2025-04-25T16:33:08.440+0000] {logging_mixin.py:190} INFO - [2025-04-25T16:33:08.439+0000] {dag.py:3239} INFO - Sync 1 DAGs
[2025-04-25T16:33:08.467+0000] {logging_mixin.py:190} INFO - [2025-04-25T16:33:08.467+0000] {dag.py:4180} INFO - Setting next_dagrun for example_trigger_controller_dag to 2021-01-01 00:00:00+00:00, run_after=2021-01-01 00:00:00+00:00
[2025-04-25T16:33:08.492+0000] {processor.py:208} INFO - Processing /home/airflow/.local/lib/python3.10/site-packages/airflow/example_dags/example_trigger_controller_dag.py took 0.098 seconds
[2025-04-25T16:33:39.288+0000] {processor.py:186} INFO - Started process (PID=536) to work on /home/airflow/.local/lib/python3.10/site-packages/airflow/example_dags/example_trigger_controller_dag.py
[2025-04-25T16:33:39.289+0000] {processor.py:914} INFO - Processing file /home/airflow/.local/lib/python3.10/site-packages/airflow/example_dags/example_trigger_controller_dag.py for tasks to queue
[2025-04-25T16:33:39.292+0000] {logging_mixin.py:190} INFO - [2025-04-25T16:33:39.291+0000] {dagbag.py:588} INFO - Filling up the DagBag from /home/airflow/.local/lib/python3.10/site-packages/airflow/example_dags/example_trigger_controller_dag.py
[2025-04-25T16:33:39.298+0000] {processor.py:925} INFO - DAG(s) 'example_trigger_controller_dag' retrieved from /home/airflow/.local/lib/python3.10/site-packages/airflow/example_dags/example_trigger_controller_dag.py
[2025-04-25T16:33:39.316+0000] {logging_mixin.py:190} INFO - [2025-04-25T16:33:39.315+0000] {dag.py:3239} INFO - Sync 1 DAGs
[2025-04-25T16:33:39.338+0000] {logging_mixin.py:190} INFO - [2025-04-25T16:33:39.337+0000] {dag.py:4180} INFO - Setting next_dagrun for example_trigger_controller_dag to 2021-01-01 00:00:00+00:00, run_after=2021-01-01 00:00:00+00:00
[2025-04-25T16:33:39.353+0000] {processor.py:208} INFO - Processing /home/airflow/.local/lib/python3.10/site-packages/airflow/example_dags/example_trigger_controller_dag.py took 0.071 seconds
[2025-04-25T16:34:10.435+0000] {processor.py:186} INFO - Started process (PID=602) to work on /home/airflow/.local/lib/python3.10/site-packages/airflow/example_dags/example_trigger_controller_dag.py
[2025-04-25T16:34:10.437+0000] {processor.py:914} INFO - Processing file /home/airflow/.local/lib/python3.10/site-packages/airflow/example_dags/example_trigger_controller_dag.py for tasks to queue
[2025-04-25T16:34:10.439+0000] {logging_mixin.py:190} INFO - [2025-04-25T16:34:10.439+0000] {dagbag.py:588} INFO - Filling up the DagBag from /home/airflow/.local/lib/python3.10/site-packages/airflow/example_dags/example_trigger_controller_dag.py
[2025-04-25T16:34:10.446+0000] {processor.py:925} INFO - DAG(s) 'example_trigger_controller_dag' retrieved from /home/airflow/.local/lib/python3.10/site-packages/airflow/example_dags/example_trigger_controller_dag.py
[2025-04-25T16:34:10.470+0000] {logging_mixin.py:190} INFO - [2025-04-25T16:34:10.470+0000] {dag.py:3239} INFO - Sync 1 DAGs
[2025-04-25T16:34:10.503+0000] {logging_mixin.py:190} INFO - [2025-04-25T16:34:10.503+0000] {dag.py:4180} INFO - Setting next_dagrun for example_trigger_controller_dag to 2021-01-01 00:00:00+00:00, run_after=2021-01-01 00:00:00+00:00
[2025-04-25T16:34:10.530+0000] {processor.py:208} INFO - Processing /home/airflow/.local/lib/python3.10/site-packages/airflow/example_dags/example_trigger_controller_dag.py took 0.101 seconds
[2025-04-25T16:34:41.431+0000] {processor.py:186} INFO - Started process (PID=674) to work on /home/airflow/.local/lib/python3.10/site-packages/airflow/example_dags/example_trigger_controller_dag.py
[2025-04-25T16:34:41.432+0000] {processor.py:914} INFO - Processing file /home/airflow/.local/lib/python3.10/site-packages/airflow/example_dags/example_trigger_controller_dag.py for tasks to queue
[2025-04-25T16:34:41.434+0000] {logging_mixin.py:190} INFO - [2025-04-25T16:34:41.434+0000] {dagbag.py:588} INFO - Filling up the DagBag from /home/airflow/.local/lib/python3.10/site-packages/airflow/example_dags/example_trigger_controller_dag.py
[2025-04-25T16:34:41.441+0000] {processor.py:925} INFO - DAG(s) 'example_trigger_controller_dag' retrieved from /home/airflow/.local/lib/python3.10/site-packages/airflow/example_dags/example_trigger_controller_dag.py
[2025-04-25T16:34:41.462+0000] {logging_mixin.py:190} INFO - [2025-04-25T16:34:41.462+0000] {dag.py:3239} INFO - Sync 1 DAGs
[2025-04-25T16:34:41.487+0000] {logging_mixin.py:190} INFO - [2025-04-25T16:34:41.487+0000] {dag.py:4180} INFO - Setting next_dagrun for example_trigger_controller_dag to 2021-01-01 00:00:00+00:00, run_after=2021-01-01 00:00:00+00:00
[2025-04-25T16:34:41.506+0000] {processor.py:208} INFO - Processing /home/airflow/.local/lib/python3.10/site-packages/airflow/example_dags/example_trigger_controller_dag.py took 0.083 seconds
[2025-04-25T16:35:12.698+0000] {processor.py:186} INFO - Started process (PID=743) to work on /home/airflow/.local/lib/python3.10/site-packages/airflow/example_dags/example_trigger_controller_dag.py
[2025-04-25T16:35:12.699+0000] {processor.py:914} INFO - Processing file /home/airflow/.local/lib/python3.10/site-packages/airflow/example_dags/example_trigger_controller_dag.py for tasks to queue
[2025-04-25T16:35:12.701+0000] {logging_mixin.py:190} INFO - [2025-04-25T16:35:12.701+0000] {dagbag.py:588} INFO - Filling up the DagBag from /home/airflow/.local/lib/python3.10/site-packages/airflow/example_dags/example_trigger_controller_dag.py
[2025-04-25T16:35:12.709+0000] {processor.py:925} INFO - DAG(s) 'example_trigger_controller_dag' retrieved from /home/airflow/.local/lib/python3.10/site-packages/airflow/example_dags/example_trigger_controller_dag.py
[2025-04-25T16:35:12.732+0000] {logging_mixin.py:190} INFO - [2025-04-25T16:35:12.732+0000] {dag.py:3239} INFO - Sync 1 DAGs
[2025-04-25T16:35:12.759+0000] {logging_mixin.py:190} INFO - [2025-04-25T16:35:12.759+0000] {dag.py:4180} INFO - Setting next_dagrun for example_trigger_controller_dag to 2021-01-01 00:00:00+00:00, run_after=2021-01-01 00:00:00+00:00
[2025-04-25T16:35:12.784+0000] {processor.py:208} INFO - Processing /home/airflow/.local/lib/python3.10/site-packages/airflow/example_dags/example_trigger_controller_dag.py took 0.095 seconds
[2025-04-25T16:35:43.188+0000] {processor.py:186} INFO - Started process (PID=817) to work on /home/airflow/.local/lib/python3.10/site-packages/airflow/example_dags/example_trigger_controller_dag.py
[2025-04-25T16:35:43.189+0000] {processor.py:914} INFO - Processing file /home/airflow/.local/lib/python3.10/site-packages/airflow/example_dags/example_trigger_controller_dag.py for tasks to queue
[2025-04-25T16:35:43.191+0000] {logging_mixin.py:190} INFO - [2025-04-25T16:35:43.191+0000] {dagbag.py:588} INFO - Filling up the DagBag from /home/airflow/.local/lib/python3.10/site-packages/airflow/example_dags/example_trigger_controller_dag.py
[2025-04-25T16:35:43.201+0000] {processor.py:925} INFO - DAG(s) 'example_trigger_controller_dag' retrieved from /home/airflow/.local/lib/python3.10/site-packages/airflow/example_dags/example_trigger_controller_dag.py
[2025-04-25T16:35:43.223+0000] {logging_mixin.py:190} INFO - [2025-04-25T16:35:43.223+0000] {dag.py:3239} INFO - Sync 1 DAGs
[2025-04-25T16:35:43.248+0000] {logging_mixin.py:190} INFO - [2025-04-25T16:35:43.248+0000] {dag.py:4180} INFO - Setting next_dagrun for example_trigger_controller_dag to 2021-01-01 00:00:00+00:00, run_after=2021-01-01 00:00:00+00:00
[2025-04-25T16:35:43.269+0000] {processor.py:208} INFO - Processing /home/airflow/.local/lib/python3.10/site-packages/airflow/example_dags/example_trigger_controller_dag.py took 0.087 seconds
[2025-04-25T16:36:14.799+0000] {processor.py:186} INFO - Started process (PID=883) to work on /home/airflow/.local/lib/python3.10/site-packages/airflow/example_dags/example_trigger_controller_dag.py
[2025-04-25T16:36:14.800+0000] {processor.py:914} INFO - Processing file /home/airflow/.local/lib/python3.10/site-packages/airflow/example_dags/example_trigger_controller_dag.py for tasks to queue
[2025-04-25T16:36:14.805+0000] {logging_mixin.py:190} INFO - [2025-04-25T16:36:14.804+0000] {dagbag.py:588} INFO - Filling up the DagBag from /home/airflow/.local/lib/python3.10/site-packages/airflow/example_dags/example_trigger_controller_dag.py
[2025-04-25T16:36:14.817+0000] {processor.py:925} INFO - DAG(s) 'example_trigger_controller_dag' retrieved from /home/airflow/.local/lib/python3.10/site-packages/airflow/example_dags/example_trigger_controller_dag.py
[2025-04-25T16:36:14.844+0000] {logging_mixin.py:190} INFO - [2025-04-25T16:36:14.843+0000] {dag.py:3239} INFO - Sync 1 DAGs
[2025-04-25T16:36:14.874+0000] {logging_mixin.py:190} INFO - [2025-04-25T16:36:14.874+0000] {dag.py:4180} INFO - Setting next_dagrun for example_trigger_controller_dag to 2021-01-01 00:00:00+00:00, run_after=2021-01-01 00:00:00+00:00
[2025-04-25T16:36:14.893+0000] {processor.py:208} INFO - Processing /home/airflow/.local/lib/python3.10/site-packages/airflow/example_dags/example_trigger_controller_dag.py took 0.103 seconds
[2025-04-25T16:36:45.787+0000] {processor.py:186} INFO - Started process (PID=949) to work on /home/airflow/.local/lib/python3.10/site-packages/airflow/example_dags/example_trigger_controller_dag.py
[2025-04-25T16:36:45.788+0000] {processor.py:914} INFO - Processing file /home/airflow/.local/lib/python3.10/site-packages/airflow/example_dags/example_trigger_controller_dag.py for tasks to queue
[2025-04-25T16:36:45.790+0000] {logging_mixin.py:190} INFO - [2025-04-25T16:36:45.790+0000] {dagbag.py:588} INFO - Filling up the DagBag from /home/airflow/.local/lib/python3.10/site-packages/airflow/example_dags/example_trigger_controller_dag.py
[2025-04-25T16:36:45.798+0000] {processor.py:925} INFO - DAG(s) 'example_trigger_controller_dag' retrieved from /home/airflow/.local/lib/python3.10/site-packages/airflow/example_dags/example_trigger_controller_dag.py
[2025-04-25T16:36:45.816+0000] {logging_mixin.py:190} INFO - [2025-04-25T16:36:45.815+0000] {dag.py:3239} INFO - Sync 1 DAGs
[2025-04-25T16:36:45.836+0000] {logging_mixin.py:190} INFO - [2025-04-25T16:36:45.835+0000] {dag.py:4180} INFO - Setting next_dagrun for example_trigger_controller_dag to 2021-01-01 00:00:00+00:00, run_after=2021-01-01 00:00:00+00:00
[2025-04-25T16:36:45.850+0000] {processor.py:208} INFO - Processing /home/airflow/.local/lib/python3.10/site-packages/airflow/example_dags/example_trigger_controller_dag.py took 0.070 seconds
[2025-04-25T16:37:17.342+0000] {processor.py:186} INFO - Started process (PID=1015) to work on /home/airflow/.local/lib/python3.10/site-packages/airflow/example_dags/example_trigger_controller_dag.py
[2025-04-25T16:37:17.343+0000] {processor.py:914} INFO - Processing file /home/airflow/.local/lib/python3.10/site-packages/airflow/example_dags/example_trigger_controller_dag.py for tasks to queue
[2025-04-25T16:37:17.345+0000] {logging_mixin.py:190} INFO - [2025-04-25T16:37:17.345+0000] {dagbag.py:588} INFO - Filling up the DagBag from /home/airflow/.local/lib/python3.10/site-packages/airflow/example_dags/example_trigger_controller_dag.py
[2025-04-25T16:37:17.351+0000] {processor.py:925} INFO - DAG(s) 'example_trigger_controller_dag' retrieved from /home/airflow/.local/lib/python3.10/site-packages/airflow/example_dags/example_trigger_controller_dag.py
[2025-04-25T16:37:17.370+0000] {logging_mixin.py:190} INFO - [2025-04-25T16:37:17.369+0000] {dag.py:3239} INFO - Sync 1 DAGs
[2025-04-25T16:37:17.391+0000] {logging_mixin.py:190} INFO - [2025-04-25T16:37:17.391+0000] {dag.py:4180} INFO - Setting next_dagrun for example_trigger_controller_dag to 2021-01-01 00:00:00+00:00, run_after=2021-01-01 00:00:00+00:00
[2025-04-25T16:37:17.410+0000] {processor.py:208} INFO - Processing /home/airflow/.local/lib/python3.10/site-packages/airflow/example_dags/example_trigger_controller_dag.py took 0.074 seconds
[2025-04-25T16:37:48.451+0000] {processor.py:186} INFO - Started process (PID=1081) to work on /home/airflow/.local/lib/python3.10/site-packages/airflow/example_dags/example_trigger_controller_dag.py
[2025-04-25T16:37:48.452+0000] {processor.py:914} INFO - Processing file /home/airflow/.local/lib/python3.10/site-packages/airflow/example_dags/example_trigger_controller_dag.py for tasks to queue
[2025-04-25T16:37:48.454+0000] {logging_mixin.py:190} INFO - [2025-04-25T16:37:48.454+0000] {dagbag.py:588} INFO - Filling up the DagBag from /home/airflow/.local/lib/python3.10/site-packages/airflow/example_dags/example_trigger_controller_dag.py
[2025-04-25T16:37:48.459+0000] {processor.py:925} INFO - DAG(s) 'example_trigger_controller_dag' retrieved from /home/airflow/.local/lib/python3.10/site-packages/airflow/example_dags/example_trigger_controller_dag.py
[2025-04-25T16:37:48.476+0000] {logging_mixin.py:190} INFO - [2025-04-25T16:37:48.476+0000] {dag.py:3239} INFO - Sync 1 DAGs
[2025-04-25T16:37:48.497+0000] {logging_mixin.py:190} INFO - [2025-04-25T16:37:48.497+0000] {dag.py:4180} INFO - Setting next_dagrun for example_trigger_controller_dag to 2021-01-01 00:00:00+00:00, run_after=2021-01-01 00:00:00+00:00
[2025-04-25T16:37:48.514+0000] {processor.py:208} INFO - Processing /home/airflow/.local/lib/python3.10/site-packages/airflow/example_dags/example_trigger_controller_dag.py took 0.069 seconds
[2025-04-25T16:38:19.851+0000] {processor.py:186} INFO - Started process (PID=1147) to work on /home/airflow/.local/lib/python3.10/site-packages/airflow/example_dags/example_trigger_controller_dag.py
[2025-04-25T16:38:19.852+0000] {processor.py:914} INFO - Processing file /home/airflow/.local/lib/python3.10/site-packages/airflow/example_dags/example_trigger_controller_dag.py for tasks to queue
[2025-04-25T16:38:19.855+0000] {logging_mixin.py:190} INFO - [2025-04-25T16:38:19.855+0000] {dagbag.py:588} INFO - Filling up the DagBag from /home/airflow/.local/lib/python3.10/site-packages/airflow/example_dags/example_trigger_controller_dag.py
[2025-04-25T16:38:19.862+0000] {processor.py:925} INFO - DAG(s) 'example_trigger_controller_dag' retrieved from /home/airflow/.local/lib/python3.10/site-packages/airflow/example_dags/example_trigger_controller_dag.py
[2025-04-25T16:38:19.881+0000] {logging_mixin.py:190} INFO - [2025-04-25T16:38:19.881+0000] {dag.py:3239} INFO - Sync 1 DAGs
[2025-04-25T16:38:19.906+0000] {logging_mixin.py:190} INFO - [2025-04-25T16:38:19.905+0000] {dag.py:4180} INFO - Setting next_dagrun for example_trigger_controller_dag to 2021-01-01 00:00:00+00:00, run_after=2021-01-01 00:00:00+00:00
[2025-04-25T16:38:19.923+0000] {processor.py:208} INFO - Processing /home/airflow/.local/lib/python3.10/site-packages/airflow/example_dags/example_trigger_controller_dag.py took 0.079 seconds
[2025-04-25T16:38:51.255+0000] {processor.py:186} INFO - Started process (PID=1214) to work on /home/airflow/.local/lib/python3.10/site-packages/airflow/example_dags/example_trigger_controller_dag.py
[2025-04-25T16:38:51.257+0000] {processor.py:914} INFO - Processing file /home/airflow/.local/lib/python3.10/site-packages/airflow/example_dags/example_trigger_controller_dag.py for tasks to queue
[2025-04-25T16:38:51.260+0000] {logging_mixin.py:190} INFO - [2025-04-25T16:38:51.260+0000] {dagbag.py:588} INFO - Filling up the DagBag from /home/airflow/.local/lib/python3.10/site-packages/airflow/example_dags/example_trigger_controller_dag.py
[2025-04-25T16:38:51.271+0000] {processor.py:925} INFO - DAG(s) 'example_trigger_controller_dag' retrieved from /home/airflow/.local/lib/python3.10/site-packages/airflow/example_dags/example_trigger_controller_dag.py
[2025-04-25T16:38:51.293+0000] {logging_mixin.py:190} INFO - [2025-04-25T16:38:51.293+0000] {dag.py:3239} INFO - Sync 1 DAGs
[2025-04-25T16:38:51.327+0000] {logging_mixin.py:190} INFO - [2025-04-25T16:38:51.326+0000] {dag.py:4180} INFO - Setting next_dagrun for example_trigger_controller_dag to 2021-01-01 00:00:00+00:00, run_after=2021-01-01 00:00:00+00:00
[2025-04-25T16:38:51.354+0000] {processor.py:208} INFO - Processing /home/airflow/.local/lib/python3.10/site-packages/airflow/example_dags/example_trigger_controller_dag.py took 0.107 seconds
