[2025-04-25T16:30:05.834+0000] {processor.py:186} INFO - Started process (PID=97) to work on /home/airflow/.local/lib/python3.10/site-packages/airflow/example_dags/example_sla_dag.py
[2025-04-25T16:30:05.835+0000] {processor.py:914} INFO - Processing file /home/airflow/.local/lib/python3.10/site-packages/airflow/example_dags/example_sla_dag.py for tasks to queue
[2025-04-25T16:30:05.838+0000] {logging_mixin.py:190} INFO - [2025-04-25T16:30:05.837+0000] {dagbag.py:588} INFO - Filling up the DagBag from /home/airflow/.local/lib/python3.10/site-packages/airflow/example_dags/example_sla_dag.py
[2025-04-25T16:30:05.847+0000] {processor.py:925} INFO - DAG(s) 'example_sla_dag' retrieved from /home/airflow/.local/lib/python3.10/site-packages/airflow/example_dags/example_sla_dag.py
[2025-04-25T16:30:05.865+0000] {logging_mixin.py:190} INFO - [2025-04-25T16:30:05.865+0000] {dag.py:3239} INFO - Sync 1 DAGs
[2025-04-25T16:30:05.889+0000] {logging_mixin.py:190} INFO - [2025-04-25T16:30:05.889+0000] {dag.py:4180} INFO - Setting next_dagrun for example_sla_dag to 2025-04-25 16:28:00+00:00, run_after=2025-04-25 16:30:00+00:00
[2025-04-25T16:30:05.904+0000] {processor.py:208} INFO - Processing /home/airflow/.local/lib/python3.10/site-packages/airflow/example_dags/example_sla_dag.py took 0.076 seconds
[2025-04-25T16:30:36.519+0000] {processor.py:186} INFO - Started process (PID=163) to work on /home/airflow/.local/lib/python3.10/site-packages/airflow/example_dags/example_sla_dag.py
[2025-04-25T16:30:36.520+0000] {processor.py:914} INFO - Processing file /home/airflow/.local/lib/python3.10/site-packages/airflow/example_dags/example_sla_dag.py for tasks to queue
[2025-04-25T16:30:36.523+0000] {logging_mixin.py:190} INFO - [2025-04-25T16:30:36.523+0000] {dagbag.py:588} INFO - Filling up the DagBag from /home/airflow/.local/lib/python3.10/site-packages/airflow/example_dags/example_sla_dag.py
[2025-04-25T16:30:36.533+0000] {processor.py:925} INFO - DAG(s) 'example_sla_dag' retrieved from /home/airflow/.local/lib/python3.10/site-packages/airflow/example_dags/example_sla_dag.py
[2025-04-25T16:30:36.553+0000] {logging_mixin.py:190} INFO - [2025-04-25T16:30:36.553+0000] {dag.py:3239} INFO - Sync 1 DAGs
[2025-04-25T16:30:36.583+0000] {logging_mixin.py:190} INFO - [2025-04-25T16:30:36.583+0000] {dag.py:4180} INFO - Setting next_dagrun for example_sla_dag to 2025-04-25 16:28:00+00:00, run_after=2025-04-25 16:30:00+00:00
[2025-04-25T16:30:36.603+0000] {processor.py:208} INFO - Processing /home/airflow/.local/lib/python3.10/site-packages/airflow/example_dags/example_sla_dag.py took 0.090 seconds
[2025-04-25T16:31:06.898+0000] {processor.py:186} INFO - Started process (PID=229) to work on /home/airflow/.local/lib/python3.10/site-packages/airflow/example_dags/example_sla_dag.py
[2025-04-25T16:31:06.898+0000] {processor.py:914} INFO - Processing file /home/airflow/.local/lib/python3.10/site-packages/airflow/example_dags/example_sla_dag.py for tasks to queue
[2025-04-25T16:31:06.901+0000] {logging_mixin.py:190} INFO - [2025-04-25T16:31:06.901+0000] {dagbag.py:588} INFO - Filling up the DagBag from /home/airflow/.local/lib/python3.10/site-packages/airflow/example_dags/example_sla_dag.py
[2025-04-25T16:31:06.910+0000] {processor.py:925} INFO - DAG(s) 'example_sla_dag' retrieved from /home/airflow/.local/lib/python3.10/site-packages/airflow/example_dags/example_sla_dag.py
[2025-04-25T16:31:06.926+0000] {logging_mixin.py:190} INFO - [2025-04-25T16:31:06.926+0000] {dag.py:3239} INFO - Sync 1 DAGs
[2025-04-25T16:31:06.949+0000] {logging_mixin.py:190} INFO - [2025-04-25T16:31:06.949+0000] {dag.py:4180} INFO - Setting next_dagrun for example_sla_dag to 2025-04-25 16:28:00+00:00, run_after=2025-04-25 16:30:00+00:00
[2025-04-25T16:31:06.967+0000] {processor.py:208} INFO - Processing /home/airflow/.local/lib/python3.10/site-packages/airflow/example_dags/example_sla_dag.py took 0.075 seconds
[2025-04-25T16:31:38.157+0000] {processor.py:186} INFO - Started process (PID=295) to work on /home/airflow/.local/lib/python3.10/site-packages/airflow/example_dags/example_sla_dag.py
[2025-04-25T16:31:38.158+0000] {processor.py:914} INFO - Processing file /home/airflow/.local/lib/python3.10/site-packages/airflow/example_dags/example_sla_dag.py for tasks to queue
[2025-04-25T16:31:38.163+0000] {logging_mixin.py:190} INFO - [2025-04-25T16:31:38.162+0000] {dagbag.py:588} INFO - Filling up the DagBag from /home/airflow/.local/lib/python3.10/site-packages/airflow/example_dags/example_sla_dag.py
[2025-04-25T16:31:38.174+0000] {processor.py:925} INFO - DAG(s) 'example_sla_dag' retrieved from /home/airflow/.local/lib/python3.10/site-packages/airflow/example_dags/example_sla_dag.py
[2025-04-25T16:31:38.198+0000] {logging_mixin.py:190} INFO - [2025-04-25T16:31:38.197+0000] {dag.py:3239} INFO - Sync 1 DAGs
[2025-04-25T16:31:38.227+0000] {logging_mixin.py:190} INFO - [2025-04-25T16:31:38.227+0000] {dag.py:4180} INFO - Setting next_dagrun for example_sla_dag to 2025-04-25 16:28:00+00:00, run_after=2025-04-25 16:30:00+00:00
[2025-04-25T16:31:38.248+0000] {processor.py:208} INFO - Processing /home/airflow/.local/lib/python3.10/site-packages/airflow/example_dags/example_sla_dag.py took 0.098 seconds
[2025-04-25T16:32:08.921+0000] {processor.py:186} INFO - Started process (PID=362) to work on /home/airflow/.local/lib/python3.10/site-packages/airflow/example_dags/example_sla_dag.py
[2025-04-25T16:32:08.922+0000] {processor.py:914} INFO - Processing file /home/airflow/.local/lib/python3.10/site-packages/airflow/example_dags/example_sla_dag.py for tasks to queue
[2025-04-25T16:32:08.925+0000] {logging_mixin.py:190} INFO - [2025-04-25T16:32:08.924+0000] {dagbag.py:588} INFO - Filling up the DagBag from /home/airflow/.local/lib/python3.10/site-packages/airflow/example_dags/example_sla_dag.py
[2025-04-25T16:32:08.934+0000] {processor.py:925} INFO - DAG(s) 'example_sla_dag' retrieved from /home/airflow/.local/lib/python3.10/site-packages/airflow/example_dags/example_sla_dag.py
[2025-04-25T16:32:08.952+0000] {logging_mixin.py:190} INFO - [2025-04-25T16:32:08.951+0000] {dag.py:3239} INFO - Sync 1 DAGs
[2025-04-25T16:32:08.982+0000] {logging_mixin.py:190} INFO - [2025-04-25T16:32:08.982+0000] {dag.py:4180} INFO - Setting next_dagrun for example_sla_dag to 2025-04-25 16:30:00+00:00, run_after=2025-04-25 16:32:00+00:00
[2025-04-25T16:32:09.006+0000] {processor.py:208} INFO - Processing /home/airflow/.local/lib/python3.10/site-packages/airflow/example_dags/example_sla_dag.py took 0.091 seconds
[2025-04-25T16:32:39.907+0000] {processor.py:186} INFO - Started process (PID=427) to work on /home/airflow/.local/lib/python3.10/site-packages/airflow/example_dags/example_sla_dag.py
[2025-04-25T16:32:39.908+0000] {processor.py:914} INFO - Processing file /home/airflow/.local/lib/python3.10/site-packages/airflow/example_dags/example_sla_dag.py for tasks to queue
[2025-04-25T16:32:39.911+0000] {logging_mixin.py:190} INFO - [2025-04-25T16:32:39.910+0000] {dagbag.py:588} INFO - Filling up the DagBag from /home/airflow/.local/lib/python3.10/site-packages/airflow/example_dags/example_sla_dag.py
[2025-04-25T16:32:39.920+0000] {processor.py:925} INFO - DAG(s) 'example_sla_dag' retrieved from /home/airflow/.local/lib/python3.10/site-packages/airflow/example_dags/example_sla_dag.py
[2025-04-25T16:32:39.937+0000] {logging_mixin.py:190} INFO - [2025-04-25T16:32:39.936+0000] {dag.py:3239} INFO - Sync 1 DAGs
[2025-04-25T16:32:39.966+0000] {logging_mixin.py:190} INFO - [2025-04-25T16:32:39.966+0000] {dag.py:4180} INFO - Setting next_dagrun for example_sla_dag to 2025-04-25 16:30:00+00:00, run_after=2025-04-25 16:32:00+00:00
[2025-04-25T16:32:39.983+0000] {processor.py:208} INFO - Processing /home/airflow/.local/lib/python3.10/site-packages/airflow/example_dags/example_sla_dag.py took 0.082 seconds
[2025-04-25T16:33:11.084+0000] {processor.py:186} INFO - Started process (PID=499) to work on /home/airflow/.local/lib/python3.10/site-packages/airflow/example_dags/example_sla_dag.py
[2025-04-25T16:33:11.085+0000] {processor.py:914} INFO - Processing file /home/airflow/.local/lib/python3.10/site-packages/airflow/example_dags/example_sla_dag.py for tasks to queue
[2025-04-25T16:33:11.088+0000] {logging_mixin.py:190} INFO - [2025-04-25T16:33:11.088+0000] {dagbag.py:588} INFO - Filling up the DagBag from /home/airflow/.local/lib/python3.10/site-packages/airflow/example_dags/example_sla_dag.py
[2025-04-25T16:33:11.098+0000] {processor.py:925} INFO - DAG(s) 'example_sla_dag' retrieved from /home/airflow/.local/lib/python3.10/site-packages/airflow/example_dags/example_sla_dag.py
[2025-04-25T16:33:11.117+0000] {logging_mixin.py:190} INFO - [2025-04-25T16:33:11.117+0000] {dag.py:3239} INFO - Sync 1 DAGs
[2025-04-25T16:33:11.141+0000] {logging_mixin.py:190} INFO - [2025-04-25T16:33:11.141+0000] {dag.py:4180} INFO - Setting next_dagrun for example_sla_dag to 2025-04-25 16:30:00+00:00, run_after=2025-04-25 16:32:00+00:00
[2025-04-25T16:33:11.156+0000] {processor.py:208} INFO - Processing /home/airflow/.local/lib/python3.10/site-packages/airflow/example_dags/example_sla_dag.py took 0.079 seconds
[2025-04-25T16:33:41.974+0000] {processor.py:186} INFO - Started process (PID=565) to work on /home/airflow/.local/lib/python3.10/site-packages/airflow/example_dags/example_sla_dag.py
[2025-04-25T16:33:41.975+0000] {processor.py:914} INFO - Processing file /home/airflow/.local/lib/python3.10/site-packages/airflow/example_dags/example_sla_dag.py for tasks to queue
[2025-04-25T16:33:41.978+0000] {logging_mixin.py:190} INFO - [2025-04-25T16:33:41.977+0000] {dagbag.py:588} INFO - Filling up the DagBag from /home/airflow/.local/lib/python3.10/site-packages/airflow/example_dags/example_sla_dag.py
[2025-04-25T16:33:41.989+0000] {processor.py:925} INFO - DAG(s) 'example_sla_dag' retrieved from /home/airflow/.local/lib/python3.10/site-packages/airflow/example_dags/example_sla_dag.py
[2025-04-25T16:33:42.012+0000] {logging_mixin.py:190} INFO - [2025-04-25T16:33:42.011+0000] {dag.py:3239} INFO - Sync 1 DAGs
[2025-04-25T16:33:42.038+0000] {logging_mixin.py:190} INFO - [2025-04-25T16:33:42.038+0000] {dag.py:4180} INFO - Setting next_dagrun for example_sla_dag to 2025-04-25 16:30:00+00:00, run_after=2025-04-25 16:32:00+00:00
[2025-04-25T16:33:42.058+0000] {processor.py:208} INFO - Processing /home/airflow/.local/lib/python3.10/site-packages/airflow/example_dags/example_sla_dag.py took 0.092 seconds
[2025-04-25T16:34:12.490+0000] {processor.py:186} INFO - Started process (PID=631) to work on /home/airflow/.local/lib/python3.10/site-packages/airflow/example_dags/example_sla_dag.py
[2025-04-25T16:34:12.491+0000] {processor.py:914} INFO - Processing file /home/airflow/.local/lib/python3.10/site-packages/airflow/example_dags/example_sla_dag.py for tasks to queue
[2025-04-25T16:34:12.493+0000] {logging_mixin.py:190} INFO - [2025-04-25T16:34:12.493+0000] {dagbag.py:588} INFO - Filling up the DagBag from /home/airflow/.local/lib/python3.10/site-packages/airflow/example_dags/example_sla_dag.py
[2025-04-25T16:34:12.502+0000] {processor.py:925} INFO - DAG(s) 'example_sla_dag' retrieved from /home/airflow/.local/lib/python3.10/site-packages/airflow/example_dags/example_sla_dag.py
[2025-04-25T16:34:12.520+0000] {logging_mixin.py:190} INFO - [2025-04-25T16:34:12.520+0000] {dag.py:3239} INFO - Sync 1 DAGs
[2025-04-25T16:34:12.542+0000] {logging_mixin.py:190} INFO - [2025-04-25T16:34:12.542+0000] {dag.py:4180} INFO - Setting next_dagrun for example_sla_dag to 2025-04-25 16:32:00+00:00, run_after=2025-04-25 16:34:00+00:00
[2025-04-25T16:34:12.558+0000] {processor.py:208} INFO - Processing /home/airflow/.local/lib/python3.10/site-packages/airflow/example_dags/example_sla_dag.py took 0.074 seconds
[2025-04-25T16:34:43.801+0000] {processor.py:186} INFO - Started process (PID=697) to work on /home/airflow/.local/lib/python3.10/site-packages/airflow/example_dags/example_sla_dag.py
[2025-04-25T16:34:43.803+0000] {processor.py:914} INFO - Processing file /home/airflow/.local/lib/python3.10/site-packages/airflow/example_dags/example_sla_dag.py for tasks to queue
[2025-04-25T16:34:43.806+0000] {logging_mixin.py:190} INFO - [2025-04-25T16:34:43.806+0000] {dagbag.py:588} INFO - Filling up the DagBag from /home/airflow/.local/lib/python3.10/site-packages/airflow/example_dags/example_sla_dag.py
[2025-04-25T16:34:43.818+0000] {processor.py:925} INFO - DAG(s) 'example_sla_dag' retrieved from /home/airflow/.local/lib/python3.10/site-packages/airflow/example_dags/example_sla_dag.py
[2025-04-25T16:34:43.840+0000] {logging_mixin.py:190} INFO - [2025-04-25T16:34:43.840+0000] {dag.py:3239} INFO - Sync 1 DAGs
[2025-04-25T16:34:43.871+0000] {logging_mixin.py:190} INFO - [2025-04-25T16:34:43.871+0000] {dag.py:4180} INFO - Setting next_dagrun for example_sla_dag to 2025-04-25 16:32:00+00:00, run_after=2025-04-25 16:34:00+00:00
[2025-04-25T16:34:43.899+0000] {processor.py:208} INFO - Processing /home/airflow/.local/lib/python3.10/site-packages/airflow/example_dags/example_sla_dag.py took 0.105 seconds
[2025-04-25T16:35:16.449+0000] {processor.py:186} INFO - Started process (PID=771) to work on /home/airflow/.local/lib/python3.10/site-packages/airflow/example_dags/example_sla_dag.py
[2025-04-25T16:35:16.450+0000] {processor.py:914} INFO - Processing file /home/airflow/.local/lib/python3.10/site-packages/airflow/example_dags/example_sla_dag.py for tasks to queue
[2025-04-25T16:35:16.454+0000] {logging_mixin.py:190} INFO - [2025-04-25T16:35:16.453+0000] {dagbag.py:588} INFO - Filling up the DagBag from /home/airflow/.local/lib/python3.10/site-packages/airflow/example_dags/example_sla_dag.py
[2025-04-25T16:35:16.469+0000] {processor.py:925} INFO - DAG(s) 'example_sla_dag' retrieved from /home/airflow/.local/lib/python3.10/site-packages/airflow/example_dags/example_sla_dag.py
[2025-04-25T16:35:16.505+0000] {logging_mixin.py:190} INFO - [2025-04-25T16:35:16.504+0000] {dag.py:3239} INFO - Sync 1 DAGs
[2025-04-25T16:35:16.559+0000] {logging_mixin.py:190} INFO - [2025-04-25T16:35:16.558+0000] {dag.py:4180} INFO - Setting next_dagrun for example_sla_dag to 2025-04-25 16:32:00+00:00, run_after=2025-04-25 16:34:00+00:00
[2025-04-25T16:35:16.594+0000] {processor.py:208} INFO - Processing /home/airflow/.local/lib/python3.10/site-packages/airflow/example_dags/example_sla_dag.py took 0.158 seconds
[2025-04-25T16:35:47.295+0000] {processor.py:186} INFO - Started process (PID=841) to work on /home/airflow/.local/lib/python3.10/site-packages/airflow/example_dags/example_sla_dag.py
[2025-04-25T16:35:47.297+0000] {processor.py:914} INFO - Processing file /home/airflow/.local/lib/python3.10/site-packages/airflow/example_dags/example_sla_dag.py for tasks to queue
[2025-04-25T16:35:47.300+0000] {logging_mixin.py:190} INFO - [2025-04-25T16:35:47.299+0000] {dagbag.py:588} INFO - Filling up the DagBag from /home/airflow/.local/lib/python3.10/site-packages/airflow/example_dags/example_sla_dag.py
[2025-04-25T16:35:47.312+0000] {processor.py:925} INFO - DAG(s) 'example_sla_dag' retrieved from /home/airflow/.local/lib/python3.10/site-packages/airflow/example_dags/example_sla_dag.py
[2025-04-25T16:35:47.334+0000] {logging_mixin.py:190} INFO - [2025-04-25T16:35:47.333+0000] {dag.py:3239} INFO - Sync 1 DAGs
[2025-04-25T16:35:47.365+0000] {logging_mixin.py:190} INFO - [2025-04-25T16:35:47.364+0000] {dag.py:4180} INFO - Setting next_dagrun for example_sla_dag to 2025-04-25 16:32:00+00:00, run_after=2025-04-25 16:34:00+00:00
[2025-04-25T16:35:47.390+0000] {processor.py:208} INFO - Processing /home/airflow/.local/lib/python3.10/site-packages/airflow/example_dags/example_sla_dag.py took 0.103 seconds
[2025-04-25T16:36:18.240+0000] {processor.py:186} INFO - Started process (PID=907) to work on /home/airflow/.local/lib/python3.10/site-packages/airflow/example_dags/example_sla_dag.py
[2025-04-25T16:36:18.242+0000] {processor.py:914} INFO - Processing file /home/airflow/.local/lib/python3.10/site-packages/airflow/example_dags/example_sla_dag.py for tasks to queue
[2025-04-25T16:36:18.247+0000] {logging_mixin.py:190} INFO - [2025-04-25T16:36:18.246+0000] {dagbag.py:588} INFO - Filling up the DagBag from /home/airflow/.local/lib/python3.10/site-packages/airflow/example_dags/example_sla_dag.py
[2025-04-25T16:36:18.266+0000] {processor.py:925} INFO - DAG(s) 'example_sla_dag' retrieved from /home/airflow/.local/lib/python3.10/site-packages/airflow/example_dags/example_sla_dag.py
[2025-04-25T16:36:18.306+0000] {logging_mixin.py:190} INFO - [2025-04-25T16:36:18.305+0000] {dag.py:3239} INFO - Sync 1 DAGs
[2025-04-25T16:36:18.356+0000] {logging_mixin.py:190} INFO - [2025-04-25T16:36:18.356+0000] {dag.py:4180} INFO - Setting next_dagrun for example_sla_dag to 2025-04-25 16:34:00+00:00, run_after=2025-04-25 16:36:00+00:00
[2025-04-25T16:36:18.393+0000] {processor.py:208} INFO - Processing /home/airflow/.local/lib/python3.10/site-packages/airflow/example_dags/example_sla_dag.py took 0.165 seconds
[2025-04-25T16:36:48.956+0000] {processor.py:186} INFO - Started process (PID=974) to work on /home/airflow/.local/lib/python3.10/site-packages/airflow/example_dags/example_sla_dag.py
[2025-04-25T16:36:48.957+0000] {processor.py:914} INFO - Processing file /home/airflow/.local/lib/python3.10/site-packages/airflow/example_dags/example_sla_dag.py for tasks to queue
[2025-04-25T16:36:48.959+0000] {logging_mixin.py:190} INFO - [2025-04-25T16:36:48.959+0000] {dagbag.py:588} INFO - Filling up the DagBag from /home/airflow/.local/lib/python3.10/site-packages/airflow/example_dags/example_sla_dag.py
[2025-04-25T16:36:48.968+0000] {processor.py:925} INFO - DAG(s) 'example_sla_dag' retrieved from /home/airflow/.local/lib/python3.10/site-packages/airflow/example_dags/example_sla_dag.py
[2025-04-25T16:36:48.988+0000] {logging_mixin.py:190} INFO - [2025-04-25T16:36:48.987+0000] {dag.py:3239} INFO - Sync 1 DAGs
[2025-04-25T16:36:49.013+0000] {logging_mixin.py:190} INFO - [2025-04-25T16:36:49.013+0000] {dag.py:4180} INFO - Setting next_dagrun for example_sla_dag to 2025-04-25 16:34:00+00:00, run_after=2025-04-25 16:36:00+00:00
[2025-04-25T16:36:49.031+0000] {processor.py:208} INFO - Processing /home/airflow/.local/lib/python3.10/site-packages/airflow/example_dags/example_sla_dag.py took 0.080 seconds
[2025-04-25T16:37:19.860+0000] {processor.py:186} INFO - Started process (PID=1039) to work on /home/airflow/.local/lib/python3.10/site-packages/airflow/example_dags/example_sla_dag.py
[2025-04-25T16:37:19.861+0000] {processor.py:914} INFO - Processing file /home/airflow/.local/lib/python3.10/site-packages/airflow/example_dags/example_sla_dag.py for tasks to queue
[2025-04-25T16:37:19.864+0000] {logging_mixin.py:190} INFO - [2025-04-25T16:37:19.864+0000] {dagbag.py:588} INFO - Filling up the DagBag from /home/airflow/.local/lib/python3.10/site-packages/airflow/example_dags/example_sla_dag.py
[2025-04-25T16:37:19.874+0000] {processor.py:925} INFO - DAG(s) 'example_sla_dag' retrieved from /home/airflow/.local/lib/python3.10/site-packages/airflow/example_dags/example_sla_dag.py
[2025-04-25T16:37:19.893+0000] {logging_mixin.py:190} INFO - [2025-04-25T16:37:19.893+0000] {dag.py:3239} INFO - Sync 1 DAGs
[2025-04-25T16:37:19.918+0000] {logging_mixin.py:190} INFO - [2025-04-25T16:37:19.918+0000] {dag.py:4180} INFO - Setting next_dagrun for example_sla_dag to 2025-04-25 16:34:00+00:00, run_after=2025-04-25 16:36:00+00:00
[2025-04-25T16:37:19.937+0000] {processor.py:208} INFO - Processing /home/airflow/.local/lib/python3.10/site-packages/airflow/example_dags/example_sla_dag.py took 0.082 seconds
[2025-04-25T16:37:50.285+0000] {processor.py:186} INFO - Started process (PID=1105) to work on /home/airflow/.local/lib/python3.10/site-packages/airflow/example_dags/example_sla_dag.py
[2025-04-25T16:37:50.287+0000] {processor.py:914} INFO - Processing file /home/airflow/.local/lib/python3.10/site-packages/airflow/example_dags/example_sla_dag.py for tasks to queue
[2025-04-25T16:37:50.289+0000] {logging_mixin.py:190} INFO - [2025-04-25T16:37:50.289+0000] {dagbag.py:588} INFO - Filling up the DagBag from /home/airflow/.local/lib/python3.10/site-packages/airflow/example_dags/example_sla_dag.py
[2025-04-25T16:37:50.301+0000] {processor.py:925} INFO - DAG(s) 'example_sla_dag' retrieved from /home/airflow/.local/lib/python3.10/site-packages/airflow/example_dags/example_sla_dag.py
[2025-04-25T16:37:50.324+0000] {logging_mixin.py:190} INFO - [2025-04-25T16:37:50.323+0000] {dag.py:3239} INFO - Sync 1 DAGs
[2025-04-25T16:37:50.354+0000] {logging_mixin.py:190} INFO - [2025-04-25T16:37:50.354+0000] {dag.py:4180} INFO - Setting next_dagrun for example_sla_dag to 2025-04-25 16:34:00+00:00, run_after=2025-04-25 16:36:00+00:00
[2025-04-25T16:37:50.375+0000] {processor.py:208} INFO - Processing /home/airflow/.local/lib/python3.10/site-packages/airflow/example_dags/example_sla_dag.py took 0.096 seconds
[2025-04-25T16:38:21.586+0000] {processor.py:186} INFO - Started process (PID=1170) to work on /home/airflow/.local/lib/python3.10/site-packages/airflow/example_dags/example_sla_dag.py
[2025-04-25T16:38:21.587+0000] {processor.py:914} INFO - Processing file /home/airflow/.local/lib/python3.10/site-packages/airflow/example_dags/example_sla_dag.py for tasks to queue
[2025-04-25T16:38:21.590+0000] {logging_mixin.py:190} INFO - [2025-04-25T16:38:21.590+0000] {dagbag.py:588} INFO - Filling up the DagBag from /home/airflow/.local/lib/python3.10/site-packages/airflow/example_dags/example_sla_dag.py
[2025-04-25T16:38:21.600+0000] {processor.py:925} INFO - DAG(s) 'example_sla_dag' retrieved from /home/airflow/.local/lib/python3.10/site-packages/airflow/example_dags/example_sla_dag.py
[2025-04-25T16:38:21.618+0000] {logging_mixin.py:190} INFO - [2025-04-25T16:38:21.618+0000] {dag.py:3239} INFO - Sync 1 DAGs
[2025-04-25T16:38:21.643+0000] {logging_mixin.py:190} INFO - [2025-04-25T16:38:21.643+0000] {dag.py:4180} INFO - Setting next_dagrun for example_sla_dag to 2025-04-25 16:36:00+00:00, run_after=2025-04-25 16:38:00+00:00
[2025-04-25T16:38:21.662+0000] {processor.py:208} INFO - Processing /home/airflow/.local/lib/python3.10/site-packages/airflow/example_dags/example_sla_dag.py took 0.082 seconds
[2025-04-25T16:38:53.512+0000] {processor.py:186} INFO - Started process (PID=1237) to work on /home/airflow/.local/lib/python3.10/site-packages/airflow/example_dags/example_sla_dag.py
[2025-04-25T16:38:53.513+0000] {processor.py:914} INFO - Processing file /home/airflow/.local/lib/python3.10/site-packages/airflow/example_dags/example_sla_dag.py for tasks to queue
[2025-04-25T16:38:53.515+0000] {logging_mixin.py:190} INFO - [2025-04-25T16:38:53.515+0000] {dagbag.py:588} INFO - Filling up the DagBag from /home/airflow/.local/lib/python3.10/site-packages/airflow/example_dags/example_sla_dag.py
[2025-04-25T16:38:53.525+0000] {processor.py:925} INFO - DAG(s) 'example_sla_dag' retrieved from /home/airflow/.local/lib/python3.10/site-packages/airflow/example_dags/example_sla_dag.py
[2025-04-25T16:38:53.544+0000] {logging_mixin.py:190} INFO - [2025-04-25T16:38:53.544+0000] {dag.py:3239} INFO - Sync 1 DAGs
[2025-04-25T16:38:53.570+0000] {logging_mixin.py:190} INFO - [2025-04-25T16:38:53.570+0000] {dag.py:4180} INFO - Setting next_dagrun for example_sla_dag to 2025-04-25 16:36:00+00:00, run_after=2025-04-25 16:38:00+00:00
[2025-04-25T16:38:53.588+0000] {processor.py:208} INFO - Processing /home/airflow/.local/lib/python3.10/site-packages/airflow/example_dags/example_sla_dag.py took 0.082 seconds
