[2025-04-25T16:30:05.738+0000] {processor.py:186} INFO - Started process (PID=96) to work on /home/airflow/.local/lib/python3.10/site-packages/airflow/example_dags/example_external_task_marker_dag.py
[2025-04-25T16:30:05.739+0000] {processor.py:914} INFO - Processing file /home/airflow/.local/lib/python3.10/site-packages/airflow/example_dags/example_external_task_marker_dag.py for tasks to queue
[2025-04-25T16:30:05.741+0000] {logging_mixin.py:190} INFO - [2025-04-25T16:30:05.741+0000] {dagbag.py:588} INFO - Filling up the DagBag from /home/airflow/.local/lib/python3.10/site-packages/airflow/example_dags/example_external_task_marker_dag.py
[2025-04-25T16:30:05.748+0000] {processor.py:925} INFO - DAG(s) 'example_external_task_marker_parent', 'example_external_task_marker_child' retrieved from /home/airflow/.local/lib/python3.10/site-packages/airflow/example_dags/example_external_task_marker_dag.py
[2025-04-25T16:30:05.769+0000] {logging_mixin.py:190} INFO - [2025-04-25T16:30:05.768+0000] {dag.py:3239} INFO - Sync 2 DAGs
[2025-04-25T16:30:05.783+0000] {logging_mixin.py:190} INFO - [2025-04-25T16:30:05.782+0000] {dag.py:4180} INFO - Setting next_dagrun for example_external_task_marker_child to None, run_after=None
[2025-04-25T16:30:05.786+0000] {logging_mixin.py:190} INFO - [2025-04-25T16:30:05.786+0000] {dag.py:4180} INFO - Setting next_dagrun for example_external_task_marker_parent to None, run_after=None
[2025-04-25T16:30:05.801+0000] {processor.py:208} INFO - Processing /home/airflow/.local/lib/python3.10/site-packages/airflow/example_dags/example_external_task_marker_dag.py took 0.069 seconds
[2025-04-25T16:30:36.397+0000] {processor.py:186} INFO - Started process (PID=162) to work on /home/airflow/.local/lib/python3.10/site-packages/airflow/example_dags/example_external_task_marker_dag.py
[2025-04-25T16:30:36.398+0000] {processor.py:914} INFO - Processing file /home/airflow/.local/lib/python3.10/site-packages/airflow/example_dags/example_external_task_marker_dag.py for tasks to queue
[2025-04-25T16:30:36.400+0000] {logging_mixin.py:190} INFO - [2025-04-25T16:30:36.400+0000] {dagbag.py:588} INFO - Filling up the DagBag from /home/airflow/.local/lib/python3.10/site-packages/airflow/example_dags/example_external_task_marker_dag.py
[2025-04-25T16:30:36.409+0000] {processor.py:925} INFO - DAG(s) 'example_external_task_marker_parent', 'example_external_task_marker_child' retrieved from /home/airflow/.local/lib/python3.10/site-packages/airflow/example_dags/example_external_task_marker_dag.py
[2025-04-25T16:30:36.438+0000] {logging_mixin.py:190} INFO - [2025-04-25T16:30:36.437+0000] {dag.py:3239} INFO - Sync 2 DAGs
[2025-04-25T16:30:36.455+0000] {logging_mixin.py:190} INFO - [2025-04-25T16:30:36.455+0000] {dag.py:4180} INFO - Setting next_dagrun for example_external_task_marker_child to None, run_after=None
[2025-04-25T16:30:36.459+0000] {logging_mixin.py:190} INFO - [2025-04-25T16:30:36.459+0000] {dag.py:4180} INFO - Setting next_dagrun for example_external_task_marker_parent to None, run_after=None
[2025-04-25T16:30:36.478+0000] {processor.py:208} INFO - Processing /home/airflow/.local/lib/python3.10/site-packages/airflow/example_dags/example_external_task_marker_dag.py took 0.087 seconds
[2025-04-25T16:31:06.558+0000] {processor.py:186} INFO - Started process (PID=227) to work on /home/airflow/.local/lib/python3.10/site-packages/airflow/example_dags/example_external_task_marker_dag.py
[2025-04-25T16:31:06.558+0000] {processor.py:914} INFO - Processing file /home/airflow/.local/lib/python3.10/site-packages/airflow/example_dags/example_external_task_marker_dag.py for tasks to queue
[2025-04-25T16:31:06.561+0000] {logging_mixin.py:190} INFO - [2025-04-25T16:31:06.561+0000] {dagbag.py:588} INFO - Filling up the DagBag from /home/airflow/.local/lib/python3.10/site-packages/airflow/example_dags/example_external_task_marker_dag.py
[2025-04-25T16:31:06.568+0000] {processor.py:925} INFO - DAG(s) 'example_external_task_marker_parent', 'example_external_task_marker_child' retrieved from /home/airflow/.local/lib/python3.10/site-packages/airflow/example_dags/example_external_task_marker_dag.py
[2025-04-25T16:31:06.589+0000] {logging_mixin.py:190} INFO - [2025-04-25T16:31:06.589+0000] {dag.py:3239} INFO - Sync 2 DAGs
[2025-04-25T16:31:06.602+0000] {logging_mixin.py:190} INFO - [2025-04-25T16:31:06.602+0000] {dag.py:4180} INFO - Setting next_dagrun for example_external_task_marker_child to None, run_after=None
[2025-04-25T16:31:06.606+0000] {logging_mixin.py:190} INFO - [2025-04-25T16:31:06.606+0000] {dag.py:4180} INFO - Setting next_dagrun for example_external_task_marker_parent to None, run_after=None
[2025-04-25T16:31:06.621+0000] {processor.py:208} INFO - Processing /home/airflow/.local/lib/python3.10/site-packages/airflow/example_dags/example_external_task_marker_dag.py took 0.069 seconds
[2025-04-25T16:31:38.019+0000] {processor.py:186} INFO - Started process (PID=294) to work on /home/airflow/.local/lib/python3.10/site-packages/airflow/example_dags/example_external_task_marker_dag.py
[2025-04-25T16:31:38.020+0000] {processor.py:914} INFO - Processing file /home/airflow/.local/lib/python3.10/site-packages/airflow/example_dags/example_external_task_marker_dag.py for tasks to queue
[2025-04-25T16:31:38.024+0000] {logging_mixin.py:190} INFO - [2025-04-25T16:31:38.023+0000] {dagbag.py:588} INFO - Filling up the DagBag from /home/airflow/.local/lib/python3.10/site-packages/airflow/example_dags/example_external_task_marker_dag.py
[2025-04-25T16:31:38.032+0000] {processor.py:925} INFO - DAG(s) 'example_external_task_marker_child', 'example_external_task_marker_parent' retrieved from /home/airflow/.local/lib/python3.10/site-packages/airflow/example_dags/example_external_task_marker_dag.py
[2025-04-25T16:31:38.061+0000] {logging_mixin.py:190} INFO - [2025-04-25T16:31:38.060+0000] {dag.py:3239} INFO - Sync 2 DAGs
[2025-04-25T16:31:38.078+0000] {logging_mixin.py:190} INFO - [2025-04-25T16:31:38.078+0000] {dag.py:4180} INFO - Setting next_dagrun for example_external_task_marker_child to None, run_after=None
[2025-04-25T16:31:38.083+0000] {logging_mixin.py:190} INFO - [2025-04-25T16:31:38.083+0000] {dag.py:4180} INFO - Setting next_dagrun for example_external_task_marker_parent to None, run_after=None
[2025-04-25T16:31:38.106+0000] {processor.py:208} INFO - Processing /home/airflow/.local/lib/python3.10/site-packages/airflow/example_dags/example_external_task_marker_dag.py took 0.095 seconds
[2025-04-25T16:32:08.743+0000] {processor.py:186} INFO - Started process (PID=360) to work on /home/airflow/.local/lib/python3.10/site-packages/airflow/example_dags/example_external_task_marker_dag.py
[2025-04-25T16:32:08.744+0000] {processor.py:914} INFO - Processing file /home/airflow/.local/lib/python3.10/site-packages/airflow/example_dags/example_external_task_marker_dag.py for tasks to queue
[2025-04-25T16:32:08.746+0000] {logging_mixin.py:190} INFO - [2025-04-25T16:32:08.746+0000] {dagbag.py:588} INFO - Filling up the DagBag from /home/airflow/.local/lib/python3.10/site-packages/airflow/example_dags/example_external_task_marker_dag.py
[2025-04-25T16:32:08.753+0000] {processor.py:925} INFO - DAG(s) 'example_external_task_marker_child', 'example_external_task_marker_parent' retrieved from /home/airflow/.local/lib/python3.10/site-packages/airflow/example_dags/example_external_task_marker_dag.py
[2025-04-25T16:32:08.779+0000] {logging_mixin.py:190} INFO - [2025-04-25T16:32:08.779+0000] {dag.py:3239} INFO - Sync 2 DAGs
[2025-04-25T16:32:08.795+0000] {logging_mixin.py:190} INFO - [2025-04-25T16:32:08.794+0000] {dag.py:4180} INFO - Setting next_dagrun for example_external_task_marker_child to None, run_after=None
[2025-04-25T16:32:08.799+0000] {logging_mixin.py:190} INFO - [2025-04-25T16:32:08.799+0000] {dag.py:4180} INFO - Setting next_dagrun for example_external_task_marker_parent to None, run_after=None
[2025-04-25T16:32:08.817+0000] {processor.py:208} INFO - Processing /home/airflow/.local/lib/python3.10/site-packages/airflow/example_dags/example_external_task_marker_dag.py took 0.081 seconds
[2025-04-25T16:32:39.796+0000] {processor.py:186} INFO - Started process (PID=426) to work on /home/airflow/.local/lib/python3.10/site-packages/airflow/example_dags/example_external_task_marker_dag.py
[2025-04-25T16:32:39.798+0000] {processor.py:914} INFO - Processing file /home/airflow/.local/lib/python3.10/site-packages/airflow/example_dags/example_external_task_marker_dag.py for tasks to queue
[2025-04-25T16:32:39.800+0000] {logging_mixin.py:190} INFO - [2025-04-25T16:32:39.800+0000] {dagbag.py:588} INFO - Filling up the DagBag from /home/airflow/.local/lib/python3.10/site-packages/airflow/example_dags/example_external_task_marker_dag.py
[2025-04-25T16:32:39.808+0000] {processor.py:925} INFO - DAG(s) 'example_external_task_marker_child', 'example_external_task_marker_parent' retrieved from /home/airflow/.local/lib/python3.10/site-packages/airflow/example_dags/example_external_task_marker_dag.py
[2025-04-25T16:32:39.830+0000] {logging_mixin.py:190} INFO - [2025-04-25T16:32:39.830+0000] {dag.py:3239} INFO - Sync 2 DAGs
[2025-04-25T16:32:39.845+0000] {logging_mixin.py:190} INFO - [2025-04-25T16:32:39.845+0000] {dag.py:4180} INFO - Setting next_dagrun for example_external_task_marker_child to None, run_after=None
[2025-04-25T16:32:39.849+0000] {logging_mixin.py:190} INFO - [2025-04-25T16:32:39.849+0000] {dag.py:4180} INFO - Setting next_dagrun for example_external_task_marker_parent to None, run_after=None
[2025-04-25T16:32:39.869+0000] {processor.py:208} INFO - Processing /home/airflow/.local/lib/python3.10/site-packages/airflow/example_dags/example_external_task_marker_dag.py took 0.078 seconds
[2025-04-25T16:33:10.979+0000] {processor.py:186} INFO - Started process (PID=498) to work on /home/airflow/.local/lib/python3.10/site-packages/airflow/example_dags/example_external_task_marker_dag.py
[2025-04-25T16:33:10.980+0000] {processor.py:914} INFO - Processing file /home/airflow/.local/lib/python3.10/site-packages/airflow/example_dags/example_external_task_marker_dag.py for tasks to queue
[2025-04-25T16:33:10.983+0000] {logging_mixin.py:190} INFO - [2025-04-25T16:33:10.982+0000] {dagbag.py:588} INFO - Filling up the DagBag from /home/airflow/.local/lib/python3.10/site-packages/airflow/example_dags/example_external_task_marker_dag.py
[2025-04-25T16:33:10.990+0000] {processor.py:925} INFO - DAG(s) 'example_external_task_marker_parent', 'example_external_task_marker_child' retrieved from /home/airflow/.local/lib/python3.10/site-packages/airflow/example_dags/example_external_task_marker_dag.py
[2025-04-25T16:33:11.013+0000] {logging_mixin.py:190} INFO - [2025-04-25T16:33:11.013+0000] {dag.py:3239} INFO - Sync 2 DAGs
[2025-04-25T16:33:11.028+0000] {logging_mixin.py:190} INFO - [2025-04-25T16:33:11.028+0000] {dag.py:4180} INFO - Setting next_dagrun for example_external_task_marker_child to None, run_after=None
[2025-04-25T16:33:11.032+0000] {logging_mixin.py:190} INFO - [2025-04-25T16:33:11.032+0000] {dag.py:4180} INFO - Setting next_dagrun for example_external_task_marker_parent to None, run_after=None
[2025-04-25T16:33:11.047+0000] {processor.py:208} INFO - Processing /home/airflow/.local/lib/python3.10/site-packages/airflow/example_dags/example_external_task_marker_dag.py took 0.074 seconds
[2025-04-25T16:33:41.887+0000] {processor.py:186} INFO - Started process (PID=564) to work on /home/airflow/.local/lib/python3.10/site-packages/airflow/example_dags/example_external_task_marker_dag.py
[2025-04-25T16:33:41.888+0000] {processor.py:914} INFO - Processing file /home/airflow/.local/lib/python3.10/site-packages/airflow/example_dags/example_external_task_marker_dag.py for tasks to queue
[2025-04-25T16:33:41.891+0000] {logging_mixin.py:190} INFO - [2025-04-25T16:33:41.890+0000] {dagbag.py:588} INFO - Filling up the DagBag from /home/airflow/.local/lib/python3.10/site-packages/airflow/example_dags/example_external_task_marker_dag.py
[2025-04-25T16:33:41.899+0000] {processor.py:925} INFO - DAG(s) 'example_external_task_marker_child', 'example_external_task_marker_parent' retrieved from /home/airflow/.local/lib/python3.10/site-packages/airflow/example_dags/example_external_task_marker_dag.py
[2025-04-25T16:33:41.922+0000] {logging_mixin.py:190} INFO - [2025-04-25T16:33:41.922+0000] {dag.py:3239} INFO - Sync 2 DAGs
[2025-04-25T16:33:41.937+0000] {logging_mixin.py:190} INFO - [2025-04-25T16:33:41.937+0000] {dag.py:4180} INFO - Setting next_dagrun for example_external_task_marker_child to None, run_after=None
[2025-04-25T16:33:41.941+0000] {logging_mixin.py:190} INFO - [2025-04-25T16:33:41.941+0000] {dag.py:4180} INFO - Setting next_dagrun for example_external_task_marker_parent to None, run_after=None
[2025-04-25T16:33:41.960+0000] {processor.py:208} INFO - Processing /home/airflow/.local/lib/python3.10/site-packages/airflow/example_dags/example_external_task_marker_dag.py took 0.080 seconds
[2025-04-25T16:34:12.392+0000] {processor.py:186} INFO - Started process (PID=630) to work on /home/airflow/.local/lib/python3.10/site-packages/airflow/example_dags/example_external_task_marker_dag.py
[2025-04-25T16:34:12.393+0000] {processor.py:914} INFO - Processing file /home/airflow/.local/lib/python3.10/site-packages/airflow/example_dags/example_external_task_marker_dag.py for tasks to queue
[2025-04-25T16:34:12.395+0000] {logging_mixin.py:190} INFO - [2025-04-25T16:34:12.395+0000] {dagbag.py:588} INFO - Filling up the DagBag from /home/airflow/.local/lib/python3.10/site-packages/airflow/example_dags/example_external_task_marker_dag.py
[2025-04-25T16:34:12.402+0000] {processor.py:925} INFO - DAG(s) 'example_external_task_marker_parent', 'example_external_task_marker_child' retrieved from /home/airflow/.local/lib/python3.10/site-packages/airflow/example_dags/example_external_task_marker_dag.py
[2025-04-25T16:34:12.423+0000] {logging_mixin.py:190} INFO - [2025-04-25T16:34:12.423+0000] {dag.py:3239} INFO - Sync 2 DAGs
[2025-04-25T16:34:12.437+0000] {logging_mixin.py:190} INFO - [2025-04-25T16:34:12.437+0000] {dag.py:4180} INFO - Setting next_dagrun for example_external_task_marker_child to None, run_after=None
[2025-04-25T16:34:12.441+0000] {logging_mixin.py:190} INFO - [2025-04-25T16:34:12.440+0000] {dag.py:4180} INFO - Setting next_dagrun for example_external_task_marker_parent to None, run_after=None
[2025-04-25T16:34:12.454+0000] {processor.py:208} INFO - Processing /home/airflow/.local/lib/python3.10/site-packages/airflow/example_dags/example_external_task_marker_dag.py took 0.068 seconds
[2025-04-25T16:34:43.669+0000] {processor.py:186} INFO - Started process (PID=696) to work on /home/airflow/.local/lib/python3.10/site-packages/airflow/example_dags/example_external_task_marker_dag.py
[2025-04-25T16:34:43.670+0000] {processor.py:914} INFO - Processing file /home/airflow/.local/lib/python3.10/site-packages/airflow/example_dags/example_external_task_marker_dag.py for tasks to queue
[2025-04-25T16:34:43.674+0000] {logging_mixin.py:190} INFO - [2025-04-25T16:34:43.673+0000] {dagbag.py:588} INFO - Filling up the DagBag from /home/airflow/.local/lib/python3.10/site-packages/airflow/example_dags/example_external_task_marker_dag.py
[2025-04-25T16:34:43.683+0000] {processor.py:925} INFO - DAG(s) 'example_external_task_marker_child', 'example_external_task_marker_parent' retrieved from /home/airflow/.local/lib/python3.10/site-packages/airflow/example_dags/example_external_task_marker_dag.py
[2025-04-25T16:34:43.711+0000] {logging_mixin.py:190} INFO - [2025-04-25T16:34:43.711+0000] {dag.py:3239} INFO - Sync 2 DAGs
[2025-04-25T16:34:43.729+0000] {logging_mixin.py:190} INFO - [2025-04-25T16:34:43.729+0000] {dag.py:4180} INFO - Setting next_dagrun for example_external_task_marker_child to None, run_after=None
[2025-04-25T16:34:43.734+0000] {logging_mixin.py:190} INFO - [2025-04-25T16:34:43.734+0000] {dag.py:4180} INFO - Setting next_dagrun for example_external_task_marker_parent to None, run_after=None
[2025-04-25T16:34:43.756+0000] {processor.py:208} INFO - Processing /home/airflow/.local/lib/python3.10/site-packages/airflow/example_dags/example_external_task_marker_dag.py took 0.095 seconds
[2025-04-25T16:35:16.318+0000] {processor.py:186} INFO - Started process (PID=766) to work on /home/airflow/.local/lib/python3.10/site-packages/airflow/example_dags/example_external_task_marker_dag.py
[2025-04-25T16:35:16.320+0000] {processor.py:914} INFO - Processing file /home/airflow/.local/lib/python3.10/site-packages/airflow/example_dags/example_external_task_marker_dag.py for tasks to queue
[2025-04-25T16:35:16.324+0000] {logging_mixin.py:190} INFO - [2025-04-25T16:35:16.324+0000] {dagbag.py:588} INFO - Filling up the DagBag from /home/airflow/.local/lib/python3.10/site-packages/airflow/example_dags/example_external_task_marker_dag.py
[2025-04-25T16:35:16.336+0000] {processor.py:925} INFO - DAG(s) 'example_external_task_marker_child', 'example_external_task_marker_parent' retrieved from /home/airflow/.local/lib/python3.10/site-packages/airflow/example_dags/example_external_task_marker_dag.py
[2025-04-25T16:35:16.391+0000] {logging_mixin.py:190} INFO - [2025-04-25T16:35:16.390+0000] {dag.py:3239} INFO - Sync 2 DAGs
[2025-04-25T16:35:16.433+0000] {logging_mixin.py:190} INFO - [2025-04-25T16:35:16.433+0000] {dag.py:4180} INFO - Setting next_dagrun for example_external_task_marker_child to None, run_after=None
[2025-04-25T16:35:16.442+0000] {logging_mixin.py:190} INFO - [2025-04-25T16:35:16.442+0000] {dag.py:4180} INFO - Setting next_dagrun for example_external_task_marker_parent to None, run_after=None
[2025-04-25T16:35:16.476+0000] {processor.py:208} INFO - Processing /home/airflow/.local/lib/python3.10/site-packages/airflow/example_dags/example_external_task_marker_dag.py took 0.167 seconds
[2025-04-25T16:35:47.203+0000] {processor.py:186} INFO - Started process (PID=840) to work on /home/airflow/.local/lib/python3.10/site-packages/airflow/example_dags/example_external_task_marker_dag.py
[2025-04-25T16:35:47.205+0000] {processor.py:914} INFO - Processing file /home/airflow/.local/lib/python3.10/site-packages/airflow/example_dags/example_external_task_marker_dag.py for tasks to queue
[2025-04-25T16:35:47.207+0000] {logging_mixin.py:190} INFO - [2025-04-25T16:35:47.207+0000] {dagbag.py:588} INFO - Filling up the DagBag from /home/airflow/.local/lib/python3.10/site-packages/airflow/example_dags/example_external_task_marker_dag.py
[2025-04-25T16:35:47.217+0000] {processor.py:925} INFO - DAG(s) 'example_external_task_marker_child', 'example_external_task_marker_parent' retrieved from /home/airflow/.local/lib/python3.10/site-packages/airflow/example_dags/example_external_task_marker_dag.py
[2025-04-25T16:35:47.245+0000] {logging_mixin.py:190} INFO - [2025-04-25T16:35:47.245+0000] {dag.py:3239} INFO - Sync 2 DAGs
[2025-04-25T16:35:47.261+0000] {logging_mixin.py:190} INFO - [2025-04-25T16:35:47.260+0000] {dag.py:4180} INFO - Setting next_dagrun for example_external_task_marker_child to None, run_after=None
[2025-04-25T16:35:47.267+0000] {logging_mixin.py:190} INFO - [2025-04-25T16:35:47.267+0000] {dag.py:4180} INFO - Setting next_dagrun for example_external_task_marker_parent to None, run_after=None
[2025-04-25T16:35:47.288+0000] {processor.py:208} INFO - Processing /home/airflow/.local/lib/python3.10/site-packages/airflow/example_dags/example_external_task_marker_dag.py took 0.092 seconds
[2025-04-25T16:36:18.027+0000] {processor.py:186} INFO - Started process (PID=906) to work on /home/airflow/.local/lib/python3.10/site-packages/airflow/example_dags/example_external_task_marker_dag.py
[2025-04-25T16:36:18.029+0000] {processor.py:914} INFO - Processing file /home/airflow/.local/lib/python3.10/site-packages/airflow/example_dags/example_external_task_marker_dag.py for tasks to queue
[2025-04-25T16:36:18.035+0000] {logging_mixin.py:190} INFO - [2025-04-25T16:36:18.034+0000] {dagbag.py:588} INFO - Filling up the DagBag from /home/airflow/.local/lib/python3.10/site-packages/airflow/example_dags/example_external_task_marker_dag.py
[2025-04-25T16:36:18.049+0000] {processor.py:925} INFO - DAG(s) 'example_external_task_marker_parent', 'example_external_task_marker_child' retrieved from /home/airflow/.local/lib/python3.10/site-packages/airflow/example_dags/example_external_task_marker_dag.py
[2025-04-25T16:36:18.100+0000] {logging_mixin.py:190} INFO - [2025-04-25T16:36:18.099+0000] {dag.py:3239} INFO - Sync 2 DAGs
[2025-04-25T16:36:18.137+0000] {logging_mixin.py:190} INFO - [2025-04-25T16:36:18.136+0000] {dag.py:4180} INFO - Setting next_dagrun for example_external_task_marker_child to None, run_after=None
[2025-04-25T16:36:18.144+0000] {logging_mixin.py:190} INFO - [2025-04-25T16:36:18.144+0000] {dag.py:4180} INFO - Setting next_dagrun for example_external_task_marker_parent to None, run_after=None
[2025-04-25T16:36:18.174+0000] {processor.py:208} INFO - Processing /home/airflow/.local/lib/python3.10/site-packages/airflow/example_dags/example_external_task_marker_dag.py took 0.157 seconds
[2025-04-25T16:36:48.800+0000] {processor.py:186} INFO - Started process (PID=972) to work on /home/airflow/.local/lib/python3.10/site-packages/airflow/example_dags/example_external_task_marker_dag.py
[2025-04-25T16:36:48.801+0000] {processor.py:914} INFO - Processing file /home/airflow/.local/lib/python3.10/site-packages/airflow/example_dags/example_external_task_marker_dag.py for tasks to queue
[2025-04-25T16:36:48.803+0000] {logging_mixin.py:190} INFO - [2025-04-25T16:36:48.803+0000] {dagbag.py:588} INFO - Filling up the DagBag from /home/airflow/.local/lib/python3.10/site-packages/airflow/example_dags/example_external_task_marker_dag.py
[2025-04-25T16:36:48.810+0000] {processor.py:925} INFO - DAG(s) 'example_external_task_marker_parent', 'example_external_task_marker_child' retrieved from /home/airflow/.local/lib/python3.10/site-packages/airflow/example_dags/example_external_task_marker_dag.py
[2025-04-25T16:36:48.833+0000] {logging_mixin.py:190} INFO - [2025-04-25T16:36:48.833+0000] {dag.py:3239} INFO - Sync 2 DAGs
[2025-04-25T16:36:48.847+0000] {logging_mixin.py:190} INFO - [2025-04-25T16:36:48.847+0000] {dag.py:4180} INFO - Setting next_dagrun for example_external_task_marker_child to None, run_after=None
[2025-04-25T16:36:48.851+0000] {logging_mixin.py:190} INFO - [2025-04-25T16:36:48.851+0000] {dag.py:4180} INFO - Setting next_dagrun for example_external_task_marker_parent to None, run_after=None
[2025-04-25T16:36:48.868+0000] {processor.py:208} INFO - Processing /home/airflow/.local/lib/python3.10/site-packages/airflow/example_dags/example_external_task_marker_dag.py took 0.074 seconds
[2025-04-25T16:37:19.750+0000] {processor.py:186} INFO - Started process (PID=1038) to work on /home/airflow/.local/lib/python3.10/site-packages/airflow/example_dags/example_external_task_marker_dag.py
[2025-04-25T16:37:19.751+0000] {processor.py:914} INFO - Processing file /home/airflow/.local/lib/python3.10/site-packages/airflow/example_dags/example_external_task_marker_dag.py for tasks to queue
[2025-04-25T16:37:19.754+0000] {logging_mixin.py:190} INFO - [2025-04-25T16:37:19.754+0000] {dagbag.py:588} INFO - Filling up the DagBag from /home/airflow/.local/lib/python3.10/site-packages/airflow/example_dags/example_external_task_marker_dag.py
[2025-04-25T16:37:19.764+0000] {processor.py:925} INFO - DAG(s) 'example_external_task_marker_child', 'example_external_task_marker_parent' retrieved from /home/airflow/.local/lib/python3.10/site-packages/airflow/example_dags/example_external_task_marker_dag.py
[2025-04-25T16:37:19.787+0000] {logging_mixin.py:190} INFO - [2025-04-25T16:37:19.787+0000] {dag.py:3239} INFO - Sync 2 DAGs
[2025-04-25T16:37:19.802+0000] {logging_mixin.py:190} INFO - [2025-04-25T16:37:19.802+0000] {dag.py:4180} INFO - Setting next_dagrun for example_external_task_marker_child to None, run_after=None
[2025-04-25T16:37:19.807+0000] {logging_mixin.py:190} INFO - [2025-04-25T16:37:19.807+0000] {dag.py:4180} INFO - Setting next_dagrun for example_external_task_marker_parent to None, run_after=None
[2025-04-25T16:37:19.825+0000] {processor.py:208} INFO - Processing /home/airflow/.local/lib/python3.10/site-packages/airflow/example_dags/example_external_task_marker_dag.py took 0.082 seconds
[2025-04-25T16:37:50.164+0000] {processor.py:186} INFO - Started process (PID=1104) to work on /home/airflow/.local/lib/python3.10/site-packages/airflow/example_dags/example_external_task_marker_dag.py
[2025-04-25T16:37:50.165+0000] {processor.py:914} INFO - Processing file /home/airflow/.local/lib/python3.10/site-packages/airflow/example_dags/example_external_task_marker_dag.py for tasks to queue
[2025-04-25T16:37:50.168+0000] {logging_mixin.py:190} INFO - [2025-04-25T16:37:50.167+0000] {dagbag.py:588} INFO - Filling up the DagBag from /home/airflow/.local/lib/python3.10/site-packages/airflow/example_dags/example_external_task_marker_dag.py
[2025-04-25T16:37:50.176+0000] {processor.py:925} INFO - DAG(s) 'example_external_task_marker_parent', 'example_external_task_marker_child' retrieved from /home/airflow/.local/lib/python3.10/site-packages/airflow/example_dags/example_external_task_marker_dag.py
[2025-04-25T16:37:50.203+0000] {logging_mixin.py:190} INFO - [2025-04-25T16:37:50.203+0000] {dag.py:3239} INFO - Sync 2 DAGs
[2025-04-25T16:37:50.222+0000] {logging_mixin.py:190} INFO - [2025-04-25T16:37:50.222+0000] {dag.py:4180} INFO - Setting next_dagrun for example_external_task_marker_child to None, run_after=None
[2025-04-25T16:37:50.227+0000] {logging_mixin.py:190} INFO - [2025-04-25T16:37:50.226+0000] {dag.py:4180} INFO - Setting next_dagrun for example_external_task_marker_parent to None, run_after=None
[2025-04-25T16:37:50.247+0000] {processor.py:208} INFO - Processing /home/airflow/.local/lib/python3.10/site-packages/airflow/example_dags/example_external_task_marker_dag.py took 0.090 seconds
[2025-04-25T16:38:21.541+0000] {processor.py:186} INFO - Started process (PID=1169) to work on /home/airflow/.local/lib/python3.10/site-packages/airflow/example_dags/example_external_task_marker_dag.py
[2025-04-25T16:38:21.542+0000] {processor.py:914} INFO - Processing file /home/airflow/.local/lib/python3.10/site-packages/airflow/example_dags/example_external_task_marker_dag.py for tasks to queue
[2025-04-25T16:38:21.545+0000] {logging_mixin.py:190} INFO - [2025-04-25T16:38:21.545+0000] {dagbag.py:588} INFO - Filling up the DagBag from /home/airflow/.local/lib/python3.10/site-packages/airflow/example_dags/example_external_task_marker_dag.py
[2025-04-25T16:38:21.554+0000] {processor.py:925} INFO - DAG(s) 'example_external_task_marker_parent', 'example_external_task_marker_child' retrieved from /home/airflow/.local/lib/python3.10/site-packages/airflow/example_dags/example_external_task_marker_dag.py
[2025-04-25T16:38:21.581+0000] {logging_mixin.py:190} INFO - [2025-04-25T16:38:21.581+0000] {dag.py:3239} INFO - Sync 2 DAGs
[2025-04-25T16:38:21.596+0000] {logging_mixin.py:190} INFO - [2025-04-25T16:38:21.596+0000] {dag.py:4180} INFO - Setting next_dagrun for example_external_task_marker_child to None, run_after=None
[2025-04-25T16:38:21.600+0000] {logging_mixin.py:190} INFO - [2025-04-25T16:38:21.600+0000] {dag.py:4180} INFO - Setting next_dagrun for example_external_task_marker_parent to None, run_after=None
[2025-04-25T16:38:21.616+0000] {processor.py:208} INFO - Processing /home/airflow/.local/lib/python3.10/site-packages/airflow/example_dags/example_external_task_marker_dag.py took 0.082 seconds
[2025-04-25T16:38:53.469+0000] {processor.py:186} INFO - Started process (PID=1236) to work on /home/airflow/.local/lib/python3.10/site-packages/airflow/example_dags/example_external_task_marker_dag.py
[2025-04-25T16:38:53.470+0000] {processor.py:914} INFO - Processing file /home/airflow/.local/lib/python3.10/site-packages/airflow/example_dags/example_external_task_marker_dag.py for tasks to queue
[2025-04-25T16:38:53.474+0000] {logging_mixin.py:190} INFO - [2025-04-25T16:38:53.474+0000] {dagbag.py:588} INFO - Filling up the DagBag from /home/airflow/.local/lib/python3.10/site-packages/airflow/example_dags/example_external_task_marker_dag.py
[2025-04-25T16:38:53.483+0000] {processor.py:925} INFO - DAG(s) 'example_external_task_marker_parent', 'example_external_task_marker_child' retrieved from /home/airflow/.local/lib/python3.10/site-packages/airflow/example_dags/example_external_task_marker_dag.py
[2025-04-25T16:38:53.509+0000] {logging_mixin.py:190} INFO - [2025-04-25T16:38:53.509+0000] {dag.py:3239} INFO - Sync 2 DAGs
[2025-04-25T16:38:53.524+0000] {logging_mixin.py:190} INFO - [2025-04-25T16:38:53.524+0000] {dag.py:4180} INFO - Setting next_dagrun for example_external_task_marker_child to None, run_after=None
[2025-04-25T16:38:53.528+0000] {logging_mixin.py:190} INFO - [2025-04-25T16:38:53.528+0000] {dag.py:4180} INFO - Setting next_dagrun for example_external_task_marker_parent to None, run_after=None
[2025-04-25T16:38:53.544+0000] {processor.py:208} INFO - Processing /home/airflow/.local/lib/python3.10/site-packages/airflow/example_dags/example_external_task_marker_dag.py took 0.080 seconds
