[2025-04-25T16:29:59.643+0000] {processor.py:186} INFO - Started process (PID=50) to work on /home/airflow/.local/lib/python3.10/site-packages/airflow/example_dags/example_sensor_decorator.py
[2025-04-25T16:29:59.645+0000] {processor.py:914} INFO - Processing file /home/airflow/.local/lib/python3.10/site-packages/airflow/example_dags/example_sensor_decorator.py for tasks to queue
[2025-04-25T16:29:59.649+0000] {logging_mixin.py:190} INFO - [2025-04-25T16:29:59.649+0000] {dagbag.py:588} INFO - Filling up the DagBag from /home/airflow/.local/lib/python3.10/site-packages/airflow/example_dags/example_sensor_decorator.py
[2025-04-25T16:29:59.672+0000] {processor.py:925} INFO - DAG(s) 'example_sensor_decorator' retrieved from /home/airflow/.local/lib/python3.10/site-packages/airflow/example_dags/example_sensor_decorator.py
[2025-04-25T16:29:59.726+0000] {logging_mixin.py:190} INFO - [2025-04-25T16:29:59.725+0000] {dag.py:3239} INFO - Sync 1 DAGs
[2025-04-25T16:29:59.752+0000] {logging_mixin.py:190} INFO - [2025-04-25T16:29:59.751+0000] {dag.py:4180} INFO - Setting next_dagrun for example_sensor_decorator to None, run_after=None
[2025-04-25T16:29:59.789+0000] {processor.py:208} INFO - Processing /home/airflow/.local/lib/python3.10/site-packages/airflow/example_dags/example_sensor_decorator.py took 0.155 seconds
[2025-04-25T16:30:29.877+0000] {processor.py:186} INFO - Started process (PID=116) to work on /home/airflow/.local/lib/python3.10/site-packages/airflow/example_dags/example_sensor_decorator.py
[2025-04-25T16:30:29.878+0000] {processor.py:914} INFO - Processing file /home/airflow/.local/lib/python3.10/site-packages/airflow/example_dags/example_sensor_decorator.py for tasks to queue
[2025-04-25T16:30:29.880+0000] {logging_mixin.py:190} INFO - [2025-04-25T16:30:29.880+0000] {dagbag.py:588} INFO - Filling up the DagBag from /home/airflow/.local/lib/python3.10/site-packages/airflow/example_dags/example_sensor_decorator.py
[2025-04-25T16:30:29.887+0000] {processor.py:925} INFO - DAG(s) 'example_sensor_decorator' retrieved from /home/airflow/.local/lib/python3.10/site-packages/airflow/example_dags/example_sensor_decorator.py
[2025-04-25T16:30:29.905+0000] {logging_mixin.py:190} INFO - [2025-04-25T16:30:29.905+0000] {dag.py:3239} INFO - Sync 1 DAGs
[2025-04-25T16:30:29.918+0000] {logging_mixin.py:190} INFO - [2025-04-25T16:30:29.918+0000] {dag.py:4180} INFO - Setting next_dagrun for example_sensor_decorator to None, run_after=None
[2025-04-25T16:30:29.933+0000] {processor.py:208} INFO - Processing /home/airflow/.local/lib/python3.10/site-packages/airflow/example_dags/example_sensor_decorator.py took 0.062 seconds
[2025-04-25T16:31:00.687+0000] {processor.py:186} INFO - Started process (PID=182) to work on /home/airflow/.local/lib/python3.10/site-packages/airflow/example_dags/example_sensor_decorator.py
[2025-04-25T16:31:00.689+0000] {processor.py:914} INFO - Processing file /home/airflow/.local/lib/python3.10/site-packages/airflow/example_dags/example_sensor_decorator.py for tasks to queue
[2025-04-25T16:31:00.692+0000] {logging_mixin.py:190} INFO - [2025-04-25T16:31:00.692+0000] {dagbag.py:588} INFO - Filling up the DagBag from /home/airflow/.local/lib/python3.10/site-packages/airflow/example_dags/example_sensor_decorator.py
[2025-04-25T16:31:00.702+0000] {processor.py:925} INFO - DAG(s) 'example_sensor_decorator' retrieved from /home/airflow/.local/lib/python3.10/site-packages/airflow/example_dags/example_sensor_decorator.py
[2025-04-25T16:31:00.727+0000] {logging_mixin.py:190} INFO - [2025-04-25T16:31:00.726+0000] {dag.py:3239} INFO - Sync 1 DAGs
[2025-04-25T16:31:00.742+0000] {logging_mixin.py:190} INFO - [2025-04-25T16:31:00.742+0000] {dag.py:4180} INFO - Setting next_dagrun for example_sensor_decorator to None, run_after=None
[2025-04-25T16:31:00.769+0000] {processor.py:208} INFO - Processing /home/airflow/.local/lib/python3.10/site-packages/airflow/example_dags/example_sensor_decorator.py took 0.089 seconds
[2025-04-25T16:31:30.853+0000] {processor.py:186} INFO - Started process (PID=248) to work on /home/airflow/.local/lib/python3.10/site-packages/airflow/example_dags/example_sensor_decorator.py
[2025-04-25T16:31:30.855+0000] {processor.py:914} INFO - Processing file /home/airflow/.local/lib/python3.10/site-packages/airflow/example_dags/example_sensor_decorator.py for tasks to queue
[2025-04-25T16:31:30.857+0000] {logging_mixin.py:190} INFO - [2025-04-25T16:31:30.857+0000] {dagbag.py:588} INFO - Filling up the DagBag from /home/airflow/.local/lib/python3.10/site-packages/airflow/example_dags/example_sensor_decorator.py
[2025-04-25T16:31:30.868+0000] {processor.py:925} INFO - DAG(s) 'example_sensor_decorator' retrieved from /home/airflow/.local/lib/python3.10/site-packages/airflow/example_dags/example_sensor_decorator.py
[2025-04-25T16:31:30.887+0000] {logging_mixin.py:190} INFO - [2025-04-25T16:31:30.887+0000] {dag.py:3239} INFO - Sync 1 DAGs
[2025-04-25T16:31:30.902+0000] {logging_mixin.py:190} INFO - [2025-04-25T16:31:30.902+0000] {dag.py:4180} INFO - Setting next_dagrun for example_sensor_decorator to None, run_after=None
[2025-04-25T16:31:30.922+0000] {processor.py:208} INFO - Processing /home/airflow/.local/lib/python3.10/site-packages/airflow/example_dags/example_sensor_decorator.py took 0.075 seconds
[2025-04-25T16:32:01.111+0000] {processor.py:186} INFO - Started process (PID=314) to work on /home/airflow/.local/lib/python3.10/site-packages/airflow/example_dags/example_sensor_decorator.py
[2025-04-25T16:32:01.111+0000] {processor.py:914} INFO - Processing file /home/airflow/.local/lib/python3.10/site-packages/airflow/example_dags/example_sensor_decorator.py for tasks to queue
[2025-04-25T16:32:01.114+0000] {logging_mixin.py:190} INFO - [2025-04-25T16:32:01.114+0000] {dagbag.py:588} INFO - Filling up the DagBag from /home/airflow/.local/lib/python3.10/site-packages/airflow/example_dags/example_sensor_decorator.py
[2025-04-25T16:32:01.122+0000] {processor.py:925} INFO - DAG(s) 'example_sensor_decorator' retrieved from /home/airflow/.local/lib/python3.10/site-packages/airflow/example_dags/example_sensor_decorator.py
[2025-04-25T16:32:01.141+0000] {logging_mixin.py:190} INFO - [2025-04-25T16:32:01.141+0000] {dag.py:3239} INFO - Sync 1 DAGs
[2025-04-25T16:32:01.154+0000] {logging_mixin.py:190} INFO - [2025-04-25T16:32:01.154+0000] {dag.py:4180} INFO - Setting next_dagrun for example_sensor_decorator to None, run_after=None
[2025-04-25T16:32:01.170+0000] {processor.py:208} INFO - Processing /home/airflow/.local/lib/python3.10/site-packages/airflow/example_dags/example_sensor_decorator.py took 0.066 seconds
[2025-04-25T16:32:31.944+0000] {processor.py:186} INFO - Started process (PID=380) to work on /home/airflow/.local/lib/python3.10/site-packages/airflow/example_dags/example_sensor_decorator.py
[2025-04-25T16:32:31.945+0000] {processor.py:914} INFO - Processing file /home/airflow/.local/lib/python3.10/site-packages/airflow/example_dags/example_sensor_decorator.py for tasks to queue
[2025-04-25T16:32:31.947+0000] {logging_mixin.py:190} INFO - [2025-04-25T16:32:31.947+0000] {dagbag.py:588} INFO - Filling up the DagBag from /home/airflow/.local/lib/python3.10/site-packages/airflow/example_dags/example_sensor_decorator.py
[2025-04-25T16:32:31.955+0000] {processor.py:925} INFO - DAG(s) 'example_sensor_decorator' retrieved from /home/airflow/.local/lib/python3.10/site-packages/airflow/example_dags/example_sensor_decorator.py
[2025-04-25T16:32:31.977+0000] {logging_mixin.py:190} INFO - [2025-04-25T16:32:31.977+0000] {dag.py:3239} INFO - Sync 1 DAGs
[2025-04-25T16:32:31.993+0000] {logging_mixin.py:190} INFO - [2025-04-25T16:32:31.993+0000] {dag.py:4180} INFO - Setting next_dagrun for example_sensor_decorator to None, run_after=None
[2025-04-25T16:32:32.015+0000] {processor.py:208} INFO - Processing /home/airflow/.local/lib/python3.10/site-packages/airflow/example_dags/example_sensor_decorator.py took 0.077 seconds
[2025-04-25T16:33:03.216+0000] {processor.py:186} INFO - Started process (PID=446) to work on /home/airflow/.local/lib/python3.10/site-packages/airflow/example_dags/example_sensor_decorator.py
[2025-04-25T16:33:03.218+0000] {processor.py:914} INFO - Processing file /home/airflow/.local/lib/python3.10/site-packages/airflow/example_dags/example_sensor_decorator.py for tasks to queue
[2025-04-25T16:33:03.220+0000] {logging_mixin.py:190} INFO - [2025-04-25T16:33:03.220+0000] {dagbag.py:588} INFO - Filling up the DagBag from /home/airflow/.local/lib/python3.10/site-packages/airflow/example_dags/example_sensor_decorator.py
[2025-04-25T16:33:03.229+0000] {processor.py:925} INFO - DAG(s) 'example_sensor_decorator' retrieved from /home/airflow/.local/lib/python3.10/site-packages/airflow/example_dags/example_sensor_decorator.py
[2025-04-25T16:33:03.254+0000] {logging_mixin.py:190} INFO - [2025-04-25T16:33:03.253+0000] {dag.py:3239} INFO - Sync 1 DAGs
[2025-04-25T16:33:03.273+0000] {logging_mixin.py:190} INFO - [2025-04-25T16:33:03.273+0000] {dag.py:4180} INFO - Setting next_dagrun for example_sensor_decorator to None, run_after=None
[2025-04-25T16:33:03.295+0000] {processor.py:208} INFO - Processing /home/airflow/.local/lib/python3.10/site-packages/airflow/example_dags/example_sensor_decorator.py took 0.085 seconds
[2025-04-25T16:33:34.147+0000] {processor.py:186} INFO - Started process (PID=512) to work on /home/airflow/.local/lib/python3.10/site-packages/airflow/example_dags/example_sensor_decorator.py
[2025-04-25T16:33:34.147+0000] {processor.py:914} INFO - Processing file /home/airflow/.local/lib/python3.10/site-packages/airflow/example_dags/example_sensor_decorator.py for tasks to queue
[2025-04-25T16:33:34.149+0000] {logging_mixin.py:190} INFO - [2025-04-25T16:33:34.149+0000] {dagbag.py:588} INFO - Filling up the DagBag from /home/airflow/.local/lib/python3.10/site-packages/airflow/example_dags/example_sensor_decorator.py
[2025-04-25T16:33:34.156+0000] {processor.py:925} INFO - DAG(s) 'example_sensor_decorator' retrieved from /home/airflow/.local/lib/python3.10/site-packages/airflow/example_dags/example_sensor_decorator.py
[2025-04-25T16:33:34.174+0000] {logging_mixin.py:190} INFO - [2025-04-25T16:33:34.173+0000] {dag.py:3239} INFO - Sync 1 DAGs
[2025-04-25T16:33:34.188+0000] {logging_mixin.py:190} INFO - [2025-04-25T16:33:34.188+0000] {dag.py:4180} INFO - Setting next_dagrun for example_sensor_decorator to None, run_after=None
[2025-04-25T16:33:34.206+0000] {processor.py:208} INFO - Processing /home/airflow/.local/lib/python3.10/site-packages/airflow/example_dags/example_sensor_decorator.py took 0.065 seconds
[2025-04-25T16:34:05.106+0000] {processor.py:186} INFO - Started process (PID=578) to work on /home/airflow/.local/lib/python3.10/site-packages/airflow/example_dags/example_sensor_decorator.py
[2025-04-25T16:34:05.107+0000] {processor.py:914} INFO - Processing file /home/airflow/.local/lib/python3.10/site-packages/airflow/example_dags/example_sensor_decorator.py for tasks to queue
[2025-04-25T16:34:05.109+0000] {logging_mixin.py:190} INFO - [2025-04-25T16:34:05.109+0000] {dagbag.py:588} INFO - Filling up the DagBag from /home/airflow/.local/lib/python3.10/site-packages/airflow/example_dags/example_sensor_decorator.py
[2025-04-25T16:34:05.118+0000] {processor.py:925} INFO - DAG(s) 'example_sensor_decorator' retrieved from /home/airflow/.local/lib/python3.10/site-packages/airflow/example_dags/example_sensor_decorator.py
[2025-04-25T16:34:05.138+0000] {logging_mixin.py:190} INFO - [2025-04-25T16:34:05.137+0000] {dag.py:3239} INFO - Sync 1 DAGs
[2025-04-25T16:34:05.152+0000] {logging_mixin.py:190} INFO - [2025-04-25T16:34:05.152+0000] {dag.py:4180} INFO - Setting next_dagrun for example_sensor_decorator to None, run_after=None
[2025-04-25T16:34:05.177+0000] {processor.py:208} INFO - Processing /home/airflow/.local/lib/python3.10/site-packages/airflow/example_dags/example_sensor_decorator.py took 0.078 seconds
[2025-04-25T16:34:35.499+0000] {processor.py:186} INFO - Started process (PID=644) to work on /home/airflow/.local/lib/python3.10/site-packages/airflow/example_dags/example_sensor_decorator.py
[2025-04-25T16:34:35.500+0000] {processor.py:914} INFO - Processing file /home/airflow/.local/lib/python3.10/site-packages/airflow/example_dags/example_sensor_decorator.py for tasks to queue
[2025-04-25T16:34:35.502+0000] {logging_mixin.py:190} INFO - [2025-04-25T16:34:35.502+0000] {dagbag.py:588} INFO - Filling up the DagBag from /home/airflow/.local/lib/python3.10/site-packages/airflow/example_dags/example_sensor_decorator.py
[2025-04-25T16:34:35.510+0000] {processor.py:925} INFO - DAG(s) 'example_sensor_decorator' retrieved from /home/airflow/.local/lib/python3.10/site-packages/airflow/example_dags/example_sensor_decorator.py
[2025-04-25T16:34:35.528+0000] {logging_mixin.py:190} INFO - [2025-04-25T16:34:35.527+0000] {dag.py:3239} INFO - Sync 1 DAGs
[2025-04-25T16:34:35.543+0000] {logging_mixin.py:190} INFO - [2025-04-25T16:34:35.543+0000] {dag.py:4180} INFO - Setting next_dagrun for example_sensor_decorator to None, run_after=None
[2025-04-25T16:34:35.566+0000] {processor.py:208} INFO - Processing /home/airflow/.local/lib/python3.10/site-packages/airflow/example_dags/example_sensor_decorator.py took 0.072 seconds
[2025-04-25T16:35:06.009+0000] {processor.py:186} INFO - Started process (PID=710) to work on /home/airflow/.local/lib/python3.10/site-packages/airflow/example_dags/example_sensor_decorator.py
[2025-04-25T16:35:06.010+0000] {processor.py:914} INFO - Processing file /home/airflow/.local/lib/python3.10/site-packages/airflow/example_dags/example_sensor_decorator.py for tasks to queue
[2025-04-25T16:35:06.012+0000] {logging_mixin.py:190} INFO - [2025-04-25T16:35:06.012+0000] {dagbag.py:588} INFO - Filling up the DagBag from /home/airflow/.local/lib/python3.10/site-packages/airflow/example_dags/example_sensor_decorator.py
[2025-04-25T16:35:06.020+0000] {processor.py:925} INFO - DAG(s) 'example_sensor_decorator' retrieved from /home/airflow/.local/lib/python3.10/site-packages/airflow/example_dags/example_sensor_decorator.py
[2025-04-25T16:35:06.043+0000] {logging_mixin.py:190} INFO - [2025-04-25T16:35:06.043+0000] {dag.py:3239} INFO - Sync 1 DAGs
[2025-04-25T16:35:06.059+0000] {logging_mixin.py:190} INFO - [2025-04-25T16:35:06.059+0000] {dag.py:4180} INFO - Setting next_dagrun for example_sensor_decorator to None, run_after=None
[2025-04-25T16:35:06.083+0000] {processor.py:208} INFO - Processing /home/airflow/.local/lib/python3.10/site-packages/airflow/example_dags/example_sensor_decorator.py took 0.081 seconds
[2025-04-25T16:35:36.900+0000] {processor.py:186} INFO - Started process (PID=788) to work on /home/airflow/.local/lib/python3.10/site-packages/airflow/example_dags/example_sensor_decorator.py
[2025-04-25T16:35:36.901+0000] {processor.py:914} INFO - Processing file /home/airflow/.local/lib/python3.10/site-packages/airflow/example_dags/example_sensor_decorator.py for tasks to queue
[2025-04-25T16:35:36.903+0000] {logging_mixin.py:190} INFO - [2025-04-25T16:35:36.903+0000] {dagbag.py:588} INFO - Filling up the DagBag from /home/airflow/.local/lib/python3.10/site-packages/airflow/example_dags/example_sensor_decorator.py
[2025-04-25T16:35:36.911+0000] {processor.py:925} INFO - DAG(s) 'example_sensor_decorator' retrieved from /home/airflow/.local/lib/python3.10/site-packages/airflow/example_dags/example_sensor_decorator.py
[2025-04-25T16:35:36.933+0000] {logging_mixin.py:190} INFO - [2025-04-25T16:35:36.932+0000] {dag.py:3239} INFO - Sync 1 DAGs
[2025-04-25T16:35:36.952+0000] {logging_mixin.py:190} INFO - [2025-04-25T16:35:36.952+0000] {dag.py:4180} INFO - Setting next_dagrun for example_sensor_decorator to None, run_after=None
[2025-04-25T16:35:36.979+0000] {processor.py:208} INFO - Processing /home/airflow/.local/lib/python3.10/site-packages/airflow/example_dags/example_sensor_decorator.py took 0.086 seconds
[2025-04-25T16:36:07.223+0000] {processor.py:186} INFO - Started process (PID=854) to work on /home/airflow/.local/lib/python3.10/site-packages/airflow/example_dags/example_sensor_decorator.py
[2025-04-25T16:36:07.224+0000] {processor.py:914} INFO - Processing file /home/airflow/.local/lib/python3.10/site-packages/airflow/example_dags/example_sensor_decorator.py for tasks to queue
[2025-04-25T16:36:07.226+0000] {logging_mixin.py:190} INFO - [2025-04-25T16:36:07.226+0000] {dagbag.py:588} INFO - Filling up the DagBag from /home/airflow/.local/lib/python3.10/site-packages/airflow/example_dags/example_sensor_decorator.py
[2025-04-25T16:36:07.233+0000] {processor.py:925} INFO - DAG(s) 'example_sensor_decorator' retrieved from /home/airflow/.local/lib/python3.10/site-packages/airflow/example_dags/example_sensor_decorator.py
[2025-04-25T16:36:07.252+0000] {logging_mixin.py:190} INFO - [2025-04-25T16:36:07.251+0000] {dag.py:3239} INFO - Sync 1 DAGs
[2025-04-25T16:36:07.265+0000] {logging_mixin.py:190} INFO - [2025-04-25T16:36:07.265+0000] {dag.py:4180} INFO - Setting next_dagrun for example_sensor_decorator to None, run_after=None
[2025-04-25T16:36:07.283+0000] {processor.py:208} INFO - Processing /home/airflow/.local/lib/python3.10/site-packages/airflow/example_dags/example_sensor_decorator.py took 0.065 seconds
[2025-04-25T16:36:38.505+0000] {processor.py:186} INFO - Started process (PID=920) to work on /home/airflow/.local/lib/python3.10/site-packages/airflow/example_dags/example_sensor_decorator.py
[2025-04-25T16:36:38.507+0000] {processor.py:914} INFO - Processing file /home/airflow/.local/lib/python3.10/site-packages/airflow/example_dags/example_sensor_decorator.py for tasks to queue
[2025-04-25T16:36:38.509+0000] {logging_mixin.py:190} INFO - [2025-04-25T16:36:38.509+0000] {dagbag.py:588} INFO - Filling up the DagBag from /home/airflow/.local/lib/python3.10/site-packages/airflow/example_dags/example_sensor_decorator.py
[2025-04-25T16:36:38.517+0000] {processor.py:925} INFO - DAG(s) 'example_sensor_decorator' retrieved from /home/airflow/.local/lib/python3.10/site-packages/airflow/example_dags/example_sensor_decorator.py
[2025-04-25T16:36:38.537+0000] {logging_mixin.py:190} INFO - [2025-04-25T16:36:38.537+0000] {dag.py:3239} INFO - Sync 1 DAGs
[2025-04-25T16:36:38.552+0000] {logging_mixin.py:190} INFO - [2025-04-25T16:36:38.552+0000] {dag.py:4180} INFO - Setting next_dagrun for example_sensor_decorator to None, run_after=None
[2025-04-25T16:36:38.571+0000] {processor.py:208} INFO - Processing /home/airflow/.local/lib/python3.10/site-packages/airflow/example_dags/example_sensor_decorator.py took 0.074 seconds
[2025-04-25T16:37:08.961+0000] {processor.py:186} INFO - Started process (PID=986) to work on /home/airflow/.local/lib/python3.10/site-packages/airflow/example_dags/example_sensor_decorator.py
[2025-04-25T16:37:08.962+0000] {processor.py:914} INFO - Processing file /home/airflow/.local/lib/python3.10/site-packages/airflow/example_dags/example_sensor_decorator.py for tasks to queue
[2025-04-25T16:37:08.965+0000] {logging_mixin.py:190} INFO - [2025-04-25T16:37:08.964+0000] {dagbag.py:588} INFO - Filling up the DagBag from /home/airflow/.local/lib/python3.10/site-packages/airflow/example_dags/example_sensor_decorator.py
[2025-04-25T16:37:08.972+0000] {processor.py:925} INFO - DAG(s) 'example_sensor_decorator' retrieved from /home/airflow/.local/lib/python3.10/site-packages/airflow/example_dags/example_sensor_decorator.py
[2025-04-25T16:37:08.992+0000] {logging_mixin.py:190} INFO - [2025-04-25T16:37:08.992+0000] {dag.py:3239} INFO - Sync 1 DAGs
[2025-04-25T16:37:09.006+0000] {logging_mixin.py:190} INFO - [2025-04-25T16:37:09.006+0000] {dag.py:4180} INFO - Setting next_dagrun for example_sensor_decorator to None, run_after=None
[2025-04-25T16:37:09.023+0000] {processor.py:208} INFO - Processing /home/airflow/.local/lib/python3.10/site-packages/airflow/example_dags/example_sensor_decorator.py took 0.069 seconds
[2025-04-25T16:37:39.941+0000] {processor.py:186} INFO - Started process (PID=1052) to work on /home/airflow/.local/lib/python3.10/site-packages/airflow/example_dags/example_sensor_decorator.py
[2025-04-25T16:37:39.941+0000] {processor.py:914} INFO - Processing file /home/airflow/.local/lib/python3.10/site-packages/airflow/example_dags/example_sensor_decorator.py for tasks to queue
[2025-04-25T16:37:39.943+0000] {logging_mixin.py:190} INFO - [2025-04-25T16:37:39.943+0000] {dagbag.py:588} INFO - Filling up the DagBag from /home/airflow/.local/lib/python3.10/site-packages/airflow/example_dags/example_sensor_decorator.py
[2025-04-25T16:37:39.950+0000] {processor.py:925} INFO - DAG(s) 'example_sensor_decorator' retrieved from /home/airflow/.local/lib/python3.10/site-packages/airflow/example_dags/example_sensor_decorator.py
[2025-04-25T16:37:39.969+0000] {logging_mixin.py:190} INFO - [2025-04-25T16:37:39.969+0000] {dag.py:3239} INFO - Sync 1 DAGs
[2025-04-25T16:37:39.984+0000] {logging_mixin.py:190} INFO - [2025-04-25T16:37:39.984+0000] {dag.py:4180} INFO - Setting next_dagrun for example_sensor_decorator to None, run_after=None
[2025-04-25T16:37:40.001+0000] {processor.py:208} INFO - Processing /home/airflow/.local/lib/python3.10/site-packages/airflow/example_dags/example_sensor_decorator.py took 0.066 seconds
[2025-04-25T16:38:10.537+0000] {processor.py:186} INFO - Started process (PID=1118) to work on /home/airflow/.local/lib/python3.10/site-packages/airflow/example_dags/example_sensor_decorator.py
[2025-04-25T16:38:10.538+0000] {processor.py:914} INFO - Processing file /home/airflow/.local/lib/python3.10/site-packages/airflow/example_dags/example_sensor_decorator.py for tasks to queue
[2025-04-25T16:38:10.540+0000] {logging_mixin.py:190} INFO - [2025-04-25T16:38:10.539+0000] {dagbag.py:588} INFO - Filling up the DagBag from /home/airflow/.local/lib/python3.10/site-packages/airflow/example_dags/example_sensor_decorator.py
[2025-04-25T16:38:10.547+0000] {processor.py:925} INFO - DAG(s) 'example_sensor_decorator' retrieved from /home/airflow/.local/lib/python3.10/site-packages/airflow/example_dags/example_sensor_decorator.py
[2025-04-25T16:38:10.565+0000] {logging_mixin.py:190} INFO - [2025-04-25T16:38:10.565+0000] {dag.py:3239} INFO - Sync 1 DAGs
[2025-04-25T16:38:10.579+0000] {logging_mixin.py:190} INFO - [2025-04-25T16:38:10.578+0000] {dag.py:4180} INFO - Setting next_dagrun for example_sensor_decorator to None, run_after=None
[2025-04-25T16:38:10.594+0000] {processor.py:208} INFO - Processing /home/airflow/.local/lib/python3.10/site-packages/airflow/example_dags/example_sensor_decorator.py took 0.063 seconds
[2025-04-25T16:38:40.734+0000] {processor.py:186} INFO - Started process (PID=1184) to work on /home/airflow/.local/lib/python3.10/site-packages/airflow/example_dags/example_sensor_decorator.py
[2025-04-25T16:38:40.735+0000] {processor.py:914} INFO - Processing file /home/airflow/.local/lib/python3.10/site-packages/airflow/example_dags/example_sensor_decorator.py for tasks to queue
[2025-04-25T16:38:40.738+0000] {logging_mixin.py:190} INFO - [2025-04-25T16:38:40.737+0000] {dagbag.py:588} INFO - Filling up the DagBag from /home/airflow/.local/lib/python3.10/site-packages/airflow/example_dags/example_sensor_decorator.py
[2025-04-25T16:38:40.747+0000] {processor.py:925} INFO - DAG(s) 'example_sensor_decorator' retrieved from /home/airflow/.local/lib/python3.10/site-packages/airflow/example_dags/example_sensor_decorator.py
[2025-04-25T16:38:40.772+0000] {logging_mixin.py:190} INFO - [2025-04-25T16:38:40.771+0000] {dag.py:3239} INFO - Sync 1 DAGs
[2025-04-25T16:38:40.786+0000] {logging_mixin.py:190} INFO - [2025-04-25T16:38:40.786+0000] {dag.py:4180} INFO - Setting next_dagrun for example_sensor_decorator to None, run_after=None
[2025-04-25T16:38:40.804+0000] {processor.py:208} INFO - Processing /home/airflow/.local/lib/python3.10/site-packages/airflow/example_dags/example_sensor_decorator.py took 0.076 seconds
