[2025-04-25T16:29:59.608+0000] {processor.py:186} INFO - Started process (PID=49) to work on /home/airflow/.local/lib/python3.10/site-packages/airflow/example_dags/example_time_delta_sensor_async.py
[2025-04-25T16:29:59.609+0000] {processor.py:914} INFO - Processing file /home/airflow/.local/lib/python3.10/site-packages/airflow/example_dags/example_time_delta_sensor_async.py for tasks to queue
[2025-04-25T16:29:59.613+0000] {logging_mixin.py:190} INFO - [2025-04-25T16:29:59.613+0000] {dagbag.py:588} INFO - Filling up the DagBag from /home/airflow/.local/lib/python3.10/site-packages/airflow/example_dags/example_time_delta_sensor_async.py
[2025-04-25T16:29:59.624+0000] {processor.py:925} INFO - DAG(s) 'example_time_delta_sensor_async' retrieved from /home/airflow/.local/lib/python3.10/site-packages/airflow/example_dags/example_time_delta_sensor_async.py
[2025-04-25T16:29:59.659+0000] {logging_mixin.py:190} INFO - [2025-04-25T16:29:59.658+0000] {dag.py:3239} INFO - Sync 1 DAGs
[2025-04-25T16:29:59.688+0000] {logging_mixin.py:190} INFO - [2025-04-25T16:29:59.687+0000] {dag.py:4180} INFO - Setting next_dagrun for example_time_delta_sensor_async to None, run_after=None
[2025-04-25T16:29:59.720+0000] {processor.py:208} INFO - Processing /home/airflow/.local/lib/python3.10/site-packages/airflow/example_dags/example_time_delta_sensor_async.py took 0.120 seconds
[2025-04-25T16:30:29.783+0000] {processor.py:186} INFO - Started process (PID=115) to work on /home/airflow/.local/lib/python3.10/site-packages/airflow/example_dags/example_time_delta_sensor_async.py
[2025-04-25T16:30:29.784+0000] {processor.py:914} INFO - Processing file /home/airflow/.local/lib/python3.10/site-packages/airflow/example_dags/example_time_delta_sensor_async.py for tasks to queue
[2025-04-25T16:30:29.786+0000] {logging_mixin.py:190} INFO - [2025-04-25T16:30:29.786+0000] {dagbag.py:588} INFO - Filling up the DagBag from /home/airflow/.local/lib/python3.10/site-packages/airflow/example_dags/example_time_delta_sensor_async.py
[2025-04-25T16:30:29.792+0000] {processor.py:925} INFO - DAG(s) 'example_time_delta_sensor_async' retrieved from /home/airflow/.local/lib/python3.10/site-packages/airflow/example_dags/example_time_delta_sensor_async.py
[2025-04-25T16:30:29.809+0000] {logging_mixin.py:190} INFO - [2025-04-25T16:30:29.809+0000] {dag.py:3239} INFO - Sync 1 DAGs
[2025-04-25T16:30:29.821+0000] {logging_mixin.py:190} INFO - [2025-04-25T16:30:29.821+0000] {dag.py:4180} INFO - Setting next_dagrun for example_time_delta_sensor_async to None, run_after=None
[2025-04-25T16:30:29.836+0000] {processor.py:208} INFO - Processing /home/airflow/.local/lib/python3.10/site-packages/airflow/example_dags/example_time_delta_sensor_async.py took 0.058 seconds
[2025-04-25T16:31:00.552+0000] {processor.py:186} INFO - Started process (PID=181) to work on /home/airflow/.local/lib/python3.10/site-packages/airflow/example_dags/example_time_delta_sensor_async.py
[2025-04-25T16:31:00.553+0000] {processor.py:914} INFO - Processing file /home/airflow/.local/lib/python3.10/site-packages/airflow/example_dags/example_time_delta_sensor_async.py for tasks to queue
[2025-04-25T16:31:00.555+0000] {logging_mixin.py:190} INFO - [2025-04-25T16:31:00.555+0000] {dagbag.py:588} INFO - Filling up the DagBag from /home/airflow/.local/lib/python3.10/site-packages/airflow/example_dags/example_time_delta_sensor_async.py
[2025-04-25T16:31:00.563+0000] {processor.py:925} INFO - DAG(s) 'example_time_delta_sensor_async' retrieved from /home/airflow/.local/lib/python3.10/site-packages/airflow/example_dags/example_time_delta_sensor_async.py
[2025-04-25T16:31:00.586+0000] {logging_mixin.py:190} INFO - [2025-04-25T16:31:00.585+0000] {dag.py:3239} INFO - Sync 1 DAGs
[2025-04-25T16:31:00.606+0000] {logging_mixin.py:190} INFO - [2025-04-25T16:31:00.605+0000] {dag.py:4180} INFO - Setting next_dagrun for example_time_delta_sensor_async to None, run_after=None
[2025-04-25T16:31:00.629+0000] {processor.py:208} INFO - Processing /home/airflow/.local/lib/python3.10/site-packages/airflow/example_dags/example_time_delta_sensor_async.py took 0.084 seconds
[2025-04-25T16:31:30.750+0000] {processor.py:186} INFO - Started process (PID=247) to work on /home/airflow/.local/lib/python3.10/site-packages/airflow/example_dags/example_time_delta_sensor_async.py
[2025-04-25T16:31:30.751+0000] {processor.py:914} INFO - Processing file /home/airflow/.local/lib/python3.10/site-packages/airflow/example_dags/example_time_delta_sensor_async.py for tasks to queue
[2025-04-25T16:31:30.753+0000] {logging_mixin.py:190} INFO - [2025-04-25T16:31:30.752+0000] {dagbag.py:588} INFO - Filling up the DagBag from /home/airflow/.local/lib/python3.10/site-packages/airflow/example_dags/example_time_delta_sensor_async.py
[2025-04-25T16:31:30.759+0000] {processor.py:925} INFO - DAG(s) 'example_time_delta_sensor_async' retrieved from /home/airflow/.local/lib/python3.10/site-packages/airflow/example_dags/example_time_delta_sensor_async.py
[2025-04-25T16:31:30.777+0000] {logging_mixin.py:190} INFO - [2025-04-25T16:31:30.777+0000] {dag.py:3239} INFO - Sync 1 DAGs
[2025-04-25T16:31:30.791+0000] {logging_mixin.py:190} INFO - [2025-04-25T16:31:30.791+0000] {dag.py:4180} INFO - Setting next_dagrun for example_time_delta_sensor_async to None, run_after=None
[2025-04-25T16:31:30.808+0000] {processor.py:208} INFO - Processing /home/airflow/.local/lib/python3.10/site-packages/airflow/example_dags/example_time_delta_sensor_async.py took 0.064 seconds
[2025-04-25T16:32:01.058+0000] {processor.py:186} INFO - Started process (PID=313) to work on /home/airflow/.local/lib/python3.10/site-packages/airflow/example_dags/example_time_delta_sensor_async.py
[2025-04-25T16:32:01.059+0000] {processor.py:914} INFO - Processing file /home/airflow/.local/lib/python3.10/site-packages/airflow/example_dags/example_time_delta_sensor_async.py for tasks to queue
[2025-04-25T16:32:01.061+0000] {logging_mixin.py:190} INFO - [2025-04-25T16:32:01.061+0000] {dagbag.py:588} INFO - Filling up the DagBag from /home/airflow/.local/lib/python3.10/site-packages/airflow/example_dags/example_time_delta_sensor_async.py
[2025-04-25T16:32:01.067+0000] {processor.py:925} INFO - DAG(s) 'example_time_delta_sensor_async' retrieved from /home/airflow/.local/lib/python3.10/site-packages/airflow/example_dags/example_time_delta_sensor_async.py
[2025-04-25T16:32:01.085+0000] {logging_mixin.py:190} INFO - [2025-04-25T16:32:01.084+0000] {dag.py:3239} INFO - Sync 1 DAGs
[2025-04-25T16:32:01.098+0000] {logging_mixin.py:190} INFO - [2025-04-25T16:32:01.097+0000] {dag.py:4180} INFO - Setting next_dagrun for example_time_delta_sensor_async to None, run_after=None
[2025-04-25T16:32:01.114+0000] {processor.py:208} INFO - Processing /home/airflow/.local/lib/python3.10/site-packages/airflow/example_dags/example_time_delta_sensor_async.py took 0.061 seconds
[2025-04-25T16:32:31.839+0000] {processor.py:186} INFO - Started process (PID=379) to work on /home/airflow/.local/lib/python3.10/site-packages/airflow/example_dags/example_time_delta_sensor_async.py
[2025-04-25T16:32:31.840+0000] {processor.py:914} INFO - Processing file /home/airflow/.local/lib/python3.10/site-packages/airflow/example_dags/example_time_delta_sensor_async.py for tasks to queue
[2025-04-25T16:32:31.842+0000] {logging_mixin.py:190} INFO - [2025-04-25T16:32:31.842+0000] {dagbag.py:588} INFO - Filling up the DagBag from /home/airflow/.local/lib/python3.10/site-packages/airflow/example_dags/example_time_delta_sensor_async.py
[2025-04-25T16:32:31.849+0000] {processor.py:925} INFO - DAG(s) 'example_time_delta_sensor_async' retrieved from /home/airflow/.local/lib/python3.10/site-packages/airflow/example_dags/example_time_delta_sensor_async.py
[2025-04-25T16:32:31.867+0000] {logging_mixin.py:190} INFO - [2025-04-25T16:32:31.867+0000] {dag.py:3239} INFO - Sync 1 DAGs
[2025-04-25T16:32:31.881+0000] {logging_mixin.py:190} INFO - [2025-04-25T16:32:31.881+0000] {dag.py:4180} INFO - Setting next_dagrun for example_time_delta_sensor_async to None, run_after=None
[2025-04-25T16:32:31.900+0000] {processor.py:208} INFO - Processing /home/airflow/.local/lib/python3.10/site-packages/airflow/example_dags/example_time_delta_sensor_async.py took 0.066 seconds
[2025-04-25T16:33:03.096+0000] {processor.py:186} INFO - Started process (PID=445) to work on /home/airflow/.local/lib/python3.10/site-packages/airflow/example_dags/example_time_delta_sensor_async.py
[2025-04-25T16:33:03.097+0000] {processor.py:914} INFO - Processing file /home/airflow/.local/lib/python3.10/site-packages/airflow/example_dags/example_time_delta_sensor_async.py for tasks to queue
[2025-04-25T16:33:03.100+0000] {logging_mixin.py:190} INFO - [2025-04-25T16:33:03.100+0000] {dagbag.py:588} INFO - Filling up the DagBag from /home/airflow/.local/lib/python3.10/site-packages/airflow/example_dags/example_time_delta_sensor_async.py
[2025-04-25T16:33:03.110+0000] {processor.py:925} INFO - DAG(s) 'example_time_delta_sensor_async' retrieved from /home/airflow/.local/lib/python3.10/site-packages/airflow/example_dags/example_time_delta_sensor_async.py
[2025-04-25T16:33:03.137+0000] {logging_mixin.py:190} INFO - [2025-04-25T16:33:03.137+0000] {dag.py:3239} INFO - Sync 1 DAGs
[2025-04-25T16:33:03.151+0000] {logging_mixin.py:190} INFO - [2025-04-25T16:33:03.151+0000] {dag.py:4180} INFO - Setting next_dagrun for example_time_delta_sensor_async to None, run_after=None
[2025-04-25T16:33:03.173+0000] {processor.py:208} INFO - Processing /home/airflow/.local/lib/python3.10/site-packages/airflow/example_dags/example_time_delta_sensor_async.py took 0.085 seconds
[2025-04-25T16:33:34.049+0000] {processor.py:186} INFO - Started process (PID=511) to work on /home/airflow/.local/lib/python3.10/site-packages/airflow/example_dags/example_time_delta_sensor_async.py
[2025-04-25T16:33:34.049+0000] {processor.py:914} INFO - Processing file /home/airflow/.local/lib/python3.10/site-packages/airflow/example_dags/example_time_delta_sensor_async.py for tasks to queue
[2025-04-25T16:33:34.052+0000] {logging_mixin.py:190} INFO - [2025-04-25T16:33:34.051+0000] {dagbag.py:588} INFO - Filling up the DagBag from /home/airflow/.local/lib/python3.10/site-packages/airflow/example_dags/example_time_delta_sensor_async.py
[2025-04-25T16:33:34.058+0000] {processor.py:925} INFO - DAG(s) 'example_time_delta_sensor_async' retrieved from /home/airflow/.local/lib/python3.10/site-packages/airflow/example_dags/example_time_delta_sensor_async.py
[2025-04-25T16:33:34.077+0000] {logging_mixin.py:190} INFO - [2025-04-25T16:33:34.077+0000] {dag.py:3239} INFO - Sync 1 DAGs
[2025-04-25T16:33:34.091+0000] {logging_mixin.py:190} INFO - [2025-04-25T16:33:34.091+0000] {dag.py:4180} INFO - Setting next_dagrun for example_time_delta_sensor_async to None, run_after=None
[2025-04-25T16:33:34.108+0000] {processor.py:208} INFO - Processing /home/airflow/.local/lib/python3.10/site-packages/airflow/example_dags/example_time_delta_sensor_async.py took 0.065 seconds
[2025-04-25T16:34:04.995+0000] {processor.py:186} INFO - Started process (PID=577) to work on /home/airflow/.local/lib/python3.10/site-packages/airflow/example_dags/example_time_delta_sensor_async.py
[2025-04-25T16:34:04.996+0000] {processor.py:914} INFO - Processing file /home/airflow/.local/lib/python3.10/site-packages/airflow/example_dags/example_time_delta_sensor_async.py for tasks to queue
[2025-04-25T16:34:04.999+0000] {logging_mixin.py:190} INFO - [2025-04-25T16:34:04.998+0000] {dagbag.py:588} INFO - Filling up the DagBag from /home/airflow/.local/lib/python3.10/site-packages/airflow/example_dags/example_time_delta_sensor_async.py
[2025-04-25T16:34:05.006+0000] {processor.py:925} INFO - DAG(s) 'example_time_delta_sensor_async' retrieved from /home/airflow/.local/lib/python3.10/site-packages/airflow/example_dags/example_time_delta_sensor_async.py
[2025-04-25T16:34:05.025+0000] {logging_mixin.py:190} INFO - [2025-04-25T16:34:05.024+0000] {dag.py:3239} INFO - Sync 1 DAGs
[2025-04-25T16:34:05.039+0000] {logging_mixin.py:190} INFO - [2025-04-25T16:34:05.039+0000] {dag.py:4180} INFO - Setting next_dagrun for example_time_delta_sensor_async to None, run_after=None
[2025-04-25T16:34:05.061+0000] {processor.py:208} INFO - Processing /home/airflow/.local/lib/python3.10/site-packages/airflow/example_dags/example_time_delta_sensor_async.py took 0.073 seconds
[2025-04-25T16:34:35.497+0000] {processor.py:186} INFO - Started process (PID=643) to work on /home/airflow/.local/lib/python3.10/site-packages/airflow/example_dags/example_time_delta_sensor_async.py
[2025-04-25T16:34:35.498+0000] {processor.py:914} INFO - Processing file /home/airflow/.local/lib/python3.10/site-packages/airflow/example_dags/example_time_delta_sensor_async.py for tasks to queue
[2025-04-25T16:34:35.500+0000] {logging_mixin.py:190} INFO - [2025-04-25T16:34:35.500+0000] {dagbag.py:588} INFO - Filling up the DagBag from /home/airflow/.local/lib/python3.10/site-packages/airflow/example_dags/example_time_delta_sensor_async.py
[2025-04-25T16:34:35.506+0000] {processor.py:925} INFO - DAG(s) 'example_time_delta_sensor_async' retrieved from /home/airflow/.local/lib/python3.10/site-packages/airflow/example_dags/example_time_delta_sensor_async.py
[2025-04-25T16:34:35.528+0000] {logging_mixin.py:190} INFO - [2025-04-25T16:34:35.527+0000] {dag.py:3239} INFO - Sync 1 DAGs
[2025-04-25T16:34:35.541+0000] {logging_mixin.py:190} INFO - [2025-04-25T16:34:35.540+0000] {dag.py:4180} INFO - Setting next_dagrun for example_time_delta_sensor_async to None, run_after=None
[2025-04-25T16:34:35.561+0000] {processor.py:208} INFO - Processing /home/airflow/.local/lib/python3.10/site-packages/airflow/example_dags/example_time_delta_sensor_async.py took 0.070 seconds
[2025-04-25T16:35:06.008+0000] {processor.py:186} INFO - Started process (PID=709) to work on /home/airflow/.local/lib/python3.10/site-packages/airflow/example_dags/example_time_delta_sensor_async.py
[2025-04-25T16:35:06.009+0000] {processor.py:914} INFO - Processing file /home/airflow/.local/lib/python3.10/site-packages/airflow/example_dags/example_time_delta_sensor_async.py for tasks to queue
[2025-04-25T16:35:06.012+0000] {logging_mixin.py:190} INFO - [2025-04-25T16:35:06.012+0000] {dagbag.py:588} INFO - Filling up the DagBag from /home/airflow/.local/lib/python3.10/site-packages/airflow/example_dags/example_time_delta_sensor_async.py
[2025-04-25T16:35:06.020+0000] {processor.py:925} INFO - DAG(s) 'example_time_delta_sensor_async' retrieved from /home/airflow/.local/lib/python3.10/site-packages/airflow/example_dags/example_time_delta_sensor_async.py
[2025-04-25T16:35:06.043+0000] {logging_mixin.py:190} INFO - [2025-04-25T16:35:06.043+0000] {dag.py:3239} INFO - Sync 1 DAGs
[2025-04-25T16:35:06.059+0000] {logging_mixin.py:190} INFO - [2025-04-25T16:35:06.059+0000] {dag.py:4180} INFO - Setting next_dagrun for example_time_delta_sensor_async to None, run_after=None
[2025-04-25T16:35:06.082+0000] {processor.py:208} INFO - Processing /home/airflow/.local/lib/python3.10/site-packages/airflow/example_dags/example_time_delta_sensor_async.py took 0.083 seconds
[2025-04-25T16:35:36.786+0000] {processor.py:186} INFO - Started process (PID=787) to work on /home/airflow/.local/lib/python3.10/site-packages/airflow/example_dags/example_time_delta_sensor_async.py
[2025-04-25T16:35:36.788+0000] {processor.py:914} INFO - Processing file /home/airflow/.local/lib/python3.10/site-packages/airflow/example_dags/example_time_delta_sensor_async.py for tasks to queue
[2025-04-25T16:35:36.790+0000] {logging_mixin.py:190} INFO - [2025-04-25T16:35:36.790+0000] {dagbag.py:588} INFO - Filling up the DagBag from /home/airflow/.local/lib/python3.10/site-packages/airflow/example_dags/example_time_delta_sensor_async.py
[2025-04-25T16:35:36.798+0000] {processor.py:925} INFO - DAG(s) 'example_time_delta_sensor_async' retrieved from /home/airflow/.local/lib/python3.10/site-packages/airflow/example_dags/example_time_delta_sensor_async.py
[2025-04-25T16:35:36.818+0000] {logging_mixin.py:190} INFO - [2025-04-25T16:35:36.817+0000] {dag.py:3239} INFO - Sync 1 DAGs
[2025-04-25T16:35:36.834+0000] {logging_mixin.py:190} INFO - [2025-04-25T16:35:36.833+0000] {dag.py:4180} INFO - Setting next_dagrun for example_time_delta_sensor_async to None, run_after=None
[2025-04-25T16:35:36.853+0000] {processor.py:208} INFO - Processing /home/airflow/.local/lib/python3.10/site-packages/airflow/example_dags/example_time_delta_sensor_async.py took 0.073 seconds
[2025-04-25T16:36:07.137+0000] {processor.py:186} INFO - Started process (PID=853) to work on /home/airflow/.local/lib/python3.10/site-packages/airflow/example_dags/example_time_delta_sensor_async.py
[2025-04-25T16:36:07.138+0000] {processor.py:914} INFO - Processing file /home/airflow/.local/lib/python3.10/site-packages/airflow/example_dags/example_time_delta_sensor_async.py for tasks to queue
[2025-04-25T16:36:07.140+0000] {logging_mixin.py:190} INFO - [2025-04-25T16:36:07.139+0000] {dagbag.py:588} INFO - Filling up the DagBag from /home/airflow/.local/lib/python3.10/site-packages/airflow/example_dags/example_time_delta_sensor_async.py
[2025-04-25T16:36:07.146+0000] {processor.py:925} INFO - DAG(s) 'example_time_delta_sensor_async' retrieved from /home/airflow/.local/lib/python3.10/site-packages/airflow/example_dags/example_time_delta_sensor_async.py
[2025-04-25T16:36:07.165+0000] {logging_mixin.py:190} INFO - [2025-04-25T16:36:07.164+0000] {dag.py:3239} INFO - Sync 1 DAGs
[2025-04-25T16:36:07.178+0000] {logging_mixin.py:190} INFO - [2025-04-25T16:36:07.177+0000] {dag.py:4180} INFO - Setting next_dagrun for example_time_delta_sensor_async to None, run_after=None
[2025-04-25T16:36:07.195+0000] {processor.py:208} INFO - Processing /home/airflow/.local/lib/python3.10/site-packages/airflow/example_dags/example_time_delta_sensor_async.py took 0.064 seconds
[2025-04-25T16:36:38.400+0000] {processor.py:186} INFO - Started process (PID=919) to work on /home/airflow/.local/lib/python3.10/site-packages/airflow/example_dags/example_time_delta_sensor_async.py
[2025-04-25T16:36:38.401+0000] {processor.py:914} INFO - Processing file /home/airflow/.local/lib/python3.10/site-packages/airflow/example_dags/example_time_delta_sensor_async.py for tasks to queue
[2025-04-25T16:36:38.403+0000] {logging_mixin.py:190} INFO - [2025-04-25T16:36:38.403+0000] {dagbag.py:588} INFO - Filling up the DagBag from /home/airflow/.local/lib/python3.10/site-packages/airflow/example_dags/example_time_delta_sensor_async.py
[2025-04-25T16:36:38.409+0000] {processor.py:925} INFO - DAG(s) 'example_time_delta_sensor_async' retrieved from /home/airflow/.local/lib/python3.10/site-packages/airflow/example_dags/example_time_delta_sensor_async.py
[2025-04-25T16:36:38.428+0000] {logging_mixin.py:190} INFO - [2025-04-25T16:36:38.428+0000] {dag.py:3239} INFO - Sync 1 DAGs
[2025-04-25T16:36:38.442+0000] {logging_mixin.py:190} INFO - [2025-04-25T16:36:38.442+0000] {dag.py:4180} INFO - Setting next_dagrun for example_time_delta_sensor_async to None, run_after=None
[2025-04-25T16:36:38.460+0000] {processor.py:208} INFO - Processing /home/airflow/.local/lib/python3.10/site-packages/airflow/example_dags/example_time_delta_sensor_async.py took 0.066 seconds
[2025-04-25T16:37:08.863+0000] {processor.py:186} INFO - Started process (PID=985) to work on /home/airflow/.local/lib/python3.10/site-packages/airflow/example_dags/example_time_delta_sensor_async.py
[2025-04-25T16:37:08.864+0000] {processor.py:914} INFO - Processing file /home/airflow/.local/lib/python3.10/site-packages/airflow/example_dags/example_time_delta_sensor_async.py for tasks to queue
[2025-04-25T16:37:08.866+0000] {logging_mixin.py:190} INFO - [2025-04-25T16:37:08.866+0000] {dagbag.py:588} INFO - Filling up the DagBag from /home/airflow/.local/lib/python3.10/site-packages/airflow/example_dags/example_time_delta_sensor_async.py
[2025-04-25T16:37:08.873+0000] {processor.py:925} INFO - DAG(s) 'example_time_delta_sensor_async' retrieved from /home/airflow/.local/lib/python3.10/site-packages/airflow/example_dags/example_time_delta_sensor_async.py
[2025-04-25T16:37:08.891+0000] {logging_mixin.py:190} INFO - [2025-04-25T16:37:08.891+0000] {dag.py:3239} INFO - Sync 1 DAGs
[2025-04-25T16:37:08.904+0000] {logging_mixin.py:190} INFO - [2025-04-25T16:37:08.904+0000] {dag.py:4180} INFO - Setting next_dagrun for example_time_delta_sensor_async to None, run_after=None
[2025-04-25T16:37:08.921+0000] {processor.py:208} INFO - Processing /home/airflow/.local/lib/python3.10/site-packages/airflow/example_dags/example_time_delta_sensor_async.py took 0.063 seconds
[2025-04-25T16:37:39.846+0000] {processor.py:186} INFO - Started process (PID=1051) to work on /home/airflow/.local/lib/python3.10/site-packages/airflow/example_dags/example_time_delta_sensor_async.py
[2025-04-25T16:37:39.847+0000] {processor.py:914} INFO - Processing file /home/airflow/.local/lib/python3.10/site-packages/airflow/example_dags/example_time_delta_sensor_async.py for tasks to queue
[2025-04-25T16:37:39.849+0000] {logging_mixin.py:190} INFO - [2025-04-25T16:37:39.849+0000] {dagbag.py:588} INFO - Filling up the DagBag from /home/airflow/.local/lib/python3.10/site-packages/airflow/example_dags/example_time_delta_sensor_async.py
[2025-04-25T16:37:39.856+0000] {processor.py:925} INFO - DAG(s) 'example_time_delta_sensor_async' retrieved from /home/airflow/.local/lib/python3.10/site-packages/airflow/example_dags/example_time_delta_sensor_async.py
[2025-04-25T16:37:39.874+0000] {logging_mixin.py:190} INFO - [2025-04-25T16:37:39.873+0000] {dag.py:3239} INFO - Sync 1 DAGs
[2025-04-25T16:37:39.887+0000] {logging_mixin.py:190} INFO - [2025-04-25T16:37:39.887+0000] {dag.py:4180} INFO - Setting next_dagrun for example_time_delta_sensor_async to None, run_after=None
[2025-04-25T16:37:39.903+0000] {processor.py:208} INFO - Processing /home/airflow/.local/lib/python3.10/site-packages/airflow/example_dags/example_time_delta_sensor_async.py took 0.063 seconds
[2025-04-25T16:38:10.444+0000] {processor.py:186} INFO - Started process (PID=1117) to work on /home/airflow/.local/lib/python3.10/site-packages/airflow/example_dags/example_time_delta_sensor_async.py
[2025-04-25T16:38:10.445+0000] {processor.py:914} INFO - Processing file /home/airflow/.local/lib/python3.10/site-packages/airflow/example_dags/example_time_delta_sensor_async.py for tasks to queue
[2025-04-25T16:38:10.447+0000] {logging_mixin.py:190} INFO - [2025-04-25T16:38:10.447+0000] {dagbag.py:588} INFO - Filling up the DagBag from /home/airflow/.local/lib/python3.10/site-packages/airflow/example_dags/example_time_delta_sensor_async.py
[2025-04-25T16:38:10.453+0000] {processor.py:925} INFO - DAG(s) 'example_time_delta_sensor_async' retrieved from /home/airflow/.local/lib/python3.10/site-packages/airflow/example_dags/example_time_delta_sensor_async.py
[2025-04-25T16:38:10.470+0000] {logging_mixin.py:190} INFO - [2025-04-25T16:38:10.470+0000] {dag.py:3239} INFO - Sync 1 DAGs
[2025-04-25T16:38:10.483+0000] {logging_mixin.py:190} INFO - [2025-04-25T16:38:10.483+0000] {dag.py:4180} INFO - Setting next_dagrun for example_time_delta_sensor_async to None, run_after=None
[2025-04-25T16:38:10.499+0000] {processor.py:208} INFO - Processing /home/airflow/.local/lib/python3.10/site-packages/airflow/example_dags/example_time_delta_sensor_async.py took 0.060 seconds
[2025-04-25T16:38:40.683+0000] {processor.py:186} INFO - Started process (PID=1183) to work on /home/airflow/.local/lib/python3.10/site-packages/airflow/example_dags/example_time_delta_sensor_async.py
[2025-04-25T16:38:40.684+0000] {processor.py:914} INFO - Processing file /home/airflow/.local/lib/python3.10/site-packages/airflow/example_dags/example_time_delta_sensor_async.py for tasks to queue
[2025-04-25T16:38:40.687+0000] {logging_mixin.py:190} INFO - [2025-04-25T16:38:40.686+0000] {dagbag.py:588} INFO - Filling up the DagBag from /home/airflow/.local/lib/python3.10/site-packages/airflow/example_dags/example_time_delta_sensor_async.py
[2025-04-25T16:38:40.693+0000] {processor.py:925} INFO - DAG(s) 'example_time_delta_sensor_async' retrieved from /home/airflow/.local/lib/python3.10/site-packages/airflow/example_dags/example_time_delta_sensor_async.py
[2025-04-25T16:38:40.711+0000] {logging_mixin.py:190} INFO - [2025-04-25T16:38:40.711+0000] {dag.py:3239} INFO - Sync 1 DAGs
[2025-04-25T16:38:40.725+0000] {logging_mixin.py:190} INFO - [2025-04-25T16:38:40.725+0000] {dag.py:4180} INFO - Setting next_dagrun for example_time_delta_sensor_async to None, run_after=None
[2025-04-25T16:38:40.745+0000] {processor.py:208} INFO - Processing /home/airflow/.local/lib/python3.10/site-packages/airflow/example_dags/example_time_delta_sensor_async.py took 0.067 seconds
