[2025-04-25T16:30:03.677+0000] {processor.py:186} INFO - Started process (PID=76) to work on /home/airflow/.local/lib/python3.10/site-packages/airflow/example_dags/example_bash_decorator.py
[2025-04-25T16:30:03.679+0000] {processor.py:914} INFO - Processing file /home/airflow/.local/lib/python3.10/site-packages/airflow/example_dags/example_bash_decorator.py for tasks to queue
[2025-04-25T16:30:03.683+0000] {logging_mixin.py:190} INFO - [2025-04-25T16:30:03.682+0000] {dagbag.py:588} INFO - Filling up the DagBag from /home/airflow/.local/lib/python3.10/site-packages/airflow/example_dags/example_bash_decorator.py
[2025-04-25T16:30:03.713+0000] {processor.py:925} INFO - DAG(s) 'example_bash_decorator' retrieved from /home/airflow/.local/lib/python3.10/site-packages/airflow/example_dags/example_bash_decorator.py
[2025-04-25T16:30:03.896+0000] {logging_mixin.py:190} INFO - [2025-04-25T16:30:03.896+0000] {dag.py:3239} INFO - Sync 1 DAGs
[2025-04-25T16:30:03.914+0000] {logging_mixin.py:190} INFO - [2025-04-25T16:30:03.914+0000] {dag.py:4180} INFO - Setting next_dagrun for example_bash_decorator to None, run_after=None
[2025-04-25T16:30:03.949+0000] {processor.py:208} INFO - Processing /home/airflow/.local/lib/python3.10/site-packages/airflow/example_dags/example_bash_decorator.py took 0.279 seconds
[2025-04-25T16:30:34.914+0000] {processor.py:186} INFO - Started process (PID=142) to work on /home/airflow/.local/lib/python3.10/site-packages/airflow/example_dags/example_bash_decorator.py
[2025-04-25T16:30:34.915+0000] {processor.py:914} INFO - Processing file /home/airflow/.local/lib/python3.10/site-packages/airflow/example_dags/example_bash_decorator.py for tasks to queue
[2025-04-25T16:30:34.917+0000] {logging_mixin.py:190} INFO - [2025-04-25T16:30:34.917+0000] {dagbag.py:588} INFO - Filling up the DagBag from /home/airflow/.local/lib/python3.10/site-packages/airflow/example_dags/example_bash_decorator.py
[2025-04-25T16:30:34.929+0000] {processor.py:925} INFO - DAG(s) 'example_bash_decorator' retrieved from /home/airflow/.local/lib/python3.10/site-packages/airflow/example_dags/example_bash_decorator.py
[2025-04-25T16:30:34.951+0000] {logging_mixin.py:190} INFO - [2025-04-25T16:30:34.951+0000] {dag.py:3239} INFO - Sync 1 DAGs
[2025-04-25T16:30:34.964+0000] {logging_mixin.py:190} INFO - [2025-04-25T16:30:34.964+0000] {dag.py:4180} INFO - Setting next_dagrun for example_bash_decorator to None, run_after=None
[2025-04-25T16:30:34.981+0000] {processor.py:208} INFO - Processing /home/airflow/.local/lib/python3.10/site-packages/airflow/example_dags/example_bash_decorator.py took 0.072 seconds
[2025-04-25T16:31:05.121+0000] {processor.py:186} INFO - Started process (PID=207) to work on /home/airflow/.local/lib/python3.10/site-packages/airflow/example_dags/example_bash_decorator.py
[2025-04-25T16:31:05.123+0000] {processor.py:914} INFO - Processing file /home/airflow/.local/lib/python3.10/site-packages/airflow/example_dags/example_bash_decorator.py for tasks to queue
[2025-04-25T16:31:05.125+0000] {logging_mixin.py:190} INFO - [2025-04-25T16:31:05.125+0000] {dagbag.py:588} INFO - Filling up the DagBag from /home/airflow/.local/lib/python3.10/site-packages/airflow/example_dags/example_bash_decorator.py
[2025-04-25T16:31:05.142+0000] {processor.py:925} INFO - DAG(s) 'example_bash_decorator' retrieved from /home/airflow/.local/lib/python3.10/site-packages/airflow/example_dags/example_bash_decorator.py
[2025-04-25T16:31:05.168+0000] {logging_mixin.py:190} INFO - [2025-04-25T16:31:05.167+0000] {dag.py:3239} INFO - Sync 1 DAGs
[2025-04-25T16:31:05.181+0000] {logging_mixin.py:190} INFO - [2025-04-25T16:31:05.181+0000] {dag.py:4180} INFO - Setting next_dagrun for example_bash_decorator to None, run_after=None
[2025-04-25T16:31:05.200+0000] {processor.py:208} INFO - Processing /home/airflow/.local/lib/python3.10/site-packages/airflow/example_dags/example_bash_decorator.py took 0.085 seconds
[2025-04-25T16:31:35.896+0000] {processor.py:186} INFO - Started process (PID=273) to work on /home/airflow/.local/lib/python3.10/site-packages/airflow/example_dags/example_bash_decorator.py
[2025-04-25T16:31:35.897+0000] {processor.py:914} INFO - Processing file /home/airflow/.local/lib/python3.10/site-packages/airflow/example_dags/example_bash_decorator.py for tasks to queue
[2025-04-25T16:31:35.900+0000] {logging_mixin.py:190} INFO - [2025-04-25T16:31:35.900+0000] {dagbag.py:588} INFO - Filling up the DagBag from /home/airflow/.local/lib/python3.10/site-packages/airflow/example_dags/example_bash_decorator.py
[2025-04-25T16:31:35.914+0000] {processor.py:925} INFO - DAG(s) 'example_bash_decorator' retrieved from /home/airflow/.local/lib/python3.10/site-packages/airflow/example_dags/example_bash_decorator.py
[2025-04-25T16:31:35.939+0000] {logging_mixin.py:190} INFO - [2025-04-25T16:31:35.938+0000] {dag.py:3239} INFO - Sync 1 DAGs
[2025-04-25T16:31:35.953+0000] {logging_mixin.py:190} INFO - [2025-04-25T16:31:35.953+0000] {dag.py:4180} INFO - Setting next_dagrun for example_bash_decorator to None, run_after=None
[2025-04-25T16:31:35.972+0000] {processor.py:208} INFO - Processing /home/airflow/.local/lib/python3.10/site-packages/airflow/example_dags/example_bash_decorator.py took 0.083 seconds
[2025-04-25T16:32:06.127+0000] {processor.py:186} INFO - Started process (PID=339) to work on /home/airflow/.local/lib/python3.10/site-packages/airflow/example_dags/example_bash_decorator.py
[2025-04-25T16:32:06.128+0000] {processor.py:914} INFO - Processing file /home/airflow/.local/lib/python3.10/site-packages/airflow/example_dags/example_bash_decorator.py for tasks to queue
[2025-04-25T16:32:06.131+0000] {logging_mixin.py:190} INFO - [2025-04-25T16:32:06.131+0000] {dagbag.py:588} INFO - Filling up the DagBag from /home/airflow/.local/lib/python3.10/site-packages/airflow/example_dags/example_bash_decorator.py
[2025-04-25T16:32:06.147+0000] {processor.py:925} INFO - DAG(s) 'example_bash_decorator' retrieved from /home/airflow/.local/lib/python3.10/site-packages/airflow/example_dags/example_bash_decorator.py
[2025-04-25T16:32:06.174+0000] {logging_mixin.py:190} INFO - [2025-04-25T16:32:06.174+0000] {dag.py:3239} INFO - Sync 1 DAGs
[2025-04-25T16:32:06.190+0000] {logging_mixin.py:190} INFO - [2025-04-25T16:32:06.189+0000] {dag.py:4180} INFO - Setting next_dagrun for example_bash_decorator to None, run_after=None
[2025-04-25T16:32:06.211+0000] {processor.py:208} INFO - Processing /home/airflow/.local/lib/python3.10/site-packages/airflow/example_dags/example_bash_decorator.py took 0.089 seconds
[2025-04-25T16:32:37.224+0000] {processor.py:186} INFO - Started process (PID=405) to work on /home/airflow/.local/lib/python3.10/site-packages/airflow/example_dags/example_bash_decorator.py
[2025-04-25T16:32:37.225+0000] {processor.py:914} INFO - Processing file /home/airflow/.local/lib/python3.10/site-packages/airflow/example_dags/example_bash_decorator.py for tasks to queue
[2025-04-25T16:32:37.227+0000] {logging_mixin.py:190} INFO - [2025-04-25T16:32:37.227+0000] {dagbag.py:588} INFO - Filling up the DagBag from /home/airflow/.local/lib/python3.10/site-packages/airflow/example_dags/example_bash_decorator.py
[2025-04-25T16:32:37.243+0000] {processor.py:925} INFO - DAG(s) 'example_bash_decorator' retrieved from /home/airflow/.local/lib/python3.10/site-packages/airflow/example_dags/example_bash_decorator.py
[2025-04-25T16:32:37.268+0000] {logging_mixin.py:190} INFO - [2025-04-25T16:32:37.267+0000] {dag.py:3239} INFO - Sync 1 DAGs
[2025-04-25T16:32:37.283+0000] {logging_mixin.py:190} INFO - [2025-04-25T16:32:37.282+0000] {dag.py:4180} INFO - Setting next_dagrun for example_bash_decorator to None, run_after=None
[2025-04-25T16:32:37.303+0000] {processor.py:208} INFO - Processing /home/airflow/.local/lib/python3.10/site-packages/airflow/example_dags/example_bash_decorator.py took 0.085 seconds
[2025-04-25T16:33:08.464+0000] {processor.py:186} INFO - Started process (PID=471) to work on /home/airflow/.local/lib/python3.10/site-packages/airflow/example_dags/example_bash_decorator.py
[2025-04-25T16:33:08.466+0000] {processor.py:914} INFO - Processing file /home/airflow/.local/lib/python3.10/site-packages/airflow/example_dags/example_bash_decorator.py for tasks to queue
[2025-04-25T16:33:08.468+0000] {logging_mixin.py:190} INFO - [2025-04-25T16:33:08.468+0000] {dagbag.py:588} INFO - Filling up the DagBag from /home/airflow/.local/lib/python3.10/site-packages/airflow/example_dags/example_bash_decorator.py
[2025-04-25T16:33:08.489+0000] {processor.py:925} INFO - DAG(s) 'example_bash_decorator' retrieved from /home/airflow/.local/lib/python3.10/site-packages/airflow/example_dags/example_bash_decorator.py
[2025-04-25T16:33:08.514+0000] {logging_mixin.py:190} INFO - [2025-04-25T16:33:08.514+0000] {dag.py:3239} INFO - Sync 1 DAGs
[2025-04-25T16:33:08.534+0000] {logging_mixin.py:190} INFO - [2025-04-25T16:33:08.533+0000] {dag.py:4180} INFO - Setting next_dagrun for example_bash_decorator to None, run_after=None
[2025-04-25T16:33:08.558+0000] {processor.py:208} INFO - Processing /home/airflow/.local/lib/python3.10/site-packages/airflow/example_dags/example_bash_decorator.py took 0.100 seconds
[2025-04-25T16:33:39.313+0000] {processor.py:186} INFO - Started process (PID=537) to work on /home/airflow/.local/lib/python3.10/site-packages/airflow/example_dags/example_bash_decorator.py
[2025-04-25T16:33:39.314+0000] {processor.py:914} INFO - Processing file /home/airflow/.local/lib/python3.10/site-packages/airflow/example_dags/example_bash_decorator.py for tasks to queue
[2025-04-25T16:33:39.316+0000] {logging_mixin.py:190} INFO - [2025-04-25T16:33:39.315+0000] {dagbag.py:588} INFO - Filling up the DagBag from /home/airflow/.local/lib/python3.10/site-packages/airflow/example_dags/example_bash_decorator.py
[2025-04-25T16:33:39.329+0000] {processor.py:925} INFO - DAG(s) 'example_bash_decorator' retrieved from /home/airflow/.local/lib/python3.10/site-packages/airflow/example_dags/example_bash_decorator.py
[2025-04-25T16:33:39.350+0000] {logging_mixin.py:190} INFO - [2025-04-25T16:33:39.350+0000] {dag.py:3239} INFO - Sync 1 DAGs
[2025-04-25T16:33:39.363+0000] {logging_mixin.py:190} INFO - [2025-04-25T16:33:39.363+0000] {dag.py:4180} INFO - Setting next_dagrun for example_bash_decorator to None, run_after=None
[2025-04-25T16:33:39.383+0000] {processor.py:208} INFO - Processing /home/airflow/.local/lib/python3.10/site-packages/airflow/example_dags/example_bash_decorator.py took 0.076 seconds
[2025-04-25T16:34:10.572+0000] {processor.py:186} INFO - Started process (PID=603) to work on /home/airflow/.local/lib/python3.10/site-packages/airflow/example_dags/example_bash_decorator.py
[2025-04-25T16:34:10.573+0000] {processor.py:914} INFO - Processing file /home/airflow/.local/lib/python3.10/site-packages/airflow/example_dags/example_bash_decorator.py for tasks to queue
[2025-04-25T16:34:10.576+0000] {logging_mixin.py:190} INFO - [2025-04-25T16:34:10.576+0000] {dagbag.py:588} INFO - Filling up the DagBag from /home/airflow/.local/lib/python3.10/site-packages/airflow/example_dags/example_bash_decorator.py
[2025-04-25T16:34:10.597+0000] {processor.py:925} INFO - DAG(s) 'example_bash_decorator' retrieved from /home/airflow/.local/lib/python3.10/site-packages/airflow/example_dags/example_bash_decorator.py
[2025-04-25T16:34:10.652+0000] {logging_mixin.py:190} INFO - [2025-04-25T16:34:10.651+0000] {dag.py:3239} INFO - Sync 1 DAGs
[2025-04-25T16:34:10.684+0000] {logging_mixin.py:190} INFO - [2025-04-25T16:34:10.684+0000] {dag.py:4180} INFO - Setting next_dagrun for example_bash_decorator to None, run_after=None
[2025-04-25T16:34:10.725+0000] {processor.py:208} INFO - Processing /home/airflow/.local/lib/python3.10/site-packages/airflow/example_dags/example_bash_decorator.py took 0.160 seconds
[2025-04-25T16:34:41.545+0000] {processor.py:186} INFO - Started process (PID=675) to work on /home/airflow/.local/lib/python3.10/site-packages/airflow/example_dags/example_bash_decorator.py
[2025-04-25T16:34:41.546+0000] {processor.py:914} INFO - Processing file /home/airflow/.local/lib/python3.10/site-packages/airflow/example_dags/example_bash_decorator.py for tasks to queue
[2025-04-25T16:34:41.549+0000] {logging_mixin.py:190} INFO - [2025-04-25T16:34:41.548+0000] {dagbag.py:588} INFO - Filling up the DagBag from /home/airflow/.local/lib/python3.10/site-packages/airflow/example_dags/example_bash_decorator.py
[2025-04-25T16:34:41.568+0000] {processor.py:925} INFO - DAG(s) 'example_bash_decorator' retrieved from /home/airflow/.local/lib/python3.10/site-packages/airflow/example_dags/example_bash_decorator.py
[2025-04-25T16:34:41.593+0000] {logging_mixin.py:190} INFO - [2025-04-25T16:34:41.593+0000] {dag.py:3239} INFO - Sync 1 DAGs
[2025-04-25T16:34:41.608+0000] {logging_mixin.py:190} INFO - [2025-04-25T16:34:41.607+0000] {dag.py:4180} INFO - Setting next_dagrun for example_bash_decorator to None, run_after=None
[2025-04-25T16:34:41.628+0000] {processor.py:208} INFO - Processing /home/airflow/.local/lib/python3.10/site-packages/airflow/example_dags/example_bash_decorator.py took 0.089 seconds
[2025-04-25T16:35:12.759+0000] {processor.py:186} INFO - Started process (PID=744) to work on /home/airflow/.local/lib/python3.10/site-packages/airflow/example_dags/example_bash_decorator.py
[2025-04-25T16:35:12.760+0000] {processor.py:914} INFO - Processing file /home/airflow/.local/lib/python3.10/site-packages/airflow/example_dags/example_bash_decorator.py for tasks to queue
[2025-04-25T16:35:12.763+0000] {logging_mixin.py:190} INFO - [2025-04-25T16:35:12.762+0000] {dagbag.py:588} INFO - Filling up the DagBag from /home/airflow/.local/lib/python3.10/site-packages/airflow/example_dags/example_bash_decorator.py
[2025-04-25T16:35:12.783+0000] {processor.py:925} INFO - DAG(s) 'example_bash_decorator' retrieved from /home/airflow/.local/lib/python3.10/site-packages/airflow/example_dags/example_bash_decorator.py
[2025-04-25T16:35:12.812+0000] {logging_mixin.py:190} INFO - [2025-04-25T16:35:12.812+0000] {dag.py:3239} INFO - Sync 1 DAGs
[2025-04-25T16:35:12.828+0000] {logging_mixin.py:190} INFO - [2025-04-25T16:35:12.828+0000] {dag.py:4180} INFO - Setting next_dagrun for example_bash_decorator to None, run_after=None
[2025-04-25T16:35:12.851+0000] {processor.py:208} INFO - Processing /home/airflow/.local/lib/python3.10/site-packages/airflow/example_dags/example_bash_decorator.py took 0.099 seconds
[2025-04-25T16:35:43.251+0000] {processor.py:186} INFO - Started process (PID=818) to work on /home/airflow/.local/lib/python3.10/site-packages/airflow/example_dags/example_bash_decorator.py
[2025-04-25T16:35:43.252+0000] {processor.py:914} INFO - Processing file /home/airflow/.local/lib/python3.10/site-packages/airflow/example_dags/example_bash_decorator.py for tasks to queue
[2025-04-25T16:35:43.255+0000] {logging_mixin.py:190} INFO - [2025-04-25T16:35:43.254+0000] {dagbag.py:588} INFO - Filling up the DagBag from /home/airflow/.local/lib/python3.10/site-packages/airflow/example_dags/example_bash_decorator.py
[2025-04-25T16:35:43.275+0000] {processor.py:925} INFO - DAG(s) 'example_bash_decorator' retrieved from /home/airflow/.local/lib/python3.10/site-packages/airflow/example_dags/example_bash_decorator.py
[2025-04-25T16:35:43.303+0000] {logging_mixin.py:190} INFO - [2025-04-25T16:35:43.302+0000] {dag.py:3239} INFO - Sync 1 DAGs
[2025-04-25T16:35:43.317+0000] {logging_mixin.py:190} INFO - [2025-04-25T16:35:43.317+0000] {dag.py:4180} INFO - Setting next_dagrun for example_bash_decorator to None, run_after=None
[2025-04-25T16:35:43.338+0000] {processor.py:208} INFO - Processing /home/airflow/.local/lib/python3.10/site-packages/airflow/example_dags/example_bash_decorator.py took 0.093 seconds
[2025-04-25T16:36:14.834+0000] {processor.py:186} INFO - Started process (PID=884) to work on /home/airflow/.local/lib/python3.10/site-packages/airflow/example_dags/example_bash_decorator.py
[2025-04-25T16:36:14.836+0000] {processor.py:914} INFO - Processing file /home/airflow/.local/lib/python3.10/site-packages/airflow/example_dags/example_bash_decorator.py for tasks to queue
[2025-04-25T16:36:14.839+0000] {logging_mixin.py:190} INFO - [2025-04-25T16:36:14.839+0000] {dagbag.py:588} INFO - Filling up the DagBag from /home/airflow/.local/lib/python3.10/site-packages/airflow/example_dags/example_bash_decorator.py
[2025-04-25T16:36:14.859+0000] {processor.py:925} INFO - DAG(s) 'example_bash_decorator' retrieved from /home/airflow/.local/lib/python3.10/site-packages/airflow/example_dags/example_bash_decorator.py
[2025-04-25T16:36:14.888+0000] {logging_mixin.py:190} INFO - [2025-04-25T16:36:14.888+0000] {dag.py:3239} INFO - Sync 1 DAGs
[2025-04-25T16:36:14.902+0000] {logging_mixin.py:190} INFO - [2025-04-25T16:36:14.902+0000] {dag.py:4180} INFO - Setting next_dagrun for example_bash_decorator to None, run_after=None
[2025-04-25T16:36:14.922+0000] {processor.py:208} INFO - Processing /home/airflow/.local/lib/python3.10/site-packages/airflow/example_dags/example_bash_decorator.py took 0.096 seconds
[2025-04-25T16:36:45.891+0000] {processor.py:186} INFO - Started process (PID=950) to work on /home/airflow/.local/lib/python3.10/site-packages/airflow/example_dags/example_bash_decorator.py
[2025-04-25T16:36:45.892+0000] {processor.py:914} INFO - Processing file /home/airflow/.local/lib/python3.10/site-packages/airflow/example_dags/example_bash_decorator.py for tasks to queue
[2025-04-25T16:36:45.895+0000] {logging_mixin.py:190} INFO - [2025-04-25T16:36:45.894+0000] {dagbag.py:588} INFO - Filling up the DagBag from /home/airflow/.local/lib/python3.10/site-packages/airflow/example_dags/example_bash_decorator.py
[2025-04-25T16:36:45.908+0000] {processor.py:925} INFO - DAG(s) 'example_bash_decorator' retrieved from /home/airflow/.local/lib/python3.10/site-packages/airflow/example_dags/example_bash_decorator.py
[2025-04-25T16:36:45.928+0000] {logging_mixin.py:190} INFO - [2025-04-25T16:36:45.928+0000] {dag.py:3239} INFO - Sync 1 DAGs
[2025-04-25T16:36:45.941+0000] {logging_mixin.py:190} INFO - [2025-04-25T16:36:45.940+0000] {dag.py:4180} INFO - Setting next_dagrun for example_bash_decorator to None, run_after=None
[2025-04-25T16:36:45.956+0000] {processor.py:208} INFO - Processing /home/airflow/.local/lib/python3.10/site-packages/airflow/example_dags/example_bash_decorator.py took 0.071 seconds
[2025-04-25T16:37:17.451+0000] {processor.py:186} INFO - Started process (PID=1016) to work on /home/airflow/.local/lib/python3.10/site-packages/airflow/example_dags/example_bash_decorator.py
[2025-04-25T16:37:17.452+0000] {processor.py:914} INFO - Processing file /home/airflow/.local/lib/python3.10/site-packages/airflow/example_dags/example_bash_decorator.py for tasks to queue
[2025-04-25T16:37:17.454+0000] {logging_mixin.py:190} INFO - [2025-04-25T16:37:17.454+0000] {dagbag.py:588} INFO - Filling up the DagBag from /home/airflow/.local/lib/python3.10/site-packages/airflow/example_dags/example_bash_decorator.py
[2025-04-25T16:37:17.468+0000] {processor.py:925} INFO - DAG(s) 'example_bash_decorator' retrieved from /home/airflow/.local/lib/python3.10/site-packages/airflow/example_dags/example_bash_decorator.py
[2025-04-25T16:37:17.493+0000] {logging_mixin.py:190} INFO - [2025-04-25T16:37:17.493+0000] {dag.py:3239} INFO - Sync 1 DAGs
[2025-04-25T16:37:17.507+0000] {logging_mixin.py:190} INFO - [2025-04-25T16:37:17.507+0000] {dag.py:4180} INFO - Setting next_dagrun for example_bash_decorator to None, run_after=None
[2025-04-25T16:37:17.525+0000] {processor.py:208} INFO - Processing /home/airflow/.local/lib/python3.10/site-packages/airflow/example_dags/example_bash_decorator.py took 0.079 seconds
[2025-04-25T16:37:48.472+0000] {processor.py:186} INFO - Started process (PID=1082) to work on /home/airflow/.local/lib/python3.10/site-packages/airflow/example_dags/example_bash_decorator.py
[2025-04-25T16:37:48.473+0000] {processor.py:914} INFO - Processing file /home/airflow/.local/lib/python3.10/site-packages/airflow/example_dags/example_bash_decorator.py for tasks to queue
[2025-04-25T16:37:48.476+0000] {logging_mixin.py:190} INFO - [2025-04-25T16:37:48.475+0000] {dagbag.py:588} INFO - Filling up the DagBag from /home/airflow/.local/lib/python3.10/site-packages/airflow/example_dags/example_bash_decorator.py
[2025-04-25T16:37:48.490+0000] {processor.py:925} INFO - DAG(s) 'example_bash_decorator' retrieved from /home/airflow/.local/lib/python3.10/site-packages/airflow/example_dags/example_bash_decorator.py
[2025-04-25T16:37:48.512+0000] {logging_mixin.py:190} INFO - [2025-04-25T16:37:48.511+0000] {dag.py:3239} INFO - Sync 1 DAGs
[2025-04-25T16:37:48.526+0000] {logging_mixin.py:190} INFO - [2025-04-25T16:37:48.526+0000] {dag.py:4180} INFO - Setting next_dagrun for example_bash_decorator to None, run_after=None
[2025-04-25T16:37:48.544+0000] {processor.py:208} INFO - Processing /home/airflow/.local/lib/python3.10/site-packages/airflow/example_dags/example_bash_decorator.py took 0.078 seconds
[2025-04-25T16:38:19.886+0000] {processor.py:186} INFO - Started process (PID=1148) to work on /home/airflow/.local/lib/python3.10/site-packages/airflow/example_dags/example_bash_decorator.py
[2025-04-25T16:38:19.887+0000] {processor.py:914} INFO - Processing file /home/airflow/.local/lib/python3.10/site-packages/airflow/example_dags/example_bash_decorator.py for tasks to queue
[2025-04-25T16:38:19.890+0000] {logging_mixin.py:190} INFO - [2025-04-25T16:38:19.889+0000] {dagbag.py:588} INFO - Filling up the DagBag from /home/airflow/.local/lib/python3.10/site-packages/airflow/example_dags/example_bash_decorator.py
[2025-04-25T16:38:19.903+0000] {processor.py:925} INFO - DAG(s) 'example_bash_decorator' retrieved from /home/airflow/.local/lib/python3.10/site-packages/airflow/example_dags/example_bash_decorator.py
[2025-04-25T16:38:19.927+0000] {logging_mixin.py:190} INFO - [2025-04-25T16:38:19.927+0000] {dag.py:3239} INFO - Sync 1 DAGs
[2025-04-25T16:38:19.943+0000] {logging_mixin.py:190} INFO - [2025-04-25T16:38:19.943+0000] {dag.py:4180} INFO - Setting next_dagrun for example_bash_decorator to None, run_after=None
[2025-04-25T16:38:19.961+0000] {processor.py:208} INFO - Processing /home/airflow/.local/lib/python3.10/site-packages/airflow/example_dags/example_bash_decorator.py took 0.081 seconds
[2025-04-25T16:38:51.412+0000] {processor.py:186} INFO - Started process (PID=1215) to work on /home/airflow/.local/lib/python3.10/site-packages/airflow/example_dags/example_bash_decorator.py
[2025-04-25T16:38:51.414+0000] {processor.py:914} INFO - Processing file /home/airflow/.local/lib/python3.10/site-packages/airflow/example_dags/example_bash_decorator.py for tasks to queue
[2025-04-25T16:38:51.418+0000] {logging_mixin.py:190} INFO - [2025-04-25T16:38:51.417+0000] {dagbag.py:588} INFO - Filling up the DagBag from /home/airflow/.local/lib/python3.10/site-packages/airflow/example_dags/example_bash_decorator.py
[2025-04-25T16:38:51.441+0000] {processor.py:925} INFO - DAG(s) 'example_bash_decorator' retrieved from /home/airflow/.local/lib/python3.10/site-packages/airflow/example_dags/example_bash_decorator.py
[2025-04-25T16:38:51.477+0000] {logging_mixin.py:190} INFO - [2025-04-25T16:38:51.477+0000] {dag.py:3239} INFO - Sync 1 DAGs
[2025-04-25T16:38:51.496+0000] {logging_mixin.py:190} INFO - [2025-04-25T16:38:51.495+0000] {dag.py:4180} INFO - Setting next_dagrun for example_bash_decorator to None, run_after=None
[2025-04-25T16:38:51.518+0000] {processor.py:208} INFO - Processing /home/airflow/.local/lib/python3.10/site-packages/airflow/example_dags/example_bash_decorator.py took 0.115 seconds
