[2025-04-25T16:30:03.288+0000] {processor.py:186} INFO - Started process (PID=72) to work on /home/airflow/.local/lib/python3.10/site-packages/airflow/example_dags/example_nested_branch_dag.py
[2025-04-25T16:30:03.290+0000] {processor.py:914} INFO - Processing file /home/airflow/.local/lib/python3.10/site-packages/airflow/example_dags/example_nested_branch_dag.py for tasks to queue
[2025-04-25T16:30:03.294+0000] {logging_mixin.py:190} INFO - [2025-04-25T16:30:03.293+0000] {dagbag.py:588} INFO - Filling up the DagBag from /home/airflow/.local/lib/python3.10/site-packages/airflow/example_dags/example_nested_branch_dag.py
[2025-04-25T16:30:03.311+0000] {processor.py:925} INFO - DAG(s) 'example_nested_branch_dag' retrieved from /home/airflow/.local/lib/python3.10/site-packages/airflow/example_dags/example_nested_branch_dag.py
[2025-04-25T16:30:03.353+0000] {logging_mixin.py:190} INFO - [2025-04-25T16:30:03.353+0000] {dag.py:3239} INFO - Sync 1 DAGs
[2025-04-25T16:30:03.393+0000] {logging_mixin.py:190} INFO - [2025-04-25T16:30:03.393+0000] {dag.py:4180} INFO - Setting next_dagrun for example_nested_branch_dag to 2025-04-24 00:00:00+00:00, run_after=2025-04-25 00:00:00+00:00
[2025-04-25T16:30:03.424+0000] {processor.py:208} INFO - Processing /home/airflow/.local/lib/python3.10/site-packages/airflow/example_dags/example_nested_branch_dag.py took 0.144 seconds
[2025-04-25T16:30:33.712+0000] {processor.py:186} INFO - Started process (PID=138) to work on /home/airflow/.local/lib/python3.10/site-packages/airflow/example_dags/example_nested_branch_dag.py
[2025-04-25T16:30:33.713+0000] {processor.py:914} INFO - Processing file /home/airflow/.local/lib/python3.10/site-packages/airflow/example_dags/example_nested_branch_dag.py for tasks to queue
[2025-04-25T16:30:33.715+0000] {logging_mixin.py:190} INFO - [2025-04-25T16:30:33.715+0000] {dagbag.py:588} INFO - Filling up the DagBag from /home/airflow/.local/lib/python3.10/site-packages/airflow/example_dags/example_nested_branch_dag.py
[2025-04-25T16:30:33.725+0000] {processor.py:925} INFO - DAG(s) 'example_nested_branch_dag' retrieved from /home/airflow/.local/lib/python3.10/site-packages/airflow/example_dags/example_nested_branch_dag.py
[2025-04-25T16:30:33.745+0000] {logging_mixin.py:190} INFO - [2025-04-25T16:30:33.745+0000] {dag.py:3239} INFO - Sync 1 DAGs
[2025-04-25T16:30:33.766+0000] {logging_mixin.py:190} INFO - [2025-04-25T16:30:33.765+0000] {dag.py:4180} INFO - Setting next_dagrun for example_nested_branch_dag to 2025-04-24 00:00:00+00:00, run_after=2025-04-25 00:00:00+00:00
[2025-04-25T16:30:33.782+0000] {processor.py:208} INFO - Processing /home/airflow/.local/lib/python3.10/site-packages/airflow/example_dags/example_nested_branch_dag.py took 0.075 seconds
[2025-04-25T16:31:04.770+0000] {processor.py:186} INFO - Started process (PID=204) to work on /home/airflow/.local/lib/python3.10/site-packages/airflow/example_dags/example_nested_branch_dag.py
[2025-04-25T16:31:04.771+0000] {processor.py:914} INFO - Processing file /home/airflow/.local/lib/python3.10/site-packages/airflow/example_dags/example_nested_branch_dag.py for tasks to queue
[2025-04-25T16:31:04.773+0000] {logging_mixin.py:190} INFO - [2025-04-25T16:31:04.772+0000] {dagbag.py:588} INFO - Filling up the DagBag from /home/airflow/.local/lib/python3.10/site-packages/airflow/example_dags/example_nested_branch_dag.py
[2025-04-25T16:31:04.783+0000] {processor.py:925} INFO - DAG(s) 'example_nested_branch_dag' retrieved from /home/airflow/.local/lib/python3.10/site-packages/airflow/example_dags/example_nested_branch_dag.py
[2025-04-25T16:31:04.805+0000] {logging_mixin.py:190} INFO - [2025-04-25T16:31:04.805+0000] {dag.py:3239} INFO - Sync 1 DAGs
[2025-04-25T16:31:04.830+0000] {logging_mixin.py:190} INFO - [2025-04-25T16:31:04.830+0000] {dag.py:4180} INFO - Setting next_dagrun for example_nested_branch_dag to 2025-04-24 00:00:00+00:00, run_after=2025-04-25 00:00:00+00:00
[2025-04-25T16:31:04.852+0000] {processor.py:208} INFO - Processing /home/airflow/.local/lib/python3.10/site-packages/airflow/example_dags/example_nested_branch_dag.py took 0.088 seconds
[2025-04-25T16:31:35.517+0000] {processor.py:186} INFO - Started process (PID=270) to work on /home/airflow/.local/lib/python3.10/site-packages/airflow/example_dags/example_nested_branch_dag.py
[2025-04-25T16:31:35.518+0000] {processor.py:914} INFO - Processing file /home/airflow/.local/lib/python3.10/site-packages/airflow/example_dags/example_nested_branch_dag.py for tasks to queue
[2025-04-25T16:31:35.521+0000] {logging_mixin.py:190} INFO - [2025-04-25T16:31:35.520+0000] {dagbag.py:588} INFO - Filling up the DagBag from /home/airflow/.local/lib/python3.10/site-packages/airflow/example_dags/example_nested_branch_dag.py
[2025-04-25T16:31:35.535+0000] {processor.py:925} INFO - DAG(s) 'example_nested_branch_dag' retrieved from /home/airflow/.local/lib/python3.10/site-packages/airflow/example_dags/example_nested_branch_dag.py
[2025-04-25T16:31:35.563+0000] {logging_mixin.py:190} INFO - [2025-04-25T16:31:35.563+0000] {dag.py:3239} INFO - Sync 1 DAGs
[2025-04-25T16:31:35.592+0000] {logging_mixin.py:190} INFO - [2025-04-25T16:31:35.592+0000] {dag.py:4180} INFO - Setting next_dagrun for example_nested_branch_dag to 2025-04-24 00:00:00+00:00, run_after=2025-04-25 00:00:00+00:00
[2025-04-25T16:31:35.615+0000] {processor.py:208} INFO - Processing /home/airflow/.local/lib/python3.10/site-packages/airflow/example_dags/example_nested_branch_dag.py took 0.104 seconds
[2025-04-25T16:32:05.900+0000] {processor.py:186} INFO - Started process (PID=335) to work on /home/airflow/.local/lib/python3.10/site-packages/airflow/example_dags/example_nested_branch_dag.py
[2025-04-25T16:32:05.901+0000] {processor.py:914} INFO - Processing file /home/airflow/.local/lib/python3.10/site-packages/airflow/example_dags/example_nested_branch_dag.py for tasks to queue
[2025-04-25T16:32:05.903+0000] {logging_mixin.py:190} INFO - [2025-04-25T16:32:05.903+0000] {dagbag.py:588} INFO - Filling up the DagBag from /home/airflow/.local/lib/python3.10/site-packages/airflow/example_dags/example_nested_branch_dag.py
[2025-04-25T16:32:05.914+0000] {processor.py:925} INFO - DAG(s) 'example_nested_branch_dag' retrieved from /home/airflow/.local/lib/python3.10/site-packages/airflow/example_dags/example_nested_branch_dag.py
[2025-04-25T16:32:05.935+0000] {logging_mixin.py:190} INFO - [2025-04-25T16:32:05.934+0000] {dag.py:3239} INFO - Sync 1 DAGs
[2025-04-25T16:32:05.958+0000] {logging_mixin.py:190} INFO - [2025-04-25T16:32:05.958+0000] {dag.py:4180} INFO - Setting next_dagrun for example_nested_branch_dag to 2025-04-24 00:00:00+00:00, run_after=2025-04-25 00:00:00+00:00
[2025-04-25T16:32:05.979+0000] {processor.py:208} INFO - Processing /home/airflow/.local/lib/python3.10/site-packages/airflow/example_dags/example_nested_branch_dag.py took 0.085 seconds
[2025-04-25T16:32:37.102+0000] {processor.py:186} INFO - Started process (PID=402) to work on /home/airflow/.local/lib/python3.10/site-packages/airflow/example_dags/example_nested_branch_dag.py
[2025-04-25T16:32:37.103+0000] {processor.py:914} INFO - Processing file /home/airflow/.local/lib/python3.10/site-packages/airflow/example_dags/example_nested_branch_dag.py for tasks to queue
[2025-04-25T16:32:37.106+0000] {logging_mixin.py:190} INFO - [2025-04-25T16:32:37.106+0000] {dagbag.py:588} INFO - Filling up the DagBag from /home/airflow/.local/lib/python3.10/site-packages/airflow/example_dags/example_nested_branch_dag.py
[2025-04-25T16:32:37.119+0000] {processor.py:925} INFO - DAG(s) 'example_nested_branch_dag' retrieved from /home/airflow/.local/lib/python3.10/site-packages/airflow/example_dags/example_nested_branch_dag.py
[2025-04-25T16:32:37.140+0000] {logging_mixin.py:190} INFO - [2025-04-25T16:32:37.140+0000] {dag.py:3239} INFO - Sync 1 DAGs
[2025-04-25T16:32:37.165+0000] {logging_mixin.py:190} INFO - [2025-04-25T16:32:37.165+0000] {dag.py:4180} INFO - Setting next_dagrun for example_nested_branch_dag to 2025-04-24 00:00:00+00:00, run_after=2025-04-25 00:00:00+00:00
[2025-04-25T16:32:37.182+0000] {processor.py:208} INFO - Processing /home/airflow/.local/lib/python3.10/site-packages/airflow/example_dags/example_nested_branch_dag.py took 0.086 seconds
[2025-04-25T16:33:08.266+0000] {processor.py:186} INFO - Started process (PID=468) to work on /home/airflow/.local/lib/python3.10/site-packages/airflow/example_dags/example_nested_branch_dag.py
[2025-04-25T16:33:08.267+0000] {processor.py:914} INFO - Processing file /home/airflow/.local/lib/python3.10/site-packages/airflow/example_dags/example_nested_branch_dag.py for tasks to queue
[2025-04-25T16:33:08.269+0000] {logging_mixin.py:190} INFO - [2025-04-25T16:33:08.269+0000] {dagbag.py:588} INFO - Filling up the DagBag from /home/airflow/.local/lib/python3.10/site-packages/airflow/example_dags/example_nested_branch_dag.py
[2025-04-25T16:33:08.284+0000] {processor.py:925} INFO - DAG(s) 'example_nested_branch_dag' retrieved from /home/airflow/.local/lib/python3.10/site-packages/airflow/example_dags/example_nested_branch_dag.py
[2025-04-25T16:33:08.309+0000] {logging_mixin.py:190} INFO - [2025-04-25T16:33:08.309+0000] {dag.py:3239} INFO - Sync 1 DAGs
[2025-04-25T16:33:08.338+0000] {logging_mixin.py:190} INFO - [2025-04-25T16:33:08.338+0000] {dag.py:4180} INFO - Setting next_dagrun for example_nested_branch_dag to 2025-04-24 00:00:00+00:00, run_after=2025-04-25 00:00:00+00:00
[2025-04-25T16:33:08.357+0000] {processor.py:208} INFO - Processing /home/airflow/.local/lib/python3.10/site-packages/airflow/example_dags/example_nested_branch_dag.py took 0.099 seconds
[2025-04-25T16:33:39.086+0000] {processor.py:186} INFO - Started process (PID=534) to work on /home/airflow/.local/lib/python3.10/site-packages/airflow/example_dags/example_nested_branch_dag.py
[2025-04-25T16:33:39.087+0000] {processor.py:914} INFO - Processing file /home/airflow/.local/lib/python3.10/site-packages/airflow/example_dags/example_nested_branch_dag.py for tasks to queue
[2025-04-25T16:33:39.089+0000] {logging_mixin.py:190} INFO - [2025-04-25T16:33:39.089+0000] {dagbag.py:588} INFO - Filling up the DagBag from /home/airflow/.local/lib/python3.10/site-packages/airflow/example_dags/example_nested_branch_dag.py
[2025-04-25T16:33:39.099+0000] {processor.py:925} INFO - DAG(s) 'example_nested_branch_dag' retrieved from /home/airflow/.local/lib/python3.10/site-packages/airflow/example_dags/example_nested_branch_dag.py
[2025-04-25T16:33:39.118+0000] {logging_mixin.py:190} INFO - [2025-04-25T16:33:39.118+0000] {dag.py:3239} INFO - Sync 1 DAGs
[2025-04-25T16:33:39.144+0000] {logging_mixin.py:190} INFO - [2025-04-25T16:33:39.144+0000] {dag.py:4180} INFO - Setting next_dagrun for example_nested_branch_dag to 2025-04-24 00:00:00+00:00, run_after=2025-04-25 00:00:00+00:00
[2025-04-25T16:33:39.162+0000] {processor.py:208} INFO - Processing /home/airflow/.local/lib/python3.10/site-packages/airflow/example_dags/example_nested_branch_dag.py took 0.082 seconds
[2025-04-25T16:34:10.197+0000] {processor.py:186} INFO - Started process (PID=599) to work on /home/airflow/.local/lib/python3.10/site-packages/airflow/example_dags/example_nested_branch_dag.py
[2025-04-25T16:34:10.198+0000] {processor.py:914} INFO - Processing file /home/airflow/.local/lib/python3.10/site-packages/airflow/example_dags/example_nested_branch_dag.py for tasks to queue
[2025-04-25T16:34:10.200+0000] {logging_mixin.py:190} INFO - [2025-04-25T16:34:10.200+0000] {dagbag.py:588} INFO - Filling up the DagBag from /home/airflow/.local/lib/python3.10/site-packages/airflow/example_dags/example_nested_branch_dag.py
[2025-04-25T16:34:10.212+0000] {processor.py:925} INFO - DAG(s) 'example_nested_branch_dag' retrieved from /home/airflow/.local/lib/python3.10/site-packages/airflow/example_dags/example_nested_branch_dag.py
[2025-04-25T16:34:10.233+0000] {logging_mixin.py:190} INFO - [2025-04-25T16:34:10.232+0000] {dag.py:3239} INFO - Sync 1 DAGs
[2025-04-25T16:34:10.257+0000] {logging_mixin.py:190} INFO - [2025-04-25T16:34:10.257+0000] {dag.py:4180} INFO - Setting next_dagrun for example_nested_branch_dag to 2025-04-24 00:00:00+00:00, run_after=2025-04-25 00:00:00+00:00
[2025-04-25T16:34:10.276+0000] {processor.py:208} INFO - Processing /home/airflow/.local/lib/python3.10/site-packages/airflow/example_dags/example_nested_branch_dag.py took 0.086 seconds
[2025-04-25T16:34:41.198+0000] {processor.py:186} INFO - Started process (PID=672) to work on /home/airflow/.local/lib/python3.10/site-packages/airflow/example_dags/example_nested_branch_dag.py
[2025-04-25T16:34:41.199+0000] {processor.py:914} INFO - Processing file /home/airflow/.local/lib/python3.10/site-packages/airflow/example_dags/example_nested_branch_dag.py for tasks to queue
[2025-04-25T16:34:41.201+0000] {logging_mixin.py:190} INFO - [2025-04-25T16:34:41.201+0000] {dagbag.py:588} INFO - Filling up the DagBag from /home/airflow/.local/lib/python3.10/site-packages/airflow/example_dags/example_nested_branch_dag.py
[2025-04-25T16:34:41.212+0000] {processor.py:925} INFO - DAG(s) 'example_nested_branch_dag' retrieved from /home/airflow/.local/lib/python3.10/site-packages/airflow/example_dags/example_nested_branch_dag.py
[2025-04-25T16:34:41.234+0000] {logging_mixin.py:190} INFO - [2025-04-25T16:34:41.234+0000] {dag.py:3239} INFO - Sync 1 DAGs
[2025-04-25T16:34:41.259+0000] {logging_mixin.py:190} INFO - [2025-04-25T16:34:41.258+0000] {dag.py:4180} INFO - Setting next_dagrun for example_nested_branch_dag to 2025-04-24 00:00:00+00:00, run_after=2025-04-25 00:00:00+00:00
[2025-04-25T16:34:41.281+0000] {processor.py:208} INFO - Processing /home/airflow/.local/lib/python3.10/site-packages/airflow/example_dags/example_nested_branch_dag.py took 0.090 seconds
[2025-04-25T16:35:12.540+0000] {processor.py:186} INFO - Started process (PID=741) to work on /home/airflow/.local/lib/python3.10/site-packages/airflow/example_dags/example_nested_branch_dag.py
[2025-04-25T16:35:12.541+0000] {processor.py:914} INFO - Processing file /home/airflow/.local/lib/python3.10/site-packages/airflow/example_dags/example_nested_branch_dag.py for tasks to queue
[2025-04-25T16:35:12.544+0000] {logging_mixin.py:190} INFO - [2025-04-25T16:35:12.543+0000] {dagbag.py:588} INFO - Filling up the DagBag from /home/airflow/.local/lib/python3.10/site-packages/airflow/example_dags/example_nested_branch_dag.py
[2025-04-25T16:35:12.557+0000] {processor.py:925} INFO - DAG(s) 'example_nested_branch_dag' retrieved from /home/airflow/.local/lib/python3.10/site-packages/airflow/example_dags/example_nested_branch_dag.py
[2025-04-25T16:35:12.584+0000] {logging_mixin.py:190} INFO - [2025-04-25T16:35:12.584+0000] {dag.py:3239} INFO - Sync 1 DAGs
[2025-04-25T16:35:12.618+0000] {logging_mixin.py:190} INFO - [2025-04-25T16:35:12.618+0000] {dag.py:4180} INFO - Setting next_dagrun for example_nested_branch_dag to 2025-04-24 00:00:00+00:00, run_after=2025-04-25 00:00:00+00:00
[2025-04-25T16:35:12.647+0000] {processor.py:208} INFO - Processing /home/airflow/.local/lib/python3.10/site-packages/airflow/example_dags/example_nested_branch_dag.py took 0.116 seconds
[2025-04-25T16:35:43.061+0000] {processor.py:186} INFO - Started process (PID=815) to work on /home/airflow/.local/lib/python3.10/site-packages/airflow/example_dags/example_nested_branch_dag.py
[2025-04-25T16:35:43.062+0000] {processor.py:914} INFO - Processing file /home/airflow/.local/lib/python3.10/site-packages/airflow/example_dags/example_nested_branch_dag.py for tasks to queue
[2025-04-25T16:35:43.064+0000] {logging_mixin.py:190} INFO - [2025-04-25T16:35:43.064+0000] {dagbag.py:588} INFO - Filling up the DagBag from /home/airflow/.local/lib/python3.10/site-packages/airflow/example_dags/example_nested_branch_dag.py
[2025-04-25T16:35:43.076+0000] {processor.py:925} INFO - DAG(s) 'example_nested_branch_dag' retrieved from /home/airflow/.local/lib/python3.10/site-packages/airflow/example_dags/example_nested_branch_dag.py
[2025-04-25T16:35:43.098+0000] {logging_mixin.py:190} INFO - [2025-04-25T16:35:43.098+0000] {dag.py:3239} INFO - Sync 1 DAGs
[2025-04-25T16:35:43.127+0000] {logging_mixin.py:190} INFO - [2025-04-25T16:35:43.127+0000] {dag.py:4180} INFO - Setting next_dagrun for example_nested_branch_dag to 2025-04-24 00:00:00+00:00, run_after=2025-04-25 00:00:00+00:00
[2025-04-25T16:35:43.148+0000] {processor.py:208} INFO - Processing /home/airflow/.local/lib/python3.10/site-packages/airflow/example_dags/example_nested_branch_dag.py took 0.093 seconds
[2025-04-25T16:36:14.652+0000] {processor.py:186} INFO - Started process (PID=881) to work on /home/airflow/.local/lib/python3.10/site-packages/airflow/example_dags/example_nested_branch_dag.py
[2025-04-25T16:36:14.653+0000] {processor.py:914} INFO - Processing file /home/airflow/.local/lib/python3.10/site-packages/airflow/example_dags/example_nested_branch_dag.py for tasks to queue
[2025-04-25T16:36:14.656+0000] {logging_mixin.py:190} INFO - [2025-04-25T16:36:14.656+0000] {dagbag.py:588} INFO - Filling up the DagBag from /home/airflow/.local/lib/python3.10/site-packages/airflow/example_dags/example_nested_branch_dag.py
[2025-04-25T16:36:14.671+0000] {processor.py:925} INFO - DAG(s) 'example_nested_branch_dag' retrieved from /home/airflow/.local/lib/python3.10/site-packages/airflow/example_dags/example_nested_branch_dag.py
[2025-04-25T16:36:14.697+0000] {logging_mixin.py:190} INFO - [2025-04-25T16:36:14.696+0000] {dag.py:3239} INFO - Sync 1 DAGs
[2025-04-25T16:36:14.722+0000] {logging_mixin.py:190} INFO - [2025-04-25T16:36:14.721+0000] {dag.py:4180} INFO - Setting next_dagrun for example_nested_branch_dag to 2025-04-24 00:00:00+00:00, run_after=2025-04-25 00:00:00+00:00
[2025-04-25T16:36:14.744+0000] {processor.py:208} INFO - Processing /home/airflow/.local/lib/python3.10/site-packages/airflow/example_dags/example_nested_branch_dag.py took 0.099 seconds
[2025-04-25T16:36:45.681+0000] {processor.py:186} INFO - Started process (PID=947) to work on /home/airflow/.local/lib/python3.10/site-packages/airflow/example_dags/example_nested_branch_dag.py
[2025-04-25T16:36:45.682+0000] {processor.py:914} INFO - Processing file /home/airflow/.local/lib/python3.10/site-packages/airflow/example_dags/example_nested_branch_dag.py for tasks to queue
[2025-04-25T16:36:45.684+0000] {logging_mixin.py:190} INFO - [2025-04-25T16:36:45.684+0000] {dagbag.py:588} INFO - Filling up the DagBag from /home/airflow/.local/lib/python3.10/site-packages/airflow/example_dags/example_nested_branch_dag.py
[2025-04-25T16:36:45.695+0000] {processor.py:925} INFO - DAG(s) 'example_nested_branch_dag' retrieved from /home/airflow/.local/lib/python3.10/site-packages/airflow/example_dags/example_nested_branch_dag.py
[2025-04-25T16:36:45.715+0000] {logging_mixin.py:190} INFO - [2025-04-25T16:36:45.714+0000] {dag.py:3239} INFO - Sync 1 DAGs
[2025-04-25T16:36:45.736+0000] {logging_mixin.py:190} INFO - [2025-04-25T16:36:45.736+0000] {dag.py:4180} INFO - Setting next_dagrun for example_nested_branch_dag to 2025-04-24 00:00:00+00:00, run_after=2025-04-25 00:00:00+00:00
[2025-04-25T16:36:45.756+0000] {processor.py:208} INFO - Processing /home/airflow/.local/lib/python3.10/site-packages/airflow/example_dags/example_nested_branch_dag.py took 0.081 seconds
[2025-04-25T16:37:17.228+0000] {processor.py:186} INFO - Started process (PID=1013) to work on /home/airflow/.local/lib/python3.10/site-packages/airflow/example_dags/example_nested_branch_dag.py
[2025-04-25T16:37:17.229+0000] {processor.py:914} INFO - Processing file /home/airflow/.local/lib/python3.10/site-packages/airflow/example_dags/example_nested_branch_dag.py for tasks to queue
[2025-04-25T16:37:17.231+0000] {logging_mixin.py:190} INFO - [2025-04-25T16:37:17.231+0000] {dagbag.py:588} INFO - Filling up the DagBag from /home/airflow/.local/lib/python3.10/site-packages/airflow/example_dags/example_nested_branch_dag.py
[2025-04-25T16:37:17.241+0000] {processor.py:925} INFO - DAG(s) 'example_nested_branch_dag' retrieved from /home/airflow/.local/lib/python3.10/site-packages/airflow/example_dags/example_nested_branch_dag.py
[2025-04-25T16:37:17.263+0000] {logging_mixin.py:190} INFO - [2025-04-25T16:37:17.262+0000] {dag.py:3239} INFO - Sync 1 DAGs
[2025-04-25T16:37:17.286+0000] {logging_mixin.py:190} INFO - [2025-04-25T16:37:17.286+0000] {dag.py:4180} INFO - Setting next_dagrun for example_nested_branch_dag to 2025-04-24 00:00:00+00:00, run_after=2025-04-25 00:00:00+00:00
[2025-04-25T16:37:17.305+0000] {processor.py:208} INFO - Processing /home/airflow/.local/lib/python3.10/site-packages/airflow/example_dags/example_nested_branch_dag.py took 0.082 seconds
[2025-04-25T16:37:48.359+0000] {processor.py:186} INFO - Started process (PID=1079) to work on /home/airflow/.local/lib/python3.10/site-packages/airflow/example_dags/example_nested_branch_dag.py
[2025-04-25T16:37:48.360+0000] {processor.py:914} INFO - Processing file /home/airflow/.local/lib/python3.10/site-packages/airflow/example_dags/example_nested_branch_dag.py for tasks to queue
[2025-04-25T16:37:48.362+0000] {logging_mixin.py:190} INFO - [2025-04-25T16:37:48.362+0000] {dagbag.py:588} INFO - Filling up the DagBag from /home/airflow/.local/lib/python3.10/site-packages/airflow/example_dags/example_nested_branch_dag.py
[2025-04-25T16:37:48.373+0000] {processor.py:925} INFO - DAG(s) 'example_nested_branch_dag' retrieved from /home/airflow/.local/lib/python3.10/site-packages/airflow/example_dags/example_nested_branch_dag.py
[2025-04-25T16:37:48.393+0000] {logging_mixin.py:190} INFO - [2025-04-25T16:37:48.393+0000] {dag.py:3239} INFO - Sync 1 DAGs
[2025-04-25T16:37:48.416+0000] {logging_mixin.py:190} INFO - [2025-04-25T16:37:48.416+0000] {dag.py:4180} INFO - Setting next_dagrun for example_nested_branch_dag to 2025-04-24 00:00:00+00:00, run_after=2025-04-25 00:00:00+00:00
[2025-04-25T16:37:48.433+0000] {processor.py:208} INFO - Processing /home/airflow/.local/lib/python3.10/site-packages/airflow/example_dags/example_nested_branch_dag.py took 0.079 seconds
[2025-04-25T16:38:19.623+0000] {processor.py:186} INFO - Started process (PID=1145) to work on /home/airflow/.local/lib/python3.10/site-packages/airflow/example_dags/example_nested_branch_dag.py
[2025-04-25T16:38:19.624+0000] {processor.py:914} INFO - Processing file /home/airflow/.local/lib/python3.10/site-packages/airflow/example_dags/example_nested_branch_dag.py for tasks to queue
[2025-04-25T16:38:19.627+0000] {logging_mixin.py:190} INFO - [2025-04-25T16:38:19.626+0000] {dagbag.py:588} INFO - Filling up the DagBag from /home/airflow/.local/lib/python3.10/site-packages/airflow/example_dags/example_nested_branch_dag.py
[2025-04-25T16:38:19.640+0000] {processor.py:925} INFO - DAG(s) 'example_nested_branch_dag' retrieved from /home/airflow/.local/lib/python3.10/site-packages/airflow/example_dags/example_nested_branch_dag.py
[2025-04-25T16:38:19.664+0000] {logging_mixin.py:190} INFO - [2025-04-25T16:38:19.663+0000] {dag.py:3239} INFO - Sync 1 DAGs
[2025-04-25T16:38:19.691+0000] {logging_mixin.py:190} INFO - [2025-04-25T16:38:19.691+0000] {dag.py:4180} INFO - Setting next_dagrun for example_nested_branch_dag to 2025-04-24 00:00:00+00:00, run_after=2025-04-25 00:00:00+00:00
[2025-04-25T16:38:19.711+0000] {processor.py:208} INFO - Processing /home/airflow/.local/lib/python3.10/site-packages/airflow/example_dags/example_nested_branch_dag.py took 0.095 seconds
[2025-04-25T16:38:51.010+0000] {processor.py:186} INFO - Started process (PID=1211) to work on /home/airflow/.local/lib/python3.10/site-packages/airflow/example_dags/example_nested_branch_dag.py
[2025-04-25T16:38:51.012+0000] {processor.py:914} INFO - Processing file /home/airflow/.local/lib/python3.10/site-packages/airflow/example_dags/example_nested_branch_dag.py for tasks to queue
[2025-04-25T16:38:51.016+0000] {logging_mixin.py:190} INFO - [2025-04-25T16:38:51.015+0000] {dagbag.py:588} INFO - Filling up the DagBag from /home/airflow/.local/lib/python3.10/site-packages/airflow/example_dags/example_nested_branch_dag.py
[2025-04-25T16:38:51.034+0000] {processor.py:925} INFO - DAG(s) 'example_nested_branch_dag' retrieved from /home/airflow/.local/lib/python3.10/site-packages/airflow/example_dags/example_nested_branch_dag.py
[2025-04-25T16:38:51.064+0000] {logging_mixin.py:190} INFO - [2025-04-25T16:38:51.063+0000] {dag.py:3239} INFO - Sync 1 DAGs
[2025-04-25T16:38:51.105+0000] {logging_mixin.py:190} INFO - [2025-04-25T16:38:51.105+0000] {dag.py:4180} INFO - Setting next_dagrun for example_nested_branch_dag to 2025-04-24 00:00:00+00:00, run_after=2025-04-25 00:00:00+00:00
[2025-04-25T16:38:51.131+0000] {processor.py:208} INFO - Processing /home/airflow/.local/lib/python3.10/site-packages/airflow/example_dags/example_nested_branch_dag.py took 0.130 seconds
