[2025-04-25T16:30:04.603+0000] {processor.py:186} INFO - Started process (PID=82) to work on /home/airflow/.local/lib/python3.10/site-packages/airflow/example_dags/example_kubernetes_executor.py
[2025-04-25T16:30:04.604+0000] {processor.py:914} INFO - Processing file /home/airflow/.local/lib/python3.10/site-packages/airflow/example_dags/example_kubernetes_executor.py for tasks to queue
[2025-04-25T16:30:04.607+0000] {logging_mixin.py:190} INFO - [2025-04-25T16:30:04.607+0000] {dagbag.py:588} INFO - Filling up the DagBag from /home/airflow/.local/lib/python3.10/site-packages/airflow/example_dags/example_kubernetes_executor.py
[2025-04-25T16:30:04.627+0000] {processor.py:925} INFO - DAG(s) 'example_kubernetes_executor' retrieved from /home/airflow/.local/lib/python3.10/site-packages/airflow/example_dags/example_kubernetes_executor.py
[2025-04-25T16:30:04.661+0000] {logging_mixin.py:190} INFO - [2025-04-25T16:30:04.660+0000] {dag.py:3239} INFO - Sync 1 DAGs
[2025-04-25T16:30:04.678+0000] {logging_mixin.py:190} INFO - [2025-04-25T16:30:04.678+0000] {dag.py:4180} INFO - Setting next_dagrun for example_kubernetes_executor to None, run_after=None
[2025-04-25T16:30:04.702+0000] {processor.py:208} INFO - Processing /home/airflow/.local/lib/python3.10/site-packages/airflow/example_dags/example_kubernetes_executor.py took 0.106 seconds
[2025-04-25T16:30:35.428+0000] {processor.py:186} INFO - Started process (PID=148) to work on /home/airflow/.local/lib/python3.10/site-packages/airflow/example_dags/example_kubernetes_executor.py
[2025-04-25T16:30:35.430+0000] {processor.py:914} INFO - Processing file /home/airflow/.local/lib/python3.10/site-packages/airflow/example_dags/example_kubernetes_executor.py for tasks to queue
[2025-04-25T16:30:35.432+0000] {logging_mixin.py:190} INFO - [2025-04-25T16:30:35.432+0000] {dagbag.py:588} INFO - Filling up the DagBag from /home/airflow/.local/lib/python3.10/site-packages/airflow/example_dags/example_kubernetes_executor.py
[2025-04-25T16:30:35.447+0000] {processor.py:925} INFO - DAG(s) 'example_kubernetes_executor' retrieved from /home/airflow/.local/lib/python3.10/site-packages/airflow/example_dags/example_kubernetes_executor.py
[2025-04-25T16:30:35.469+0000] {logging_mixin.py:190} INFO - [2025-04-25T16:30:35.469+0000] {dag.py:3239} INFO - Sync 1 DAGs
[2025-04-25T16:30:35.483+0000] {logging_mixin.py:190} INFO - [2025-04-25T16:30:35.482+0000] {dag.py:4180} INFO - Setting next_dagrun for example_kubernetes_executor to None, run_after=None
[2025-04-25T16:30:35.500+0000] {processor.py:208} INFO - Processing /home/airflow/.local/lib/python3.10/site-packages/airflow/example_dags/example_kubernetes_executor.py took 0.078 seconds
[2025-04-25T16:31:05.671+0000] {processor.py:186} INFO - Started process (PID=214) to work on /home/airflow/.local/lib/python3.10/site-packages/airflow/example_dags/example_kubernetes_executor.py
[2025-04-25T16:31:05.672+0000] {processor.py:914} INFO - Processing file /home/airflow/.local/lib/python3.10/site-packages/airflow/example_dags/example_kubernetes_executor.py for tasks to queue
[2025-04-25T16:31:05.674+0000] {logging_mixin.py:190} INFO - [2025-04-25T16:31:05.674+0000] {dagbag.py:588} INFO - Filling up the DagBag from /home/airflow/.local/lib/python3.10/site-packages/airflow/example_dags/example_kubernetes_executor.py
[2025-04-25T16:31:05.689+0000] {processor.py:925} INFO - DAG(s) 'example_kubernetes_executor' retrieved from /home/airflow/.local/lib/python3.10/site-packages/airflow/example_dags/example_kubernetes_executor.py
[2025-04-25T16:31:05.713+0000] {logging_mixin.py:190} INFO - [2025-04-25T16:31:05.713+0000] {dag.py:3239} INFO - Sync 1 DAGs
[2025-04-25T16:31:05.726+0000] {logging_mixin.py:190} INFO - [2025-04-25T16:31:05.726+0000] {dag.py:4180} INFO - Setting next_dagrun for example_kubernetes_executor to None, run_after=None
[2025-04-25T16:31:05.742+0000] {processor.py:208} INFO - Processing /home/airflow/.local/lib/python3.10/site-packages/airflow/example_dags/example_kubernetes_executor.py took 0.076 seconds
[2025-04-25T16:31:36.874+0000] {processor.py:186} INFO - Started process (PID=280) to work on /home/airflow/.local/lib/python3.10/site-packages/airflow/example_dags/example_kubernetes_executor.py
[2025-04-25T16:31:36.875+0000] {processor.py:914} INFO - Processing file /home/airflow/.local/lib/python3.10/site-packages/airflow/example_dags/example_kubernetes_executor.py for tasks to queue
[2025-04-25T16:31:36.877+0000] {logging_mixin.py:190} INFO - [2025-04-25T16:31:36.877+0000] {dagbag.py:588} INFO - Filling up the DagBag from /home/airflow/.local/lib/python3.10/site-packages/airflow/example_dags/example_kubernetes_executor.py
[2025-04-25T16:31:36.892+0000] {processor.py:925} INFO - DAG(s) 'example_kubernetes_executor' retrieved from /home/airflow/.local/lib/python3.10/site-packages/airflow/example_dags/example_kubernetes_executor.py
[2025-04-25T16:31:36.916+0000] {logging_mixin.py:190} INFO - [2025-04-25T16:31:36.916+0000] {dag.py:3239} INFO - Sync 1 DAGs
[2025-04-25T16:31:36.930+0000] {logging_mixin.py:190} INFO - [2025-04-25T16:31:36.929+0000] {dag.py:4180} INFO - Setting next_dagrun for example_kubernetes_executor to None, run_after=None
[2025-04-25T16:31:36.952+0000] {processor.py:208} INFO - Processing /home/airflow/.local/lib/python3.10/site-packages/airflow/example_dags/example_kubernetes_executor.py took 0.085 seconds
[2025-04-25T16:32:07.790+0000] {processor.py:186} INFO - Started process (PID=346) to work on /home/airflow/.local/lib/python3.10/site-packages/airflow/example_dags/example_kubernetes_executor.py
[2025-04-25T16:32:07.791+0000] {processor.py:914} INFO - Processing file /home/airflow/.local/lib/python3.10/site-packages/airflow/example_dags/example_kubernetes_executor.py for tasks to queue
[2025-04-25T16:32:07.793+0000] {logging_mixin.py:190} INFO - [2025-04-25T16:32:07.793+0000] {dagbag.py:588} INFO - Filling up the DagBag from /home/airflow/.local/lib/python3.10/site-packages/airflow/example_dags/example_kubernetes_executor.py
[2025-04-25T16:32:07.809+0000] {processor.py:925} INFO - DAG(s) 'example_kubernetes_executor' retrieved from /home/airflow/.local/lib/python3.10/site-packages/airflow/example_dags/example_kubernetes_executor.py
[2025-04-25T16:32:07.832+0000] {logging_mixin.py:190} INFO - [2025-04-25T16:32:07.832+0000] {dag.py:3239} INFO - Sync 1 DAGs
[2025-04-25T16:32:07.846+0000] {logging_mixin.py:190} INFO - [2025-04-25T16:32:07.846+0000] {dag.py:4180} INFO - Setting next_dagrun for example_kubernetes_executor to None, run_after=None
[2025-04-25T16:32:07.864+0000] {processor.py:208} INFO - Processing /home/airflow/.local/lib/python3.10/site-packages/airflow/example_dags/example_kubernetes_executor.py took 0.080 seconds
[2025-04-25T16:32:38.771+0000] {processor.py:186} INFO - Started process (PID=412) to work on /home/airflow/.local/lib/python3.10/site-packages/airflow/example_dags/example_kubernetes_executor.py
[2025-04-25T16:32:38.773+0000] {processor.py:914} INFO - Processing file /home/airflow/.local/lib/python3.10/site-packages/airflow/example_dags/example_kubernetes_executor.py for tasks to queue
[2025-04-25T16:32:38.776+0000] {logging_mixin.py:190} INFO - [2025-04-25T16:32:38.776+0000] {dagbag.py:588} INFO - Filling up the DagBag from /home/airflow/.local/lib/python3.10/site-packages/airflow/example_dags/example_kubernetes_executor.py
[2025-04-25T16:32:38.795+0000] {processor.py:925} INFO - DAG(s) 'example_kubernetes_executor' retrieved from /home/airflow/.local/lib/python3.10/site-packages/airflow/example_dags/example_kubernetes_executor.py
[2025-04-25T16:32:38.830+0000] {logging_mixin.py:190} INFO - [2025-04-25T16:32:38.830+0000] {dag.py:3239} INFO - Sync 1 DAGs
[2025-04-25T16:32:38.853+0000] {logging_mixin.py:190} INFO - [2025-04-25T16:32:38.852+0000] {dag.py:4180} INFO - Setting next_dagrun for example_kubernetes_executor to None, run_after=None
[2025-04-25T16:32:38.895+0000] {processor.py:208} INFO - Processing /home/airflow/.local/lib/python3.10/site-packages/airflow/example_dags/example_kubernetes_executor.py took 0.131 seconds
[2025-04-25T16:33:09.846+0000] {processor.py:186} INFO - Started process (PID=478) to work on /home/airflow/.local/lib/python3.10/site-packages/airflow/example_dags/example_kubernetes_executor.py
[2025-04-25T16:33:09.847+0000] {processor.py:914} INFO - Processing file /home/airflow/.local/lib/python3.10/site-packages/airflow/example_dags/example_kubernetes_executor.py for tasks to queue
[2025-04-25T16:33:09.849+0000] {logging_mixin.py:190} INFO - [2025-04-25T16:33:09.849+0000] {dagbag.py:588} INFO - Filling up the DagBag from /home/airflow/.local/lib/python3.10/site-packages/airflow/example_dags/example_kubernetes_executor.py
[2025-04-25T16:33:09.863+0000] {processor.py:925} INFO - DAG(s) 'example_kubernetes_executor' retrieved from /home/airflow/.local/lib/python3.10/site-packages/airflow/example_dags/example_kubernetes_executor.py
[2025-04-25T16:33:09.890+0000] {logging_mixin.py:190} INFO - [2025-04-25T16:33:09.890+0000] {dag.py:3239} INFO - Sync 1 DAGs
[2025-04-25T16:33:09.905+0000] {logging_mixin.py:190} INFO - [2025-04-25T16:33:09.904+0000] {dag.py:4180} INFO - Setting next_dagrun for example_kubernetes_executor to None, run_after=None
[2025-04-25T16:33:09.922+0000] {processor.py:208} INFO - Processing /home/airflow/.local/lib/python3.10/site-packages/airflow/example_dags/example_kubernetes_executor.py took 0.081 seconds
[2025-04-25T16:33:40.640+0000] {processor.py:186} INFO - Started process (PID=550) to work on /home/airflow/.local/lib/python3.10/site-packages/airflow/example_dags/example_kubernetes_executor.py
[2025-04-25T16:33:40.641+0000] {processor.py:914} INFO - Processing file /home/airflow/.local/lib/python3.10/site-packages/airflow/example_dags/example_kubernetes_executor.py for tasks to queue
[2025-04-25T16:33:40.643+0000] {logging_mixin.py:190} INFO - [2025-04-25T16:33:40.643+0000] {dagbag.py:588} INFO - Filling up the DagBag from /home/airflow/.local/lib/python3.10/site-packages/airflow/example_dags/example_kubernetes_executor.py
[2025-04-25T16:33:40.659+0000] {processor.py:925} INFO - DAG(s) 'example_kubernetes_executor' retrieved from /home/airflow/.local/lib/python3.10/site-packages/airflow/example_dags/example_kubernetes_executor.py
[2025-04-25T16:33:40.684+0000] {logging_mixin.py:190} INFO - [2025-04-25T16:33:40.683+0000] {dag.py:3239} INFO - Sync 1 DAGs
[2025-04-25T16:33:40.696+0000] {logging_mixin.py:190} INFO - [2025-04-25T16:33:40.696+0000] {dag.py:4180} INFO - Setting next_dagrun for example_kubernetes_executor to None, run_after=None
[2025-04-25T16:33:40.713+0000] {processor.py:208} INFO - Processing /home/airflow/.local/lib/python3.10/site-packages/airflow/example_dags/example_kubernetes_executor.py took 0.080 seconds
[2025-04-25T16:34:11.323+0000] {processor.py:186} INFO - Started process (PID=616) to work on /home/airflow/.local/lib/python3.10/site-packages/airflow/example_dags/example_kubernetes_executor.py
[2025-04-25T16:34:11.324+0000] {processor.py:914} INFO - Processing file /home/airflow/.local/lib/python3.10/site-packages/airflow/example_dags/example_kubernetes_executor.py for tasks to queue
[2025-04-25T16:34:11.326+0000] {logging_mixin.py:190} INFO - [2025-04-25T16:34:11.326+0000] {dagbag.py:588} INFO - Filling up the DagBag from /home/airflow/.local/lib/python3.10/site-packages/airflow/example_dags/example_kubernetes_executor.py
[2025-04-25T16:34:11.342+0000] {processor.py:925} INFO - DAG(s) 'example_kubernetes_executor' retrieved from /home/airflow/.local/lib/python3.10/site-packages/airflow/example_dags/example_kubernetes_executor.py
[2025-04-25T16:34:11.368+0000] {logging_mixin.py:190} INFO - [2025-04-25T16:34:11.368+0000] {dag.py:3239} INFO - Sync 1 DAGs
[2025-04-25T16:34:11.383+0000] {logging_mixin.py:190} INFO - [2025-04-25T16:34:11.382+0000] {dag.py:4180} INFO - Setting next_dagrun for example_kubernetes_executor to None, run_after=None
[2025-04-25T16:34:11.401+0000] {processor.py:208} INFO - Processing /home/airflow/.local/lib/python3.10/site-packages/airflow/example_dags/example_kubernetes_executor.py took 0.085 seconds
[2025-04-25T16:34:41.976+0000] {processor.py:186} INFO - Started process (PID=681) to work on /home/airflow/.local/lib/python3.10/site-packages/airflow/example_dags/example_kubernetes_executor.py
[2025-04-25T16:34:41.977+0000] {processor.py:914} INFO - Processing file /home/airflow/.local/lib/python3.10/site-packages/airflow/example_dags/example_kubernetes_executor.py for tasks to queue
[2025-04-25T16:34:41.980+0000] {logging_mixin.py:190} INFO - [2025-04-25T16:34:41.979+0000] {dagbag.py:588} INFO - Filling up the DagBag from /home/airflow/.local/lib/python3.10/site-packages/airflow/example_dags/example_kubernetes_executor.py
[2025-04-25T16:34:41.997+0000] {processor.py:925} INFO - DAG(s) 'example_kubernetes_executor' retrieved from /home/airflow/.local/lib/python3.10/site-packages/airflow/example_dags/example_kubernetes_executor.py
[2025-04-25T16:34:42.026+0000] {logging_mixin.py:190} INFO - [2025-04-25T16:34:42.025+0000] {dag.py:3239} INFO - Sync 1 DAGs
[2025-04-25T16:34:42.042+0000] {logging_mixin.py:190} INFO - [2025-04-25T16:34:42.042+0000] {dag.py:4180} INFO - Setting next_dagrun for example_kubernetes_executor to None, run_after=None
[2025-04-25T16:34:42.067+0000] {processor.py:208} INFO - Processing /home/airflow/.local/lib/python3.10/site-packages/airflow/example_dags/example_kubernetes_executor.py took 0.098 seconds
[2025-04-25T16:35:13.736+0000] {processor.py:186} INFO - Started process (PID=751) to work on /home/airflow/.local/lib/python3.10/site-packages/airflow/example_dags/example_kubernetes_executor.py
[2025-04-25T16:35:13.737+0000] {processor.py:914} INFO - Processing file /home/airflow/.local/lib/python3.10/site-packages/airflow/example_dags/example_kubernetes_executor.py for tasks to queue
[2025-04-25T16:35:13.740+0000] {logging_mixin.py:190} INFO - [2025-04-25T16:35:13.740+0000] {dagbag.py:588} INFO - Filling up the DagBag from /home/airflow/.local/lib/python3.10/site-packages/airflow/example_dags/example_kubernetes_executor.py
[2025-04-25T16:35:13.764+0000] {processor.py:925} INFO - DAG(s) 'example_kubernetes_executor' retrieved from /home/airflow/.local/lib/python3.10/site-packages/airflow/example_dags/example_kubernetes_executor.py
[2025-04-25T16:35:13.796+0000] {logging_mixin.py:190} INFO - [2025-04-25T16:35:13.796+0000] {dag.py:3239} INFO - Sync 1 DAGs
[2025-04-25T16:35:13.815+0000] {logging_mixin.py:190} INFO - [2025-04-25T16:35:13.814+0000] {dag.py:4180} INFO - Setting next_dagrun for example_kubernetes_executor to None, run_after=None
[2025-04-25T16:35:13.843+0000] {processor.py:208} INFO - Processing /home/airflow/.local/lib/python3.10/site-packages/airflow/example_dags/example_kubernetes_executor.py took 0.117 seconds
[2025-04-25T16:35:44.701+0000] {processor.py:186} INFO - Started process (PID=825) to work on /home/airflow/.local/lib/python3.10/site-packages/airflow/example_dags/example_kubernetes_executor.py
[2025-04-25T16:35:44.702+0000] {processor.py:914} INFO - Processing file /home/airflow/.local/lib/python3.10/site-packages/airflow/example_dags/example_kubernetes_executor.py for tasks to queue
[2025-04-25T16:35:44.704+0000] {logging_mixin.py:190} INFO - [2025-04-25T16:35:44.703+0000] {dagbag.py:588} INFO - Filling up the DagBag from /home/airflow/.local/lib/python3.10/site-packages/airflow/example_dags/example_kubernetes_executor.py
[2025-04-25T16:35:44.718+0000] {processor.py:925} INFO - DAG(s) 'example_kubernetes_executor' retrieved from /home/airflow/.local/lib/python3.10/site-packages/airflow/example_dags/example_kubernetes_executor.py
[2025-04-25T16:35:44.742+0000] {logging_mixin.py:190} INFO - [2025-04-25T16:35:44.742+0000] {dag.py:3239} INFO - Sync 1 DAGs
[2025-04-25T16:35:44.756+0000] {logging_mixin.py:190} INFO - [2025-04-25T16:35:44.755+0000] {dag.py:4180} INFO - Setting next_dagrun for example_kubernetes_executor to None, run_after=None
[2025-04-25T16:35:44.776+0000] {processor.py:208} INFO - Processing /home/airflow/.local/lib/python3.10/site-packages/airflow/example_dags/example_kubernetes_executor.py took 0.081 seconds
[2025-04-25T16:36:15.360+0000] {processor.py:186} INFO - Started process (PID=890) to work on /home/airflow/.local/lib/python3.10/site-packages/airflow/example_dags/example_kubernetes_executor.py
[2025-04-25T16:36:15.361+0000] {processor.py:914} INFO - Processing file /home/airflow/.local/lib/python3.10/site-packages/airflow/example_dags/example_kubernetes_executor.py for tasks to queue
[2025-04-25T16:36:15.364+0000] {logging_mixin.py:190} INFO - [2025-04-25T16:36:15.364+0000] {dagbag.py:588} INFO - Filling up the DagBag from /home/airflow/.local/lib/python3.10/site-packages/airflow/example_dags/example_kubernetes_executor.py
[2025-04-25T16:36:15.380+0000] {processor.py:925} INFO - DAG(s) 'example_kubernetes_executor' retrieved from /home/airflow/.local/lib/python3.10/site-packages/airflow/example_dags/example_kubernetes_executor.py
[2025-04-25T16:36:15.405+0000] {logging_mixin.py:190} INFO - [2025-04-25T16:36:15.405+0000] {dag.py:3239} INFO - Sync 1 DAGs
[2025-04-25T16:36:15.420+0000] {logging_mixin.py:190} INFO - [2025-04-25T16:36:15.420+0000] {dag.py:4180} INFO - Setting next_dagrun for example_kubernetes_executor to None, run_after=None
[2025-04-25T16:36:15.441+0000] {processor.py:208} INFO - Processing /home/airflow/.local/lib/python3.10/site-packages/airflow/example_dags/example_kubernetes_executor.py took 0.086 seconds
[2025-04-25T16:36:46.210+0000] {processor.py:186} INFO - Started process (PID=956) to work on /home/airflow/.local/lib/python3.10/site-packages/airflow/example_dags/example_kubernetes_executor.py
[2025-04-25T16:36:46.211+0000] {processor.py:914} INFO - Processing file /home/airflow/.local/lib/python3.10/site-packages/airflow/example_dags/example_kubernetes_executor.py for tasks to queue
[2025-04-25T16:36:46.214+0000] {logging_mixin.py:190} INFO - [2025-04-25T16:36:46.213+0000] {dagbag.py:588} INFO - Filling up the DagBag from /home/airflow/.local/lib/python3.10/site-packages/airflow/example_dags/example_kubernetes_executor.py
[2025-04-25T16:36:46.228+0000] {processor.py:925} INFO - DAG(s) 'example_kubernetes_executor' retrieved from /home/airflow/.local/lib/python3.10/site-packages/airflow/example_dags/example_kubernetes_executor.py
[2025-04-25T16:36:46.255+0000] {logging_mixin.py:190} INFO - [2025-04-25T16:36:46.254+0000] {dag.py:3239} INFO - Sync 1 DAGs
[2025-04-25T16:36:46.270+0000] {logging_mixin.py:190} INFO - [2025-04-25T16:36:46.269+0000] {dag.py:4180} INFO - Setting next_dagrun for example_kubernetes_executor to None, run_after=None
[2025-04-25T16:36:46.292+0000] {processor.py:208} INFO - Processing /home/airflow/.local/lib/python3.10/site-packages/airflow/example_dags/example_kubernetes_executor.py took 0.088 seconds
[2025-04-25T16:37:17.893+0000] {processor.py:186} INFO - Started process (PID=1022) to work on /home/airflow/.local/lib/python3.10/site-packages/airflow/example_dags/example_kubernetes_executor.py
[2025-04-25T16:37:17.894+0000] {processor.py:914} INFO - Processing file /home/airflow/.local/lib/python3.10/site-packages/airflow/example_dags/example_kubernetes_executor.py for tasks to queue
[2025-04-25T16:37:17.896+0000] {logging_mixin.py:190} INFO - [2025-04-25T16:37:17.896+0000] {dagbag.py:588} INFO - Filling up the DagBag from /home/airflow/.local/lib/python3.10/site-packages/airflow/example_dags/example_kubernetes_executor.py
[2025-04-25T16:37:17.912+0000] {processor.py:925} INFO - DAG(s) 'example_kubernetes_executor' retrieved from /home/airflow/.local/lib/python3.10/site-packages/airflow/example_dags/example_kubernetes_executor.py
[2025-04-25T16:37:17.937+0000] {logging_mixin.py:190} INFO - [2025-04-25T16:37:17.937+0000] {dag.py:3239} INFO - Sync 1 DAGs
[2025-04-25T16:37:17.952+0000] {logging_mixin.py:190} INFO - [2025-04-25T16:37:17.952+0000] {dag.py:4180} INFO - Setting next_dagrun for example_kubernetes_executor to None, run_after=None
[2025-04-25T16:37:17.975+0000] {processor.py:208} INFO - Processing /home/airflow/.local/lib/python3.10/site-packages/airflow/example_dags/example_kubernetes_executor.py took 0.088 seconds
[2025-04-25T16:37:48.797+0000] {processor.py:186} INFO - Started process (PID=1088) to work on /home/airflow/.local/lib/python3.10/site-packages/airflow/example_dags/example_kubernetes_executor.py
[2025-04-25T16:37:48.798+0000] {processor.py:914} INFO - Processing file /home/airflow/.local/lib/python3.10/site-packages/airflow/example_dags/example_kubernetes_executor.py for tasks to queue
[2025-04-25T16:37:48.800+0000] {logging_mixin.py:190} INFO - [2025-04-25T16:37:48.799+0000] {dagbag.py:588} INFO - Filling up the DagBag from /home/airflow/.local/lib/python3.10/site-packages/airflow/example_dags/example_kubernetes_executor.py
[2025-04-25T16:37:48.815+0000] {processor.py:925} INFO - DAG(s) 'example_kubernetes_executor' retrieved from /home/airflow/.local/lib/python3.10/site-packages/airflow/example_dags/example_kubernetes_executor.py
[2025-04-25T16:37:48.839+0000] {logging_mixin.py:190} INFO - [2025-04-25T16:37:48.838+0000] {dag.py:3239} INFO - Sync 1 DAGs
[2025-04-25T16:37:48.853+0000] {logging_mixin.py:190} INFO - [2025-04-25T16:37:48.852+0000] {dag.py:4180} INFO - Setting next_dagrun for example_kubernetes_executor to None, run_after=None
[2025-04-25T16:37:48.871+0000] {processor.py:208} INFO - Processing /home/airflow/.local/lib/python3.10/site-packages/airflow/example_dags/example_kubernetes_executor.py took 0.080 seconds
[2025-04-25T16:38:20.230+0000] {processor.py:186} INFO - Started process (PID=1154) to work on /home/airflow/.local/lib/python3.10/site-packages/airflow/example_dags/example_kubernetes_executor.py
[2025-04-25T16:38:20.231+0000] {processor.py:914} INFO - Processing file /home/airflow/.local/lib/python3.10/site-packages/airflow/example_dags/example_kubernetes_executor.py for tasks to queue
[2025-04-25T16:38:20.234+0000] {logging_mixin.py:190} INFO - [2025-04-25T16:38:20.234+0000] {dagbag.py:588} INFO - Filling up the DagBag from /home/airflow/.local/lib/python3.10/site-packages/airflow/example_dags/example_kubernetes_executor.py
[2025-04-25T16:38:20.251+0000] {processor.py:925} INFO - DAG(s) 'example_kubernetes_executor' retrieved from /home/airflow/.local/lib/python3.10/site-packages/airflow/example_dags/example_kubernetes_executor.py
[2025-04-25T16:38:20.278+0000] {logging_mixin.py:190} INFO - [2025-04-25T16:38:20.278+0000] {dag.py:3239} INFO - Sync 1 DAGs
[2025-04-25T16:38:20.293+0000] {logging_mixin.py:190} INFO - [2025-04-25T16:38:20.292+0000] {dag.py:4180} INFO - Setting next_dagrun for example_kubernetes_executor to None, run_after=None
[2025-04-25T16:38:20.310+0000] {processor.py:208} INFO - Processing /home/airflow/.local/lib/python3.10/site-packages/airflow/example_dags/example_kubernetes_executor.py took 0.086 seconds
[2025-04-25T16:38:52.115+0000] {processor.py:186} INFO - Started process (PID=1221) to work on /home/airflow/.local/lib/python3.10/site-packages/airflow/example_dags/example_kubernetes_executor.py
[2025-04-25T16:38:52.116+0000] {processor.py:914} INFO - Processing file /home/airflow/.local/lib/python3.10/site-packages/airflow/example_dags/example_kubernetes_executor.py for tasks to queue
[2025-04-25T16:38:52.119+0000] {logging_mixin.py:190} INFO - [2025-04-25T16:38:52.119+0000] {dagbag.py:588} INFO - Filling up the DagBag from /home/airflow/.local/lib/python3.10/site-packages/airflow/example_dags/example_kubernetes_executor.py
[2025-04-25T16:38:52.136+0000] {processor.py:925} INFO - DAG(s) 'example_kubernetes_executor' retrieved from /home/airflow/.local/lib/python3.10/site-packages/airflow/example_dags/example_kubernetes_executor.py
[2025-04-25T16:38:52.167+0000] {logging_mixin.py:190} INFO - [2025-04-25T16:38:52.167+0000] {dag.py:3239} INFO - Sync 1 DAGs
[2025-04-25T16:38:52.182+0000] {logging_mixin.py:190} INFO - [2025-04-25T16:38:52.182+0000] {dag.py:4180} INFO - Setting next_dagrun for example_kubernetes_executor to None, run_after=None
[2025-04-25T16:38:52.202+0000] {processor.py:208} INFO - Processing /home/airflow/.local/lib/python3.10/site-packages/airflow/example_dags/example_kubernetes_executor.py took 0.094 seconds
