[2025-04-25T16:30:05.109+0000] {processor.py:186} INFO - Started process (PID=87) to work on /home/airflow/.local/lib/python3.10/site-packages/airflow/example_dags/example_branch_labels.py
[2025-04-25T16:30:05.110+0000] {processor.py:914} INFO - Processing file /home/airflow/.local/lib/python3.10/site-packages/airflow/example_dags/example_branch_labels.py for tasks to queue
[2025-04-25T16:30:05.113+0000] {logging_mixin.py:190} INFO - [2025-04-25T16:30:05.112+0000] {dagbag.py:588} INFO - Filling up the DagBag from /home/airflow/.local/lib/python3.10/site-packages/airflow/example_dags/example_branch_labels.py
[2025-04-25T16:30:05.125+0000] {processor.py:925} INFO - DAG(s) 'example_branch_labels' retrieved from /home/airflow/.local/lib/python3.10/site-packages/airflow/example_dags/example_branch_labels.py
[2025-04-25T16:30:05.151+0000] {logging_mixin.py:190} INFO - [2025-04-25T16:30:05.151+0000] {dag.py:3239} INFO - Sync 1 DAGs
[2025-04-25T16:30:05.176+0000] {logging_mixin.py:190} INFO - [2025-04-25T16:30:05.176+0000] {dag.py:4180} INFO - Setting next_dagrun for example_branch_labels to 2025-04-24 00:00:00+00:00, run_after=2025-04-25 00:00:00+00:00
[2025-04-25T16:30:05.197+0000] {processor.py:208} INFO - Processing /home/airflow/.local/lib/python3.10/site-packages/airflow/example_dags/example_branch_labels.py took 0.097 seconds
[2025-04-25T16:30:35.810+0000] {processor.py:186} INFO - Started process (PID=153) to work on /home/airflow/.local/lib/python3.10/site-packages/airflow/example_dags/example_branch_labels.py
[2025-04-25T16:30:35.811+0000] {processor.py:914} INFO - Processing file /home/airflow/.local/lib/python3.10/site-packages/airflow/example_dags/example_branch_labels.py for tasks to queue
[2025-04-25T16:30:35.813+0000] {logging_mixin.py:190} INFO - [2025-04-25T16:30:35.812+0000] {dagbag.py:588} INFO - Filling up the DagBag from /home/airflow/.local/lib/python3.10/site-packages/airflow/example_dags/example_branch_labels.py
[2025-04-25T16:30:35.822+0000] {processor.py:925} INFO - DAG(s) 'example_branch_labels' retrieved from /home/airflow/.local/lib/python3.10/site-packages/airflow/example_dags/example_branch_labels.py
[2025-04-25T16:30:35.842+0000] {logging_mixin.py:190} INFO - [2025-04-25T16:30:35.841+0000] {dag.py:3239} INFO - Sync 1 DAGs
[2025-04-25T16:30:35.864+0000] {logging_mixin.py:190} INFO - [2025-04-25T16:30:35.864+0000] {dag.py:4180} INFO - Setting next_dagrun for example_branch_labels to 2025-04-24 00:00:00+00:00, run_after=2025-04-25 00:00:00+00:00
[2025-04-25T16:30:35.882+0000] {processor.py:208} INFO - Processing /home/airflow/.local/lib/python3.10/site-packages/airflow/example_dags/example_branch_labels.py took 0.079 seconds
[2025-04-25T16:31:06.117+0000] {processor.py:186} INFO - Started process (PID=219) to work on /home/airflow/.local/lib/python3.10/site-packages/airflow/example_dags/example_branch_labels.py
[2025-04-25T16:31:06.117+0000] {processor.py:914} INFO - Processing file /home/airflow/.local/lib/python3.10/site-packages/airflow/example_dags/example_branch_labels.py for tasks to queue
[2025-04-25T16:31:06.119+0000] {logging_mixin.py:190} INFO - [2025-04-25T16:31:06.119+0000] {dagbag.py:588} INFO - Filling up the DagBag from /home/airflow/.local/lib/python3.10/site-packages/airflow/example_dags/example_branch_labels.py
[2025-04-25T16:31:06.131+0000] {processor.py:925} INFO - DAG(s) 'example_branch_labels' retrieved from /home/airflow/.local/lib/python3.10/site-packages/airflow/example_dags/example_branch_labels.py
[2025-04-25T16:31:06.150+0000] {logging_mixin.py:190} INFO - [2025-04-25T16:31:06.150+0000] {dag.py:3239} INFO - Sync 1 DAGs
[2025-04-25T16:31:06.173+0000] {logging_mixin.py:190} INFO - [2025-04-25T16:31:06.172+0000] {dag.py:4180} INFO - Setting next_dagrun for example_branch_labels to 2025-04-24 00:00:00+00:00, run_after=2025-04-25 00:00:00+00:00
[2025-04-25T16:31:06.191+0000] {processor.py:208} INFO - Processing /home/airflow/.local/lib/python3.10/site-packages/airflow/example_dags/example_branch_labels.py took 0.080 seconds
[2025-04-25T16:31:37.149+0000] {processor.py:186} INFO - Started process (PID=285) to work on /home/airflow/.local/lib/python3.10/site-packages/airflow/example_dags/example_branch_labels.py
[2025-04-25T16:31:37.151+0000] {processor.py:914} INFO - Processing file /home/airflow/.local/lib/python3.10/site-packages/airflow/example_dags/example_branch_labels.py for tasks to queue
[2025-04-25T16:31:37.153+0000] {logging_mixin.py:190} INFO - [2025-04-25T16:31:37.153+0000] {dagbag.py:588} INFO - Filling up the DagBag from /home/airflow/.local/lib/python3.10/site-packages/airflow/example_dags/example_branch_labels.py
[2025-04-25T16:31:37.163+0000] {processor.py:925} INFO - DAG(s) 'example_branch_labels' retrieved from /home/airflow/.local/lib/python3.10/site-packages/airflow/example_dags/example_branch_labels.py
[2025-04-25T16:31:37.186+0000] {logging_mixin.py:190} INFO - [2025-04-25T16:31:37.185+0000] {dag.py:3239} INFO - Sync 1 DAGs
[2025-04-25T16:31:37.212+0000] {logging_mixin.py:190} INFO - [2025-04-25T16:31:37.211+0000] {dag.py:4180} INFO - Setting next_dagrun for example_branch_labels to 2025-04-24 00:00:00+00:00, run_after=2025-04-25 00:00:00+00:00
[2025-04-25T16:31:37.232+0000] {processor.py:208} INFO - Processing /home/airflow/.local/lib/python3.10/site-packages/airflow/example_dags/example_branch_labels.py took 0.089 seconds
[2025-04-25T16:32:08.123+0000] {processor.py:186} INFO - Started process (PID=351) to work on /home/airflow/.local/lib/python3.10/site-packages/airflow/example_dags/example_branch_labels.py
[2025-04-25T16:32:08.124+0000] {processor.py:914} INFO - Processing file /home/airflow/.local/lib/python3.10/site-packages/airflow/example_dags/example_branch_labels.py for tasks to queue
[2025-04-25T16:32:08.127+0000] {logging_mixin.py:190} INFO - [2025-04-25T16:32:08.126+0000] {dagbag.py:588} INFO - Filling up the DagBag from /home/airflow/.local/lib/python3.10/site-packages/airflow/example_dags/example_branch_labels.py
[2025-04-25T16:32:08.136+0000] {processor.py:925} INFO - DAG(s) 'example_branch_labels' retrieved from /home/airflow/.local/lib/python3.10/site-packages/airflow/example_dags/example_branch_labels.py
[2025-04-25T16:32:08.156+0000] {logging_mixin.py:190} INFO - [2025-04-25T16:32:08.156+0000] {dag.py:3239} INFO - Sync 1 DAGs
[2025-04-25T16:32:08.180+0000] {logging_mixin.py:190} INFO - [2025-04-25T16:32:08.180+0000] {dag.py:4180} INFO - Setting next_dagrun for example_branch_labels to 2025-04-24 00:00:00+00:00, run_after=2025-04-25 00:00:00+00:00
[2025-04-25T16:32:08.202+0000] {processor.py:208} INFO - Processing /home/airflow/.local/lib/python3.10/site-packages/airflow/example_dags/example_branch_labels.py took 0.085 seconds
[2025-04-25T16:32:39.201+0000] {processor.py:186} INFO - Started process (PID=417) to work on /home/airflow/.local/lib/python3.10/site-packages/airflow/example_dags/example_branch_labels.py
[2025-04-25T16:32:39.202+0000] {processor.py:914} INFO - Processing file /home/airflow/.local/lib/python3.10/site-packages/airflow/example_dags/example_branch_labels.py for tasks to queue
[2025-04-25T16:32:39.205+0000] {logging_mixin.py:190} INFO - [2025-04-25T16:32:39.205+0000] {dagbag.py:588} INFO - Filling up the DagBag from /home/airflow/.local/lib/python3.10/site-packages/airflow/example_dags/example_branch_labels.py
[2025-04-25T16:32:39.214+0000] {processor.py:925} INFO - DAG(s) 'example_branch_labels' retrieved from /home/airflow/.local/lib/python3.10/site-packages/airflow/example_dags/example_branch_labels.py
[2025-04-25T16:32:39.235+0000] {logging_mixin.py:190} INFO - [2025-04-25T16:32:39.235+0000] {dag.py:3239} INFO - Sync 1 DAGs
[2025-04-25T16:32:39.258+0000] {logging_mixin.py:190} INFO - [2025-04-25T16:32:39.257+0000] {dag.py:4180} INFO - Setting next_dagrun for example_branch_labels to 2025-04-24 00:00:00+00:00, run_after=2025-04-25 00:00:00+00:00
[2025-04-25T16:32:39.281+0000] {processor.py:208} INFO - Processing /home/airflow/.local/lib/python3.10/site-packages/airflow/example_dags/example_branch_labels.py took 0.086 seconds
[2025-04-25T16:33:10.306+0000] {processor.py:186} INFO - Started process (PID=483) to work on /home/airflow/.local/lib/python3.10/site-packages/airflow/example_dags/example_branch_labels.py
[2025-04-25T16:33:10.308+0000] {processor.py:914} INFO - Processing file /home/airflow/.local/lib/python3.10/site-packages/airflow/example_dags/example_branch_labels.py for tasks to queue
[2025-04-25T16:33:10.310+0000] {logging_mixin.py:190} INFO - [2025-04-25T16:33:10.310+0000] {dagbag.py:588} INFO - Filling up the DagBag from /home/airflow/.local/lib/python3.10/site-packages/airflow/example_dags/example_branch_labels.py
[2025-04-25T16:33:10.320+0000] {processor.py:925} INFO - DAG(s) 'example_branch_labels' retrieved from /home/airflow/.local/lib/python3.10/site-packages/airflow/example_dags/example_branch_labels.py
[2025-04-25T16:33:10.340+0000] {logging_mixin.py:190} INFO - [2025-04-25T16:33:10.340+0000] {dag.py:3239} INFO - Sync 1 DAGs
[2025-04-25T16:33:10.363+0000] {logging_mixin.py:190} INFO - [2025-04-25T16:33:10.363+0000] {dag.py:4180} INFO - Setting next_dagrun for example_branch_labels to 2025-04-24 00:00:00+00:00, run_after=2025-04-25 00:00:00+00:00
[2025-04-25T16:33:10.381+0000] {processor.py:208} INFO - Processing /home/airflow/.local/lib/python3.10/site-packages/airflow/example_dags/example_branch_labels.py took 0.081 seconds
[2025-04-25T16:33:41.255+0000] {processor.py:186} INFO - Started process (PID=555) to work on /home/airflow/.local/lib/python3.10/site-packages/airflow/example_dags/example_branch_labels.py
[2025-04-25T16:33:41.256+0000] {processor.py:914} INFO - Processing file /home/airflow/.local/lib/python3.10/site-packages/airflow/example_dags/example_branch_labels.py for tasks to queue
[2025-04-25T16:33:41.259+0000] {logging_mixin.py:190} INFO - [2025-04-25T16:33:41.258+0000] {dagbag.py:588} INFO - Filling up the DagBag from /home/airflow/.local/lib/python3.10/site-packages/airflow/example_dags/example_branch_labels.py
[2025-04-25T16:33:41.269+0000] {processor.py:925} INFO - DAG(s) 'example_branch_labels' retrieved from /home/airflow/.local/lib/python3.10/site-packages/airflow/example_dags/example_branch_labels.py
[2025-04-25T16:33:41.295+0000] {logging_mixin.py:190} INFO - [2025-04-25T16:33:41.294+0000] {dag.py:3239} INFO - Sync 1 DAGs
[2025-04-25T16:33:41.320+0000] {logging_mixin.py:190} INFO - [2025-04-25T16:33:41.319+0000] {dag.py:4180} INFO - Setting next_dagrun for example_branch_labels to 2025-04-24 00:00:00+00:00, run_after=2025-04-25 00:00:00+00:00
[2025-04-25T16:33:41.351+0000] {processor.py:208} INFO - Processing /home/airflow/.local/lib/python3.10/site-packages/airflow/example_dags/example_branch_labels.py took 0.103 seconds
[2025-04-25T16:34:11.932+0000] {processor.py:186} INFO - Started process (PID=621) to work on /home/airflow/.local/lib/python3.10/site-packages/airflow/example_dags/example_branch_labels.py
[2025-04-25T16:34:11.933+0000] {processor.py:914} INFO - Processing file /home/airflow/.local/lib/python3.10/site-packages/airflow/example_dags/example_branch_labels.py for tasks to queue
[2025-04-25T16:34:11.935+0000] {logging_mixin.py:190} INFO - [2025-04-25T16:34:11.934+0000] {dagbag.py:588} INFO - Filling up the DagBag from /home/airflow/.local/lib/python3.10/site-packages/airflow/example_dags/example_branch_labels.py
[2025-04-25T16:34:11.944+0000] {processor.py:925} INFO - DAG(s) 'example_branch_labels' retrieved from /home/airflow/.local/lib/python3.10/site-packages/airflow/example_dags/example_branch_labels.py
[2025-04-25T16:34:11.964+0000] {logging_mixin.py:190} INFO - [2025-04-25T16:34:11.964+0000] {dag.py:3239} INFO - Sync 1 DAGs
[2025-04-25T16:34:11.987+0000] {logging_mixin.py:190} INFO - [2025-04-25T16:34:11.987+0000] {dag.py:4180} INFO - Setting next_dagrun for example_branch_labels to 2025-04-24 00:00:00+00:00, run_after=2025-04-25 00:00:00+00:00
[2025-04-25T16:34:12.005+0000] {processor.py:208} INFO - Processing /home/airflow/.local/lib/python3.10/site-packages/airflow/example_dags/example_branch_labels.py took 0.079 seconds
[2025-04-25T16:34:42.602+0000] {processor.py:186} INFO - Started process (PID=687) to work on /home/airflow/.local/lib/python3.10/site-packages/airflow/example_dags/example_branch_labels.py
[2025-04-25T16:34:42.604+0000] {processor.py:914} INFO - Processing file /home/airflow/.local/lib/python3.10/site-packages/airflow/example_dags/example_branch_labels.py for tasks to queue
[2025-04-25T16:34:42.606+0000] {logging_mixin.py:190} INFO - [2025-04-25T16:34:42.606+0000] {dagbag.py:588} INFO - Filling up the DagBag from /home/airflow/.local/lib/python3.10/site-packages/airflow/example_dags/example_branch_labels.py
[2025-04-25T16:34:42.617+0000] {processor.py:925} INFO - DAG(s) 'example_branch_labels' retrieved from /home/airflow/.local/lib/python3.10/site-packages/airflow/example_dags/example_branch_labels.py
[2025-04-25T16:34:42.645+0000] {logging_mixin.py:190} INFO - [2025-04-25T16:34:42.645+0000] {dag.py:3239} INFO - Sync 1 DAGs
[2025-04-25T16:34:42.675+0000] {logging_mixin.py:190} INFO - [2025-04-25T16:34:42.675+0000] {dag.py:4180} INFO - Setting next_dagrun for example_branch_labels to 2025-04-24 00:00:00+00:00, run_after=2025-04-25 00:00:00+00:00
[2025-04-25T16:34:42.697+0000] {processor.py:208} INFO - Processing /home/airflow/.local/lib/python3.10/site-packages/airflow/example_dags/example_branch_labels.py took 0.102 seconds
[2025-04-25T16:35:14.120+0000] {processor.py:186} INFO - Started process (PID=756) to work on /home/airflow/.local/lib/python3.10/site-packages/airflow/example_dags/example_branch_labels.py
[2025-04-25T16:35:14.122+0000] {processor.py:914} INFO - Processing file /home/airflow/.local/lib/python3.10/site-packages/airflow/example_dags/example_branch_labels.py for tasks to queue
[2025-04-25T16:35:14.125+0000] {logging_mixin.py:190} INFO - [2025-04-25T16:35:14.125+0000] {dagbag.py:588} INFO - Filling up the DagBag from /home/airflow/.local/lib/python3.10/site-packages/airflow/example_dags/example_branch_labels.py
[2025-04-25T16:35:14.140+0000] {processor.py:925} INFO - DAG(s) 'example_branch_labels' retrieved from /home/airflow/.local/lib/python3.10/site-packages/airflow/example_dags/example_branch_labels.py
[2025-04-25T16:35:14.169+0000] {logging_mixin.py:190} INFO - [2025-04-25T16:35:14.168+0000] {dag.py:3239} INFO - Sync 1 DAGs
[2025-04-25T16:35:14.199+0000] {logging_mixin.py:190} INFO - [2025-04-25T16:35:14.198+0000] {dag.py:4180} INFO - Setting next_dagrun for example_branch_labels to 2025-04-24 00:00:00+00:00, run_after=2025-04-25 00:00:00+00:00
[2025-04-25T16:35:14.223+0000] {processor.py:208} INFO - Processing /home/airflow/.local/lib/python3.10/site-packages/airflow/example_dags/example_branch_labels.py took 0.113 seconds
[2025-04-25T16:35:45.226+0000] {processor.py:186} INFO - Started process (PID=830) to work on /home/airflow/.local/lib/python3.10/site-packages/airflow/example_dags/example_branch_labels.py
[2025-04-25T16:35:45.227+0000] {processor.py:914} INFO - Processing file /home/airflow/.local/lib/python3.10/site-packages/airflow/example_dags/example_branch_labels.py for tasks to queue
[2025-04-25T16:35:45.229+0000] {logging_mixin.py:190} INFO - [2025-04-25T16:35:45.229+0000] {dagbag.py:588} INFO - Filling up the DagBag from /home/airflow/.local/lib/python3.10/site-packages/airflow/example_dags/example_branch_labels.py
[2025-04-25T16:35:45.239+0000] {processor.py:925} INFO - DAG(s) 'example_branch_labels' retrieved from /home/airflow/.local/lib/python3.10/site-packages/airflow/example_dags/example_branch_labels.py
[2025-04-25T16:35:45.258+0000] {logging_mixin.py:190} INFO - [2025-04-25T16:35:45.258+0000] {dag.py:3239} INFO - Sync 1 DAGs
[2025-04-25T16:35:45.283+0000] {logging_mixin.py:190} INFO - [2025-04-25T16:35:45.282+0000] {dag.py:4180} INFO - Setting next_dagrun for example_branch_labels to 2025-04-24 00:00:00+00:00, run_after=2025-04-25 00:00:00+00:00
[2025-04-25T16:35:45.300+0000] {processor.py:208} INFO - Processing /home/airflow/.local/lib/python3.10/site-packages/airflow/example_dags/example_branch_labels.py took 0.080 seconds
[2025-04-25T16:36:15.992+0000] {processor.py:186} INFO - Started process (PID=896) to work on /home/airflow/.local/lib/python3.10/site-packages/airflow/example_dags/example_branch_labels.py
[2025-04-25T16:36:15.993+0000] {processor.py:914} INFO - Processing file /home/airflow/.local/lib/python3.10/site-packages/airflow/example_dags/example_branch_labels.py for tasks to queue
[2025-04-25T16:36:15.996+0000] {logging_mixin.py:190} INFO - [2025-04-25T16:36:15.996+0000] {dagbag.py:588} INFO - Filling up the DagBag from /home/airflow/.local/lib/python3.10/site-packages/airflow/example_dags/example_branch_labels.py
[2025-04-25T16:36:16.006+0000] {processor.py:925} INFO - DAG(s) 'example_branch_labels' retrieved from /home/airflow/.local/lib/python3.10/site-packages/airflow/example_dags/example_branch_labels.py
[2025-04-25T16:36:16.027+0000] {logging_mixin.py:190} INFO - [2025-04-25T16:36:16.027+0000] {dag.py:3239} INFO - Sync 1 DAGs
[2025-04-25T16:36:16.050+0000] {logging_mixin.py:190} INFO - [2025-04-25T16:36:16.050+0000] {dag.py:4180} INFO - Setting next_dagrun for example_branch_labels to 2025-04-24 00:00:00+00:00, run_after=2025-04-25 00:00:00+00:00
[2025-04-25T16:36:16.066+0000] {processor.py:208} INFO - Processing /home/airflow/.local/lib/python3.10/site-packages/airflow/example_dags/example_branch_labels.py took 0.081 seconds
[2025-04-25T16:36:46.609+0000] {processor.py:186} INFO - Started process (PID=961) to work on /home/airflow/.local/lib/python3.10/site-packages/airflow/example_dags/example_branch_labels.py
[2025-04-25T16:36:46.610+0000] {processor.py:914} INFO - Processing file /home/airflow/.local/lib/python3.10/site-packages/airflow/example_dags/example_branch_labels.py for tasks to queue
[2025-04-25T16:36:46.613+0000] {logging_mixin.py:190} INFO - [2025-04-25T16:36:46.613+0000] {dagbag.py:588} INFO - Filling up the DagBag from /home/airflow/.local/lib/python3.10/site-packages/airflow/example_dags/example_branch_labels.py
[2025-04-25T16:36:46.623+0000] {processor.py:925} INFO - DAG(s) 'example_branch_labels' retrieved from /home/airflow/.local/lib/python3.10/site-packages/airflow/example_dags/example_branch_labels.py
[2025-04-25T16:36:46.644+0000] {logging_mixin.py:190} INFO - [2025-04-25T16:36:46.644+0000] {dag.py:3239} INFO - Sync 1 DAGs
[2025-04-25T16:36:46.668+0000] {logging_mixin.py:190} INFO - [2025-04-25T16:36:46.668+0000] {dag.py:4180} INFO - Setting next_dagrun for example_branch_labels to 2025-04-24 00:00:00+00:00, run_after=2025-04-25 00:00:00+00:00
[2025-04-25T16:36:46.687+0000] {processor.py:208} INFO - Processing /home/airflow/.local/lib/python3.10/site-packages/airflow/example_dags/example_branch_labels.py took 0.085 seconds
[2025-04-25T16:37:18.777+0000] {processor.py:186} INFO - Started process (PID=1028) to work on /home/airflow/.local/lib/python3.10/site-packages/airflow/example_dags/example_branch_labels.py
[2025-04-25T16:37:18.778+0000] {processor.py:914} INFO - Processing file /home/airflow/.local/lib/python3.10/site-packages/airflow/example_dags/example_branch_labels.py for tasks to queue
[2025-04-25T16:37:18.780+0000] {logging_mixin.py:190} INFO - [2025-04-25T16:37:18.780+0000] {dagbag.py:588} INFO - Filling up the DagBag from /home/airflow/.local/lib/python3.10/site-packages/airflow/example_dags/example_branch_labels.py
[2025-04-25T16:37:18.789+0000] {processor.py:925} INFO - DAG(s) 'example_branch_labels' retrieved from /home/airflow/.local/lib/python3.10/site-packages/airflow/example_dags/example_branch_labels.py
[2025-04-25T16:37:18.809+0000] {logging_mixin.py:190} INFO - [2025-04-25T16:37:18.809+0000] {dag.py:3239} INFO - Sync 1 DAGs
[2025-04-25T16:37:18.829+0000] {logging_mixin.py:190} INFO - [2025-04-25T16:37:18.829+0000] {dag.py:4180} INFO - Setting next_dagrun for example_branch_labels to 2025-04-24 00:00:00+00:00, run_after=2025-04-25 00:00:00+00:00
[2025-04-25T16:37:18.846+0000] {processor.py:208} INFO - Processing /home/airflow/.local/lib/python3.10/site-packages/airflow/example_dags/example_branch_labels.py took 0.077 seconds
[2025-04-25T16:37:49.391+0000] {processor.py:186} INFO - Started process (PID=1094) to work on /home/airflow/.local/lib/python3.10/site-packages/airflow/example_dags/example_branch_labels.py
[2025-04-25T16:37:49.392+0000] {processor.py:914} INFO - Processing file /home/airflow/.local/lib/python3.10/site-packages/airflow/example_dags/example_branch_labels.py for tasks to queue
[2025-04-25T16:37:49.394+0000] {logging_mixin.py:190} INFO - [2025-04-25T16:37:49.394+0000] {dagbag.py:588} INFO - Filling up the DagBag from /home/airflow/.local/lib/python3.10/site-packages/airflow/example_dags/example_branch_labels.py
[2025-04-25T16:37:49.404+0000] {processor.py:925} INFO - DAG(s) 'example_branch_labels' retrieved from /home/airflow/.local/lib/python3.10/site-packages/airflow/example_dags/example_branch_labels.py
[2025-04-25T16:37:49.424+0000] {logging_mixin.py:190} INFO - [2025-04-25T16:37:49.423+0000] {dag.py:3239} INFO - Sync 1 DAGs
[2025-04-25T16:37:49.448+0000] {logging_mixin.py:190} INFO - [2025-04-25T16:37:49.448+0000] {dag.py:4180} INFO - Setting next_dagrun for example_branch_labels to 2025-04-24 00:00:00+00:00, run_after=2025-04-25 00:00:00+00:00
[2025-04-25T16:37:49.467+0000] {processor.py:208} INFO - Processing /home/airflow/.local/lib/python3.10/site-packages/airflow/example_dags/example_branch_labels.py took 0.082 seconds
[2025-04-25T16:38:20.724+0000] {processor.py:186} INFO - Started process (PID=1160) to work on /home/airflow/.local/lib/python3.10/site-packages/airflow/example_dags/example_branch_labels.py
[2025-04-25T16:38:20.725+0000] {processor.py:914} INFO - Processing file /home/airflow/.local/lib/python3.10/site-packages/airflow/example_dags/example_branch_labels.py for tasks to queue
[2025-04-25T16:38:20.727+0000] {logging_mixin.py:190} INFO - [2025-04-25T16:38:20.727+0000] {dagbag.py:588} INFO - Filling up the DagBag from /home/airflow/.local/lib/python3.10/site-packages/airflow/example_dags/example_branch_labels.py
[2025-04-25T16:38:20.736+0000] {processor.py:925} INFO - DAG(s) 'example_branch_labels' retrieved from /home/airflow/.local/lib/python3.10/site-packages/airflow/example_dags/example_branch_labels.py
[2025-04-25T16:38:20.755+0000] {logging_mixin.py:190} INFO - [2025-04-25T16:38:20.755+0000] {dag.py:3239} INFO - Sync 1 DAGs
[2025-04-25T16:38:20.783+0000] {logging_mixin.py:190} INFO - [2025-04-25T16:38:20.782+0000] {dag.py:4180} INFO - Setting next_dagrun for example_branch_labels to 2025-04-24 00:00:00+00:00, run_after=2025-04-25 00:00:00+00:00
[2025-04-25T16:38:20.804+0000] {processor.py:208} INFO - Processing /home/airflow/.local/lib/python3.10/site-packages/airflow/example_dags/example_branch_labels.py took 0.085 seconds
[2025-04-25T16:38:52.434+0000] {processor.py:186} INFO - Started process (PID=1226) to work on /home/airflow/.local/lib/python3.10/site-packages/airflow/example_dags/example_branch_labels.py
[2025-04-25T16:38:52.435+0000] {processor.py:914} INFO - Processing file /home/airflow/.local/lib/python3.10/site-packages/airflow/example_dags/example_branch_labels.py for tasks to queue
[2025-04-25T16:38:52.437+0000] {logging_mixin.py:190} INFO - [2025-04-25T16:38:52.437+0000] {dagbag.py:588} INFO - Filling up the DagBag from /home/airflow/.local/lib/python3.10/site-packages/airflow/example_dags/example_branch_labels.py
[2025-04-25T16:38:52.447+0000] {processor.py:925} INFO - DAG(s) 'example_branch_labels' retrieved from /home/airflow/.local/lib/python3.10/site-packages/airflow/example_dags/example_branch_labels.py
[2025-04-25T16:38:52.468+0000] {logging_mixin.py:190} INFO - [2025-04-25T16:38:52.468+0000] {dag.py:3239} INFO - Sync 1 DAGs
[2025-04-25T16:38:52.496+0000] {logging_mixin.py:190} INFO - [2025-04-25T16:38:52.496+0000] {dag.py:4180} INFO - Setting next_dagrun for example_branch_labels to 2025-04-24 00:00:00+00:00, run_after=2025-04-25 00:00:00+00:00
[2025-04-25T16:38:52.513+0000] {processor.py:208} INFO - Processing /home/airflow/.local/lib/python3.10/site-packages/airflow/example_dags/example_branch_labels.py took 0.085 seconds
