[2025-04-25T16:30:02.078+0000] {processor.py:186} INFO - Started process (PID=62) to work on /home/airflow/.local/lib/python3.10/site-packages/airflow/example_dags/example_sensors.py
[2025-04-25T16:30:02.079+0000] {processor.py:914} INFO - Processing file /home/airflow/.local/lib/python3.10/site-packages/airflow/example_dags/example_sensors.py for tasks to queue
[2025-04-25T16:30:02.082+0000] {logging_mixin.py:190} INFO - [2025-04-25T16:30:02.082+0000] {dagbag.py:588} INFO - Filling up the DagBag from /home/airflow/.local/lib/python3.10/site-packages/airflow/example_dags/example_sensors.py
[2025-04-25T16:30:02.098+0000] {processor.py:925} INFO - DAG(s) 'example_sensors' retrieved from /home/airflow/.local/lib/python3.10/site-packages/airflow/example_dags/example_sensors.py
[2025-04-25T16:30:02.140+0000] {logging_mixin.py:190} INFO - [2025-04-25T16:30:02.140+0000] {dag.py:3239} INFO - Sync 1 DAGs
[2025-04-25T16:30:02.160+0000] {logging_mixin.py:190} INFO - [2025-04-25T16:30:02.159+0000] {dag.py:4180} INFO - Setting next_dagrun for example_sensors to None, run_after=None
[2025-04-25T16:30:02.188+0000] {processor.py:208} INFO - Processing /home/airflow/.local/lib/python3.10/site-packages/airflow/example_dags/example_sensors.py took 0.117 seconds
[2025-04-25T16:30:32.724+0000] {processor.py:186} INFO - Started process (PID=128) to work on /home/airflow/.local/lib/python3.10/site-packages/airflow/example_dags/example_sensors.py
[2025-04-25T16:30:32.725+0000] {processor.py:914} INFO - Processing file /home/airflow/.local/lib/python3.10/site-packages/airflow/example_dags/example_sensors.py for tasks to queue
[2025-04-25T16:30:32.727+0000] {logging_mixin.py:190} INFO - [2025-04-25T16:30:32.727+0000] {dagbag.py:588} INFO - Filling up the DagBag from /home/airflow/.local/lib/python3.10/site-packages/airflow/example_dags/example_sensors.py
[2025-04-25T16:30:32.738+0000] {processor.py:925} INFO - DAG(s) 'example_sensors' retrieved from /home/airflow/.local/lib/python3.10/site-packages/airflow/example_dags/example_sensors.py
[2025-04-25T16:30:32.764+0000] {logging_mixin.py:190} INFO - [2025-04-25T16:30:32.764+0000] {dag.py:3239} INFO - Sync 1 DAGs
[2025-04-25T16:30:32.779+0000] {logging_mixin.py:190} INFO - [2025-04-25T16:30:32.779+0000] {dag.py:4180} INFO - Setting next_dagrun for example_sensors to None, run_after=None
[2025-04-25T16:30:32.799+0000] {processor.py:208} INFO - Processing /home/airflow/.local/lib/python3.10/site-packages/airflow/example_dags/example_sensors.py took 0.081 seconds
[2025-04-25T16:31:03.223+0000] {processor.py:186} INFO - Started process (PID=194) to work on /home/airflow/.local/lib/python3.10/site-packages/airflow/example_dags/example_sensors.py
[2025-04-25T16:31:03.224+0000] {processor.py:914} INFO - Processing file /home/airflow/.local/lib/python3.10/site-packages/airflow/example_dags/example_sensors.py for tasks to queue
[2025-04-25T16:31:03.226+0000] {logging_mixin.py:190} INFO - [2025-04-25T16:31:03.226+0000] {dagbag.py:588} INFO - Filling up the DagBag from /home/airflow/.local/lib/python3.10/site-packages/airflow/example_dags/example_sensors.py
[2025-04-25T16:31:03.236+0000] {processor.py:925} INFO - DAG(s) 'example_sensors' retrieved from /home/airflow/.local/lib/python3.10/site-packages/airflow/example_dags/example_sensors.py
[2025-04-25T16:31:03.260+0000] {logging_mixin.py:190} INFO - [2025-04-25T16:31:03.260+0000] {dag.py:3239} INFO - Sync 1 DAGs
[2025-04-25T16:31:03.275+0000] {logging_mixin.py:190} INFO - [2025-04-25T16:31:03.275+0000] {dag.py:4180} INFO - Setting next_dagrun for example_sensors to None, run_after=None
[2025-04-25T16:31:03.292+0000] {processor.py:208} INFO - Processing /home/airflow/.local/lib/python3.10/site-packages/airflow/example_dags/example_sensors.py took 0.075 seconds
[2025-04-25T16:31:33.960+0000] {processor.py:186} INFO - Started process (PID=260) to work on /home/airflow/.local/lib/python3.10/site-packages/airflow/example_dags/example_sensors.py
[2025-04-25T16:31:33.961+0000] {processor.py:914} INFO - Processing file /home/airflow/.local/lib/python3.10/site-packages/airflow/example_dags/example_sensors.py for tasks to queue
[2025-04-25T16:31:33.963+0000] {logging_mixin.py:190} INFO - [2025-04-25T16:31:33.963+0000] {dagbag.py:588} INFO - Filling up the DagBag from /home/airflow/.local/lib/python3.10/site-packages/airflow/example_dags/example_sensors.py
[2025-04-25T16:31:33.974+0000] {processor.py:925} INFO - DAG(s) 'example_sensors' retrieved from /home/airflow/.local/lib/python3.10/site-packages/airflow/example_dags/example_sensors.py
[2025-04-25T16:31:34.000+0000] {logging_mixin.py:190} INFO - [2025-04-25T16:31:34.000+0000] {dag.py:3239} INFO - Sync 1 DAGs
[2025-04-25T16:31:34.015+0000] {logging_mixin.py:190} INFO - [2025-04-25T16:31:34.014+0000] {dag.py:4180} INFO - Setting next_dagrun for example_sensors to None, run_after=None
[2025-04-25T16:31:34.034+0000] {processor.py:208} INFO - Processing /home/airflow/.local/lib/python3.10/site-packages/airflow/example_dags/example_sensors.py took 0.080 seconds
[2025-04-25T16:32:05.369+0000] {processor.py:186} INFO - Started process (PID=326) to work on /home/airflow/.local/lib/python3.10/site-packages/airflow/example_dags/example_sensors.py
[2025-04-25T16:32:05.370+0000] {processor.py:914} INFO - Processing file /home/airflow/.local/lib/python3.10/site-packages/airflow/example_dags/example_sensors.py for tasks to queue
[2025-04-25T16:32:05.372+0000] {logging_mixin.py:190} INFO - [2025-04-25T16:32:05.372+0000] {dagbag.py:588} INFO - Filling up the DagBag from /home/airflow/.local/lib/python3.10/site-packages/airflow/example_dags/example_sensors.py
[2025-04-25T16:32:05.382+0000] {processor.py:925} INFO - DAG(s) 'example_sensors' retrieved from /home/airflow/.local/lib/python3.10/site-packages/airflow/example_dags/example_sensors.py
[2025-04-25T16:32:05.405+0000] {logging_mixin.py:190} INFO - [2025-04-25T16:32:05.405+0000] {dag.py:3239} INFO - Sync 1 DAGs
[2025-04-25T16:32:05.417+0000] {logging_mixin.py:190} INFO - [2025-04-25T16:32:05.417+0000] {dag.py:4180} INFO - Setting next_dagrun for example_sensors to None, run_after=None
[2025-04-25T16:32:05.433+0000] {processor.py:208} INFO - Processing /home/airflow/.local/lib/python3.10/site-packages/airflow/example_dags/example_sensors.py took 0.069 seconds
[2025-04-25T16:32:36.246+0000] {processor.py:186} INFO - Started process (PID=392) to work on /home/airflow/.local/lib/python3.10/site-packages/airflow/example_dags/example_sensors.py
[2025-04-25T16:32:36.248+0000] {processor.py:914} INFO - Processing file /home/airflow/.local/lib/python3.10/site-packages/airflow/example_dags/example_sensors.py for tasks to queue
[2025-04-25T16:32:36.250+0000] {logging_mixin.py:190} INFO - [2025-04-25T16:32:36.250+0000] {dagbag.py:588} INFO - Filling up the DagBag from /home/airflow/.local/lib/python3.10/site-packages/airflow/example_dags/example_sensors.py
[2025-04-25T16:32:36.261+0000] {processor.py:925} INFO - DAG(s) 'example_sensors' retrieved from /home/airflow/.local/lib/python3.10/site-packages/airflow/example_dags/example_sensors.py
[2025-04-25T16:32:36.288+0000] {logging_mixin.py:190} INFO - [2025-04-25T16:32:36.288+0000] {dag.py:3239} INFO - Sync 1 DAGs
[2025-04-25T16:32:36.303+0000] {logging_mixin.py:190} INFO - [2025-04-25T16:32:36.303+0000] {dag.py:4180} INFO - Setting next_dagrun for example_sensors to None, run_after=None
[2025-04-25T16:32:36.328+0000] {processor.py:208} INFO - Processing /home/airflow/.local/lib/python3.10/site-packages/airflow/example_dags/example_sensors.py took 0.089 seconds
[2025-04-25T16:33:07.470+0000] {processor.py:186} INFO - Started process (PID=458) to work on /home/airflow/.local/lib/python3.10/site-packages/airflow/example_dags/example_sensors.py
[2025-04-25T16:33:07.471+0000] {processor.py:914} INFO - Processing file /home/airflow/.local/lib/python3.10/site-packages/airflow/example_dags/example_sensors.py for tasks to queue
[2025-04-25T16:33:07.474+0000] {logging_mixin.py:190} INFO - [2025-04-25T16:33:07.474+0000] {dagbag.py:588} INFO - Filling up the DagBag from /home/airflow/.local/lib/python3.10/site-packages/airflow/example_dags/example_sensors.py
[2025-04-25T16:33:07.486+0000] {processor.py:925} INFO - DAG(s) 'example_sensors' retrieved from /home/airflow/.local/lib/python3.10/site-packages/airflow/example_dags/example_sensors.py
[2025-04-25T16:33:07.513+0000] {logging_mixin.py:190} INFO - [2025-04-25T16:33:07.512+0000] {dag.py:3239} INFO - Sync 1 DAGs
[2025-04-25T16:33:07.526+0000] {logging_mixin.py:190} INFO - [2025-04-25T16:33:07.526+0000] {dag.py:4180} INFO - Setting next_dagrun for example_sensors to None, run_after=None
[2025-04-25T16:33:07.546+0000] {processor.py:208} INFO - Processing /home/airflow/.local/lib/python3.10/site-packages/airflow/example_dags/example_sensors.py took 0.082 seconds
[2025-04-25T16:33:38.371+0000] {processor.py:186} INFO - Started process (PID=524) to work on /home/airflow/.local/lib/python3.10/site-packages/airflow/example_dags/example_sensors.py
[2025-04-25T16:33:38.372+0000] {processor.py:914} INFO - Processing file /home/airflow/.local/lib/python3.10/site-packages/airflow/example_dags/example_sensors.py for tasks to queue
[2025-04-25T16:33:38.375+0000] {logging_mixin.py:190} INFO - [2025-04-25T16:33:38.374+0000] {dagbag.py:588} INFO - Filling up the DagBag from /home/airflow/.local/lib/python3.10/site-packages/airflow/example_dags/example_sensors.py
[2025-04-25T16:33:38.385+0000] {processor.py:925} INFO - DAG(s) 'example_sensors' retrieved from /home/airflow/.local/lib/python3.10/site-packages/airflow/example_dags/example_sensors.py
[2025-04-25T16:33:38.408+0000] {logging_mixin.py:190} INFO - [2025-04-25T16:33:38.408+0000] {dag.py:3239} INFO - Sync 1 DAGs
[2025-04-25T16:33:38.421+0000] {logging_mixin.py:190} INFO - [2025-04-25T16:33:38.420+0000] {dag.py:4180} INFO - Setting next_dagrun for example_sensors to None, run_after=None
[2025-04-25T16:33:38.437+0000] {processor.py:208} INFO - Processing /home/airflow/.local/lib/python3.10/site-packages/airflow/example_dags/example_sensors.py took 0.071 seconds
[2025-04-25T16:34:09.443+0000] {processor.py:186} INFO - Started process (PID=590) to work on /home/airflow/.local/lib/python3.10/site-packages/airflow/example_dags/example_sensors.py
[2025-04-25T16:34:09.444+0000] {processor.py:914} INFO - Processing file /home/airflow/.local/lib/python3.10/site-packages/airflow/example_dags/example_sensors.py for tasks to queue
[2025-04-25T16:34:09.446+0000] {logging_mixin.py:190} INFO - [2025-04-25T16:34:09.446+0000] {dagbag.py:588} INFO - Filling up the DagBag from /home/airflow/.local/lib/python3.10/site-packages/airflow/example_dags/example_sensors.py
[2025-04-25T16:34:09.457+0000] {processor.py:925} INFO - DAG(s) 'example_sensors' retrieved from /home/airflow/.local/lib/python3.10/site-packages/airflow/example_dags/example_sensors.py
[2025-04-25T16:34:09.487+0000] {logging_mixin.py:190} INFO - [2025-04-25T16:34:09.486+0000] {dag.py:3239} INFO - Sync 1 DAGs
[2025-04-25T16:34:09.504+0000] {logging_mixin.py:190} INFO - [2025-04-25T16:34:09.504+0000] {dag.py:4180} INFO - Setting next_dagrun for example_sensors to None, run_after=None
[2025-04-25T16:34:09.523+0000] {processor.py:208} INFO - Processing /home/airflow/.local/lib/python3.10/site-packages/airflow/example_dags/example_sensors.py took 0.085 seconds
[2025-04-25T16:34:40.431+0000] {processor.py:186} INFO - Started process (PID=656) to work on /home/airflow/.local/lib/python3.10/site-packages/airflow/example_dags/example_sensors.py
[2025-04-25T16:34:40.432+0000] {processor.py:914} INFO - Processing file /home/airflow/.local/lib/python3.10/site-packages/airflow/example_dags/example_sensors.py for tasks to queue
[2025-04-25T16:34:40.435+0000] {logging_mixin.py:190} INFO - [2025-04-25T16:34:40.435+0000] {dagbag.py:588} INFO - Filling up the DagBag from /home/airflow/.local/lib/python3.10/site-packages/airflow/example_dags/example_sensors.py
[2025-04-25T16:34:40.451+0000] {processor.py:925} INFO - DAG(s) 'example_sensors' retrieved from /home/airflow/.local/lib/python3.10/site-packages/airflow/example_dags/example_sensors.py
[2025-04-25T16:34:40.481+0000] {logging_mixin.py:190} INFO - [2025-04-25T16:34:40.480+0000] {dag.py:3239} INFO - Sync 1 DAGs
[2025-04-25T16:34:40.501+0000] {logging_mixin.py:190} INFO - [2025-04-25T16:34:40.500+0000] {dag.py:4180} INFO - Setting next_dagrun for example_sensors to None, run_after=None
[2025-04-25T16:34:40.531+0000] {processor.py:208} INFO - Processing /home/airflow/.local/lib/python3.10/site-packages/airflow/example_dags/example_sensors.py took 0.112 seconds
[2025-04-25T16:35:11.744+0000] {processor.py:186} INFO - Started process (PID=732) to work on /home/airflow/.local/lib/python3.10/site-packages/airflow/example_dags/example_sensors.py
[2025-04-25T16:35:11.746+0000] {processor.py:914} INFO - Processing file /home/airflow/.local/lib/python3.10/site-packages/airflow/example_dags/example_sensors.py for tasks to queue
[2025-04-25T16:35:11.749+0000] {logging_mixin.py:190} INFO - [2025-04-25T16:35:11.749+0000] {dagbag.py:588} INFO - Filling up the DagBag from /home/airflow/.local/lib/python3.10/site-packages/airflow/example_dags/example_sensors.py
[2025-04-25T16:35:11.767+0000] {processor.py:925} INFO - DAG(s) 'example_sensors' retrieved from /home/airflow/.local/lib/python3.10/site-packages/airflow/example_dags/example_sensors.py
[2025-04-25T16:35:11.809+0000] {logging_mixin.py:190} INFO - [2025-04-25T16:35:11.808+0000] {dag.py:3239} INFO - Sync 1 DAGs
[2025-04-25T16:35:11.834+0000] {logging_mixin.py:190} INFO - [2025-04-25T16:35:11.833+0000] {dag.py:4180} INFO - Setting next_dagrun for example_sensors to None, run_after=None
[2025-04-25T16:35:11.865+0000] {processor.py:208} INFO - Processing /home/airflow/.local/lib/python3.10/site-packages/airflow/example_dags/example_sensors.py took 0.130 seconds
[2025-04-25T16:35:42.464+0000] {processor.py:186} INFO - Started process (PID=806) to work on /home/airflow/.local/lib/python3.10/site-packages/airflow/example_dags/example_sensors.py
[2025-04-25T16:35:42.466+0000] {processor.py:914} INFO - Processing file /home/airflow/.local/lib/python3.10/site-packages/airflow/example_dags/example_sensors.py for tasks to queue
[2025-04-25T16:35:42.469+0000] {logging_mixin.py:190} INFO - [2025-04-25T16:35:42.468+0000] {dagbag.py:588} INFO - Filling up the DagBag from /home/airflow/.local/lib/python3.10/site-packages/airflow/example_dags/example_sensors.py
[2025-04-25T16:35:42.484+0000] {processor.py:925} INFO - DAG(s) 'example_sensors' retrieved from /home/airflow/.local/lib/python3.10/site-packages/airflow/example_dags/example_sensors.py
[2025-04-25T16:35:42.512+0000] {logging_mixin.py:190} INFO - [2025-04-25T16:35:42.512+0000] {dag.py:3239} INFO - Sync 1 DAGs
[2025-04-25T16:35:42.531+0000] {logging_mixin.py:190} INFO - [2025-04-25T16:35:42.531+0000] {dag.py:4180} INFO - Setting next_dagrun for example_sensors to None, run_after=None
[2025-04-25T16:35:42.553+0000] {processor.py:208} INFO - Processing /home/airflow/.local/lib/python3.10/site-packages/airflow/example_dags/example_sensors.py took 0.095 seconds
[2025-04-25T16:36:13.785+0000] {processor.py:186} INFO - Started process (PID=872) to work on /home/airflow/.local/lib/python3.10/site-packages/airflow/example_dags/example_sensors.py
[2025-04-25T16:36:13.786+0000] {processor.py:914} INFO - Processing file /home/airflow/.local/lib/python3.10/site-packages/airflow/example_dags/example_sensors.py for tasks to queue
[2025-04-25T16:36:13.789+0000] {logging_mixin.py:190} INFO - [2025-04-25T16:36:13.789+0000] {dagbag.py:588} INFO - Filling up the DagBag from /home/airflow/.local/lib/python3.10/site-packages/airflow/example_dags/example_sensors.py
[2025-04-25T16:36:13.801+0000] {processor.py:925} INFO - DAG(s) 'example_sensors' retrieved from /home/airflow/.local/lib/python3.10/site-packages/airflow/example_dags/example_sensors.py
[2025-04-25T16:36:13.833+0000] {logging_mixin.py:190} INFO - [2025-04-25T16:36:13.833+0000] {dag.py:3239} INFO - Sync 1 DAGs
[2025-04-25T16:36:13.847+0000] {logging_mixin.py:190} INFO - [2025-04-25T16:36:13.847+0000] {dag.py:4180} INFO - Setting next_dagrun for example_sensors to None, run_after=None
[2025-04-25T16:36:13.866+0000] {processor.py:208} INFO - Processing /home/airflow/.local/lib/python3.10/site-packages/airflow/example_dags/example_sensors.py took 0.088 seconds
[2025-04-25T16:36:44.862+0000] {processor.py:186} INFO - Started process (PID=938) to work on /home/airflow/.local/lib/python3.10/site-packages/airflow/example_dags/example_sensors.py
[2025-04-25T16:36:44.863+0000] {processor.py:914} INFO - Processing file /home/airflow/.local/lib/python3.10/site-packages/airflow/example_dags/example_sensors.py for tasks to queue
[2025-04-25T16:36:44.866+0000] {logging_mixin.py:190} INFO - [2025-04-25T16:36:44.865+0000] {dagbag.py:588} INFO - Filling up the DagBag from /home/airflow/.local/lib/python3.10/site-packages/airflow/example_dags/example_sensors.py
[2025-04-25T16:36:44.875+0000] {processor.py:925} INFO - DAG(s) 'example_sensors' retrieved from /home/airflow/.local/lib/python3.10/site-packages/airflow/example_dags/example_sensors.py
[2025-04-25T16:36:44.899+0000] {logging_mixin.py:190} INFO - [2025-04-25T16:36:44.899+0000] {dag.py:3239} INFO - Sync 1 DAGs
[2025-04-25T16:36:44.912+0000] {logging_mixin.py:190} INFO - [2025-04-25T16:36:44.912+0000] {dag.py:4180} INFO - Setting next_dagrun for example_sensors to None, run_after=None
[2025-04-25T16:36:44.928+0000] {processor.py:208} INFO - Processing /home/airflow/.local/lib/python3.10/site-packages/airflow/example_dags/example_sensors.py took 0.071 seconds
[2025-04-25T16:37:16.245+0000] {processor.py:186} INFO - Started process (PID=1003) to work on /home/airflow/.local/lib/python3.10/site-packages/airflow/example_dags/example_sensors.py
[2025-04-25T16:37:16.246+0000] {processor.py:914} INFO - Processing file /home/airflow/.local/lib/python3.10/site-packages/airflow/example_dags/example_sensors.py for tasks to queue
[2025-04-25T16:37:16.248+0000] {logging_mixin.py:190} INFO - [2025-04-25T16:37:16.248+0000] {dagbag.py:588} INFO - Filling up the DagBag from /home/airflow/.local/lib/python3.10/site-packages/airflow/example_dags/example_sensors.py
[2025-04-25T16:37:16.260+0000] {processor.py:925} INFO - DAG(s) 'example_sensors' retrieved from /home/airflow/.local/lib/python3.10/site-packages/airflow/example_dags/example_sensors.py
[2025-04-25T16:37:16.289+0000] {logging_mixin.py:190} INFO - [2025-04-25T16:37:16.288+0000] {dag.py:3239} INFO - Sync 1 DAGs
[2025-04-25T16:37:16.303+0000] {logging_mixin.py:190} INFO - [2025-04-25T16:37:16.302+0000] {dag.py:4180} INFO - Setting next_dagrun for example_sensors to None, run_after=None
[2025-04-25T16:37:16.319+0000] {processor.py:208} INFO - Processing /home/airflow/.local/lib/python3.10/site-packages/airflow/example_dags/example_sensors.py took 0.081 seconds
[2025-04-25T16:37:47.130+0000] {processor.py:186} INFO - Started process (PID=1069) to work on /home/airflow/.local/lib/python3.10/site-packages/airflow/example_dags/example_sensors.py
[2025-04-25T16:37:47.131+0000] {processor.py:914} INFO - Processing file /home/airflow/.local/lib/python3.10/site-packages/airflow/example_dags/example_sensors.py for tasks to queue
[2025-04-25T16:37:47.133+0000] {logging_mixin.py:190} INFO - [2025-04-25T16:37:47.133+0000] {dagbag.py:588} INFO - Filling up the DagBag from /home/airflow/.local/lib/python3.10/site-packages/airflow/example_dags/example_sensors.py
[2025-04-25T16:37:47.143+0000] {processor.py:925} INFO - DAG(s) 'example_sensors' retrieved from /home/airflow/.local/lib/python3.10/site-packages/airflow/example_dags/example_sensors.py
[2025-04-25T16:37:47.166+0000] {logging_mixin.py:190} INFO - [2025-04-25T16:37:47.166+0000] {dag.py:3239} INFO - Sync 1 DAGs
[2025-04-25T16:37:47.179+0000] {logging_mixin.py:190} INFO - [2025-04-25T16:37:47.179+0000] {dag.py:4180} INFO - Setting next_dagrun for example_sensors to None, run_after=None
[2025-04-25T16:37:47.196+0000] {processor.py:208} INFO - Processing /home/airflow/.local/lib/python3.10/site-packages/airflow/example_dags/example_sensors.py took 0.071 seconds
[2025-04-25T16:38:18.819+0000] {processor.py:186} INFO - Started process (PID=1135) to work on /home/airflow/.local/lib/python3.10/site-packages/airflow/example_dags/example_sensors.py
[2025-04-25T16:38:18.820+0000] {processor.py:914} INFO - Processing file /home/airflow/.local/lib/python3.10/site-packages/airflow/example_dags/example_sensors.py for tasks to queue
[2025-04-25T16:38:18.822+0000] {logging_mixin.py:190} INFO - [2025-04-25T16:38:18.822+0000] {dagbag.py:588} INFO - Filling up the DagBag from /home/airflow/.local/lib/python3.10/site-packages/airflow/example_dags/example_sensors.py
[2025-04-25T16:38:18.833+0000] {processor.py:925} INFO - DAG(s) 'example_sensors' retrieved from /home/airflow/.local/lib/python3.10/site-packages/airflow/example_dags/example_sensors.py
[2025-04-25T16:38:18.859+0000] {logging_mixin.py:190} INFO - [2025-04-25T16:38:18.859+0000] {dag.py:3239} INFO - Sync 1 DAGs
[2025-04-25T16:38:18.874+0000] {logging_mixin.py:190} INFO - [2025-04-25T16:38:18.874+0000] {dag.py:4180} INFO - Setting next_dagrun for example_sensors to None, run_after=None
[2025-04-25T16:38:18.895+0000] {processor.py:208} INFO - Processing /home/airflow/.local/lib/python3.10/site-packages/airflow/example_dags/example_sensors.py took 0.082 seconds
[2025-04-25T16:38:50.169+0000] {processor.py:186} INFO - Started process (PID=1202) to work on /home/airflow/.local/lib/python3.10/site-packages/airflow/example_dags/example_sensors.py
[2025-04-25T16:38:50.170+0000] {processor.py:914} INFO - Processing file /home/airflow/.local/lib/python3.10/site-packages/airflow/example_dags/example_sensors.py for tasks to queue
[2025-04-25T16:38:50.173+0000] {logging_mixin.py:190} INFO - [2025-04-25T16:38:50.173+0000] {dagbag.py:588} INFO - Filling up the DagBag from /home/airflow/.local/lib/python3.10/site-packages/airflow/example_dags/example_sensors.py
[2025-04-25T16:38:50.186+0000] {processor.py:925} INFO - DAG(s) 'example_sensors' retrieved from /home/airflow/.local/lib/python3.10/site-packages/airflow/example_dags/example_sensors.py
[2025-04-25T16:38:50.213+0000] {logging_mixin.py:190} INFO - [2025-04-25T16:38:50.213+0000] {dag.py:3239} INFO - Sync 1 DAGs
[2025-04-25T16:38:50.229+0000] {logging_mixin.py:190} INFO - [2025-04-25T16:38:50.228+0000] {dag.py:4180} INFO - Setting next_dagrun for example_sensors to None, run_after=None
[2025-04-25T16:38:50.250+0000] {processor.py:208} INFO - Processing /home/airflow/.local/lib/python3.10/site-packages/airflow/example_dags/example_sensors.py took 0.088 seconds
