[2025-04-25T16:30:01.800+0000] {processor.py:186} INFO - Started process (PID=59) to work on /home/airflow/.local/lib/python3.10/site-packages/airflow/example_dags/example_branch_python_dop_operator_3.py
[2025-04-25T16:30:01.801+0000] {processor.py:914} INFO - Processing file /home/airflow/.local/lib/python3.10/site-packages/airflow/example_dags/example_branch_python_dop_operator_3.py for tasks to queue
[2025-04-25T16:30:01.804+0000] {logging_mixin.py:190} INFO - [2025-04-25T16:30:01.804+0000] {dagbag.py:588} INFO - Filling up the DagBag from /home/airflow/.local/lib/python3.10/site-packages/airflow/example_dags/example_branch_python_dop_operator_3.py
[2025-04-25T16:30:01.824+0000] {processor.py:925} INFO - DAG(s) 'example_branch_dop_operator_v3' retrieved from /home/airflow/.local/lib/python3.10/site-packages/airflow/example_dags/example_branch_python_dop_operator_3.py
[2025-04-25T16:30:01.862+0000] {logging_mixin.py:190} INFO - [2025-04-25T16:30:01.861+0000] {dag.py:3239} INFO - Sync 1 DAGs
[2025-04-25T16:30:01.899+0000] {logging_mixin.py:190} INFO - [2025-04-25T16:30:01.899+0000] {dag.py:4180} INFO - Setting next_dagrun for example_branch_dop_operator_v3 to 2025-04-25 16:29:00+00:00, run_after=2025-04-25 16:30:00+00:00
[2025-04-25T16:30:01.928+0000] {processor.py:208} INFO - Processing /home/airflow/.local/lib/python3.10/site-packages/airflow/example_dags/example_branch_python_dop_operator_3.py took 0.137 seconds
[2025-04-25T16:30:32.497+0000] {processor.py:186} INFO - Started process (PID=125) to work on /home/airflow/.local/lib/python3.10/site-packages/airflow/example_dags/example_branch_python_dop_operator_3.py
[2025-04-25T16:30:32.498+0000] {processor.py:914} INFO - Processing file /home/airflow/.local/lib/python3.10/site-packages/airflow/example_dags/example_branch_python_dop_operator_3.py for tasks to queue
[2025-04-25T16:30:32.500+0000] {logging_mixin.py:190} INFO - [2025-04-25T16:30:32.500+0000] {dagbag.py:588} INFO - Filling up the DagBag from /home/airflow/.local/lib/python3.10/site-packages/airflow/example_dags/example_branch_python_dop_operator_3.py
[2025-04-25T16:30:32.511+0000] {processor.py:925} INFO - DAG(s) 'example_branch_dop_operator_v3' retrieved from /home/airflow/.local/lib/python3.10/site-packages/airflow/example_dags/example_branch_python_dop_operator_3.py
[2025-04-25T16:30:32.533+0000] {logging_mixin.py:190} INFO - [2025-04-25T16:30:32.533+0000] {dag.py:3239} INFO - Sync 1 DAGs
[2025-04-25T16:30:32.563+0000] {logging_mixin.py:190} INFO - [2025-04-25T16:30:32.563+0000] {dag.py:4180} INFO - Setting next_dagrun for example_branch_dop_operator_v3 to 2025-04-25 16:29:00+00:00, run_after=2025-04-25 16:30:00+00:00
[2025-04-25T16:30:32.581+0000] {processor.py:208} INFO - Processing /home/airflow/.local/lib/python3.10/site-packages/airflow/example_dags/example_branch_python_dop_operator_3.py took 0.090 seconds
[2025-04-25T16:31:03.019+0000] {processor.py:186} INFO - Started process (PID=191) to work on /home/airflow/.local/lib/python3.10/site-packages/airflow/example_dags/example_branch_python_dop_operator_3.py
[2025-04-25T16:31:03.020+0000] {processor.py:914} INFO - Processing file /home/airflow/.local/lib/python3.10/site-packages/airflow/example_dags/example_branch_python_dop_operator_3.py for tasks to queue
[2025-04-25T16:31:03.022+0000] {logging_mixin.py:190} INFO - [2025-04-25T16:31:03.022+0000] {dagbag.py:588} INFO - Filling up the DagBag from /home/airflow/.local/lib/python3.10/site-packages/airflow/example_dags/example_branch_python_dop_operator_3.py
[2025-04-25T16:31:03.032+0000] {processor.py:925} INFO - DAG(s) 'example_branch_dop_operator_v3' retrieved from /home/airflow/.local/lib/python3.10/site-packages/airflow/example_dags/example_branch_python_dop_operator_3.py
[2025-04-25T16:31:03.050+0000] {logging_mixin.py:190} INFO - [2025-04-25T16:31:03.050+0000] {dag.py:3239} INFO - Sync 1 DAGs
[2025-04-25T16:31:03.074+0000] {logging_mixin.py:190} INFO - [2025-04-25T16:31:03.074+0000] {dag.py:4180} INFO - Setting next_dagrun for example_branch_dop_operator_v3 to 2025-04-25 16:30:00+00:00, run_after=2025-04-25 16:31:00+00:00
[2025-04-25T16:31:03.090+0000] {processor.py:208} INFO - Processing /home/airflow/.local/lib/python3.10/site-packages/airflow/example_dags/example_branch_python_dop_operator_3.py took 0.076 seconds
[2025-04-25T16:31:33.695+0000] {processor.py:186} INFO - Started process (PID=257) to work on /home/airflow/.local/lib/python3.10/site-packages/airflow/example_dags/example_branch_python_dop_operator_3.py
[2025-04-25T16:31:33.696+0000] {processor.py:914} INFO - Processing file /home/airflow/.local/lib/python3.10/site-packages/airflow/example_dags/example_branch_python_dop_operator_3.py for tasks to queue
[2025-04-25T16:31:33.698+0000] {logging_mixin.py:190} INFO - [2025-04-25T16:31:33.698+0000] {dagbag.py:588} INFO - Filling up the DagBag from /home/airflow/.local/lib/python3.10/site-packages/airflow/example_dags/example_branch_python_dop_operator_3.py
[2025-04-25T16:31:33.708+0000] {processor.py:925} INFO - DAG(s) 'example_branch_dop_operator_v3' retrieved from /home/airflow/.local/lib/python3.10/site-packages/airflow/example_dags/example_branch_python_dop_operator_3.py
[2025-04-25T16:31:33.727+0000] {logging_mixin.py:190} INFO - [2025-04-25T16:31:33.726+0000] {dag.py:3239} INFO - Sync 1 DAGs
[2025-04-25T16:31:33.752+0000] {logging_mixin.py:190} INFO - [2025-04-25T16:31:33.752+0000] {dag.py:4180} INFO - Setting next_dagrun for example_branch_dop_operator_v3 to 2025-04-25 16:30:00+00:00, run_after=2025-04-25 16:31:00+00:00
[2025-04-25T16:31:33.771+0000] {processor.py:208} INFO - Processing /home/airflow/.local/lib/python3.10/site-packages/airflow/example_dags/example_branch_python_dop_operator_3.py took 0.081 seconds
[2025-04-25T16:32:05.108+0000] {processor.py:186} INFO - Started process (PID=323) to work on /home/airflow/.local/lib/python3.10/site-packages/airflow/example_dags/example_branch_python_dop_operator_3.py
[2025-04-25T16:32:05.109+0000] {processor.py:914} INFO - Processing file /home/airflow/.local/lib/python3.10/site-packages/airflow/example_dags/example_branch_python_dop_operator_3.py for tasks to queue
[2025-04-25T16:32:05.111+0000] {logging_mixin.py:190} INFO - [2025-04-25T16:32:05.110+0000] {dagbag.py:588} INFO - Filling up the DagBag from /home/airflow/.local/lib/python3.10/site-packages/airflow/example_dags/example_branch_python_dop_operator_3.py
[2025-04-25T16:32:05.120+0000] {processor.py:925} INFO - DAG(s) 'example_branch_dop_operator_v3' retrieved from /home/airflow/.local/lib/python3.10/site-packages/airflow/example_dags/example_branch_python_dop_operator_3.py
[2025-04-25T16:32:05.142+0000] {logging_mixin.py:190} INFO - [2025-04-25T16:32:05.142+0000] {dag.py:3239} INFO - Sync 1 DAGs
[2025-04-25T16:32:05.172+0000] {logging_mixin.py:190} INFO - [2025-04-25T16:32:05.172+0000] {dag.py:4180} INFO - Setting next_dagrun for example_branch_dop_operator_v3 to 2025-04-25 16:31:00+00:00, run_after=2025-04-25 16:32:00+00:00
[2025-04-25T16:32:05.192+0000] {processor.py:208} INFO - Processing /home/airflow/.local/lib/python3.10/site-packages/airflow/example_dags/example_branch_python_dop_operator_3.py took 0.089 seconds
[2025-04-25T16:32:35.928+0000] {processor.py:186} INFO - Started process (PID=389) to work on /home/airflow/.local/lib/python3.10/site-packages/airflow/example_dags/example_branch_python_dop_operator_3.py
[2025-04-25T16:32:35.929+0000] {processor.py:914} INFO - Processing file /home/airflow/.local/lib/python3.10/site-packages/airflow/example_dags/example_branch_python_dop_operator_3.py for tasks to queue
[2025-04-25T16:32:35.931+0000] {logging_mixin.py:190} INFO - [2025-04-25T16:32:35.931+0000] {dagbag.py:588} INFO - Filling up the DagBag from /home/airflow/.local/lib/python3.10/site-packages/airflow/example_dags/example_branch_python_dop_operator_3.py
[2025-04-25T16:32:35.942+0000] {processor.py:925} INFO - DAG(s) 'example_branch_dop_operator_v3' retrieved from /home/airflow/.local/lib/python3.10/site-packages/airflow/example_dags/example_branch_python_dop_operator_3.py
[2025-04-25T16:32:35.963+0000] {logging_mixin.py:190} INFO - [2025-04-25T16:32:35.962+0000] {dag.py:3239} INFO - Sync 1 DAGs
[2025-04-25T16:32:35.995+0000] {logging_mixin.py:190} INFO - [2025-04-25T16:32:35.994+0000] {dag.py:4180} INFO - Setting next_dagrun for example_branch_dop_operator_v3 to 2025-04-25 16:31:00+00:00, run_after=2025-04-25 16:32:00+00:00
[2025-04-25T16:32:36.019+0000] {processor.py:208} INFO - Processing /home/airflow/.local/lib/python3.10/site-packages/airflow/example_dags/example_branch_python_dop_operator_3.py took 0.099 seconds
[2025-04-25T16:33:07.238+0000] {processor.py:186} INFO - Started process (PID=455) to work on /home/airflow/.local/lib/python3.10/site-packages/airflow/example_dags/example_branch_python_dop_operator_3.py
[2025-04-25T16:33:07.239+0000] {processor.py:914} INFO - Processing file /home/airflow/.local/lib/python3.10/site-packages/airflow/example_dags/example_branch_python_dop_operator_3.py for tasks to queue
[2025-04-25T16:33:07.241+0000] {logging_mixin.py:190} INFO - [2025-04-25T16:33:07.241+0000] {dagbag.py:588} INFO - Filling up the DagBag from /home/airflow/.local/lib/python3.10/site-packages/airflow/example_dags/example_branch_python_dop_operator_3.py
[2025-04-25T16:33:07.252+0000] {processor.py:925} INFO - DAG(s) 'example_branch_dop_operator_v3' retrieved from /home/airflow/.local/lib/python3.10/site-packages/airflow/example_dags/example_branch_python_dop_operator_3.py
[2025-04-25T16:33:07.274+0000] {logging_mixin.py:190} INFO - [2025-04-25T16:33:07.273+0000] {dag.py:3239} INFO - Sync 1 DAGs
[2025-04-25T16:33:07.305+0000] {logging_mixin.py:190} INFO - [2025-04-25T16:33:07.305+0000] {dag.py:4180} INFO - Setting next_dagrun for example_branch_dop_operator_v3 to 2025-04-25 16:32:00+00:00, run_after=2025-04-25 16:33:00+00:00
[2025-04-25T16:33:07.324+0000] {processor.py:208} INFO - Processing /home/airflow/.local/lib/python3.10/site-packages/airflow/example_dags/example_branch_python_dop_operator_3.py took 0.093 seconds
[2025-04-25T16:33:38.238+0000] {processor.py:186} INFO - Started process (PID=521) to work on /home/airflow/.local/lib/python3.10/site-packages/airflow/example_dags/example_branch_python_dop_operator_3.py
[2025-04-25T16:33:38.239+0000] {processor.py:914} INFO - Processing file /home/airflow/.local/lib/python3.10/site-packages/airflow/example_dags/example_branch_python_dop_operator_3.py for tasks to queue
[2025-04-25T16:33:38.241+0000] {logging_mixin.py:190} INFO - [2025-04-25T16:33:38.241+0000] {dagbag.py:588} INFO - Filling up the DagBag from /home/airflow/.local/lib/python3.10/site-packages/airflow/example_dags/example_branch_python_dop_operator_3.py
[2025-04-25T16:33:38.250+0000] {processor.py:925} INFO - DAG(s) 'example_branch_dop_operator_v3' retrieved from /home/airflow/.local/lib/python3.10/site-packages/airflow/example_dags/example_branch_python_dop_operator_3.py
[2025-04-25T16:33:38.268+0000] {logging_mixin.py:190} INFO - [2025-04-25T16:33:38.268+0000] {dag.py:3239} INFO - Sync 1 DAGs
[2025-04-25T16:33:38.297+0000] {logging_mixin.py:190} INFO - [2025-04-25T16:33:38.297+0000] {dag.py:4180} INFO - Setting next_dagrun for example_branch_dop_operator_v3 to 2025-04-25 16:32:00+00:00, run_after=2025-04-25 16:33:00+00:00
[2025-04-25T16:33:38.313+0000] {processor.py:208} INFO - Processing /home/airflow/.local/lib/python3.10/site-packages/airflow/example_dags/example_branch_python_dop_operator_3.py took 0.080 seconds
[2025-04-25T16:34:09.304+0000] {processor.py:186} INFO - Started process (PID=587) to work on /home/airflow/.local/lib/python3.10/site-packages/airflow/example_dags/example_branch_python_dop_operator_3.py
[2025-04-25T16:34:09.305+0000] {processor.py:914} INFO - Processing file /home/airflow/.local/lib/python3.10/site-packages/airflow/example_dags/example_branch_python_dop_operator_3.py for tasks to queue
[2025-04-25T16:34:09.307+0000] {logging_mixin.py:190} INFO - [2025-04-25T16:34:09.307+0000] {dagbag.py:588} INFO - Filling up the DagBag from /home/airflow/.local/lib/python3.10/site-packages/airflow/example_dags/example_branch_python_dop_operator_3.py
[2025-04-25T16:34:09.317+0000] {processor.py:925} INFO - DAG(s) 'example_branch_dop_operator_v3' retrieved from /home/airflow/.local/lib/python3.10/site-packages/airflow/example_dags/example_branch_python_dop_operator_3.py
[2025-04-25T16:34:09.336+0000] {logging_mixin.py:190} INFO - [2025-04-25T16:34:09.336+0000] {dag.py:3239} INFO - Sync 1 DAGs
[2025-04-25T16:34:09.364+0000] {logging_mixin.py:190} INFO - [2025-04-25T16:34:09.363+0000] {dag.py:4180} INFO - Setting next_dagrun for example_branch_dop_operator_v3 to 2025-04-25 16:33:00+00:00, run_after=2025-04-25 16:34:00+00:00
[2025-04-25T16:34:09.382+0000] {processor.py:208} INFO - Processing /home/airflow/.local/lib/python3.10/site-packages/airflow/example_dags/example_branch_python_dop_operator_3.py took 0.084 seconds
[2025-04-25T16:34:40.168+0000] {processor.py:186} INFO - Started process (PID=653) to work on /home/airflow/.local/lib/python3.10/site-packages/airflow/example_dags/example_branch_python_dop_operator_3.py
[2025-04-25T16:34:40.169+0000] {processor.py:914} INFO - Processing file /home/airflow/.local/lib/python3.10/site-packages/airflow/example_dags/example_branch_python_dop_operator_3.py for tasks to queue
[2025-04-25T16:34:40.172+0000] {logging_mixin.py:190} INFO - [2025-04-25T16:34:40.171+0000] {dagbag.py:588} INFO - Filling up the DagBag from /home/airflow/.local/lib/python3.10/site-packages/airflow/example_dags/example_branch_python_dop_operator_3.py
[2025-04-25T16:34:40.183+0000] {processor.py:925} INFO - DAG(s) 'example_branch_dop_operator_v3' retrieved from /home/airflow/.local/lib/python3.10/site-packages/airflow/example_dags/example_branch_python_dop_operator_3.py
[2025-04-25T16:34:40.206+0000] {logging_mixin.py:190} INFO - [2025-04-25T16:34:40.206+0000] {dag.py:3239} INFO - Sync 1 DAGs
[2025-04-25T16:34:40.236+0000] {logging_mixin.py:190} INFO - [2025-04-25T16:34:40.236+0000] {dag.py:4180} INFO - Setting next_dagrun for example_branch_dop_operator_v3 to 2025-04-25 16:33:00+00:00, run_after=2025-04-25 16:34:00+00:00
[2025-04-25T16:34:40.256+0000] {processor.py:208} INFO - Processing /home/airflow/.local/lib/python3.10/site-packages/airflow/example_dags/example_branch_python_dop_operator_3.py took 0.096 seconds
[2025-04-25T16:35:11.145+0000] {processor.py:186} INFO - Started process (PID=725) to work on /home/airflow/.local/lib/python3.10/site-packages/airflow/example_dags/example_branch_python_dop_operator_3.py
[2025-04-25T16:35:11.146+0000] {processor.py:914} INFO - Processing file /home/airflow/.local/lib/python3.10/site-packages/airflow/example_dags/example_branch_python_dop_operator_3.py for tasks to queue
[2025-04-25T16:35:11.149+0000] {logging_mixin.py:190} INFO - [2025-04-25T16:35:11.149+0000] {dagbag.py:588} INFO - Filling up the DagBag from /home/airflow/.local/lib/python3.10/site-packages/airflow/example_dags/example_branch_python_dop_operator_3.py
[2025-04-25T16:35:11.164+0000] {processor.py:925} INFO - DAG(s) 'example_branch_dop_operator_v3' retrieved from /home/airflow/.local/lib/python3.10/site-packages/airflow/example_dags/example_branch_python_dop_operator_3.py
[2025-04-25T16:35:11.194+0000] {logging_mixin.py:190} INFO - [2025-04-25T16:35:11.193+0000] {dag.py:3239} INFO - Sync 1 DAGs
[2025-04-25T16:35:11.253+0000] {logging_mixin.py:190} INFO - [2025-04-25T16:35:11.252+0000] {dag.py:4180} INFO - Setting next_dagrun for example_branch_dop_operator_v3 to 2025-04-25 16:34:00+00:00, run_after=2025-04-25 16:35:00+00:00
[2025-04-25T16:35:11.306+0000] {processor.py:208} INFO - Processing /home/airflow/.local/lib/python3.10/site-packages/airflow/example_dags/example_branch_python_dop_operator_3.py took 0.169 seconds
[2025-04-25T16:35:42.083+0000] {processor.py:186} INFO - Started process (PID=803) to work on /home/airflow/.local/lib/python3.10/site-packages/airflow/example_dags/example_branch_python_dop_operator_3.py
[2025-04-25T16:35:42.084+0000] {processor.py:914} INFO - Processing file /home/airflow/.local/lib/python3.10/site-packages/airflow/example_dags/example_branch_python_dop_operator_3.py for tasks to queue
[2025-04-25T16:35:42.087+0000] {logging_mixin.py:190} INFO - [2025-04-25T16:35:42.086+0000] {dagbag.py:588} INFO - Filling up the DagBag from /home/airflow/.local/lib/python3.10/site-packages/airflow/example_dags/example_branch_python_dop_operator_3.py
[2025-04-25T16:35:42.097+0000] {processor.py:925} INFO - DAG(s) 'example_branch_dop_operator_v3' retrieved from /home/airflow/.local/lib/python3.10/site-packages/airflow/example_dags/example_branch_python_dop_operator_3.py
[2025-04-25T16:35:42.117+0000] {logging_mixin.py:190} INFO - [2025-04-25T16:35:42.117+0000] {dag.py:3239} INFO - Sync 1 DAGs
[2025-04-25T16:35:42.145+0000] {logging_mixin.py:190} INFO - [2025-04-25T16:35:42.144+0000] {dag.py:4180} INFO - Setting next_dagrun for example_branch_dop_operator_v3 to 2025-04-25 16:34:00+00:00, run_after=2025-04-25 16:35:00+00:00
[2025-04-25T16:35:42.163+0000] {processor.py:208} INFO - Processing /home/airflow/.local/lib/python3.10/site-packages/airflow/example_dags/example_branch_python_dop_operator_3.py took 0.087 seconds
[2025-04-25T16:36:13.470+0000] {processor.py:186} INFO - Started process (PID=868) to work on /home/airflow/.local/lib/python3.10/site-packages/airflow/example_dags/example_branch_python_dop_operator_3.py
[2025-04-25T16:36:13.471+0000] {processor.py:914} INFO - Processing file /home/airflow/.local/lib/python3.10/site-packages/airflow/example_dags/example_branch_python_dop_operator_3.py for tasks to queue
[2025-04-25T16:36:13.475+0000] {logging_mixin.py:190} INFO - [2025-04-25T16:36:13.474+0000] {dagbag.py:588} INFO - Filling up the DagBag from /home/airflow/.local/lib/python3.10/site-packages/airflow/example_dags/example_branch_python_dop_operator_3.py
[2025-04-25T16:36:13.486+0000] {processor.py:925} INFO - DAG(s) 'example_branch_dop_operator_v3' retrieved from /home/airflow/.local/lib/python3.10/site-packages/airflow/example_dags/example_branch_python_dop_operator_3.py
[2025-04-25T16:36:13.510+0000] {logging_mixin.py:190} INFO - [2025-04-25T16:36:13.510+0000] {dag.py:3239} INFO - Sync 1 DAGs
[2025-04-25T16:36:13.542+0000] {logging_mixin.py:190} INFO - [2025-04-25T16:36:13.541+0000] {dag.py:4180} INFO - Setting next_dagrun for example_branch_dop_operator_v3 to 2025-04-25 16:35:00+00:00, run_after=2025-04-25 16:36:00+00:00
[2025-04-25T16:36:13.569+0000] {processor.py:208} INFO - Processing /home/airflow/.local/lib/python3.10/site-packages/airflow/example_dags/example_branch_python_dop_operator_3.py took 0.106 seconds
[2025-04-25T16:36:44.529+0000] {processor.py:186} INFO - Started process (PID=934) to work on /home/airflow/.local/lib/python3.10/site-packages/airflow/example_dags/example_branch_python_dop_operator_3.py
[2025-04-25T16:36:44.530+0000] {processor.py:914} INFO - Processing file /home/airflow/.local/lib/python3.10/site-packages/airflow/example_dags/example_branch_python_dop_operator_3.py for tasks to queue
[2025-04-25T16:36:44.532+0000] {logging_mixin.py:190} INFO - [2025-04-25T16:36:44.532+0000] {dagbag.py:588} INFO - Filling up the DagBag from /home/airflow/.local/lib/python3.10/site-packages/airflow/example_dags/example_branch_python_dop_operator_3.py
[2025-04-25T16:36:44.541+0000] {processor.py:925} INFO - DAG(s) 'example_branch_dop_operator_v3' retrieved from /home/airflow/.local/lib/python3.10/site-packages/airflow/example_dags/example_branch_python_dop_operator_3.py
[2025-04-25T16:36:44.558+0000] {logging_mixin.py:190} INFO - [2025-04-25T16:36:44.558+0000] {dag.py:3239} INFO - Sync 1 DAGs
[2025-04-25T16:36:44.584+0000] {logging_mixin.py:190} INFO - [2025-04-25T16:36:44.583+0000] {dag.py:4180} INFO - Setting next_dagrun for example_branch_dop_operator_v3 to 2025-04-25 16:35:00+00:00, run_after=2025-04-25 16:36:00+00:00
[2025-04-25T16:36:44.599+0000] {processor.py:208} INFO - Processing /home/airflow/.local/lib/python3.10/site-packages/airflow/example_dags/example_branch_python_dop_operator_3.py took 0.076 seconds
[2025-04-25T16:37:16.098+0000] {processor.py:186} INFO - Started process (PID=1000) to work on /home/airflow/.local/lib/python3.10/site-packages/airflow/example_dags/example_branch_python_dop_operator_3.py
[2025-04-25T16:37:16.100+0000] {processor.py:914} INFO - Processing file /home/airflow/.local/lib/python3.10/site-packages/airflow/example_dags/example_branch_python_dop_operator_3.py for tasks to queue
[2025-04-25T16:37:16.102+0000] {logging_mixin.py:190} INFO - [2025-04-25T16:37:16.102+0000] {dagbag.py:588} INFO - Filling up the DagBag from /home/airflow/.local/lib/python3.10/site-packages/airflow/example_dags/example_branch_python_dop_operator_3.py
[2025-04-25T16:37:16.113+0000] {processor.py:925} INFO - DAG(s) 'example_branch_dop_operator_v3' retrieved from /home/airflow/.local/lib/python3.10/site-packages/airflow/example_dags/example_branch_python_dop_operator_3.py
[2025-04-25T16:37:16.134+0000] {logging_mixin.py:190} INFO - [2025-04-25T16:37:16.133+0000] {dag.py:3239} INFO - Sync 1 DAGs
[2025-04-25T16:37:16.161+0000] {logging_mixin.py:190} INFO - [2025-04-25T16:37:16.161+0000] {dag.py:4180} INFO - Setting next_dagrun for example_branch_dop_operator_v3 to 2025-04-25 16:36:00+00:00, run_after=2025-04-25 16:37:00+00:00
[2025-04-25T16:37:16.184+0000] {processor.py:208} INFO - Processing /home/airflow/.local/lib/python3.10/site-packages/airflow/example_dags/example_branch_python_dop_operator_3.py took 0.092 seconds
[2025-04-25T16:37:46.999+0000] {processor.py:186} INFO - Started process (PID=1066) to work on /home/airflow/.local/lib/python3.10/site-packages/airflow/example_dags/example_branch_python_dop_operator_3.py
[2025-04-25T16:37:47.000+0000] {processor.py:914} INFO - Processing file /home/airflow/.local/lib/python3.10/site-packages/airflow/example_dags/example_branch_python_dop_operator_3.py for tasks to queue
[2025-04-25T16:37:47.003+0000] {logging_mixin.py:190} INFO - [2025-04-25T16:37:47.003+0000] {dagbag.py:588} INFO - Filling up the DagBag from /home/airflow/.local/lib/python3.10/site-packages/airflow/example_dags/example_branch_python_dop_operator_3.py
[2025-04-25T16:37:47.013+0000] {processor.py:925} INFO - DAG(s) 'example_branch_dop_operator_v3' retrieved from /home/airflow/.local/lib/python3.10/site-packages/airflow/example_dags/example_branch_python_dop_operator_3.py
[2025-04-25T16:37:47.031+0000] {logging_mixin.py:190} INFO - [2025-04-25T16:37:47.031+0000] {dag.py:3239} INFO - Sync 1 DAGs
[2025-04-25T16:37:47.059+0000] {logging_mixin.py:190} INFO - [2025-04-25T16:37:47.059+0000] {dag.py:4180} INFO - Setting next_dagrun for example_branch_dop_operator_v3 to 2025-04-25 16:36:00+00:00, run_after=2025-04-25 16:37:00+00:00
[2025-04-25T16:37:47.076+0000] {processor.py:208} INFO - Processing /home/airflow/.local/lib/python3.10/site-packages/airflow/example_dags/example_branch_python_dop_operator_3.py took 0.082 seconds
[2025-04-25T16:38:18.646+0000] {processor.py:186} INFO - Started process (PID=1132) to work on /home/airflow/.local/lib/python3.10/site-packages/airflow/example_dags/example_branch_python_dop_operator_3.py
[2025-04-25T16:38:18.647+0000] {processor.py:914} INFO - Processing file /home/airflow/.local/lib/python3.10/site-packages/airflow/example_dags/example_branch_python_dop_operator_3.py for tasks to queue
[2025-04-25T16:38:18.649+0000] {logging_mixin.py:190} INFO - [2025-04-25T16:38:18.649+0000] {dagbag.py:588} INFO - Filling up the DagBag from /home/airflow/.local/lib/python3.10/site-packages/airflow/example_dags/example_branch_python_dop_operator_3.py
[2025-04-25T16:38:18.661+0000] {processor.py:925} INFO - DAG(s) 'example_branch_dop_operator_v3' retrieved from /home/airflow/.local/lib/python3.10/site-packages/airflow/example_dags/example_branch_python_dop_operator_3.py
[2025-04-25T16:38:18.684+0000] {logging_mixin.py:190} INFO - [2025-04-25T16:38:18.683+0000] {dag.py:3239} INFO - Sync 1 DAGs
[2025-04-25T16:38:18.712+0000] {logging_mixin.py:190} INFO - [2025-04-25T16:38:18.712+0000] {dag.py:4180} INFO - Setting next_dagrun for example_branch_dop_operator_v3 to 2025-04-25 16:37:00+00:00, run_after=2025-04-25 16:38:00+00:00
[2025-04-25T16:38:18.731+0000] {processor.py:208} INFO - Processing /home/airflow/.local/lib/python3.10/site-packages/airflow/example_dags/example_branch_python_dop_operator_3.py took 0.091 seconds
[2025-04-25T16:38:49.819+0000] {processor.py:186} INFO - Started process (PID=1198) to work on /home/airflow/.local/lib/python3.10/site-packages/airflow/example_dags/example_branch_python_dop_operator_3.py
[2025-04-25T16:38:49.821+0000] {processor.py:914} INFO - Processing file /home/airflow/.local/lib/python3.10/site-packages/airflow/example_dags/example_branch_python_dop_operator_3.py for tasks to queue
[2025-04-25T16:38:49.824+0000] {logging_mixin.py:190} INFO - [2025-04-25T16:38:49.824+0000] {dagbag.py:588} INFO - Filling up the DagBag from /home/airflow/.local/lib/python3.10/site-packages/airflow/example_dags/example_branch_python_dop_operator_3.py
[2025-04-25T16:38:49.835+0000] {processor.py:925} INFO - DAG(s) 'example_branch_dop_operator_v3' retrieved from /home/airflow/.local/lib/python3.10/site-packages/airflow/example_dags/example_branch_python_dop_operator_3.py
[2025-04-25T16:38:49.856+0000] {logging_mixin.py:190} INFO - [2025-04-25T16:38:49.856+0000] {dag.py:3239} INFO - Sync 1 DAGs
[2025-04-25T16:38:49.887+0000] {logging_mixin.py:190} INFO - [2025-04-25T16:38:49.887+0000] {dag.py:4180} INFO - Setting next_dagrun for example_branch_dop_operator_v3 to 2025-04-25 16:37:00+00:00, run_after=2025-04-25 16:38:00+00:00
[2025-04-25T16:38:49.910+0000] {processor.py:208} INFO - Processing /home/airflow/.local/lib/python3.10/site-packages/airflow/example_dags/example_branch_python_dop_operator_3.py took 0.097 seconds
