[2025-04-25T16:30:03.362+0000] {processor.py:186} INFO - Started process (PID=73) to work on /home/airflow/.local/lib/python3.10/site-packages/airflow/example_dags/example_display_name.py
[2025-04-25T16:30:03.364+0000] {processor.py:914} INFO - Processing file /home/airflow/.local/lib/python3.10/site-packages/airflow/example_dags/example_display_name.py for tasks to queue
[2025-04-25T16:30:03.368+0000] {logging_mixin.py:190} INFO - [2025-04-25T16:30:03.367+0000] {dagbag.py:588} INFO - Filling up the DagBag from /home/airflow/.local/lib/python3.10/site-packages/airflow/example_dags/example_display_name.py
[2025-04-25T16:30:03.381+0000] {processor.py:925} INFO - DAG(s) 'example_display_name' retrieved from /home/airflow/.local/lib/python3.10/site-packages/airflow/example_dags/example_display_name.py
[2025-04-25T16:30:03.414+0000] {logging_mixin.py:190} INFO - [2025-04-25T16:30:03.414+0000] {dag.py:3239} INFO - Sync 1 DAGs
[2025-04-25T16:30:03.433+0000] {logging_mixin.py:190} INFO - [2025-04-25T16:30:03.432+0000] {dag.py:4180} INFO - Setting next_dagrun for example_display_name to None, run_after=None
[2025-04-25T16:30:03.464+0000] {processor.py:208} INFO - Processing /home/airflow/.local/lib/python3.10/site-packages/airflow/example_dags/example_display_name.py took 0.110 seconds
[2025-04-25T16:30:33.802+0000] {processor.py:186} INFO - Started process (PID=139) to work on /home/airflow/.local/lib/python3.10/site-packages/airflow/example_dags/example_display_name.py
[2025-04-25T16:30:33.803+0000] {processor.py:914} INFO - Processing file /home/airflow/.local/lib/python3.10/site-packages/airflow/example_dags/example_display_name.py for tasks to queue
[2025-04-25T16:30:33.805+0000] {logging_mixin.py:190} INFO - [2025-04-25T16:30:33.805+0000] {dagbag.py:588} INFO - Filling up the DagBag from /home/airflow/.local/lib/python3.10/site-packages/airflow/example_dags/example_display_name.py
[2025-04-25T16:30:33.814+0000] {processor.py:925} INFO - DAG(s) 'example_display_name' retrieved from /home/airflow/.local/lib/python3.10/site-packages/airflow/example_dags/example_display_name.py
[2025-04-25T16:30:33.833+0000] {logging_mixin.py:190} INFO - [2025-04-25T16:30:33.832+0000] {dag.py:3239} INFO - Sync 1 DAGs
[2025-04-25T16:30:33.849+0000] {logging_mixin.py:190} INFO - [2025-04-25T16:30:33.849+0000] {dag.py:4180} INFO - Setting next_dagrun for example_display_name to None, run_after=None
[2025-04-25T16:30:33.869+0000] {processor.py:208} INFO - Processing /home/airflow/.local/lib/python3.10/site-packages/airflow/example_dags/example_display_name.py took 0.073 seconds
[2025-04-25T16:31:04.891+0000] {processor.py:186} INFO - Started process (PID=205) to work on /home/airflow/.local/lib/python3.10/site-packages/airflow/example_dags/example_display_name.py
[2025-04-25T16:31:04.893+0000] {processor.py:914} INFO - Processing file /home/airflow/.local/lib/python3.10/site-packages/airflow/example_dags/example_display_name.py for tasks to queue
[2025-04-25T16:31:04.895+0000] {logging_mixin.py:190} INFO - [2025-04-25T16:31:04.895+0000] {dagbag.py:588} INFO - Filling up the DagBag from /home/airflow/.local/lib/python3.10/site-packages/airflow/example_dags/example_display_name.py
[2025-04-25T16:31:04.902+0000] {processor.py:925} INFO - DAG(s) 'example_display_name' retrieved from /home/airflow/.local/lib/python3.10/site-packages/airflow/example_dags/example_display_name.py
[2025-04-25T16:31:04.924+0000] {logging_mixin.py:190} INFO - [2025-04-25T16:31:04.924+0000] {dag.py:3239} INFO - Sync 1 DAGs
[2025-04-25T16:31:04.941+0000] {logging_mixin.py:190} INFO - [2025-04-25T16:31:04.940+0000] {dag.py:4180} INFO - Setting next_dagrun for example_display_name to None, run_after=None
[2025-04-25T16:31:04.964+0000] {processor.py:208} INFO - Processing /home/airflow/.local/lib/python3.10/site-packages/airflow/example_dags/example_display_name.py took 0.079 seconds
[2025-04-25T16:31:35.656+0000] {processor.py:186} INFO - Started process (PID=271) to work on /home/airflow/.local/lib/python3.10/site-packages/airflow/example_dags/example_display_name.py
[2025-04-25T16:31:35.657+0000] {processor.py:914} INFO - Processing file /home/airflow/.local/lib/python3.10/site-packages/airflow/example_dags/example_display_name.py for tasks to queue
[2025-04-25T16:31:35.660+0000] {logging_mixin.py:190} INFO - [2025-04-25T16:31:35.660+0000] {dagbag.py:588} INFO - Filling up the DagBag from /home/airflow/.local/lib/python3.10/site-packages/airflow/example_dags/example_display_name.py
[2025-04-25T16:31:35.667+0000] {processor.py:925} INFO - DAG(s) 'example_display_name' retrieved from /home/airflow/.local/lib/python3.10/site-packages/airflow/example_dags/example_display_name.py
[2025-04-25T16:31:35.689+0000] {logging_mixin.py:190} INFO - [2025-04-25T16:31:35.688+0000] {dag.py:3239} INFO - Sync 1 DAGs
[2025-04-25T16:31:35.706+0000] {logging_mixin.py:190} INFO - [2025-04-25T16:31:35.705+0000] {dag.py:4180} INFO - Setting next_dagrun for example_display_name to None, run_after=None
[2025-04-25T16:31:35.729+0000] {processor.py:208} INFO - Processing /home/airflow/.local/lib/python3.10/site-packages/airflow/example_dags/example_display_name.py took 0.079 seconds
[2025-04-25T16:32:05.989+0000] {processor.py:186} INFO - Started process (PID=336) to work on /home/airflow/.local/lib/python3.10/site-packages/airflow/example_dags/example_display_name.py
[2025-04-25T16:32:05.990+0000] {processor.py:914} INFO - Processing file /home/airflow/.local/lib/python3.10/site-packages/airflow/example_dags/example_display_name.py for tasks to queue
[2025-04-25T16:32:05.993+0000] {logging_mixin.py:190} INFO - [2025-04-25T16:32:05.993+0000] {dagbag.py:588} INFO - Filling up the DagBag from /home/airflow/.local/lib/python3.10/site-packages/airflow/example_dags/example_display_name.py
[2025-04-25T16:32:06.001+0000] {processor.py:925} INFO - DAG(s) 'example_display_name' retrieved from /home/airflow/.local/lib/python3.10/site-packages/airflow/example_dags/example_display_name.py
[2025-04-25T16:32:06.021+0000] {logging_mixin.py:190} INFO - [2025-04-25T16:32:06.021+0000] {dag.py:3239} INFO - Sync 1 DAGs
[2025-04-25T16:32:06.036+0000] {logging_mixin.py:190} INFO - [2025-04-25T16:32:06.035+0000] {dag.py:4180} INFO - Setting next_dagrun for example_display_name to None, run_after=None
[2025-04-25T16:32:06.056+0000] {processor.py:208} INFO - Processing /home/airflow/.local/lib/python3.10/site-packages/airflow/example_dags/example_display_name.py took 0.074 seconds
[2025-04-25T16:32:37.117+0000] {processor.py:186} INFO - Started process (PID=403) to work on /home/airflow/.local/lib/python3.10/site-packages/airflow/example_dags/example_display_name.py
[2025-04-25T16:32:37.118+0000] {processor.py:914} INFO - Processing file /home/airflow/.local/lib/python3.10/site-packages/airflow/example_dags/example_display_name.py for tasks to queue
[2025-04-25T16:32:37.120+0000] {logging_mixin.py:190} INFO - [2025-04-25T16:32:37.120+0000] {dagbag.py:588} INFO - Filling up the DagBag from /home/airflow/.local/lib/python3.10/site-packages/airflow/example_dags/example_display_name.py
[2025-04-25T16:32:37.129+0000] {processor.py:925} INFO - DAG(s) 'example_display_name' retrieved from /home/airflow/.local/lib/python3.10/site-packages/airflow/example_dags/example_display_name.py
[2025-04-25T16:32:37.150+0000] {logging_mixin.py:190} INFO - [2025-04-25T16:32:37.149+0000] {dag.py:3239} INFO - Sync 1 DAGs
[2025-04-25T16:32:37.164+0000] {logging_mixin.py:190} INFO - [2025-04-25T16:32:37.164+0000] {dag.py:4180} INFO - Setting next_dagrun for example_display_name to None, run_after=None
[2025-04-25T16:32:37.182+0000] {processor.py:208} INFO - Processing /home/airflow/.local/lib/python3.10/site-packages/airflow/example_dags/example_display_name.py took 0.071 seconds
[2025-04-25T16:33:08.341+0000] {processor.py:186} INFO - Started process (PID=469) to work on /home/airflow/.local/lib/python3.10/site-packages/airflow/example_dags/example_display_name.py
[2025-04-25T16:33:08.343+0000] {processor.py:914} INFO - Processing file /home/airflow/.local/lib/python3.10/site-packages/airflow/example_dags/example_display_name.py for tasks to queue
[2025-04-25T16:33:08.345+0000] {logging_mixin.py:190} INFO - [2025-04-25T16:33:08.345+0000] {dagbag.py:588} INFO - Filling up the DagBag from /home/airflow/.local/lib/python3.10/site-packages/airflow/example_dags/example_display_name.py
[2025-04-25T16:33:08.354+0000] {processor.py:925} INFO - DAG(s) 'example_display_name' retrieved from /home/airflow/.local/lib/python3.10/site-packages/airflow/example_dags/example_display_name.py
[2025-04-25T16:33:08.378+0000] {logging_mixin.py:190} INFO - [2025-04-25T16:33:08.378+0000] {dag.py:3239} INFO - Sync 1 DAGs
[2025-04-25T16:33:08.396+0000] {logging_mixin.py:190} INFO - [2025-04-25T16:33:08.396+0000] {dag.py:4180} INFO - Setting next_dagrun for example_display_name to None, run_after=None
[2025-04-25T16:33:08.420+0000] {processor.py:208} INFO - Processing /home/airflow/.local/lib/python3.10/site-packages/airflow/example_dags/example_display_name.py took 0.085 seconds
[2025-04-25T16:33:39.199+0000] {processor.py:186} INFO - Started process (PID=535) to work on /home/airflow/.local/lib/python3.10/site-packages/airflow/example_dags/example_display_name.py
[2025-04-25T16:33:39.200+0000] {processor.py:914} INFO - Processing file /home/airflow/.local/lib/python3.10/site-packages/airflow/example_dags/example_display_name.py for tasks to queue
[2025-04-25T16:33:39.202+0000] {logging_mixin.py:190} INFO - [2025-04-25T16:33:39.202+0000] {dagbag.py:588} INFO - Filling up the DagBag from /home/airflow/.local/lib/python3.10/site-packages/airflow/example_dags/example_display_name.py
[2025-04-25T16:33:39.209+0000] {processor.py:925} INFO - DAG(s) 'example_display_name' retrieved from /home/airflow/.local/lib/python3.10/site-packages/airflow/example_dags/example_display_name.py
[2025-04-25T16:33:39.225+0000] {logging_mixin.py:190} INFO - [2025-04-25T16:33:39.225+0000] {dag.py:3239} INFO - Sync 1 DAGs
[2025-04-25T16:33:39.239+0000] {logging_mixin.py:190} INFO - [2025-04-25T16:33:39.239+0000] {dag.py:4180} INFO - Setting next_dagrun for example_display_name to None, run_after=None
[2025-04-25T16:33:39.253+0000] {processor.py:208} INFO - Processing /home/airflow/.local/lib/python3.10/site-packages/airflow/example_dags/example_display_name.py took 0.061 seconds
[2025-04-25T16:34:10.325+0000] {processor.py:186} INFO - Started process (PID=601) to work on /home/airflow/.local/lib/python3.10/site-packages/airflow/example_dags/example_display_name.py
[2025-04-25T16:34:10.326+0000] {processor.py:914} INFO - Processing file /home/airflow/.local/lib/python3.10/site-packages/airflow/example_dags/example_display_name.py for tasks to queue
[2025-04-25T16:34:10.329+0000] {logging_mixin.py:190} INFO - [2025-04-25T16:34:10.328+0000] {dagbag.py:588} INFO - Filling up the DagBag from /home/airflow/.local/lib/python3.10/site-packages/airflow/example_dags/example_display_name.py
[2025-04-25T16:34:10.336+0000] {processor.py:925} INFO - DAG(s) 'example_display_name' retrieved from /home/airflow/.local/lib/python3.10/site-packages/airflow/example_dags/example_display_name.py
[2025-04-25T16:34:10.356+0000] {logging_mixin.py:190} INFO - [2025-04-25T16:34:10.356+0000] {dag.py:3239} INFO - Sync 1 DAGs
[2025-04-25T16:34:10.373+0000] {logging_mixin.py:190} INFO - [2025-04-25T16:34:10.373+0000] {dag.py:4180} INFO - Setting next_dagrun for example_display_name to None, run_after=None
[2025-04-25T16:34:10.396+0000] {processor.py:208} INFO - Processing /home/airflow/.local/lib/python3.10/site-packages/airflow/example_dags/example_display_name.py took 0.076 seconds
[2025-04-25T16:34:41.321+0000] {processor.py:186} INFO - Started process (PID=673) to work on /home/airflow/.local/lib/python3.10/site-packages/airflow/example_dags/example_display_name.py
[2025-04-25T16:34:41.322+0000] {processor.py:914} INFO - Processing file /home/airflow/.local/lib/python3.10/site-packages/airflow/example_dags/example_display_name.py for tasks to queue
[2025-04-25T16:34:41.324+0000] {logging_mixin.py:190} INFO - [2025-04-25T16:34:41.324+0000] {dagbag.py:588} INFO - Filling up the DagBag from /home/airflow/.local/lib/python3.10/site-packages/airflow/example_dags/example_display_name.py
[2025-04-25T16:34:41.332+0000] {processor.py:925} INFO - DAG(s) 'example_display_name' retrieved from /home/airflow/.local/lib/python3.10/site-packages/airflow/example_dags/example_display_name.py
[2025-04-25T16:34:41.352+0000] {logging_mixin.py:190} INFO - [2025-04-25T16:34:41.351+0000] {dag.py:3239} INFO - Sync 1 DAGs
[2025-04-25T16:34:41.368+0000] {logging_mixin.py:190} INFO - [2025-04-25T16:34:41.368+0000] {dag.py:4180} INFO - Setting next_dagrun for example_display_name to None, run_after=None
[2025-04-25T16:34:41.391+0000] {processor.py:208} INFO - Processing /home/airflow/.local/lib/python3.10/site-packages/airflow/example_dags/example_display_name.py took 0.077 seconds
[2025-04-25T16:35:12.625+0000] {processor.py:186} INFO - Started process (PID=742) to work on /home/airflow/.local/lib/python3.10/site-packages/airflow/example_dags/example_display_name.py
[2025-04-25T16:35:12.626+0000] {processor.py:914} INFO - Processing file /home/airflow/.local/lib/python3.10/site-packages/airflow/example_dags/example_display_name.py for tasks to queue
[2025-04-25T16:35:12.629+0000] {logging_mixin.py:190} INFO - [2025-04-25T16:35:12.629+0000] {dagbag.py:588} INFO - Filling up the DagBag from /home/airflow/.local/lib/python3.10/site-packages/airflow/example_dags/example_display_name.py
[2025-04-25T16:35:12.641+0000] {processor.py:925} INFO - DAG(s) 'example_display_name' retrieved from /home/airflow/.local/lib/python3.10/site-packages/airflow/example_dags/example_display_name.py
[2025-04-25T16:35:12.667+0000] {logging_mixin.py:190} INFO - [2025-04-25T16:35:12.667+0000] {dag.py:3239} INFO - Sync 1 DAGs
[2025-04-25T16:35:12.688+0000] {logging_mixin.py:190} INFO - [2025-04-25T16:35:12.688+0000] {dag.py:4180} INFO - Setting next_dagrun for example_display_name to None, run_after=None
[2025-04-25T16:35:12.715+0000] {processor.py:208} INFO - Processing /home/airflow/.local/lib/python3.10/site-packages/airflow/example_dags/example_display_name.py took 0.097 seconds
[2025-04-25T16:35:43.148+0000] {processor.py:186} INFO - Started process (PID=816) to work on /home/airflow/.local/lib/python3.10/site-packages/airflow/example_dags/example_display_name.py
[2025-04-25T16:35:43.149+0000] {processor.py:914} INFO - Processing file /home/airflow/.local/lib/python3.10/site-packages/airflow/example_dags/example_display_name.py for tasks to queue
[2025-04-25T16:35:43.151+0000] {logging_mixin.py:190} INFO - [2025-04-25T16:35:43.151+0000] {dagbag.py:588} INFO - Filling up the DagBag from /home/airflow/.local/lib/python3.10/site-packages/airflow/example_dags/example_display_name.py
[2025-04-25T16:35:43.159+0000] {processor.py:925} INFO - DAG(s) 'example_display_name' retrieved from /home/airflow/.local/lib/python3.10/site-packages/airflow/example_dags/example_display_name.py
[2025-04-25T16:35:43.179+0000] {logging_mixin.py:190} INFO - [2025-04-25T16:35:43.179+0000] {dag.py:3239} INFO - Sync 1 DAGs
[2025-04-25T16:35:43.194+0000] {logging_mixin.py:190} INFO - [2025-04-25T16:35:43.193+0000] {dag.py:4180} INFO - Setting next_dagrun for example_display_name to None, run_after=None
[2025-04-25T16:35:43.213+0000] {processor.py:208} INFO - Processing /home/airflow/.local/lib/python3.10/site-packages/airflow/example_dags/example_display_name.py took 0.072 seconds
[2025-04-25T16:36:14.697+0000] {processor.py:186} INFO - Started process (PID=882) to work on /home/airflow/.local/lib/python3.10/site-packages/airflow/example_dags/example_display_name.py
[2025-04-25T16:36:14.698+0000] {processor.py:914} INFO - Processing file /home/airflow/.local/lib/python3.10/site-packages/airflow/example_dags/example_display_name.py for tasks to queue
[2025-04-25T16:36:14.700+0000] {logging_mixin.py:190} INFO - [2025-04-25T16:36:14.700+0000] {dagbag.py:588} INFO - Filling up the DagBag from /home/airflow/.local/lib/python3.10/site-packages/airflow/example_dags/example_display_name.py
[2025-04-25T16:36:14.708+0000] {processor.py:925} INFO - DAG(s) 'example_display_name' retrieved from /home/airflow/.local/lib/python3.10/site-packages/airflow/example_dags/example_display_name.py
[2025-04-25T16:36:14.727+0000] {logging_mixin.py:190} INFO - [2025-04-25T16:36:14.727+0000] {dag.py:3239} INFO - Sync 1 DAGs
[2025-04-25T16:36:14.743+0000] {logging_mixin.py:190} INFO - [2025-04-25T16:36:14.743+0000] {dag.py:4180} INFO - Setting next_dagrun for example_display_name to None, run_after=None
[2025-04-25T16:36:14.772+0000] {processor.py:208} INFO - Processing /home/airflow/.local/lib/python3.10/site-packages/airflow/example_dags/example_display_name.py took 0.083 seconds
[2025-04-25T16:36:45.684+0000] {processor.py:186} INFO - Started process (PID=948) to work on /home/airflow/.local/lib/python3.10/site-packages/airflow/example_dags/example_display_name.py
[2025-04-25T16:36:45.685+0000] {processor.py:914} INFO - Processing file /home/airflow/.local/lib/python3.10/site-packages/airflow/example_dags/example_display_name.py for tasks to queue
[2025-04-25T16:36:45.688+0000] {logging_mixin.py:190} INFO - [2025-04-25T16:36:45.687+0000] {dagbag.py:588} INFO - Filling up the DagBag from /home/airflow/.local/lib/python3.10/site-packages/airflow/example_dags/example_display_name.py
[2025-04-25T16:36:45.695+0000] {processor.py:925} INFO - DAG(s) 'example_display_name' retrieved from /home/airflow/.local/lib/python3.10/site-packages/airflow/example_dags/example_display_name.py
[2025-04-25T16:36:45.713+0000] {logging_mixin.py:190} INFO - [2025-04-25T16:36:45.713+0000] {dag.py:3239} INFO - Sync 1 DAGs
[2025-04-25T16:36:45.727+0000] {logging_mixin.py:190} INFO - [2025-04-25T16:36:45.727+0000] {dag.py:4180} INFO - Setting next_dagrun for example_display_name to None, run_after=None
[2025-04-25T16:36:45.744+0000] {processor.py:208} INFO - Processing /home/airflow/.local/lib/python3.10/site-packages/airflow/example_dags/example_display_name.py took 0.066 seconds
[2025-04-25T16:37:17.234+0000] {processor.py:186} INFO - Started process (PID=1014) to work on /home/airflow/.local/lib/python3.10/site-packages/airflow/example_dags/example_display_name.py
[2025-04-25T16:37:17.235+0000] {processor.py:914} INFO - Processing file /home/airflow/.local/lib/python3.10/site-packages/airflow/example_dags/example_display_name.py for tasks to queue
[2025-04-25T16:37:17.237+0000] {logging_mixin.py:190} INFO - [2025-04-25T16:37:17.237+0000] {dagbag.py:588} INFO - Filling up the DagBag from /home/airflow/.local/lib/python3.10/site-packages/airflow/example_dags/example_display_name.py
[2025-04-25T16:37:17.246+0000] {processor.py:925} INFO - DAG(s) 'example_display_name' retrieved from /home/airflow/.local/lib/python3.10/site-packages/airflow/example_dags/example_display_name.py
[2025-04-25T16:37:17.267+0000] {logging_mixin.py:190} INFO - [2025-04-25T16:37:17.266+0000] {dag.py:3239} INFO - Sync 1 DAGs
[2025-04-25T16:37:17.281+0000] {logging_mixin.py:190} INFO - [2025-04-25T16:37:17.280+0000] {dag.py:4180} INFO - Setting next_dagrun for example_display_name to None, run_after=None
[2025-04-25T16:37:17.298+0000] {processor.py:208} INFO - Processing /home/airflow/.local/lib/python3.10/site-packages/airflow/example_dags/example_display_name.py took 0.072 seconds
[2025-04-25T16:37:48.361+0000] {processor.py:186} INFO - Started process (PID=1080) to work on /home/airflow/.local/lib/python3.10/site-packages/airflow/example_dags/example_display_name.py
[2025-04-25T16:37:48.362+0000] {processor.py:914} INFO - Processing file /home/airflow/.local/lib/python3.10/site-packages/airflow/example_dags/example_display_name.py for tasks to queue
[2025-04-25T16:37:48.364+0000] {logging_mixin.py:190} INFO - [2025-04-25T16:37:48.364+0000] {dagbag.py:588} INFO - Filling up the DagBag from /home/airflow/.local/lib/python3.10/site-packages/airflow/example_dags/example_display_name.py
[2025-04-25T16:37:48.371+0000] {processor.py:925} INFO - DAG(s) 'example_display_name' retrieved from /home/airflow/.local/lib/python3.10/site-packages/airflow/example_dags/example_display_name.py
[2025-04-25T16:37:48.389+0000] {logging_mixin.py:190} INFO - [2025-04-25T16:37:48.389+0000] {dag.py:3239} INFO - Sync 1 DAGs
[2025-04-25T16:37:48.402+0000] {logging_mixin.py:190} INFO - [2025-04-25T16:37:48.402+0000] {dag.py:4180} INFO - Setting next_dagrun for example_display_name to None, run_after=None
[2025-04-25T16:37:48.418+0000] {processor.py:208} INFO - Processing /home/airflow/.local/lib/python3.10/site-packages/airflow/example_dags/example_display_name.py took 0.062 seconds
[2025-04-25T16:38:19.749+0000] {processor.py:186} INFO - Started process (PID=1146) to work on /home/airflow/.local/lib/python3.10/site-packages/airflow/example_dags/example_display_name.py
[2025-04-25T16:38:19.750+0000] {processor.py:914} INFO - Processing file /home/airflow/.local/lib/python3.10/site-packages/airflow/example_dags/example_display_name.py for tasks to queue
[2025-04-25T16:38:19.752+0000] {logging_mixin.py:190} INFO - [2025-04-25T16:38:19.752+0000] {dagbag.py:588} INFO - Filling up the DagBag from /home/airflow/.local/lib/python3.10/site-packages/airflow/example_dags/example_display_name.py
[2025-04-25T16:38:19.760+0000] {processor.py:925} INFO - DAG(s) 'example_display_name' retrieved from /home/airflow/.local/lib/python3.10/site-packages/airflow/example_dags/example_display_name.py
[2025-04-25T16:38:19.779+0000] {logging_mixin.py:190} INFO - [2025-04-25T16:38:19.779+0000] {dag.py:3239} INFO - Sync 1 DAGs
[2025-04-25T16:38:19.795+0000] {logging_mixin.py:190} INFO - [2025-04-25T16:38:19.794+0000] {dag.py:4180} INFO - Setting next_dagrun for example_display_name to None, run_after=None
[2025-04-25T16:38:19.814+0000] {processor.py:208} INFO - Processing /home/airflow/.local/lib/python3.10/site-packages/airflow/example_dags/example_display_name.py took 0.071 seconds
[2025-04-25T16:38:51.087+0000] {processor.py:186} INFO - Started process (PID=1212) to work on /home/airflow/.local/lib/python3.10/site-packages/airflow/example_dags/example_display_name.py
[2025-04-25T16:38:51.089+0000] {processor.py:914} INFO - Processing file /home/airflow/.local/lib/python3.10/site-packages/airflow/example_dags/example_display_name.py for tasks to queue
[2025-04-25T16:38:51.092+0000] {logging_mixin.py:190} INFO - [2025-04-25T16:38:51.091+0000] {dagbag.py:588} INFO - Filling up the DagBag from /home/airflow/.local/lib/python3.10/site-packages/airflow/example_dags/example_display_name.py
[2025-04-25T16:38:51.104+0000] {processor.py:925} INFO - DAG(s) 'example_display_name' retrieved from /home/airflow/.local/lib/python3.10/site-packages/airflow/example_dags/example_display_name.py
[2025-04-25T16:38:51.130+0000] {logging_mixin.py:190} INFO - [2025-04-25T16:38:51.129+0000] {dag.py:3239} INFO - Sync 1 DAGs
[2025-04-25T16:38:51.151+0000] {logging_mixin.py:190} INFO - [2025-04-25T16:38:51.151+0000] {dag.py:4180} INFO - Setting next_dagrun for example_display_name to None, run_after=None
[2025-04-25T16:38:51.192+0000] {processor.py:208} INFO - Processing /home/airflow/.local/lib/python3.10/site-packages/airflow/example_dags/example_display_name.py took 0.113 seconds
