[2025-04-25T16:29:59.791+0000] {processor.py:186} INFO - Started process (PID=51) to work on /home/airflow/.local/lib/python3.10/site-packages/airflow/example_dags/example_branch_operator.py
[2025-04-25T16:29:59.793+0000] {processor.py:914} INFO - Processing file /home/airflow/.local/lib/python3.10/site-packages/airflow/example_dags/example_branch_operator.py for tasks to queue
[2025-04-25T16:29:59.796+0000] {logging_mixin.py:190} INFO - [2025-04-25T16:29:59.796+0000] {dagbag.py:588} INFO - Filling up the DagBag from /home/airflow/.local/lib/python3.10/site-packages/airflow/example_dags/example_branch_operator.py
[2025-04-25T16:29:59.826+0000] {processor.py:925} INFO - DAG(s) 'example_branch_operator' retrieved from /home/airflow/.local/lib/python3.10/site-packages/airflow/example_dags/example_branch_operator.py
[2025-04-25T16:29:59.994+0000] {logging_mixin.py:190} INFO - [2025-04-25T16:29:59.993+0000] {dag.py:3239} INFO - Sync 1 DAGs
[2025-04-25T16:30:00.042+0000] {logging_mixin.py:190} INFO - [2025-04-25T16:30:00.041+0000] {dag.py:4180} INFO - Setting next_dagrun for example_branch_operator to 2025-04-24 00:00:00+00:00, run_after=2025-04-25 00:00:00+00:00
[2025-04-25T16:30:00.106+0000] {processor.py:208} INFO - Processing /home/airflow/.local/lib/python3.10/site-packages/airflow/example_dags/example_branch_operator.py took 0.328 seconds
[2025-04-25T16:30:30.893+0000] {processor.py:186} INFO - Started process (PID=117) to work on /home/airflow/.local/lib/python3.10/site-packages/airflow/example_dags/example_branch_operator.py
[2025-04-25T16:30:30.895+0000] {processor.py:914} INFO - Processing file /home/airflow/.local/lib/python3.10/site-packages/airflow/example_dags/example_branch_operator.py for tasks to queue
[2025-04-25T16:30:30.897+0000] {logging_mixin.py:190} INFO - [2025-04-25T16:30:30.896+0000] {dagbag.py:588} INFO - Filling up the DagBag from /home/airflow/.local/lib/python3.10/site-packages/airflow/example_dags/example_branch_operator.py
[2025-04-25T16:30:30.913+0000] {processor.py:925} INFO - DAG(s) 'example_branch_operator' retrieved from /home/airflow/.local/lib/python3.10/site-packages/airflow/example_dags/example_branch_operator.py
[2025-04-25T16:30:30.942+0000] {logging_mixin.py:190} INFO - [2025-04-25T16:30:30.941+0000] {dag.py:3239} INFO - Sync 1 DAGs
[2025-04-25T16:30:30.967+0000] {logging_mixin.py:190} INFO - [2025-04-25T16:30:30.966+0000] {dag.py:4180} INFO - Setting next_dagrun for example_branch_operator to 2025-04-24 00:00:00+00:00, run_after=2025-04-25 00:00:00+00:00
[2025-04-25T16:30:30.985+0000] {processor.py:208} INFO - Processing /home/airflow/.local/lib/python3.10/site-packages/airflow/example_dags/example_branch_operator.py took 0.098 seconds
[2025-04-25T16:31:01.700+0000] {processor.py:186} INFO - Started process (PID=183) to work on /home/airflow/.local/lib/python3.10/site-packages/airflow/example_dags/example_branch_operator.py
[2025-04-25T16:31:01.701+0000] {processor.py:914} INFO - Processing file /home/airflow/.local/lib/python3.10/site-packages/airflow/example_dags/example_branch_operator.py for tasks to queue
[2025-04-25T16:31:01.703+0000] {logging_mixin.py:190} INFO - [2025-04-25T16:31:01.702+0000] {dagbag.py:588} INFO - Filling up the DagBag from /home/airflow/.local/lib/python3.10/site-packages/airflow/example_dags/example_branch_operator.py
[2025-04-25T16:31:01.719+0000] {processor.py:925} INFO - DAG(s) 'example_branch_operator' retrieved from /home/airflow/.local/lib/python3.10/site-packages/airflow/example_dags/example_branch_operator.py
[2025-04-25T16:31:01.746+0000] {logging_mixin.py:190} INFO - [2025-04-25T16:31:01.746+0000] {dag.py:3239} INFO - Sync 1 DAGs
[2025-04-25T16:31:01.767+0000] {logging_mixin.py:190} INFO - [2025-04-25T16:31:01.767+0000] {dag.py:4180} INFO - Setting next_dagrun for example_branch_operator to 2025-04-24 00:00:00+00:00, run_after=2025-04-25 00:00:00+00:00
[2025-04-25T16:31:01.784+0000] {processor.py:208} INFO - Processing /home/airflow/.local/lib/python3.10/site-packages/airflow/example_dags/example_branch_operator.py took 0.090 seconds
[2025-04-25T16:31:31.868+0000] {processor.py:186} INFO - Started process (PID=249) to work on /home/airflow/.local/lib/python3.10/site-packages/airflow/example_dags/example_branch_operator.py
[2025-04-25T16:31:31.869+0000] {processor.py:914} INFO - Processing file /home/airflow/.local/lib/python3.10/site-packages/airflow/example_dags/example_branch_operator.py for tasks to queue
[2025-04-25T16:31:31.871+0000] {logging_mixin.py:190} INFO - [2025-04-25T16:31:31.871+0000] {dagbag.py:588} INFO - Filling up the DagBag from /home/airflow/.local/lib/python3.10/site-packages/airflow/example_dags/example_branch_operator.py
[2025-04-25T16:31:31.888+0000] {processor.py:925} INFO - DAG(s) 'example_branch_operator' retrieved from /home/airflow/.local/lib/python3.10/site-packages/airflow/example_dags/example_branch_operator.py
[2025-04-25T16:31:31.916+0000] {logging_mixin.py:190} INFO - [2025-04-25T16:31:31.915+0000] {dag.py:3239} INFO - Sync 1 DAGs
[2025-04-25T16:31:31.941+0000] {logging_mixin.py:190} INFO - [2025-04-25T16:31:31.940+0000] {dag.py:4180} INFO - Setting next_dagrun for example_branch_operator to 2025-04-24 00:00:00+00:00, run_after=2025-04-25 00:00:00+00:00
[2025-04-25T16:31:31.958+0000] {processor.py:208} INFO - Processing /home/airflow/.local/lib/python3.10/site-packages/airflow/example_dags/example_branch_operator.py took 0.096 seconds
[2025-04-25T16:32:02.165+0000] {processor.py:186} INFO - Started process (PID=315) to work on /home/airflow/.local/lib/python3.10/site-packages/airflow/example_dags/example_branch_operator.py
[2025-04-25T16:32:02.166+0000] {processor.py:914} INFO - Processing file /home/airflow/.local/lib/python3.10/site-packages/airflow/example_dags/example_branch_operator.py for tasks to queue
[2025-04-25T16:32:02.168+0000] {logging_mixin.py:190} INFO - [2025-04-25T16:32:02.168+0000] {dagbag.py:588} INFO - Filling up the DagBag from /home/airflow/.local/lib/python3.10/site-packages/airflow/example_dags/example_branch_operator.py
[2025-04-25T16:32:02.185+0000] {processor.py:925} INFO - DAG(s) 'example_branch_operator' retrieved from /home/airflow/.local/lib/python3.10/site-packages/airflow/example_dags/example_branch_operator.py
[2025-04-25T16:32:02.213+0000] {logging_mixin.py:190} INFO - [2025-04-25T16:32:02.212+0000] {dag.py:3239} INFO - Sync 1 DAGs
[2025-04-25T16:32:02.234+0000] {logging_mixin.py:190} INFO - [2025-04-25T16:32:02.234+0000] {dag.py:4180} INFO - Setting next_dagrun for example_branch_operator to 2025-04-24 00:00:00+00:00, run_after=2025-04-25 00:00:00+00:00
[2025-04-25T16:32:02.250+0000] {processor.py:208} INFO - Processing /home/airflow/.local/lib/python3.10/site-packages/airflow/example_dags/example_branch_operator.py took 0.090 seconds
[2025-04-25T16:32:32.959+0000] {processor.py:186} INFO - Started process (PID=381) to work on /home/airflow/.local/lib/python3.10/site-packages/airflow/example_dags/example_branch_operator.py
[2025-04-25T16:32:32.960+0000] {processor.py:914} INFO - Processing file /home/airflow/.local/lib/python3.10/site-packages/airflow/example_dags/example_branch_operator.py for tasks to queue
[2025-04-25T16:32:32.963+0000] {logging_mixin.py:190} INFO - [2025-04-25T16:32:32.962+0000] {dagbag.py:588} INFO - Filling up the DagBag from /home/airflow/.local/lib/python3.10/site-packages/airflow/example_dags/example_branch_operator.py
[2025-04-25T16:32:32.983+0000] {processor.py:925} INFO - DAG(s) 'example_branch_operator' retrieved from /home/airflow/.local/lib/python3.10/site-packages/airflow/example_dags/example_branch_operator.py
[2025-04-25T16:32:33.013+0000] {logging_mixin.py:190} INFO - [2025-04-25T16:32:33.013+0000] {dag.py:3239} INFO - Sync 1 DAGs
[2025-04-25T16:32:33.035+0000] {logging_mixin.py:190} INFO - [2025-04-25T16:32:33.035+0000] {dag.py:4180} INFO - Setting next_dagrun for example_branch_operator to 2025-04-24 00:00:00+00:00, run_after=2025-04-25 00:00:00+00:00
[2025-04-25T16:32:33.064+0000] {processor.py:208} INFO - Processing /home/airflow/.local/lib/python3.10/site-packages/airflow/example_dags/example_branch_operator.py took 0.112 seconds
[2025-04-25T16:33:03.342+0000] {processor.py:186} INFO - Started process (PID=447) to work on /home/airflow/.local/lib/python3.10/site-packages/airflow/example_dags/example_branch_operator.py
[2025-04-25T16:33:03.343+0000] {processor.py:914} INFO - Processing file /home/airflow/.local/lib/python3.10/site-packages/airflow/example_dags/example_branch_operator.py for tasks to queue
[2025-04-25T16:33:03.347+0000] {logging_mixin.py:190} INFO - [2025-04-25T16:33:03.347+0000] {dagbag.py:588} INFO - Filling up the DagBag from /home/airflow/.local/lib/python3.10/site-packages/airflow/example_dags/example_branch_operator.py
[2025-04-25T16:33:03.378+0000] {processor.py:925} INFO - DAG(s) 'example_branch_operator' retrieved from /home/airflow/.local/lib/python3.10/site-packages/airflow/example_dags/example_branch_operator.py
[2025-04-25T16:33:03.418+0000] {logging_mixin.py:190} INFO - [2025-04-25T16:33:03.418+0000] {dag.py:3239} INFO - Sync 1 DAGs
[2025-04-25T16:33:03.447+0000] {logging_mixin.py:190} INFO - [2025-04-25T16:33:03.446+0000] {dag.py:4180} INFO - Setting next_dagrun for example_branch_operator to 2025-04-24 00:00:00+00:00, run_after=2025-04-25 00:00:00+00:00
[2025-04-25T16:33:03.470+0000] {processor.py:208} INFO - Processing /home/airflow/.local/lib/python3.10/site-packages/airflow/example_dags/example_branch_operator.py took 0.134 seconds
[2025-04-25T16:33:34.150+0000] {processor.py:186} INFO - Started process (PID=513) to work on /home/airflow/.local/lib/python3.10/site-packages/airflow/example_dags/example_branch_operator.py
[2025-04-25T16:33:34.151+0000] {processor.py:914} INFO - Processing file /home/airflow/.local/lib/python3.10/site-packages/airflow/example_dags/example_branch_operator.py for tasks to queue
[2025-04-25T16:33:34.153+0000] {logging_mixin.py:190} INFO - [2025-04-25T16:33:34.153+0000] {dagbag.py:588} INFO - Filling up the DagBag from /home/airflow/.local/lib/python3.10/site-packages/airflow/example_dags/example_branch_operator.py
[2025-04-25T16:33:34.169+0000] {processor.py:925} INFO - DAG(s) 'example_branch_operator' retrieved from /home/airflow/.local/lib/python3.10/site-packages/airflow/example_dags/example_branch_operator.py
[2025-04-25T16:33:34.197+0000] {logging_mixin.py:190} INFO - [2025-04-25T16:33:34.197+0000] {dag.py:3239} INFO - Sync 1 DAGs
[2025-04-25T16:33:34.219+0000] {logging_mixin.py:190} INFO - [2025-04-25T16:33:34.219+0000] {dag.py:4180} INFO - Setting next_dagrun for example_branch_operator to 2025-04-24 00:00:00+00:00, run_after=2025-04-25 00:00:00+00:00
[2025-04-25T16:33:34.235+0000] {processor.py:208} INFO - Processing /home/airflow/.local/lib/python3.10/site-packages/airflow/example_dags/example_branch_operator.py took 0.091 seconds
[2025-04-25T16:34:05.109+0000] {processor.py:186} INFO - Started process (PID=579) to work on /home/airflow/.local/lib/python3.10/site-packages/airflow/example_dags/example_branch_operator.py
[2025-04-25T16:34:05.110+0000] {processor.py:914} INFO - Processing file /home/airflow/.local/lib/python3.10/site-packages/airflow/example_dags/example_branch_operator.py for tasks to queue
[2025-04-25T16:34:05.112+0000] {logging_mixin.py:190} INFO - [2025-04-25T16:34:05.112+0000] {dagbag.py:588} INFO - Filling up the DagBag from /home/airflow/.local/lib/python3.10/site-packages/airflow/example_dags/example_branch_operator.py
[2025-04-25T16:34:05.130+0000] {processor.py:925} INFO - DAG(s) 'example_branch_operator' retrieved from /home/airflow/.local/lib/python3.10/site-packages/airflow/example_dags/example_branch_operator.py
[2025-04-25T16:34:05.160+0000] {logging_mixin.py:190} INFO - [2025-04-25T16:34:05.160+0000] {dag.py:3239} INFO - Sync 1 DAGs
[2025-04-25T16:34:05.188+0000] {logging_mixin.py:190} INFO - [2025-04-25T16:34:05.188+0000] {dag.py:4180} INFO - Setting next_dagrun for example_branch_operator to 2025-04-24 00:00:00+00:00, run_after=2025-04-25 00:00:00+00:00
[2025-04-25T16:34:05.208+0000] {processor.py:208} INFO - Processing /home/airflow/.local/lib/python3.10/site-packages/airflow/example_dags/example_branch_operator.py took 0.107 seconds
[2025-04-25T16:34:35.604+0000] {processor.py:186} INFO - Started process (PID=645) to work on /home/airflow/.local/lib/python3.10/site-packages/airflow/example_dags/example_branch_operator.py
[2025-04-25T16:34:35.605+0000] {processor.py:914} INFO - Processing file /home/airflow/.local/lib/python3.10/site-packages/airflow/example_dags/example_branch_operator.py for tasks to queue
[2025-04-25T16:34:35.607+0000] {logging_mixin.py:190} INFO - [2025-04-25T16:34:35.607+0000] {dagbag.py:588} INFO - Filling up the DagBag from /home/airflow/.local/lib/python3.10/site-packages/airflow/example_dags/example_branch_operator.py
[2025-04-25T16:34:35.624+0000] {processor.py:925} INFO - DAG(s) 'example_branch_operator' retrieved from /home/airflow/.local/lib/python3.10/site-packages/airflow/example_dags/example_branch_operator.py
[2025-04-25T16:34:35.651+0000] {logging_mixin.py:190} INFO - [2025-04-25T16:34:35.651+0000] {dag.py:3239} INFO - Sync 1 DAGs
[2025-04-25T16:34:35.675+0000] {logging_mixin.py:190} INFO - [2025-04-25T16:34:35.675+0000] {dag.py:4180} INFO - Setting next_dagrun for example_branch_operator to 2025-04-24 00:00:00+00:00, run_after=2025-04-25 00:00:00+00:00
[2025-04-25T16:34:35.692+0000] {processor.py:208} INFO - Processing /home/airflow/.local/lib/python3.10/site-packages/airflow/example_dags/example_branch_operator.py took 0.094 seconds
[2025-04-25T16:35:06.127+0000] {processor.py:186} INFO - Started process (PID=711) to work on /home/airflow/.local/lib/python3.10/site-packages/airflow/example_dags/example_branch_operator.py
[2025-04-25T16:35:06.129+0000] {processor.py:914} INFO - Processing file /home/airflow/.local/lib/python3.10/site-packages/airflow/example_dags/example_branch_operator.py for tasks to queue
[2025-04-25T16:35:06.132+0000] {logging_mixin.py:190} INFO - [2025-04-25T16:35:06.131+0000] {dagbag.py:588} INFO - Filling up the DagBag from /home/airflow/.local/lib/python3.10/site-packages/airflow/example_dags/example_branch_operator.py
[2025-04-25T16:35:06.151+0000] {processor.py:925} INFO - DAG(s) 'example_branch_operator' retrieved from /home/airflow/.local/lib/python3.10/site-packages/airflow/example_dags/example_branch_operator.py
[2025-04-25T16:35:06.182+0000] {logging_mixin.py:190} INFO - [2025-04-25T16:35:06.181+0000] {dag.py:3239} INFO - Sync 1 DAGs
[2025-04-25T16:35:06.208+0000] {logging_mixin.py:190} INFO - [2025-04-25T16:35:06.208+0000] {dag.py:4180} INFO - Setting next_dagrun for example_branch_operator to 2025-04-24 00:00:00+00:00, run_after=2025-04-25 00:00:00+00:00
[2025-04-25T16:35:06.228+0000] {processor.py:208} INFO - Processing /home/airflow/.local/lib/python3.10/site-packages/airflow/example_dags/example_branch_operator.py took 0.108 seconds
[2025-04-25T16:35:36.905+0000] {processor.py:186} INFO - Started process (PID=789) to work on /home/airflow/.local/lib/python3.10/site-packages/airflow/example_dags/example_branch_operator.py
[2025-04-25T16:35:36.906+0000] {processor.py:914} INFO - Processing file /home/airflow/.local/lib/python3.10/site-packages/airflow/example_dags/example_branch_operator.py for tasks to queue
[2025-04-25T16:35:36.908+0000] {logging_mixin.py:190} INFO - [2025-04-25T16:35:36.908+0000] {dagbag.py:588} INFO - Filling up the DagBag from /home/airflow/.local/lib/python3.10/site-packages/airflow/example_dags/example_branch_operator.py
[2025-04-25T16:35:36.930+0000] {processor.py:925} INFO - DAG(s) 'example_branch_operator' retrieved from /home/airflow/.local/lib/python3.10/site-packages/airflow/example_dags/example_branch_operator.py
[2025-04-25T16:35:36.973+0000] {logging_mixin.py:190} INFO - [2025-04-25T16:35:36.972+0000] {dag.py:3239} INFO - Sync 1 DAGs
[2025-04-25T16:35:37.004+0000] {logging_mixin.py:190} INFO - [2025-04-25T16:35:37.004+0000] {dag.py:4180} INFO - Setting next_dagrun for example_branch_operator to 2025-04-24 00:00:00+00:00, run_after=2025-04-25 00:00:00+00:00
[2025-04-25T16:35:37.027+0000] {processor.py:208} INFO - Processing /home/airflow/.local/lib/python3.10/site-packages/airflow/example_dags/example_branch_operator.py took 0.129 seconds
[2025-04-25T16:36:07.324+0000] {processor.py:186} INFO - Started process (PID=855) to work on /home/airflow/.local/lib/python3.10/site-packages/airflow/example_dags/example_branch_operator.py
[2025-04-25T16:36:07.325+0000] {processor.py:914} INFO - Processing file /home/airflow/.local/lib/python3.10/site-packages/airflow/example_dags/example_branch_operator.py for tasks to queue
[2025-04-25T16:36:07.327+0000] {logging_mixin.py:190} INFO - [2025-04-25T16:36:07.326+0000] {dagbag.py:588} INFO - Filling up the DagBag from /home/airflow/.local/lib/python3.10/site-packages/airflow/example_dags/example_branch_operator.py
[2025-04-25T16:36:07.343+0000] {processor.py:925} INFO - DAG(s) 'example_branch_operator' retrieved from /home/airflow/.local/lib/python3.10/site-packages/airflow/example_dags/example_branch_operator.py
[2025-04-25T16:36:07.371+0000] {logging_mixin.py:190} INFO - [2025-04-25T16:36:07.371+0000] {dag.py:3239} INFO - Sync 1 DAGs
[2025-04-25T16:36:07.393+0000] {logging_mixin.py:190} INFO - [2025-04-25T16:36:07.392+0000] {dag.py:4180} INFO - Setting next_dagrun for example_branch_operator to 2025-04-24 00:00:00+00:00, run_after=2025-04-25 00:00:00+00:00
[2025-04-25T16:36:07.410+0000] {processor.py:208} INFO - Processing /home/airflow/.local/lib/python3.10/site-packages/airflow/example_dags/example_branch_operator.py took 0.092 seconds
[2025-04-25T16:36:38.509+0000] {processor.py:186} INFO - Started process (PID=921) to work on /home/airflow/.local/lib/python3.10/site-packages/airflow/example_dags/example_branch_operator.py
[2025-04-25T16:36:38.510+0000] {processor.py:914} INFO - Processing file /home/airflow/.local/lib/python3.10/site-packages/airflow/example_dags/example_branch_operator.py for tasks to queue
[2025-04-25T16:36:38.512+0000] {logging_mixin.py:190} INFO - [2025-04-25T16:36:38.512+0000] {dagbag.py:588} INFO - Filling up the DagBag from /home/airflow/.local/lib/python3.10/site-packages/airflow/example_dags/example_branch_operator.py
[2025-04-25T16:36:38.531+0000] {processor.py:925} INFO - DAG(s) 'example_branch_operator' retrieved from /home/airflow/.local/lib/python3.10/site-packages/airflow/example_dags/example_branch_operator.py
[2025-04-25T16:36:38.560+0000] {logging_mixin.py:190} INFO - [2025-04-25T16:36:38.560+0000] {dag.py:3239} INFO - Sync 1 DAGs
[2025-04-25T16:36:38.585+0000] {logging_mixin.py:190} INFO - [2025-04-25T16:36:38.585+0000] {dag.py:4180} INFO - Setting next_dagrun for example_branch_operator to 2025-04-24 00:00:00+00:00, run_after=2025-04-25 00:00:00+00:00
[2025-04-25T16:36:38.604+0000] {processor.py:208} INFO - Processing /home/airflow/.local/lib/python3.10/site-packages/airflow/example_dags/example_branch_operator.py took 0.101 seconds
[2025-04-25T16:37:08.964+0000] {processor.py:186} INFO - Started process (PID=987) to work on /home/airflow/.local/lib/python3.10/site-packages/airflow/example_dags/example_branch_operator.py
[2025-04-25T16:37:08.965+0000] {processor.py:914} INFO - Processing file /home/airflow/.local/lib/python3.10/site-packages/airflow/example_dags/example_branch_operator.py for tasks to queue
[2025-04-25T16:37:08.967+0000] {logging_mixin.py:190} INFO - [2025-04-25T16:37:08.966+0000] {dagbag.py:588} INFO - Filling up the DagBag from /home/airflow/.local/lib/python3.10/site-packages/airflow/example_dags/example_branch_operator.py
[2025-04-25T16:37:08.986+0000] {processor.py:925} INFO - DAG(s) 'example_branch_operator' retrieved from /home/airflow/.local/lib/python3.10/site-packages/airflow/example_dags/example_branch_operator.py
[2025-04-25T16:37:09.014+0000] {logging_mixin.py:190} INFO - [2025-04-25T16:37:09.014+0000] {dag.py:3239} INFO - Sync 1 DAGs
[2025-04-25T16:37:09.037+0000] {logging_mixin.py:190} INFO - [2025-04-25T16:37:09.037+0000] {dag.py:4180} INFO - Setting next_dagrun for example_branch_operator to 2025-04-24 00:00:00+00:00, run_after=2025-04-25 00:00:00+00:00
[2025-04-25T16:37:09.054+0000] {processor.py:208} INFO - Processing /home/airflow/.local/lib/python3.10/site-packages/airflow/example_dags/example_branch_operator.py took 0.097 seconds
[2025-04-25T16:37:39.945+0000] {processor.py:186} INFO - Started process (PID=1053) to work on /home/airflow/.local/lib/python3.10/site-packages/airflow/example_dags/example_branch_operator.py
[2025-04-25T16:37:39.945+0000] {processor.py:914} INFO - Processing file /home/airflow/.local/lib/python3.10/site-packages/airflow/example_dags/example_branch_operator.py for tasks to queue
[2025-04-25T16:37:39.947+0000] {logging_mixin.py:190} INFO - [2025-04-25T16:37:39.947+0000] {dagbag.py:588} INFO - Filling up the DagBag from /home/airflow/.local/lib/python3.10/site-packages/airflow/example_dags/example_branch_operator.py
[2025-04-25T16:37:39.965+0000] {processor.py:925} INFO - DAG(s) 'example_branch_operator' retrieved from /home/airflow/.local/lib/python3.10/site-packages/airflow/example_dags/example_branch_operator.py
[2025-04-25T16:37:39.994+0000] {logging_mixin.py:190} INFO - [2025-04-25T16:37:39.994+0000] {dag.py:3239} INFO - Sync 1 DAGs
[2025-04-25T16:37:40.017+0000] {logging_mixin.py:190} INFO - [2025-04-25T16:37:40.017+0000] {dag.py:4180} INFO - Setting next_dagrun for example_branch_operator to 2025-04-24 00:00:00+00:00, run_after=2025-04-25 00:00:00+00:00
[2025-04-25T16:37:40.037+0000] {processor.py:208} INFO - Processing /home/airflow/.local/lib/python3.10/site-packages/airflow/example_dags/example_branch_operator.py took 0.098 seconds
[2025-04-25T16:38:10.540+0000] {processor.py:186} INFO - Started process (PID=1119) to work on /home/airflow/.local/lib/python3.10/site-packages/airflow/example_dags/example_branch_operator.py
[2025-04-25T16:38:10.541+0000] {processor.py:914} INFO - Processing file /home/airflow/.local/lib/python3.10/site-packages/airflow/example_dags/example_branch_operator.py for tasks to queue
[2025-04-25T16:38:10.543+0000] {logging_mixin.py:190} INFO - [2025-04-25T16:38:10.543+0000] {dagbag.py:588} INFO - Filling up the DagBag from /home/airflow/.local/lib/python3.10/site-packages/airflow/example_dags/example_branch_operator.py
[2025-04-25T16:38:10.561+0000] {processor.py:925} INFO - DAG(s) 'example_branch_operator' retrieved from /home/airflow/.local/lib/python3.10/site-packages/airflow/example_dags/example_branch_operator.py
[2025-04-25T16:38:10.588+0000] {logging_mixin.py:190} INFO - [2025-04-25T16:38:10.588+0000] {dag.py:3239} INFO - Sync 1 DAGs
[2025-04-25T16:38:10.610+0000] {logging_mixin.py:190} INFO - [2025-04-25T16:38:10.610+0000] {dag.py:4180} INFO - Setting next_dagrun for example_branch_operator to 2025-04-24 00:00:00+00:00, run_after=2025-04-25 00:00:00+00:00
[2025-04-25T16:38:10.626+0000] {processor.py:208} INFO - Processing /home/airflow/.local/lib/python3.10/site-packages/airflow/example_dags/example_branch_operator.py took 0.092 seconds
[2025-04-25T16:38:40.785+0000] {processor.py:186} INFO - Started process (PID=1185) to work on /home/airflow/.local/lib/python3.10/site-packages/airflow/example_dags/example_branch_operator.py
[2025-04-25T16:38:40.786+0000] {processor.py:914} INFO - Processing file /home/airflow/.local/lib/python3.10/site-packages/airflow/example_dags/example_branch_operator.py for tasks to queue
[2025-04-25T16:38:40.788+0000] {logging_mixin.py:190} INFO - [2025-04-25T16:38:40.788+0000] {dagbag.py:588} INFO - Filling up the DagBag from /home/airflow/.local/lib/python3.10/site-packages/airflow/example_dags/example_branch_operator.py
[2025-04-25T16:38:40.805+0000] {processor.py:925} INFO - DAG(s) 'example_branch_operator' retrieved from /home/airflow/.local/lib/python3.10/site-packages/airflow/example_dags/example_branch_operator.py
[2025-04-25T16:38:40.832+0000] {logging_mixin.py:190} INFO - [2025-04-25T16:38:40.831+0000] {dag.py:3239} INFO - Sync 1 DAGs
[2025-04-25T16:38:40.853+0000] {logging_mixin.py:190} INFO - [2025-04-25T16:38:40.853+0000] {dag.py:4180} INFO - Setting next_dagrun for example_branch_operator to 2025-04-24 00:00:00+00:00, run_after=2025-04-25 00:00:00+00:00
[2025-04-25T16:38:40.871+0000] {processor.py:208} INFO - Processing /home/airflow/.local/lib/python3.10/site-packages/airflow/example_dags/example_branch_operator.py took 0.092 seconds
