[2025-04-25T16:29:59.165+0000] {processor.py:186} INFO - Started process (PID=46) to work on /home/airflow/.local/lib/python3.10/site-packages/airflow/example_dags/example_latest_only.py
[2025-04-25T16:29:59.166+0000] {processor.py:914} INFO - Processing file /home/airflow/.local/lib/python3.10/site-packages/airflow/example_dags/example_latest_only.py for tasks to queue
[2025-04-25T16:29:59.169+0000] {logging_mixin.py:190} INFO - [2025-04-25T16:29:59.168+0000] {dagbag.py:588} INFO - Filling up the DagBag from /home/airflow/.local/lib/python3.10/site-packages/airflow/example_dags/example_latest_only.py
[2025-04-25T16:29:59.187+0000] {processor.py:925} INFO - DAG(s) 'latest_only' retrieved from /home/airflow/.local/lib/python3.10/site-packages/airflow/example_dags/example_latest_only.py
[2025-04-25T16:29:59.231+0000] {logging_mixin.py:190} INFO - [2025-04-25T16:29:59.231+0000] {dag.py:3239} INFO - Sync 1 DAGs
[2025-04-25T16:29:59.264+0000] {logging_mixin.py:190} INFO - [2025-04-25T16:29:59.264+0000] {dag.py:4180} INFO - Setting next_dagrun for latest_only to 2025-04-25 12:00:00+00:00, run_after=2025-04-25 16:00:00+00:00
[2025-04-25T16:29:59.288+0000] {processor.py:208} INFO - Processing /home/airflow/.local/lib/python3.10/site-packages/airflow/example_dags/example_latest_only.py took 0.131 seconds
[2025-04-25T16:30:29.552+0000] {processor.py:186} INFO - Started process (PID=112) to work on /home/airflow/.local/lib/python3.10/site-packages/airflow/example_dags/example_latest_only.py
[2025-04-25T16:30:29.553+0000] {processor.py:914} INFO - Processing file /home/airflow/.local/lib/python3.10/site-packages/airflow/example_dags/example_latest_only.py for tasks to queue
[2025-04-25T16:30:29.556+0000] {logging_mixin.py:190} INFO - [2025-04-25T16:30:29.555+0000] {dagbag.py:588} INFO - Filling up the DagBag from /home/airflow/.local/lib/python3.10/site-packages/airflow/example_dags/example_latest_only.py
[2025-04-25T16:30:29.562+0000] {processor.py:925} INFO - DAG(s) 'latest_only' retrieved from /home/airflow/.local/lib/python3.10/site-packages/airflow/example_dags/example_latest_only.py
[2025-04-25T16:30:29.579+0000] {logging_mixin.py:190} INFO - [2025-04-25T16:30:29.579+0000] {dag.py:3239} INFO - Sync 1 DAGs
[2025-04-25T16:30:29.599+0000] {logging_mixin.py:190} INFO - [2025-04-25T16:30:29.599+0000] {dag.py:4180} INFO - Setting next_dagrun for latest_only to 2025-04-25 12:00:00+00:00, run_after=2025-04-25 16:00:00+00:00
[2025-04-25T16:30:29.614+0000] {processor.py:208} INFO - Processing /home/airflow/.local/lib/python3.10/site-packages/airflow/example_dags/example_latest_only.py took 0.068 seconds
[2025-04-25T16:31:00.253+0000] {processor.py:186} INFO - Started process (PID=178) to work on /home/airflow/.local/lib/python3.10/site-packages/airflow/example_dags/example_latest_only.py
[2025-04-25T16:31:00.254+0000] {processor.py:914} INFO - Processing file /home/airflow/.local/lib/python3.10/site-packages/airflow/example_dags/example_latest_only.py for tasks to queue
[2025-04-25T16:31:00.257+0000] {logging_mixin.py:190} INFO - [2025-04-25T16:31:00.256+0000] {dagbag.py:588} INFO - Filling up the DagBag from /home/airflow/.local/lib/python3.10/site-packages/airflow/example_dags/example_latest_only.py
[2025-04-25T16:31:00.265+0000] {processor.py:925} INFO - DAG(s) 'latest_only' retrieved from /home/airflow/.local/lib/python3.10/site-packages/airflow/example_dags/example_latest_only.py
[2025-04-25T16:31:00.287+0000] {logging_mixin.py:190} INFO - [2025-04-25T16:31:00.287+0000] {dag.py:3239} INFO - Sync 1 DAGs
[2025-04-25T16:31:00.314+0000] {logging_mixin.py:190} INFO - [2025-04-25T16:31:00.314+0000] {dag.py:4180} INFO - Setting next_dagrun for latest_only to 2025-04-25 12:00:00+00:00, run_after=2025-04-25 16:00:00+00:00
[2025-04-25T16:31:00.337+0000] {processor.py:208} INFO - Processing /home/airflow/.local/lib/python3.10/site-packages/airflow/example_dags/example_latest_only.py took 0.092 seconds
[2025-04-25T16:31:30.605+0000] {processor.py:186} INFO - Started process (PID=244) to work on /home/airflow/.local/lib/python3.10/site-packages/airflow/example_dags/example_latest_only.py
[2025-04-25T16:31:30.606+0000] {processor.py:914} INFO - Processing file /home/airflow/.local/lib/python3.10/site-packages/airflow/example_dags/example_latest_only.py for tasks to queue
[2025-04-25T16:31:30.608+0000] {logging_mixin.py:190} INFO - [2025-04-25T16:31:30.608+0000] {dagbag.py:588} INFO - Filling up the DagBag from /home/airflow/.local/lib/python3.10/site-packages/airflow/example_dags/example_latest_only.py
[2025-04-25T16:31:30.615+0000] {processor.py:925} INFO - DAG(s) 'latest_only' retrieved from /home/airflow/.local/lib/python3.10/site-packages/airflow/example_dags/example_latest_only.py
[2025-04-25T16:31:30.634+0000] {logging_mixin.py:190} INFO - [2025-04-25T16:31:30.634+0000] {dag.py:3239} INFO - Sync 1 DAGs
[2025-04-25T16:31:30.658+0000] {logging_mixin.py:190} INFO - [2025-04-25T16:31:30.658+0000] {dag.py:4180} INFO - Setting next_dagrun for latest_only to 2025-04-25 12:00:00+00:00, run_after=2025-04-25 16:00:00+00:00
[2025-04-25T16:31:30.675+0000] {processor.py:208} INFO - Processing /home/airflow/.local/lib/python3.10/site-packages/airflow/example_dags/example_latest_only.py took 0.077 seconds
[2025-04-25T16:32:00.837+0000] {processor.py:186} INFO - Started process (PID=310) to work on /home/airflow/.local/lib/python3.10/site-packages/airflow/example_dags/example_latest_only.py
[2025-04-25T16:32:00.838+0000] {processor.py:914} INFO - Processing file /home/airflow/.local/lib/python3.10/site-packages/airflow/example_dags/example_latest_only.py for tasks to queue
[2025-04-25T16:32:00.840+0000] {logging_mixin.py:190} INFO - [2025-04-25T16:32:00.840+0000] {dagbag.py:588} INFO - Filling up the DagBag from /home/airflow/.local/lib/python3.10/site-packages/airflow/example_dags/example_latest_only.py
[2025-04-25T16:32:00.846+0000] {processor.py:925} INFO - DAG(s) 'latest_only' retrieved from /home/airflow/.local/lib/python3.10/site-packages/airflow/example_dags/example_latest_only.py
[2025-04-25T16:32:00.863+0000] {logging_mixin.py:190} INFO - [2025-04-25T16:32:00.862+0000] {dag.py:3239} INFO - Sync 1 DAGs
[2025-04-25T16:32:00.883+0000] {logging_mixin.py:190} INFO - [2025-04-25T16:32:00.883+0000] {dag.py:4180} INFO - Setting next_dagrun for latest_only to 2025-04-25 12:00:00+00:00, run_after=2025-04-25 16:00:00+00:00
[2025-04-25T16:32:00.900+0000] {processor.py:208} INFO - Processing /home/airflow/.local/lib/python3.10/site-packages/airflow/example_dags/example_latest_only.py took 0.069 seconds
[2025-04-25T16:32:31.575+0000] {processor.py:186} INFO - Started process (PID=376) to work on /home/airflow/.local/lib/python3.10/site-packages/airflow/example_dags/example_latest_only.py
[2025-04-25T16:32:31.576+0000] {processor.py:914} INFO - Processing file /home/airflow/.local/lib/python3.10/site-packages/airflow/example_dags/example_latest_only.py for tasks to queue
[2025-04-25T16:32:31.578+0000] {logging_mixin.py:190} INFO - [2025-04-25T16:32:31.578+0000] {dagbag.py:588} INFO - Filling up the DagBag from /home/airflow/.local/lib/python3.10/site-packages/airflow/example_dags/example_latest_only.py
[2025-04-25T16:32:31.586+0000] {processor.py:925} INFO - DAG(s) 'latest_only' retrieved from /home/airflow/.local/lib/python3.10/site-packages/airflow/example_dags/example_latest_only.py
[2025-04-25T16:32:31.605+0000] {logging_mixin.py:190} INFO - [2025-04-25T16:32:31.605+0000] {dag.py:3239} INFO - Sync 1 DAGs
[2025-04-25T16:32:31.629+0000] {logging_mixin.py:190} INFO - [2025-04-25T16:32:31.628+0000] {dag.py:4180} INFO - Setting next_dagrun for latest_only to 2025-04-25 12:00:00+00:00, run_after=2025-04-25 16:00:00+00:00
[2025-04-25T16:32:31.647+0000] {processor.py:208} INFO - Processing /home/airflow/.local/lib/python3.10/site-packages/airflow/example_dags/example_latest_only.py took 0.079 seconds
[2025-04-25T16:33:02.766+0000] {processor.py:186} INFO - Started process (PID=442) to work on /home/airflow/.local/lib/python3.10/site-packages/airflow/example_dags/example_latest_only.py
[2025-04-25T16:33:02.767+0000] {processor.py:914} INFO - Processing file /home/airflow/.local/lib/python3.10/site-packages/airflow/example_dags/example_latest_only.py for tasks to queue
[2025-04-25T16:33:02.770+0000] {logging_mixin.py:190} INFO - [2025-04-25T16:33:02.770+0000] {dagbag.py:588} INFO - Filling up the DagBag from /home/airflow/.local/lib/python3.10/site-packages/airflow/example_dags/example_latest_only.py
[2025-04-25T16:33:02.779+0000] {processor.py:925} INFO - DAG(s) 'latest_only' retrieved from /home/airflow/.local/lib/python3.10/site-packages/airflow/example_dags/example_latest_only.py
[2025-04-25T16:33:02.802+0000] {logging_mixin.py:190} INFO - [2025-04-25T16:33:02.801+0000] {dag.py:3239} INFO - Sync 1 DAGs
[2025-04-25T16:33:02.827+0000] {logging_mixin.py:190} INFO - [2025-04-25T16:33:02.827+0000] {dag.py:4180} INFO - Setting next_dagrun for latest_only to 2025-04-25 12:00:00+00:00, run_after=2025-04-25 16:00:00+00:00
[2025-04-25T16:33:02.847+0000] {processor.py:208} INFO - Processing /home/airflow/.local/lib/python3.10/site-packages/airflow/example_dags/example_latest_only.py took 0.090 seconds
[2025-04-25T16:33:33.817+0000] {processor.py:186} INFO - Started process (PID=508) to work on /home/airflow/.local/lib/python3.10/site-packages/airflow/example_dags/example_latest_only.py
[2025-04-25T16:33:33.818+0000] {processor.py:914} INFO - Processing file /home/airflow/.local/lib/python3.10/site-packages/airflow/example_dags/example_latest_only.py for tasks to queue
[2025-04-25T16:33:33.820+0000] {logging_mixin.py:190} INFO - [2025-04-25T16:33:33.820+0000] {dagbag.py:588} INFO - Filling up the DagBag from /home/airflow/.local/lib/python3.10/site-packages/airflow/example_dags/example_latest_only.py
[2025-04-25T16:33:33.826+0000] {processor.py:925} INFO - DAG(s) 'latest_only' retrieved from /home/airflow/.local/lib/python3.10/site-packages/airflow/example_dags/example_latest_only.py
[2025-04-25T16:33:33.843+0000] {logging_mixin.py:190} INFO - [2025-04-25T16:33:33.843+0000] {dag.py:3239} INFO - Sync 1 DAGs
[2025-04-25T16:33:33.863+0000] {logging_mixin.py:190} INFO - [2025-04-25T16:33:33.863+0000] {dag.py:4180} INFO - Setting next_dagrun for latest_only to 2025-04-25 12:00:00+00:00, run_after=2025-04-25 16:00:00+00:00
[2025-04-25T16:33:33.881+0000] {processor.py:208} INFO - Processing /home/airflow/.local/lib/python3.10/site-packages/airflow/example_dags/example_latest_only.py took 0.070 seconds
[2025-04-25T16:34:04.705+0000] {processor.py:186} INFO - Started process (PID=574) to work on /home/airflow/.local/lib/python3.10/site-packages/airflow/example_dags/example_latest_only.py
[2025-04-25T16:34:04.706+0000] {processor.py:914} INFO - Processing file /home/airflow/.local/lib/python3.10/site-packages/airflow/example_dags/example_latest_only.py for tasks to queue
[2025-04-25T16:34:04.708+0000] {logging_mixin.py:190} INFO - [2025-04-25T16:34:04.708+0000] {dagbag.py:588} INFO - Filling up the DagBag from /home/airflow/.local/lib/python3.10/site-packages/airflow/example_dags/example_latest_only.py
[2025-04-25T16:34:04.715+0000] {processor.py:925} INFO - DAG(s) 'latest_only' retrieved from /home/airflow/.local/lib/python3.10/site-packages/airflow/example_dags/example_latest_only.py
[2025-04-25T16:34:04.733+0000] {logging_mixin.py:190} INFO - [2025-04-25T16:34:04.733+0000] {dag.py:3239} INFO - Sync 1 DAGs
[2025-04-25T16:34:04.760+0000] {logging_mixin.py:190} INFO - [2025-04-25T16:34:04.760+0000] {dag.py:4180} INFO - Setting next_dagrun for latest_only to 2025-04-25 12:00:00+00:00, run_after=2025-04-25 16:00:00+00:00
[2025-04-25T16:34:04.785+0000] {processor.py:208} INFO - Processing /home/airflow/.local/lib/python3.10/site-packages/airflow/example_dags/example_latest_only.py took 0.087 seconds
[2025-04-25T16:34:35.241+0000] {processor.py:186} INFO - Started process (PID=640) to work on /home/airflow/.local/lib/python3.10/site-packages/airflow/example_dags/example_latest_only.py
[2025-04-25T16:34:35.242+0000] {processor.py:914} INFO - Processing file /home/airflow/.local/lib/python3.10/site-packages/airflow/example_dags/example_latest_only.py for tasks to queue
[2025-04-25T16:34:35.244+0000] {logging_mixin.py:190} INFO - [2025-04-25T16:34:35.244+0000] {dagbag.py:588} INFO - Filling up the DagBag from /home/airflow/.local/lib/python3.10/site-packages/airflow/example_dags/example_latest_only.py
[2025-04-25T16:34:35.251+0000] {processor.py:925} INFO - DAG(s) 'latest_only' retrieved from /home/airflow/.local/lib/python3.10/site-packages/airflow/example_dags/example_latest_only.py
[2025-04-25T16:34:35.270+0000] {logging_mixin.py:190} INFO - [2025-04-25T16:34:35.269+0000] {dag.py:3239} INFO - Sync 1 DAGs
[2025-04-25T16:34:35.292+0000] {logging_mixin.py:190} INFO - [2025-04-25T16:34:35.291+0000] {dag.py:4180} INFO - Setting next_dagrun for latest_only to 2025-04-25 12:00:00+00:00, run_after=2025-04-25 16:00:00+00:00
[2025-04-25T16:34:35.309+0000] {processor.py:208} INFO - Processing /home/airflow/.local/lib/python3.10/site-packages/airflow/example_dags/example_latest_only.py took 0.074 seconds
[2025-04-25T16:35:05.734+0000] {processor.py:186} INFO - Started process (PID=706) to work on /home/airflow/.local/lib/python3.10/site-packages/airflow/example_dags/example_latest_only.py
[2025-04-25T16:35:05.735+0000] {processor.py:914} INFO - Processing file /home/airflow/.local/lib/python3.10/site-packages/airflow/example_dags/example_latest_only.py for tasks to queue
[2025-04-25T16:35:05.738+0000] {logging_mixin.py:190} INFO - [2025-04-25T16:35:05.738+0000] {dagbag.py:588} INFO - Filling up the DagBag from /home/airflow/.local/lib/python3.10/site-packages/airflow/example_dags/example_latest_only.py
[2025-04-25T16:35:05.745+0000] {processor.py:925} INFO - DAG(s) 'latest_only' retrieved from /home/airflow/.local/lib/python3.10/site-packages/airflow/example_dags/example_latest_only.py
[2025-04-25T16:35:05.764+0000] {logging_mixin.py:190} INFO - [2025-04-25T16:35:05.764+0000] {dag.py:3239} INFO - Sync 1 DAGs
[2025-04-25T16:35:05.789+0000] {logging_mixin.py:190} INFO - [2025-04-25T16:35:05.789+0000] {dag.py:4180} INFO - Setting next_dagrun for latest_only to 2025-04-25 12:00:00+00:00, run_after=2025-04-25 16:00:00+00:00
[2025-04-25T16:35:05.807+0000] {processor.py:208} INFO - Processing /home/airflow/.local/lib/python3.10/site-packages/airflow/example_dags/example_latest_only.py took 0.079 seconds
[2025-04-25T16:35:36.497+0000] {processor.py:186} INFO - Started process (PID=784) to work on /home/airflow/.local/lib/python3.10/site-packages/airflow/example_dags/example_latest_only.py
[2025-04-25T16:35:36.498+0000] {processor.py:914} INFO - Processing file /home/airflow/.local/lib/python3.10/site-packages/airflow/example_dags/example_latest_only.py for tasks to queue
[2025-04-25T16:35:36.501+0000] {logging_mixin.py:190} INFO - [2025-04-25T16:35:36.501+0000] {dagbag.py:588} INFO - Filling up the DagBag from /home/airflow/.local/lib/python3.10/site-packages/airflow/example_dags/example_latest_only.py
[2025-04-25T16:35:36.512+0000] {processor.py:925} INFO - DAG(s) 'latest_only' retrieved from /home/airflow/.local/lib/python3.10/site-packages/airflow/example_dags/example_latest_only.py
[2025-04-25T16:35:36.534+0000] {logging_mixin.py:190} INFO - [2025-04-25T16:35:36.534+0000] {dag.py:3239} INFO - Sync 1 DAGs
[2025-04-25T16:35:36.561+0000] {logging_mixin.py:190} INFO - [2025-04-25T16:35:36.560+0000] {dag.py:4180} INFO - Setting next_dagrun for latest_only to 2025-04-25 12:00:00+00:00, run_after=2025-04-25 16:00:00+00:00
[2025-04-25T16:35:36.586+0000] {processor.py:208} INFO - Processing /home/airflow/.local/lib/python3.10/site-packages/airflow/example_dags/example_latest_only.py took 0.097 seconds
[2025-04-25T16:36:06.997+0000] {processor.py:186} INFO - Started process (PID=850) to work on /home/airflow/.local/lib/python3.10/site-packages/airflow/example_dags/example_latest_only.py
[2025-04-25T16:36:06.998+0000] {processor.py:914} INFO - Processing file /home/airflow/.local/lib/python3.10/site-packages/airflow/example_dags/example_latest_only.py for tasks to queue
[2025-04-25T16:36:07.000+0000] {logging_mixin.py:190} INFO - [2025-04-25T16:36:07.000+0000] {dagbag.py:588} INFO - Filling up the DagBag from /home/airflow/.local/lib/python3.10/site-packages/airflow/example_dags/example_latest_only.py
[2025-04-25T16:36:07.008+0000] {processor.py:925} INFO - DAG(s) 'latest_only' retrieved from /home/airflow/.local/lib/python3.10/site-packages/airflow/example_dags/example_latest_only.py
[2025-04-25T16:36:07.025+0000] {logging_mixin.py:190} INFO - [2025-04-25T16:36:07.025+0000] {dag.py:3239} INFO - Sync 1 DAGs
[2025-04-25T16:36:07.044+0000] {logging_mixin.py:190} INFO - [2025-04-25T16:36:07.044+0000] {dag.py:4180} INFO - Setting next_dagrun for latest_only to 2025-04-25 12:00:00+00:00, run_after=2025-04-25 16:00:00+00:00
[2025-04-25T16:36:07.063+0000] {processor.py:208} INFO - Processing /home/airflow/.local/lib/python3.10/site-packages/airflow/example_dags/example_latest_only.py took 0.071 seconds
[2025-04-25T16:36:38.126+0000] {processor.py:186} INFO - Started process (PID=916) to work on /home/airflow/.local/lib/python3.10/site-packages/airflow/example_dags/example_latest_only.py
[2025-04-25T16:36:38.127+0000] {processor.py:914} INFO - Processing file /home/airflow/.local/lib/python3.10/site-packages/airflow/example_dags/example_latest_only.py for tasks to queue
[2025-04-25T16:36:38.129+0000] {logging_mixin.py:190} INFO - [2025-04-25T16:36:38.129+0000] {dagbag.py:588} INFO - Filling up the DagBag from /home/airflow/.local/lib/python3.10/site-packages/airflow/example_dags/example_latest_only.py
[2025-04-25T16:36:38.135+0000] {processor.py:925} INFO - DAG(s) 'latest_only' retrieved from /home/airflow/.local/lib/python3.10/site-packages/airflow/example_dags/example_latest_only.py
[2025-04-25T16:36:38.155+0000] {logging_mixin.py:190} INFO - [2025-04-25T16:36:38.154+0000] {dag.py:3239} INFO - Sync 1 DAGs
[2025-04-25T16:36:38.180+0000] {logging_mixin.py:190} INFO - [2025-04-25T16:36:38.179+0000] {dag.py:4180} INFO - Setting next_dagrun for latest_only to 2025-04-25 12:00:00+00:00, run_after=2025-04-25 16:00:00+00:00
[2025-04-25T16:36:38.199+0000] {processor.py:208} INFO - Processing /home/airflow/.local/lib/python3.10/site-packages/airflow/example_dags/example_latest_only.py took 0.079 seconds
[2025-04-25T16:37:08.631+0000] {processor.py:186} INFO - Started process (PID=982) to work on /home/airflow/.local/lib/python3.10/site-packages/airflow/example_dags/example_latest_only.py
[2025-04-25T16:37:08.632+0000] {processor.py:914} INFO - Processing file /home/airflow/.local/lib/python3.10/site-packages/airflow/example_dags/example_latest_only.py for tasks to queue
[2025-04-25T16:37:08.633+0000] {logging_mixin.py:190} INFO - [2025-04-25T16:37:08.633+0000] {dagbag.py:588} INFO - Filling up the DagBag from /home/airflow/.local/lib/python3.10/site-packages/airflow/example_dags/example_latest_only.py
[2025-04-25T16:37:08.640+0000] {processor.py:925} INFO - DAG(s) 'latest_only' retrieved from /home/airflow/.local/lib/python3.10/site-packages/airflow/example_dags/example_latest_only.py
[2025-04-25T16:37:08.657+0000] {logging_mixin.py:190} INFO - [2025-04-25T16:37:08.657+0000] {dag.py:3239} INFO - Sync 1 DAGs
[2025-04-25T16:37:08.678+0000] {logging_mixin.py:190} INFO - [2025-04-25T16:37:08.678+0000] {dag.py:4180} INFO - Setting next_dagrun for latest_only to 2025-04-25 12:00:00+00:00, run_after=2025-04-25 16:00:00+00:00
[2025-04-25T16:37:08.694+0000] {processor.py:208} INFO - Processing /home/airflow/.local/lib/python3.10/site-packages/airflow/example_dags/example_latest_only.py took 0.069 seconds
[2025-04-25T16:37:39.608+0000] {processor.py:186} INFO - Started process (PID=1048) to work on /home/airflow/.local/lib/python3.10/site-packages/airflow/example_dags/example_latest_only.py
[2025-04-25T16:37:39.609+0000] {processor.py:914} INFO - Processing file /home/airflow/.local/lib/python3.10/site-packages/airflow/example_dags/example_latest_only.py for tasks to queue
[2025-04-25T16:37:39.611+0000] {logging_mixin.py:190} INFO - [2025-04-25T16:37:39.610+0000] {dagbag.py:588} INFO - Filling up the DagBag from /home/airflow/.local/lib/python3.10/site-packages/airflow/example_dags/example_latest_only.py
[2025-04-25T16:37:39.617+0000] {processor.py:925} INFO - DAG(s) 'latest_only' retrieved from /home/airflow/.local/lib/python3.10/site-packages/airflow/example_dags/example_latest_only.py
[2025-04-25T16:37:39.635+0000] {logging_mixin.py:190} INFO - [2025-04-25T16:37:39.634+0000] {dag.py:3239} INFO - Sync 1 DAGs
[2025-04-25T16:37:39.655+0000] {logging_mixin.py:190} INFO - [2025-04-25T16:37:39.655+0000] {dag.py:4180} INFO - Setting next_dagrun for latest_only to 2025-04-25 12:00:00+00:00, run_after=2025-04-25 16:00:00+00:00
[2025-04-25T16:37:39.677+0000] {processor.py:208} INFO - Processing /home/airflow/.local/lib/python3.10/site-packages/airflow/example_dags/example_latest_only.py took 0.075 seconds
[2025-04-25T16:38:10.209+0000] {processor.py:186} INFO - Started process (PID=1114) to work on /home/airflow/.local/lib/python3.10/site-packages/airflow/example_dags/example_latest_only.py
[2025-04-25T16:38:10.210+0000] {processor.py:914} INFO - Processing file /home/airflow/.local/lib/python3.10/site-packages/airflow/example_dags/example_latest_only.py for tasks to queue
[2025-04-25T16:38:10.212+0000] {logging_mixin.py:190} INFO - [2025-04-25T16:38:10.212+0000] {dagbag.py:588} INFO - Filling up the DagBag from /home/airflow/.local/lib/python3.10/site-packages/airflow/example_dags/example_latest_only.py
[2025-04-25T16:38:10.219+0000] {processor.py:925} INFO - DAG(s) 'latest_only' retrieved from /home/airflow/.local/lib/python3.10/site-packages/airflow/example_dags/example_latest_only.py
[2025-04-25T16:38:10.237+0000] {logging_mixin.py:190} INFO - [2025-04-25T16:38:10.236+0000] {dag.py:3239} INFO - Sync 1 DAGs
[2025-04-25T16:38:10.257+0000] {logging_mixin.py:190} INFO - [2025-04-25T16:38:10.257+0000] {dag.py:4180} INFO - Setting next_dagrun for latest_only to 2025-04-25 12:00:00+00:00, run_after=2025-04-25 16:00:00+00:00
[2025-04-25T16:38:10.274+0000] {processor.py:208} INFO - Processing /home/airflow/.local/lib/python3.10/site-packages/airflow/example_dags/example_latest_only.py took 0.071 seconds
[2025-04-25T16:38:40.446+0000] {processor.py:186} INFO - Started process (PID=1180) to work on /home/airflow/.local/lib/python3.10/site-packages/airflow/example_dags/example_latest_only.py
[2025-04-25T16:38:40.447+0000] {processor.py:914} INFO - Processing file /home/airflow/.local/lib/python3.10/site-packages/airflow/example_dags/example_latest_only.py for tasks to queue
[2025-04-25T16:38:40.449+0000] {logging_mixin.py:190} INFO - [2025-04-25T16:38:40.449+0000] {dagbag.py:588} INFO - Filling up the DagBag from /home/airflow/.local/lib/python3.10/site-packages/airflow/example_dags/example_latest_only.py
[2025-04-25T16:38:40.455+0000] {processor.py:925} INFO - DAG(s) 'latest_only' retrieved from /home/airflow/.local/lib/python3.10/site-packages/airflow/example_dags/example_latest_only.py
[2025-04-25T16:38:40.475+0000] {logging_mixin.py:190} INFO - [2025-04-25T16:38:40.475+0000] {dag.py:3239} INFO - Sync 1 DAGs
[2025-04-25T16:38:40.499+0000] {logging_mixin.py:190} INFO - [2025-04-25T16:38:40.499+0000] {dag.py:4180} INFO - Setting next_dagrun for latest_only to 2025-04-25 12:00:00+00:00, run_after=2025-04-25 16:00:00+00:00
[2025-04-25T16:38:40.517+0000] {processor.py:208} INFO - Processing /home/airflow/.local/lib/python3.10/site-packages/airflow/example_dags/example_latest_only.py took 0.077 seconds
