[2025-04-25T16:30:05.107+0000] {processor.py:186} INFO - Started process (PID=86) to work on /home/airflow/.local/lib/python3.10/site-packages/airflow/example_dags/example_subdag_operator.py
[2025-04-25T16:30:05.108+0000] {processor.py:914} INFO - Processing file /home/airflow/.local/lib/python3.10/site-packages/airflow/example_dags/example_subdag_operator.py for tasks to queue
[2025-04-25T16:30:05.111+0000] {logging_mixin.py:190} INFO - [2025-04-25T16:30:05.110+0000] {dagbag.py:588} INFO - Filling up the DagBag from /home/airflow/.local/lib/python3.10/site-packages/airflow/example_dags/example_subdag_operator.py
[2025-04-25T16:30:05.143+0000] {processor.py:925} INFO - DAG(s) 'example_subdag_operator.section-1', 'example_subdag_operator.section-2', 'example_subdag_operator' retrieved from /home/airflow/.local/lib/python3.10/site-packages/airflow/example_dags/example_subdag_operator.py
[2025-04-25T16:30:05.162+0000] {logging_mixin.py:190} INFO - [2025-04-25T16:30:05.162+0000] {dag.py:3239} INFO - Sync 3 DAGs
[2025-04-25T16:30:05.189+0000] {logging_mixin.py:190} INFO - [2025-04-25T16:30:05.189+0000] {dag.py:4180} INFO - Setting next_dagrun for example_subdag_operator to 2022-01-01 00:00:00+00:00, run_after=2022-01-01 00:00:00+00:00
[2025-04-25T16:30:05.193+0000] {logging_mixin.py:190} INFO - [2025-04-25T16:30:05.193+0000] {dag.py:4180} INFO - Setting next_dagrun for example_subdag_operator.section-1 to None, run_after=None
[2025-04-25T16:30:05.195+0000] {logging_mixin.py:190} INFO - [2025-04-25T16:30:05.195+0000] {dag.py:4180} INFO - Setting next_dagrun for example_subdag_operator.section-2 to None, run_after=None
[2025-04-25T16:30:05.203+0000] {logging_mixin.py:190} INFO - [2025-04-25T16:30:05.203+0000] {dag.py:3239} INFO - Sync 2 DAGs
[2025-04-25T16:30:05.210+0000] {logging_mixin.py:190} INFO - [2025-04-25T16:30:05.210+0000] {dag.py:4180} INFO - Setting next_dagrun for example_subdag_operator.section-1 to None, run_after=None
[2025-04-25T16:30:05.211+0000] {logging_mixin.py:190} INFO - [2025-04-25T16:30:05.211+0000] {dag.py:4180} INFO - Setting next_dagrun for example_subdag_operator.section-2 to None, run_after=None
[2025-04-25T16:30:05.226+0000] {processor.py:208} INFO - Processing /home/airflow/.local/lib/python3.10/site-packages/airflow/example_dags/example_subdag_operator.py took 0.128 seconds
[2025-04-25T16:30:35.675+0000] {processor.py:186} INFO - Started process (PID=152) to work on /home/airflow/.local/lib/python3.10/site-packages/airflow/example_dags/example_subdag_operator.py
[2025-04-25T16:30:35.676+0000] {processor.py:914} INFO - Processing file /home/airflow/.local/lib/python3.10/site-packages/airflow/example_dags/example_subdag_operator.py for tasks to queue
[2025-04-25T16:30:35.679+0000] {logging_mixin.py:190} INFO - [2025-04-25T16:30:35.678+0000] {dagbag.py:588} INFO - Filling up the DagBag from /home/airflow/.local/lib/python3.10/site-packages/airflow/example_dags/example_subdag_operator.py
[2025-04-25T16:30:35.703+0000] {processor.py:925} INFO - DAG(s) 'example_subdag_operator.section-1', 'example_subdag_operator.section-2', 'example_subdag_operator' retrieved from /home/airflow/.local/lib/python3.10/site-packages/airflow/example_dags/example_subdag_operator.py
[2025-04-25T16:30:35.718+0000] {logging_mixin.py:190} INFO - [2025-04-25T16:30:35.718+0000] {dag.py:3239} INFO - Sync 3 DAGs
[2025-04-25T16:30:35.741+0000] {logging_mixin.py:190} INFO - [2025-04-25T16:30:35.740+0000] {dag.py:4180} INFO - Setting next_dagrun for example_subdag_operator to 2022-01-01 00:00:00+00:00, run_after=2022-01-01 00:00:00+00:00
[2025-04-25T16:30:35.745+0000] {logging_mixin.py:190} INFO - [2025-04-25T16:30:35.745+0000] {dag.py:4180} INFO - Setting next_dagrun for example_subdag_operator.section-1 to None, run_after=None
[2025-04-25T16:30:35.746+0000] {logging_mixin.py:190} INFO - [2025-04-25T16:30:35.746+0000] {dag.py:4180} INFO - Setting next_dagrun for example_subdag_operator.section-2 to None, run_after=None
[2025-04-25T16:30:35.753+0000] {logging_mixin.py:190} INFO - [2025-04-25T16:30:35.753+0000] {dag.py:3239} INFO - Sync 2 DAGs
[2025-04-25T16:30:35.758+0000] {logging_mixin.py:190} INFO - [2025-04-25T16:30:35.758+0000] {dag.py:4180} INFO - Setting next_dagrun for example_subdag_operator.section-1 to None, run_after=None
[2025-04-25T16:30:35.759+0000] {logging_mixin.py:190} INFO - [2025-04-25T16:30:35.759+0000] {dag.py:4180} INFO - Setting next_dagrun for example_subdag_operator.section-2 to None, run_after=None
[2025-04-25T16:30:35.769+0000] {processor.py:208} INFO - Processing /home/airflow/.local/lib/python3.10/site-packages/airflow/example_dags/example_subdag_operator.py took 0.100 seconds
[2025-04-25T16:31:06.114+0000] {processor.py:186} INFO - Started process (PID=218) to work on /home/airflow/.local/lib/python3.10/site-packages/airflow/example_dags/example_subdag_operator.py
[2025-04-25T16:31:06.115+0000] {processor.py:914} INFO - Processing file /home/airflow/.local/lib/python3.10/site-packages/airflow/example_dags/example_subdag_operator.py for tasks to queue
[2025-04-25T16:31:06.117+0000] {logging_mixin.py:190} INFO - [2025-04-25T16:31:06.117+0000] {dagbag.py:588} INFO - Filling up the DagBag from /home/airflow/.local/lib/python3.10/site-packages/airflow/example_dags/example_subdag_operator.py
[2025-04-25T16:31:06.144+0000] {processor.py:925} INFO - DAG(s) 'example_subdag_operator.section-1', 'example_subdag_operator.section-2', 'example_subdag_operator' retrieved from /home/airflow/.local/lib/python3.10/site-packages/airflow/example_dags/example_subdag_operator.py
[2025-04-25T16:31:06.160+0000] {logging_mixin.py:190} INFO - [2025-04-25T16:31:06.160+0000] {dag.py:3239} INFO - Sync 3 DAGs
[2025-04-25T16:31:06.182+0000] {logging_mixin.py:190} INFO - [2025-04-25T16:31:06.181+0000] {dag.py:4180} INFO - Setting next_dagrun for example_subdag_operator to 2022-01-01 00:00:00+00:00, run_after=2022-01-01 00:00:00+00:00
[2025-04-25T16:31:06.186+0000] {logging_mixin.py:190} INFO - [2025-04-25T16:31:06.186+0000] {dag.py:4180} INFO - Setting next_dagrun for example_subdag_operator.section-1 to None, run_after=None
[2025-04-25T16:31:06.188+0000] {logging_mixin.py:190} INFO - [2025-04-25T16:31:06.187+0000] {dag.py:4180} INFO - Setting next_dagrun for example_subdag_operator.section-2 to None, run_after=None
[2025-04-25T16:31:06.196+0000] {logging_mixin.py:190} INFO - [2025-04-25T16:31:06.195+0000] {dag.py:3239} INFO - Sync 2 DAGs
[2025-04-25T16:31:06.202+0000] {logging_mixin.py:190} INFO - [2025-04-25T16:31:06.202+0000] {dag.py:4180} INFO - Setting next_dagrun for example_subdag_operator.section-1 to None, run_after=None
[2025-04-25T16:31:06.203+0000] {logging_mixin.py:190} INFO - [2025-04-25T16:31:06.203+0000] {dag.py:4180} INFO - Setting next_dagrun for example_subdag_operator.section-2 to None, run_after=None
[2025-04-25T16:31:06.213+0000] {processor.py:208} INFO - Processing /home/airflow/.local/lib/python3.10/site-packages/airflow/example_dags/example_subdag_operator.py took 0.104 seconds
[2025-04-25T16:31:37.116+0000] {processor.py:186} INFO - Started process (PID=284) to work on /home/airflow/.local/lib/python3.10/site-packages/airflow/example_dags/example_subdag_operator.py
[2025-04-25T16:31:37.118+0000] {processor.py:914} INFO - Processing file /home/airflow/.local/lib/python3.10/site-packages/airflow/example_dags/example_subdag_operator.py for tasks to queue
[2025-04-25T16:31:37.120+0000] {logging_mixin.py:190} INFO - [2025-04-25T16:31:37.120+0000] {dagbag.py:588} INFO - Filling up the DagBag from /home/airflow/.local/lib/python3.10/site-packages/airflow/example_dags/example_subdag_operator.py
[2025-04-25T16:31:37.148+0000] {processor.py:925} INFO - DAG(s) 'example_subdag_operator.section-1', 'example_subdag_operator.section-2', 'example_subdag_operator' retrieved from /home/airflow/.local/lib/python3.10/site-packages/airflow/example_dags/example_subdag_operator.py
[2025-04-25T16:31:37.166+0000] {logging_mixin.py:190} INFO - [2025-04-25T16:31:37.165+0000] {dag.py:3239} INFO - Sync 3 DAGs
[2025-04-25T16:31:37.189+0000] {logging_mixin.py:190} INFO - [2025-04-25T16:31:37.189+0000] {dag.py:4180} INFO - Setting next_dagrun for example_subdag_operator to 2022-01-01 00:00:00+00:00, run_after=2022-01-01 00:00:00+00:00
[2025-04-25T16:31:37.194+0000] {logging_mixin.py:190} INFO - [2025-04-25T16:31:37.194+0000] {dag.py:4180} INFO - Setting next_dagrun for example_subdag_operator.section-1 to None, run_after=None
[2025-04-25T16:31:37.196+0000] {logging_mixin.py:190} INFO - [2025-04-25T16:31:37.196+0000] {dag.py:4180} INFO - Setting next_dagrun for example_subdag_operator.section-2 to None, run_after=None
[2025-04-25T16:31:37.205+0000] {logging_mixin.py:190} INFO - [2025-04-25T16:31:37.205+0000] {dag.py:3239} INFO - Sync 2 DAGs
[2025-04-25T16:31:37.212+0000] {logging_mixin.py:190} INFO - [2025-04-25T16:31:37.211+0000] {dag.py:4180} INFO - Setting next_dagrun for example_subdag_operator.section-1 to None, run_after=None
[2025-04-25T16:31:37.212+0000] {logging_mixin.py:190} INFO - [2025-04-25T16:31:37.212+0000] {dag.py:4180} INFO - Setting next_dagrun for example_subdag_operator.section-2 to None, run_after=None
[2025-04-25T16:31:37.225+0000] {processor.py:208} INFO - Processing /home/airflow/.local/lib/python3.10/site-packages/airflow/example_dags/example_subdag_operator.py took 0.115 seconds
[2025-04-25T16:32:08.070+0000] {processor.py:186} INFO - Started process (PID=350) to work on /home/airflow/.local/lib/python3.10/site-packages/airflow/example_dags/example_subdag_operator.py
[2025-04-25T16:32:08.071+0000] {processor.py:914} INFO - Processing file /home/airflow/.local/lib/python3.10/site-packages/airflow/example_dags/example_subdag_operator.py for tasks to queue
[2025-04-25T16:32:08.073+0000] {logging_mixin.py:190} INFO - [2025-04-25T16:32:08.073+0000] {dagbag.py:588} INFO - Filling up the DagBag from /home/airflow/.local/lib/python3.10/site-packages/airflow/example_dags/example_subdag_operator.py
[2025-04-25T16:32:08.099+0000] {processor.py:925} INFO - DAG(s) 'example_subdag_operator.section-1', 'example_subdag_operator.section-2', 'example_subdag_operator' retrieved from /home/airflow/.local/lib/python3.10/site-packages/airflow/example_dags/example_subdag_operator.py
[2025-04-25T16:32:08.115+0000] {logging_mixin.py:190} INFO - [2025-04-25T16:32:08.115+0000] {dag.py:3239} INFO - Sync 3 DAGs
[2025-04-25T16:32:08.140+0000] {logging_mixin.py:190} INFO - [2025-04-25T16:32:08.140+0000] {dag.py:4180} INFO - Setting next_dagrun for example_subdag_operator to 2022-01-01 00:00:00+00:00, run_after=2022-01-01 00:00:00+00:00
[2025-04-25T16:32:08.145+0000] {logging_mixin.py:190} INFO - [2025-04-25T16:32:08.145+0000] {dag.py:4180} INFO - Setting next_dagrun for example_subdag_operator.section-1 to None, run_after=None
[2025-04-25T16:32:08.147+0000] {logging_mixin.py:190} INFO - [2025-04-25T16:32:08.147+0000] {dag.py:4180} INFO - Setting next_dagrun for example_subdag_operator.section-2 to None, run_after=None
[2025-04-25T16:32:08.154+0000] {logging_mixin.py:190} INFO - [2025-04-25T16:32:08.154+0000] {dag.py:3239} INFO - Sync 2 DAGs
[2025-04-25T16:32:08.160+0000] {logging_mixin.py:190} INFO - [2025-04-25T16:32:08.160+0000] {dag.py:4180} INFO - Setting next_dagrun for example_subdag_operator.section-1 to None, run_after=None
[2025-04-25T16:32:08.161+0000] {logging_mixin.py:190} INFO - [2025-04-25T16:32:08.161+0000] {dag.py:4180} INFO - Setting next_dagrun for example_subdag_operator.section-2 to None, run_after=None
[2025-04-25T16:32:08.172+0000] {processor.py:208} INFO - Processing /home/airflow/.local/lib/python3.10/site-packages/airflow/example_dags/example_subdag_operator.py took 0.108 seconds
[2025-04-25T16:32:39.151+0000] {processor.py:186} INFO - Started process (PID=416) to work on /home/airflow/.local/lib/python3.10/site-packages/airflow/example_dags/example_subdag_operator.py
[2025-04-25T16:32:39.152+0000] {processor.py:914} INFO - Processing file /home/airflow/.local/lib/python3.10/site-packages/airflow/example_dags/example_subdag_operator.py for tasks to queue
[2025-04-25T16:32:39.154+0000] {logging_mixin.py:190} INFO - [2025-04-25T16:32:39.154+0000] {dagbag.py:588} INFO - Filling up the DagBag from /home/airflow/.local/lib/python3.10/site-packages/airflow/example_dags/example_subdag_operator.py
[2025-04-25T16:32:39.183+0000] {processor.py:925} INFO - DAG(s) 'example_subdag_operator.section-1', 'example_subdag_operator.section-2', 'example_subdag_operator' retrieved from /home/airflow/.local/lib/python3.10/site-packages/airflow/example_dags/example_subdag_operator.py
[2025-04-25T16:32:39.202+0000] {logging_mixin.py:190} INFO - [2025-04-25T16:32:39.201+0000] {dag.py:3239} INFO - Sync 3 DAGs
[2025-04-25T16:32:39.228+0000] {logging_mixin.py:190} INFO - [2025-04-25T16:32:39.228+0000] {dag.py:4180} INFO - Setting next_dagrun for example_subdag_operator to 2022-01-01 00:00:00+00:00, run_after=2022-01-01 00:00:00+00:00
[2025-04-25T16:32:39.232+0000] {logging_mixin.py:190} INFO - [2025-04-25T16:32:39.232+0000] {dag.py:4180} INFO - Setting next_dagrun for example_subdag_operator.section-1 to None, run_after=None
[2025-04-25T16:32:39.234+0000] {logging_mixin.py:190} INFO - [2025-04-25T16:32:39.234+0000] {dag.py:4180} INFO - Setting next_dagrun for example_subdag_operator.section-2 to None, run_after=None
[2025-04-25T16:32:39.242+0000] {logging_mixin.py:190} INFO - [2025-04-25T16:32:39.241+0000] {dag.py:3239} INFO - Sync 2 DAGs
[2025-04-25T16:32:39.248+0000] {logging_mixin.py:190} INFO - [2025-04-25T16:32:39.248+0000] {dag.py:4180} INFO - Setting next_dagrun for example_subdag_operator.section-1 to None, run_after=None
[2025-04-25T16:32:39.249+0000] {logging_mixin.py:190} INFO - [2025-04-25T16:32:39.249+0000] {dag.py:4180} INFO - Setting next_dagrun for example_subdag_operator.section-2 to None, run_after=None
[2025-04-25T16:32:39.260+0000] {processor.py:208} INFO - Processing /home/airflow/.local/lib/python3.10/site-packages/airflow/example_dags/example_subdag_operator.py took 0.115 seconds
[2025-04-25T16:33:10.277+0000] {processor.py:186} INFO - Started process (PID=482) to work on /home/airflow/.local/lib/python3.10/site-packages/airflow/example_dags/example_subdag_operator.py
[2025-04-25T16:33:10.278+0000] {processor.py:914} INFO - Processing file /home/airflow/.local/lib/python3.10/site-packages/airflow/example_dags/example_subdag_operator.py for tasks to queue
[2025-04-25T16:33:10.281+0000] {logging_mixin.py:190} INFO - [2025-04-25T16:33:10.280+0000] {dagbag.py:588} INFO - Filling up the DagBag from /home/airflow/.local/lib/python3.10/site-packages/airflow/example_dags/example_subdag_operator.py
[2025-04-25T16:33:10.305+0000] {processor.py:925} INFO - DAG(s) 'example_subdag_operator.section-1', 'example_subdag_operator.section-2', 'example_subdag_operator' retrieved from /home/airflow/.local/lib/python3.10/site-packages/airflow/example_dags/example_subdag_operator.py
[2025-04-25T16:33:10.321+0000] {logging_mixin.py:190} INFO - [2025-04-25T16:33:10.321+0000] {dag.py:3239} INFO - Sync 3 DAGs
[2025-04-25T16:33:10.344+0000] {logging_mixin.py:190} INFO - [2025-04-25T16:33:10.343+0000] {dag.py:4180} INFO - Setting next_dagrun for example_subdag_operator to 2022-01-01 00:00:00+00:00, run_after=2022-01-01 00:00:00+00:00
[2025-04-25T16:33:10.348+0000] {logging_mixin.py:190} INFO - [2025-04-25T16:33:10.348+0000] {dag.py:4180} INFO - Setting next_dagrun for example_subdag_operator.section-1 to None, run_after=None
[2025-04-25T16:33:10.350+0000] {logging_mixin.py:190} INFO - [2025-04-25T16:33:10.350+0000] {dag.py:4180} INFO - Setting next_dagrun for example_subdag_operator.section-2 to None, run_after=None
[2025-04-25T16:33:10.356+0000] {logging_mixin.py:190} INFO - [2025-04-25T16:33:10.356+0000] {dag.py:3239} INFO - Sync 2 DAGs
[2025-04-25T16:33:10.361+0000] {logging_mixin.py:190} INFO - [2025-04-25T16:33:10.361+0000] {dag.py:4180} INFO - Setting next_dagrun for example_subdag_operator.section-1 to None, run_after=None
[2025-04-25T16:33:10.362+0000] {logging_mixin.py:190} INFO - [2025-04-25T16:33:10.362+0000] {dag.py:4180} INFO - Setting next_dagrun for example_subdag_operator.section-2 to None, run_after=None
[2025-04-25T16:33:10.373+0000] {processor.py:208} INFO - Processing /home/airflow/.local/lib/python3.10/site-packages/airflow/example_dags/example_subdag_operator.py took 0.102 seconds
[2025-04-25T16:33:41.099+0000] {processor.py:186} INFO - Started process (PID=554) to work on /home/airflow/.local/lib/python3.10/site-packages/airflow/example_dags/example_subdag_operator.py
[2025-04-25T16:33:41.100+0000] {processor.py:914} INFO - Processing file /home/airflow/.local/lib/python3.10/site-packages/airflow/example_dags/example_subdag_operator.py for tasks to queue
[2025-04-25T16:33:41.103+0000] {logging_mixin.py:190} INFO - [2025-04-25T16:33:41.103+0000] {dagbag.py:588} INFO - Filling up the DagBag from /home/airflow/.local/lib/python3.10/site-packages/airflow/example_dags/example_subdag_operator.py
[2025-04-25T16:33:41.132+0000] {processor.py:925} INFO - DAG(s) 'example_subdag_operator.section-1', 'example_subdag_operator.section-2', 'example_subdag_operator' retrieved from /home/airflow/.local/lib/python3.10/site-packages/airflow/example_dags/example_subdag_operator.py
[2025-04-25T16:33:41.150+0000] {logging_mixin.py:190} INFO - [2025-04-25T16:33:41.150+0000] {dag.py:3239} INFO - Sync 3 DAGs
[2025-04-25T16:33:41.178+0000] {logging_mixin.py:190} INFO - [2025-04-25T16:33:41.178+0000] {dag.py:4180} INFO - Setting next_dagrun for example_subdag_operator to 2022-01-01 00:00:00+00:00, run_after=2022-01-01 00:00:00+00:00
[2025-04-25T16:33:41.183+0000] {logging_mixin.py:190} INFO - [2025-04-25T16:33:41.183+0000] {dag.py:4180} INFO - Setting next_dagrun for example_subdag_operator.section-1 to None, run_after=None
[2025-04-25T16:33:41.185+0000] {logging_mixin.py:190} INFO - [2025-04-25T16:33:41.184+0000] {dag.py:4180} INFO - Setting next_dagrun for example_subdag_operator.section-2 to None, run_after=None
[2025-04-25T16:33:41.193+0000] {logging_mixin.py:190} INFO - [2025-04-25T16:33:41.192+0000] {dag.py:3239} INFO - Sync 2 DAGs
[2025-04-25T16:33:41.202+0000] {logging_mixin.py:190} INFO - [2025-04-25T16:33:41.201+0000] {dag.py:4180} INFO - Setting next_dagrun for example_subdag_operator.section-1 to None, run_after=None
[2025-04-25T16:33:41.202+0000] {logging_mixin.py:190} INFO - [2025-04-25T16:33:41.202+0000] {dag.py:4180} INFO - Setting next_dagrun for example_subdag_operator.section-2 to None, run_after=None
[2025-04-25T16:33:41.215+0000] {processor.py:208} INFO - Processing /home/airflow/.local/lib/python3.10/site-packages/airflow/example_dags/example_subdag_operator.py took 0.123 seconds
[2025-04-25T16:34:11.801+0000] {processor.py:186} INFO - Started process (PID=620) to work on /home/airflow/.local/lib/python3.10/site-packages/airflow/example_dags/example_subdag_operator.py
[2025-04-25T16:34:11.802+0000] {processor.py:914} INFO - Processing file /home/airflow/.local/lib/python3.10/site-packages/airflow/example_dags/example_subdag_operator.py for tasks to queue
[2025-04-25T16:34:11.804+0000] {logging_mixin.py:190} INFO - [2025-04-25T16:34:11.804+0000] {dagbag.py:588} INFO - Filling up the DagBag from /home/airflow/.local/lib/python3.10/site-packages/airflow/example_dags/example_subdag_operator.py
[2025-04-25T16:34:11.828+0000] {processor.py:925} INFO - DAG(s) 'example_subdag_operator.section-1', 'example_subdag_operator.section-2', 'example_subdag_operator' retrieved from /home/airflow/.local/lib/python3.10/site-packages/airflow/example_dags/example_subdag_operator.py
[2025-04-25T16:34:11.843+0000] {logging_mixin.py:190} INFO - [2025-04-25T16:34:11.843+0000] {dag.py:3239} INFO - Sync 3 DAGs
[2025-04-25T16:34:11.866+0000] {logging_mixin.py:190} INFO - [2025-04-25T16:34:11.866+0000] {dag.py:4180} INFO - Setting next_dagrun for example_subdag_operator to 2022-01-01 00:00:00+00:00, run_after=2022-01-01 00:00:00+00:00
[2025-04-25T16:34:11.870+0000] {logging_mixin.py:190} INFO - [2025-04-25T16:34:11.869+0000] {dag.py:4180} INFO - Setting next_dagrun for example_subdag_operator.section-1 to None, run_after=None
[2025-04-25T16:34:11.871+0000] {logging_mixin.py:190} INFO - [2025-04-25T16:34:11.871+0000] {dag.py:4180} INFO - Setting next_dagrun for example_subdag_operator.section-2 to None, run_after=None
[2025-04-25T16:34:11.878+0000] {logging_mixin.py:190} INFO - [2025-04-25T16:34:11.878+0000] {dag.py:3239} INFO - Sync 2 DAGs
[2025-04-25T16:34:11.884+0000] {logging_mixin.py:190} INFO - [2025-04-25T16:34:11.884+0000] {dag.py:4180} INFO - Setting next_dagrun for example_subdag_operator.section-1 to None, run_after=None
[2025-04-25T16:34:11.884+0000] {logging_mixin.py:190} INFO - [2025-04-25T16:34:11.884+0000] {dag.py:4180} INFO - Setting next_dagrun for example_subdag_operator.section-2 to None, run_after=None
[2025-04-25T16:34:11.895+0000] {processor.py:208} INFO - Processing /home/airflow/.local/lib/python3.10/site-packages/airflow/example_dags/example_subdag_operator.py took 0.101 seconds
[2025-04-25T16:34:42.424+0000] {processor.py:186} INFO - Started process (PID=686) to work on /home/airflow/.local/lib/python3.10/site-packages/airflow/example_dags/example_subdag_operator.py
[2025-04-25T16:34:42.425+0000] {processor.py:914} INFO - Processing file /home/airflow/.local/lib/python3.10/site-packages/airflow/example_dags/example_subdag_operator.py for tasks to queue
[2025-04-25T16:34:42.429+0000] {logging_mixin.py:190} INFO - [2025-04-25T16:34:42.429+0000] {dagbag.py:588} INFO - Filling up the DagBag from /home/airflow/.local/lib/python3.10/site-packages/airflow/example_dags/example_subdag_operator.py
[2025-04-25T16:34:42.474+0000] {processor.py:925} INFO - DAG(s) 'example_subdag_operator.section-1', 'example_subdag_operator.section-2', 'example_subdag_operator' retrieved from /home/airflow/.local/lib/python3.10/site-packages/airflow/example_dags/example_subdag_operator.py
[2025-04-25T16:34:42.496+0000] {logging_mixin.py:190} INFO - [2025-04-25T16:34:42.496+0000] {dag.py:3239} INFO - Sync 3 DAGs
[2025-04-25T16:34:42.523+0000] {logging_mixin.py:190} INFO - [2025-04-25T16:34:42.523+0000] {dag.py:4180} INFO - Setting next_dagrun for example_subdag_operator to 2022-01-01 00:00:00+00:00, run_after=2022-01-01 00:00:00+00:00
[2025-04-25T16:34:42.528+0000] {logging_mixin.py:190} INFO - [2025-04-25T16:34:42.528+0000] {dag.py:4180} INFO - Setting next_dagrun for example_subdag_operator.section-1 to None, run_after=None
[2025-04-25T16:34:42.530+0000] {logging_mixin.py:190} INFO - [2025-04-25T16:34:42.530+0000] {dag.py:4180} INFO - Setting next_dagrun for example_subdag_operator.section-2 to None, run_after=None
[2025-04-25T16:34:42.539+0000] {logging_mixin.py:190} INFO - [2025-04-25T16:34:42.539+0000] {dag.py:3239} INFO - Sync 2 DAGs
[2025-04-25T16:34:42.546+0000] {logging_mixin.py:190} INFO - [2025-04-25T16:34:42.545+0000] {dag.py:4180} INFO - Setting next_dagrun for example_subdag_operator.section-1 to None, run_after=None
[2025-04-25T16:34:42.547+0000] {logging_mixin.py:190} INFO - [2025-04-25T16:34:42.546+0000] {dag.py:4180} INFO - Setting next_dagrun for example_subdag_operator.section-2 to None, run_after=None
[2025-04-25T16:34:42.561+0000] {processor.py:208} INFO - Processing /home/airflow/.local/lib/python3.10/site-packages/airflow/example_dags/example_subdag_operator.py took 0.143 seconds
[2025-04-25T16:35:14.076+0000] {processor.py:186} INFO - Started process (PID=755) to work on /home/airflow/.local/lib/python3.10/site-packages/airflow/example_dags/example_subdag_operator.py
[2025-04-25T16:35:14.077+0000] {processor.py:914} INFO - Processing file /home/airflow/.local/lib/python3.10/site-packages/airflow/example_dags/example_subdag_operator.py for tasks to queue
[2025-04-25T16:35:14.081+0000] {logging_mixin.py:190} INFO - [2025-04-25T16:35:14.081+0000] {dagbag.py:588} INFO - Filling up the DagBag from /home/airflow/.local/lib/python3.10/site-packages/airflow/example_dags/example_subdag_operator.py
[2025-04-25T16:35:14.117+0000] {processor.py:925} INFO - DAG(s) 'example_subdag_operator.section-1', 'example_subdag_operator.section-2', 'example_subdag_operator' retrieved from /home/airflow/.local/lib/python3.10/site-packages/airflow/example_dags/example_subdag_operator.py
[2025-04-25T16:35:14.140+0000] {logging_mixin.py:190} INFO - [2025-04-25T16:35:14.140+0000] {dag.py:3239} INFO - Sync 3 DAGs
[2025-04-25T16:35:14.173+0000] {logging_mixin.py:190} INFO - [2025-04-25T16:35:14.172+0000] {dag.py:4180} INFO - Setting next_dagrun for example_subdag_operator to 2022-01-01 00:00:00+00:00, run_after=2022-01-01 00:00:00+00:00
[2025-04-25T16:35:14.178+0000] {logging_mixin.py:190} INFO - [2025-04-25T16:35:14.177+0000] {dag.py:4180} INFO - Setting next_dagrun for example_subdag_operator.section-1 to None, run_after=None
[2025-04-25T16:35:14.181+0000] {logging_mixin.py:190} INFO - [2025-04-25T16:35:14.180+0000] {dag.py:4180} INFO - Setting next_dagrun for example_subdag_operator.section-2 to None, run_after=None
[2025-04-25T16:35:14.191+0000] {logging_mixin.py:190} INFO - [2025-04-25T16:35:14.191+0000] {dag.py:3239} INFO - Sync 2 DAGs
[2025-04-25T16:35:14.199+0000] {logging_mixin.py:190} INFO - [2025-04-25T16:35:14.199+0000] {dag.py:4180} INFO - Setting next_dagrun for example_subdag_operator.section-1 to None, run_after=None
[2025-04-25T16:35:14.200+0000] {logging_mixin.py:190} INFO - [2025-04-25T16:35:14.200+0000] {dag.py:4180} INFO - Setting next_dagrun for example_subdag_operator.section-2 to None, run_after=None
[2025-04-25T16:35:14.214+0000] {processor.py:208} INFO - Processing /home/airflow/.local/lib/python3.10/site-packages/airflow/example_dags/example_subdag_operator.py took 0.146 seconds
[2025-04-25T16:35:45.170+0000] {processor.py:186} INFO - Started process (PID=829) to work on /home/airflow/.local/lib/python3.10/site-packages/airflow/example_dags/example_subdag_operator.py
[2025-04-25T16:35:45.172+0000] {processor.py:914} INFO - Processing file /home/airflow/.local/lib/python3.10/site-packages/airflow/example_dags/example_subdag_operator.py for tasks to queue
[2025-04-25T16:35:45.174+0000] {logging_mixin.py:190} INFO - [2025-04-25T16:35:45.174+0000] {dagbag.py:588} INFO - Filling up the DagBag from /home/airflow/.local/lib/python3.10/site-packages/airflow/example_dags/example_subdag_operator.py
[2025-04-25T16:35:45.199+0000] {processor.py:925} INFO - DAG(s) 'example_subdag_operator.section-1', 'example_subdag_operator.section-2', 'example_subdag_operator' retrieved from /home/airflow/.local/lib/python3.10/site-packages/airflow/example_dags/example_subdag_operator.py
[2025-04-25T16:35:45.216+0000] {logging_mixin.py:190} INFO - [2025-04-25T16:35:45.215+0000] {dag.py:3239} INFO - Sync 3 DAGs
[2025-04-25T16:35:45.238+0000] {logging_mixin.py:190} INFO - [2025-04-25T16:35:45.238+0000] {dag.py:4180} INFO - Setting next_dagrun for example_subdag_operator to 2022-01-01 00:00:00+00:00, run_after=2022-01-01 00:00:00+00:00
[2025-04-25T16:35:45.242+0000] {logging_mixin.py:190} INFO - [2025-04-25T16:35:45.241+0000] {dag.py:4180} INFO - Setting next_dagrun for example_subdag_operator.section-1 to None, run_after=None
[2025-04-25T16:35:45.243+0000] {logging_mixin.py:190} INFO - [2025-04-25T16:35:45.243+0000] {dag.py:4180} INFO - Setting next_dagrun for example_subdag_operator.section-2 to None, run_after=None
[2025-04-25T16:35:45.250+0000] {logging_mixin.py:190} INFO - [2025-04-25T16:35:45.250+0000] {dag.py:3239} INFO - Sync 2 DAGs
[2025-04-25T16:35:45.255+0000] {logging_mixin.py:190} INFO - [2025-04-25T16:35:45.255+0000] {dag.py:4180} INFO - Setting next_dagrun for example_subdag_operator.section-1 to None, run_after=None
[2025-04-25T16:35:45.256+0000] {logging_mixin.py:190} INFO - [2025-04-25T16:35:45.256+0000] {dag.py:4180} INFO - Setting next_dagrun for example_subdag_operator.section-2 to None, run_after=None
[2025-04-25T16:35:45.266+0000] {processor.py:208} INFO - Processing /home/airflow/.local/lib/python3.10/site-packages/airflow/example_dags/example_subdag_operator.py took 0.103 seconds
[2025-04-25T16:36:15.838+0000] {processor.py:186} INFO - Started process (PID=895) to work on /home/airflow/.local/lib/python3.10/site-packages/airflow/example_dags/example_subdag_operator.py
[2025-04-25T16:36:15.839+0000] {processor.py:914} INFO - Processing file /home/airflow/.local/lib/python3.10/site-packages/airflow/example_dags/example_subdag_operator.py for tasks to queue
[2025-04-25T16:36:15.842+0000] {logging_mixin.py:190} INFO - [2025-04-25T16:36:15.841+0000] {dagbag.py:588} INFO - Filling up the DagBag from /home/airflow/.local/lib/python3.10/site-packages/airflow/example_dags/example_subdag_operator.py
[2025-04-25T16:36:15.868+0000] {processor.py:925} INFO - DAG(s) 'example_subdag_operator.section-1', 'example_subdag_operator.section-2', 'example_subdag_operator' retrieved from /home/airflow/.local/lib/python3.10/site-packages/airflow/example_dags/example_subdag_operator.py
[2025-04-25T16:36:15.889+0000] {logging_mixin.py:190} INFO - [2025-04-25T16:36:15.889+0000] {dag.py:3239} INFO - Sync 3 DAGs
[2025-04-25T16:36:15.916+0000] {logging_mixin.py:190} INFO - [2025-04-25T16:36:15.915+0000] {dag.py:4180} INFO - Setting next_dagrun for example_subdag_operator to 2022-01-01 00:00:00+00:00, run_after=2022-01-01 00:00:00+00:00
[2025-04-25T16:36:15.919+0000] {logging_mixin.py:190} INFO - [2025-04-25T16:36:15.919+0000] {dag.py:4180} INFO - Setting next_dagrun for example_subdag_operator.section-1 to None, run_after=None
[2025-04-25T16:36:15.921+0000] {logging_mixin.py:190} INFO - [2025-04-25T16:36:15.921+0000] {dag.py:4180} INFO - Setting next_dagrun for example_subdag_operator.section-2 to None, run_after=None
[2025-04-25T16:36:15.927+0000] {logging_mixin.py:190} INFO - [2025-04-25T16:36:15.927+0000] {dag.py:3239} INFO - Sync 2 DAGs
[2025-04-25T16:36:15.935+0000] {logging_mixin.py:190} INFO - [2025-04-25T16:36:15.935+0000] {dag.py:4180} INFO - Setting next_dagrun for example_subdag_operator.section-1 to None, run_after=None
[2025-04-25T16:36:15.936+0000] {logging_mixin.py:190} INFO - [2025-04-25T16:36:15.936+0000] {dag.py:4180} INFO - Setting next_dagrun for example_subdag_operator.section-2 to None, run_after=None
[2025-04-25T16:36:15.946+0000] {processor.py:208} INFO - Processing /home/airflow/.local/lib/python3.10/site-packages/airflow/example_dags/example_subdag_operator.py took 0.113 seconds
[2025-04-25T16:36:46.580+0000] {processor.py:186} INFO - Started process (PID=960) to work on /home/airflow/.local/lib/python3.10/site-packages/airflow/example_dags/example_subdag_operator.py
[2025-04-25T16:36:46.581+0000] {processor.py:914} INFO - Processing file /home/airflow/.local/lib/python3.10/site-packages/airflow/example_dags/example_subdag_operator.py for tasks to queue
[2025-04-25T16:36:46.583+0000] {logging_mixin.py:190} INFO - [2025-04-25T16:36:46.583+0000] {dagbag.py:588} INFO - Filling up the DagBag from /home/airflow/.local/lib/python3.10/site-packages/airflow/example_dags/example_subdag_operator.py
[2025-04-25T16:36:46.610+0000] {processor.py:925} INFO - DAG(s) 'example_subdag_operator.section-1', 'example_subdag_operator.section-2', 'example_subdag_operator' retrieved from /home/airflow/.local/lib/python3.10/site-packages/airflow/example_dags/example_subdag_operator.py
[2025-04-25T16:36:46.627+0000] {logging_mixin.py:190} INFO - [2025-04-25T16:36:46.627+0000] {dag.py:3239} INFO - Sync 3 DAGs
[2025-04-25T16:36:46.651+0000] {logging_mixin.py:190} INFO - [2025-04-25T16:36:46.651+0000] {dag.py:4180} INFO - Setting next_dagrun for example_subdag_operator to 2022-01-01 00:00:00+00:00, run_after=2022-01-01 00:00:00+00:00
[2025-04-25T16:36:46.656+0000] {logging_mixin.py:190} INFO - [2025-04-25T16:36:46.656+0000] {dag.py:4180} INFO - Setting next_dagrun for example_subdag_operator.section-1 to None, run_after=None
[2025-04-25T16:36:46.659+0000] {logging_mixin.py:190} INFO - [2025-04-25T16:36:46.658+0000] {dag.py:4180} INFO - Setting next_dagrun for example_subdag_operator.section-2 to None, run_after=None
[2025-04-25T16:36:46.667+0000] {logging_mixin.py:190} INFO - [2025-04-25T16:36:46.667+0000] {dag.py:3239} INFO - Sync 2 DAGs
[2025-04-25T16:36:46.674+0000] {logging_mixin.py:190} INFO - [2025-04-25T16:36:46.673+0000] {dag.py:4180} INFO - Setting next_dagrun for example_subdag_operator.section-1 to None, run_after=None
[2025-04-25T16:36:46.674+0000] {logging_mixin.py:190} INFO - [2025-04-25T16:36:46.674+0000] {dag.py:4180} INFO - Setting next_dagrun for example_subdag_operator.section-2 to None, run_after=None
[2025-04-25T16:36:46.686+0000] {processor.py:208} INFO - Processing /home/airflow/.local/lib/python3.10/site-packages/airflow/example_dags/example_subdag_operator.py took 0.112 seconds
[2025-04-25T16:37:18.743+0000] {processor.py:186} INFO - Started process (PID=1027) to work on /home/airflow/.local/lib/python3.10/site-packages/airflow/example_dags/example_subdag_operator.py
[2025-04-25T16:37:18.744+0000] {processor.py:914} INFO - Processing file /home/airflow/.local/lib/python3.10/site-packages/airflow/example_dags/example_subdag_operator.py for tasks to queue
[2025-04-25T16:37:18.745+0000] {logging_mixin.py:190} INFO - [2025-04-25T16:37:18.745+0000] {dagbag.py:588} INFO - Filling up the DagBag from /home/airflow/.local/lib/python3.10/site-packages/airflow/example_dags/example_subdag_operator.py
[2025-04-25T16:37:18.767+0000] {processor.py:925} INFO - DAG(s) 'example_subdag_operator.section-1', 'example_subdag_operator.section-2', 'example_subdag_operator' retrieved from /home/airflow/.local/lib/python3.10/site-packages/airflow/example_dags/example_subdag_operator.py
[2025-04-25T16:37:18.785+0000] {logging_mixin.py:190} INFO - [2025-04-25T16:37:18.785+0000] {dag.py:3239} INFO - Sync 3 DAGs
[2025-04-25T16:37:18.809+0000] {logging_mixin.py:190} INFO - [2025-04-25T16:37:18.809+0000] {dag.py:4180} INFO - Setting next_dagrun for example_subdag_operator to 2022-01-01 00:00:00+00:00, run_after=2022-01-01 00:00:00+00:00
[2025-04-25T16:37:18.813+0000] {logging_mixin.py:190} INFO - [2025-04-25T16:37:18.812+0000] {dag.py:4180} INFO - Setting next_dagrun for example_subdag_operator.section-1 to None, run_after=None
[2025-04-25T16:37:18.814+0000] {logging_mixin.py:190} INFO - [2025-04-25T16:37:18.814+0000] {dag.py:4180} INFO - Setting next_dagrun for example_subdag_operator.section-2 to None, run_after=None
[2025-04-25T16:37:18.820+0000] {logging_mixin.py:190} INFO - [2025-04-25T16:37:18.820+0000] {dag.py:3239} INFO - Sync 2 DAGs
[2025-04-25T16:37:18.825+0000] {logging_mixin.py:190} INFO - [2025-04-25T16:37:18.825+0000] {dag.py:4180} INFO - Setting next_dagrun for example_subdag_operator.section-1 to None, run_after=None
[2025-04-25T16:37:18.826+0000] {logging_mixin.py:190} INFO - [2025-04-25T16:37:18.825+0000] {dag.py:4180} INFO - Setting next_dagrun for example_subdag_operator.section-2 to None, run_after=None
[2025-04-25T16:37:18.836+0000] {processor.py:208} INFO - Processing /home/airflow/.local/lib/python3.10/site-packages/airflow/example_dags/example_subdag_operator.py took 0.099 seconds
[2025-04-25T16:37:49.254+0000] {processor.py:186} INFO - Started process (PID=1093) to work on /home/airflow/.local/lib/python3.10/site-packages/airflow/example_dags/example_subdag_operator.py
[2025-04-25T16:37:49.255+0000] {processor.py:914} INFO - Processing file /home/airflow/.local/lib/python3.10/site-packages/airflow/example_dags/example_subdag_operator.py for tasks to queue
[2025-04-25T16:37:49.258+0000] {logging_mixin.py:190} INFO - [2025-04-25T16:37:49.258+0000] {dagbag.py:588} INFO - Filling up the DagBag from /home/airflow/.local/lib/python3.10/site-packages/airflow/example_dags/example_subdag_operator.py
[2025-04-25T16:37:49.284+0000] {processor.py:925} INFO - DAG(s) 'example_subdag_operator.section-1', 'example_subdag_operator.section-2', 'example_subdag_operator' retrieved from /home/airflow/.local/lib/python3.10/site-packages/airflow/example_dags/example_subdag_operator.py
[2025-04-25T16:37:49.301+0000] {logging_mixin.py:190} INFO - [2025-04-25T16:37:49.300+0000] {dag.py:3239} INFO - Sync 3 DAGs
[2025-04-25T16:37:49.323+0000] {logging_mixin.py:190} INFO - [2025-04-25T16:37:49.323+0000] {dag.py:4180} INFO - Setting next_dagrun for example_subdag_operator to 2022-01-01 00:00:00+00:00, run_after=2022-01-01 00:00:00+00:00
[2025-04-25T16:37:49.327+0000] {logging_mixin.py:190} INFO - [2025-04-25T16:37:49.327+0000] {dag.py:4180} INFO - Setting next_dagrun for example_subdag_operator.section-1 to None, run_after=None
[2025-04-25T16:37:49.328+0000] {logging_mixin.py:190} INFO - [2025-04-25T16:37:49.328+0000] {dag.py:4180} INFO - Setting next_dagrun for example_subdag_operator.section-2 to None, run_after=None
[2025-04-25T16:37:49.335+0000] {logging_mixin.py:190} INFO - [2025-04-25T16:37:49.335+0000] {dag.py:3239} INFO - Sync 2 DAGs
[2025-04-25T16:37:49.342+0000] {logging_mixin.py:190} INFO - [2025-04-25T16:37:49.341+0000] {dag.py:4180} INFO - Setting next_dagrun for example_subdag_operator.section-1 to None, run_after=None
[2025-04-25T16:37:49.342+0000] {logging_mixin.py:190} INFO - [2025-04-25T16:37:49.342+0000] {dag.py:4180} INFO - Setting next_dagrun for example_subdag_operator.section-2 to None, run_after=None
[2025-04-25T16:37:49.353+0000] {processor.py:208} INFO - Processing /home/airflow/.local/lib/python3.10/site-packages/airflow/example_dags/example_subdag_operator.py took 0.106 seconds
[2025-04-25T16:38:20.584+0000] {processor.py:186} INFO - Started process (PID=1159) to work on /home/airflow/.local/lib/python3.10/site-packages/airflow/example_dags/example_subdag_operator.py
[2025-04-25T16:38:20.585+0000] {processor.py:914} INFO - Processing file /home/airflow/.local/lib/python3.10/site-packages/airflow/example_dags/example_subdag_operator.py for tasks to queue
[2025-04-25T16:38:20.587+0000] {logging_mixin.py:190} INFO - [2025-04-25T16:38:20.587+0000] {dagbag.py:588} INFO - Filling up the DagBag from /home/airflow/.local/lib/python3.10/site-packages/airflow/example_dags/example_subdag_operator.py
[2025-04-25T16:38:20.611+0000] {processor.py:925} INFO - DAG(s) 'example_subdag_operator.section-1', 'example_subdag_operator.section-2', 'example_subdag_operator' retrieved from /home/airflow/.local/lib/python3.10/site-packages/airflow/example_dags/example_subdag_operator.py
[2025-04-25T16:38:20.626+0000] {logging_mixin.py:190} INFO - [2025-04-25T16:38:20.626+0000] {dag.py:3239} INFO - Sync 3 DAGs
[2025-04-25T16:38:20.648+0000] {logging_mixin.py:190} INFO - [2025-04-25T16:38:20.647+0000] {dag.py:4180} INFO - Setting next_dagrun for example_subdag_operator to 2022-01-01 00:00:00+00:00, run_after=2022-01-01 00:00:00+00:00
[2025-04-25T16:38:20.652+0000] {logging_mixin.py:190} INFO - [2025-04-25T16:38:20.651+0000] {dag.py:4180} INFO - Setting next_dagrun for example_subdag_operator.section-1 to None, run_after=None
[2025-04-25T16:38:20.654+0000] {logging_mixin.py:190} INFO - [2025-04-25T16:38:20.653+0000] {dag.py:4180} INFO - Setting next_dagrun for example_subdag_operator.section-2 to None, run_after=None
[2025-04-25T16:38:20.663+0000] {logging_mixin.py:190} INFO - [2025-04-25T16:38:20.662+0000] {dag.py:3239} INFO - Sync 2 DAGs
[2025-04-25T16:38:20.671+0000] {logging_mixin.py:190} INFO - [2025-04-25T16:38:20.671+0000] {dag.py:4180} INFO - Setting next_dagrun for example_subdag_operator.section-1 to None, run_after=None
[2025-04-25T16:38:20.673+0000] {logging_mixin.py:190} INFO - [2025-04-25T16:38:20.672+0000] {dag.py:4180} INFO - Setting next_dagrun for example_subdag_operator.section-2 to None, run_after=None
[2025-04-25T16:38:20.685+0000] {processor.py:208} INFO - Processing /home/airflow/.local/lib/python3.10/site-packages/airflow/example_dags/example_subdag_operator.py took 0.108 seconds
[2025-04-25T16:38:52.408+0000] {processor.py:186} INFO - Started process (PID=1225) to work on /home/airflow/.local/lib/python3.10/site-packages/airflow/example_dags/example_subdag_operator.py
[2025-04-25T16:38:52.409+0000] {processor.py:914} INFO - Processing file /home/airflow/.local/lib/python3.10/site-packages/airflow/example_dags/example_subdag_operator.py for tasks to queue
[2025-04-25T16:38:52.412+0000] {logging_mixin.py:190} INFO - [2025-04-25T16:38:52.412+0000] {dagbag.py:588} INFO - Filling up the DagBag from /home/airflow/.local/lib/python3.10/site-packages/airflow/example_dags/example_subdag_operator.py
[2025-04-25T16:38:52.437+0000] {processor.py:925} INFO - DAG(s) 'example_subdag_operator.section-1', 'example_subdag_operator.section-2', 'example_subdag_operator' retrieved from /home/airflow/.local/lib/python3.10/site-packages/airflow/example_dags/example_subdag_operator.py
[2025-04-25T16:38:52.453+0000] {logging_mixin.py:190} INFO - [2025-04-25T16:38:52.452+0000] {dag.py:3239} INFO - Sync 3 DAGs
[2025-04-25T16:38:52.477+0000] {logging_mixin.py:190} INFO - [2025-04-25T16:38:52.477+0000] {dag.py:4180} INFO - Setting next_dagrun for example_subdag_operator to 2022-01-01 00:00:00+00:00, run_after=2022-01-01 00:00:00+00:00
[2025-04-25T16:38:52.483+0000] {logging_mixin.py:190} INFO - [2025-04-25T16:38:52.483+0000] {dag.py:4180} INFO - Setting next_dagrun for example_subdag_operator.section-1 to None, run_after=None
[2025-04-25T16:38:52.485+0000] {logging_mixin.py:190} INFO - [2025-04-25T16:38:52.485+0000] {dag.py:4180} INFO - Setting next_dagrun for example_subdag_operator.section-2 to None, run_after=None
[2025-04-25T16:38:52.494+0000] {logging_mixin.py:190} INFO - [2025-04-25T16:38:52.493+0000] {dag.py:3239} INFO - Sync 2 DAGs
[2025-04-25T16:38:52.501+0000] {logging_mixin.py:190} INFO - [2025-04-25T16:38:52.500+0000] {dag.py:4180} INFO - Setting next_dagrun for example_subdag_operator.section-1 to None, run_after=None
[2025-04-25T16:38:52.501+0000] {logging_mixin.py:190} INFO - [2025-04-25T16:38:52.501+0000] {dag.py:4180} INFO - Setting next_dagrun for example_subdag_operator.section-2 to None, run_after=None
[2025-04-25T16:38:52.513+0000] {processor.py:208} INFO - Processing /home/airflow/.local/lib/python3.10/site-packages/airflow/example_dags/example_subdag_operator.py took 0.111 seconds
