[2025-04-25T16:30:01.996+0000] {processor.py:186} INFO - Started process (PID=61) to work on /home/airflow/.local/lib/python3.10/site-packages/airflow/example_dags/example_branch_operator_decorator.py
[2025-04-25T16:30:01.998+0000] {processor.py:914} INFO - Processing file /home/airflow/.local/lib/python3.10/site-packages/airflow/example_dags/example_branch_operator_decorator.py for tasks to queue
[2025-04-25T16:30:02.001+0000] {logging_mixin.py:190} INFO - [2025-04-25T16:30:02.001+0000] {dagbag.py:588} INFO - Filling up the DagBag from /home/airflow/.local/lib/python3.10/site-packages/airflow/example_dags/example_branch_operator_decorator.py
[2025-04-25T16:30:02.032+0000] {processor.py:925} INFO - DAG(s) 'example_branch_python_operator_decorator' retrieved from /home/airflow/.local/lib/python3.10/site-packages/airflow/example_dags/example_branch_operator_decorator.py
[2025-04-25T16:30:02.197+0000] {logging_mixin.py:190} INFO - [2025-04-25T16:30:02.197+0000] {dag.py:3239} INFO - Sync 1 DAGs
[2025-04-25T16:30:02.237+0000] {logging_mixin.py:190} INFO - [2025-04-25T16:30:02.237+0000] {dag.py:4180} INFO - Setting next_dagrun for example_branch_python_operator_decorator to 2025-04-24 00:00:00+00:00, run_after=2025-04-25 00:00:00+00:00
[2025-04-25T16:30:02.268+0000] {processor.py:208} INFO - Processing /home/airflow/.local/lib/python3.10/site-packages/airflow/example_dags/example_branch_operator_decorator.py took 0.282 seconds
[2025-04-25T16:30:32.660+0000] {processor.py:186} INFO - Started process (PID=127) to work on /home/airflow/.local/lib/python3.10/site-packages/airflow/example_dags/example_branch_operator_decorator.py
[2025-04-25T16:30:32.661+0000] {processor.py:914} INFO - Processing file /home/airflow/.local/lib/python3.10/site-packages/airflow/example_dags/example_branch_operator_decorator.py for tasks to queue
[2025-04-25T16:30:32.664+0000] {logging_mixin.py:190} INFO - [2025-04-25T16:30:32.663+0000] {dagbag.py:588} INFO - Filling up the DagBag from /home/airflow/.local/lib/python3.10/site-packages/airflow/example_dags/example_branch_operator_decorator.py
[2025-04-25T16:30:32.686+0000] {processor.py:925} INFO - DAG(s) 'example_branch_python_operator_decorator' retrieved from /home/airflow/.local/lib/python3.10/site-packages/airflow/example_dags/example_branch_operator_decorator.py
[2025-04-25T16:30:32.717+0000] {logging_mixin.py:190} INFO - [2025-04-25T16:30:32.717+0000] {dag.py:3239} INFO - Sync 1 DAGs
[2025-04-25T16:30:32.742+0000] {logging_mixin.py:190} INFO - [2025-04-25T16:30:32.742+0000] {dag.py:4180} INFO - Setting next_dagrun for example_branch_python_operator_decorator to 2025-04-24 00:00:00+00:00, run_after=2025-04-25 00:00:00+00:00
[2025-04-25T16:30:32.760+0000] {processor.py:208} INFO - Processing /home/airflow/.local/lib/python3.10/site-packages/airflow/example_dags/example_branch_operator_decorator.py took 0.106 seconds
[2025-04-25T16:31:03.167+0000] {processor.py:186} INFO - Started process (PID=193) to work on /home/airflow/.local/lib/python3.10/site-packages/airflow/example_dags/example_branch_operator_decorator.py
[2025-04-25T16:31:03.168+0000] {processor.py:914} INFO - Processing file /home/airflow/.local/lib/python3.10/site-packages/airflow/example_dags/example_branch_operator_decorator.py for tasks to queue
[2025-04-25T16:31:03.170+0000] {logging_mixin.py:190} INFO - [2025-04-25T16:31:03.170+0000] {dagbag.py:588} INFO - Filling up the DagBag from /home/airflow/.local/lib/python3.10/site-packages/airflow/example_dags/example_branch_operator_decorator.py
[2025-04-25T16:31:03.190+0000] {processor.py:925} INFO - DAG(s) 'example_branch_python_operator_decorator' retrieved from /home/airflow/.local/lib/python3.10/site-packages/airflow/example_dags/example_branch_operator_decorator.py
[2025-04-25T16:31:03.218+0000] {logging_mixin.py:190} INFO - [2025-04-25T16:31:03.218+0000] {dag.py:3239} INFO - Sync 1 DAGs
[2025-04-25T16:31:03.240+0000] {logging_mixin.py:190} INFO - [2025-04-25T16:31:03.240+0000] {dag.py:4180} INFO - Setting next_dagrun for example_branch_python_operator_decorator to 2025-04-24 00:00:00+00:00, run_after=2025-04-25 00:00:00+00:00
[2025-04-25T16:31:03.258+0000] {processor.py:208} INFO - Processing /home/airflow/.local/lib/python3.10/site-packages/airflow/example_dags/example_branch_operator_decorator.py took 0.097 seconds
[2025-04-25T16:31:33.904+0000] {processor.py:186} INFO - Started process (PID=259) to work on /home/airflow/.local/lib/python3.10/site-packages/airflow/example_dags/example_branch_operator_decorator.py
[2025-04-25T16:31:33.905+0000] {processor.py:914} INFO - Processing file /home/airflow/.local/lib/python3.10/site-packages/airflow/example_dags/example_branch_operator_decorator.py for tasks to queue
[2025-04-25T16:31:33.907+0000] {logging_mixin.py:190} INFO - [2025-04-25T16:31:33.907+0000] {dagbag.py:588} INFO - Filling up the DagBag from /home/airflow/.local/lib/python3.10/site-packages/airflow/example_dags/example_branch_operator_decorator.py
[2025-04-25T16:31:33.927+0000] {processor.py:925} INFO - DAG(s) 'example_branch_python_operator_decorator' retrieved from /home/airflow/.local/lib/python3.10/site-packages/airflow/example_dags/example_branch_operator_decorator.py
[2025-04-25T16:31:33.957+0000] {logging_mixin.py:190} INFO - [2025-04-25T16:31:33.957+0000] {dag.py:3239} INFO - Sync 1 DAGs
[2025-04-25T16:31:33.982+0000] {logging_mixin.py:190} INFO - [2025-04-25T16:31:33.981+0000] {dag.py:4180} INFO - Setting next_dagrun for example_branch_python_operator_decorator to 2025-04-24 00:00:00+00:00, run_after=2025-04-25 00:00:00+00:00
[2025-04-25T16:31:33.998+0000] {processor.py:208} INFO - Processing /home/airflow/.local/lib/python3.10/site-packages/airflow/example_dags/example_branch_operator_decorator.py took 0.101 seconds
[2025-04-25T16:32:05.238+0000] {processor.py:186} INFO - Started process (PID=325) to work on /home/airflow/.local/lib/python3.10/site-packages/airflow/example_dags/example_branch_operator_decorator.py
[2025-04-25T16:32:05.239+0000] {processor.py:914} INFO - Processing file /home/airflow/.local/lib/python3.10/site-packages/airflow/example_dags/example_branch_operator_decorator.py for tasks to queue
[2025-04-25T16:32:05.241+0000] {logging_mixin.py:190} INFO - [2025-04-25T16:32:05.241+0000] {dagbag.py:588} INFO - Filling up the DagBag from /home/airflow/.local/lib/python3.10/site-packages/airflow/example_dags/example_branch_operator_decorator.py
[2025-04-25T16:32:05.264+0000] {processor.py:925} INFO - DAG(s) 'example_branch_python_operator_decorator' retrieved from /home/airflow/.local/lib/python3.10/site-packages/airflow/example_dags/example_branch_operator_decorator.py
[2025-04-25T16:32:05.292+0000] {logging_mixin.py:190} INFO - [2025-04-25T16:32:05.291+0000] {dag.py:3239} INFO - Sync 1 DAGs
[2025-04-25T16:32:05.313+0000] {logging_mixin.py:190} INFO - [2025-04-25T16:32:05.313+0000] {dag.py:4180} INFO - Setting next_dagrun for example_branch_python_operator_decorator to 2025-04-24 00:00:00+00:00, run_after=2025-04-25 00:00:00+00:00
[2025-04-25T16:32:05.328+0000] {processor.py:208} INFO - Processing /home/airflow/.local/lib/python3.10/site-packages/airflow/example_dags/example_branch_operator_decorator.py took 0.097 seconds
[2025-04-25T16:32:36.179+0000] {processor.py:186} INFO - Started process (PID=391) to work on /home/airflow/.local/lib/python3.10/site-packages/airflow/example_dags/example_branch_operator_decorator.py
[2025-04-25T16:32:36.180+0000] {processor.py:914} INFO - Processing file /home/airflow/.local/lib/python3.10/site-packages/airflow/example_dags/example_branch_operator_decorator.py for tasks to queue
[2025-04-25T16:32:36.183+0000] {logging_mixin.py:190} INFO - [2025-04-25T16:32:36.182+0000] {dagbag.py:588} INFO - Filling up the DagBag from /home/airflow/.local/lib/python3.10/site-packages/airflow/example_dags/example_branch_operator_decorator.py
[2025-04-25T16:32:36.211+0000] {processor.py:925} INFO - DAG(s) 'example_branch_python_operator_decorator' retrieved from /home/airflow/.local/lib/python3.10/site-packages/airflow/example_dags/example_branch_operator_decorator.py
[2025-04-25T16:32:36.248+0000] {logging_mixin.py:190} INFO - [2025-04-25T16:32:36.247+0000] {dag.py:3239} INFO - Sync 1 DAGs
[2025-04-25T16:32:36.275+0000] {logging_mixin.py:190} INFO - [2025-04-25T16:32:36.275+0000] {dag.py:4180} INFO - Setting next_dagrun for example_branch_python_operator_decorator to 2025-04-24 00:00:00+00:00, run_after=2025-04-25 00:00:00+00:00
[2025-04-25T16:32:36.297+0000] {processor.py:208} INFO - Processing /home/airflow/.local/lib/python3.10/site-packages/airflow/example_dags/example_branch_operator_decorator.py took 0.124 seconds
[2025-04-25T16:33:07.373+0000] {processor.py:186} INFO - Started process (PID=457) to work on /home/airflow/.local/lib/python3.10/site-packages/airflow/example_dags/example_branch_operator_decorator.py
[2025-04-25T16:33:07.374+0000] {processor.py:914} INFO - Processing file /home/airflow/.local/lib/python3.10/site-packages/airflow/example_dags/example_branch_operator_decorator.py for tasks to queue
[2025-04-25T16:33:07.377+0000] {logging_mixin.py:190} INFO - [2025-04-25T16:33:07.376+0000] {dagbag.py:588} INFO - Filling up the DagBag from /home/airflow/.local/lib/python3.10/site-packages/airflow/example_dags/example_branch_operator_decorator.py
[2025-04-25T16:33:07.398+0000] {processor.py:925} INFO - DAG(s) 'example_branch_python_operator_decorator' retrieved from /home/airflow/.local/lib/python3.10/site-packages/airflow/example_dags/example_branch_operator_decorator.py
[2025-04-25T16:33:07.426+0000] {logging_mixin.py:190} INFO - [2025-04-25T16:33:07.425+0000] {dag.py:3239} INFO - Sync 1 DAGs
[2025-04-25T16:33:07.452+0000] {logging_mixin.py:190} INFO - [2025-04-25T16:33:07.452+0000] {dag.py:4180} INFO - Setting next_dagrun for example_branch_python_operator_decorator to 2025-04-24 00:00:00+00:00, run_after=2025-04-25 00:00:00+00:00
[2025-04-25T16:33:07.473+0000] {processor.py:208} INFO - Processing /home/airflow/.local/lib/python3.10/site-packages/airflow/example_dags/example_branch_operator_decorator.py took 0.107 seconds
[2025-04-25T16:33:38.347+0000] {processor.py:186} INFO - Started process (PID=523) to work on /home/airflow/.local/lib/python3.10/site-packages/airflow/example_dags/example_branch_operator_decorator.py
[2025-04-25T16:33:38.348+0000] {processor.py:914} INFO - Processing file /home/airflow/.local/lib/python3.10/site-packages/airflow/example_dags/example_branch_operator_decorator.py for tasks to queue
[2025-04-25T16:33:38.351+0000] {logging_mixin.py:190} INFO - [2025-04-25T16:33:38.350+0000] {dagbag.py:588} INFO - Filling up the DagBag from /home/airflow/.local/lib/python3.10/site-packages/airflow/example_dags/example_branch_operator_decorator.py
[2025-04-25T16:33:38.372+0000] {processor.py:925} INFO - DAG(s) 'example_branch_python_operator_decorator' retrieved from /home/airflow/.local/lib/python3.10/site-packages/airflow/example_dags/example_branch_operator_decorator.py
[2025-04-25T16:33:38.400+0000] {logging_mixin.py:190} INFO - [2025-04-25T16:33:38.400+0000] {dag.py:3239} INFO - Sync 1 DAGs
[2025-04-25T16:33:38.421+0000] {logging_mixin.py:190} INFO - [2025-04-25T16:33:38.421+0000] {dag.py:4180} INFO - Setting next_dagrun for example_branch_python_operator_decorator to 2025-04-24 00:00:00+00:00, run_after=2025-04-25 00:00:00+00:00
[2025-04-25T16:33:38.438+0000] {processor.py:208} INFO - Processing /home/airflow/.local/lib/python3.10/site-packages/airflow/example_dags/example_branch_operator_decorator.py took 0.098 seconds
[2025-04-25T16:34:09.419+0000] {processor.py:186} INFO - Started process (PID=589) to work on /home/airflow/.local/lib/python3.10/site-packages/airflow/example_dags/example_branch_operator_decorator.py
[2025-04-25T16:34:09.421+0000] {processor.py:914} INFO - Processing file /home/airflow/.local/lib/python3.10/site-packages/airflow/example_dags/example_branch_operator_decorator.py for tasks to queue
[2025-04-25T16:34:09.423+0000] {logging_mixin.py:190} INFO - [2025-04-25T16:34:09.423+0000] {dagbag.py:588} INFO - Filling up the DagBag from /home/airflow/.local/lib/python3.10/site-packages/airflow/example_dags/example_branch_operator_decorator.py
[2025-04-25T16:34:09.445+0000] {processor.py:925} INFO - DAG(s) 'example_branch_python_operator_decorator' retrieved from /home/airflow/.local/lib/python3.10/site-packages/airflow/example_dags/example_branch_operator_decorator.py
[2025-04-25T16:34:09.475+0000] {logging_mixin.py:190} INFO - [2025-04-25T16:34:09.475+0000] {dag.py:3239} INFO - Sync 1 DAGs
[2025-04-25T16:34:09.500+0000] {logging_mixin.py:190} INFO - [2025-04-25T16:34:09.499+0000] {dag.py:4180} INFO - Setting next_dagrun for example_branch_python_operator_decorator to 2025-04-24 00:00:00+00:00, run_after=2025-04-25 00:00:00+00:00
[2025-04-25T16:34:09.519+0000] {processor.py:208} INFO - Processing /home/airflow/.local/lib/python3.10/site-packages/airflow/example_dags/example_branch_operator_decorator.py took 0.106 seconds
[2025-04-25T16:34:40.304+0000] {processor.py:186} INFO - Started process (PID=655) to work on /home/airflow/.local/lib/python3.10/site-packages/airflow/example_dags/example_branch_operator_decorator.py
[2025-04-25T16:34:40.305+0000] {processor.py:914} INFO - Processing file /home/airflow/.local/lib/python3.10/site-packages/airflow/example_dags/example_branch_operator_decorator.py for tasks to queue
[2025-04-25T16:34:40.308+0000] {logging_mixin.py:190} INFO - [2025-04-25T16:34:40.307+0000] {dagbag.py:588} INFO - Filling up the DagBag from /home/airflow/.local/lib/python3.10/site-packages/airflow/example_dags/example_branch_operator_decorator.py
[2025-04-25T16:34:40.331+0000] {processor.py:925} INFO - DAG(s) 'example_branch_python_operator_decorator' retrieved from /home/airflow/.local/lib/python3.10/site-packages/airflow/example_dags/example_branch_operator_decorator.py
[2025-04-25T16:34:40.367+0000] {logging_mixin.py:190} INFO - [2025-04-25T16:34:40.367+0000] {dag.py:3239} INFO - Sync 1 DAGs
[2025-04-25T16:34:40.401+0000] {logging_mixin.py:190} INFO - [2025-04-25T16:34:40.401+0000] {dag.py:4180} INFO - Setting next_dagrun for example_branch_python_operator_decorator to 2025-04-24 00:00:00+00:00, run_after=2025-04-25 00:00:00+00:00
[2025-04-25T16:34:40.437+0000] {processor.py:208} INFO - Processing /home/airflow/.local/lib/python3.10/site-packages/airflow/example_dags/example_branch_operator_decorator.py took 0.139 seconds
[2025-04-25T16:35:11.665+0000] {processor.py:186} INFO - Started process (PID=731) to work on /home/airflow/.local/lib/python3.10/site-packages/airflow/example_dags/example_branch_operator_decorator.py
[2025-04-25T16:35:11.667+0000] {processor.py:914} INFO - Processing file /home/airflow/.local/lib/python3.10/site-packages/airflow/example_dags/example_branch_operator_decorator.py for tasks to queue
[2025-04-25T16:35:11.671+0000] {logging_mixin.py:190} INFO - [2025-04-25T16:35:11.670+0000] {dagbag.py:588} INFO - Filling up the DagBag from /home/airflow/.local/lib/python3.10/site-packages/airflow/example_dags/example_branch_operator_decorator.py
[2025-04-25T16:35:11.710+0000] {processor.py:925} INFO - DAG(s) 'example_branch_python_operator_decorator' retrieved from /home/airflow/.local/lib/python3.10/site-packages/airflow/example_dags/example_branch_operator_decorator.py
[2025-04-25T16:35:11.751+0000] {logging_mixin.py:190} INFO - [2025-04-25T16:35:11.751+0000] {dag.py:3239} INFO - Sync 1 DAGs
[2025-04-25T16:35:11.791+0000] {logging_mixin.py:190} INFO - [2025-04-25T16:35:11.791+0000] {dag.py:4180} INFO - Setting next_dagrun for example_branch_python_operator_decorator to 2025-04-24 00:00:00+00:00, run_after=2025-04-25 00:00:00+00:00
[2025-04-25T16:35:11.826+0000] {processor.py:208} INFO - Processing /home/airflow/.local/lib/python3.10/site-packages/airflow/example_dags/example_branch_operator_decorator.py took 0.172 seconds
[2025-04-25T16:35:42.311+0000] {processor.py:186} INFO - Started process (PID=805) to work on /home/airflow/.local/lib/python3.10/site-packages/airflow/example_dags/example_branch_operator_decorator.py
[2025-04-25T16:35:42.312+0000] {processor.py:914} INFO - Processing file /home/airflow/.local/lib/python3.10/site-packages/airflow/example_dags/example_branch_operator_decorator.py for tasks to queue
[2025-04-25T16:35:42.315+0000] {logging_mixin.py:190} INFO - [2025-04-25T16:35:42.314+0000] {dagbag.py:588} INFO - Filling up the DagBag from /home/airflow/.local/lib/python3.10/site-packages/airflow/example_dags/example_branch_operator_decorator.py
[2025-04-25T16:35:42.337+0000] {processor.py:925} INFO - DAG(s) 'example_branch_python_operator_decorator' retrieved from /home/airflow/.local/lib/python3.10/site-packages/airflow/example_dags/example_branch_operator_decorator.py
[2025-04-25T16:35:42.368+0000] {logging_mixin.py:190} INFO - [2025-04-25T16:35:42.368+0000] {dag.py:3239} INFO - Sync 1 DAGs
[2025-04-25T16:35:42.399+0000] {logging_mixin.py:190} INFO - [2025-04-25T16:35:42.399+0000] {dag.py:4180} INFO - Setting next_dagrun for example_branch_python_operator_decorator to 2025-04-24 00:00:00+00:00, run_after=2025-04-25 00:00:00+00:00
[2025-04-25T16:35:42.422+0000] {processor.py:208} INFO - Processing /home/airflow/.local/lib/python3.10/site-packages/airflow/example_dags/example_branch_operator_decorator.py took 0.117 seconds
[2025-04-25T16:36:13.643+0000] {processor.py:186} INFO - Started process (PID=871) to work on /home/airflow/.local/lib/python3.10/site-packages/airflow/example_dags/example_branch_operator_decorator.py
[2025-04-25T16:36:13.644+0000] {processor.py:914} INFO - Processing file /home/airflow/.local/lib/python3.10/site-packages/airflow/example_dags/example_branch_operator_decorator.py for tasks to queue
[2025-04-25T16:36:13.646+0000] {logging_mixin.py:190} INFO - [2025-04-25T16:36:13.646+0000] {dagbag.py:588} INFO - Filling up the DagBag from /home/airflow/.local/lib/python3.10/site-packages/airflow/example_dags/example_branch_operator_decorator.py
[2025-04-25T16:36:13.669+0000] {processor.py:925} INFO - DAG(s) 'example_branch_python_operator_decorator' retrieved from /home/airflow/.local/lib/python3.10/site-packages/airflow/example_dags/example_branch_operator_decorator.py
[2025-04-25T16:36:13.700+0000] {logging_mixin.py:190} INFO - [2025-04-25T16:36:13.700+0000] {dag.py:3239} INFO - Sync 1 DAGs
[2025-04-25T16:36:13.726+0000] {logging_mixin.py:190} INFO - [2025-04-25T16:36:13.725+0000] {dag.py:4180} INFO - Setting next_dagrun for example_branch_python_operator_decorator to 2025-04-24 00:00:00+00:00, run_after=2025-04-25 00:00:00+00:00
[2025-04-25T16:36:13.744+0000] {processor.py:208} INFO - Processing /home/airflow/.local/lib/python3.10/site-packages/airflow/example_dags/example_branch_operator_decorator.py took 0.109 seconds
[2025-04-25T16:36:44.733+0000] {processor.py:186} INFO - Started process (PID=937) to work on /home/airflow/.local/lib/python3.10/site-packages/airflow/example_dags/example_branch_operator_decorator.py
[2025-04-25T16:36:44.734+0000] {processor.py:914} INFO - Processing file /home/airflow/.local/lib/python3.10/site-packages/airflow/example_dags/example_branch_operator_decorator.py for tasks to queue
[2025-04-25T16:36:44.736+0000] {logging_mixin.py:190} INFO - [2025-04-25T16:36:44.736+0000] {dagbag.py:588} INFO - Filling up the DagBag from /home/airflow/.local/lib/python3.10/site-packages/airflow/example_dags/example_branch_operator_decorator.py
[2025-04-25T16:36:44.755+0000] {processor.py:925} INFO - DAG(s) 'example_branch_python_operator_decorator' retrieved from /home/airflow/.local/lib/python3.10/site-packages/airflow/example_dags/example_branch_operator_decorator.py
[2025-04-25T16:36:44.785+0000] {logging_mixin.py:190} INFO - [2025-04-25T16:36:44.785+0000] {dag.py:3239} INFO - Sync 1 DAGs
[2025-04-25T16:36:44.809+0000] {logging_mixin.py:190} INFO - [2025-04-25T16:36:44.809+0000] {dag.py:4180} INFO - Setting next_dagrun for example_branch_python_operator_decorator to 2025-04-24 00:00:00+00:00, run_after=2025-04-25 00:00:00+00:00
[2025-04-25T16:36:44.827+0000] {processor.py:208} INFO - Processing /home/airflow/.local/lib/python3.10/site-packages/airflow/example_dags/example_branch_operator_decorator.py took 0.099 seconds
[2025-04-25T16:37:16.224+0000] {processor.py:186} INFO - Started process (PID=1002) to work on /home/airflow/.local/lib/python3.10/site-packages/airflow/example_dags/example_branch_operator_decorator.py
[2025-04-25T16:37:16.225+0000] {processor.py:914} INFO - Processing file /home/airflow/.local/lib/python3.10/site-packages/airflow/example_dags/example_branch_operator_decorator.py for tasks to queue
[2025-04-25T16:37:16.228+0000] {logging_mixin.py:190} INFO - [2025-04-25T16:37:16.227+0000] {dagbag.py:588} INFO - Filling up the DagBag from /home/airflow/.local/lib/python3.10/site-packages/airflow/example_dags/example_branch_operator_decorator.py
[2025-04-25T16:37:16.250+0000] {processor.py:925} INFO - DAG(s) 'example_branch_python_operator_decorator' retrieved from /home/airflow/.local/lib/python3.10/site-packages/airflow/example_dags/example_branch_operator_decorator.py
[2025-04-25T16:37:16.279+0000] {logging_mixin.py:190} INFO - [2025-04-25T16:37:16.279+0000] {dag.py:3239} INFO - Sync 1 DAGs
[2025-04-25T16:37:16.302+0000] {logging_mixin.py:190} INFO - [2025-04-25T16:37:16.302+0000] {dag.py:4180} INFO - Setting next_dagrun for example_branch_python_operator_decorator to 2025-04-24 00:00:00+00:00, run_after=2025-04-25 00:00:00+00:00
[2025-04-25T16:37:16.319+0000] {processor.py:208} INFO - Processing /home/airflow/.local/lib/python3.10/site-packages/airflow/example_dags/example_branch_operator_decorator.py took 0.101 seconds
[2025-04-25T16:37:47.117+0000] {processor.py:186} INFO - Started process (PID=1068) to work on /home/airflow/.local/lib/python3.10/site-packages/airflow/example_dags/example_branch_operator_decorator.py
[2025-04-25T16:37:47.118+0000] {processor.py:914} INFO - Processing file /home/airflow/.local/lib/python3.10/site-packages/airflow/example_dags/example_branch_operator_decorator.py for tasks to queue
[2025-04-25T16:37:47.120+0000] {logging_mixin.py:190} INFO - [2025-04-25T16:37:47.120+0000] {dagbag.py:588} INFO - Filling up the DagBag from /home/airflow/.local/lib/python3.10/site-packages/airflow/example_dags/example_branch_operator_decorator.py
[2025-04-25T16:37:47.139+0000] {processor.py:925} INFO - DAG(s) 'example_branch_python_operator_decorator' retrieved from /home/airflow/.local/lib/python3.10/site-packages/airflow/example_dags/example_branch_operator_decorator.py
[2025-04-25T16:37:47.166+0000] {logging_mixin.py:190} INFO - [2025-04-25T16:37:47.166+0000] {dag.py:3239} INFO - Sync 1 DAGs
[2025-04-25T16:37:47.189+0000] {logging_mixin.py:190} INFO - [2025-04-25T16:37:47.188+0000] {dag.py:4180} INFO - Setting next_dagrun for example_branch_python_operator_decorator to 2025-04-24 00:00:00+00:00, run_after=2025-04-25 00:00:00+00:00
[2025-04-25T16:37:47.205+0000] {processor.py:208} INFO - Processing /home/airflow/.local/lib/python3.10/site-packages/airflow/example_dags/example_branch_operator_decorator.py took 0.094 seconds
[2025-04-25T16:38:18.770+0000] {processor.py:186} INFO - Started process (PID=1134) to work on /home/airflow/.local/lib/python3.10/site-packages/airflow/example_dags/example_branch_operator_decorator.py
[2025-04-25T16:38:18.771+0000] {processor.py:914} INFO - Processing file /home/airflow/.local/lib/python3.10/site-packages/airflow/example_dags/example_branch_operator_decorator.py for tasks to queue
[2025-04-25T16:38:18.774+0000] {logging_mixin.py:190} INFO - [2025-04-25T16:38:18.774+0000] {dagbag.py:588} INFO - Filling up the DagBag from /home/airflow/.local/lib/python3.10/site-packages/airflow/example_dags/example_branch_operator_decorator.py
[2025-04-25T16:38:18.796+0000] {processor.py:925} INFO - DAG(s) 'example_branch_python_operator_decorator' retrieved from /home/airflow/.local/lib/python3.10/site-packages/airflow/example_dags/example_branch_operator_decorator.py
[2025-04-25T16:38:18.828+0000] {logging_mixin.py:190} INFO - [2025-04-25T16:38:18.828+0000] {dag.py:3239} INFO - Sync 1 DAGs
[2025-04-25T16:38:18.856+0000] {logging_mixin.py:190} INFO - [2025-04-25T16:38:18.855+0000] {dag.py:4180} INFO - Setting next_dagrun for example_branch_python_operator_decorator to 2025-04-24 00:00:00+00:00, run_after=2025-04-25 00:00:00+00:00
[2025-04-25T16:38:18.876+0000] {processor.py:208} INFO - Processing /home/airflow/.local/lib/python3.10/site-packages/airflow/example_dags/example_branch_operator_decorator.py took 0.113 seconds
[2025-04-25T16:38:49.993+0000] {processor.py:186} INFO - Started process (PID=1201) to work on /home/airflow/.local/lib/python3.10/site-packages/airflow/example_dags/example_branch_operator_decorator.py
[2025-04-25T16:38:49.994+0000] {processor.py:914} INFO - Processing file /home/airflow/.local/lib/python3.10/site-packages/airflow/example_dags/example_branch_operator_decorator.py for tasks to queue
[2025-04-25T16:38:49.997+0000] {logging_mixin.py:190} INFO - [2025-04-25T16:38:49.997+0000] {dagbag.py:588} INFO - Filling up the DagBag from /home/airflow/.local/lib/python3.10/site-packages/airflow/example_dags/example_branch_operator_decorator.py
[2025-04-25T16:38:50.025+0000] {processor.py:925} INFO - DAG(s) 'example_branch_python_operator_decorator' retrieved from /home/airflow/.local/lib/python3.10/site-packages/airflow/example_dags/example_branch_operator_decorator.py
[2025-04-25T16:38:50.065+0000] {logging_mixin.py:190} INFO - [2025-04-25T16:38:50.065+0000] {dag.py:3239} INFO - Sync 1 DAGs
[2025-04-25T16:38:50.098+0000] {logging_mixin.py:190} INFO - [2025-04-25T16:38:50.098+0000] {dag.py:4180} INFO - Setting next_dagrun for example_branch_python_operator_decorator to 2025-04-24 00:00:00+00:00, run_after=2025-04-25 00:00:00+00:00
[2025-04-25T16:38:50.125+0000] {processor.py:208} INFO - Processing /home/airflow/.local/lib/python3.10/site-packages/airflow/example_dags/example_branch_operator_decorator.py took 0.141 seconds
