[2025-04-25T16:30:01.427+0000] {processor.py:186} INFO - Started process (PID=56) to work on /home/airflow/.local/lib/python3.10/site-packages/airflow/example_dags/example_short_circuit_operator.py
[2025-04-25T16:30:01.429+0000] {processor.py:914} INFO - Processing file /home/airflow/.local/lib/python3.10/site-packages/airflow/example_dags/example_short_circuit_operator.py for tasks to queue
[2025-04-25T16:30:01.436+0000] {logging_mixin.py:190} INFO - [2025-04-25T16:30:01.435+0000] {dagbag.py:588} INFO - Filling up the DagBag from /home/airflow/.local/lib/python3.10/site-packages/airflow/example_dags/example_short_circuit_operator.py
[2025-04-25T16:30:01.451+0000] {processor.py:925} INFO - DAG(s) 'example_short_circuit_operator' retrieved from /home/airflow/.local/lib/python3.10/site-packages/airflow/example_dags/example_short_circuit_operator.py
[2025-04-25T16:30:01.499+0000] {logging_mixin.py:190} INFO - [2025-04-25T16:30:01.498+0000] {dag.py:3239} INFO - Sync 1 DAGs
[2025-04-25T16:30:01.534+0000] {logging_mixin.py:190} INFO - [2025-04-25T16:30:01.534+0000] {dag.py:4180} INFO - Setting next_dagrun for example_short_circuit_operator to None, run_after=None
[2025-04-25T16:30:01.572+0000] {processor.py:208} INFO - Processing /home/airflow/.local/lib/python3.10/site-packages/airflow/example_dags/example_short_circuit_operator.py took 0.157 seconds
[2025-04-25T16:30:32.187+0000] {processor.py:186} INFO - Started process (PID=122) to work on /home/airflow/.local/lib/python3.10/site-packages/airflow/example_dags/example_short_circuit_operator.py
[2025-04-25T16:30:32.188+0000] {processor.py:914} INFO - Processing file /home/airflow/.local/lib/python3.10/site-packages/airflow/example_dags/example_short_circuit_operator.py for tasks to queue
[2025-04-25T16:30:32.190+0000] {logging_mixin.py:190} INFO - [2025-04-25T16:30:32.189+0000] {dagbag.py:588} INFO - Filling up the DagBag from /home/airflow/.local/lib/python3.10/site-packages/airflow/example_dags/example_short_circuit_operator.py
[2025-04-25T16:30:32.197+0000] {processor.py:925} INFO - DAG(s) 'example_short_circuit_operator' retrieved from /home/airflow/.local/lib/python3.10/site-packages/airflow/example_dags/example_short_circuit_operator.py
[2025-04-25T16:30:32.221+0000] {logging_mixin.py:190} INFO - [2025-04-25T16:30:32.221+0000] {dag.py:3239} INFO - Sync 1 DAGs
[2025-04-25T16:30:32.235+0000] {logging_mixin.py:190} INFO - [2025-04-25T16:30:32.235+0000] {dag.py:4180} INFO - Setting next_dagrun for example_short_circuit_operator to None, run_after=None
[2025-04-25T16:30:32.255+0000] {processor.py:208} INFO - Processing /home/airflow/.local/lib/python3.10/site-packages/airflow/example_dags/example_short_circuit_operator.py took 0.074 seconds
[2025-04-25T16:31:02.723+0000] {processor.py:186} INFO - Started process (PID=188) to work on /home/airflow/.local/lib/python3.10/site-packages/airflow/example_dags/example_short_circuit_operator.py
[2025-04-25T16:31:02.724+0000] {processor.py:914} INFO - Processing file /home/airflow/.local/lib/python3.10/site-packages/airflow/example_dags/example_short_circuit_operator.py for tasks to queue
[2025-04-25T16:31:02.726+0000] {logging_mixin.py:190} INFO - [2025-04-25T16:31:02.726+0000] {dagbag.py:588} INFO - Filling up the DagBag from /home/airflow/.local/lib/python3.10/site-packages/airflow/example_dags/example_short_circuit_operator.py
[2025-04-25T16:31:02.735+0000] {processor.py:925} INFO - DAG(s) 'example_short_circuit_operator' retrieved from /home/airflow/.local/lib/python3.10/site-packages/airflow/example_dags/example_short_circuit_operator.py
[2025-04-25T16:31:02.759+0000] {logging_mixin.py:190} INFO - [2025-04-25T16:31:02.759+0000] {dag.py:3239} INFO - Sync 1 DAGs
[2025-04-25T16:31:02.774+0000] {logging_mixin.py:190} INFO - [2025-04-25T16:31:02.774+0000] {dag.py:4180} INFO - Setting next_dagrun for example_short_circuit_operator to None, run_after=None
[2025-04-25T16:31:02.793+0000] {processor.py:208} INFO - Processing /home/airflow/.local/lib/python3.10/site-packages/airflow/example_dags/example_short_circuit_operator.py took 0.076 seconds
[2025-04-25T16:31:33.431+0000] {processor.py:186} INFO - Started process (PID=253) to work on /home/airflow/.local/lib/python3.10/site-packages/airflow/example_dags/example_short_circuit_operator.py
[2025-04-25T16:31:33.431+0000] {processor.py:914} INFO - Processing file /home/airflow/.local/lib/python3.10/site-packages/airflow/example_dags/example_short_circuit_operator.py for tasks to queue
[2025-04-25T16:31:33.433+0000] {logging_mixin.py:190} INFO - [2025-04-25T16:31:33.433+0000] {dagbag.py:588} INFO - Filling up the DagBag from /home/airflow/.local/lib/python3.10/site-packages/airflow/example_dags/example_short_circuit_operator.py
[2025-04-25T16:31:33.442+0000] {processor.py:925} INFO - DAG(s) 'example_short_circuit_operator' retrieved from /home/airflow/.local/lib/python3.10/site-packages/airflow/example_dags/example_short_circuit_operator.py
[2025-04-25T16:31:33.463+0000] {logging_mixin.py:190} INFO - [2025-04-25T16:31:33.463+0000] {dag.py:3239} INFO - Sync 1 DAGs
[2025-04-25T16:31:33.477+0000] {logging_mixin.py:190} INFO - [2025-04-25T16:31:33.477+0000] {dag.py:4180} INFO - Setting next_dagrun for example_short_circuit_operator to None, run_after=None
[2025-04-25T16:31:33.493+0000] {processor.py:208} INFO - Processing /home/airflow/.local/lib/python3.10/site-packages/airflow/example_dags/example_short_circuit_operator.py took 0.068 seconds
[2025-04-25T16:32:04.832+0000] {processor.py:186} INFO - Started process (PID=320) to work on /home/airflow/.local/lib/python3.10/site-packages/airflow/example_dags/example_short_circuit_operator.py
[2025-04-25T16:32:04.833+0000] {processor.py:914} INFO - Processing file /home/airflow/.local/lib/python3.10/site-packages/airflow/example_dags/example_short_circuit_operator.py for tasks to queue
[2025-04-25T16:32:04.835+0000] {logging_mixin.py:190} INFO - [2025-04-25T16:32:04.835+0000] {dagbag.py:588} INFO - Filling up the DagBag from /home/airflow/.local/lib/python3.10/site-packages/airflow/example_dags/example_short_circuit_operator.py
[2025-04-25T16:32:04.843+0000] {processor.py:925} INFO - DAG(s) 'example_short_circuit_operator' retrieved from /home/airflow/.local/lib/python3.10/site-packages/airflow/example_dags/example_short_circuit_operator.py
[2025-04-25T16:32:04.865+0000] {logging_mixin.py:190} INFO - [2025-04-25T16:32:04.865+0000] {dag.py:3239} INFO - Sync 1 DAGs
[2025-04-25T16:32:04.878+0000] {logging_mixin.py:190} INFO - [2025-04-25T16:32:04.878+0000] {dag.py:4180} INFO - Setting next_dagrun for example_short_circuit_operator to None, run_after=None
[2025-04-25T16:32:04.895+0000] {processor.py:208} INFO - Processing /home/airflow/.local/lib/python3.10/site-packages/airflow/example_dags/example_short_circuit_operator.py took 0.069 seconds
[2025-04-25T16:32:35.618+0000] {processor.py:186} INFO - Started process (PID=385) to work on /home/airflow/.local/lib/python3.10/site-packages/airflow/example_dags/example_short_circuit_operator.py
[2025-04-25T16:32:35.619+0000] {processor.py:914} INFO - Processing file /home/airflow/.local/lib/python3.10/site-packages/airflow/example_dags/example_short_circuit_operator.py for tasks to queue
[2025-04-25T16:32:35.621+0000] {logging_mixin.py:190} INFO - [2025-04-25T16:32:35.621+0000] {dagbag.py:588} INFO - Filling up the DagBag from /home/airflow/.local/lib/python3.10/site-packages/airflow/example_dags/example_short_circuit_operator.py
[2025-04-25T16:32:35.630+0000] {processor.py:925} INFO - DAG(s) 'example_short_circuit_operator' retrieved from /home/airflow/.local/lib/python3.10/site-packages/airflow/example_dags/example_short_circuit_operator.py
[2025-04-25T16:32:35.653+0000] {logging_mixin.py:190} INFO - [2025-04-25T16:32:35.653+0000] {dag.py:3239} INFO - Sync 1 DAGs
[2025-04-25T16:32:35.668+0000] {logging_mixin.py:190} INFO - [2025-04-25T16:32:35.667+0000] {dag.py:4180} INFO - Setting next_dagrun for example_short_circuit_operator to None, run_after=None
[2025-04-25T16:32:35.687+0000] {processor.py:208} INFO - Processing /home/airflow/.local/lib/python3.10/site-packages/airflow/example_dags/example_short_circuit_operator.py took 0.074 seconds
[2025-04-25T16:33:06.923+0000] {processor.py:186} INFO - Started process (PID=452) to work on /home/airflow/.local/lib/python3.10/site-packages/airflow/example_dags/example_short_circuit_operator.py
[2025-04-25T16:33:06.924+0000] {processor.py:914} INFO - Processing file /home/airflow/.local/lib/python3.10/site-packages/airflow/example_dags/example_short_circuit_operator.py for tasks to queue
[2025-04-25T16:33:06.926+0000] {logging_mixin.py:190} INFO - [2025-04-25T16:33:06.926+0000] {dagbag.py:588} INFO - Filling up the DagBag from /home/airflow/.local/lib/python3.10/site-packages/airflow/example_dags/example_short_circuit_operator.py
[2025-04-25T16:33:06.934+0000] {processor.py:925} INFO - DAG(s) 'example_short_circuit_operator' retrieved from /home/airflow/.local/lib/python3.10/site-packages/airflow/example_dags/example_short_circuit_operator.py
[2025-04-25T16:33:06.959+0000] {logging_mixin.py:190} INFO - [2025-04-25T16:33:06.959+0000] {dag.py:3239} INFO - Sync 1 DAGs
[2025-04-25T16:33:06.973+0000] {logging_mixin.py:190} INFO - [2025-04-25T16:33:06.973+0000] {dag.py:4180} INFO - Setting next_dagrun for example_short_circuit_operator to None, run_after=None
[2025-04-25T16:33:06.993+0000] {processor.py:208} INFO - Processing /home/airflow/.local/lib/python3.10/site-packages/airflow/example_dags/example_short_circuit_operator.py took 0.076 seconds
[2025-04-25T16:33:37.961+0000] {processor.py:186} INFO - Started process (PID=518) to work on /home/airflow/.local/lib/python3.10/site-packages/airflow/example_dags/example_short_circuit_operator.py
[2025-04-25T16:33:37.962+0000] {processor.py:914} INFO - Processing file /home/airflow/.local/lib/python3.10/site-packages/airflow/example_dags/example_short_circuit_operator.py for tasks to queue
[2025-04-25T16:33:37.965+0000] {logging_mixin.py:190} INFO - [2025-04-25T16:33:37.964+0000] {dagbag.py:588} INFO - Filling up the DagBag from /home/airflow/.local/lib/python3.10/site-packages/airflow/example_dags/example_short_circuit_operator.py
[2025-04-25T16:33:37.973+0000] {processor.py:925} INFO - DAG(s) 'example_short_circuit_operator' retrieved from /home/airflow/.local/lib/python3.10/site-packages/airflow/example_dags/example_short_circuit_operator.py
[2025-04-25T16:33:37.999+0000] {logging_mixin.py:190} INFO - [2025-04-25T16:33:37.999+0000] {dag.py:3239} INFO - Sync 1 DAGs
[2025-04-25T16:33:38.016+0000] {logging_mixin.py:190} INFO - [2025-04-25T16:33:38.015+0000] {dag.py:4180} INFO - Setting next_dagrun for example_short_circuit_operator to None, run_after=None
[2025-04-25T16:33:38.038+0000] {processor.py:208} INFO - Processing /home/airflow/.local/lib/python3.10/site-packages/airflow/example_dags/example_short_circuit_operator.py took 0.083 seconds
[2025-04-25T16:34:09.018+0000] {processor.py:186} INFO - Started process (PID=584) to work on /home/airflow/.local/lib/python3.10/site-packages/airflow/example_dags/example_short_circuit_operator.py
[2025-04-25T16:34:09.019+0000] {processor.py:914} INFO - Processing file /home/airflow/.local/lib/python3.10/site-packages/airflow/example_dags/example_short_circuit_operator.py for tasks to queue
[2025-04-25T16:34:09.021+0000] {logging_mixin.py:190} INFO - [2025-04-25T16:34:09.021+0000] {dagbag.py:588} INFO - Filling up the DagBag from /home/airflow/.local/lib/python3.10/site-packages/airflow/example_dags/example_short_circuit_operator.py
[2025-04-25T16:34:09.030+0000] {processor.py:925} INFO - DAG(s) 'example_short_circuit_operator' retrieved from /home/airflow/.local/lib/python3.10/site-packages/airflow/example_dags/example_short_circuit_operator.py
[2025-04-25T16:34:09.054+0000] {logging_mixin.py:190} INFO - [2025-04-25T16:34:09.054+0000] {dag.py:3239} INFO - Sync 1 DAGs
[2025-04-25T16:34:09.071+0000] {logging_mixin.py:190} INFO - [2025-04-25T16:34:09.071+0000] {dag.py:4180} INFO - Setting next_dagrun for example_short_circuit_operator to None, run_after=None
[2025-04-25T16:34:09.092+0000] {processor.py:208} INFO - Processing /home/airflow/.local/lib/python3.10/site-packages/airflow/example_dags/example_short_circuit_operator.py took 0.080 seconds
[2025-04-25T16:34:39.301+0000] {processor.py:186} INFO - Started process (PID=649) to work on /home/airflow/.local/lib/python3.10/site-packages/airflow/example_dags/example_short_circuit_operator.py
[2025-04-25T16:34:39.302+0000] {processor.py:914} INFO - Processing file /home/airflow/.local/lib/python3.10/site-packages/airflow/example_dags/example_short_circuit_operator.py for tasks to queue
[2025-04-25T16:34:39.304+0000] {logging_mixin.py:190} INFO - [2025-04-25T16:34:39.304+0000] {dagbag.py:588} INFO - Filling up the DagBag from /home/airflow/.local/lib/python3.10/site-packages/airflow/example_dags/example_short_circuit_operator.py
[2025-04-25T16:34:39.312+0000] {processor.py:925} INFO - DAG(s) 'example_short_circuit_operator' retrieved from /home/airflow/.local/lib/python3.10/site-packages/airflow/example_dags/example_short_circuit_operator.py
[2025-04-25T16:34:39.336+0000] {logging_mixin.py:190} INFO - [2025-04-25T16:34:39.336+0000] {dag.py:3239} INFO - Sync 1 DAGs
[2025-04-25T16:34:39.351+0000] {logging_mixin.py:190} INFO - [2025-04-25T16:34:39.351+0000] {dag.py:4180} INFO - Setting next_dagrun for example_short_circuit_operator to None, run_after=None
[2025-04-25T16:34:39.369+0000] {processor.py:208} INFO - Processing /home/airflow/.local/lib/python3.10/site-packages/airflow/example_dags/example_short_circuit_operator.py took 0.074 seconds
[2025-04-25T16:35:10.270+0000] {processor.py:186} INFO - Started process (PID=715) to work on /home/airflow/.local/lib/python3.10/site-packages/airflow/example_dags/example_short_circuit_operator.py
[2025-04-25T16:35:10.271+0000] {processor.py:914} INFO - Processing file /home/airflow/.local/lib/python3.10/site-packages/airflow/example_dags/example_short_circuit_operator.py for tasks to queue
[2025-04-25T16:35:10.274+0000] {logging_mixin.py:190} INFO - [2025-04-25T16:35:10.274+0000] {dagbag.py:588} INFO - Filling up the DagBag from /home/airflow/.local/lib/python3.10/site-packages/airflow/example_dags/example_short_circuit_operator.py
[2025-04-25T16:35:10.284+0000] {processor.py:925} INFO - DAG(s) 'example_short_circuit_operator' retrieved from /home/airflow/.local/lib/python3.10/site-packages/airflow/example_dags/example_short_circuit_operator.py
[2025-04-25T16:35:10.309+0000] {logging_mixin.py:190} INFO - [2025-04-25T16:35:10.309+0000] {dag.py:3239} INFO - Sync 1 DAGs
[2025-04-25T16:35:10.327+0000] {logging_mixin.py:190} INFO - [2025-04-25T16:35:10.327+0000] {dag.py:4180} INFO - Setting next_dagrun for example_short_circuit_operator to None, run_after=None
[2025-04-25T16:35:10.345+0000] {processor.py:208} INFO - Processing /home/airflow/.local/lib/python3.10/site-packages/airflow/example_dags/example_short_circuit_operator.py took 0.082 seconds
[2025-04-25T16:35:41.836+0000] {processor.py:186} INFO - Started process (PID=799) to work on /home/airflow/.local/lib/python3.10/site-packages/airflow/example_dags/example_short_circuit_operator.py
[2025-04-25T16:35:41.837+0000] {processor.py:914} INFO - Processing file /home/airflow/.local/lib/python3.10/site-packages/airflow/example_dags/example_short_circuit_operator.py for tasks to queue
[2025-04-25T16:35:41.839+0000] {logging_mixin.py:190} INFO - [2025-04-25T16:35:41.839+0000] {dagbag.py:588} INFO - Filling up the DagBag from /home/airflow/.local/lib/python3.10/site-packages/airflow/example_dags/example_short_circuit_operator.py
[2025-04-25T16:35:41.848+0000] {processor.py:925} INFO - DAG(s) 'example_short_circuit_operator' retrieved from /home/airflow/.local/lib/python3.10/site-packages/airflow/example_dags/example_short_circuit_operator.py
[2025-04-25T16:35:41.871+0000] {logging_mixin.py:190} INFO - [2025-04-25T16:35:41.871+0000] {dag.py:3239} INFO - Sync 1 DAGs
[2025-04-25T16:35:41.886+0000] {logging_mixin.py:190} INFO - [2025-04-25T16:35:41.886+0000] {dag.py:4180} INFO - Setting next_dagrun for example_short_circuit_operator to None, run_after=None
[2025-04-25T16:35:41.905+0000] {processor.py:208} INFO - Processing /home/airflow/.local/lib/python3.10/site-packages/airflow/example_dags/example_short_circuit_operator.py took 0.076 seconds
[2025-04-25T16:36:13.248+0000] {processor.py:186} INFO - Started process (PID=865) to work on /home/airflow/.local/lib/python3.10/site-packages/airflow/example_dags/example_short_circuit_operator.py
[2025-04-25T16:36:13.249+0000] {processor.py:914} INFO - Processing file /home/airflow/.local/lib/python3.10/site-packages/airflow/example_dags/example_short_circuit_operator.py for tasks to queue
[2025-04-25T16:36:13.253+0000] {logging_mixin.py:190} INFO - [2025-04-25T16:36:13.252+0000] {dagbag.py:588} INFO - Filling up the DagBag from /home/airflow/.local/lib/python3.10/site-packages/airflow/example_dags/example_short_circuit_operator.py
[2025-04-25T16:36:13.265+0000] {processor.py:925} INFO - DAG(s) 'example_short_circuit_operator' retrieved from /home/airflow/.local/lib/python3.10/site-packages/airflow/example_dags/example_short_circuit_operator.py
[2025-04-25T16:36:13.295+0000] {logging_mixin.py:190} INFO - [2025-04-25T16:36:13.294+0000] {dag.py:3239} INFO - Sync 1 DAGs
[2025-04-25T16:36:13.312+0000] {logging_mixin.py:190} INFO - [2025-04-25T16:36:13.312+0000] {dag.py:4180} INFO - Setting next_dagrun for example_short_circuit_operator to None, run_after=None
[2025-04-25T16:36:13.333+0000] {processor.py:208} INFO - Processing /home/airflow/.local/lib/python3.10/site-packages/airflow/example_dags/example_short_circuit_operator.py took 0.094 seconds
[2025-04-25T16:36:44.328+0000] {processor.py:186} INFO - Started process (PID=931) to work on /home/airflow/.local/lib/python3.10/site-packages/airflow/example_dags/example_short_circuit_operator.py
[2025-04-25T16:36:44.329+0000] {processor.py:914} INFO - Processing file /home/airflow/.local/lib/python3.10/site-packages/airflow/example_dags/example_short_circuit_operator.py for tasks to queue
[2025-04-25T16:36:44.332+0000] {logging_mixin.py:190} INFO - [2025-04-25T16:36:44.331+0000] {dagbag.py:588} INFO - Filling up the DagBag from /home/airflow/.local/lib/python3.10/site-packages/airflow/example_dags/example_short_circuit_operator.py
[2025-04-25T16:36:44.340+0000] {processor.py:925} INFO - DAG(s) 'example_short_circuit_operator' retrieved from /home/airflow/.local/lib/python3.10/site-packages/airflow/example_dags/example_short_circuit_operator.py
[2025-04-25T16:36:44.363+0000] {logging_mixin.py:190} INFO - [2025-04-25T16:36:44.362+0000] {dag.py:3239} INFO - Sync 1 DAGs
[2025-04-25T16:36:44.377+0000] {logging_mixin.py:190} INFO - [2025-04-25T16:36:44.376+0000] {dag.py:4180} INFO - Setting next_dagrun for example_short_circuit_operator to None, run_after=None
[2025-04-25T16:36:44.394+0000] {processor.py:208} INFO - Processing /home/airflow/.local/lib/python3.10/site-packages/airflow/example_dags/example_short_circuit_operator.py took 0.072 seconds
[2025-04-25T16:37:15.891+0000] {processor.py:186} INFO - Started process (PID=997) to work on /home/airflow/.local/lib/python3.10/site-packages/airflow/example_dags/example_short_circuit_operator.py
[2025-04-25T16:37:15.892+0000] {processor.py:914} INFO - Processing file /home/airflow/.local/lib/python3.10/site-packages/airflow/example_dags/example_short_circuit_operator.py for tasks to queue
[2025-04-25T16:37:15.895+0000] {logging_mixin.py:190} INFO - [2025-04-25T16:37:15.894+0000] {dagbag.py:588} INFO - Filling up the DagBag from /home/airflow/.local/lib/python3.10/site-packages/airflow/example_dags/example_short_circuit_operator.py
[2025-04-25T16:37:15.904+0000] {processor.py:925} INFO - DAG(s) 'example_short_circuit_operator' retrieved from /home/airflow/.local/lib/python3.10/site-packages/airflow/example_dags/example_short_circuit_operator.py
[2025-04-25T16:37:15.929+0000] {logging_mixin.py:190} INFO - [2025-04-25T16:37:15.928+0000] {dag.py:3239} INFO - Sync 1 DAGs
[2025-04-25T16:37:15.945+0000] {logging_mixin.py:190} INFO - [2025-04-25T16:37:15.944+0000] {dag.py:4180} INFO - Setting next_dagrun for example_short_circuit_operator to None, run_after=None
[2025-04-25T16:37:15.968+0000] {processor.py:208} INFO - Processing /home/airflow/.local/lib/python3.10/site-packages/airflow/example_dags/example_short_circuit_operator.py took 0.083 seconds
[2025-04-25T16:37:46.825+0000] {processor.py:186} INFO - Started process (PID=1063) to work on /home/airflow/.local/lib/python3.10/site-packages/airflow/example_dags/example_short_circuit_operator.py
[2025-04-25T16:37:46.826+0000] {processor.py:914} INFO - Processing file /home/airflow/.local/lib/python3.10/site-packages/airflow/example_dags/example_short_circuit_operator.py for tasks to queue
[2025-04-25T16:37:46.828+0000] {logging_mixin.py:190} INFO - [2025-04-25T16:37:46.828+0000] {dagbag.py:588} INFO - Filling up the DagBag from /home/airflow/.local/lib/python3.10/site-packages/airflow/example_dags/example_short_circuit_operator.py
[2025-04-25T16:37:46.836+0000] {processor.py:925} INFO - DAG(s) 'example_short_circuit_operator' retrieved from /home/airflow/.local/lib/python3.10/site-packages/airflow/example_dags/example_short_circuit_operator.py
[2025-04-25T16:37:46.857+0000] {logging_mixin.py:190} INFO - [2025-04-25T16:37:46.857+0000] {dag.py:3239} INFO - Sync 1 DAGs
[2025-04-25T16:37:46.872+0000] {logging_mixin.py:190} INFO - [2025-04-25T16:37:46.871+0000] {dag.py:4180} INFO - Setting next_dagrun for example_short_circuit_operator to None, run_after=None
[2025-04-25T16:37:46.894+0000] {processor.py:208} INFO - Processing /home/airflow/.local/lib/python3.10/site-packages/airflow/example_dags/example_short_circuit_operator.py took 0.075 seconds
[2025-04-25T16:38:18.480+0000] {processor.py:186} INFO - Started process (PID=1129) to work on /home/airflow/.local/lib/python3.10/site-packages/airflow/example_dags/example_short_circuit_operator.py
[2025-04-25T16:38:18.482+0000] {processor.py:914} INFO - Processing file /home/airflow/.local/lib/python3.10/site-packages/airflow/example_dags/example_short_circuit_operator.py for tasks to queue
[2025-04-25T16:38:18.484+0000] {logging_mixin.py:190} INFO - [2025-04-25T16:38:18.484+0000] {dagbag.py:588} INFO - Filling up the DagBag from /home/airflow/.local/lib/python3.10/site-packages/airflow/example_dags/example_short_circuit_operator.py
[2025-04-25T16:38:18.493+0000] {processor.py:925} INFO - DAG(s) 'example_short_circuit_operator' retrieved from /home/airflow/.local/lib/python3.10/site-packages/airflow/example_dags/example_short_circuit_operator.py
[2025-04-25T16:38:18.520+0000] {logging_mixin.py:190} INFO - [2025-04-25T16:38:18.520+0000] {dag.py:3239} INFO - Sync 1 DAGs
[2025-04-25T16:38:18.535+0000] {logging_mixin.py:190} INFO - [2025-04-25T16:38:18.535+0000] {dag.py:4180} INFO - Setting next_dagrun for example_short_circuit_operator to None, run_after=None
[2025-04-25T16:38:18.557+0000] {processor.py:208} INFO - Processing /home/airflow/.local/lib/python3.10/site-packages/airflow/example_dags/example_short_circuit_operator.py took 0.083 seconds
[2025-04-25T16:38:49.627+0000] {processor.py:186} INFO - Started process (PID=1195) to work on /home/airflow/.local/lib/python3.10/site-packages/airflow/example_dags/example_short_circuit_operator.py
[2025-04-25T16:38:49.628+0000] {processor.py:914} INFO - Processing file /home/airflow/.local/lib/python3.10/site-packages/airflow/example_dags/example_short_circuit_operator.py for tasks to queue
[2025-04-25T16:38:49.632+0000] {logging_mixin.py:190} INFO - [2025-04-25T16:38:49.631+0000] {dagbag.py:588} INFO - Filling up the DagBag from /home/airflow/.local/lib/python3.10/site-packages/airflow/example_dags/example_short_circuit_operator.py
[2025-04-25T16:38:49.641+0000] {processor.py:925} INFO - DAG(s) 'example_short_circuit_operator' retrieved from /home/airflow/.local/lib/python3.10/site-packages/airflow/example_dags/example_short_circuit_operator.py
[2025-04-25T16:38:49.666+0000] {logging_mixin.py:190} INFO - [2025-04-25T16:38:49.665+0000] {dag.py:3239} INFO - Sync 1 DAGs
[2025-04-25T16:38:49.683+0000] {logging_mixin.py:190} INFO - [2025-04-25T16:38:49.682+0000] {dag.py:4180} INFO - Setting next_dagrun for example_short_circuit_operator to None, run_after=None
[2025-04-25T16:38:49.703+0000] {processor.py:208} INFO - Processing /home/airflow/.local/lib/python3.10/site-packages/airflow/example_dags/example_short_circuit_operator.py took 0.082 seconds
