[2025-04-25T16:30:05.612+0000] {processor.py:186} INFO - Started process (PID=95) to work on /home/airflow/.local/lib/python3.10/site-packages/airflow/example_dags/example_bash_operator.py
[2025-04-25T16:30:05.613+0000] {processor.py:914} INFO - Processing file /home/airflow/.local/lib/python3.10/site-packages/airflow/example_dags/example_bash_operator.py for tasks to queue
[2025-04-25T16:30:05.615+0000] {logging_mixin.py:190} INFO - [2025-04-25T16:30:05.614+0000] {dagbag.py:588} INFO - Filling up the DagBag from /home/airflow/.local/lib/python3.10/site-packages/airflow/example_dags/example_bash_operator.py
[2025-04-25T16:30:05.627+0000] {processor.py:925} INFO - DAG(s) 'example_bash_operator' retrieved from /home/airflow/.local/lib/python3.10/site-packages/airflow/example_dags/example_bash_operator.py
[2025-04-25T16:30:05.655+0000] {logging_mixin.py:190} INFO - [2025-04-25T16:30:05.655+0000] {dag.py:3239} INFO - Sync 1 DAGs
[2025-04-25T16:30:05.679+0000] {logging_mixin.py:190} INFO - [2025-04-25T16:30:05.678+0000] {dag.py:4180} INFO - Setting next_dagrun for example_bash_operator to 2025-04-24 00:00:00+00:00, run_after=2025-04-25 00:00:00+00:00
[2025-04-25T16:30:05.698+0000] {processor.py:208} INFO - Processing /home/airflow/.local/lib/python3.10/site-packages/airflow/example_dags/example_bash_operator.py took 0.092 seconds
[2025-04-25T16:30:36.271+0000] {processor.py:186} INFO - Started process (PID=161) to work on /home/airflow/.local/lib/python3.10/site-packages/airflow/example_dags/example_bash_operator.py
[2025-04-25T16:30:36.272+0000] {processor.py:914} INFO - Processing file /home/airflow/.local/lib/python3.10/site-packages/airflow/example_dags/example_bash_operator.py for tasks to queue
[2025-04-25T16:30:36.274+0000] {logging_mixin.py:190} INFO - [2025-04-25T16:30:36.274+0000] {dagbag.py:588} INFO - Filling up the DagBag from /home/airflow/.local/lib/python3.10/site-packages/airflow/example_dags/example_bash_operator.py
[2025-04-25T16:30:36.288+0000] {processor.py:925} INFO - DAG(s) 'example_bash_operator' retrieved from /home/airflow/.local/lib/python3.10/site-packages/airflow/example_dags/example_bash_operator.py
[2025-04-25T16:30:36.317+0000] {logging_mixin.py:190} INFO - [2025-04-25T16:30:36.316+0000] {dag.py:3239} INFO - Sync 1 DAGs
[2025-04-25T16:30:36.343+0000] {logging_mixin.py:190} INFO - [2025-04-25T16:30:36.343+0000] {dag.py:4180} INFO - Setting next_dagrun for example_bash_operator to 2025-04-24 00:00:00+00:00, run_after=2025-04-25 00:00:00+00:00
[2025-04-25T16:30:36.362+0000] {processor.py:208} INFO - Processing /home/airflow/.local/lib/python3.10/site-packages/airflow/example_dags/example_bash_operator.py took 0.097 seconds
[2025-04-25T16:31:06.532+0000] {processor.py:186} INFO - Started process (PID=226) to work on /home/airflow/.local/lib/python3.10/site-packages/airflow/example_dags/example_bash_operator.py
[2025-04-25T16:31:06.533+0000] {processor.py:914} INFO - Processing file /home/airflow/.local/lib/python3.10/site-packages/airflow/example_dags/example_bash_operator.py for tasks to queue
[2025-04-25T16:31:06.535+0000] {logging_mixin.py:190} INFO - [2025-04-25T16:31:06.535+0000] {dagbag.py:588} INFO - Filling up the DagBag from /home/airflow/.local/lib/python3.10/site-packages/airflow/example_dags/example_bash_operator.py
[2025-04-25T16:31:06.548+0000] {processor.py:925} INFO - DAG(s) 'example_bash_operator' retrieved from /home/airflow/.local/lib/python3.10/site-packages/airflow/example_dags/example_bash_operator.py
[2025-04-25T16:31:06.574+0000] {logging_mixin.py:190} INFO - [2025-04-25T16:31:06.574+0000] {dag.py:3239} INFO - Sync 1 DAGs
[2025-04-25T16:31:06.595+0000] {logging_mixin.py:190} INFO - [2025-04-25T16:31:06.595+0000] {dag.py:4180} INFO - Setting next_dagrun for example_bash_operator to 2025-04-24 00:00:00+00:00, run_after=2025-04-25 00:00:00+00:00
[2025-04-25T16:31:06.611+0000] {processor.py:208} INFO - Processing /home/airflow/.local/lib/python3.10/site-packages/airflow/example_dags/example_bash_operator.py took 0.085 seconds
[2025-04-25T16:31:38.013+0000] {processor.py:186} INFO - Started process (PID=293) to work on /home/airflow/.local/lib/python3.10/site-packages/airflow/example_dags/example_bash_operator.py
[2025-04-25T16:31:38.015+0000] {processor.py:914} INFO - Processing file /home/airflow/.local/lib/python3.10/site-packages/airflow/example_dags/example_bash_operator.py for tasks to queue
[2025-04-25T16:31:38.019+0000] {logging_mixin.py:190} INFO - [2025-04-25T16:31:38.019+0000] {dagbag.py:588} INFO - Filling up the DagBag from /home/airflow/.local/lib/python3.10/site-packages/airflow/example_dags/example_bash_operator.py
[2025-04-25T16:31:38.035+0000] {processor.py:925} INFO - DAG(s) 'example_bash_operator' retrieved from /home/airflow/.local/lib/python3.10/site-packages/airflow/example_dags/example_bash_operator.py
[2025-04-25T16:31:38.068+0000] {logging_mixin.py:190} INFO - [2025-04-25T16:31:38.067+0000] {dag.py:3239} INFO - Sync 1 DAGs
[2025-04-25T16:31:38.100+0000] {logging_mixin.py:190} INFO - [2025-04-25T16:31:38.100+0000] {dag.py:4180} INFO - Setting next_dagrun for example_bash_operator to 2025-04-24 00:00:00+00:00, run_after=2025-04-25 00:00:00+00:00
[2025-04-25T16:31:38.126+0000] {processor.py:208} INFO - Processing /home/airflow/.local/lib/python3.10/site-packages/airflow/example_dags/example_bash_operator.py took 0.120 seconds
[2025-04-25T16:32:08.609+0000] {processor.py:186} INFO - Started process (PID=359) to work on /home/airflow/.local/lib/python3.10/site-packages/airflow/example_dags/example_bash_operator.py
[2025-04-25T16:32:08.611+0000] {processor.py:914} INFO - Processing file /home/airflow/.local/lib/python3.10/site-packages/airflow/example_dags/example_bash_operator.py for tasks to queue
[2025-04-25T16:32:08.613+0000] {logging_mixin.py:190} INFO - [2025-04-25T16:32:08.613+0000] {dagbag.py:588} INFO - Filling up the DagBag from /home/airflow/.local/lib/python3.10/site-packages/airflow/example_dags/example_bash_operator.py
[2025-04-25T16:32:08.626+0000] {processor.py:925} INFO - DAG(s) 'example_bash_operator' retrieved from /home/airflow/.local/lib/python3.10/site-packages/airflow/example_dags/example_bash_operator.py
[2025-04-25T16:32:08.660+0000] {logging_mixin.py:190} INFO - [2025-04-25T16:32:08.659+0000] {dag.py:3239} INFO - Sync 1 DAGs
[2025-04-25T16:32:08.687+0000] {logging_mixin.py:190} INFO - [2025-04-25T16:32:08.686+0000] {dag.py:4180} INFO - Setting next_dagrun for example_bash_operator to 2025-04-24 00:00:00+00:00, run_after=2025-04-25 00:00:00+00:00
[2025-04-25T16:32:08.708+0000] {processor.py:208} INFO - Processing /home/airflow/.local/lib/python3.10/site-packages/airflow/example_dags/example_bash_operator.py took 0.104 seconds
[2025-04-25T16:32:39.679+0000] {processor.py:186} INFO - Started process (PID=425) to work on /home/airflow/.local/lib/python3.10/site-packages/airflow/example_dags/example_bash_operator.py
[2025-04-25T16:32:39.680+0000] {processor.py:914} INFO - Processing file /home/airflow/.local/lib/python3.10/site-packages/airflow/example_dags/example_bash_operator.py for tasks to queue
[2025-04-25T16:32:39.682+0000] {logging_mixin.py:190} INFO - [2025-04-25T16:32:39.682+0000] {dagbag.py:588} INFO - Filling up the DagBag from /home/airflow/.local/lib/python3.10/site-packages/airflow/example_dags/example_bash_operator.py
[2025-04-25T16:32:39.695+0000] {processor.py:925} INFO - DAG(s) 'example_bash_operator' retrieved from /home/airflow/.local/lib/python3.10/site-packages/airflow/example_dags/example_bash_operator.py
[2025-04-25T16:32:39.722+0000] {logging_mixin.py:190} INFO - [2025-04-25T16:32:39.721+0000] {dag.py:3239} INFO - Sync 1 DAGs
[2025-04-25T16:32:39.745+0000] {logging_mixin.py:190} INFO - [2025-04-25T16:32:39.745+0000] {dag.py:4180} INFO - Setting next_dagrun for example_bash_operator to 2025-04-24 00:00:00+00:00, run_after=2025-04-25 00:00:00+00:00
[2025-04-25T16:32:39.762+0000] {processor.py:208} INFO - Processing /home/airflow/.local/lib/python3.10/site-packages/airflow/example_dags/example_bash_operator.py took 0.089 seconds
[2025-04-25T16:33:10.850+0000] {processor.py:186} INFO - Started process (PID=496) to work on /home/airflow/.local/lib/python3.10/site-packages/airflow/example_dags/example_bash_operator.py
[2025-04-25T16:33:10.851+0000] {processor.py:914} INFO - Processing file /home/airflow/.local/lib/python3.10/site-packages/airflow/example_dags/example_bash_operator.py for tasks to queue
[2025-04-25T16:33:10.854+0000] {logging_mixin.py:190} INFO - [2025-04-25T16:33:10.854+0000] {dagbag.py:588} INFO - Filling up the DagBag from /home/airflow/.local/lib/python3.10/site-packages/airflow/example_dags/example_bash_operator.py
[2025-04-25T16:33:10.869+0000] {processor.py:925} INFO - DAG(s) 'example_bash_operator' retrieved from /home/airflow/.local/lib/python3.10/site-packages/airflow/example_dags/example_bash_operator.py
[2025-04-25T16:33:10.897+0000] {logging_mixin.py:190} INFO - [2025-04-25T16:33:10.896+0000] {dag.py:3239} INFO - Sync 1 DAGs
[2025-04-25T16:33:10.918+0000] {logging_mixin.py:190} INFO - [2025-04-25T16:33:10.918+0000] {dag.py:4180} INFO - Setting next_dagrun for example_bash_operator to 2025-04-24 00:00:00+00:00, run_after=2025-04-25 00:00:00+00:00
[2025-04-25T16:33:10.933+0000] {processor.py:208} INFO - Processing /home/airflow/.local/lib/python3.10/site-packages/airflow/example_dags/example_bash_operator.py took 0.090 seconds
[2025-04-25T16:33:41.757+0000] {processor.py:186} INFO - Started process (PID=563) to work on /home/airflow/.local/lib/python3.10/site-packages/airflow/example_dags/example_bash_operator.py
[2025-04-25T16:33:41.758+0000] {processor.py:914} INFO - Processing file /home/airflow/.local/lib/python3.10/site-packages/airflow/example_dags/example_bash_operator.py for tasks to queue
[2025-04-25T16:33:41.761+0000] {logging_mixin.py:190} INFO - [2025-04-25T16:33:41.760+0000] {dagbag.py:588} INFO - Filling up the DagBag from /home/airflow/.local/lib/python3.10/site-packages/airflow/example_dags/example_bash_operator.py
[2025-04-25T16:33:41.775+0000] {processor.py:925} INFO - DAG(s) 'example_bash_operator' retrieved from /home/airflow/.local/lib/python3.10/site-packages/airflow/example_dags/example_bash_operator.py
[2025-04-25T16:33:41.808+0000] {logging_mixin.py:190} INFO - [2025-04-25T16:33:41.808+0000] {dag.py:3239} INFO - Sync 1 DAGs
[2025-04-25T16:33:41.831+0000] {logging_mixin.py:190} INFO - [2025-04-25T16:33:41.831+0000] {dag.py:4180} INFO - Setting next_dagrun for example_bash_operator to 2025-04-24 00:00:00+00:00, run_after=2025-04-25 00:00:00+00:00
[2025-04-25T16:33:41.848+0000] {processor.py:208} INFO - Processing /home/airflow/.local/lib/python3.10/site-packages/airflow/example_dags/example_bash_operator.py took 0.098 seconds
[2025-04-25T16:34:12.274+0000] {processor.py:186} INFO - Started process (PID=628) to work on /home/airflow/.local/lib/python3.10/site-packages/airflow/example_dags/example_bash_operator.py
[2025-04-25T16:34:12.276+0000] {processor.py:914} INFO - Processing file /home/airflow/.local/lib/python3.10/site-packages/airflow/example_dags/example_bash_operator.py for tasks to queue
[2025-04-25T16:34:12.278+0000] {logging_mixin.py:190} INFO - [2025-04-25T16:34:12.277+0000] {dagbag.py:588} INFO - Filling up the DagBag from /home/airflow/.local/lib/python3.10/site-packages/airflow/example_dags/example_bash_operator.py
[2025-04-25T16:34:12.290+0000] {processor.py:925} INFO - DAG(s) 'example_bash_operator' retrieved from /home/airflow/.local/lib/python3.10/site-packages/airflow/example_dags/example_bash_operator.py
[2025-04-25T16:34:12.316+0000] {logging_mixin.py:190} INFO - [2025-04-25T16:34:12.316+0000] {dag.py:3239} INFO - Sync 1 DAGs
[2025-04-25T16:34:12.339+0000] {logging_mixin.py:190} INFO - [2025-04-25T16:34:12.339+0000] {dag.py:4180} INFO - Setting next_dagrun for example_bash_operator to 2025-04-24 00:00:00+00:00, run_after=2025-04-25 00:00:00+00:00
[2025-04-25T16:34:12.355+0000] {processor.py:208} INFO - Processing /home/airflow/.local/lib/python3.10/site-packages/airflow/example_dags/example_bash_operator.py took 0.086 seconds
[2025-04-25T16:34:43.509+0000] {processor.py:186} INFO - Started process (PID=695) to work on /home/airflow/.local/lib/python3.10/site-packages/airflow/example_dags/example_bash_operator.py
[2025-04-25T16:34:43.511+0000] {processor.py:914} INFO - Processing file /home/airflow/.local/lib/python3.10/site-packages/airflow/example_dags/example_bash_operator.py for tasks to queue
[2025-04-25T16:34:43.515+0000] {logging_mixin.py:190} INFO - [2025-04-25T16:34:43.514+0000] {dagbag.py:588} INFO - Filling up the DagBag from /home/airflow/.local/lib/python3.10/site-packages/airflow/example_dags/example_bash_operator.py
[2025-04-25T16:34:43.532+0000] {processor.py:925} INFO - DAG(s) 'example_bash_operator' retrieved from /home/airflow/.local/lib/python3.10/site-packages/airflow/example_dags/example_bash_operator.py
[2025-04-25T16:34:43.569+0000] {logging_mixin.py:190} INFO - [2025-04-25T16:34:43.569+0000] {dag.py:3239} INFO - Sync 1 DAGs
[2025-04-25T16:34:43.600+0000] {logging_mixin.py:190} INFO - [2025-04-25T16:34:43.600+0000] {dag.py:4180} INFO - Setting next_dagrun for example_bash_operator to 2025-04-24 00:00:00+00:00, run_after=2025-04-25 00:00:00+00:00
[2025-04-25T16:34:43.624+0000] {processor.py:208} INFO - Processing /home/airflow/.local/lib/python3.10/site-packages/airflow/example_dags/example_bash_operator.py took 0.125 seconds
[2025-04-25T16:35:16.144+0000] {processor.py:186} INFO - Started process (PID=765) to work on /home/airflow/.local/lib/python3.10/site-packages/airflow/example_dags/example_bash_operator.py
[2025-04-25T16:35:16.146+0000] {processor.py:914} INFO - Processing file /home/airflow/.local/lib/python3.10/site-packages/airflow/example_dags/example_bash_operator.py for tasks to queue
[2025-04-25T16:35:16.150+0000] {logging_mixin.py:190} INFO - [2025-04-25T16:35:16.149+0000] {dagbag.py:588} INFO - Filling up the DagBag from /home/airflow/.local/lib/python3.10/site-packages/airflow/example_dags/example_bash_operator.py
[2025-04-25T16:35:16.168+0000] {processor.py:925} INFO - DAG(s) 'example_bash_operator' retrieved from /home/airflow/.local/lib/python3.10/site-packages/airflow/example_dags/example_bash_operator.py
[2025-04-25T16:35:16.202+0000] {logging_mixin.py:190} INFO - [2025-04-25T16:35:16.202+0000] {dag.py:3239} INFO - Sync 1 DAGs
[2025-04-25T16:35:16.236+0000] {logging_mixin.py:190} INFO - [2025-04-25T16:35:16.236+0000] {dag.py:4180} INFO - Setting next_dagrun for example_bash_operator to 2025-04-24 00:00:00+00:00, run_after=2025-04-25 00:00:00+00:00
[2025-04-25T16:35:16.269+0000] {processor.py:208} INFO - Processing /home/airflow/.local/lib/python3.10/site-packages/airflow/example_dags/example_bash_operator.py took 0.133 seconds
[2025-04-25T16:35:47.056+0000] {processor.py:186} INFO - Started process (PID=838) to work on /home/airflow/.local/lib/python3.10/site-packages/airflow/example_dags/example_bash_operator.py
[2025-04-25T16:35:47.057+0000] {processor.py:914} INFO - Processing file /home/airflow/.local/lib/python3.10/site-packages/airflow/example_dags/example_bash_operator.py for tasks to queue
[2025-04-25T16:35:47.062+0000] {logging_mixin.py:190} INFO - [2025-04-25T16:35:47.061+0000] {dagbag.py:588} INFO - Filling up the DagBag from /home/airflow/.local/lib/python3.10/site-packages/airflow/example_dags/example_bash_operator.py
[2025-04-25T16:35:47.077+0000] {processor.py:925} INFO - DAG(s) 'example_bash_operator' retrieved from /home/airflow/.local/lib/python3.10/site-packages/airflow/example_dags/example_bash_operator.py
[2025-04-25T16:35:47.108+0000] {logging_mixin.py:190} INFO - [2025-04-25T16:35:47.108+0000] {dag.py:3239} INFO - Sync 1 DAGs
[2025-04-25T16:35:47.135+0000] {logging_mixin.py:190} INFO - [2025-04-25T16:35:47.135+0000] {dag.py:4180} INFO - Setting next_dagrun for example_bash_operator to 2025-04-24 00:00:00+00:00, run_after=2025-04-25 00:00:00+00:00
[2025-04-25T16:35:47.160+0000] {processor.py:208} INFO - Processing /home/airflow/.local/lib/python3.10/site-packages/airflow/example_dags/example_bash_operator.py took 0.111 seconds
[2025-04-25T16:36:17.819+0000] {processor.py:186} INFO - Started process (PID=905) to work on /home/airflow/.local/lib/python3.10/site-packages/airflow/example_dags/example_bash_operator.py
[2025-04-25T16:36:17.820+0000] {processor.py:914} INFO - Processing file /home/airflow/.local/lib/python3.10/site-packages/airflow/example_dags/example_bash_operator.py for tasks to queue
[2025-04-25T16:36:17.824+0000] {logging_mixin.py:190} INFO - [2025-04-25T16:36:17.823+0000] {dagbag.py:588} INFO - Filling up the DagBag from /home/airflow/.local/lib/python3.10/site-packages/airflow/example_dags/example_bash_operator.py
[2025-04-25T16:36:17.841+0000] {processor.py:925} INFO - DAG(s) 'example_bash_operator' retrieved from /home/airflow/.local/lib/python3.10/site-packages/airflow/example_dags/example_bash_operator.py
[2025-04-25T16:36:17.886+0000] {logging_mixin.py:190} INFO - [2025-04-25T16:36:17.886+0000] {dag.py:3239} INFO - Sync 1 DAGs
[2025-04-25T16:36:17.921+0000] {logging_mixin.py:190} INFO - [2025-04-25T16:36:17.921+0000] {dag.py:4180} INFO - Setting next_dagrun for example_bash_operator to 2025-04-24 00:00:00+00:00, run_after=2025-04-25 00:00:00+00:00
[2025-04-25T16:36:17.958+0000] {processor.py:208} INFO - Processing /home/airflow/.local/lib/python3.10/site-packages/airflow/example_dags/example_bash_operator.py took 0.146 seconds
[2025-04-25T16:36:48.681+0000] {processor.py:186} INFO - Started process (PID=971) to work on /home/airflow/.local/lib/python3.10/site-packages/airflow/example_dags/example_bash_operator.py
[2025-04-25T16:36:48.682+0000] {processor.py:914} INFO - Processing file /home/airflow/.local/lib/python3.10/site-packages/airflow/example_dags/example_bash_operator.py for tasks to queue
[2025-04-25T16:36:48.684+0000] {logging_mixin.py:190} INFO - [2025-04-25T16:36:48.684+0000] {dagbag.py:588} INFO - Filling up the DagBag from /home/airflow/.local/lib/python3.10/site-packages/airflow/example_dags/example_bash_operator.py
[2025-04-25T16:36:48.696+0000] {processor.py:925} INFO - DAG(s) 'example_bash_operator' retrieved from /home/airflow/.local/lib/python3.10/site-packages/airflow/example_dags/example_bash_operator.py
[2025-04-25T16:36:48.723+0000] {logging_mixin.py:190} INFO - [2025-04-25T16:36:48.723+0000] {dag.py:3239} INFO - Sync 1 DAGs
[2025-04-25T16:36:48.746+0000] {logging_mixin.py:190} INFO - [2025-04-25T16:36:48.746+0000] {dag.py:4180} INFO - Setting next_dagrun for example_bash_operator to 2025-04-24 00:00:00+00:00, run_after=2025-04-25 00:00:00+00:00
[2025-04-25T16:36:48.764+0000] {processor.py:208} INFO - Processing /home/airflow/.local/lib/python3.10/site-packages/airflow/example_dags/example_bash_operator.py took 0.088 seconds
[2025-04-25T16:37:19.617+0000] {processor.py:186} INFO - Started process (PID=1037) to work on /home/airflow/.local/lib/python3.10/site-packages/airflow/example_dags/example_bash_operator.py
[2025-04-25T16:37:19.618+0000] {processor.py:914} INFO - Processing file /home/airflow/.local/lib/python3.10/site-packages/airflow/example_dags/example_bash_operator.py for tasks to queue
[2025-04-25T16:37:19.621+0000] {logging_mixin.py:190} INFO - [2025-04-25T16:37:19.621+0000] {dagbag.py:588} INFO - Filling up the DagBag from /home/airflow/.local/lib/python3.10/site-packages/airflow/example_dags/example_bash_operator.py
[2025-04-25T16:37:19.634+0000] {processor.py:925} INFO - DAG(s) 'example_bash_operator' retrieved from /home/airflow/.local/lib/python3.10/site-packages/airflow/example_dags/example_bash_operator.py
[2025-04-25T16:37:19.662+0000] {logging_mixin.py:190} INFO - [2025-04-25T16:37:19.662+0000] {dag.py:3239} INFO - Sync 1 DAGs
[2025-04-25T16:37:19.688+0000] {logging_mixin.py:190} INFO - [2025-04-25T16:37:19.688+0000] {dag.py:4180} INFO - Setting next_dagrun for example_bash_operator to 2025-04-24 00:00:00+00:00, run_after=2025-04-25 00:00:00+00:00
[2025-04-25T16:37:19.708+0000] {processor.py:208} INFO - Processing /home/airflow/.local/lib/python3.10/site-packages/airflow/example_dags/example_bash_operator.py took 0.097 seconds
[2025-04-25T16:37:49.933+0000] {processor.py:186} INFO - Started process (PID=1102) to work on /home/airflow/.local/lib/python3.10/site-packages/airflow/example_dags/example_bash_operator.py
[2025-04-25T16:37:49.934+0000] {processor.py:914} INFO - Processing file /home/airflow/.local/lib/python3.10/site-packages/airflow/example_dags/example_bash_operator.py for tasks to queue
[2025-04-25T16:37:49.937+0000] {logging_mixin.py:190} INFO - [2025-04-25T16:37:49.936+0000] {dagbag.py:588} INFO - Filling up the DagBag from /home/airflow/.local/lib/python3.10/site-packages/airflow/example_dags/example_bash_operator.py
[2025-04-25T16:37:49.949+0000] {processor.py:925} INFO - DAG(s) 'example_bash_operator' retrieved from /home/airflow/.local/lib/python3.10/site-packages/airflow/example_dags/example_bash_operator.py
[2025-04-25T16:37:49.984+0000] {logging_mixin.py:190} INFO - [2025-04-25T16:37:49.983+0000] {dag.py:3239} INFO - Sync 1 DAGs
[2025-04-25T16:37:50.012+0000] {logging_mixin.py:190} INFO - [2025-04-25T16:37:50.012+0000] {dag.py:4180} INFO - Setting next_dagrun for example_bash_operator to 2025-04-24 00:00:00+00:00, run_after=2025-04-25 00:00:00+00:00
[2025-04-25T16:37:50.033+0000] {processor.py:208} INFO - Processing /home/airflow/.local/lib/python3.10/site-packages/airflow/example_dags/example_bash_operator.py took 0.107 seconds
[2025-04-25T16:38:21.407+0000] {processor.py:186} INFO - Started process (PID=1168) to work on /home/airflow/.local/lib/python3.10/site-packages/airflow/example_dags/example_bash_operator.py
[2025-04-25T16:38:21.408+0000] {processor.py:914} INFO - Processing file /home/airflow/.local/lib/python3.10/site-packages/airflow/example_dags/example_bash_operator.py for tasks to queue
[2025-04-25T16:38:21.412+0000] {logging_mixin.py:190} INFO - [2025-04-25T16:38:21.412+0000] {dagbag.py:588} INFO - Filling up the DagBag from /home/airflow/.local/lib/python3.10/site-packages/airflow/example_dags/example_bash_operator.py
[2025-04-25T16:38:21.426+0000] {processor.py:925} INFO - DAG(s) 'example_bash_operator' retrieved from /home/airflow/.local/lib/python3.10/site-packages/airflow/example_dags/example_bash_operator.py
[2025-04-25T16:38:21.452+0000] {logging_mixin.py:190} INFO - [2025-04-25T16:38:21.451+0000] {dag.py:3239} INFO - Sync 1 DAGs
[2025-04-25T16:38:21.478+0000] {logging_mixin.py:190} INFO - [2025-04-25T16:38:21.478+0000] {dag.py:4180} INFO - Setting next_dagrun for example_bash_operator to 2025-04-24 00:00:00+00:00, run_after=2025-04-25 00:00:00+00:00
[2025-04-25T16:38:21.500+0000] {processor.py:208} INFO - Processing /home/airflow/.local/lib/python3.10/site-packages/airflow/example_dags/example_bash_operator.py took 0.100 seconds
[2025-04-25T16:38:53.381+0000] {processor.py:186} INFO - Started process (PID=1235) to work on /home/airflow/.local/lib/python3.10/site-packages/airflow/example_dags/example_bash_operator.py
[2025-04-25T16:38:53.382+0000] {processor.py:914} INFO - Processing file /home/airflow/.local/lib/python3.10/site-packages/airflow/example_dags/example_bash_operator.py for tasks to queue
[2025-04-25T16:38:53.385+0000] {logging_mixin.py:190} INFO - [2025-04-25T16:38:53.384+0000] {dagbag.py:588} INFO - Filling up the DagBag from /home/airflow/.local/lib/python3.10/site-packages/airflow/example_dags/example_bash_operator.py
[2025-04-25T16:38:53.400+0000] {processor.py:925} INFO - DAG(s) 'example_bash_operator' retrieved from /home/airflow/.local/lib/python3.10/site-packages/airflow/example_dags/example_bash_operator.py
[2025-04-25T16:38:53.427+0000] {logging_mixin.py:190} INFO - [2025-04-25T16:38:53.427+0000] {dag.py:3239} INFO - Sync 1 DAGs
[2025-04-25T16:38:53.452+0000] {logging_mixin.py:190} INFO - [2025-04-25T16:38:53.452+0000] {dag.py:4180} INFO - Setting next_dagrun for example_bash_operator to 2025-04-24 00:00:00+00:00, run_after=2025-04-25 00:00:00+00:00
[2025-04-25T16:38:53.471+0000] {processor.py:208} INFO - Processing /home/airflow/.local/lib/python3.10/site-packages/airflow/example_dags/example_bash_operator.py took 0.096 seconds
