[2025-04-25T16:30:03.024+0000] {processor.py:186} INFO - Started process (PID=70) to work on /home/airflow/.local/lib/python3.10/site-packages/airflow/example_dags/example_task_group.py
[2025-04-25T16:30:03.025+0000] {processor.py:914} INFO - Processing file /home/airflow/.local/lib/python3.10/site-packages/airflow/example_dags/example_task_group.py for tasks to queue
[2025-04-25T16:30:03.029+0000] {logging_mixin.py:190} INFO - [2025-04-25T16:30:03.028+0000] {dagbag.py:588} INFO - Filling up the DagBag from /home/airflow/.local/lib/python3.10/site-packages/airflow/example_dags/example_task_group.py
[2025-04-25T16:30:03.042+0000] {processor.py:925} INFO - DAG(s) 'example_task_group' retrieved from /home/airflow/.local/lib/python3.10/site-packages/airflow/example_dags/example_task_group.py
[2025-04-25T16:30:03.079+0000] {logging_mixin.py:190} INFO - [2025-04-25T16:30:03.079+0000] {dag.py:3239} INFO - Sync 1 DAGs
[2025-04-25T16:30:03.106+0000] {logging_mixin.py:190} INFO - [2025-04-25T16:30:03.106+0000] {dag.py:4180} INFO - Setting next_dagrun for example_task_group to None, run_after=None
[2025-04-25T16:30:03.136+0000] {processor.py:208} INFO - Processing /home/airflow/.local/lib/python3.10/site-packages/airflow/example_dags/example_task_group.py took 0.122 seconds
[2025-04-25T16:30:33.201+0000] {processor.py:186} INFO - Started process (PID=135) to work on /home/airflow/.local/lib/python3.10/site-packages/airflow/example_dags/example_task_group.py
[2025-04-25T16:30:33.202+0000] {processor.py:914} INFO - Processing file /home/airflow/.local/lib/python3.10/site-packages/airflow/example_dags/example_task_group.py for tasks to queue
[2025-04-25T16:30:33.204+0000] {logging_mixin.py:190} INFO - [2025-04-25T16:30:33.204+0000] {dagbag.py:588} INFO - Filling up the DagBag from /home/airflow/.local/lib/python3.10/site-packages/airflow/example_dags/example_task_group.py
[2025-04-25T16:30:33.214+0000] {processor.py:925} INFO - DAG(s) 'example_task_group' retrieved from /home/airflow/.local/lib/python3.10/site-packages/airflow/example_dags/example_task_group.py
[2025-04-25T16:30:33.235+0000] {logging_mixin.py:190} INFO - [2025-04-25T16:30:33.235+0000] {dag.py:3239} INFO - Sync 1 DAGs
[2025-04-25T16:30:33.249+0000] {logging_mixin.py:190} INFO - [2025-04-25T16:30:33.249+0000] {dag.py:4180} INFO - Setting next_dagrun for example_task_group to None, run_after=None
[2025-04-25T16:30:33.266+0000] {processor.py:208} INFO - Processing /home/airflow/.local/lib/python3.10/site-packages/airflow/example_dags/example_task_group.py took 0.071 seconds
[2025-04-25T16:31:03.600+0000] {processor.py:186} INFO - Started process (PID=201) to work on /home/airflow/.local/lib/python3.10/site-packages/airflow/example_dags/example_task_group.py
[2025-04-25T16:31:03.601+0000] {processor.py:914} INFO - Processing file /home/airflow/.local/lib/python3.10/site-packages/airflow/example_dags/example_task_group.py for tasks to queue
[2025-04-25T16:31:03.603+0000] {logging_mixin.py:190} INFO - [2025-04-25T16:31:03.603+0000] {dagbag.py:588} INFO - Filling up the DagBag from /home/airflow/.local/lib/python3.10/site-packages/airflow/example_dags/example_task_group.py
[2025-04-25T16:31:03.612+0000] {processor.py:925} INFO - DAG(s) 'example_task_group' retrieved from /home/airflow/.local/lib/python3.10/site-packages/airflow/example_dags/example_task_group.py
[2025-04-25T16:31:03.632+0000] {logging_mixin.py:190} INFO - [2025-04-25T16:31:03.632+0000] {dag.py:3239} INFO - Sync 1 DAGs
[2025-04-25T16:31:03.646+0000] {logging_mixin.py:190} INFO - [2025-04-25T16:31:03.646+0000] {dag.py:4180} INFO - Setting next_dagrun for example_task_group to None, run_after=None
[2025-04-25T16:31:03.663+0000] {processor.py:208} INFO - Processing /home/airflow/.local/lib/python3.10/site-packages/airflow/example_dags/example_task_group.py took 0.069 seconds
[2025-04-25T16:31:34.341+0000] {processor.py:186} INFO - Started process (PID=267) to work on /home/airflow/.local/lib/python3.10/site-packages/airflow/example_dags/example_task_group.py
[2025-04-25T16:31:34.342+0000] {processor.py:914} INFO - Processing file /home/airflow/.local/lib/python3.10/site-packages/airflow/example_dags/example_task_group.py for tasks to queue
[2025-04-25T16:31:34.344+0000] {logging_mixin.py:190} INFO - [2025-04-25T16:31:34.343+0000] {dagbag.py:588} INFO - Filling up the DagBag from /home/airflow/.local/lib/python3.10/site-packages/airflow/example_dags/example_task_group.py
[2025-04-25T16:31:34.352+0000] {processor.py:925} INFO - DAG(s) 'example_task_group' retrieved from /home/airflow/.local/lib/python3.10/site-packages/airflow/example_dags/example_task_group.py
[2025-04-25T16:31:34.373+0000] {logging_mixin.py:190} INFO - [2025-04-25T16:31:34.372+0000] {dag.py:3239} INFO - Sync 1 DAGs
[2025-04-25T16:31:34.386+0000] {logging_mixin.py:190} INFO - [2025-04-25T16:31:34.386+0000] {dag.py:4180} INFO - Setting next_dagrun for example_task_group to None, run_after=None
[2025-04-25T16:31:34.402+0000] {processor.py:208} INFO - Processing /home/airflow/.local/lib/python3.10/site-packages/airflow/example_dags/example_task_group.py took 0.067 seconds
[2025-04-25T16:32:05.770+0000] {processor.py:186} INFO - Started process (PID=333) to work on /home/airflow/.local/lib/python3.10/site-packages/airflow/example_dags/example_task_group.py
[2025-04-25T16:32:05.771+0000] {processor.py:914} INFO - Processing file /home/airflow/.local/lib/python3.10/site-packages/airflow/example_dags/example_task_group.py for tasks to queue
[2025-04-25T16:32:05.773+0000] {logging_mixin.py:190} INFO - [2025-04-25T16:32:05.773+0000] {dagbag.py:588} INFO - Filling up the DagBag from /home/airflow/.local/lib/python3.10/site-packages/airflow/example_dags/example_task_group.py
[2025-04-25T16:32:05.781+0000] {processor.py:925} INFO - DAG(s) 'example_task_group' retrieved from /home/airflow/.local/lib/python3.10/site-packages/airflow/example_dags/example_task_group.py
[2025-04-25T16:32:05.807+0000] {logging_mixin.py:190} INFO - [2025-04-25T16:32:05.806+0000] {dag.py:3239} INFO - Sync 1 DAGs
[2025-04-25T16:32:05.822+0000] {logging_mixin.py:190} INFO - [2025-04-25T16:32:05.821+0000] {dag.py:4180} INFO - Setting next_dagrun for example_task_group to None, run_after=None
[2025-04-25T16:32:05.845+0000] {processor.py:208} INFO - Processing /home/airflow/.local/lib/python3.10/site-packages/airflow/example_dags/example_task_group.py took 0.080 seconds
[2025-04-25T16:32:36.888+0000] {processor.py:186} INFO - Started process (PID=400) to work on /home/airflow/.local/lib/python3.10/site-packages/airflow/example_dags/example_task_group.py
[2025-04-25T16:32:36.889+0000] {processor.py:914} INFO - Processing file /home/airflow/.local/lib/python3.10/site-packages/airflow/example_dags/example_task_group.py for tasks to queue
[2025-04-25T16:32:36.891+0000] {logging_mixin.py:190} INFO - [2025-04-25T16:32:36.891+0000] {dagbag.py:588} INFO - Filling up the DagBag from /home/airflow/.local/lib/python3.10/site-packages/airflow/example_dags/example_task_group.py
[2025-04-25T16:32:36.899+0000] {processor.py:925} INFO - DAG(s) 'example_task_group' retrieved from /home/airflow/.local/lib/python3.10/site-packages/airflow/example_dags/example_task_group.py
[2025-04-25T16:32:36.923+0000] {logging_mixin.py:190} INFO - [2025-04-25T16:32:36.922+0000] {dag.py:3239} INFO - Sync 1 DAGs
[2025-04-25T16:32:36.942+0000] {logging_mixin.py:190} INFO - [2025-04-25T16:32:36.942+0000] {dag.py:4180} INFO - Setting next_dagrun for example_task_group to None, run_after=None
[2025-04-25T16:32:36.965+0000] {processor.py:208} INFO - Processing /home/airflow/.local/lib/python3.10/site-packages/airflow/example_dags/example_task_group.py took 0.084 seconds
[2025-04-25T16:33:08.090+0000] {processor.py:186} INFO - Started process (PID=466) to work on /home/airflow/.local/lib/python3.10/site-packages/airflow/example_dags/example_task_group.py
[2025-04-25T16:33:08.092+0000] {processor.py:914} INFO - Processing file /home/airflow/.local/lib/python3.10/site-packages/airflow/example_dags/example_task_group.py for tasks to queue
[2025-04-25T16:33:08.094+0000] {logging_mixin.py:190} INFO - [2025-04-25T16:33:08.094+0000] {dagbag.py:588} INFO - Filling up the DagBag from /home/airflow/.local/lib/python3.10/site-packages/airflow/example_dags/example_task_group.py
[2025-04-25T16:33:08.107+0000] {processor.py:925} INFO - DAG(s) 'example_task_group' retrieved from /home/airflow/.local/lib/python3.10/site-packages/airflow/example_dags/example_task_group.py
[2025-04-25T16:33:08.135+0000] {logging_mixin.py:190} INFO - [2025-04-25T16:33:08.134+0000] {dag.py:3239} INFO - Sync 1 DAGs
[2025-04-25T16:33:08.153+0000] {logging_mixin.py:190} INFO - [2025-04-25T16:33:08.153+0000] {dag.py:4180} INFO - Setting next_dagrun for example_task_group to None, run_after=None
[2025-04-25T16:33:08.178+0000] {processor.py:208} INFO - Processing /home/airflow/.local/lib/python3.10/site-packages/airflow/example_dags/example_task_group.py took 0.094 seconds
[2025-04-25T16:33:38.885+0000] {processor.py:186} INFO - Started process (PID=531) to work on /home/airflow/.local/lib/python3.10/site-packages/airflow/example_dags/example_task_group.py
[2025-04-25T16:33:38.886+0000] {processor.py:914} INFO - Processing file /home/airflow/.local/lib/python3.10/site-packages/airflow/example_dags/example_task_group.py for tasks to queue
[2025-04-25T16:33:38.889+0000] {logging_mixin.py:190} INFO - [2025-04-25T16:33:38.889+0000] {dagbag.py:588} INFO - Filling up the DagBag from /home/airflow/.local/lib/python3.10/site-packages/airflow/example_dags/example_task_group.py
[2025-04-25T16:33:38.897+0000] {processor.py:925} INFO - DAG(s) 'example_task_group' retrieved from /home/airflow/.local/lib/python3.10/site-packages/airflow/example_dags/example_task_group.py
[2025-04-25T16:33:38.918+0000] {logging_mixin.py:190} INFO - [2025-04-25T16:33:38.917+0000] {dag.py:3239} INFO - Sync 1 DAGs
[2025-04-25T16:33:38.931+0000] {logging_mixin.py:190} INFO - [2025-04-25T16:33:38.931+0000] {dag.py:4180} INFO - Setting next_dagrun for example_task_group to None, run_after=None
[2025-04-25T16:33:38.947+0000] {processor.py:208} INFO - Processing /home/airflow/.local/lib/python3.10/site-packages/airflow/example_dags/example_task_group.py took 0.068 seconds
[2025-04-25T16:34:09.956+0000] {processor.py:186} INFO - Started process (PID=597) to work on /home/airflow/.local/lib/python3.10/site-packages/airflow/example_dags/example_task_group.py
[2025-04-25T16:34:09.957+0000] {processor.py:914} INFO - Processing file /home/airflow/.local/lib/python3.10/site-packages/airflow/example_dags/example_task_group.py for tasks to queue
[2025-04-25T16:34:09.959+0000] {logging_mixin.py:190} INFO - [2025-04-25T16:34:09.959+0000] {dagbag.py:588} INFO - Filling up the DagBag from /home/airflow/.local/lib/python3.10/site-packages/airflow/example_dags/example_task_group.py
[2025-04-25T16:34:09.970+0000] {processor.py:925} INFO - DAG(s) 'example_task_group' retrieved from /home/airflow/.local/lib/python3.10/site-packages/airflow/example_dags/example_task_group.py
[2025-04-25T16:34:09.998+0000] {logging_mixin.py:190} INFO - [2025-04-25T16:34:09.997+0000] {dag.py:3239} INFO - Sync 1 DAGs
[2025-04-25T16:34:10.018+0000] {logging_mixin.py:190} INFO - [2025-04-25T16:34:10.018+0000] {dag.py:4180} INFO - Setting next_dagrun for example_task_group to None, run_after=None
[2025-04-25T16:34:10.041+0000] {processor.py:208} INFO - Processing /home/airflow/.local/lib/python3.10/site-packages/airflow/example_dags/example_task_group.py took 0.091 seconds
[2025-04-25T16:34:40.934+0000] {processor.py:186} INFO - Started process (PID=669) to work on /home/airflow/.local/lib/python3.10/site-packages/airflow/example_dags/example_task_group.py
[2025-04-25T16:34:40.935+0000] {processor.py:914} INFO - Processing file /home/airflow/.local/lib/python3.10/site-packages/airflow/example_dags/example_task_group.py for tasks to queue
[2025-04-25T16:34:40.938+0000] {logging_mixin.py:190} INFO - [2025-04-25T16:34:40.938+0000] {dagbag.py:588} INFO - Filling up the DagBag from /home/airflow/.local/lib/python3.10/site-packages/airflow/example_dags/example_task_group.py
[2025-04-25T16:34:40.948+0000] {processor.py:925} INFO - DAG(s) 'example_task_group' retrieved from /home/airflow/.local/lib/python3.10/site-packages/airflow/example_dags/example_task_group.py
[2025-04-25T16:34:40.974+0000] {logging_mixin.py:190} INFO - [2025-04-25T16:34:40.973+0000] {dag.py:3239} INFO - Sync 1 DAGs
[2025-04-25T16:34:40.995+0000] {logging_mixin.py:190} INFO - [2025-04-25T16:34:40.994+0000] {dag.py:4180} INFO - Setting next_dagrun for example_task_group to None, run_after=None
[2025-04-25T16:34:41.022+0000] {processor.py:208} INFO - Processing /home/airflow/.local/lib/python3.10/site-packages/airflow/example_dags/example_task_group.py took 0.095 seconds
[2025-04-25T16:35:12.398+0000] {processor.py:186} INFO - Started process (PID=739) to work on /home/airflow/.local/lib/python3.10/site-packages/airflow/example_dags/example_task_group.py
[2025-04-25T16:35:12.399+0000] {processor.py:914} INFO - Processing file /home/airflow/.local/lib/python3.10/site-packages/airflow/example_dags/example_task_group.py for tasks to queue
[2025-04-25T16:35:12.402+0000] {logging_mixin.py:190} INFO - [2025-04-25T16:35:12.402+0000] {dagbag.py:588} INFO - Filling up the DagBag from /home/airflow/.local/lib/python3.10/site-packages/airflow/example_dags/example_task_group.py
[2025-04-25T16:35:12.413+0000] {processor.py:925} INFO - DAG(s) 'example_task_group' retrieved from /home/airflow/.local/lib/python3.10/site-packages/airflow/example_dags/example_task_group.py
[2025-04-25T16:35:12.439+0000] {logging_mixin.py:190} INFO - [2025-04-25T16:35:12.438+0000] {dag.py:3239} INFO - Sync 1 DAGs
[2025-04-25T16:35:12.458+0000] {logging_mixin.py:190} INFO - [2025-04-25T16:35:12.457+0000] {dag.py:4180} INFO - Setting next_dagrun for example_task_group to None, run_after=None
[2025-04-25T16:35:12.487+0000] {processor.py:208} INFO - Processing /home/airflow/.local/lib/python3.10/site-packages/airflow/example_dags/example_task_group.py took 0.097 seconds
[2025-04-25T16:35:42.942+0000] {processor.py:186} INFO - Started process (PID=813) to work on /home/airflow/.local/lib/python3.10/site-packages/airflow/example_dags/example_task_group.py
[2025-04-25T16:35:42.943+0000] {processor.py:914} INFO - Processing file /home/airflow/.local/lib/python3.10/site-packages/airflow/example_dags/example_task_group.py for tasks to queue
[2025-04-25T16:35:42.946+0000] {logging_mixin.py:190} INFO - [2025-04-25T16:35:42.945+0000] {dagbag.py:588} INFO - Filling up the DagBag from /home/airflow/.local/lib/python3.10/site-packages/airflow/example_dags/example_task_group.py
[2025-04-25T16:35:42.954+0000] {processor.py:925} INFO - DAG(s) 'example_task_group' retrieved from /home/airflow/.local/lib/python3.10/site-packages/airflow/example_dags/example_task_group.py
[2025-04-25T16:35:42.980+0000] {logging_mixin.py:190} INFO - [2025-04-25T16:35:42.980+0000] {dag.py:3239} INFO - Sync 1 DAGs
[2025-04-25T16:35:42.996+0000] {logging_mixin.py:190} INFO - [2025-04-25T16:35:42.996+0000] {dag.py:4180} INFO - Setting next_dagrun for example_task_group to None, run_after=None
[2025-04-25T16:35:43.020+0000] {processor.py:208} INFO - Processing /home/airflow/.local/lib/python3.10/site-packages/airflow/example_dags/example_task_group.py took 0.084 seconds
[2025-04-25T16:36:14.529+0000] {processor.py:186} INFO - Started process (PID=879) to work on /home/airflow/.local/lib/python3.10/site-packages/airflow/example_dags/example_task_group.py
[2025-04-25T16:36:14.530+0000] {processor.py:914} INFO - Processing file /home/airflow/.local/lib/python3.10/site-packages/airflow/example_dags/example_task_group.py for tasks to queue
[2025-04-25T16:36:14.533+0000] {logging_mixin.py:190} INFO - [2025-04-25T16:36:14.533+0000] {dagbag.py:588} INFO - Filling up the DagBag from /home/airflow/.local/lib/python3.10/site-packages/airflow/example_dags/example_task_group.py
[2025-04-25T16:36:14.543+0000] {processor.py:925} INFO - DAG(s) 'example_task_group' retrieved from /home/airflow/.local/lib/python3.10/site-packages/airflow/example_dags/example_task_group.py
[2025-04-25T16:36:14.570+0000] {logging_mixin.py:190} INFO - [2025-04-25T16:36:14.570+0000] {dag.py:3239} INFO - Sync 1 DAGs
[2025-04-25T16:36:14.589+0000] {logging_mixin.py:190} INFO - [2025-04-25T16:36:14.589+0000] {dag.py:4180} INFO - Setting next_dagrun for example_task_group to None, run_after=None
[2025-04-25T16:36:14.610+0000] {processor.py:208} INFO - Processing /home/airflow/.local/lib/python3.10/site-packages/airflow/example_dags/example_task_group.py took 0.088 seconds
[2025-04-25T16:36:45.474+0000] {processor.py:186} INFO - Started process (PID=945) to work on /home/airflow/.local/lib/python3.10/site-packages/airflow/example_dags/example_task_group.py
[2025-04-25T16:36:45.475+0000] {processor.py:914} INFO - Processing file /home/airflow/.local/lib/python3.10/site-packages/airflow/example_dags/example_task_group.py for tasks to queue
[2025-04-25T16:36:45.477+0000] {logging_mixin.py:190} INFO - [2025-04-25T16:36:45.477+0000] {dagbag.py:588} INFO - Filling up the DagBag from /home/airflow/.local/lib/python3.10/site-packages/airflow/example_dags/example_task_group.py
[2025-04-25T16:36:45.486+0000] {processor.py:925} INFO - DAG(s) 'example_task_group' retrieved from /home/airflow/.local/lib/python3.10/site-packages/airflow/example_dags/example_task_group.py
[2025-04-25T16:36:45.506+0000] {logging_mixin.py:190} INFO - [2025-04-25T16:36:45.506+0000] {dag.py:3239} INFO - Sync 1 DAGs
[2025-04-25T16:36:45.519+0000] {logging_mixin.py:190} INFO - [2025-04-25T16:36:45.519+0000] {dag.py:4180} INFO - Setting next_dagrun for example_task_group to None, run_after=None
[2025-04-25T16:36:45.535+0000] {processor.py:208} INFO - Processing /home/airflow/.local/lib/python3.10/site-packages/airflow/example_dags/example_task_group.py took 0.068 seconds
[2025-04-25T16:37:17.018+0000] {processor.py:186} INFO - Started process (PID=1011) to work on /home/airflow/.local/lib/python3.10/site-packages/airflow/example_dags/example_task_group.py
[2025-04-25T16:37:17.019+0000] {processor.py:914} INFO - Processing file /home/airflow/.local/lib/python3.10/site-packages/airflow/example_dags/example_task_group.py for tasks to queue
[2025-04-25T16:37:17.022+0000] {logging_mixin.py:190} INFO - [2025-04-25T16:37:17.021+0000] {dagbag.py:588} INFO - Filling up the DagBag from /home/airflow/.local/lib/python3.10/site-packages/airflow/example_dags/example_task_group.py
[2025-04-25T16:37:17.032+0000] {processor.py:925} INFO - DAG(s) 'example_task_group' retrieved from /home/airflow/.local/lib/python3.10/site-packages/airflow/example_dags/example_task_group.py
[2025-04-25T16:37:17.052+0000] {logging_mixin.py:190} INFO - [2025-04-25T16:37:17.052+0000] {dag.py:3239} INFO - Sync 1 DAGs
[2025-04-25T16:37:17.066+0000] {logging_mixin.py:190} INFO - [2025-04-25T16:37:17.066+0000] {dag.py:4180} INFO - Setting next_dagrun for example_task_group to None, run_after=None
[2025-04-25T16:37:17.083+0000] {processor.py:208} INFO - Processing /home/airflow/.local/lib/python3.10/site-packages/airflow/example_dags/example_task_group.py took 0.073 seconds
[2025-04-25T16:37:48.146+0000] {processor.py:186} INFO - Started process (PID=1077) to work on /home/airflow/.local/lib/python3.10/site-packages/airflow/example_dags/example_task_group.py
[2025-04-25T16:37:48.147+0000] {processor.py:914} INFO - Processing file /home/airflow/.local/lib/python3.10/site-packages/airflow/example_dags/example_task_group.py for tasks to queue
[2025-04-25T16:37:48.149+0000] {logging_mixin.py:190} INFO - [2025-04-25T16:37:48.148+0000] {dagbag.py:588} INFO - Filling up the DagBag from /home/airflow/.local/lib/python3.10/site-packages/airflow/example_dags/example_task_group.py
[2025-04-25T16:37:48.157+0000] {processor.py:925} INFO - DAG(s) 'example_task_group' retrieved from /home/airflow/.local/lib/python3.10/site-packages/airflow/example_dags/example_task_group.py
[2025-04-25T16:37:48.181+0000] {logging_mixin.py:190} INFO - [2025-04-25T16:37:48.181+0000] {dag.py:3239} INFO - Sync 1 DAGs
[2025-04-25T16:37:48.195+0000] {logging_mixin.py:190} INFO - [2025-04-25T16:37:48.195+0000] {dag.py:4180} INFO - Setting next_dagrun for example_task_group to None, run_after=None
[2025-04-25T16:37:48.214+0000] {processor.py:208} INFO - Processing /home/airflow/.local/lib/python3.10/site-packages/airflow/example_dags/example_task_group.py took 0.074 seconds
[2025-04-25T16:38:19.415+0000] {processor.py:186} INFO - Started process (PID=1143) to work on /home/airflow/.local/lib/python3.10/site-packages/airflow/example_dags/example_task_group.py
[2025-04-25T16:38:19.416+0000] {processor.py:914} INFO - Processing file /home/airflow/.local/lib/python3.10/site-packages/airflow/example_dags/example_task_group.py for tasks to queue
[2025-04-25T16:38:19.418+0000] {logging_mixin.py:190} INFO - [2025-04-25T16:38:19.418+0000] {dagbag.py:588} INFO - Filling up the DagBag from /home/airflow/.local/lib/python3.10/site-packages/airflow/example_dags/example_task_group.py
[2025-04-25T16:38:19.427+0000] {processor.py:925} INFO - DAG(s) 'example_task_group' retrieved from /home/airflow/.local/lib/python3.10/site-packages/airflow/example_dags/example_task_group.py
[2025-04-25T16:38:19.447+0000] {logging_mixin.py:190} INFO - [2025-04-25T16:38:19.447+0000] {dag.py:3239} INFO - Sync 1 DAGs
[2025-04-25T16:38:19.461+0000] {logging_mixin.py:190} INFO - [2025-04-25T16:38:19.461+0000] {dag.py:4180} INFO - Setting next_dagrun for example_task_group to None, run_after=None
[2025-04-25T16:38:19.478+0000] {processor.py:208} INFO - Processing /home/airflow/.local/lib/python3.10/site-packages/airflow/example_dags/example_task_group.py took 0.070 seconds
[2025-04-25T16:38:50.876+0000] {processor.py:186} INFO - Started process (PID=1209) to work on /home/airflow/.local/lib/python3.10/site-packages/airflow/example_dags/example_task_group.py
[2025-04-25T16:38:50.877+0000] {processor.py:914} INFO - Processing file /home/airflow/.local/lib/python3.10/site-packages/airflow/example_dags/example_task_group.py for tasks to queue
[2025-04-25T16:38:50.880+0000] {logging_mixin.py:190} INFO - [2025-04-25T16:38:50.880+0000] {dagbag.py:588} INFO - Filling up the DagBag from /home/airflow/.local/lib/python3.10/site-packages/airflow/example_dags/example_task_group.py
[2025-04-25T16:38:50.889+0000] {processor.py:925} INFO - DAG(s) 'example_task_group' retrieved from /home/airflow/.local/lib/python3.10/site-packages/airflow/example_dags/example_task_group.py
[2025-04-25T16:38:50.913+0000] {logging_mixin.py:190} INFO - [2025-04-25T16:38:50.913+0000] {dag.py:3239} INFO - Sync 1 DAGs
[2025-04-25T16:38:50.930+0000] {logging_mixin.py:190} INFO - [2025-04-25T16:38:50.930+0000] {dag.py:4180} INFO - Setting next_dagrun for example_task_group to None, run_after=None
[2025-04-25T16:38:50.956+0000] {processor.py:208} INFO - Processing /home/airflow/.local/lib/python3.10/site-packages/airflow/example_dags/example_task_group.py took 0.088 seconds
