[2025-04-25T16:30:03.477+0000] {processor.py:186} INFO - Started process (PID=74) to work on /home/airflow/.local/lib/python3.10/site-packages/airflow/example_dags/example_dataset_alias_with_no_taskflow.py
[2025-04-25T16:30:03.478+0000] {processor.py:914} INFO - Processing file /home/airflow/.local/lib/python3.10/site-packages/airflow/example_dags/example_dataset_alias_with_no_taskflow.py for tasks to queue
[2025-04-25T16:30:03.482+0000] {logging_mixin.py:190} INFO - [2025-04-25T16:30:03.481+0000] {dagbag.py:588} INFO - Filling up the DagBag from /home/airflow/.local/lib/python3.10/site-packages/airflow/example_dags/example_dataset_alias_with_no_taskflow.py
[2025-04-25T16:30:03.983+0000] {processor.py:925} INFO - DAG(s) 'dataset_alias_example_alias_producer_with_no_taskflow', 'dataset_s3_bucket_consumer_with_no_taskflow', 'dataset_s3_bucket_producer_with_no_taskflow', 'dataset_alias_example_alias_consumer_with_no_taskflow' retrieved from /home/airflow/.local/lib/python3.10/site-packages/airflow/example_dags/example_dataset_alias_with_no_taskflow.py
[2025-04-25T16:30:04.029+0000] {logging_mixin.py:190} INFO - [2025-04-25T16:30:04.028+0000] {dag.py:3239} INFO - Sync 4 DAGs
[2025-04-25T16:30:04.066+0000] {logging_mixin.py:190} INFO - [2025-04-25T16:30:04.066+0000] {dag.py:4180} INFO - Setting next_dagrun for dataset_alias_example_alias_consumer_with_no_taskflow to None, run_after=None
[2025-04-25T16:30:04.072+0000] {logging_mixin.py:190} INFO - [2025-04-25T16:30:04.071+0000] {dag.py:4180} INFO - Setting next_dagrun for dataset_alias_example_alias_producer_with_no_taskflow to None, run_after=None
[2025-04-25T16:30:04.075+0000] {logging_mixin.py:190} INFO - [2025-04-25T16:30:04.075+0000] {dag.py:4180} INFO - Setting next_dagrun for dataset_s3_bucket_consumer_with_no_taskflow to None, run_after=None
[2025-04-25T16:30:04.079+0000] {logging_mixin.py:190} INFO - [2025-04-25T16:30:04.078+0000] {dag.py:4180} INFO - Setting next_dagrun for dataset_s3_bucket_producer_with_no_taskflow to None, run_after=None
[2025-04-25T16:30:04.121+0000] {processor.py:208} INFO - Processing /home/airflow/.local/lib/python3.10/site-packages/airflow/example_dags/example_dataset_alias_with_no_taskflow.py took 0.653 seconds
[2025-04-25T16:30:34.912+0000] {processor.py:186} INFO - Started process (PID=141) to work on /home/airflow/.local/lib/python3.10/site-packages/airflow/example_dags/example_dataset_alias_with_no_taskflow.py
[2025-04-25T16:30:34.913+0000] {processor.py:914} INFO - Processing file /home/airflow/.local/lib/python3.10/site-packages/airflow/example_dags/example_dataset_alias_with_no_taskflow.py for tasks to queue
[2025-04-25T16:30:34.915+0000] {logging_mixin.py:190} INFO - [2025-04-25T16:30:34.914+0000] {dagbag.py:588} INFO - Filling up the DagBag from /home/airflow/.local/lib/python3.10/site-packages/airflow/example_dags/example_dataset_alias_with_no_taskflow.py
[2025-04-25T16:30:35.243+0000] {processor.py:925} INFO - DAG(s) 'dataset_alias_example_alias_producer_with_no_taskflow', 'dataset_s3_bucket_consumer_with_no_taskflow', 'dataset_s3_bucket_producer_with_no_taskflow', 'dataset_alias_example_alias_consumer_with_no_taskflow' retrieved from /home/airflow/.local/lib/python3.10/site-packages/airflow/example_dags/example_dataset_alias_with_no_taskflow.py
[2025-04-25T16:30:35.264+0000] {logging_mixin.py:190} INFO - [2025-04-25T16:30:35.264+0000] {dag.py:3239} INFO - Sync 4 DAGs
[2025-04-25T16:30:35.286+0000] {logging_mixin.py:190} INFO - [2025-04-25T16:30:35.286+0000] {dag.py:4180} INFO - Setting next_dagrun for dataset_alias_example_alias_consumer_with_no_taskflow to None, run_after=None
[2025-04-25T16:30:35.289+0000] {logging_mixin.py:190} INFO - [2025-04-25T16:30:35.289+0000] {dag.py:4180} INFO - Setting next_dagrun for dataset_alias_example_alias_producer_with_no_taskflow to None, run_after=None
[2025-04-25T16:30:35.291+0000] {logging_mixin.py:190} INFO - [2025-04-25T16:30:35.290+0000] {dag.py:4180} INFO - Setting next_dagrun for dataset_s3_bucket_consumer_with_no_taskflow to None, run_after=None
[2025-04-25T16:30:35.292+0000] {logging_mixin.py:190} INFO - [2025-04-25T16:30:35.292+0000] {dag.py:4180} INFO - Setting next_dagrun for dataset_s3_bucket_producer_with_no_taskflow to None, run_after=None
[2025-04-25T16:30:35.313+0000] {processor.py:208} INFO - Processing /home/airflow/.local/lib/python3.10/site-packages/airflow/example_dags/example_dataset_alias_with_no_taskflow.py took 0.407 seconds
[2025-04-25T16:31:05.455+0000] {processor.py:186} INFO - Started process (PID=211) to work on /home/airflow/.local/lib/python3.10/site-packages/airflow/example_dags/example_dataset_alias_with_no_taskflow.py
[2025-04-25T16:31:05.456+0000] {processor.py:914} INFO - Processing file /home/airflow/.local/lib/python3.10/site-packages/airflow/example_dags/example_dataset_alias_with_no_taskflow.py for tasks to queue
[2025-04-25T16:31:05.458+0000] {logging_mixin.py:190} INFO - [2025-04-25T16:31:05.458+0000] {dagbag.py:588} INFO - Filling up the DagBag from /home/airflow/.local/lib/python3.10/site-packages/airflow/example_dags/example_dataset_alias_with_no_taskflow.py
[2025-04-25T16:31:05.771+0000] {processor.py:925} INFO - DAG(s) 'dataset_s3_bucket_consumer_with_no_taskflow', 'dataset_alias_example_alias_consumer_with_no_taskflow', 'dataset_alias_example_alias_producer_with_no_taskflow', 'dataset_s3_bucket_producer_with_no_taskflow' retrieved from /home/airflow/.local/lib/python3.10/site-packages/airflow/example_dags/example_dataset_alias_with_no_taskflow.py
[2025-04-25T16:31:05.791+0000] {logging_mixin.py:190} INFO - [2025-04-25T16:31:05.791+0000] {dag.py:3239} INFO - Sync 4 DAGs
[2025-04-25T16:31:05.813+0000] {logging_mixin.py:190} INFO - [2025-04-25T16:31:05.813+0000] {dag.py:4180} INFO - Setting next_dagrun for dataset_alias_example_alias_consumer_with_no_taskflow to None, run_after=None
[2025-04-25T16:31:05.816+0000] {logging_mixin.py:190} INFO - [2025-04-25T16:31:05.816+0000] {dag.py:4180} INFO - Setting next_dagrun for dataset_alias_example_alias_producer_with_no_taskflow to None, run_after=None
[2025-04-25T16:31:05.817+0000] {logging_mixin.py:190} INFO - [2025-04-25T16:31:05.817+0000] {dag.py:4180} INFO - Setting next_dagrun for dataset_s3_bucket_consumer_with_no_taskflow to None, run_after=None
[2025-04-25T16:31:05.818+0000] {logging_mixin.py:190} INFO - [2025-04-25T16:31:05.818+0000] {dag.py:4180} INFO - Setting next_dagrun for dataset_s3_bucket_producer_with_no_taskflow to None, run_after=None
[2025-04-25T16:31:05.836+0000] {processor.py:208} INFO - Processing /home/airflow/.local/lib/python3.10/site-packages/airflow/example_dags/example_dataset_alias_with_no_taskflow.py took 0.388 seconds
[2025-04-25T16:31:36.130+0000] {processor.py:186} INFO - Started process (PID=276) to work on /home/airflow/.local/lib/python3.10/site-packages/airflow/example_dags/example_dataset_alias_with_no_taskflow.py
[2025-04-25T16:31:36.132+0000] {processor.py:914} INFO - Processing file /home/airflow/.local/lib/python3.10/site-packages/airflow/example_dags/example_dataset_alias_with_no_taskflow.py for tasks to queue
[2025-04-25T16:31:36.134+0000] {logging_mixin.py:190} INFO - [2025-04-25T16:31:36.134+0000] {dagbag.py:588} INFO - Filling up the DagBag from /home/airflow/.local/lib/python3.10/site-packages/airflow/example_dags/example_dataset_alias_with_no_taskflow.py
[2025-04-25T16:31:36.505+0000] {processor.py:925} INFO - DAG(s) 'dataset_alias_example_alias_producer_with_no_taskflow', 'dataset_s3_bucket_producer_with_no_taskflow', 'dataset_s3_bucket_consumer_with_no_taskflow', 'dataset_alias_example_alias_consumer_with_no_taskflow' retrieved from /home/airflow/.local/lib/python3.10/site-packages/airflow/example_dags/example_dataset_alias_with_no_taskflow.py
[2025-04-25T16:31:36.532+0000] {logging_mixin.py:190} INFO - [2025-04-25T16:31:36.531+0000] {dag.py:3239} INFO - Sync 4 DAGs
[2025-04-25T16:31:36.559+0000] {logging_mixin.py:190} INFO - [2025-04-25T16:31:36.558+0000] {dag.py:4180} INFO - Setting next_dagrun for dataset_alias_example_alias_consumer_with_no_taskflow to None, run_after=None
[2025-04-25T16:31:36.563+0000] {logging_mixin.py:190} INFO - [2025-04-25T16:31:36.562+0000] {dag.py:4180} INFO - Setting next_dagrun for dataset_alias_example_alias_producer_with_no_taskflow to None, run_after=None
[2025-04-25T16:31:36.565+0000] {logging_mixin.py:190} INFO - [2025-04-25T16:31:36.564+0000] {dag.py:4180} INFO - Setting next_dagrun for dataset_s3_bucket_consumer_with_no_taskflow to None, run_after=None
[2025-04-25T16:31:36.566+0000] {logging_mixin.py:190} INFO - [2025-04-25T16:31:36.566+0000] {dag.py:4180} INFO - Setting next_dagrun for dataset_s3_bucket_producer_with_no_taskflow to None, run_after=None
[2025-04-25T16:31:36.588+0000] {processor.py:208} INFO - Processing /home/airflow/.local/lib/python3.10/site-packages/airflow/example_dags/example_dataset_alias_with_no_taskflow.py took 0.464 seconds
[2025-04-25T16:32:07.471+0000] {processor.py:186} INFO - Started process (PID=342) to work on /home/airflow/.local/lib/python3.10/site-packages/airflow/example_dags/example_dataset_alias_with_no_taskflow.py
[2025-04-25T16:32:07.472+0000] {processor.py:914} INFO - Processing file /home/airflow/.local/lib/python3.10/site-packages/airflow/example_dags/example_dataset_alias_with_no_taskflow.py for tasks to queue
[2025-04-25T16:32:07.475+0000] {logging_mixin.py:190} INFO - [2025-04-25T16:32:07.474+0000] {dagbag.py:588} INFO - Filling up the DagBag from /home/airflow/.local/lib/python3.10/site-packages/airflow/example_dags/example_dataset_alias_with_no_taskflow.py
[2025-04-25T16:32:07.814+0000] {processor.py:925} INFO - DAG(s) 'dataset_alias_example_alias_producer_with_no_taskflow', 'dataset_s3_bucket_consumer_with_no_taskflow', 'dataset_s3_bucket_producer_with_no_taskflow', 'dataset_alias_example_alias_consumer_with_no_taskflow' retrieved from /home/airflow/.local/lib/python3.10/site-packages/airflow/example_dags/example_dataset_alias_with_no_taskflow.py
[2025-04-25T16:32:07.837+0000] {logging_mixin.py:190} INFO - [2025-04-25T16:32:07.836+0000] {dag.py:3239} INFO - Sync 4 DAGs
[2025-04-25T16:32:07.858+0000] {logging_mixin.py:190} INFO - [2025-04-25T16:32:07.858+0000] {dag.py:4180} INFO - Setting next_dagrun for dataset_alias_example_alias_consumer_with_no_taskflow to None, run_after=None
[2025-04-25T16:32:07.861+0000] {logging_mixin.py:190} INFO - [2025-04-25T16:32:07.861+0000] {dag.py:4180} INFO - Setting next_dagrun for dataset_alias_example_alias_producer_with_no_taskflow to None, run_after=None
[2025-04-25T16:32:07.863+0000] {logging_mixin.py:190} INFO - [2025-04-25T16:32:07.863+0000] {dag.py:4180} INFO - Setting next_dagrun for dataset_s3_bucket_consumer_with_no_taskflow to None, run_after=None
[2025-04-25T16:32:07.864+0000] {logging_mixin.py:190} INFO - [2025-04-25T16:32:07.864+0000] {dag.py:4180} INFO - Setting next_dagrun for dataset_s3_bucket_producer_with_no_taskflow to None, run_after=None
[2025-04-25T16:32:07.886+0000] {processor.py:208} INFO - Processing /home/airflow/.local/lib/python3.10/site-packages/airflow/example_dags/example_dataset_alias_with_no_taskflow.py took 0.421 seconds
[2025-04-25T16:32:38.476+0000] {processor.py:186} INFO - Started process (PID=408) to work on /home/airflow/.local/lib/python3.10/site-packages/airflow/example_dags/example_dataset_alias_with_no_taskflow.py
[2025-04-25T16:32:38.477+0000] {processor.py:914} INFO - Processing file /home/airflow/.local/lib/python3.10/site-packages/airflow/example_dags/example_dataset_alias_with_no_taskflow.py for tasks to queue
[2025-04-25T16:32:38.479+0000] {logging_mixin.py:190} INFO - [2025-04-25T16:32:38.479+0000] {dagbag.py:588} INFO - Filling up the DagBag from /home/airflow/.local/lib/python3.10/site-packages/airflow/example_dags/example_dataset_alias_with_no_taskflow.py
[2025-04-25T16:32:38.797+0000] {processor.py:925} INFO - DAG(s) 'dataset_s3_bucket_producer_with_no_taskflow', 'dataset_alias_example_alias_producer_with_no_taskflow', 'dataset_s3_bucket_consumer_with_no_taskflow', 'dataset_alias_example_alias_consumer_with_no_taskflow' retrieved from /home/airflow/.local/lib/python3.10/site-packages/airflow/example_dags/example_dataset_alias_with_no_taskflow.py
[2025-04-25T16:32:38.835+0000] {logging_mixin.py:190} INFO - [2025-04-25T16:32:38.834+0000] {dag.py:3239} INFO - Sync 4 DAGs
[2025-04-25T16:32:38.874+0000] {logging_mixin.py:190} INFO - [2025-04-25T16:32:38.873+0000] {dag.py:4180} INFO - Setting next_dagrun for dataset_alias_example_alias_consumer_with_no_taskflow to None, run_after=None
[2025-04-25T16:32:38.882+0000] {logging_mixin.py:190} INFO - [2025-04-25T16:32:38.881+0000] {dag.py:4180} INFO - Setting next_dagrun for dataset_alias_example_alias_producer_with_no_taskflow to None, run_after=None
[2025-04-25T16:32:38.887+0000] {logging_mixin.py:190} INFO - [2025-04-25T16:32:38.886+0000] {dag.py:4180} INFO - Setting next_dagrun for dataset_s3_bucket_consumer_with_no_taskflow to None, run_after=None
[2025-04-25T16:32:38.892+0000] {logging_mixin.py:190} INFO - [2025-04-25T16:32:38.891+0000] {dag.py:4180} INFO - Setting next_dagrun for dataset_s3_bucket_producer_with_no_taskflow to None, run_after=None
[2025-04-25T16:32:38.940+0000] {processor.py:208} INFO - Processing /home/airflow/.local/lib/python3.10/site-packages/airflow/example_dags/example_dataset_alias_with_no_taskflow.py took 0.470 seconds
[2025-04-25T16:33:09.843+0000] {processor.py:186} INFO - Started process (PID=477) to work on /home/airflow/.local/lib/python3.10/site-packages/airflow/example_dags/example_dataset_alias_with_no_taskflow.py
[2025-04-25T16:33:09.843+0000] {processor.py:914} INFO - Processing file /home/airflow/.local/lib/python3.10/site-packages/airflow/example_dags/example_dataset_alias_with_no_taskflow.py for tasks to queue
[2025-04-25T16:33:09.845+0000] {logging_mixin.py:190} INFO - [2025-04-25T16:33:09.845+0000] {dagbag.py:588} INFO - Filling up the DagBag from /home/airflow/.local/lib/python3.10/site-packages/airflow/example_dags/example_dataset_alias_with_no_taskflow.py
[2025-04-25T16:33:10.167+0000] {processor.py:925} INFO - DAG(s) 'dataset_alias_example_alias_consumer_with_no_taskflow', 'dataset_alias_example_alias_producer_with_no_taskflow', 'dataset_s3_bucket_consumer_with_no_taskflow', 'dataset_s3_bucket_producer_with_no_taskflow' retrieved from /home/airflow/.local/lib/python3.10/site-packages/airflow/example_dags/example_dataset_alias_with_no_taskflow.py
[2025-04-25T16:33:10.194+0000] {logging_mixin.py:190} INFO - [2025-04-25T16:33:10.193+0000] {dag.py:3239} INFO - Sync 4 DAGs
[2025-04-25T16:33:10.215+0000] {logging_mixin.py:190} INFO - [2025-04-25T16:33:10.215+0000] {dag.py:4180} INFO - Setting next_dagrun for dataset_alias_example_alias_consumer_with_no_taskflow to None, run_after=None
[2025-04-25T16:33:10.218+0000] {logging_mixin.py:190} INFO - [2025-04-25T16:33:10.218+0000] {dag.py:4180} INFO - Setting next_dagrun for dataset_alias_example_alias_producer_with_no_taskflow to None, run_after=None
[2025-04-25T16:33:10.219+0000] {logging_mixin.py:190} INFO - [2025-04-25T16:33:10.219+0000] {dag.py:4180} INFO - Setting next_dagrun for dataset_s3_bucket_consumer_with_no_taskflow to None, run_after=None
[2025-04-25T16:33:10.221+0000] {logging_mixin.py:190} INFO - [2025-04-25T16:33:10.220+0000] {dag.py:4180} INFO - Setting next_dagrun for dataset_s3_bucket_producer_with_no_taskflow to None, run_after=None
[2025-04-25T16:33:10.239+0000] {processor.py:208} INFO - Processing /home/airflow/.local/lib/python3.10/site-packages/airflow/example_dags/example_dataset_alias_with_no_taskflow.py took 0.402 seconds
[2025-04-25T16:33:40.635+0000] {processor.py:186} INFO - Started process (PID=549) to work on /home/airflow/.local/lib/python3.10/site-packages/airflow/example_dags/example_dataset_alias_with_no_taskflow.py
[2025-04-25T16:33:40.636+0000] {processor.py:914} INFO - Processing file /home/airflow/.local/lib/python3.10/site-packages/airflow/example_dags/example_dataset_alias_with_no_taskflow.py for tasks to queue
[2025-04-25T16:33:40.638+0000] {logging_mixin.py:190} INFO - [2025-04-25T16:33:40.638+0000] {dagbag.py:588} INFO - Filling up the DagBag from /home/airflow/.local/lib/python3.10/site-packages/airflow/example_dags/example_dataset_alias_with_no_taskflow.py
[2025-04-25T16:33:40.960+0000] {processor.py:925} INFO - DAG(s) 'dataset_alias_example_alias_producer_with_no_taskflow', 'dataset_s3_bucket_producer_with_no_taskflow', 'dataset_alias_example_alias_consumer_with_no_taskflow', 'dataset_s3_bucket_consumer_with_no_taskflow' retrieved from /home/airflow/.local/lib/python3.10/site-packages/airflow/example_dags/example_dataset_alias_with_no_taskflow.py
[2025-04-25T16:33:40.989+0000] {logging_mixin.py:190} INFO - [2025-04-25T16:33:40.988+0000] {dag.py:3239} INFO - Sync 4 DAGs
[2025-04-25T16:33:41.012+0000] {logging_mixin.py:190} INFO - [2025-04-25T16:33:41.012+0000] {dag.py:4180} INFO - Setting next_dagrun for dataset_alias_example_alias_consumer_with_no_taskflow to None, run_after=None
[2025-04-25T16:33:41.017+0000] {logging_mixin.py:190} INFO - [2025-04-25T16:33:41.016+0000] {dag.py:4180} INFO - Setting next_dagrun for dataset_alias_example_alias_producer_with_no_taskflow to None, run_after=None
[2025-04-25T16:33:41.018+0000] {logging_mixin.py:190} INFO - [2025-04-25T16:33:41.018+0000] {dag.py:4180} INFO - Setting next_dagrun for dataset_s3_bucket_consumer_with_no_taskflow to None, run_after=None
[2025-04-25T16:33:41.019+0000] {logging_mixin.py:190} INFO - [2025-04-25T16:33:41.019+0000] {dag.py:4180} INFO - Setting next_dagrun for dataset_s3_bucket_producer_with_no_taskflow to None, run_after=None
[2025-04-25T16:33:41.260+0000] {processor.py:208} INFO - Processing /home/airflow/.local/lib/python3.10/site-packages/airflow/example_dags/example_dataset_alias_with_no_taskflow.py took 0.632 seconds
[2025-04-25T16:34:11.317+0000] {processor.py:186} INFO - Started process (PID=615) to work on /home/airflow/.local/lib/python3.10/site-packages/airflow/example_dags/example_dataset_alias_with_no_taskflow.py
[2025-04-25T16:34:11.317+0000] {processor.py:914} INFO - Processing file /home/airflow/.local/lib/python3.10/site-packages/airflow/example_dags/example_dataset_alias_with_no_taskflow.py for tasks to queue
[2025-04-25T16:34:11.320+0000] {logging_mixin.py:190} INFO - [2025-04-25T16:34:11.320+0000] {dagbag.py:588} INFO - Filling up the DagBag from /home/airflow/.local/lib/python3.10/site-packages/airflow/example_dags/example_dataset_alias_with_no_taskflow.py
[2025-04-25T16:34:11.649+0000] {processor.py:925} INFO - DAG(s) 'dataset_alias_example_alias_producer_with_no_taskflow', 'dataset_s3_bucket_consumer_with_no_taskflow', 'dataset_s3_bucket_producer_with_no_taskflow', 'dataset_alias_example_alias_consumer_with_no_taskflow' retrieved from /home/airflow/.local/lib/python3.10/site-packages/airflow/example_dags/example_dataset_alias_with_no_taskflow.py
[2025-04-25T16:34:11.670+0000] {logging_mixin.py:190} INFO - [2025-04-25T16:34:11.670+0000] {dag.py:3239} INFO - Sync 4 DAGs
[2025-04-25T16:34:11.694+0000] {logging_mixin.py:190} INFO - [2025-04-25T16:34:11.694+0000] {dag.py:4180} INFO - Setting next_dagrun for dataset_alias_example_alias_consumer_with_no_taskflow to None, run_after=None
[2025-04-25T16:34:11.884+0000] {logging_mixin.py:190} INFO - [2025-04-25T16:34:11.884+0000] {dag.py:4180} INFO - Setting next_dagrun for dataset_alias_example_alias_producer_with_no_taskflow to None, run_after=None
[2025-04-25T16:34:11.886+0000] {logging_mixin.py:190} INFO - [2025-04-25T16:34:11.886+0000] {dag.py:4180} INFO - Setting next_dagrun for dataset_s3_bucket_consumer_with_no_taskflow to None, run_after=None
[2025-04-25T16:34:11.887+0000] {logging_mixin.py:190} INFO - [2025-04-25T16:34:11.887+0000] {dag.py:4180} INFO - Setting next_dagrun for dataset_s3_bucket_producer_with_no_taskflow to None, run_after=None
[2025-04-25T16:34:11.906+0000] {processor.py:208} INFO - Processing /home/airflow/.local/lib/python3.10/site-packages/airflow/example_dags/example_dataset_alias_with_no_taskflow.py took 0.596 seconds
[2025-04-25T16:34:42.169+0000] {processor.py:186} INFO - Started process (PID=684) to work on /home/airflow/.local/lib/python3.10/site-packages/airflow/example_dags/example_dataset_alias_with_no_taskflow.py
[2025-04-25T16:34:42.171+0000] {processor.py:914} INFO - Processing file /home/airflow/.local/lib/python3.10/site-packages/airflow/example_dags/example_dataset_alias_with_no_taskflow.py for tasks to queue
[2025-04-25T16:34:42.173+0000] {logging_mixin.py:190} INFO - [2025-04-25T16:34:42.173+0000] {dagbag.py:588} INFO - Filling up the DagBag from /home/airflow/.local/lib/python3.10/site-packages/airflow/example_dags/example_dataset_alias_with_no_taskflow.py
[2025-04-25T16:34:42.600+0000] {processor.py:925} INFO - DAG(s) 'dataset_s3_bucket_consumer_with_no_taskflow', 'dataset_alias_example_alias_producer_with_no_taskflow', 'dataset_alias_example_alias_consumer_with_no_taskflow', 'dataset_s3_bucket_producer_with_no_taskflow' retrieved from /home/airflow/.local/lib/python3.10/site-packages/airflow/example_dags/example_dataset_alias_with_no_taskflow.py
[2025-04-25T16:34:42.625+0000] {logging_mixin.py:190} INFO - [2025-04-25T16:34:42.625+0000] {dag.py:3239} INFO - Sync 4 DAGs
[2025-04-25T16:34:42.926+0000] {logging_mixin.py:190} INFO - [2025-04-25T16:34:42.926+0000] {dag.py:4180} INFO - Setting next_dagrun for dataset_alias_example_alias_consumer_with_no_taskflow to None, run_after=None
[2025-04-25T16:34:42.931+0000] {logging_mixin.py:190} INFO - [2025-04-25T16:34:42.931+0000] {dag.py:4180} INFO - Setting next_dagrun for dataset_alias_example_alias_producer_with_no_taskflow to None, run_after=None
[2025-04-25T16:34:42.934+0000] {logging_mixin.py:190} INFO - [2025-04-25T16:34:42.934+0000] {dag.py:4180} INFO - Setting next_dagrun for dataset_s3_bucket_consumer_with_no_taskflow to None, run_after=None
[2025-04-25T16:34:42.938+0000] {logging_mixin.py:190} INFO - [2025-04-25T16:34:42.938+0000] {dag.py:4180} INFO - Setting next_dagrun for dataset_s3_bucket_producer_with_no_taskflow to None, run_after=None
[2025-04-25T16:34:43.002+0000] {processor.py:208} INFO - Processing /home/airflow/.local/lib/python3.10/site-packages/airflow/example_dags/example_dataset_alias_with_no_taskflow.py took 0.839 seconds
[2025-04-25T16:35:14.272+0000] {processor.py:186} INFO - Started process (PID=757) to work on /home/airflow/.local/lib/python3.10/site-packages/airflow/example_dags/example_dataset_alias_with_no_taskflow.py
[2025-04-25T16:35:14.273+0000] {processor.py:914} INFO - Processing file /home/airflow/.local/lib/python3.10/site-packages/airflow/example_dags/example_dataset_alias_with_no_taskflow.py for tasks to queue
[2025-04-25T16:35:14.276+0000] {logging_mixin.py:190} INFO - [2025-04-25T16:35:14.276+0000] {dagbag.py:588} INFO - Filling up the DagBag from /home/airflow/.local/lib/python3.10/site-packages/airflow/example_dags/example_dataset_alias_with_no_taskflow.py
[2025-04-25T16:35:14.809+0000] {processor.py:925} INFO - DAG(s) 'dataset_s3_bucket_consumer_with_no_taskflow', 'dataset_alias_example_alias_consumer_with_no_taskflow', 'dataset_alias_example_alias_producer_with_no_taskflow', 'dataset_s3_bucket_producer_with_no_taskflow' retrieved from /home/airflow/.local/lib/python3.10/site-packages/airflow/example_dags/example_dataset_alias_with_no_taskflow.py
[2025-04-25T16:35:14.854+0000] {logging_mixin.py:190} INFO - [2025-04-25T16:35:14.853+0000] {dag.py:3239} INFO - Sync 4 DAGs
[2025-04-25T16:35:15.567+0000] {logging_mixin.py:190} INFO - [2025-04-25T16:35:15.566+0000] {dag.py:4180} INFO - Setting next_dagrun for dataset_alias_example_alias_consumer_with_no_taskflow to None, run_after=None
[2025-04-25T16:35:15.572+0000] {logging_mixin.py:190} INFO - [2025-04-25T16:35:15.571+0000] {dag.py:4180} INFO - Setting next_dagrun for dataset_alias_example_alias_producer_with_no_taskflow to None, run_after=None
[2025-04-25T16:35:15.575+0000] {logging_mixin.py:190} INFO - [2025-04-25T16:35:15.574+0000] {dag.py:4180} INFO - Setting next_dagrun for dataset_s3_bucket_consumer_with_no_taskflow to None, run_after=None
[2025-04-25T16:35:15.577+0000] {logging_mixin.py:190} INFO - [2025-04-25T16:35:15.576+0000] {dag.py:4180} INFO - Setting next_dagrun for dataset_s3_bucket_producer_with_no_taskflow to None, run_after=None
[2025-04-25T16:35:15.606+0000] {processor.py:208} INFO - Processing /home/airflow/.local/lib/python3.10/site-packages/airflow/example_dags/example_dataset_alias_with_no_taskflow.py took 1.344 seconds
[2025-04-25T16:35:46.324+0000] {processor.py:186} INFO - Started process (PID=831) to work on /home/airflow/.local/lib/python3.10/site-packages/airflow/example_dags/example_dataset_alias_with_no_taskflow.py
[2025-04-25T16:35:46.325+0000] {processor.py:914} INFO - Processing file /home/airflow/.local/lib/python3.10/site-packages/airflow/example_dags/example_dataset_alias_with_no_taskflow.py for tasks to queue
[2025-04-25T16:35:46.328+0000] {logging_mixin.py:190} INFO - [2025-04-25T16:35:46.327+0000] {dagbag.py:588} INFO - Filling up the DagBag from /home/airflow/.local/lib/python3.10/site-packages/airflow/example_dags/example_dataset_alias_with_no_taskflow.py
[2025-04-25T16:35:46.687+0000] {processor.py:925} INFO - DAG(s) 'dataset_alias_example_alias_producer_with_no_taskflow', 'dataset_alias_example_alias_consumer_with_no_taskflow', 'dataset_s3_bucket_producer_with_no_taskflow', 'dataset_s3_bucket_consumer_with_no_taskflow' retrieved from /home/airflow/.local/lib/python3.10/site-packages/airflow/example_dags/example_dataset_alias_with_no_taskflow.py
[2025-04-25T16:35:46.714+0000] {logging_mixin.py:190} INFO - [2025-04-25T16:35:46.713+0000] {dag.py:3239} INFO - Sync 4 DAGs
[2025-04-25T16:35:46.957+0000] {logging_mixin.py:190} INFO - [2025-04-25T16:35:46.956+0000] {dag.py:4180} INFO - Setting next_dagrun for dataset_alias_example_alias_consumer_with_no_taskflow to None, run_after=None
[2025-04-25T16:35:46.961+0000] {logging_mixin.py:190} INFO - [2025-04-25T16:35:46.961+0000] {dag.py:4180} INFO - Setting next_dagrun for dataset_alias_example_alias_producer_with_no_taskflow to None, run_after=None
[2025-04-25T16:35:46.965+0000] {logging_mixin.py:190} INFO - [2025-04-25T16:35:46.964+0000] {dag.py:4180} INFO - Setting next_dagrun for dataset_s3_bucket_consumer_with_no_taskflow to None, run_after=None
[2025-04-25T16:35:46.968+0000] {logging_mixin.py:190} INFO - [2025-04-25T16:35:46.967+0000] {dag.py:4180} INFO - Setting next_dagrun for dataset_s3_bucket_producer_with_no_taskflow to None, run_after=None
[2025-04-25T16:35:46.997+0000] {processor.py:208} INFO - Processing /home/airflow/.local/lib/python3.10/site-packages/airflow/example_dags/example_dataset_alias_with_no_taskflow.py took 0.681 seconds
[2025-04-25T16:36:17.070+0000] {processor.py:186} INFO - Started process (PID=902) to work on /home/airflow/.local/lib/python3.10/site-packages/airflow/example_dags/example_dataset_alias_with_no_taskflow.py
[2025-04-25T16:36:17.072+0000] {processor.py:914} INFO - Processing file /home/airflow/.local/lib/python3.10/site-packages/airflow/example_dags/example_dataset_alias_with_no_taskflow.py for tasks to queue
[2025-04-25T16:36:17.074+0000] {logging_mixin.py:190} INFO - [2025-04-25T16:36:17.074+0000] {dagbag.py:588} INFO - Filling up the DagBag from /home/airflow/.local/lib/python3.10/site-packages/airflow/example_dags/example_dataset_alias_with_no_taskflow.py
[2025-04-25T16:36:17.452+0000] {processor.py:925} INFO - DAG(s) 'dataset_s3_bucket_consumer_with_no_taskflow', 'dataset_s3_bucket_producer_with_no_taskflow', 'dataset_alias_example_alias_producer_with_no_taskflow', 'dataset_alias_example_alias_consumer_with_no_taskflow' retrieved from /home/airflow/.local/lib/python3.10/site-packages/airflow/example_dags/example_dataset_alias_with_no_taskflow.py
[2025-04-25T16:36:17.493+0000] {logging_mixin.py:190} INFO - [2025-04-25T16:36:17.492+0000] {dag.py:3239} INFO - Sync 4 DAGs
[2025-04-25T16:36:17.707+0000] {logging_mixin.py:190} INFO - [2025-04-25T16:36:17.707+0000] {dag.py:4180} INFO - Setting next_dagrun for dataset_alias_example_alias_consumer_with_no_taskflow to None, run_after=None
[2025-04-25T16:36:17.712+0000] {logging_mixin.py:190} INFO - [2025-04-25T16:36:17.711+0000] {dag.py:4180} INFO - Setting next_dagrun for dataset_alias_example_alias_producer_with_no_taskflow to None, run_after=None
[2025-04-25T16:36:17.714+0000] {logging_mixin.py:190} INFO - [2025-04-25T16:36:17.714+0000] {dag.py:4180} INFO - Setting next_dagrun for dataset_s3_bucket_consumer_with_no_taskflow to None, run_after=None
[2025-04-25T16:36:17.717+0000] {logging_mixin.py:190} INFO - [2025-04-25T16:36:17.717+0000] {dag.py:4180} INFO - Setting next_dagrun for dataset_s3_bucket_producer_with_no_taskflow to None, run_after=None
[2025-04-25T16:36:17.748+0000] {processor.py:208} INFO - Processing /home/airflow/.local/lib/python3.10/site-packages/airflow/example_dags/example_dataset_alias_with_no_taskflow.py took 0.683 seconds
[2025-04-25T16:36:48.442+0000] {processor.py:186} INFO - Started process (PID=969) to work on /home/airflow/.local/lib/python3.10/site-packages/airflow/example_dags/example_dataset_alias_with_no_taskflow.py
[2025-04-25T16:36:48.443+0000] {processor.py:914} INFO - Processing file /home/airflow/.local/lib/python3.10/site-packages/airflow/example_dags/example_dataset_alias_with_no_taskflow.py for tasks to queue
[2025-04-25T16:36:48.445+0000] {logging_mixin.py:190} INFO - [2025-04-25T16:36:48.445+0000] {dagbag.py:588} INFO - Filling up the DagBag from /home/airflow/.local/lib/python3.10/site-packages/airflow/example_dags/example_dataset_alias_with_no_taskflow.py
[2025-04-25T16:36:48.758+0000] {processor.py:925} INFO - DAG(s) 'dataset_s3_bucket_consumer_with_no_taskflow', 'dataset_s3_bucket_producer_with_no_taskflow', 'dataset_alias_example_alias_producer_with_no_taskflow', 'dataset_alias_example_alias_consumer_with_no_taskflow' retrieved from /home/airflow/.local/lib/python3.10/site-packages/airflow/example_dags/example_dataset_alias_with_no_taskflow.py
[2025-04-25T16:36:48.962+0000] {logging_mixin.py:190} INFO - [2025-04-25T16:36:48.961+0000] {dag.py:3239} INFO - Sync 4 DAGs
[2025-04-25T16:36:48.984+0000] {logging_mixin.py:190} INFO - [2025-04-25T16:36:48.984+0000] {dag.py:4180} INFO - Setting next_dagrun for dataset_alias_example_alias_consumer_with_no_taskflow to None, run_after=None
[2025-04-25T16:36:48.987+0000] {logging_mixin.py:190} INFO - [2025-04-25T16:36:48.987+0000] {dag.py:4180} INFO - Setting next_dagrun for dataset_alias_example_alias_producer_with_no_taskflow to None, run_after=None
[2025-04-25T16:36:48.988+0000] {logging_mixin.py:190} INFO - [2025-04-25T16:36:48.988+0000] {dag.py:4180} INFO - Setting next_dagrun for dataset_s3_bucket_consumer_with_no_taskflow to None, run_after=None
[2025-04-25T16:36:48.990+0000] {logging_mixin.py:190} INFO - [2025-04-25T16:36:48.990+0000] {dag.py:4180} INFO - Setting next_dagrun for dataset_s3_bucket_producer_with_no_taskflow to None, run_after=None
[2025-04-25T16:36:49.010+0000] {processor.py:208} INFO - Processing /home/airflow/.local/lib/python3.10/site-packages/airflow/example_dags/example_dataset_alias_with_no_taskflow.py took 0.576 seconds
[2025-04-25T16:37:19.330+0000] {processor.py:186} INFO - Started process (PID=1035) to work on /home/airflow/.local/lib/python3.10/site-packages/airflow/example_dags/example_dataset_alias_with_no_taskflow.py
[2025-04-25T16:37:19.331+0000] {processor.py:914} INFO - Processing file /home/airflow/.local/lib/python3.10/site-packages/airflow/example_dags/example_dataset_alias_with_no_taskflow.py for tasks to queue
[2025-04-25T16:37:19.334+0000] {logging_mixin.py:190} INFO - [2025-04-25T16:37:19.333+0000] {dagbag.py:588} INFO - Filling up the DagBag from /home/airflow/.local/lib/python3.10/site-packages/airflow/example_dags/example_dataset_alias_with_no_taskflow.py
[2025-04-25T16:37:19.694+0000] {processor.py:925} INFO - DAG(s) 'dataset_alias_example_alias_consumer_with_no_taskflow', 'dataset_alias_example_alias_producer_with_no_taskflow', 'dataset_s3_bucket_producer_with_no_taskflow', 'dataset_s3_bucket_consumer_with_no_taskflow' retrieved from /home/airflow/.local/lib/python3.10/site-packages/airflow/example_dags/example_dataset_alias_with_no_taskflow.py
[2025-04-25T16:37:19.924+0000] {logging_mixin.py:190} INFO - [2025-04-25T16:37:19.923+0000] {dag.py:3239} INFO - Sync 4 DAGs
[2025-04-25T16:37:19.945+0000] {logging_mixin.py:190} INFO - [2025-04-25T16:37:19.945+0000] {dag.py:4180} INFO - Setting next_dagrun for dataset_alias_example_alias_consumer_with_no_taskflow to None, run_after=None
[2025-04-25T16:37:19.949+0000] {logging_mixin.py:190} INFO - [2025-04-25T16:37:19.949+0000] {dag.py:4180} INFO - Setting next_dagrun for dataset_alias_example_alias_producer_with_no_taskflow to None, run_after=None
[2025-04-25T16:37:19.951+0000] {logging_mixin.py:190} INFO - [2025-04-25T16:37:19.951+0000] {dag.py:4180} INFO - Setting next_dagrun for dataset_s3_bucket_consumer_with_no_taskflow to None, run_after=None
[2025-04-25T16:37:19.952+0000] {logging_mixin.py:190} INFO - [2025-04-25T16:37:19.952+0000] {dag.py:4180} INFO - Setting next_dagrun for dataset_s3_bucket_producer_with_no_taskflow to None, run_after=None
[2025-04-25T16:37:19.977+0000] {processor.py:208} INFO - Processing /home/airflow/.local/lib/python3.10/site-packages/airflow/example_dags/example_dataset_alias_with_no_taskflow.py took 0.654 seconds
[2025-04-25T16:37:50.078+0000] {processor.py:186} INFO - Started process (PID=1103) to work on /home/airflow/.local/lib/python3.10/site-packages/airflow/example_dags/example_dataset_alias_with_no_taskflow.py
[2025-04-25T16:37:50.079+0000] {processor.py:914} INFO - Processing file /home/airflow/.local/lib/python3.10/site-packages/airflow/example_dags/example_dataset_alias_with_no_taskflow.py for tasks to queue
[2025-04-25T16:37:50.082+0000] {logging_mixin.py:190} INFO - [2025-04-25T16:37:50.082+0000] {dagbag.py:588} INFO - Filling up the DagBag from /home/airflow/.local/lib/python3.10/site-packages/airflow/example_dags/example_dataset_alias_with_no_taskflow.py
[2025-04-25T16:37:50.458+0000] {processor.py:925} INFO - DAG(s) 'dataset_s3_bucket_consumer_with_no_taskflow', 'dataset_alias_example_alias_producer_with_no_taskflow', 'dataset_alias_example_alias_consumer_with_no_taskflow', 'dataset_s3_bucket_producer_with_no_taskflow' retrieved from /home/airflow/.local/lib/python3.10/site-packages/airflow/example_dags/example_dataset_alias_with_no_taskflow.py
[2025-04-25T16:37:50.758+0000] {logging_mixin.py:190} INFO - [2025-04-25T16:37:50.757+0000] {dag.py:3239} INFO - Sync 4 DAGs
[2025-04-25T16:37:50.780+0000] {logging_mixin.py:190} INFO - [2025-04-25T16:37:50.780+0000] {dag.py:4180} INFO - Setting next_dagrun for dataset_alias_example_alias_consumer_with_no_taskflow to None, run_after=None
[2025-04-25T16:37:50.784+0000] {logging_mixin.py:190} INFO - [2025-04-25T16:37:50.783+0000] {dag.py:4180} INFO - Setting next_dagrun for dataset_alias_example_alias_producer_with_no_taskflow to None, run_after=None
[2025-04-25T16:37:50.785+0000] {logging_mixin.py:190} INFO - [2025-04-25T16:37:50.785+0000] {dag.py:4180} INFO - Setting next_dagrun for dataset_s3_bucket_consumer_with_no_taskflow to None, run_after=None
[2025-04-25T16:37:50.787+0000] {logging_mixin.py:190} INFO - [2025-04-25T16:37:50.787+0000] {dag.py:4180} INFO - Setting next_dagrun for dataset_s3_bucket_producer_with_no_taskflow to None, run_after=None
[2025-04-25T16:37:50.813+0000] {processor.py:208} INFO - Processing /home/airflow/.local/lib/python3.10/site-packages/airflow/example_dags/example_dataset_alias_with_no_taskflow.py took 0.742 seconds
[2025-04-25T16:38:21.655+0000] {processor.py:186} INFO - Started process (PID=1171) to work on /home/airflow/.local/lib/python3.10/site-packages/airflow/example_dags/example_dataset_alias_with_no_taskflow.py
[2025-04-25T16:38:21.656+0000] {processor.py:914} INFO - Processing file /home/airflow/.local/lib/python3.10/site-packages/airflow/example_dags/example_dataset_alias_with_no_taskflow.py for tasks to queue
[2025-04-25T16:38:21.659+0000] {logging_mixin.py:190} INFO - [2025-04-25T16:38:21.658+0000] {dagbag.py:588} INFO - Filling up the DagBag from /home/airflow/.local/lib/python3.10/site-packages/airflow/example_dags/example_dataset_alias_with_no_taskflow.py
[2025-04-25T16:38:22.191+0000] {processor.py:925} INFO - DAG(s) 'dataset_alias_example_alias_consumer_with_no_taskflow', 'dataset_s3_bucket_producer_with_no_taskflow', 'dataset_alias_example_alias_producer_with_no_taskflow', 'dataset_s3_bucket_consumer_with_no_taskflow' retrieved from /home/airflow/.local/lib/python3.10/site-packages/airflow/example_dags/example_dataset_alias_with_no_taskflow.py
[2025-04-25T16:38:22.213+0000] {logging_mixin.py:190} INFO - [2025-04-25T16:38:22.213+0000] {dag.py:3239} INFO - Sync 4 DAGs
[2025-04-25T16:38:22.234+0000] {logging_mixin.py:190} INFO - [2025-04-25T16:38:22.233+0000] {dag.py:4180} INFO - Setting next_dagrun for dataset_alias_example_alias_consumer_with_no_taskflow to None, run_after=None
[2025-04-25T16:38:22.237+0000] {logging_mixin.py:190} INFO - [2025-04-25T16:38:22.236+0000] {dag.py:4180} INFO - Setting next_dagrun for dataset_alias_example_alias_producer_with_no_taskflow to None, run_after=None
[2025-04-25T16:38:22.238+0000] {logging_mixin.py:190} INFO - [2025-04-25T16:38:22.238+0000] {dag.py:4180} INFO - Setting next_dagrun for dataset_s3_bucket_consumer_with_no_taskflow to None, run_after=None
[2025-04-25T16:38:22.239+0000] {logging_mixin.py:190} INFO - [2025-04-25T16:38:22.239+0000] {dag.py:4180} INFO - Setting next_dagrun for dataset_s3_bucket_producer_with_no_taskflow to None, run_after=None
[2025-04-25T16:38:22.265+0000] {processor.py:208} INFO - Processing /home/airflow/.local/lib/python3.10/site-packages/airflow/example_dags/example_dataset_alias_with_no_taskflow.py took 0.616 seconds
[2025-04-25T16:38:52.803+0000] {processor.py:186} INFO - Started process (PID=1230) to work on /home/airflow/.local/lib/python3.10/site-packages/airflow/example_dags/example_dataset_alias_with_no_taskflow.py
[2025-04-25T16:38:52.804+0000] {processor.py:914} INFO - Processing file /home/airflow/.local/lib/python3.10/site-packages/airflow/example_dags/example_dataset_alias_with_no_taskflow.py for tasks to queue
[2025-04-25T16:38:52.806+0000] {logging_mixin.py:190} INFO - [2025-04-25T16:38:52.806+0000] {dagbag.py:588} INFO - Filling up the DagBag from /home/airflow/.local/lib/python3.10/site-packages/airflow/example_dags/example_dataset_alias_with_no_taskflow.py
[2025-04-25T16:38:53.348+0000] {processor.py:925} INFO - DAG(s) 'dataset_s3_bucket_consumer_with_no_taskflow', 'dataset_s3_bucket_producer_with_no_taskflow', 'dataset_alias_example_alias_consumer_with_no_taskflow', 'dataset_alias_example_alias_producer_with_no_taskflow' retrieved from /home/airflow/.local/lib/python3.10/site-packages/airflow/example_dags/example_dataset_alias_with_no_taskflow.py
[2025-04-25T16:38:53.371+0000] {logging_mixin.py:190} INFO - [2025-04-25T16:38:53.371+0000] {dag.py:3239} INFO - Sync 4 DAGs
[2025-04-25T16:38:53.393+0000] {logging_mixin.py:190} INFO - [2025-04-25T16:38:53.393+0000] {dag.py:4180} INFO - Setting next_dagrun for dataset_alias_example_alias_consumer_with_no_taskflow to None, run_after=None
[2025-04-25T16:38:53.397+0000] {logging_mixin.py:190} INFO - [2025-04-25T16:38:53.396+0000] {dag.py:4180} INFO - Setting next_dagrun for dataset_alias_example_alias_producer_with_no_taskflow to None, run_after=None
[2025-04-25T16:38:53.398+0000] {logging_mixin.py:190} INFO - [2025-04-25T16:38:53.398+0000] {dag.py:4180} INFO - Setting next_dagrun for dataset_s3_bucket_consumer_with_no_taskflow to None, run_after=None
[2025-04-25T16:38:53.400+0000] {logging_mixin.py:190} INFO - [2025-04-25T16:38:53.400+0000] {dag.py:4180} INFO - Setting next_dagrun for dataset_s3_bucket_producer_with_no_taskflow to None, run_after=None
[2025-04-25T16:38:53.422+0000] {processor.py:208} INFO - Processing /home/airflow/.local/lib/python3.10/site-packages/airflow/example_dags/example_dataset_alias_with_no_taskflow.py took 0.625 seconds
