[2025-04-25T16:30:02.828+0000] {processor.py:186} INFO - Started process (PID=69) to work on /home/airflow/.local/lib/python3.10/site-packages/airflow/example_dags/example_complex.py
[2025-04-25T16:30:02.829+0000] {processor.py:914} INFO - Processing file /home/airflow/.local/lib/python3.10/site-packages/airflow/example_dags/example_complex.py for tasks to queue
[2025-04-25T16:30:02.832+0000] {logging_mixin.py:190} INFO - [2025-04-25T16:30:02.832+0000] {dagbag.py:588} INFO - Filling up the DagBag from /home/airflow/.local/lib/python3.10/site-packages/airflow/example_dags/example_complex.py
[2025-04-25T16:30:02.852+0000] {processor.py:925} INFO - DAG(s) 'example_complex' retrieved from /home/airflow/.local/lib/python3.10/site-packages/airflow/example_dags/example_complex.py
[2025-04-25T16:30:02.910+0000] {logging_mixin.py:190} INFO - [2025-04-25T16:30:02.909+0000] {dag.py:3239} INFO - Sync 1 DAGs
[2025-04-25T16:30:02.938+0000] {logging_mixin.py:190} INFO - [2025-04-25T16:30:02.938+0000] {dag.py:4180} INFO - Setting next_dagrun for example_complex to None, run_after=None
[2025-04-25T16:30:02.969+0000] {processor.py:208} INFO - Processing /home/airflow/.local/lib/python3.10/site-packages/airflow/example_dags/example_complex.py took 0.148 seconds
[2025-04-25T16:30:33.071+0000] {processor.py:186} INFO - Started process (PID=134) to work on /home/airflow/.local/lib/python3.10/site-packages/airflow/example_dags/example_complex.py
[2025-04-25T16:30:33.072+0000] {processor.py:914} INFO - Processing file /home/airflow/.local/lib/python3.10/site-packages/airflow/example_dags/example_complex.py for tasks to queue
[2025-04-25T16:30:33.074+0000] {logging_mixin.py:190} INFO - [2025-04-25T16:30:33.074+0000] {dagbag.py:588} INFO - Filling up the DagBag from /home/airflow/.local/lib/python3.10/site-packages/airflow/example_dags/example_complex.py
[2025-04-25T16:30:33.088+0000] {processor.py:925} INFO - DAG(s) 'example_complex' retrieved from /home/airflow/.local/lib/python3.10/site-packages/airflow/example_dags/example_complex.py
[2025-04-25T16:30:33.121+0000] {logging_mixin.py:190} INFO - [2025-04-25T16:30:33.120+0000] {dag.py:3239} INFO - Sync 1 DAGs
[2025-04-25T16:30:33.137+0000] {logging_mixin.py:190} INFO - [2025-04-25T16:30:33.137+0000] {dag.py:4180} INFO - Setting next_dagrun for example_complex to None, run_after=None
[2025-04-25T16:30:33.156+0000] {processor.py:208} INFO - Processing /home/airflow/.local/lib/python3.10/site-packages/airflow/example_dags/example_complex.py took 0.092 seconds
[2025-04-25T16:31:03.538+0000] {processor.py:186} INFO - Started process (PID=200) to work on /home/airflow/.local/lib/python3.10/site-packages/airflow/example_dags/example_complex.py
[2025-04-25T16:31:03.539+0000] {processor.py:914} INFO - Processing file /home/airflow/.local/lib/python3.10/site-packages/airflow/example_dags/example_complex.py for tasks to queue
[2025-04-25T16:31:03.541+0000] {logging_mixin.py:190} INFO - [2025-04-25T16:31:03.540+0000] {dagbag.py:588} INFO - Filling up the DagBag from /home/airflow/.local/lib/python3.10/site-packages/airflow/example_dags/example_complex.py
[2025-04-25T16:31:03.553+0000] {processor.py:925} INFO - DAG(s) 'example_complex' retrieved from /home/airflow/.local/lib/python3.10/site-packages/airflow/example_dags/example_complex.py
[2025-04-25T16:31:03.584+0000] {logging_mixin.py:190} INFO - [2025-04-25T16:31:03.583+0000] {dag.py:3239} INFO - Sync 1 DAGs
[2025-04-25T16:31:03.597+0000] {logging_mixin.py:190} INFO - [2025-04-25T16:31:03.597+0000] {dag.py:4180} INFO - Setting next_dagrun for example_complex to None, run_after=None
[2025-04-25T16:31:03.614+0000] {processor.py:208} INFO - Processing /home/airflow/.local/lib/python3.10/site-packages/airflow/example_dags/example_complex.py took 0.083 seconds
[2025-04-25T16:31:34.277+0000] {processor.py:186} INFO - Started process (PID=266) to work on /home/airflow/.local/lib/python3.10/site-packages/airflow/example_dags/example_complex.py
[2025-04-25T16:31:34.278+0000] {processor.py:914} INFO - Processing file /home/airflow/.local/lib/python3.10/site-packages/airflow/example_dags/example_complex.py for tasks to queue
[2025-04-25T16:31:34.280+0000] {logging_mixin.py:190} INFO - [2025-04-25T16:31:34.280+0000] {dagbag.py:588} INFO - Filling up the DagBag from /home/airflow/.local/lib/python3.10/site-packages/airflow/example_dags/example_complex.py
[2025-04-25T16:31:34.293+0000] {processor.py:925} INFO - DAG(s) 'example_complex' retrieved from /home/airflow/.local/lib/python3.10/site-packages/airflow/example_dags/example_complex.py
[2025-04-25T16:31:34.323+0000] {logging_mixin.py:190} INFO - [2025-04-25T16:31:34.323+0000] {dag.py:3239} INFO - Sync 1 DAGs
[2025-04-25T16:31:34.336+0000] {logging_mixin.py:190} INFO - [2025-04-25T16:31:34.336+0000] {dag.py:4180} INFO - Setting next_dagrun for example_complex to None, run_after=None
[2025-04-25T16:31:34.353+0000] {processor.py:208} INFO - Processing /home/airflow/.local/lib/python3.10/site-packages/airflow/example_dags/example_complex.py took 0.082 seconds
[2025-04-25T16:32:05.768+0000] {processor.py:186} INFO - Started process (PID=332) to work on /home/airflow/.local/lib/python3.10/site-packages/airflow/example_dags/example_complex.py
[2025-04-25T16:32:05.769+0000] {processor.py:914} INFO - Processing file /home/airflow/.local/lib/python3.10/site-packages/airflow/example_dags/example_complex.py for tasks to queue
[2025-04-25T16:32:05.771+0000] {logging_mixin.py:190} INFO - [2025-04-25T16:32:05.771+0000] {dagbag.py:588} INFO - Filling up the DagBag from /home/airflow/.local/lib/python3.10/site-packages/airflow/example_dags/example_complex.py
[2025-04-25T16:32:05.783+0000] {processor.py:925} INFO - DAG(s) 'example_complex' retrieved from /home/airflow/.local/lib/python3.10/site-packages/airflow/example_dags/example_complex.py
[2025-04-25T16:32:05.822+0000] {logging_mixin.py:190} INFO - [2025-04-25T16:32:05.821+0000] {dag.py:3239} INFO - Sync 1 DAGs
[2025-04-25T16:32:05.836+0000] {logging_mixin.py:190} INFO - [2025-04-25T16:32:05.836+0000] {dag.py:4180} INFO - Setting next_dagrun for example_complex to None, run_after=None
[2025-04-25T16:32:05.859+0000] {processor.py:208} INFO - Processing /home/airflow/.local/lib/python3.10/site-packages/airflow/example_dags/example_complex.py took 0.096 seconds
[2025-04-25T16:32:36.761+0000] {processor.py:186} INFO - Started process (PID=399) to work on /home/airflow/.local/lib/python3.10/site-packages/airflow/example_dags/example_complex.py
[2025-04-25T16:32:36.762+0000] {processor.py:914} INFO - Processing file /home/airflow/.local/lib/python3.10/site-packages/airflow/example_dags/example_complex.py for tasks to queue
[2025-04-25T16:32:36.764+0000] {logging_mixin.py:190} INFO - [2025-04-25T16:32:36.764+0000] {dagbag.py:588} INFO - Filling up the DagBag from /home/airflow/.local/lib/python3.10/site-packages/airflow/example_dags/example_complex.py
[2025-04-25T16:32:36.778+0000] {processor.py:925} INFO - DAG(s) 'example_complex' retrieved from /home/airflow/.local/lib/python3.10/site-packages/airflow/example_dags/example_complex.py
[2025-04-25T16:32:36.814+0000] {logging_mixin.py:190} INFO - [2025-04-25T16:32:36.814+0000] {dag.py:3239} INFO - Sync 1 DAGs
[2025-04-25T16:32:36.830+0000] {logging_mixin.py:190} INFO - [2025-04-25T16:32:36.830+0000] {dag.py:4180} INFO - Setting next_dagrun for example_complex to None, run_after=None
[2025-04-25T16:32:36.850+0000] {processor.py:208} INFO - Processing /home/airflow/.local/lib/python3.10/site-packages/airflow/example_dags/example_complex.py took 0.096 seconds
[2025-04-25T16:33:07.934+0000] {processor.py:186} INFO - Started process (PID=465) to work on /home/airflow/.local/lib/python3.10/site-packages/airflow/example_dags/example_complex.py
[2025-04-25T16:33:07.935+0000] {processor.py:914} INFO - Processing file /home/airflow/.local/lib/python3.10/site-packages/airflow/example_dags/example_complex.py for tasks to queue
[2025-04-25T16:33:07.937+0000] {logging_mixin.py:190} INFO - [2025-04-25T16:33:07.937+0000] {dagbag.py:588} INFO - Filling up the DagBag from /home/airflow/.local/lib/python3.10/site-packages/airflow/example_dags/example_complex.py
[2025-04-25T16:33:07.956+0000] {processor.py:925} INFO - DAG(s) 'example_complex' retrieved from /home/airflow/.local/lib/python3.10/site-packages/airflow/example_dags/example_complex.py
[2025-04-25T16:33:08.002+0000] {logging_mixin.py:190} INFO - [2025-04-25T16:33:08.002+0000] {dag.py:3239} INFO - Sync 1 DAGs
[2025-04-25T16:33:08.024+0000] {logging_mixin.py:190} INFO - [2025-04-25T16:33:08.023+0000] {dag.py:4180} INFO - Setting next_dagrun for example_complex to None, run_after=None
[2025-04-25T16:33:08.049+0000] {processor.py:208} INFO - Processing /home/airflow/.local/lib/python3.10/site-packages/airflow/example_dags/example_complex.py took 0.122 seconds
[2025-04-25T16:33:38.784+0000] {processor.py:186} INFO - Started process (PID=530) to work on /home/airflow/.local/lib/python3.10/site-packages/airflow/example_dags/example_complex.py
[2025-04-25T16:33:38.785+0000] {processor.py:914} INFO - Processing file /home/airflow/.local/lib/python3.10/site-packages/airflow/example_dags/example_complex.py for tasks to queue
[2025-04-25T16:33:38.787+0000] {logging_mixin.py:190} INFO - [2025-04-25T16:33:38.787+0000] {dagbag.py:588} INFO - Filling up the DagBag from /home/airflow/.local/lib/python3.10/site-packages/airflow/example_dags/example_complex.py
[2025-04-25T16:33:38.799+0000] {processor.py:925} INFO - DAG(s) 'example_complex' retrieved from /home/airflow/.local/lib/python3.10/site-packages/airflow/example_dags/example_complex.py
[2025-04-25T16:33:38.828+0000] {logging_mixin.py:190} INFO - [2025-04-25T16:33:38.828+0000] {dag.py:3239} INFO - Sync 1 DAGs
[2025-04-25T16:33:38.842+0000] {logging_mixin.py:190} INFO - [2025-04-25T16:33:38.841+0000] {dag.py:4180} INFO - Setting next_dagrun for example_complex to None, run_after=None
[2025-04-25T16:33:38.858+0000] {processor.py:208} INFO - Processing /home/airflow/.local/lib/python3.10/site-packages/airflow/example_dags/example_complex.py took 0.079 seconds
[2025-04-25T16:34:09.932+0000] {processor.py:186} INFO - Started process (PID=596) to work on /home/airflow/.local/lib/python3.10/site-packages/airflow/example_dags/example_complex.py
[2025-04-25T16:34:09.933+0000] {processor.py:914} INFO - Processing file /home/airflow/.local/lib/python3.10/site-packages/airflow/example_dags/example_complex.py for tasks to queue
[2025-04-25T16:34:09.936+0000] {logging_mixin.py:190} INFO - [2025-04-25T16:34:09.935+0000] {dagbag.py:588} INFO - Filling up the DagBag from /home/airflow/.local/lib/python3.10/site-packages/airflow/example_dags/example_complex.py
[2025-04-25T16:34:09.950+0000] {processor.py:925} INFO - DAG(s) 'example_complex' retrieved from /home/airflow/.local/lib/python3.10/site-packages/airflow/example_dags/example_complex.py
[2025-04-25T16:34:09.986+0000] {logging_mixin.py:190} INFO - [2025-04-25T16:34:09.986+0000] {dag.py:3239} INFO - Sync 1 DAGs
[2025-04-25T16:34:10.006+0000] {logging_mixin.py:190} INFO - [2025-04-25T16:34:10.006+0000] {dag.py:4180} INFO - Setting next_dagrun for example_complex to None, run_after=None
[2025-04-25T16:34:10.029+0000] {processor.py:208} INFO - Processing /home/airflow/.local/lib/python3.10/site-packages/airflow/example_dags/example_complex.py took 0.103 seconds
[2025-04-25T16:34:40.891+0000] {processor.py:186} INFO - Started process (PID=668) to work on /home/airflow/.local/lib/python3.10/site-packages/airflow/example_dags/example_complex.py
[2025-04-25T16:34:40.892+0000] {processor.py:914} INFO - Processing file /home/airflow/.local/lib/python3.10/site-packages/airflow/example_dags/example_complex.py for tasks to queue
[2025-04-25T16:34:40.895+0000] {logging_mixin.py:190} INFO - [2025-04-25T16:34:40.895+0000] {dagbag.py:588} INFO - Filling up the DagBag from /home/airflow/.local/lib/python3.10/site-packages/airflow/example_dags/example_complex.py
[2025-04-25T16:34:40.908+0000] {processor.py:925} INFO - DAG(s) 'example_complex' retrieved from /home/airflow/.local/lib/python3.10/site-packages/airflow/example_dags/example_complex.py
[2025-04-25T16:34:40.943+0000] {logging_mixin.py:190} INFO - [2025-04-25T16:34:40.943+0000] {dag.py:3239} INFO - Sync 1 DAGs
[2025-04-25T16:34:40.959+0000] {logging_mixin.py:190} INFO - [2025-04-25T16:34:40.959+0000] {dag.py:4180} INFO - Setting next_dagrun for example_complex to None, run_after=None
[2025-04-25T16:34:40.984+0000] {processor.py:208} INFO - Processing /home/airflow/.local/lib/python3.10/site-packages/airflow/example_dags/example_complex.py took 0.099 seconds
[2025-04-25T16:35:12.333+0000] {processor.py:186} INFO - Started process (PID=738) to work on /home/airflow/.local/lib/python3.10/site-packages/airflow/example_dags/example_complex.py
[2025-04-25T16:35:12.334+0000] {processor.py:914} INFO - Processing file /home/airflow/.local/lib/python3.10/site-packages/airflow/example_dags/example_complex.py for tasks to queue
[2025-04-25T16:35:12.337+0000] {logging_mixin.py:190} INFO - [2025-04-25T16:35:12.336+0000] {dagbag.py:588} INFO - Filling up the DagBag from /home/airflow/.local/lib/python3.10/site-packages/airflow/example_dags/example_complex.py
[2025-04-25T16:35:12.355+0000] {processor.py:925} INFO - DAG(s) 'example_complex' retrieved from /home/airflow/.local/lib/python3.10/site-packages/airflow/example_dags/example_complex.py
[2025-04-25T16:35:12.398+0000] {logging_mixin.py:190} INFO - [2025-04-25T16:35:12.397+0000] {dag.py:3239} INFO - Sync 1 DAGs
[2025-04-25T16:35:12.416+0000] {logging_mixin.py:190} INFO - [2025-04-25T16:35:12.416+0000] {dag.py:4180} INFO - Setting next_dagrun for example_complex to None, run_after=None
[2025-04-25T16:35:12.439+0000] {processor.py:208} INFO - Processing /home/airflow/.local/lib/python3.10/site-packages/airflow/example_dags/example_complex.py took 0.114 seconds
[2025-04-25T16:35:42.911+0000] {processor.py:186} INFO - Started process (PID=812) to work on /home/airflow/.local/lib/python3.10/site-packages/airflow/example_dags/example_complex.py
[2025-04-25T16:35:42.912+0000] {processor.py:914} INFO - Processing file /home/airflow/.local/lib/python3.10/site-packages/airflow/example_dags/example_complex.py for tasks to queue
[2025-04-25T16:35:42.915+0000] {logging_mixin.py:190} INFO - [2025-04-25T16:35:42.915+0000] {dagbag.py:588} INFO - Filling up the DagBag from /home/airflow/.local/lib/python3.10/site-packages/airflow/example_dags/example_complex.py
[2025-04-25T16:35:42.929+0000] {processor.py:925} INFO - DAG(s) 'example_complex' retrieved from /home/airflow/.local/lib/python3.10/site-packages/airflow/example_dags/example_complex.py
[2025-04-25T16:35:42.962+0000] {logging_mixin.py:190} INFO - [2025-04-25T16:35:42.961+0000] {dag.py:3239} INFO - Sync 1 DAGs
[2025-04-25T16:35:42.978+0000] {logging_mixin.py:190} INFO - [2025-04-25T16:35:42.978+0000] {dag.py:4180} INFO - Setting next_dagrun for example_complex to None, run_after=None
[2025-04-25T16:35:42.999+0000] {processor.py:208} INFO - Processing /home/airflow/.local/lib/python3.10/site-packages/airflow/example_dags/example_complex.py took 0.094 seconds
[2025-04-25T16:36:14.396+0000] {processor.py:186} INFO - Started process (PID=878) to work on /home/airflow/.local/lib/python3.10/site-packages/airflow/example_dags/example_complex.py
[2025-04-25T16:36:14.397+0000] {processor.py:914} INFO - Processing file /home/airflow/.local/lib/python3.10/site-packages/airflow/example_dags/example_complex.py for tasks to queue
[2025-04-25T16:36:14.400+0000] {logging_mixin.py:190} INFO - [2025-04-25T16:36:14.399+0000] {dagbag.py:588} INFO - Filling up the DagBag from /home/airflow/.local/lib/python3.10/site-packages/airflow/example_dags/example_complex.py
[2025-04-25T16:36:14.420+0000] {processor.py:925} INFO - DAG(s) 'example_complex' retrieved from /home/airflow/.local/lib/python3.10/site-packages/airflow/example_dags/example_complex.py
[2025-04-25T16:36:14.468+0000] {logging_mixin.py:190} INFO - [2025-04-25T16:36:14.468+0000] {dag.py:3239} INFO - Sync 1 DAGs
[2025-04-25T16:36:14.497+0000] {logging_mixin.py:190} INFO - [2025-04-25T16:36:14.497+0000] {dag.py:4180} INFO - Setting next_dagrun for example_complex to None, run_after=None
[2025-04-25T16:36:14.529+0000] {processor.py:208} INFO - Processing /home/airflow/.local/lib/python3.10/site-packages/airflow/example_dags/example_complex.py took 0.143 seconds
[2025-04-25T16:36:45.471+0000] {processor.py:186} INFO - Started process (PID=944) to work on /home/airflow/.local/lib/python3.10/site-packages/airflow/example_dags/example_complex.py
[2025-04-25T16:36:45.472+0000] {processor.py:914} INFO - Processing file /home/airflow/.local/lib/python3.10/site-packages/airflow/example_dags/example_complex.py for tasks to queue
[2025-04-25T16:36:45.474+0000] {logging_mixin.py:190} INFO - [2025-04-25T16:36:45.474+0000] {dagbag.py:588} INFO - Filling up the DagBag from /home/airflow/.local/lib/python3.10/site-packages/airflow/example_dags/example_complex.py
[2025-04-25T16:36:45.486+0000] {processor.py:925} INFO - DAG(s) 'example_complex' retrieved from /home/airflow/.local/lib/python3.10/site-packages/airflow/example_dags/example_complex.py
[2025-04-25T16:36:45.516+0000] {logging_mixin.py:190} INFO - [2025-04-25T16:36:45.516+0000] {dag.py:3239} INFO - Sync 1 DAGs
[2025-04-25T16:36:45.529+0000] {logging_mixin.py:190} INFO - [2025-04-25T16:36:45.528+0000] {dag.py:4180} INFO - Setting next_dagrun for example_complex to None, run_after=None
[2025-04-25T16:36:45.546+0000] {processor.py:208} INFO - Processing /home/airflow/.local/lib/python3.10/site-packages/airflow/example_dags/example_complex.py took 0.081 seconds
[2025-04-25T16:37:16.881+0000] {processor.py:186} INFO - Started process (PID=1010) to work on /home/airflow/.local/lib/python3.10/site-packages/airflow/example_dags/example_complex.py
[2025-04-25T16:37:16.883+0000] {processor.py:914} INFO - Processing file /home/airflow/.local/lib/python3.10/site-packages/airflow/example_dags/example_complex.py for tasks to queue
[2025-04-25T16:37:16.885+0000] {logging_mixin.py:190} INFO - [2025-04-25T16:37:16.884+0000] {dagbag.py:588} INFO - Filling up the DagBag from /home/airflow/.local/lib/python3.10/site-packages/airflow/example_dags/example_complex.py
[2025-04-25T16:37:16.898+0000] {processor.py:925} INFO - DAG(s) 'example_complex' retrieved from /home/airflow/.local/lib/python3.10/site-packages/airflow/example_dags/example_complex.py
[2025-04-25T16:37:16.938+0000] {logging_mixin.py:190} INFO - [2025-04-25T16:37:16.937+0000] {dag.py:3239} INFO - Sync 1 DAGs
[2025-04-25T16:37:16.952+0000] {logging_mixin.py:190} INFO - [2025-04-25T16:37:16.952+0000] {dag.py:4180} INFO - Setting next_dagrun for example_complex to None, run_after=None
[2025-04-25T16:37:16.972+0000] {processor.py:208} INFO - Processing /home/airflow/.local/lib/python3.10/site-packages/airflow/example_dags/example_complex.py took 0.097 seconds
[2025-04-25T16:37:48.143+0000] {processor.py:186} INFO - Started process (PID=1076) to work on /home/airflow/.local/lib/python3.10/site-packages/airflow/example_dags/example_complex.py
[2025-04-25T16:37:48.144+0000] {processor.py:914} INFO - Processing file /home/airflow/.local/lib/python3.10/site-packages/airflow/example_dags/example_complex.py for tasks to queue
[2025-04-25T16:37:48.146+0000] {logging_mixin.py:190} INFO - [2025-04-25T16:37:48.146+0000] {dagbag.py:588} INFO - Filling up the DagBag from /home/airflow/.local/lib/python3.10/site-packages/airflow/example_dags/example_complex.py
[2025-04-25T16:37:48.160+0000] {processor.py:925} INFO - DAG(s) 'example_complex' retrieved from /home/airflow/.local/lib/python3.10/site-packages/airflow/example_dags/example_complex.py
[2025-04-25T16:37:48.192+0000] {logging_mixin.py:190} INFO - [2025-04-25T16:37:48.192+0000] {dag.py:3239} INFO - Sync 1 DAGs
[2025-04-25T16:37:48.205+0000] {logging_mixin.py:190} INFO - [2025-04-25T16:37:48.205+0000] {dag.py:4180} INFO - Setting next_dagrun for example_complex to None, run_after=None
[2025-04-25T16:37:48.225+0000] {processor.py:208} INFO - Processing /home/airflow/.local/lib/python3.10/site-packages/airflow/example_dags/example_complex.py took 0.088 seconds
[2025-04-25T16:38:19.274+0000] {processor.py:186} INFO - Started process (PID=1142) to work on /home/airflow/.local/lib/python3.10/site-packages/airflow/example_dags/example_complex.py
[2025-04-25T16:38:19.275+0000] {processor.py:914} INFO - Processing file /home/airflow/.local/lib/python3.10/site-packages/airflow/example_dags/example_complex.py for tasks to queue
[2025-04-25T16:38:19.278+0000] {logging_mixin.py:190} INFO - [2025-04-25T16:38:19.278+0000] {dagbag.py:588} INFO - Filling up the DagBag from /home/airflow/.local/lib/python3.10/site-packages/airflow/example_dags/example_complex.py
[2025-04-25T16:38:19.293+0000] {processor.py:925} INFO - DAG(s) 'example_complex' retrieved from /home/airflow/.local/lib/python3.10/site-packages/airflow/example_dags/example_complex.py
[2025-04-25T16:38:19.326+0000] {logging_mixin.py:190} INFO - [2025-04-25T16:38:19.326+0000] {dag.py:3239} INFO - Sync 1 DAGs
[2025-04-25T16:38:19.344+0000] {logging_mixin.py:190} INFO - [2025-04-25T16:38:19.344+0000] {dag.py:4180} INFO - Setting next_dagrun for example_complex to None, run_after=None
[2025-04-25T16:38:19.373+0000] {processor.py:208} INFO - Processing /home/airflow/.local/lib/python3.10/site-packages/airflow/example_dags/example_complex.py took 0.109 seconds
[2025-04-25T16:38:50.786+0000] {processor.py:186} INFO - Started process (PID=1208) to work on /home/airflow/.local/lib/python3.10/site-packages/airflow/example_dags/example_complex.py
[2025-04-25T16:38:50.788+0000] {processor.py:914} INFO - Processing file /home/airflow/.local/lib/python3.10/site-packages/airflow/example_dags/example_complex.py for tasks to queue
[2025-04-25T16:38:50.791+0000] {logging_mixin.py:190} INFO - [2025-04-25T16:38:50.791+0000] {dagbag.py:588} INFO - Filling up the DagBag from /home/airflow/.local/lib/python3.10/site-packages/airflow/example_dags/example_complex.py
[2025-04-25T16:38:50.811+0000] {processor.py:925} INFO - DAG(s) 'example_complex' retrieved from /home/airflow/.local/lib/python3.10/site-packages/airflow/example_dags/example_complex.py
[2025-04-25T16:38:50.850+0000] {logging_mixin.py:190} INFO - [2025-04-25T16:38:50.850+0000] {dag.py:3239} INFO - Sync 1 DAGs
[2025-04-25T16:38:50.867+0000] {logging_mixin.py:190} INFO - [2025-04-25T16:38:50.867+0000] {dag.py:4180} INFO - Setting next_dagrun for example_complex to None, run_after=None
[2025-04-25T16:38:50.890+0000] {processor.py:208} INFO - Processing /home/airflow/.local/lib/python3.10/site-packages/airflow/example_dags/example_complex.py took 0.113 seconds
