[2025-04-25T16:30:04.196+0000] {processor.py:186} INFO - Started process (PID=78) to work on /home/airflow/.local/lib/python3.10/site-packages/airflow/example_dags/tutorial_taskflow_api.py
[2025-04-25T16:30:04.198+0000] {processor.py:914} INFO - Processing file /home/airflow/.local/lib/python3.10/site-packages/airflow/example_dags/tutorial_taskflow_api.py for tasks to queue
[2025-04-25T16:30:04.205+0000] {logging_mixin.py:190} INFO - [2025-04-25T16:30:04.204+0000] {dagbag.py:588} INFO - Filling up the DagBag from /home/airflow/.local/lib/python3.10/site-packages/airflow/example_dags/tutorial_taskflow_api.py
[2025-04-25T16:30:04.228+0000] {processor.py:925} INFO - DAG(s) 'tutorial_taskflow_api' retrieved from /home/airflow/.local/lib/python3.10/site-packages/airflow/example_dags/tutorial_taskflow_api.py
[2025-04-25T16:30:04.265+0000] {logging_mixin.py:190} INFO - [2025-04-25T16:30:04.264+0000] {dag.py:3239} INFO - Sync 1 DAGs
[2025-04-25T16:30:04.292+0000] {logging_mixin.py:190} INFO - [2025-04-25T16:30:04.291+0000] {dag.py:4180} INFO - Setting next_dagrun for tutorial_taskflow_api to None, run_after=None
[2025-04-25T16:30:04.326+0000] {processor.py:208} INFO - Processing /home/airflow/.local/lib/python3.10/site-packages/airflow/example_dags/tutorial_taskflow_api.py took 0.141 seconds
[2025-04-25T16:30:35.128+0000] {processor.py:186} INFO - Started process (PID=144) to work on /home/airflow/.local/lib/python3.10/site-packages/airflow/example_dags/tutorial_taskflow_api.py
[2025-04-25T16:30:35.129+0000] {processor.py:914} INFO - Processing file /home/airflow/.local/lib/python3.10/site-packages/airflow/example_dags/tutorial_taskflow_api.py for tasks to queue
[2025-04-25T16:30:35.132+0000] {logging_mixin.py:190} INFO - [2025-04-25T16:30:35.131+0000] {dagbag.py:588} INFO - Filling up the DagBag from /home/airflow/.local/lib/python3.10/site-packages/airflow/example_dags/tutorial_taskflow_api.py
[2025-04-25T16:30:35.140+0000] {processor.py:925} INFO - DAG(s) 'tutorial_taskflow_api' retrieved from /home/airflow/.local/lib/python3.10/site-packages/airflow/example_dags/tutorial_taskflow_api.py
[2025-04-25T16:30:35.159+0000] {logging_mixin.py:190} INFO - [2025-04-25T16:30:35.159+0000] {dag.py:3239} INFO - Sync 1 DAGs
[2025-04-25T16:30:35.173+0000] {logging_mixin.py:190} INFO - [2025-04-25T16:30:35.173+0000] {dag.py:4180} INFO - Setting next_dagrun for tutorial_taskflow_api to None, run_after=None
[2025-04-25T16:30:35.191+0000] {processor.py:208} INFO - Processing /home/airflow/.local/lib/python3.10/site-packages/airflow/example_dags/tutorial_taskflow_api.py took 0.070 seconds
[2025-04-25T16:31:05.242+0000] {processor.py:186} INFO - Started process (PID=209) to work on /home/airflow/.local/lib/python3.10/site-packages/airflow/example_dags/tutorial_taskflow_api.py
[2025-04-25T16:31:05.243+0000] {processor.py:914} INFO - Processing file /home/airflow/.local/lib/python3.10/site-packages/airflow/example_dags/tutorial_taskflow_api.py for tasks to queue
[2025-04-25T16:31:05.246+0000] {logging_mixin.py:190} INFO - [2025-04-25T16:31:05.245+0000] {dagbag.py:588} INFO - Filling up the DagBag from /home/airflow/.local/lib/python3.10/site-packages/airflow/example_dags/tutorial_taskflow_api.py
[2025-04-25T16:31:05.254+0000] {processor.py:925} INFO - DAG(s) 'tutorial_taskflow_api' retrieved from /home/airflow/.local/lib/python3.10/site-packages/airflow/example_dags/tutorial_taskflow_api.py
[2025-04-25T16:31:05.272+0000] {logging_mixin.py:190} INFO - [2025-04-25T16:31:05.272+0000] {dag.py:3239} INFO - Sync 1 DAGs
[2025-04-25T16:31:05.285+0000] {logging_mixin.py:190} INFO - [2025-04-25T16:31:05.284+0000] {dag.py:4180} INFO - Setting next_dagrun for tutorial_taskflow_api to None, run_after=None
[2025-04-25T16:31:05.302+0000] {processor.py:208} INFO - Processing /home/airflow/.local/lib/python3.10/site-packages/airflow/example_dags/tutorial_taskflow_api.py took 0.066 seconds
[2025-04-25T16:31:36.017+0000] {processor.py:186} INFO - Started process (PID=275) to work on /home/airflow/.local/lib/python3.10/site-packages/airflow/example_dags/tutorial_taskflow_api.py
[2025-04-25T16:31:36.018+0000] {processor.py:914} INFO - Processing file /home/airflow/.local/lib/python3.10/site-packages/airflow/example_dags/tutorial_taskflow_api.py for tasks to queue
[2025-04-25T16:31:36.021+0000] {logging_mixin.py:190} INFO - [2025-04-25T16:31:36.020+0000] {dagbag.py:588} INFO - Filling up the DagBag from /home/airflow/.local/lib/python3.10/site-packages/airflow/example_dags/tutorial_taskflow_api.py
[2025-04-25T16:31:36.028+0000] {processor.py:925} INFO - DAG(s) 'tutorial_taskflow_api' retrieved from /home/airflow/.local/lib/python3.10/site-packages/airflow/example_dags/tutorial_taskflow_api.py
[2025-04-25T16:31:36.048+0000] {logging_mixin.py:190} INFO - [2025-04-25T16:31:36.047+0000] {dag.py:3239} INFO - Sync 1 DAGs
[2025-04-25T16:31:36.061+0000] {logging_mixin.py:190} INFO - [2025-04-25T16:31:36.061+0000] {dag.py:4180} INFO - Setting next_dagrun for tutorial_taskflow_api to None, run_after=None
[2025-04-25T16:31:36.080+0000] {processor.py:208} INFO - Processing /home/airflow/.local/lib/python3.10/site-packages/airflow/example_dags/tutorial_taskflow_api.py took 0.069 seconds
[2025-04-25T16:32:06.363+0000] {processor.py:186} INFO - Started process (PID=341) to work on /home/airflow/.local/lib/python3.10/site-packages/airflow/example_dags/tutorial_taskflow_api.py
[2025-04-25T16:32:06.364+0000] {processor.py:914} INFO - Processing file /home/airflow/.local/lib/python3.10/site-packages/airflow/example_dags/tutorial_taskflow_api.py for tasks to queue
[2025-04-25T16:32:06.366+0000] {logging_mixin.py:190} INFO - [2025-04-25T16:32:06.366+0000] {dagbag.py:588} INFO - Filling up the DagBag from /home/airflow/.local/lib/python3.10/site-packages/airflow/example_dags/tutorial_taskflow_api.py
[2025-04-25T16:32:06.374+0000] {processor.py:925} INFO - DAG(s) 'tutorial_taskflow_api' retrieved from /home/airflow/.local/lib/python3.10/site-packages/airflow/example_dags/tutorial_taskflow_api.py
[2025-04-25T16:32:06.392+0000] {logging_mixin.py:190} INFO - [2025-04-25T16:32:06.392+0000] {dag.py:3239} INFO - Sync 1 DAGs
[2025-04-25T16:32:06.405+0000] {logging_mixin.py:190} INFO - [2025-04-25T16:32:06.404+0000] {dag.py:4180} INFO - Setting next_dagrun for tutorial_taskflow_api to None, run_after=None
[2025-04-25T16:32:06.421+0000] {processor.py:208} INFO - Processing /home/airflow/.local/lib/python3.10/site-packages/airflow/example_dags/tutorial_taskflow_api.py took 0.064 seconds
[2025-04-25T16:32:37.462+0000] {processor.py:186} INFO - Started process (PID=407) to work on /home/airflow/.local/lib/python3.10/site-packages/airflow/example_dags/tutorial_taskflow_api.py
[2025-04-25T16:32:37.463+0000] {processor.py:914} INFO - Processing file /home/airflow/.local/lib/python3.10/site-packages/airflow/example_dags/tutorial_taskflow_api.py for tasks to queue
[2025-04-25T16:32:37.465+0000] {logging_mixin.py:190} INFO - [2025-04-25T16:32:37.465+0000] {dagbag.py:588} INFO - Filling up the DagBag from /home/airflow/.local/lib/python3.10/site-packages/airflow/example_dags/tutorial_taskflow_api.py
[2025-04-25T16:32:37.473+0000] {processor.py:925} INFO - DAG(s) 'tutorial_taskflow_api' retrieved from /home/airflow/.local/lib/python3.10/site-packages/airflow/example_dags/tutorial_taskflow_api.py
[2025-04-25T16:32:37.491+0000] {logging_mixin.py:190} INFO - [2025-04-25T16:32:37.491+0000] {dag.py:3239} INFO - Sync 1 DAGs
[2025-04-25T16:32:37.506+0000] {logging_mixin.py:190} INFO - [2025-04-25T16:32:37.505+0000] {dag.py:4180} INFO - Setting next_dagrun for tutorial_taskflow_api to None, run_after=None
[2025-04-25T16:32:37.526+0000] {processor.py:208} INFO - Processing /home/airflow/.local/lib/python3.10/site-packages/airflow/example_dags/tutorial_taskflow_api.py took 0.070 seconds
[2025-04-25T16:33:08.601+0000] {processor.py:186} INFO - Started process (PID=473) to work on /home/airflow/.local/lib/python3.10/site-packages/airflow/example_dags/tutorial_taskflow_api.py
[2025-04-25T16:33:08.602+0000] {processor.py:914} INFO - Processing file /home/airflow/.local/lib/python3.10/site-packages/airflow/example_dags/tutorial_taskflow_api.py for tasks to queue
[2025-04-25T16:33:08.605+0000] {logging_mixin.py:190} INFO - [2025-04-25T16:33:08.604+0000] {dagbag.py:588} INFO - Filling up the DagBag from /home/airflow/.local/lib/python3.10/site-packages/airflow/example_dags/tutorial_taskflow_api.py
[2025-04-25T16:33:08.612+0000] {processor.py:925} INFO - DAG(s) 'tutorial_taskflow_api' retrieved from /home/airflow/.local/lib/python3.10/site-packages/airflow/example_dags/tutorial_taskflow_api.py
[2025-04-25T16:33:08.632+0000] {logging_mixin.py:190} INFO - [2025-04-25T16:33:08.632+0000] {dag.py:3239} INFO - Sync 1 DAGs
[2025-04-25T16:33:08.647+0000] {logging_mixin.py:190} INFO - [2025-04-25T16:33:08.647+0000] {dag.py:4180} INFO - Setting next_dagrun for tutorial_taskflow_api to None, run_after=None
[2025-04-25T16:33:08.671+0000] {processor.py:208} INFO - Processing /home/airflow/.local/lib/python3.10/site-packages/airflow/example_dags/tutorial_taskflow_api.py took 0.076 seconds
[2025-04-25T16:33:39.418+0000] {processor.py:186} INFO - Started process (PID=539) to work on /home/airflow/.local/lib/python3.10/site-packages/airflow/example_dags/tutorial_taskflow_api.py
[2025-04-25T16:33:39.419+0000] {processor.py:914} INFO - Processing file /home/airflow/.local/lib/python3.10/site-packages/airflow/example_dags/tutorial_taskflow_api.py for tasks to queue
[2025-04-25T16:33:39.421+0000] {logging_mixin.py:190} INFO - [2025-04-25T16:33:39.421+0000] {dagbag.py:588} INFO - Filling up the DagBag from /home/airflow/.local/lib/python3.10/site-packages/airflow/example_dags/tutorial_taskflow_api.py
[2025-04-25T16:33:39.428+0000] {processor.py:925} INFO - DAG(s) 'tutorial_taskflow_api' retrieved from /home/airflow/.local/lib/python3.10/site-packages/airflow/example_dags/tutorial_taskflow_api.py
[2025-04-25T16:33:39.446+0000] {logging_mixin.py:190} INFO - [2025-04-25T16:33:39.445+0000] {dag.py:3239} INFO - Sync 1 DAGs
[2025-04-25T16:33:39.459+0000] {logging_mixin.py:190} INFO - [2025-04-25T16:33:39.458+0000] {dag.py:4180} INFO - Setting next_dagrun for tutorial_taskflow_api to None, run_after=None
[2025-04-25T16:33:39.477+0000] {processor.py:208} INFO - Processing /home/airflow/.local/lib/python3.10/site-packages/airflow/example_dags/tutorial_taskflow_api.py took 0.065 seconds
[2025-04-25T16:34:10.964+0000] {processor.py:186} INFO - Started process (PID=611) to work on /home/airflow/.local/lib/python3.10/site-packages/airflow/example_dags/tutorial_taskflow_api.py
[2025-04-25T16:34:10.965+0000] {processor.py:914} INFO - Processing file /home/airflow/.local/lib/python3.10/site-packages/airflow/example_dags/tutorial_taskflow_api.py for tasks to queue
[2025-04-25T16:34:10.968+0000] {logging_mixin.py:190} INFO - [2025-04-25T16:34:10.967+0000] {dagbag.py:588} INFO - Filling up the DagBag from /home/airflow/.local/lib/python3.10/site-packages/airflow/example_dags/tutorial_taskflow_api.py
[2025-04-25T16:34:10.976+0000] {processor.py:925} INFO - DAG(s) 'tutorial_taskflow_api' retrieved from /home/airflow/.local/lib/python3.10/site-packages/airflow/example_dags/tutorial_taskflow_api.py
[2025-04-25T16:34:10.995+0000] {logging_mixin.py:190} INFO - [2025-04-25T16:34:10.995+0000] {dag.py:3239} INFO - Sync 1 DAGs
[2025-04-25T16:34:11.010+0000] {logging_mixin.py:190} INFO - [2025-04-25T16:34:11.009+0000] {dag.py:4180} INFO - Setting next_dagrun for tutorial_taskflow_api to None, run_after=None
[2025-04-25T16:34:11.028+0000] {processor.py:208} INFO - Processing /home/airflow/.local/lib/python3.10/site-packages/airflow/example_dags/tutorial_taskflow_api.py took 0.070 seconds
[2025-04-25T16:34:41.746+0000] {processor.py:186} INFO - Started process (PID=677) to work on /home/airflow/.local/lib/python3.10/site-packages/airflow/example_dags/tutorial_taskflow_api.py
[2025-04-25T16:34:41.747+0000] {processor.py:914} INFO - Processing file /home/airflow/.local/lib/python3.10/site-packages/airflow/example_dags/tutorial_taskflow_api.py for tasks to queue
[2025-04-25T16:34:41.750+0000] {logging_mixin.py:190} INFO - [2025-04-25T16:34:41.749+0000] {dagbag.py:588} INFO - Filling up the DagBag from /home/airflow/.local/lib/python3.10/site-packages/airflow/example_dags/tutorial_taskflow_api.py
[2025-04-25T16:34:41.757+0000] {processor.py:925} INFO - DAG(s) 'tutorial_taskflow_api' retrieved from /home/airflow/.local/lib/python3.10/site-packages/airflow/example_dags/tutorial_taskflow_api.py
[2025-04-25T16:34:41.779+0000] {logging_mixin.py:190} INFO - [2025-04-25T16:34:41.779+0000] {dag.py:3239} INFO - Sync 1 DAGs
[2025-04-25T16:34:41.796+0000] {logging_mixin.py:190} INFO - [2025-04-25T16:34:41.796+0000] {dag.py:4180} INFO - Setting next_dagrun for tutorial_taskflow_api to None, run_after=None
[2025-04-25T16:34:41.816+0000] {processor.py:208} INFO - Processing /home/airflow/.local/lib/python3.10/site-packages/airflow/example_dags/tutorial_taskflow_api.py took 0.076 seconds
[2025-04-25T16:35:13.064+0000] {processor.py:186} INFO - Started process (PID=747) to work on /home/airflow/.local/lib/python3.10/site-packages/airflow/example_dags/tutorial_taskflow_api.py
[2025-04-25T16:35:13.066+0000] {processor.py:914} INFO - Processing file /home/airflow/.local/lib/python3.10/site-packages/airflow/example_dags/tutorial_taskflow_api.py for tasks to queue
[2025-04-25T16:35:13.069+0000] {logging_mixin.py:190} INFO - [2025-04-25T16:35:13.069+0000] {dagbag.py:588} INFO - Filling up the DagBag from /home/airflow/.local/lib/python3.10/site-packages/airflow/example_dags/tutorial_taskflow_api.py
[2025-04-25T16:35:13.079+0000] {processor.py:925} INFO - DAG(s) 'tutorial_taskflow_api' retrieved from /home/airflow/.local/lib/python3.10/site-packages/airflow/example_dags/tutorial_taskflow_api.py
[2025-04-25T16:35:13.106+0000] {logging_mixin.py:190} INFO - [2025-04-25T16:35:13.106+0000] {dag.py:3239} INFO - Sync 1 DAGs
[2025-04-25T16:35:13.126+0000] {logging_mixin.py:190} INFO - [2025-04-25T16:35:13.126+0000] {dag.py:4180} INFO - Setting next_dagrun for tutorial_taskflow_api to None, run_after=None
[2025-04-25T16:35:13.158+0000] {processor.py:208} INFO - Processing /home/airflow/.local/lib/python3.10/site-packages/airflow/example_dags/tutorial_taskflow_api.py took 0.101 seconds
[2025-04-25T16:35:43.383+0000] {processor.py:186} INFO - Started process (PID=820) to work on /home/airflow/.local/lib/python3.10/site-packages/airflow/example_dags/tutorial_taskflow_api.py
[2025-04-25T16:35:43.384+0000] {processor.py:914} INFO - Processing file /home/airflow/.local/lib/python3.10/site-packages/airflow/example_dags/tutorial_taskflow_api.py for tasks to queue
[2025-04-25T16:35:43.386+0000] {logging_mixin.py:190} INFO - [2025-04-25T16:35:43.386+0000] {dagbag.py:588} INFO - Filling up the DagBag from /home/airflow/.local/lib/python3.10/site-packages/airflow/example_dags/tutorial_taskflow_api.py
[2025-04-25T16:35:43.395+0000] {processor.py:925} INFO - DAG(s) 'tutorial_taskflow_api' retrieved from /home/airflow/.local/lib/python3.10/site-packages/airflow/example_dags/tutorial_taskflow_api.py
[2025-04-25T16:35:43.417+0000] {logging_mixin.py:190} INFO - [2025-04-25T16:35:43.417+0000] {dag.py:3239} INFO - Sync 1 DAGs
[2025-04-25T16:35:43.431+0000] {logging_mixin.py:190} INFO - [2025-04-25T16:35:43.431+0000] {dag.py:4180} INFO - Setting next_dagrun for tutorial_taskflow_api to None, run_after=None
[2025-04-25T16:35:43.451+0000] {processor.py:208} INFO - Processing /home/airflow/.local/lib/python3.10/site-packages/airflow/example_dags/tutorial_taskflow_api.py took 0.075 seconds
[2025-04-25T16:36:14.964+0000] {processor.py:186} INFO - Started process (PID=886) to work on /home/airflow/.local/lib/python3.10/site-packages/airflow/example_dags/tutorial_taskflow_api.py
[2025-04-25T16:36:14.965+0000] {processor.py:914} INFO - Processing file /home/airflow/.local/lib/python3.10/site-packages/airflow/example_dags/tutorial_taskflow_api.py for tasks to queue
[2025-04-25T16:36:14.968+0000] {logging_mixin.py:190} INFO - [2025-04-25T16:36:14.967+0000] {dagbag.py:588} INFO - Filling up the DagBag from /home/airflow/.local/lib/python3.10/site-packages/airflow/example_dags/tutorial_taskflow_api.py
[2025-04-25T16:36:14.977+0000] {processor.py:925} INFO - DAG(s) 'tutorial_taskflow_api' retrieved from /home/airflow/.local/lib/python3.10/site-packages/airflow/example_dags/tutorial_taskflow_api.py
[2025-04-25T16:36:14.998+0000] {logging_mixin.py:190} INFO - [2025-04-25T16:36:14.998+0000] {dag.py:3239} INFO - Sync 1 DAGs
[2025-04-25T16:36:15.012+0000] {logging_mixin.py:190} INFO - [2025-04-25T16:36:15.012+0000] {dag.py:4180} INFO - Setting next_dagrun for tutorial_taskflow_api to None, run_after=None
[2025-04-25T16:36:15.029+0000] {processor.py:208} INFO - Processing /home/airflow/.local/lib/python3.10/site-packages/airflow/example_dags/tutorial_taskflow_api.py took 0.073 seconds
[2025-04-25T16:36:45.999+0000] {processor.py:186} INFO - Started process (PID=952) to work on /home/airflow/.local/lib/python3.10/site-packages/airflow/example_dags/tutorial_taskflow_api.py
[2025-04-25T16:36:46.000+0000] {processor.py:914} INFO - Processing file /home/airflow/.local/lib/python3.10/site-packages/airflow/example_dags/tutorial_taskflow_api.py for tasks to queue
[2025-04-25T16:36:46.002+0000] {logging_mixin.py:190} INFO - [2025-04-25T16:36:46.002+0000] {dagbag.py:588} INFO - Filling up the DagBag from /home/airflow/.local/lib/python3.10/site-packages/airflow/example_dags/tutorial_taskflow_api.py
[2025-04-25T16:36:46.010+0000] {processor.py:925} INFO - DAG(s) 'tutorial_taskflow_api' retrieved from /home/airflow/.local/lib/python3.10/site-packages/airflow/example_dags/tutorial_taskflow_api.py
[2025-04-25T16:36:46.027+0000] {logging_mixin.py:190} INFO - [2025-04-25T16:36:46.027+0000] {dag.py:3239} INFO - Sync 1 DAGs
[2025-04-25T16:36:46.040+0000] {logging_mixin.py:190} INFO - [2025-04-25T16:36:46.040+0000] {dag.py:4180} INFO - Setting next_dagrun for tutorial_taskflow_api to None, run_after=None
[2025-04-25T16:36:46.057+0000] {processor.py:208} INFO - Processing /home/airflow/.local/lib/python3.10/site-packages/airflow/example_dags/tutorial_taskflow_api.py took 0.064 seconds
[2025-04-25T16:37:17.567+0000] {processor.py:186} INFO - Started process (PID=1018) to work on /home/airflow/.local/lib/python3.10/site-packages/airflow/example_dags/tutorial_taskflow_api.py
[2025-04-25T16:37:17.569+0000] {processor.py:914} INFO - Processing file /home/airflow/.local/lib/python3.10/site-packages/airflow/example_dags/tutorial_taskflow_api.py for tasks to queue
[2025-04-25T16:37:17.571+0000] {logging_mixin.py:190} INFO - [2025-04-25T16:37:17.570+0000] {dagbag.py:588} INFO - Filling up the DagBag from /home/airflow/.local/lib/python3.10/site-packages/airflow/example_dags/tutorial_taskflow_api.py
[2025-04-25T16:37:17.579+0000] {processor.py:925} INFO - DAG(s) 'tutorial_taskflow_api' retrieved from /home/airflow/.local/lib/python3.10/site-packages/airflow/example_dags/tutorial_taskflow_api.py
[2025-04-25T16:37:17.597+0000] {logging_mixin.py:190} INFO - [2025-04-25T16:37:17.596+0000] {dag.py:3239} INFO - Sync 1 DAGs
[2025-04-25T16:37:17.609+0000] {logging_mixin.py:190} INFO - [2025-04-25T16:37:17.609+0000] {dag.py:4180} INFO - Setting next_dagrun for tutorial_taskflow_api to None, run_after=None
[2025-04-25T16:37:17.625+0000] {processor.py:208} INFO - Processing /home/airflow/.local/lib/python3.10/site-packages/airflow/example_dags/tutorial_taskflow_api.py took 0.064 seconds
[2025-04-25T16:37:48.586+0000] {processor.py:186} INFO - Started process (PID=1084) to work on /home/airflow/.local/lib/python3.10/site-packages/airflow/example_dags/tutorial_taskflow_api.py
[2025-04-25T16:37:48.587+0000] {processor.py:914} INFO - Processing file /home/airflow/.local/lib/python3.10/site-packages/airflow/example_dags/tutorial_taskflow_api.py for tasks to queue
[2025-04-25T16:37:48.590+0000] {logging_mixin.py:190} INFO - [2025-04-25T16:37:48.589+0000] {dagbag.py:588} INFO - Filling up the DagBag from /home/airflow/.local/lib/python3.10/site-packages/airflow/example_dags/tutorial_taskflow_api.py
[2025-04-25T16:37:48.597+0000] {processor.py:925} INFO - DAG(s) 'tutorial_taskflow_api' retrieved from /home/airflow/.local/lib/python3.10/site-packages/airflow/example_dags/tutorial_taskflow_api.py
[2025-04-25T16:37:48.616+0000] {logging_mixin.py:190} INFO - [2025-04-25T16:37:48.616+0000] {dag.py:3239} INFO - Sync 1 DAGs
[2025-04-25T16:37:48.629+0000] {logging_mixin.py:190} INFO - [2025-04-25T16:37:48.629+0000] {dag.py:4180} INFO - Setting next_dagrun for tutorial_taskflow_api to None, run_after=None
[2025-04-25T16:37:48.650+0000] {processor.py:208} INFO - Processing /home/airflow/.local/lib/python3.10/site-packages/airflow/example_dags/tutorial_taskflow_api.py took 0.070 seconds
[2025-04-25T16:38:20.003+0000] {processor.py:186} INFO - Started process (PID=1150) to work on /home/airflow/.local/lib/python3.10/site-packages/airflow/example_dags/tutorial_taskflow_api.py
[2025-04-25T16:38:20.004+0000] {processor.py:914} INFO - Processing file /home/airflow/.local/lib/python3.10/site-packages/airflow/example_dags/tutorial_taskflow_api.py for tasks to queue
[2025-04-25T16:38:20.007+0000] {logging_mixin.py:190} INFO - [2025-04-25T16:38:20.006+0000] {dagbag.py:588} INFO - Filling up the DagBag from /home/airflow/.local/lib/python3.10/site-packages/airflow/example_dags/tutorial_taskflow_api.py
[2025-04-25T16:38:20.015+0000] {processor.py:925} INFO - DAG(s) 'tutorial_taskflow_api' retrieved from /home/airflow/.local/lib/python3.10/site-packages/airflow/example_dags/tutorial_taskflow_api.py
[2025-04-25T16:38:20.034+0000] {logging_mixin.py:190} INFO - [2025-04-25T16:38:20.034+0000] {dag.py:3239} INFO - Sync 1 DAGs
[2025-04-25T16:38:20.048+0000] {logging_mixin.py:190} INFO - [2025-04-25T16:38:20.048+0000] {dag.py:4180} INFO - Setting next_dagrun for tutorial_taskflow_api to None, run_after=None
[2025-04-25T16:38:20.067+0000] {processor.py:208} INFO - Processing /home/airflow/.local/lib/python3.10/site-packages/airflow/example_dags/tutorial_taskflow_api.py took 0.072 seconds
[2025-04-25T16:38:51.734+0000] {processor.py:186} INFO - Started process (PID=1217) to work on /home/airflow/.local/lib/python3.10/site-packages/airflow/example_dags/tutorial_taskflow_api.py
[2025-04-25T16:38:51.736+0000] {processor.py:914} INFO - Processing file /home/airflow/.local/lib/python3.10/site-packages/airflow/example_dags/tutorial_taskflow_api.py for tasks to queue
[2025-04-25T16:38:51.742+0000] {logging_mixin.py:190} INFO - [2025-04-25T16:38:51.741+0000] {dagbag.py:588} INFO - Filling up the DagBag from /home/airflow/.local/lib/python3.10/site-packages/airflow/example_dags/tutorial_taskflow_api.py
[2025-04-25T16:38:51.754+0000] {processor.py:925} INFO - DAG(s) 'tutorial_taskflow_api' retrieved from /home/airflow/.local/lib/python3.10/site-packages/airflow/example_dags/tutorial_taskflow_api.py
[2025-04-25T16:38:51.779+0000] {logging_mixin.py:190} INFO - [2025-04-25T16:38:51.779+0000] {dag.py:3239} INFO - Sync 1 DAGs
[2025-04-25T16:38:51.797+0000] {logging_mixin.py:190} INFO - [2025-04-25T16:38:51.797+0000] {dag.py:4180} INFO - Setting next_dagrun for tutorial_taskflow_api to None, run_after=None
[2025-04-25T16:38:51.819+0000] {processor.py:208} INFO - Processing /home/airflow/.local/lib/python3.10/site-packages/airflow/example_dags/tutorial_taskflow_api.py took 0.097 seconds
