[2025-04-26T23:00:01.687+0000] {local_task_job_runner.py:123} INFO - ::group::Pre task execution logs
[2025-04-26T23:00:01.705+0000] {taskinstance.py:2614} INFO - Dependencies all met for dep_context=non-requeueable deps ti=<TaskInstance: traffic_images_collector.get_api_key scheduled__2025-04-26T22:50:00+00:00 [queued]>
[2025-04-26T23:00:01.716+0000] {taskinstance.py:2614} INFO - Dependencies all met for dep_context=requeueable deps ti=<TaskInstance: traffic_images_collector.get_api_key scheduled__2025-04-26T22:50:00+00:00 [queued]>
[2025-04-26T23:00:01.718+0000] {taskinstance.py:2867} INFO - Starting attempt 1 of 4
[2025-04-26T23:00:01.734+0000] {taskinstance.py:2890} INFO - Executing <Task(_PythonDecoratedOperator): get_api_key> on 2025-04-26 22:50:00+00:00
[2025-04-26T23:00:01.748+0000] {standard_task_runner.py:72} INFO - Started process 1350 to run task
[2025-04-26T23:00:01.752+0000] {standard_task_runner.py:104} INFO - Running: ['***', 'tasks', 'run', 'traffic_images_collector', 'get_api_key', 'scheduled__2025-04-26T22:50:00+00:00', '--job-id', '46', '--raw', '--subdir', 'DAGS_FOLDER/traffic_images_collector.py', '--cfg-path', '/tmp/tmpczdc2srz']
[2025-04-26T23:00:01.754+0000] {standard_task_runner.py:105} INFO - Job 46: Subtask get_api_key
[2025-04-26T23:00:01.830+0000] {task_command.py:467} INFO - Running <TaskInstance: traffic_images_collector.get_api_key scheduled__2025-04-26T22:50:00+00:00 [running]> on host 59b5c23bc6da
[2025-04-26T23:00:02.866+0000] {taskinstance.py:3134} INFO - Exporting env vars: AIRFLOW_CTX_DAG_OWNER='***' AIRFLOW_CTX_DAG_ID='traffic_images_collector' AIRFLOW_CTX_TASK_ID='get_api_key' AIRFLOW_CTX_EXECUTION_DATE='2025-04-26T22:50:00+00:00' AIRFLOW_CTX_TRY_NUMBER='1' AIRFLOW_CTX_DAG_RUN_ID='scheduled__2025-04-26T22:50:00+00:00'
[2025-04-26T23:00:02.868+0000] {logging_mixin.py:190} INFO - Task instance is in running state
[2025-04-26T23:00:02.869+0000] {logging_mixin.py:190} INFO -  Previous state of the Task instance: queued
[2025-04-26T23:00:02.870+0000] {logging_mixin.py:190} INFO - Current task name:get_api_key state:running start_date:2025-04-26 23:00:01.707334+00:00
[2025-04-26T23:00:02.871+0000] {logging_mixin.py:190} INFO - Dag name:traffic_images_collector and current dag run status:running
[2025-04-26T23:00:02.872+0000] {taskinstance.py:732} INFO - ::endgroup::
[2025-04-26T23:00:02.887+0000] {base.py:84} INFO - Retrieving connection 'lta_api_connection'
[2025-04-26T23:00:02.888+0000] {python.py:240} INFO - Done. Returned value was: hcyk9gZ6TpmzNPegYOBjKQ==
[2025-04-26T23:00:02.926+0000] {taskinstance.py:341} INFO - ::group::Post task execution logs
[2025-04-26T23:00:02.928+0000] {taskinstance.py:353} INFO - Marking task as SUCCESS. dag_id=traffic_images_collector, task_id=get_api_key, run_id=scheduled__2025-04-26T22:50:00+00:00, execution_date=20250426T225000, start_date=20250426T230001, end_date=20250426T230002
[2025-04-26T23:00:02.954+0000] {logging_mixin.py:190} INFO - Task instance in success state
[2025-04-26T23:00:02.956+0000] {logging_mixin.py:190} INFO -  Previous state of the Task instance: running
[2025-04-26T23:00:02.958+0000] {logging_mixin.py:190} INFO - Dag name:traffic_images_collector queued_at:2025-04-26 22:59:58.322417+00:00
[2025-04-26T23:00:02.959+0000] {logging_mixin.py:190} INFO - Task hostname:59b5c23bc6da operator:_PythonDecoratedOperator
[2025-04-26T23:00:03.010+0000] {local_task_job_runner.py:266} INFO - Task exited with return code 0
[2025-04-26T23:00:03.336+0000] {taskinstance.py:3901} INFO - 1 downstream tasks scheduled from follow-on schedule check
[2025-04-26T23:00:03.339+0000] {local_task_job_runner.py:245} INFO - ::endgroup::
