[2025-04-24T08:02:09.628+0000] {local_task_job_runner.py:123} INFO - ::group::Pre task execution logs
[2025-04-24T08:02:09.653+0000] {taskinstance.py:2614} INFO - Dependencies all met for dep_context=non-requeueable deps ti=<TaskInstance: traffic_images_collector.get_api_key scheduled__2025-04-24T07:55:00+00:00 [queued]>
[2025-04-24T08:02:09.898+0000] {taskinstance.py:2614} INFO - Dependencies all met for dep_context=requeueable deps ti=<TaskInstance: traffic_images_collector.get_api_key scheduled__2025-04-24T07:55:00+00:00 [queued]>
[2025-04-24T08:02:09.899+0000] {taskinstance.py:2867} INFO - Starting attempt 1 of 4
[2025-04-24T08:02:09.913+0000] {taskinstance.py:2890} INFO - Executing <Task(_PythonDecoratedOperator): get_api_key> on 2025-04-24 07:55:00+00:00
[2025-04-24T08:02:09.931+0000] {warnings.py:112} WARNING - /home/***/.local/lib/python3.12/site-packages/***/task/task_runner/standard_task_runner.py:70: DeprecationWarning: This process (pid=616) is multi-threaded, use of fork() may lead to deadlocks in the child.
  pid = os.fork()

[2025-04-24T08:02:09.937+0000] {standard_task_runner.py:72} INFO - Started process 629 to run task
[2025-04-24T08:02:09.937+0000] {standard_task_runner.py:104} INFO - Running: ['***', 'tasks', 'run', 'traffic_images_collector', 'get_api_key', 'scheduled__2025-04-24T07:55:00+00:00', '--job-id', '20', '--raw', '--subdir', 'DAGS_FOLDER/traffic_images_collector.py', '--cfg-path', '/tmp/tmpwjmnkl7j']
[2025-04-24T08:02:09.939+0000] {standard_task_runner.py:105} INFO - Job 20: Subtask get_api_key
[2025-04-24T08:02:10.057+0000] {task_command.py:467} INFO - Running <TaskInstance: traffic_images_collector.get_api_key scheduled__2025-04-24T07:55:00+00:00 [running]> on host d8cd43aac9c4
[2025-04-24T08:02:10.184+0000] {taskinstance.py:3134} INFO - Exporting env vars: AIRFLOW_CTX_DAG_OWNER='***' AIRFLOW_CTX_DAG_ID='traffic_images_collector' AIRFLOW_CTX_TASK_ID='get_api_key' AIRFLOW_CTX_EXECUTION_DATE='2025-04-24T07:55:00+00:00' AIRFLOW_CTX_TRY_NUMBER='1' AIRFLOW_CTX_DAG_RUN_ID='scheduled__2025-04-24T07:55:00+00:00'
[2025-04-24T08:02:10.187+0000] {logging_mixin.py:190} INFO - Task instance is in running state
[2025-04-24T08:02:10.188+0000] {logging_mixin.py:190} INFO -  Previous state of the Task instance: queued
[2025-04-24T08:02:10.189+0000] {logging_mixin.py:190} INFO - Current task name:get_api_key state:running start_date:2025-04-24 08:02:09.654592+00:00
[2025-04-24T08:02:10.189+0000] {logging_mixin.py:190} INFO - Dag name:traffic_images_collector and current dag run status:running
[2025-04-24T08:02:10.189+0000] {taskinstance.py:732} INFO - ::endgroup::
[2025-04-24T08:02:10.203+0000] {base.py:84} INFO - Retrieving connection 'lta_api_connection'
[2025-04-24T08:02:10.204+0000] {python.py:240} INFO - Done. Returned value was: hcyk9gZ6TpmzNPegYOBjKQ==
[2025-04-24T08:02:10.231+0000] {taskinstance.py:341} INFO - ::group::Post task execution logs
[2025-04-24T08:02:10.232+0000] {taskinstance.py:353} INFO - Marking task as SUCCESS. dag_id=traffic_images_collector, task_id=get_api_key, run_id=scheduled__2025-04-24T07:55:00+00:00, execution_date=20250424T075500, start_date=20250424T080209, end_date=20250424T080210
[2025-04-24T08:02:10.257+0000] {logging_mixin.py:190} INFO - Task instance in success state
[2025-04-24T08:02:10.257+0000] {logging_mixin.py:190} INFO -  Previous state of the Task instance: running
[2025-04-24T08:02:10.258+0000] {logging_mixin.py:190} INFO - Dag name:traffic_images_collector queued_at:2025-04-24 08:02:07.185406+00:00
[2025-04-24T08:02:10.258+0000] {logging_mixin.py:190} INFO - Task hostname:d8cd43aac9c4 operator:_PythonDecoratedOperator
[2025-04-24T08:02:10.316+0000] {local_task_job_runner.py:266} INFO - Task exited with return code 0
[2025-04-24T08:02:10.356+0000] {taskinstance.py:3901} INFO - 1 downstream tasks scheduled from follow-on schedule check
[2025-04-24T08:02:10.359+0000] {local_task_job_runner.py:245} INFO - ::endgroup::
