[2025-04-24T08:05:03.238+0000] {local_task_job_runner.py:123} INFO - ::group::Pre task execution logs
[2025-04-24T08:05:03.522+0000] {taskinstance.py:2614} INFO - Dependencies all met for dep_context=non-requeueable deps ti=<TaskInstance: traffic_images_collector.create_db_schema scheduled__2025-04-24T08:00:00+00:00 [queued]>
[2025-04-24T08:05:03.534+0000] {taskinstance.py:2614} INFO - Dependencies all met for dep_context=requeueable deps ti=<TaskInstance: traffic_images_collector.create_db_schema scheduled__2025-04-24T08:00:00+00:00 [queued]>
[2025-04-24T08:05:03.535+0000] {taskinstance.py:2867} INFO - Starting attempt 1 of 4
[2025-04-24T08:05:03.555+0000] {taskinstance.py:2890} INFO - Executing <Task(_PythonDecoratedOperator): create_db_schema> on 2025-04-24 08:00:00+00:00
[2025-04-24T08:05:03.568+0000] {warnings.py:112} WARNING - /home/***/.local/lib/python3.12/site-packages/***/task/task_runner/standard_task_runner.py:70: DeprecationWarning: This process (pid=701) is multi-threaded, use of fork() may lead to deadlocks in the child.
  pid = os.fork()

[2025-04-24T08:05:03.570+0000] {standard_task_runner.py:72} INFO - Started process 707 to run task
[2025-04-24T08:05:03.570+0000] {standard_task_runner.py:104} INFO - Running: ['***', 'tasks', 'run', 'traffic_images_collector', 'create_db_schema', 'scheduled__2025-04-24T08:00:00+00:00', '--job-id', '31', '--raw', '--subdir', 'DAGS_FOLDER/traffic_images_collector.py', '--cfg-path', '/tmp/tmp7kbajfuv']
[2025-04-24T08:05:03.572+0000] {standard_task_runner.py:105} INFO - Job 31: Subtask create_db_schema
[2025-04-24T08:05:03.632+0000] {task_command.py:467} INFO - Running <TaskInstance: traffic_images_collector.create_db_schema scheduled__2025-04-24T08:00:00+00:00 [running]> on host d8cd43aac9c4
[2025-04-24T08:05:03.738+0000] {taskinstance.py:3134} INFO - Exporting env vars: AIRFLOW_CTX_DAG_OWNER='***' AIRFLOW_CTX_DAG_ID='traffic_images_collector' AIRFLOW_CTX_TASK_ID='create_db_schema' AIRFLOW_CTX_EXECUTION_DATE='2025-04-24T08:00:00+00:00' AIRFLOW_CTX_TRY_NUMBER='1' AIRFLOW_CTX_DAG_RUN_ID='scheduled__2025-04-24T08:00:00+00:00'
[2025-04-24T08:05:03.739+0000] {logging_mixin.py:190} INFO - Task instance is in running state
[2025-04-24T08:05:03.740+0000] {logging_mixin.py:190} INFO -  Previous state of the Task instance: queued
[2025-04-24T08:05:03.741+0000] {logging_mixin.py:190} INFO - Current task name:create_db_schema state:running start_date:2025-04-24 08:05:03.523248+00:00
[2025-04-24T08:05:03.741+0000] {logging_mixin.py:190} INFO - Dag name:traffic_images_collector and current dag run status:running
[2025-04-24T08:05:03.741+0000] {taskinstance.py:732} INFO - ::endgroup::
[2025-04-24T08:05:03.743+0000] {python.py:240} INFO - Done. Returned value was: None
[2025-04-24T08:05:03.753+0000] {taskinstance.py:341} INFO - ::group::Post task execution logs
[2025-04-24T08:05:03.754+0000] {taskinstance.py:353} INFO - Marking task as SUCCESS. dag_id=traffic_images_collector, task_id=create_db_schema, run_id=scheduled__2025-04-24T08:00:00+00:00, execution_date=20250424T080000, start_date=20250424T080503, end_date=20250424T080503
[2025-04-24T08:05:03.778+0000] {logging_mixin.py:190} INFO - Task instance in success state
[2025-04-24T08:05:03.779+0000] {logging_mixin.py:190} INFO -  Previous state of the Task instance: running
[2025-04-24T08:05:03.779+0000] {logging_mixin.py:190} INFO - Dag name:traffic_images_collector queued_at:2025-04-24 08:05:01.054209+00:00
[2025-04-24T08:05:03.780+0000] {logging_mixin.py:190} INFO - Task hostname:d8cd43aac9c4 operator:_PythonDecoratedOperator
[2025-04-24T08:05:03.825+0000] {local_task_job_runner.py:266} INFO - Task exited with return code 0
[2025-04-24T08:05:03.860+0000] {taskinstance.py:3901} INFO - 1 downstream tasks scheduled from follow-on schedule check
[2025-04-24T08:05:03.862+0000] {local_task_job_runner.py:245} INFO - ::endgroup::
