[2025-04-26T22:15:28.157+0000] {local_task_job_runner.py:123} INFO - ::group::Pre task execution logs
[2025-04-26T22:15:28.175+0000] {taskinstance.py:2614} INFO - Dependencies all met for dep_context=non-requeueable deps ti=<TaskInstance: traffic_images_collector.get_api_key manual__2025-04-26T22:15:22.819786+00:00 [queued]>
[2025-04-26T22:15:28.185+0000] {taskinstance.py:2614} INFO - Dependencies all met for dep_context=requeueable deps ti=<TaskInstance: traffic_images_collector.get_api_key manual__2025-04-26T22:15:22.819786+00:00 [queued]>
[2025-04-26T22:15:28.186+0000] {taskinstance.py:2867} INFO - Starting attempt 1 of 4
[2025-04-26T22:15:28.201+0000] {taskinstance.py:2890} INFO - Executing <Task(_PythonDecoratedOperator): get_api_key> on 2025-04-26 22:15:22.819786+00:00
[2025-04-26T22:15:28.214+0000] {standard_task_runner.py:72} INFO - Started process 756 to run task
[2025-04-26T22:15:28.219+0000] {standard_task_runner.py:104} INFO - Running: ['***', 'tasks', 'run', 'traffic_images_collector', 'get_api_key', 'manual__2025-04-26T22:15:22.819786+00:00', '--job-id', '39', '--raw', '--subdir', 'DAGS_FOLDER/traffic_images_collector.py', '--cfg-path', '/tmp/tmprgzj3l41']
[2025-04-26T22:15:28.221+0000] {standard_task_runner.py:105} INFO - Job 39: Subtask get_api_key
[2025-04-26T22:15:28.284+0000] {task_command.py:467} INFO - Running <TaskInstance: traffic_images_collector.get_api_key manual__2025-04-26T22:15:22.819786+00:00 [running]> on host 59b5c23bc6da
[2025-04-26T22:15:28.678+0000] {taskinstance.py:3134} INFO - Exporting env vars: AIRFLOW_CTX_DAG_OWNER='***' AIRFLOW_CTX_DAG_ID='traffic_images_collector' AIRFLOW_CTX_TASK_ID='get_api_key' AIRFLOW_CTX_EXECUTION_DATE='2025-04-26T22:15:22.819786+00:00' AIRFLOW_CTX_TRY_NUMBER='1' AIRFLOW_CTX_DAG_RUN_ID='manual__2025-04-26T22:15:22.819786+00:00'
[2025-04-26T22:15:28.681+0000] {logging_mixin.py:190} INFO - Task instance is in running state
[2025-04-26T22:15:28.683+0000] {logging_mixin.py:190} INFO -  Previous state of the Task instance: queued
[2025-04-26T22:15:28.684+0000] {logging_mixin.py:190} INFO - Current task name:get_api_key state:running start_date:2025-04-26 22:15:28.177326+00:00
[2025-04-26T22:15:28.685+0000] {logging_mixin.py:190} INFO - Dag name:traffic_images_collector and current dag run status:running
[2025-04-26T22:15:28.686+0000] {taskinstance.py:732} INFO - ::endgroup::
[2025-04-26T22:15:28.698+0000] {base.py:84} INFO - Retrieving connection 'lta_api_connection'
[2025-04-26T22:15:28.700+0000] {python.py:240} INFO - Done. Returned value was: hcyk9gZ6TpmzNPegYOBjKQ==
[2025-04-26T22:15:28.731+0000] {taskinstance.py:341} INFO - ::group::Post task execution logs
[2025-04-26T22:15:28.732+0000] {taskinstance.py:353} INFO - Marking task as SUCCESS. dag_id=traffic_images_collector, task_id=get_api_key, run_id=manual__2025-04-26T22:15:22.819786+00:00, execution_date=20250426T221522, start_date=20250426T221528, end_date=20250426T221528
[2025-04-26T22:15:28.761+0000] {logging_mixin.py:190} INFO - Task instance in success state
[2025-04-26T22:15:28.763+0000] {logging_mixin.py:190} INFO -  Previous state of the Task instance: running
[2025-04-26T22:15:28.764+0000] {logging_mixin.py:190} INFO - Dag name:traffic_images_collector queued_at:2025-04-26 22:15:23.078794+00:00
[2025-04-26T22:15:28.765+0000] {logging_mixin.py:190} INFO - Task hostname:59b5c23bc6da operator:_PythonDecoratedOperator
[2025-04-26T22:15:28.795+0000] {local_task_job_runner.py:266} INFO - Task exited with return code 0
[2025-04-26T22:15:29.109+0000] {taskinstance.py:3901} INFO - 1 downstream tasks scheduled from follow-on schedule check
[2025-04-26T22:15:29.112+0000] {local_task_job_runner.py:245} INFO - ::endgroup::
