[2025-04-25T16:30:05.952+0000] {processor.py:186} INFO - Started process (PID=99) to work on /home/airflow/.local/lib/python3.10/site-packages/airflow/example_dags/plugins/event_listener.py
[2025-04-25T16:30:05.953+0000] {processor.py:914} INFO - Processing file /home/airflow/.local/lib/python3.10/site-packages/airflow/example_dags/plugins/event_listener.py for tasks to queue
[2025-04-25T16:30:05.955+0000] {logging_mixin.py:190} INFO - [2025-04-25T16:30:05.955+0000] {dagbag.py:588} INFO - Filling up the DagBag from /home/airflow/.local/lib/python3.10/site-packages/airflow/example_dags/plugins/event_listener.py
[2025-04-25T16:30:05.958+0000] {processor.py:927} WARNING - No viable dags retrieved from /home/airflow/.local/lib/python3.10/site-packages/airflow/example_dags/plugins/event_listener.py
[2025-04-25T16:30:05.970+0000] {processor.py:208} INFO - Processing /home/airflow/.local/lib/python3.10/site-packages/airflow/example_dags/plugins/event_listener.py took 0.025 seconds
[2025-04-25T16:30:36.606+0000] {processor.py:186} INFO - Started process (PID=165) to work on /home/airflow/.local/lib/python3.10/site-packages/airflow/example_dags/plugins/event_listener.py
[2025-04-25T16:30:36.607+0000] {processor.py:914} INFO - Processing file /home/airflow/.local/lib/python3.10/site-packages/airflow/example_dags/plugins/event_listener.py for tasks to queue
[2025-04-25T16:30:36.610+0000] {logging_mixin.py:190} INFO - [2025-04-25T16:30:36.610+0000] {dagbag.py:588} INFO - Filling up the DagBag from /home/airflow/.local/lib/python3.10/site-packages/airflow/example_dags/plugins/event_listener.py
[2025-04-25T16:30:36.614+0000] {processor.py:927} WARNING - No viable dags retrieved from /home/airflow/.local/lib/python3.10/site-packages/airflow/example_dags/plugins/event_listener.py
[2025-04-25T16:30:36.628+0000] {processor.py:208} INFO - Processing /home/airflow/.local/lib/python3.10/site-packages/airflow/example_dags/plugins/event_listener.py took 0.028 seconds
[2025-04-25T16:31:06.954+0000] {processor.py:186} INFO - Started process (PID=231) to work on /home/airflow/.local/lib/python3.10/site-packages/airflow/example_dags/plugins/event_listener.py
[2025-04-25T16:31:06.955+0000] {processor.py:914} INFO - Processing file /home/airflow/.local/lib/python3.10/site-packages/airflow/example_dags/plugins/event_listener.py for tasks to queue
[2025-04-25T16:31:06.958+0000] {logging_mixin.py:190} INFO - [2025-04-25T16:31:06.957+0000] {dagbag.py:588} INFO - Filling up the DagBag from /home/airflow/.local/lib/python3.10/site-packages/airflow/example_dags/plugins/event_listener.py
[2025-04-25T16:31:06.960+0000] {processor.py:927} WARNING - No viable dags retrieved from /home/airflow/.local/lib/python3.10/site-packages/airflow/example_dags/plugins/event_listener.py
[2025-04-25T16:31:06.972+0000] {processor.py:208} INFO - Processing /home/airflow/.local/lib/python3.10/site-packages/airflow/example_dags/plugins/event_listener.py took 0.024 seconds
[2025-04-25T16:31:38.238+0000] {processor.py:186} INFO - Started process (PID=297) to work on /home/airflow/.local/lib/python3.10/site-packages/airflow/example_dags/plugins/event_listener.py
[2025-04-25T16:31:38.240+0000] {processor.py:914} INFO - Processing file /home/airflow/.local/lib/python3.10/site-packages/airflow/example_dags/plugins/event_listener.py for tasks to queue
[2025-04-25T16:31:38.242+0000] {logging_mixin.py:190} INFO - [2025-04-25T16:31:38.242+0000] {dagbag.py:588} INFO - Filling up the DagBag from /home/airflow/.local/lib/python3.10/site-packages/airflow/example_dags/plugins/event_listener.py
[2025-04-25T16:31:38.245+0000] {processor.py:927} WARNING - No viable dags retrieved from /home/airflow/.local/lib/python3.10/site-packages/airflow/example_dags/plugins/event_listener.py
[2025-04-25T16:31:38.259+0000] {processor.py:208} INFO - Processing /home/airflow/.local/lib/python3.10/site-packages/airflow/example_dags/plugins/event_listener.py took 0.028 seconds
[2025-04-25T16:32:08.928+0000] {processor.py:186} INFO - Started process (PID=363) to work on /home/airflow/.local/lib/python3.10/site-packages/airflow/example_dags/plugins/event_listener.py
[2025-04-25T16:32:08.929+0000] {processor.py:914} INFO - Processing file /home/airflow/.local/lib/python3.10/site-packages/airflow/example_dags/plugins/event_listener.py for tasks to queue
[2025-04-25T16:32:08.931+0000] {logging_mixin.py:190} INFO - [2025-04-25T16:32:08.931+0000] {dagbag.py:588} INFO - Filling up the DagBag from /home/airflow/.local/lib/python3.10/site-packages/airflow/example_dags/plugins/event_listener.py
[2025-04-25T16:32:08.934+0000] {processor.py:927} WARNING - No viable dags retrieved from /home/airflow/.local/lib/python3.10/site-packages/airflow/example_dags/plugins/event_listener.py
[2025-04-25T16:32:08.946+0000] {processor.py:208} INFO - Processing /home/airflow/.local/lib/python3.10/site-packages/airflow/example_dags/plugins/event_listener.py took 0.025 seconds
[2025-04-25T16:32:40.033+0000] {processor.py:186} INFO - Started process (PID=429) to work on /home/airflow/.local/lib/python3.10/site-packages/airflow/example_dags/plugins/event_listener.py
[2025-04-25T16:32:40.034+0000] {processor.py:914} INFO - Processing file /home/airflow/.local/lib/python3.10/site-packages/airflow/example_dags/plugins/event_listener.py for tasks to queue
[2025-04-25T16:32:40.036+0000] {logging_mixin.py:190} INFO - [2025-04-25T16:32:40.035+0000] {dagbag.py:588} INFO - Filling up the DagBag from /home/airflow/.local/lib/python3.10/site-packages/airflow/example_dags/plugins/event_listener.py
[2025-04-25T16:32:40.038+0000] {processor.py:927} WARNING - No viable dags retrieved from /home/airflow/.local/lib/python3.10/site-packages/airflow/example_dags/plugins/event_listener.py
[2025-04-25T16:32:40.051+0000] {processor.py:208} INFO - Processing /home/airflow/.local/lib/python3.10/site-packages/airflow/example_dags/plugins/event_listener.py took 0.025 seconds
[2025-04-25T16:33:11.238+0000] {processor.py:186} INFO - Started process (PID=501) to work on /home/airflow/.local/lib/python3.10/site-packages/airflow/example_dags/plugins/event_listener.py
[2025-04-25T16:33:11.239+0000] {processor.py:914} INFO - Processing file /home/airflow/.local/lib/python3.10/site-packages/airflow/example_dags/plugins/event_listener.py for tasks to queue
[2025-04-25T16:33:11.241+0000] {logging_mixin.py:190} INFO - [2025-04-25T16:33:11.241+0000] {dagbag.py:588} INFO - Filling up the DagBag from /home/airflow/.local/lib/python3.10/site-packages/airflow/example_dags/plugins/event_listener.py
[2025-04-25T16:33:11.244+0000] {processor.py:927} WARNING - No viable dags retrieved from /home/airflow/.local/lib/python3.10/site-packages/airflow/example_dags/plugins/event_listener.py
[2025-04-25T16:33:11.255+0000] {processor.py:208} INFO - Processing /home/airflow/.local/lib/python3.10/site-packages/airflow/example_dags/plugins/event_listener.py took 0.022 seconds
[2025-04-25T16:33:42.068+0000] {processor.py:186} INFO - Started process (PID=567) to work on /home/airflow/.local/lib/python3.10/site-packages/airflow/example_dags/plugins/event_listener.py
[2025-04-25T16:33:42.070+0000] {processor.py:914} INFO - Processing file /home/airflow/.local/lib/python3.10/site-packages/airflow/example_dags/plugins/event_listener.py for tasks to queue
[2025-04-25T16:33:42.072+0000] {logging_mixin.py:190} INFO - [2025-04-25T16:33:42.072+0000] {dagbag.py:588} INFO - Filling up the DagBag from /home/airflow/.local/lib/python3.10/site-packages/airflow/example_dags/plugins/event_listener.py
[2025-04-25T16:33:42.076+0000] {processor.py:927} WARNING - No viable dags retrieved from /home/airflow/.local/lib/python3.10/site-packages/airflow/example_dags/plugins/event_listener.py
[2025-04-25T16:33:42.090+0000] {processor.py:208} INFO - Processing /home/airflow/.local/lib/python3.10/site-packages/airflow/example_dags/plugins/event_listener.py took 0.030 seconds
[2025-04-25T16:34:12.659+0000] {processor.py:186} INFO - Started process (PID=633) to work on /home/airflow/.local/lib/python3.10/site-packages/airflow/example_dags/plugins/event_listener.py
[2025-04-25T16:34:12.660+0000] {processor.py:914} INFO - Processing file /home/airflow/.local/lib/python3.10/site-packages/airflow/example_dags/plugins/event_listener.py for tasks to queue
[2025-04-25T16:34:12.662+0000] {logging_mixin.py:190} INFO - [2025-04-25T16:34:12.662+0000] {dagbag.py:588} INFO - Filling up the DagBag from /home/airflow/.local/lib/python3.10/site-packages/airflow/example_dags/plugins/event_listener.py
[2025-04-25T16:34:12.664+0000] {processor.py:927} WARNING - No viable dags retrieved from /home/airflow/.local/lib/python3.10/site-packages/airflow/example_dags/plugins/event_listener.py
[2025-04-25T16:34:12.677+0000] {processor.py:208} INFO - Processing /home/airflow/.local/lib/python3.10/site-packages/airflow/example_dags/plugins/event_listener.py took 0.024 seconds
[2025-04-25T16:34:43.894+0000] {processor.py:186} INFO - Started process (PID=699) to work on /home/airflow/.local/lib/python3.10/site-packages/airflow/example_dags/plugins/event_listener.py
[2025-04-25T16:34:43.895+0000] {processor.py:914} INFO - Processing file /home/airflow/.local/lib/python3.10/site-packages/airflow/example_dags/plugins/event_listener.py for tasks to queue
[2025-04-25T16:34:43.899+0000] {logging_mixin.py:190} INFO - [2025-04-25T16:34:43.898+0000] {dagbag.py:588} INFO - Filling up the DagBag from /home/airflow/.local/lib/python3.10/site-packages/airflow/example_dags/plugins/event_listener.py
[2025-04-25T16:34:43.902+0000] {processor.py:927} WARNING - No viable dags retrieved from /home/airflow/.local/lib/python3.10/site-packages/airflow/example_dags/plugins/event_listener.py
[2025-04-25T16:34:43.919+0000] {processor.py:208} INFO - Processing /home/airflow/.local/lib/python3.10/site-packages/airflow/example_dags/plugins/event_listener.py took 0.033 seconds
[2025-04-25T16:35:16.645+0000] {processor.py:186} INFO - Started process (PID=773) to work on /home/airflow/.local/lib/python3.10/site-packages/airflow/example_dags/plugins/event_listener.py
[2025-04-25T16:35:16.647+0000] {processor.py:914} INFO - Processing file /home/airflow/.local/lib/python3.10/site-packages/airflow/example_dags/plugins/event_listener.py for tasks to queue
[2025-04-25T16:35:16.650+0000] {logging_mixin.py:190} INFO - [2025-04-25T16:35:16.649+0000] {dagbag.py:588} INFO - Filling up the DagBag from /home/airflow/.local/lib/python3.10/site-packages/airflow/example_dags/plugins/event_listener.py
[2025-04-25T16:35:16.653+0000] {processor.py:927} WARNING - No viable dags retrieved from /home/airflow/.local/lib/python3.10/site-packages/airflow/example_dags/plugins/event_listener.py
[2025-04-25T16:35:16.670+0000] {processor.py:208} INFO - Processing /home/airflow/.local/lib/python3.10/site-packages/airflow/example_dags/plugins/event_listener.py took 0.033 seconds
[2025-04-25T16:35:47.399+0000] {processor.py:186} INFO - Started process (PID=843) to work on /home/airflow/.local/lib/python3.10/site-packages/airflow/example_dags/plugins/event_listener.py
[2025-04-25T16:35:47.400+0000] {processor.py:914} INFO - Processing file /home/airflow/.local/lib/python3.10/site-packages/airflow/example_dags/plugins/event_listener.py for tasks to queue
[2025-04-25T16:35:47.404+0000] {logging_mixin.py:190} INFO - [2025-04-25T16:35:47.403+0000] {dagbag.py:588} INFO - Filling up the DagBag from /home/airflow/.local/lib/python3.10/site-packages/airflow/example_dags/plugins/event_listener.py
[2025-04-25T16:35:47.407+0000] {processor.py:927} WARNING - No viable dags retrieved from /home/airflow/.local/lib/python3.10/site-packages/airflow/example_dags/plugins/event_listener.py
[2025-04-25T16:35:47.421+0000] {processor.py:208} INFO - Processing /home/airflow/.local/lib/python3.10/site-packages/airflow/example_dags/plugins/event_listener.py took 0.029 seconds
[2025-04-25T16:36:18.449+0000] {processor.py:186} INFO - Started process (PID=909) to work on /home/airflow/.local/lib/python3.10/site-packages/airflow/example_dags/plugins/event_listener.py
[2025-04-25T16:36:18.451+0000] {processor.py:914} INFO - Processing file /home/airflow/.local/lib/python3.10/site-packages/airflow/example_dags/plugins/event_listener.py for tasks to queue
[2025-04-25T16:36:18.455+0000] {logging_mixin.py:190} INFO - [2025-04-25T16:36:18.455+0000] {dagbag.py:588} INFO - Filling up the DagBag from /home/airflow/.local/lib/python3.10/site-packages/airflow/example_dags/plugins/event_listener.py
[2025-04-25T16:36:18.459+0000] {processor.py:927} WARNING - No viable dags retrieved from /home/airflow/.local/lib/python3.10/site-packages/airflow/example_dags/plugins/event_listener.py
[2025-04-25T16:36:18.477+0000] {processor.py:208} INFO - Processing /home/airflow/.local/lib/python3.10/site-packages/airflow/example_dags/plugins/event_listener.py took 0.038 seconds
[2025-04-25T16:36:49.058+0000] {processor.py:186} INFO - Started process (PID=975) to work on /home/airflow/.local/lib/python3.10/site-packages/airflow/example_dags/plugins/event_listener.py
[2025-04-25T16:36:49.059+0000] {processor.py:914} INFO - Processing file /home/airflow/.local/lib/python3.10/site-packages/airflow/example_dags/plugins/event_listener.py for tasks to queue
[2025-04-25T16:36:49.061+0000] {logging_mixin.py:190} INFO - [2025-04-25T16:36:49.061+0000] {dagbag.py:588} INFO - Filling up the DagBag from /home/airflow/.local/lib/python3.10/site-packages/airflow/example_dags/plugins/event_listener.py
[2025-04-25T16:36:49.064+0000] {processor.py:927} WARNING - No viable dags retrieved from /home/airflow/.local/lib/python3.10/site-packages/airflow/example_dags/plugins/event_listener.py
[2025-04-25T16:36:49.076+0000] {processor.py:208} INFO - Processing /home/airflow/.local/lib/python3.10/site-packages/airflow/example_dags/plugins/event_listener.py took 0.022 seconds
[2025-04-25T16:37:20.040+0000] {processor.py:186} INFO - Started process (PID=1041) to work on /home/airflow/.local/lib/python3.10/site-packages/airflow/example_dags/plugins/event_listener.py
[2025-04-25T16:37:20.041+0000] {processor.py:914} INFO - Processing file /home/airflow/.local/lib/python3.10/site-packages/airflow/example_dags/plugins/event_listener.py for tasks to queue
[2025-04-25T16:37:20.044+0000] {logging_mixin.py:190} INFO - [2025-04-25T16:37:20.043+0000] {dagbag.py:588} INFO - Filling up the DagBag from /home/airflow/.local/lib/python3.10/site-packages/airflow/example_dags/plugins/event_listener.py
[2025-04-25T16:37:20.046+0000] {processor.py:927} WARNING - No viable dags retrieved from /home/airflow/.local/lib/python3.10/site-packages/airflow/example_dags/plugins/event_listener.py
[2025-04-25T16:37:20.060+0000] {processor.py:208} INFO - Processing /home/airflow/.local/lib/python3.10/site-packages/airflow/example_dags/plugins/event_listener.py took 0.026 seconds
[2025-04-25T16:37:50.482+0000] {processor.py:186} INFO - Started process (PID=1107) to work on /home/airflow/.local/lib/python3.10/site-packages/airflow/example_dags/plugins/event_listener.py
[2025-04-25T16:37:50.483+0000] {processor.py:914} INFO - Processing file /home/airflow/.local/lib/python3.10/site-packages/airflow/example_dags/plugins/event_listener.py for tasks to queue
[2025-04-25T16:37:50.486+0000] {logging_mixin.py:190} INFO - [2025-04-25T16:37:50.485+0000] {dagbag.py:588} INFO - Filling up the DagBag from /home/airflow/.local/lib/python3.10/site-packages/airflow/example_dags/plugins/event_listener.py
[2025-04-25T16:37:50.488+0000] {processor.py:927} WARNING - No viable dags retrieved from /home/airflow/.local/lib/python3.10/site-packages/airflow/example_dags/plugins/event_listener.py
[2025-04-25T16:37:50.503+0000] {processor.py:208} INFO - Processing /home/airflow/.local/lib/python3.10/site-packages/airflow/example_dags/plugins/event_listener.py took 0.030 seconds
[2025-04-25T16:38:21.755+0000] {processor.py:186} INFO - Started process (PID=1173) to work on /home/airflow/.local/lib/python3.10/site-packages/airflow/example_dags/plugins/event_listener.py
[2025-04-25T16:38:21.756+0000] {processor.py:914} INFO - Processing file /home/airflow/.local/lib/python3.10/site-packages/airflow/example_dags/plugins/event_listener.py for tasks to queue
[2025-04-25T16:38:21.758+0000] {logging_mixin.py:190} INFO - [2025-04-25T16:38:21.758+0000] {dagbag.py:588} INFO - Filling up the DagBag from /home/airflow/.local/lib/python3.10/site-packages/airflow/example_dags/plugins/event_listener.py
[2025-04-25T16:38:21.760+0000] {processor.py:927} WARNING - No viable dags retrieved from /home/airflow/.local/lib/python3.10/site-packages/airflow/example_dags/plugins/event_listener.py
[2025-04-25T16:38:21.776+0000] {processor.py:208} INFO - Processing /home/airflow/.local/lib/python3.10/site-packages/airflow/example_dags/plugins/event_listener.py took 0.027 seconds
[2025-04-25T16:38:53.632+0000] {processor.py:186} INFO - Started process (PID=1239) to work on /home/airflow/.local/lib/python3.10/site-packages/airflow/example_dags/plugins/event_listener.py
[2025-04-25T16:38:53.634+0000] {processor.py:914} INFO - Processing file /home/airflow/.local/lib/python3.10/site-packages/airflow/example_dags/plugins/event_listener.py for tasks to queue
[2025-04-25T16:38:53.636+0000] {logging_mixin.py:190} INFO - [2025-04-25T16:38:53.636+0000] {dagbag.py:588} INFO - Filling up the DagBag from /home/airflow/.local/lib/python3.10/site-packages/airflow/example_dags/plugins/event_listener.py
[2025-04-25T16:38:53.639+0000] {processor.py:927} WARNING - No viable dags retrieved from /home/airflow/.local/lib/python3.10/site-packages/airflow/example_dags/plugins/event_listener.py
[2025-04-25T16:38:53.653+0000] {processor.py:208} INFO - Processing /home/airflow/.local/lib/python3.10/site-packages/airflow/example_dags/plugins/event_listener.py took 0.027 seconds
