[2025-04-24T13:50:23.183+0000] {local_task_job_runner.py:123} INFO - ::group::Pre task execution logs
[2025-04-24T13:50:23.204+0000] {taskinstance.py:2614} INFO - Dependencies all met for dep_context=non-requeueable deps ti=<TaskInstance: traffic_images_collector.get_api_key scheduled__2025-04-24T13:35:00+00:00 [queued]>
[2025-04-24T13:50:23.217+0000] {taskinstance.py:2614} INFO - Dependencies all met for dep_context=requeueable deps ti=<TaskInstance: traffic_images_collector.get_api_key scheduled__2025-04-24T13:35:00+00:00 [queued]>
[2025-04-24T13:50:23.218+0000] {taskinstance.py:2867} INFO - Starting attempt 2 of 5
[2025-04-24T13:50:23.236+0000] {taskinstance.py:2890} INFO - Executing <Task(_PythonDecoratedOperator): get_api_key> on 2025-04-24 13:35:00+00:00
[2025-04-24T13:50:23.251+0000] {standard_task_runner.py:72} INFO - Started process 184 to run task
[2025-04-24T13:50:23.256+0000] {standard_task_runner.py:104} INFO - Running: ['***', 'tasks', 'run', 'traffic_images_collector', 'get_api_key', 'scheduled__2025-04-24T13:35:00+00:00', '--job-id', '7', '--raw', '--subdir', 'DAGS_FOLDER/traffic_images_collector.py', '--cfg-path', '/tmp/tmphdpzr39l']
[2025-04-24T13:50:23.259+0000] {standard_task_runner.py:105} INFO - Job 7: Subtask get_api_key
[2025-04-24T13:50:23.331+0000] {task_command.py:467} INFO - Running <TaskInstance: traffic_images_collector.get_api_key scheduled__2025-04-24T13:35:00+00:00 [running]> on host 59b5c23bc6da
[2025-04-24T13:50:23.755+0000] {taskinstance.py:3134} INFO - Exporting env vars: AIRFLOW_CTX_DAG_OWNER='***' AIRFLOW_CTX_DAG_ID='traffic_images_collector' AIRFLOW_CTX_TASK_ID='get_api_key' AIRFLOW_CTX_EXECUTION_DATE='2025-04-24T13:35:00+00:00' AIRFLOW_CTX_TRY_NUMBER='2' AIRFLOW_CTX_DAG_RUN_ID='scheduled__2025-04-24T13:35:00+00:00'
[2025-04-24T13:50:23.757+0000] {logging_mixin.py:190} INFO - Task instance is in running state
[2025-04-24T13:50:23.758+0000] {logging_mixin.py:190} INFO -  Previous state of the Task instance: queued
[2025-04-24T13:50:23.759+0000] {logging_mixin.py:190} INFO - Current task name:get_api_key state:running start_date:2025-04-24 13:50:23.206129+00:00
[2025-04-24T13:50:23.760+0000] {logging_mixin.py:190} INFO - Dag name:traffic_images_collector and current dag run status:running
[2025-04-24T13:50:23.761+0000] {taskinstance.py:732} INFO - ::endgroup::
[2025-04-24T13:50:23.773+0000] {base.py:84} INFO - Retrieving connection 'lta_api_connection'
[2025-04-24T13:50:23.774+0000] {python.py:240} INFO - Done. Returned value was: hcyk9gZ6TpmzNPegYOBjKQ==
[2025-04-24T13:50:23.799+0000] {taskinstance.py:341} INFO - ::group::Post task execution logs
[2025-04-24T13:50:23.800+0000] {taskinstance.py:353} INFO - Marking task as SUCCESS. dag_id=traffic_images_collector, task_id=get_api_key, run_id=scheduled__2025-04-24T13:35:00+00:00, execution_date=20250424T133500, start_date=20250424T135023, end_date=20250424T135023
[2025-04-24T13:50:23.834+0000] {logging_mixin.py:190} INFO - Task instance in success state
[2025-04-24T13:50:23.835+0000] {logging_mixin.py:190} INFO -  Previous state of the Task instance: running
[2025-04-24T13:50:23.836+0000] {logging_mixin.py:190} INFO - Dag name:traffic_images_collector queued_at:2025-04-24 13:43:04.802380+00:00
[2025-04-24T13:50:23.838+0000] {logging_mixin.py:190} INFO - Task hostname:59b5c23bc6da operator:_PythonDecoratedOperator
[2025-04-24T13:50:23.872+0000] {local_task_job_runner.py:266} INFO - Task exited with return code 0
[2025-04-24T13:50:24.224+0000] {taskinstance.py:3901} INFO - 1 downstream tasks scheduled from follow-on schedule check
[2025-04-24T13:50:24.227+0000] {local_task_job_runner.py:245} INFO - ::endgroup::
