[2025-04-24T08:02:12.428+0000] {local_task_job_runner.py:123} INFO - ::group::Pre task execution logs
[2025-04-24T08:02:12.743+0000] {taskinstance.py:2614} INFO - Dependencies all met for dep_context=non-requeueable deps ti=<TaskInstance: traffic_images_collector.clear_table scheduled__2025-04-24T07:55:00+00:00 [queued]>
[2025-04-24T08:02:12.759+0000] {taskinstance.py:2614} INFO - Dependencies all met for dep_context=requeueable deps ti=<TaskInstance: traffic_images_collector.clear_table scheduled__2025-04-24T07:55:00+00:00 [queued]>
[2025-04-24T08:02:12.759+0000] {taskinstance.py:2867} INFO - Starting attempt 1 of 4
[2025-04-24T08:02:12.778+0000] {taskinstance.py:2890} INFO - Executing <Task(_PythonDecoratedOperator): clear_table> on 2025-04-24 07:55:00+00:00
[2025-04-24T08:02:12.795+0000] {warnings.py:112} WARNING - /home/***/.local/lib/python3.12/site-packages/***/task/task_runner/standard_task_runner.py:70: DeprecationWarning: This process (pid=632) is multi-threaded, use of fork() may lead to deadlocks in the child.
  pid = os.fork()

[2025-04-24T08:02:12.805+0000] {standard_task_runner.py:72} INFO - Started process 638 to run task
[2025-04-24T08:02:12.804+0000] {standard_task_runner.py:104} INFO - Running: ['***', 'tasks', 'run', 'traffic_images_collector', 'clear_table', 'scheduled__2025-04-24T07:55:00+00:00', '--job-id', '22', '--raw', '--subdir', 'DAGS_FOLDER/traffic_images_collector.py', '--cfg-path', '/tmp/tmpnh1zhgrz']
[2025-04-24T08:02:12.806+0000] {standard_task_runner.py:105} INFO - Job 22: Subtask clear_table
[2025-04-24T08:02:12.897+0000] {task_command.py:467} INFO - Running <TaskInstance: traffic_images_collector.clear_table scheduled__2025-04-24T07:55:00+00:00 [running]> on host d8cd43aac9c4
[2025-04-24T08:02:13.031+0000] {taskinstance.py:3134} INFO - Exporting env vars: AIRFLOW_CTX_DAG_OWNER='***' AIRFLOW_CTX_DAG_ID='traffic_images_collector' AIRFLOW_CTX_TASK_ID='clear_table' AIRFLOW_CTX_EXECUTION_DATE='2025-04-24T07:55:00+00:00' AIRFLOW_CTX_TRY_NUMBER='1' AIRFLOW_CTX_DAG_RUN_ID='scheduled__2025-04-24T07:55:00+00:00'
[2025-04-24T08:02:13.032+0000] {logging_mixin.py:190} INFO - Task instance is in running state
[2025-04-24T08:02:13.033+0000] {logging_mixin.py:190} INFO -  Previous state of the Task instance: queued
[2025-04-24T08:02:13.034+0000] {logging_mixin.py:190} INFO - Current task name:clear_table state:running start_date:2025-04-24 08:02:12.744761+00:00
[2025-04-24T08:02:13.034+0000] {logging_mixin.py:190} INFO - Dag name:traffic_images_collector and current dag run status:running
[2025-04-24T08:02:13.035+0000] {taskinstance.py:732} INFO - ::endgroup::
[2025-04-24T08:02:13.040+0000] {python.py:240} INFO - Done. Returned value was: None
[2025-04-24T08:02:13.055+0000] {taskinstance.py:341} INFO - ::group::Post task execution logs
[2025-04-24T08:02:13.055+0000] {taskinstance.py:353} INFO - Marking task as SUCCESS. dag_id=traffic_images_collector, task_id=clear_table, run_id=scheduled__2025-04-24T07:55:00+00:00, execution_date=20250424T075500, start_date=20250424T080212, end_date=20250424T080213
[2025-04-24T08:02:13.086+0000] {logging_mixin.py:190} INFO - Task instance in success state
[2025-04-24T08:02:13.087+0000] {logging_mixin.py:190} INFO -  Previous state of the Task instance: running
[2025-04-24T08:02:13.087+0000] {logging_mixin.py:190} INFO - Dag name:traffic_images_collector queued_at:2025-04-24 08:02:07.185406+00:00
[2025-04-24T08:02:13.088+0000] {logging_mixin.py:190} INFO - Task hostname:d8cd43aac9c4 operator:_PythonDecoratedOperator
[2025-04-24T08:02:13.144+0000] {local_task_job_runner.py:266} INFO - Task exited with return code 0
[2025-04-24T08:02:13.176+0000] {taskinstance.py:3901} INFO - 0 downstream tasks scheduled from follow-on schedule check
[2025-04-24T08:02:13.178+0000] {local_task_job_runner.py:245} INFO - ::endgroup::
