[2025-04-26T22:09:27.862+0000] {local_task_job_runner.py:123} INFO - ::group::Pre task execution logs
[2025-04-26T22:09:27.888+0000] {taskinstance.py:2614} INFO - Dependencies all met for dep_context=non-requeueable deps ti=<TaskInstance: traffic_images_collector.upsert_data manual__2025-04-26T22:09:14.828477+00:00 [queued]>
[2025-04-26T22:09:27.904+0000] {taskinstance.py:2614} INFO - Dependencies all met for dep_context=requeueable deps ti=<TaskInstance: traffic_images_collector.upsert_data manual__2025-04-26T22:09:14.828477+00:00 [queued]>
[2025-04-26T22:09:27.905+0000] {taskinstance.py:2867} INFO - Starting attempt 1 of 4
[2025-04-26T22:09:27.923+0000] {taskinstance.py:2890} INFO - Executing <Task(_PythonDecoratedOperator): upsert_data> on 2025-04-26 22:09:14.828477+00:00
[2025-04-26T22:09:27.937+0000] {standard_task_runner.py:72} INFO - Started process 677 to run task
[2025-04-26T22:09:27.942+0000] {standard_task_runner.py:104} INFO - Running: ['***', 'tasks', 'run', 'traffic_images_collector', 'upsert_data', 'manual__2025-04-26T22:09:14.828477+00:00', '--job-id', '37', '--raw', '--subdir', 'DAGS_FOLDER/traffic_images_collector.py', '--cfg-path', '/tmp/tmpgobsjao2']
[2025-04-26T22:09:27.945+0000] {standard_task_runner.py:105} INFO - Job 37: Subtask upsert_data
[2025-04-26T22:09:28.004+0000] {task_command.py:467} INFO - Running <TaskInstance: traffic_images_collector.upsert_data manual__2025-04-26T22:09:14.828477+00:00 [running]> on host 59b5c23bc6da
[2025-04-26T22:09:28.551+0000] {taskinstance.py:3134} INFO - Exporting env vars: AIRFLOW_CTX_DAG_OWNER='***' AIRFLOW_CTX_DAG_ID='traffic_images_collector' AIRFLOW_CTX_TASK_ID='upsert_data' AIRFLOW_CTX_EXECUTION_DATE='2025-04-26T22:09:14.828477+00:00' AIRFLOW_CTX_TRY_NUMBER='1' AIRFLOW_CTX_DAG_RUN_ID='manual__2025-04-26T22:09:14.828477+00:00'
[2025-04-26T22:09:28.553+0000] {logging_mixin.py:190} INFO - Task instance is in running state
[2025-04-26T22:09:28.555+0000] {logging_mixin.py:190} INFO -  Previous state of the Task instance: queued
[2025-04-26T22:09:28.556+0000] {logging_mixin.py:190} INFO - Current task name:upsert_data state:running start_date:2025-04-26 22:09:27.890573+00:00
[2025-04-26T22:09:28.558+0000] {logging_mixin.py:190} INFO - Dag name:traffic_images_collector and current dag run status:running
[2025-04-26T22:09:28.559+0000] {taskinstance.py:732} INFO - ::endgroup::
[2025-04-26T22:09:28.574+0000] {base.py:84} INFO - Retrieving connection 'lta_api_connection'
[2025-04-26T22:09:29.205+0000] {_client.py:1026} INFO - HTTP Request: POST https://vcyztregkuonlsqmljtt.supabase.co/rest/v1/TrafficImages?columns=%22Latitude%22%2C%22CameraID%22%2C%22Longitude%22%2C%22ImageLink%22 "HTTP/2 200 OK"
[2025-04-26T22:09:29.279+0000] {python.py:240} INFO - Done. Returned value was: None
[2025-04-26T22:09:29.305+0000] {taskinstance.py:341} INFO - ::group::Post task execution logs
[2025-04-26T22:09:29.307+0000] {taskinstance.py:353} INFO - Marking task as SUCCESS. dag_id=traffic_images_collector, task_id=upsert_data, run_id=manual__2025-04-26T22:09:14.828477+00:00, execution_date=20250426T220914, start_date=20250426T220927, end_date=20250426T220929
[2025-04-26T22:09:29.350+0000] {logging_mixin.py:190} INFO - Task instance in success state
[2025-04-26T22:09:29.352+0000] {logging_mixin.py:190} INFO -  Previous state of the Task instance: running
[2025-04-26T22:09:29.354+0000] {logging_mixin.py:190} INFO - Dag name:traffic_images_collector queued_at:2025-04-26 22:09:14.880131+00:00
[2025-04-26T22:09:29.355+0000] {logging_mixin.py:190} INFO - Task hostname:59b5c23bc6da operator:_PythonDecoratedOperator
[2025-04-26T22:09:29.403+0000] {local_task_job_runner.py:266} INFO - Task exited with return code 0
[2025-04-26T22:09:29.746+0000] {taskinstance.py:3901} INFO - 0 downstream tasks scheduled from follow-on schedule check
[2025-04-26T22:09:29.750+0000] {local_task_job_runner.py:245} INFO - ::endgroup::
