[2025-04-24T08:10:02.241+0000] {local_task_job_runner.py:123} INFO - ::group::Pre task execution logs
[2025-04-24T08:10:02.436+0000] {taskinstance.py:2614} INFO - Dependencies all met for dep_context=non-requeueable deps ti=<TaskInstance: traffic_images_collector.create_db_schema scheduled__2025-04-24T08:05:00+00:00 [queued]>
[2025-04-24T08:10:02.444+0000] {taskinstance.py:2614} INFO - Dependencies all met for dep_context=requeueable deps ti=<TaskInstance: traffic_images_collector.create_db_schema scheduled__2025-04-24T08:05:00+00:00 [queued]>
[2025-04-24T08:10:02.444+0000] {taskinstance.py:2867} INFO - Starting attempt 1 of 4
[2025-04-24T08:10:02.462+0000] {taskinstance.py:2890} INFO - Executing <Task(_PythonDecoratedOperator): create_db_schema> on 2025-04-24 08:05:00+00:00
[2025-04-24T08:10:02.473+0000] {warnings.py:112} WARNING - /home/***/.local/lib/python3.12/site-packages/***/task/task_runner/standard_task_runner.py:70: DeprecationWarning: This process (pid=797) is multi-threaded, use of fork() may lead to deadlocks in the child.
  pid = os.fork()

[2025-04-24T08:10:02.475+0000] {standard_task_runner.py:104} INFO - Running: ['***', 'tasks', 'run', 'traffic_images_collector', 'create_db_schema', 'scheduled__2025-04-24T08:05:00+00:00', '--job-id', '38', '--raw', '--subdir', 'DAGS_FOLDER/traffic_images_collector.py', '--cfg-path', '/tmp/tmpttycwdc2']
[2025-04-24T08:10:02.475+0000] {standard_task_runner.py:72} INFO - Started process 802 to run task
[2025-04-24T08:10:02.476+0000] {standard_task_runner.py:105} INFO - Job 38: Subtask create_db_schema
[2025-04-24T08:10:02.526+0000] {task_command.py:467} INFO - Running <TaskInstance: traffic_images_collector.create_db_schema scheduled__2025-04-24T08:05:00+00:00 [running]> on host d8cd43aac9c4
[2025-04-24T08:10:02.613+0000] {taskinstance.py:3134} INFO - Exporting env vars: AIRFLOW_CTX_DAG_OWNER='***' AIRFLOW_CTX_DAG_ID='traffic_images_collector' AIRFLOW_CTX_TASK_ID='create_db_schema' AIRFLOW_CTX_EXECUTION_DATE='2025-04-24T08:05:00+00:00' AIRFLOW_CTX_TRY_NUMBER='1' AIRFLOW_CTX_DAG_RUN_ID='scheduled__2025-04-24T08:05:00+00:00'
[2025-04-24T08:10:02.614+0000] {logging_mixin.py:190} INFO - Task instance is in running state
[2025-04-24T08:10:02.615+0000] {logging_mixin.py:190} INFO -  Previous state of the Task instance: queued
[2025-04-24T08:10:02.615+0000] {logging_mixin.py:190} INFO - Current task name:create_db_schema state:running start_date:2025-04-24 08:10:02.437238+00:00
[2025-04-24T08:10:02.615+0000] {logging_mixin.py:190} INFO - Dag name:traffic_images_collector and current dag run status:running
[2025-04-24T08:10:02.616+0000] {taskinstance.py:732} INFO - ::endgroup::
[2025-04-24T08:10:02.617+0000] {python.py:240} INFO - Done. Returned value was: None
[2025-04-24T08:10:02.626+0000] {taskinstance.py:341} INFO - ::group::Post task execution logs
[2025-04-24T08:10:02.627+0000] {taskinstance.py:353} INFO - Marking task as SUCCESS. dag_id=traffic_images_collector, task_id=create_db_schema, run_id=scheduled__2025-04-24T08:05:00+00:00, execution_date=20250424T080500, start_date=20250424T081002, end_date=20250424T081002
[2025-04-24T08:10:02.648+0000] {logging_mixin.py:190} INFO - Task instance in success state
[2025-04-24T08:10:02.649+0000] {logging_mixin.py:190} INFO -  Previous state of the Task instance: running
[2025-04-24T08:10:02.649+0000] {logging_mixin.py:190} INFO - Dag name:traffic_images_collector queued_at:2025-04-24 08:10:00.679307+00:00
[2025-04-24T08:10:02.650+0000] {logging_mixin.py:190} INFO - Task hostname:d8cd43aac9c4 operator:_PythonDecoratedOperator
[2025-04-24T08:10:02.690+0000] {local_task_job_runner.py:266} INFO - Task exited with return code 0
[2025-04-24T08:10:02.700+0000] {local_task_job_runner.py:245} INFO - ::endgroup::
