[2025-04-27T00:00:26.731+0000] {processor.py:186} INFO - Started process (PID=20327) to work on /home/airflow/.local/lib/python3.10/site-packages/airflow/example_dags/example_params_trigger_ui.py
[2025-04-27T00:00:26.732+0000] {processor.py:914} INFO - Processing file /home/airflow/.local/lib/python3.10/site-packages/airflow/example_dags/example_params_trigger_ui.py for tasks to queue
[2025-04-27T00:00:26.735+0000] {logging_mixin.py:190} INFO - [2025-04-27T00:00:26.734+0000] {dagbag.py:588} INFO - Filling up the DagBag from /home/airflow/.local/lib/python3.10/site-packages/airflow/example_dags/example_params_trigger_ui.py
[2025-04-27T00:00:26.745+0000] {processor.py:925} INFO - DAG(s) 'example_params_trigger_ui' retrieved from /home/airflow/.local/lib/python3.10/site-packages/airflow/example_dags/example_params_trigger_ui.py
[2025-04-27T00:00:26.794+0000] {logging_mixin.py:190} INFO - [2025-04-27T00:00:26.793+0000] {dag.py:3239} INFO - Sync 1 DAGs
[2025-04-27T00:00:26.808+0000] {logging_mixin.py:190} INFO - [2025-04-27T00:00:26.807+0000] {dag.py:4180} INFO - Setting next_dagrun for example_params_trigger_ui to None, run_after=None
[2025-04-27T00:00:26.825+0000] {processor.py:208} INFO - Processing /home/airflow/.local/lib/python3.10/site-packages/airflow/example_dags/example_params_trigger_ui.py took 0.100 seconds
[2025-04-27T00:00:57.084+0000] {processor.py:186} INFO - Started process (PID=20393) to work on /home/airflow/.local/lib/python3.10/site-packages/airflow/example_dags/example_params_trigger_ui.py
[2025-04-27T00:00:57.085+0000] {processor.py:914} INFO - Processing file /home/airflow/.local/lib/python3.10/site-packages/airflow/example_dags/example_params_trigger_ui.py for tasks to queue
[2025-04-27T00:00:57.088+0000] {logging_mixin.py:190} INFO - [2025-04-27T00:00:57.087+0000] {dagbag.py:588} INFO - Filling up the DagBag from /home/airflow/.local/lib/python3.10/site-packages/airflow/example_dags/example_params_trigger_ui.py
[2025-04-27T00:00:57.098+0000] {processor.py:925} INFO - DAG(s) 'example_params_trigger_ui' retrieved from /home/airflow/.local/lib/python3.10/site-packages/airflow/example_dags/example_params_trigger_ui.py
[2025-04-27T00:00:57.148+0000] {logging_mixin.py:190} INFO - [2025-04-27T00:00:57.148+0000] {dag.py:3239} INFO - Sync 1 DAGs
[2025-04-27T00:00:57.164+0000] {logging_mixin.py:190} INFO - [2025-04-27T00:00:57.164+0000] {dag.py:4180} INFO - Setting next_dagrun for example_params_trigger_ui to None, run_after=None
[2025-04-27T00:00:57.184+0000] {processor.py:208} INFO - Processing /home/airflow/.local/lib/python3.10/site-packages/airflow/example_dags/example_params_trigger_ui.py took 0.105 seconds
[2025-04-27T00:01:27.500+0000] {processor.py:186} INFO - Started process (PID=20459) to work on /home/airflow/.local/lib/python3.10/site-packages/airflow/example_dags/example_params_trigger_ui.py
[2025-04-27T00:01:27.501+0000] {processor.py:914} INFO - Processing file /home/airflow/.local/lib/python3.10/site-packages/airflow/example_dags/example_params_trigger_ui.py for tasks to queue
[2025-04-27T00:01:27.503+0000] {logging_mixin.py:190} INFO - [2025-04-27T00:01:27.503+0000] {dagbag.py:588} INFO - Filling up the DagBag from /home/airflow/.local/lib/python3.10/site-packages/airflow/example_dags/example_params_trigger_ui.py
[2025-04-27T00:01:27.517+0000] {processor.py:925} INFO - DAG(s) 'example_params_trigger_ui' retrieved from /home/airflow/.local/lib/python3.10/site-packages/airflow/example_dags/example_params_trigger_ui.py
[2025-04-27T00:01:27.567+0000] {logging_mixin.py:190} INFO - [2025-04-27T00:01:27.567+0000] {dag.py:3239} INFO - Sync 1 DAGs
[2025-04-27T00:01:27.584+0000] {logging_mixin.py:190} INFO - [2025-04-27T00:01:27.583+0000] {dag.py:4180} INFO - Setting next_dagrun for example_params_trigger_ui to None, run_after=None
[2025-04-27T00:01:27.604+0000] {processor.py:208} INFO - Processing /home/airflow/.local/lib/python3.10/site-packages/airflow/example_dags/example_params_trigger_ui.py took 0.110 seconds
[2025-04-27T00:01:58.051+0000] {processor.py:186} INFO - Started process (PID=20525) to work on /home/airflow/.local/lib/python3.10/site-packages/airflow/example_dags/example_params_trigger_ui.py
[2025-04-27T00:01:58.052+0000] {processor.py:914} INFO - Processing file /home/airflow/.local/lib/python3.10/site-packages/airflow/example_dags/example_params_trigger_ui.py for tasks to queue
[2025-04-27T00:01:58.055+0000] {logging_mixin.py:190} INFO - [2025-04-27T00:01:58.054+0000] {dagbag.py:588} INFO - Filling up the DagBag from /home/airflow/.local/lib/python3.10/site-packages/airflow/example_dags/example_params_trigger_ui.py
[2025-04-27T00:01:58.065+0000] {processor.py:925} INFO - DAG(s) 'example_params_trigger_ui' retrieved from /home/airflow/.local/lib/python3.10/site-packages/airflow/example_dags/example_params_trigger_ui.py
[2025-04-27T00:01:58.111+0000] {logging_mixin.py:190} INFO - [2025-04-27T00:01:58.111+0000] {dag.py:3239} INFO - Sync 1 DAGs
[2025-04-27T00:01:58.125+0000] {logging_mixin.py:190} INFO - [2025-04-27T00:01:58.125+0000] {dag.py:4180} INFO - Setting next_dagrun for example_params_trigger_ui to None, run_after=None
[2025-04-27T00:01:58.144+0000] {processor.py:208} INFO - Processing /home/airflow/.local/lib/python3.10/site-packages/airflow/example_dags/example_params_trigger_ui.py took 0.099 seconds
[2025-04-27T00:02:28.201+0000] {processor.py:186} INFO - Started process (PID=20590) to work on /home/airflow/.local/lib/python3.10/site-packages/airflow/example_dags/example_params_trigger_ui.py
[2025-04-27T00:02:28.202+0000] {processor.py:914} INFO - Processing file /home/airflow/.local/lib/python3.10/site-packages/airflow/example_dags/example_params_trigger_ui.py for tasks to queue
[2025-04-27T00:02:28.205+0000] {logging_mixin.py:190} INFO - [2025-04-27T00:02:28.204+0000] {dagbag.py:588} INFO - Filling up the DagBag from /home/airflow/.local/lib/python3.10/site-packages/airflow/example_dags/example_params_trigger_ui.py
[2025-04-27T00:02:28.217+0000] {processor.py:925} INFO - DAG(s) 'example_params_trigger_ui' retrieved from /home/airflow/.local/lib/python3.10/site-packages/airflow/example_dags/example_params_trigger_ui.py
[2025-04-27T00:02:28.268+0000] {logging_mixin.py:190} INFO - [2025-04-27T00:02:28.267+0000] {dag.py:3239} INFO - Sync 1 DAGs
[2025-04-27T00:02:28.282+0000] {logging_mixin.py:190} INFO - [2025-04-27T00:02:28.282+0000] {dag.py:4180} INFO - Setting next_dagrun for example_params_trigger_ui to None, run_after=None
[2025-04-27T00:02:28.301+0000] {processor.py:208} INFO - Processing /home/airflow/.local/lib/python3.10/site-packages/airflow/example_dags/example_params_trigger_ui.py took 0.107 seconds
[2025-04-27T00:02:58.408+0000] {processor.py:186} INFO - Started process (PID=20656) to work on /home/airflow/.local/lib/python3.10/site-packages/airflow/example_dags/example_params_trigger_ui.py
[2025-04-27T00:02:58.409+0000] {processor.py:914} INFO - Processing file /home/airflow/.local/lib/python3.10/site-packages/airflow/example_dags/example_params_trigger_ui.py for tasks to queue
[2025-04-27T00:02:58.411+0000] {logging_mixin.py:190} INFO - [2025-04-27T00:02:58.410+0000] {dagbag.py:588} INFO - Filling up the DagBag from /home/airflow/.local/lib/python3.10/site-packages/airflow/example_dags/example_params_trigger_ui.py
[2025-04-27T00:02:58.422+0000] {processor.py:925} INFO - DAG(s) 'example_params_trigger_ui' retrieved from /home/airflow/.local/lib/python3.10/site-packages/airflow/example_dags/example_params_trigger_ui.py
[2025-04-27T00:02:58.466+0000] {logging_mixin.py:190} INFO - [2025-04-27T00:02:58.466+0000] {dag.py:3239} INFO - Sync 1 DAGs
[2025-04-27T00:02:58.480+0000] {logging_mixin.py:190} INFO - [2025-04-27T00:02:58.480+0000] {dag.py:4180} INFO - Setting next_dagrun for example_params_trigger_ui to None, run_after=None
[2025-04-27T00:02:58.500+0000] {processor.py:208} INFO - Processing /home/airflow/.local/lib/python3.10/site-packages/airflow/example_dags/example_params_trigger_ui.py took 0.098 seconds
[2025-04-27T00:03:28.815+0000] {processor.py:186} INFO - Started process (PID=20723) to work on /home/airflow/.local/lib/python3.10/site-packages/airflow/example_dags/example_params_trigger_ui.py
[2025-04-27T00:03:28.816+0000] {processor.py:914} INFO - Processing file /home/airflow/.local/lib/python3.10/site-packages/airflow/example_dags/example_params_trigger_ui.py for tasks to queue
[2025-04-27T00:03:28.818+0000] {logging_mixin.py:190} INFO - [2025-04-27T00:03:28.818+0000] {dagbag.py:588} INFO - Filling up the DagBag from /home/airflow/.local/lib/python3.10/site-packages/airflow/example_dags/example_params_trigger_ui.py
[2025-04-27T00:03:28.835+0000] {processor.py:925} INFO - DAG(s) 'example_params_trigger_ui' retrieved from /home/airflow/.local/lib/python3.10/site-packages/airflow/example_dags/example_params_trigger_ui.py
[2025-04-27T00:03:28.887+0000] {logging_mixin.py:190} INFO - [2025-04-27T00:03:28.887+0000] {dag.py:3239} INFO - Sync 1 DAGs
[2025-04-27T00:03:28.904+0000] {logging_mixin.py:190} INFO - [2025-04-27T00:03:28.903+0000] {dag.py:4180} INFO - Setting next_dagrun for example_params_trigger_ui to None, run_after=None
[2025-04-27T00:03:28.923+0000] {processor.py:208} INFO - Processing /home/airflow/.local/lib/python3.10/site-packages/airflow/example_dags/example_params_trigger_ui.py took 0.114 seconds
[2025-04-27T00:03:59.286+0000] {processor.py:186} INFO - Started process (PID=20789) to work on /home/airflow/.local/lib/python3.10/site-packages/airflow/example_dags/example_params_trigger_ui.py
[2025-04-27T00:03:59.287+0000] {processor.py:914} INFO - Processing file /home/airflow/.local/lib/python3.10/site-packages/airflow/example_dags/example_params_trigger_ui.py for tasks to queue
[2025-04-27T00:03:59.290+0000] {logging_mixin.py:190} INFO - [2025-04-27T00:03:59.290+0000] {dagbag.py:588} INFO - Filling up the DagBag from /home/airflow/.local/lib/python3.10/site-packages/airflow/example_dags/example_params_trigger_ui.py
[2025-04-27T00:03:59.303+0000] {processor.py:925} INFO - DAG(s) 'example_params_trigger_ui' retrieved from /home/airflow/.local/lib/python3.10/site-packages/airflow/example_dags/example_params_trigger_ui.py
[2025-04-27T00:03:59.365+0000] {logging_mixin.py:190} INFO - [2025-04-27T00:03:59.365+0000] {dag.py:3239} INFO - Sync 1 DAGs
[2025-04-27T00:03:59.381+0000] {logging_mixin.py:190} INFO - [2025-04-27T00:03:59.380+0000] {dag.py:4180} INFO - Setting next_dagrun for example_params_trigger_ui to None, run_after=None
[2025-04-27T00:03:59.402+0000] {processor.py:208} INFO - Processing /home/airflow/.local/lib/python3.10/site-packages/airflow/example_dags/example_params_trigger_ui.py took 0.123 seconds
[2025-04-27T00:04:29.579+0000] {processor.py:186} INFO - Started process (PID=20855) to work on /home/airflow/.local/lib/python3.10/site-packages/airflow/example_dags/example_params_trigger_ui.py
[2025-04-27T00:04:29.580+0000] {processor.py:914} INFO - Processing file /home/airflow/.local/lib/python3.10/site-packages/airflow/example_dags/example_params_trigger_ui.py for tasks to queue
[2025-04-27T00:04:29.582+0000] {logging_mixin.py:190} INFO - [2025-04-27T00:04:29.582+0000] {dagbag.py:588} INFO - Filling up the DagBag from /home/airflow/.local/lib/python3.10/site-packages/airflow/example_dags/example_params_trigger_ui.py
[2025-04-27T00:04:29.592+0000] {processor.py:925} INFO - DAG(s) 'example_params_trigger_ui' retrieved from /home/airflow/.local/lib/python3.10/site-packages/airflow/example_dags/example_params_trigger_ui.py
[2025-04-27T00:04:29.642+0000] {logging_mixin.py:190} INFO - [2025-04-27T00:04:29.641+0000] {dag.py:3239} INFO - Sync 1 DAGs
[2025-04-27T00:04:29.656+0000] {logging_mixin.py:190} INFO - [2025-04-27T00:04:29.656+0000] {dag.py:4180} INFO - Setting next_dagrun for example_params_trigger_ui to None, run_after=None
[2025-04-27T00:04:29.673+0000] {processor.py:208} INFO - Processing /home/airflow/.local/lib/python3.10/site-packages/airflow/example_dags/example_params_trigger_ui.py took 0.099 seconds
[2025-04-27T00:05:00.000+0000] {processor.py:186} INFO - Started process (PID=20920) to work on /home/airflow/.local/lib/python3.10/site-packages/airflow/example_dags/example_params_trigger_ui.py
[2025-04-27T00:05:00.002+0000] {processor.py:914} INFO - Processing file /home/airflow/.local/lib/python3.10/site-packages/airflow/example_dags/example_params_trigger_ui.py for tasks to queue
[2025-04-27T00:05:00.008+0000] {logging_mixin.py:190} INFO - [2025-04-27T00:05:00.007+0000] {dagbag.py:588} INFO - Filling up the DagBag from /home/airflow/.local/lib/python3.10/site-packages/airflow/example_dags/example_params_trigger_ui.py
[2025-04-27T00:05:00.027+0000] {processor.py:925} INFO - DAG(s) 'example_params_trigger_ui' retrieved from /home/airflow/.local/lib/python3.10/site-packages/airflow/example_dags/example_params_trigger_ui.py
[2025-04-27T00:05:00.090+0000] {logging_mixin.py:190} INFO - [2025-04-27T00:05:00.090+0000] {dag.py:3239} INFO - Sync 1 DAGs
[2025-04-27T00:05:00.112+0000] {logging_mixin.py:190} INFO - [2025-04-27T00:05:00.111+0000] {dag.py:4180} INFO - Setting next_dagrun for example_params_trigger_ui to None, run_after=None
[2025-04-27T00:05:00.141+0000] {processor.py:208} INFO - Processing /home/airflow/.local/lib/python3.10/site-packages/airflow/example_dags/example_params_trigger_ui.py took 0.151 seconds
[2025-04-27T00:05:31.072+0000] {processor.py:186} INFO - Started process (PID=20986) to work on /home/airflow/.local/lib/python3.10/site-packages/airflow/example_dags/example_params_trigger_ui.py
[2025-04-27T00:05:31.073+0000] {processor.py:914} INFO - Processing file /home/airflow/.local/lib/python3.10/site-packages/airflow/example_dags/example_params_trigger_ui.py for tasks to queue
[2025-04-27T00:05:31.075+0000] {logging_mixin.py:190} INFO - [2025-04-27T00:05:31.075+0000] {dagbag.py:588} INFO - Filling up the DagBag from /home/airflow/.local/lib/python3.10/site-packages/airflow/example_dags/example_params_trigger_ui.py
[2025-04-27T00:05:31.089+0000] {processor.py:925} INFO - DAG(s) 'example_params_trigger_ui' retrieved from /home/airflow/.local/lib/python3.10/site-packages/airflow/example_dags/example_params_trigger_ui.py
[2025-04-27T00:05:31.145+0000] {logging_mixin.py:190} INFO - [2025-04-27T00:05:31.145+0000] {dag.py:3239} INFO - Sync 1 DAGs
[2025-04-27T00:05:31.165+0000] {logging_mixin.py:190} INFO - [2025-04-27T00:05:31.165+0000] {dag.py:4180} INFO - Setting next_dagrun for example_params_trigger_ui to None, run_after=None
[2025-04-27T00:05:31.186+0000] {processor.py:208} INFO - Processing /home/airflow/.local/lib/python3.10/site-packages/airflow/example_dags/example_params_trigger_ui.py took 0.122 seconds
[2025-04-27T00:06:02.070+0000] {processor.py:186} INFO - Started process (PID=21052) to work on /home/airflow/.local/lib/python3.10/site-packages/airflow/example_dags/example_params_trigger_ui.py
[2025-04-27T00:06:02.071+0000] {processor.py:914} INFO - Processing file /home/airflow/.local/lib/python3.10/site-packages/airflow/example_dags/example_params_trigger_ui.py for tasks to queue
[2025-04-27T00:06:02.074+0000] {logging_mixin.py:190} INFO - [2025-04-27T00:06:02.073+0000] {dagbag.py:588} INFO - Filling up the DagBag from /home/airflow/.local/lib/python3.10/site-packages/airflow/example_dags/example_params_trigger_ui.py
[2025-04-27T00:06:02.085+0000] {processor.py:925} INFO - DAG(s) 'example_params_trigger_ui' retrieved from /home/airflow/.local/lib/python3.10/site-packages/airflow/example_dags/example_params_trigger_ui.py
[2025-04-27T00:06:02.141+0000] {logging_mixin.py:190} INFO - [2025-04-27T00:06:02.141+0000] {dag.py:3239} INFO - Sync 1 DAGs
[2025-04-27T00:06:02.158+0000] {logging_mixin.py:190} INFO - [2025-04-27T00:06:02.158+0000] {dag.py:4180} INFO - Setting next_dagrun for example_params_trigger_ui to None, run_after=None
[2025-04-27T00:06:02.180+0000] {processor.py:208} INFO - Processing /home/airflow/.local/lib/python3.10/site-packages/airflow/example_dags/example_params_trigger_ui.py took 0.119 seconds
[2025-04-27T00:06:32.379+0000] {processor.py:186} INFO - Started process (PID=21118) to work on /home/airflow/.local/lib/python3.10/site-packages/airflow/example_dags/example_params_trigger_ui.py
[2025-04-27T00:06:32.380+0000] {processor.py:914} INFO - Processing file /home/airflow/.local/lib/python3.10/site-packages/airflow/example_dags/example_params_trigger_ui.py for tasks to queue
[2025-04-27T00:06:32.382+0000] {logging_mixin.py:190} INFO - [2025-04-27T00:06:32.382+0000] {dagbag.py:588} INFO - Filling up the DagBag from /home/airflow/.local/lib/python3.10/site-packages/airflow/example_dags/example_params_trigger_ui.py
[2025-04-27T00:06:32.396+0000] {processor.py:925} INFO - DAG(s) 'example_params_trigger_ui' retrieved from /home/airflow/.local/lib/python3.10/site-packages/airflow/example_dags/example_params_trigger_ui.py
[2025-04-27T00:06:32.444+0000] {logging_mixin.py:190} INFO - [2025-04-27T00:06:32.444+0000] {dag.py:3239} INFO - Sync 1 DAGs
[2025-04-27T00:06:32.458+0000] {logging_mixin.py:190} INFO - [2025-04-27T00:06:32.458+0000] {dag.py:4180} INFO - Setting next_dagrun for example_params_trigger_ui to None, run_after=None
[2025-04-27T00:06:32.477+0000] {processor.py:208} INFO - Processing /home/airflow/.local/lib/python3.10/site-packages/airflow/example_dags/example_params_trigger_ui.py took 0.105 seconds
[2025-04-27T00:07:03.214+0000] {processor.py:186} INFO - Started process (PID=21184) to work on /home/airflow/.local/lib/python3.10/site-packages/airflow/example_dags/example_params_trigger_ui.py
[2025-04-27T00:07:03.215+0000] {processor.py:914} INFO - Processing file /home/airflow/.local/lib/python3.10/site-packages/airflow/example_dags/example_params_trigger_ui.py for tasks to queue
[2025-04-27T00:07:03.217+0000] {logging_mixin.py:190} INFO - [2025-04-27T00:07:03.216+0000] {dagbag.py:588} INFO - Filling up the DagBag from /home/airflow/.local/lib/python3.10/site-packages/airflow/example_dags/example_params_trigger_ui.py
[2025-04-27T00:07:03.227+0000] {processor.py:925} INFO - DAG(s) 'example_params_trigger_ui' retrieved from /home/airflow/.local/lib/python3.10/site-packages/airflow/example_dags/example_params_trigger_ui.py
[2025-04-27T00:07:03.273+0000] {logging_mixin.py:190} INFO - [2025-04-27T00:07:03.272+0000] {dag.py:3239} INFO - Sync 1 DAGs
[2025-04-27T00:07:03.287+0000] {logging_mixin.py:190} INFO - [2025-04-27T00:07:03.287+0000] {dag.py:4180} INFO - Setting next_dagrun for example_params_trigger_ui to None, run_after=None
[2025-04-27T00:07:03.305+0000] {processor.py:208} INFO - Processing /home/airflow/.local/lib/python3.10/site-packages/airflow/example_dags/example_params_trigger_ui.py took 0.097 seconds
[2025-04-27T00:07:34.078+0000] {processor.py:186} INFO - Started process (PID=21249) to work on /home/airflow/.local/lib/python3.10/site-packages/airflow/example_dags/example_params_trigger_ui.py
[2025-04-27T00:07:34.079+0000] {processor.py:914} INFO - Processing file /home/airflow/.local/lib/python3.10/site-packages/airflow/example_dags/example_params_trigger_ui.py for tasks to queue
[2025-04-27T00:07:34.081+0000] {logging_mixin.py:190} INFO - [2025-04-27T00:07:34.081+0000] {dagbag.py:588} INFO - Filling up the DagBag from /home/airflow/.local/lib/python3.10/site-packages/airflow/example_dags/example_params_trigger_ui.py
[2025-04-27T00:07:34.091+0000] {processor.py:925} INFO - DAG(s) 'example_params_trigger_ui' retrieved from /home/airflow/.local/lib/python3.10/site-packages/airflow/example_dags/example_params_trigger_ui.py
[2025-04-27T00:07:34.140+0000] {logging_mixin.py:190} INFO - [2025-04-27T00:07:34.139+0000] {dag.py:3239} INFO - Sync 1 DAGs
[2025-04-27T00:07:34.157+0000] {logging_mixin.py:190} INFO - [2025-04-27T00:07:34.156+0000] {dag.py:4180} INFO - Setting next_dagrun for example_params_trigger_ui to None, run_after=None
[2025-04-27T00:07:34.176+0000] {processor.py:208} INFO - Processing /home/airflow/.local/lib/python3.10/site-packages/airflow/example_dags/example_params_trigger_ui.py took 0.104 seconds
[2025-04-27T00:08:04.317+0000] {processor.py:186} INFO - Started process (PID=21315) to work on /home/airflow/.local/lib/python3.10/site-packages/airflow/example_dags/example_params_trigger_ui.py
[2025-04-27T00:08:04.318+0000] {processor.py:914} INFO - Processing file /home/airflow/.local/lib/python3.10/site-packages/airflow/example_dags/example_params_trigger_ui.py for tasks to queue
[2025-04-27T00:08:04.321+0000] {logging_mixin.py:190} INFO - [2025-04-27T00:08:04.321+0000] {dagbag.py:588} INFO - Filling up the DagBag from /home/airflow/.local/lib/python3.10/site-packages/airflow/example_dags/example_params_trigger_ui.py
[2025-04-27T00:08:04.334+0000] {processor.py:925} INFO - DAG(s) 'example_params_trigger_ui' retrieved from /home/airflow/.local/lib/python3.10/site-packages/airflow/example_dags/example_params_trigger_ui.py
[2025-04-27T00:08:04.385+0000] {logging_mixin.py:190} INFO - [2025-04-27T00:08:04.385+0000] {dag.py:3239} INFO - Sync 1 DAGs
[2025-04-27T00:08:04.403+0000] {logging_mixin.py:190} INFO - [2025-04-27T00:08:04.402+0000] {dag.py:4180} INFO - Setting next_dagrun for example_params_trigger_ui to None, run_after=None
[2025-04-27T00:08:04.426+0000] {processor.py:208} INFO - Processing /home/airflow/.local/lib/python3.10/site-packages/airflow/example_dags/example_params_trigger_ui.py took 0.117 seconds
[2025-04-27T00:08:34.626+0000] {processor.py:186} INFO - Started process (PID=21381) to work on /home/airflow/.local/lib/python3.10/site-packages/airflow/example_dags/example_params_trigger_ui.py
[2025-04-27T00:08:34.627+0000] {processor.py:914} INFO - Processing file /home/airflow/.local/lib/python3.10/site-packages/airflow/example_dags/example_params_trigger_ui.py for tasks to queue
[2025-04-27T00:08:34.630+0000] {logging_mixin.py:190} INFO - [2025-04-27T00:08:34.629+0000] {dagbag.py:588} INFO - Filling up the DagBag from /home/airflow/.local/lib/python3.10/site-packages/airflow/example_dags/example_params_trigger_ui.py
[2025-04-27T00:08:34.642+0000] {processor.py:925} INFO - DAG(s) 'example_params_trigger_ui' retrieved from /home/airflow/.local/lib/python3.10/site-packages/airflow/example_dags/example_params_trigger_ui.py
[2025-04-27T00:08:34.700+0000] {logging_mixin.py:190} INFO - [2025-04-27T00:08:34.700+0000] {dag.py:3239} INFO - Sync 1 DAGs
[2025-04-27T00:08:34.716+0000] {logging_mixin.py:190} INFO - [2025-04-27T00:08:34.715+0000] {dag.py:4180} INFO - Setting next_dagrun for example_params_trigger_ui to None, run_after=None
[2025-04-27T00:08:34.735+0000] {processor.py:208} INFO - Processing /home/airflow/.local/lib/python3.10/site-packages/airflow/example_dags/example_params_trigger_ui.py took 0.114 seconds
[2025-04-27T00:09:04.815+0000] {processor.py:186} INFO - Started process (PID=21447) to work on /home/airflow/.local/lib/python3.10/site-packages/airflow/example_dags/example_params_trigger_ui.py
[2025-04-27T00:09:04.816+0000] {processor.py:914} INFO - Processing file /home/airflow/.local/lib/python3.10/site-packages/airflow/example_dags/example_params_trigger_ui.py for tasks to queue
[2025-04-27T00:09:04.817+0000] {logging_mixin.py:190} INFO - [2025-04-27T00:09:04.817+0000] {dagbag.py:588} INFO - Filling up the DagBag from /home/airflow/.local/lib/python3.10/site-packages/airflow/example_dags/example_params_trigger_ui.py
[2025-04-27T00:09:04.828+0000] {processor.py:925} INFO - DAG(s) 'example_params_trigger_ui' retrieved from /home/airflow/.local/lib/python3.10/site-packages/airflow/example_dags/example_params_trigger_ui.py
[2025-04-27T00:09:04.875+0000] {logging_mixin.py:190} INFO - [2025-04-27T00:09:04.875+0000] {dag.py:3239} INFO - Sync 1 DAGs
[2025-04-27T00:09:04.888+0000] {logging_mixin.py:190} INFO - [2025-04-27T00:09:04.888+0000] {dag.py:4180} INFO - Setting next_dagrun for example_params_trigger_ui to None, run_after=None
[2025-04-27T00:09:04.910+0000] {processor.py:208} INFO - Processing /home/airflow/.local/lib/python3.10/site-packages/airflow/example_dags/example_params_trigger_ui.py took 0.102 seconds
[2025-04-27T00:09:35.108+0000] {processor.py:186} INFO - Started process (PID=21513) to work on /home/airflow/.local/lib/python3.10/site-packages/airflow/example_dags/example_params_trigger_ui.py
[2025-04-27T00:09:35.109+0000] {processor.py:914} INFO - Processing file /home/airflow/.local/lib/python3.10/site-packages/airflow/example_dags/example_params_trigger_ui.py for tasks to queue
[2025-04-27T00:09:35.111+0000] {logging_mixin.py:190} INFO - [2025-04-27T00:09:35.111+0000] {dagbag.py:588} INFO - Filling up the DagBag from /home/airflow/.local/lib/python3.10/site-packages/airflow/example_dags/example_params_trigger_ui.py
[2025-04-27T00:09:35.122+0000] {processor.py:925} INFO - DAG(s) 'example_params_trigger_ui' retrieved from /home/airflow/.local/lib/python3.10/site-packages/airflow/example_dags/example_params_trigger_ui.py
[2025-04-27T00:09:35.165+0000] {logging_mixin.py:190} INFO - [2025-04-27T00:09:35.165+0000] {dag.py:3239} INFO - Sync 1 DAGs
[2025-04-27T00:09:35.179+0000] {logging_mixin.py:190} INFO - [2025-04-27T00:09:35.179+0000] {dag.py:4180} INFO - Setting next_dagrun for example_params_trigger_ui to None, run_after=None
[2025-04-27T00:09:35.197+0000] {processor.py:208} INFO - Processing /home/airflow/.local/lib/python3.10/site-packages/airflow/example_dags/example_params_trigger_ui.py took 0.095 seconds
[2025-04-27T00:10:05.413+0000] {processor.py:186} INFO - Started process (PID=21579) to work on /home/airflow/.local/lib/python3.10/site-packages/airflow/example_dags/example_params_trigger_ui.py
[2025-04-27T00:10:05.414+0000] {processor.py:914} INFO - Processing file /home/airflow/.local/lib/python3.10/site-packages/airflow/example_dags/example_params_trigger_ui.py for tasks to queue
[2025-04-27T00:10:05.415+0000] {logging_mixin.py:190} INFO - [2025-04-27T00:10:05.415+0000] {dagbag.py:588} INFO - Filling up the DagBag from /home/airflow/.local/lib/python3.10/site-packages/airflow/example_dags/example_params_trigger_ui.py
[2025-04-27T00:10:05.426+0000] {processor.py:925} INFO - DAG(s) 'example_params_trigger_ui' retrieved from /home/airflow/.local/lib/python3.10/site-packages/airflow/example_dags/example_params_trigger_ui.py
[2025-04-27T00:10:05.472+0000] {logging_mixin.py:190} INFO - [2025-04-27T00:10:05.471+0000] {dag.py:3239} INFO - Sync 1 DAGs
[2025-04-27T00:10:05.485+0000] {logging_mixin.py:190} INFO - [2025-04-27T00:10:05.485+0000] {dag.py:4180} INFO - Setting next_dagrun for example_params_trigger_ui to None, run_after=None
[2025-04-27T00:10:05.505+0000] {processor.py:208} INFO - Processing /home/airflow/.local/lib/python3.10/site-packages/airflow/example_dags/example_params_trigger_ui.py took 0.098 seconds
[2025-04-27T00:10:35.819+0000] {processor.py:186} INFO - Started process (PID=21645) to work on /home/airflow/.local/lib/python3.10/site-packages/airflow/example_dags/example_params_trigger_ui.py
[2025-04-27T00:10:35.820+0000] {processor.py:914} INFO - Processing file /home/airflow/.local/lib/python3.10/site-packages/airflow/example_dags/example_params_trigger_ui.py for tasks to queue
[2025-04-27T00:10:35.822+0000] {logging_mixin.py:190} INFO - [2025-04-27T00:10:35.821+0000] {dagbag.py:588} INFO - Filling up the DagBag from /home/airflow/.local/lib/python3.10/site-packages/airflow/example_dags/example_params_trigger_ui.py
[2025-04-27T00:10:35.832+0000] {processor.py:925} INFO - DAG(s) 'example_params_trigger_ui' retrieved from /home/airflow/.local/lib/python3.10/site-packages/airflow/example_dags/example_params_trigger_ui.py
[2025-04-27T00:10:35.877+0000] {logging_mixin.py:190} INFO - [2025-04-27T00:10:35.876+0000] {dag.py:3239} INFO - Sync 1 DAGs
[2025-04-27T00:10:35.890+0000] {logging_mixin.py:190} INFO - [2025-04-27T00:10:35.889+0000] {dag.py:4180} INFO - Setting next_dagrun for example_params_trigger_ui to None, run_after=None
[2025-04-27T00:10:35.905+0000] {processor.py:208} INFO - Processing /home/airflow/.local/lib/python3.10/site-packages/airflow/example_dags/example_params_trigger_ui.py took 0.092 seconds
[2025-04-27T00:11:06.743+0000] {processor.py:186} INFO - Started process (PID=21711) to work on /home/airflow/.local/lib/python3.10/site-packages/airflow/example_dags/example_params_trigger_ui.py
[2025-04-27T00:11:06.744+0000] {processor.py:914} INFO - Processing file /home/airflow/.local/lib/python3.10/site-packages/airflow/example_dags/example_params_trigger_ui.py for tasks to queue
[2025-04-27T00:11:06.747+0000] {logging_mixin.py:190} INFO - [2025-04-27T00:11:06.747+0000] {dagbag.py:588} INFO - Filling up the DagBag from /home/airflow/.local/lib/python3.10/site-packages/airflow/example_dags/example_params_trigger_ui.py
[2025-04-27T00:11:06.763+0000] {processor.py:925} INFO - DAG(s) 'example_params_trigger_ui' retrieved from /home/airflow/.local/lib/python3.10/site-packages/airflow/example_dags/example_params_trigger_ui.py
[2025-04-27T00:11:06.814+0000] {logging_mixin.py:190} INFO - [2025-04-27T00:11:06.814+0000] {dag.py:3239} INFO - Sync 1 DAGs
[2025-04-27T00:11:06.830+0000] {logging_mixin.py:190} INFO - [2025-04-27T00:11:06.829+0000] {dag.py:4180} INFO - Setting next_dagrun for example_params_trigger_ui to None, run_after=None
[2025-04-27T00:11:06.850+0000] {processor.py:208} INFO - Processing /home/airflow/.local/lib/python3.10/site-packages/airflow/example_dags/example_params_trigger_ui.py took 0.115 seconds
[2025-04-27T00:11:37.038+0000] {processor.py:186} INFO - Started process (PID=21777) to work on /home/airflow/.local/lib/python3.10/site-packages/airflow/example_dags/example_params_trigger_ui.py
[2025-04-27T00:11:37.039+0000] {processor.py:914} INFO - Processing file /home/airflow/.local/lib/python3.10/site-packages/airflow/example_dags/example_params_trigger_ui.py for tasks to queue
[2025-04-27T00:11:37.041+0000] {logging_mixin.py:190} INFO - [2025-04-27T00:11:37.041+0000] {dagbag.py:588} INFO - Filling up the DagBag from /home/airflow/.local/lib/python3.10/site-packages/airflow/example_dags/example_params_trigger_ui.py
[2025-04-27T00:11:37.056+0000] {processor.py:925} INFO - DAG(s) 'example_params_trigger_ui' retrieved from /home/airflow/.local/lib/python3.10/site-packages/airflow/example_dags/example_params_trigger_ui.py
[2025-04-27T00:11:37.109+0000] {logging_mixin.py:190} INFO - [2025-04-27T00:11:37.109+0000] {dag.py:3239} INFO - Sync 1 DAGs
[2025-04-27T00:11:37.128+0000] {logging_mixin.py:190} INFO - [2025-04-27T00:11:37.128+0000] {dag.py:4180} INFO - Setting next_dagrun for example_params_trigger_ui to None, run_after=None
[2025-04-27T00:11:37.151+0000] {processor.py:208} INFO - Processing /home/airflow/.local/lib/python3.10/site-packages/airflow/example_dags/example_params_trigger_ui.py took 0.122 seconds
[2025-04-27T00:12:07.448+0000] {processor.py:186} INFO - Started process (PID=21843) to work on /home/airflow/.local/lib/python3.10/site-packages/airflow/example_dags/example_params_trigger_ui.py
[2025-04-27T00:12:07.448+0000] {processor.py:914} INFO - Processing file /home/airflow/.local/lib/python3.10/site-packages/airflow/example_dags/example_params_trigger_ui.py for tasks to queue
[2025-04-27T00:12:07.450+0000] {logging_mixin.py:190} INFO - [2025-04-27T00:12:07.450+0000] {dagbag.py:588} INFO - Filling up the DagBag from /home/airflow/.local/lib/python3.10/site-packages/airflow/example_dags/example_params_trigger_ui.py
[2025-04-27T00:12:07.460+0000] {processor.py:925} INFO - DAG(s) 'example_params_trigger_ui' retrieved from /home/airflow/.local/lib/python3.10/site-packages/airflow/example_dags/example_params_trigger_ui.py
[2025-04-27T00:12:07.503+0000] {logging_mixin.py:190} INFO - [2025-04-27T00:12:07.503+0000] {dag.py:3239} INFO - Sync 1 DAGs
[2025-04-27T00:12:07.516+0000] {logging_mixin.py:190} INFO - [2025-04-27T00:12:07.516+0000] {dag.py:4180} INFO - Setting next_dagrun for example_params_trigger_ui to None, run_after=None
[2025-04-27T00:12:07.532+0000] {processor.py:208} INFO - Processing /home/airflow/.local/lib/python3.10/site-packages/airflow/example_dags/example_params_trigger_ui.py took 0.090 seconds
[2025-04-27T00:12:37.769+0000] {processor.py:186} INFO - Started process (PID=21909) to work on /home/airflow/.local/lib/python3.10/site-packages/airflow/example_dags/example_params_trigger_ui.py
[2025-04-27T00:12:37.770+0000] {processor.py:914} INFO - Processing file /home/airflow/.local/lib/python3.10/site-packages/airflow/example_dags/example_params_trigger_ui.py for tasks to queue
[2025-04-27T00:12:37.772+0000] {logging_mixin.py:190} INFO - [2025-04-27T00:12:37.772+0000] {dagbag.py:588} INFO - Filling up the DagBag from /home/airflow/.local/lib/python3.10/site-packages/airflow/example_dags/example_params_trigger_ui.py
[2025-04-27T00:12:37.784+0000] {processor.py:925} INFO - DAG(s) 'example_params_trigger_ui' retrieved from /home/airflow/.local/lib/python3.10/site-packages/airflow/example_dags/example_params_trigger_ui.py
[2025-04-27T00:12:37.838+0000] {logging_mixin.py:190} INFO - [2025-04-27T00:12:37.838+0000] {dag.py:3239} INFO - Sync 1 DAGs
[2025-04-27T00:12:37.857+0000] {logging_mixin.py:190} INFO - [2025-04-27T00:12:37.857+0000] {dag.py:4180} INFO - Setting next_dagrun for example_params_trigger_ui to None, run_after=None
[2025-04-27T00:12:37.879+0000] {processor.py:208} INFO - Processing /home/airflow/.local/lib/python3.10/site-packages/airflow/example_dags/example_params_trigger_ui.py took 0.119 seconds
[2025-04-27T00:13:08.188+0000] {processor.py:186} INFO - Started process (PID=21975) to work on /home/airflow/.local/lib/python3.10/site-packages/airflow/example_dags/example_params_trigger_ui.py
[2025-04-27T00:13:08.189+0000] {processor.py:914} INFO - Processing file /home/airflow/.local/lib/python3.10/site-packages/airflow/example_dags/example_params_trigger_ui.py for tasks to queue
[2025-04-27T00:13:08.191+0000] {logging_mixin.py:190} INFO - [2025-04-27T00:13:08.191+0000] {dagbag.py:588} INFO - Filling up the DagBag from /home/airflow/.local/lib/python3.10/site-packages/airflow/example_dags/example_params_trigger_ui.py
[2025-04-27T00:13:08.202+0000] {processor.py:925} INFO - DAG(s) 'example_params_trigger_ui' retrieved from /home/airflow/.local/lib/python3.10/site-packages/airflow/example_dags/example_params_trigger_ui.py
[2025-04-27T00:13:08.258+0000] {logging_mixin.py:190} INFO - [2025-04-27T00:13:08.258+0000] {dag.py:3239} INFO - Sync 1 DAGs
[2025-04-27T00:13:08.275+0000] {logging_mixin.py:190} INFO - [2025-04-27T00:13:08.275+0000] {dag.py:4180} INFO - Setting next_dagrun for example_params_trigger_ui to None, run_after=None
[2025-04-27T00:13:08.296+0000] {processor.py:208} INFO - Processing /home/airflow/.local/lib/python3.10/site-packages/airflow/example_dags/example_params_trigger_ui.py took 0.116 seconds
[2025-04-27T00:13:39.206+0000] {processor.py:186} INFO - Started process (PID=22041) to work on /home/airflow/.local/lib/python3.10/site-packages/airflow/example_dags/example_params_trigger_ui.py
[2025-04-27T00:13:39.206+0000] {processor.py:914} INFO - Processing file /home/airflow/.local/lib/python3.10/site-packages/airflow/example_dags/example_params_trigger_ui.py for tasks to queue
[2025-04-27T00:13:39.209+0000] {logging_mixin.py:190} INFO - [2025-04-27T00:13:39.208+0000] {dagbag.py:588} INFO - Filling up the DagBag from /home/airflow/.local/lib/python3.10/site-packages/airflow/example_dags/example_params_trigger_ui.py
[2025-04-27T00:13:39.220+0000] {processor.py:925} INFO - DAG(s) 'example_params_trigger_ui' retrieved from /home/airflow/.local/lib/python3.10/site-packages/airflow/example_dags/example_params_trigger_ui.py
[2025-04-27T00:13:39.276+0000] {logging_mixin.py:190} INFO - [2025-04-27T00:13:39.276+0000] {dag.py:3239} INFO - Sync 1 DAGs
[2025-04-27T00:13:39.289+0000] {logging_mixin.py:190} INFO - [2025-04-27T00:13:39.289+0000] {dag.py:4180} INFO - Setting next_dagrun for example_params_trigger_ui to None, run_after=None
[2025-04-27T00:13:39.306+0000] {processor.py:208} INFO - Processing /home/airflow/.local/lib/python3.10/site-packages/airflow/example_dags/example_params_trigger_ui.py took 0.107 seconds
[2025-04-27T00:14:09.520+0000] {processor.py:186} INFO - Started process (PID=22108) to work on /home/airflow/.local/lib/python3.10/site-packages/airflow/example_dags/example_params_trigger_ui.py
[2025-04-27T00:14:09.521+0000] {processor.py:914} INFO - Processing file /home/airflow/.local/lib/python3.10/site-packages/airflow/example_dags/example_params_trigger_ui.py for tasks to queue
[2025-04-27T00:14:09.523+0000] {logging_mixin.py:190} INFO - [2025-04-27T00:14:09.523+0000] {dagbag.py:588} INFO - Filling up the DagBag from /home/airflow/.local/lib/python3.10/site-packages/airflow/example_dags/example_params_trigger_ui.py
[2025-04-27T00:14:09.534+0000] {processor.py:925} INFO - DAG(s) 'example_params_trigger_ui' retrieved from /home/airflow/.local/lib/python3.10/site-packages/airflow/example_dags/example_params_trigger_ui.py
[2025-04-27T00:14:09.581+0000] {logging_mixin.py:190} INFO - [2025-04-27T00:14:09.580+0000] {dag.py:3239} INFO - Sync 1 DAGs
[2025-04-27T00:14:09.594+0000] {logging_mixin.py:190} INFO - [2025-04-27T00:14:09.593+0000] {dag.py:4180} INFO - Setting next_dagrun for example_params_trigger_ui to None, run_after=None
[2025-04-27T00:14:09.610+0000] {processor.py:208} INFO - Processing /home/airflow/.local/lib/python3.10/site-packages/airflow/example_dags/example_params_trigger_ui.py took 0.096 seconds
[2025-04-27T00:14:40.472+0000] {processor.py:186} INFO - Started process (PID=22174) to work on /home/airflow/.local/lib/python3.10/site-packages/airflow/example_dags/example_params_trigger_ui.py
[2025-04-27T00:14:40.474+0000] {processor.py:914} INFO - Processing file /home/airflow/.local/lib/python3.10/site-packages/airflow/example_dags/example_params_trigger_ui.py for tasks to queue
[2025-04-27T00:14:40.477+0000] {logging_mixin.py:190} INFO - [2025-04-27T00:14:40.477+0000] {dagbag.py:588} INFO - Filling up the DagBag from /home/airflow/.local/lib/python3.10/site-packages/airflow/example_dags/example_params_trigger_ui.py
[2025-04-27T00:14:40.491+0000] {processor.py:925} INFO - DAG(s) 'example_params_trigger_ui' retrieved from /home/airflow/.local/lib/python3.10/site-packages/airflow/example_dags/example_params_trigger_ui.py
[2025-04-27T00:14:40.550+0000] {logging_mixin.py:190} INFO - [2025-04-27T00:14:40.550+0000] {dag.py:3239} INFO - Sync 1 DAGs
[2025-04-27T00:14:40.569+0000] {logging_mixin.py:190} INFO - [2025-04-27T00:14:40.569+0000] {dag.py:4180} INFO - Setting next_dagrun for example_params_trigger_ui to None, run_after=None
[2025-04-27T00:14:40.590+0000] {processor.py:208} INFO - Processing /home/airflow/.local/lib/python3.10/site-packages/airflow/example_dags/example_params_trigger_ui.py took 0.128 seconds
[2025-04-27T00:15:11.119+0000] {processor.py:186} INFO - Started process (PID=22238) to work on /home/airflow/.local/lib/python3.10/site-packages/airflow/example_dags/example_params_trigger_ui.py
[2025-04-27T00:15:11.121+0000] {processor.py:914} INFO - Processing file /home/airflow/.local/lib/python3.10/site-packages/airflow/example_dags/example_params_trigger_ui.py for tasks to queue
[2025-04-27T00:15:11.126+0000] {logging_mixin.py:190} INFO - [2025-04-27T00:15:11.125+0000] {dagbag.py:588} INFO - Filling up the DagBag from /home/airflow/.local/lib/python3.10/site-packages/airflow/example_dags/example_params_trigger_ui.py
[2025-04-27T00:15:11.144+0000] {processor.py:925} INFO - DAG(s) 'example_params_trigger_ui' retrieved from /home/airflow/.local/lib/python3.10/site-packages/airflow/example_dags/example_params_trigger_ui.py
[2025-04-27T00:15:11.205+0000] {logging_mixin.py:190} INFO - [2025-04-27T00:15:11.205+0000] {dag.py:3239} INFO - Sync 1 DAGs
[2025-04-27T00:15:11.223+0000] {logging_mixin.py:190} INFO - [2025-04-27T00:15:11.223+0000] {dag.py:4180} INFO - Setting next_dagrun for example_params_trigger_ui to None, run_after=None
[2025-04-27T00:15:11.256+0000] {processor.py:208} INFO - Processing /home/airflow/.local/lib/python3.10/site-packages/airflow/example_dags/example_params_trigger_ui.py took 0.148 seconds
[2025-04-27T00:15:42.217+0000] {processor.py:186} INFO - Started process (PID=22304) to work on /home/airflow/.local/lib/python3.10/site-packages/airflow/example_dags/example_params_trigger_ui.py
[2025-04-27T00:15:42.219+0000] {processor.py:914} INFO - Processing file /home/airflow/.local/lib/python3.10/site-packages/airflow/example_dags/example_params_trigger_ui.py for tasks to queue
[2025-04-27T00:15:42.222+0000] {logging_mixin.py:190} INFO - [2025-04-27T00:15:42.222+0000] {dagbag.py:588} INFO - Filling up the DagBag from /home/airflow/.local/lib/python3.10/site-packages/airflow/example_dags/example_params_trigger_ui.py
[2025-04-27T00:15:42.236+0000] {processor.py:925} INFO - DAG(s) 'example_params_trigger_ui' retrieved from /home/airflow/.local/lib/python3.10/site-packages/airflow/example_dags/example_params_trigger_ui.py
[2025-04-27T00:15:42.294+0000] {logging_mixin.py:190} INFO - [2025-04-27T00:15:42.293+0000] {dag.py:3239} INFO - Sync 1 DAGs
[2025-04-27T00:15:42.313+0000] {logging_mixin.py:190} INFO - [2025-04-27T00:15:42.313+0000] {dag.py:4180} INFO - Setting next_dagrun for example_params_trigger_ui to None, run_after=None
[2025-04-27T00:15:42.352+0000] {processor.py:208} INFO - Processing /home/airflow/.local/lib/python3.10/site-packages/airflow/example_dags/example_params_trigger_ui.py took 0.145 seconds
[2025-04-27T00:16:13.000+0000] {processor.py:186} INFO - Started process (PID=22370) to work on /home/airflow/.local/lib/python3.10/site-packages/airflow/example_dags/example_params_trigger_ui.py
[2025-04-27T00:16:13.001+0000] {processor.py:914} INFO - Processing file /home/airflow/.local/lib/python3.10/site-packages/airflow/example_dags/example_params_trigger_ui.py for tasks to queue
[2025-04-27T00:16:13.005+0000] {logging_mixin.py:190} INFO - [2025-04-27T00:16:13.005+0000] {dagbag.py:588} INFO - Filling up the DagBag from /home/airflow/.local/lib/python3.10/site-packages/airflow/example_dags/example_params_trigger_ui.py
[2025-04-27T00:16:13.023+0000] {processor.py:925} INFO - DAG(s) 'example_params_trigger_ui' retrieved from /home/airflow/.local/lib/python3.10/site-packages/airflow/example_dags/example_params_trigger_ui.py
[2025-04-27T00:16:13.092+0000] {logging_mixin.py:190} INFO - [2025-04-27T00:16:13.092+0000] {dag.py:3239} INFO - Sync 1 DAGs
[2025-04-27T00:16:13.116+0000] {logging_mixin.py:190} INFO - [2025-04-27T00:16:13.116+0000] {dag.py:4180} INFO - Setting next_dagrun for example_params_trigger_ui to None, run_after=None
[2025-04-27T00:16:13.157+0000] {processor.py:208} INFO - Processing /home/airflow/.local/lib/python3.10/site-packages/airflow/example_dags/example_params_trigger_ui.py took 0.166 seconds
[2025-04-27T00:16:43.523+0000] {processor.py:186} INFO - Started process (PID=22436) to work on /home/airflow/.local/lib/python3.10/site-packages/airflow/example_dags/example_params_trigger_ui.py
[2025-04-27T00:16:43.524+0000] {processor.py:914} INFO - Processing file /home/airflow/.local/lib/python3.10/site-packages/airflow/example_dags/example_params_trigger_ui.py for tasks to queue
[2025-04-27T00:16:43.526+0000] {logging_mixin.py:190} INFO - [2025-04-27T00:16:43.526+0000] {dagbag.py:588} INFO - Filling up the DagBag from /home/airflow/.local/lib/python3.10/site-packages/airflow/example_dags/example_params_trigger_ui.py
[2025-04-27T00:16:43.538+0000] {processor.py:925} INFO - DAG(s) 'example_params_trigger_ui' retrieved from /home/airflow/.local/lib/python3.10/site-packages/airflow/example_dags/example_params_trigger_ui.py
[2025-04-27T00:16:43.591+0000] {logging_mixin.py:190} INFO - [2025-04-27T00:16:43.591+0000] {dag.py:3239} INFO - Sync 1 DAGs
[2025-04-27T00:16:43.606+0000] {logging_mixin.py:190} INFO - [2025-04-27T00:16:43.606+0000] {dag.py:4180} INFO - Setting next_dagrun for example_params_trigger_ui to None, run_after=None
[2025-04-27T00:16:43.627+0000] {processor.py:208} INFO - Processing /home/airflow/.local/lib/python3.10/site-packages/airflow/example_dags/example_params_trigger_ui.py took 0.111 seconds
[2025-04-27T00:17:14.408+0000] {processor.py:186} INFO - Started process (PID=22502) to work on /home/airflow/.local/lib/python3.10/site-packages/airflow/example_dags/example_params_trigger_ui.py
[2025-04-27T00:17:14.409+0000] {processor.py:914} INFO - Processing file /home/airflow/.local/lib/python3.10/site-packages/airflow/example_dags/example_params_trigger_ui.py for tasks to queue
[2025-04-27T00:17:14.412+0000] {logging_mixin.py:190} INFO - [2025-04-27T00:17:14.412+0000] {dagbag.py:588} INFO - Filling up the DagBag from /home/airflow/.local/lib/python3.10/site-packages/airflow/example_dags/example_params_trigger_ui.py
[2025-04-27T00:17:14.424+0000] {processor.py:925} INFO - DAG(s) 'example_params_trigger_ui' retrieved from /home/airflow/.local/lib/python3.10/site-packages/airflow/example_dags/example_params_trigger_ui.py
[2025-04-27T00:17:14.476+0000] {logging_mixin.py:190} INFO - [2025-04-27T00:17:14.476+0000] {dag.py:3239} INFO - Sync 1 DAGs
[2025-04-27T00:17:14.492+0000] {logging_mixin.py:190} INFO - [2025-04-27T00:17:14.492+0000] {dag.py:4180} INFO - Setting next_dagrun for example_params_trigger_ui to None, run_after=None
[2025-04-27T00:17:14.515+0000] {processor.py:208} INFO - Processing /home/airflow/.local/lib/python3.10/site-packages/airflow/example_dags/example_params_trigger_ui.py took 0.113 seconds
[2025-04-27T00:17:44.763+0000] {processor.py:186} INFO - Started process (PID=22568) to work on /home/airflow/.local/lib/python3.10/site-packages/airflow/example_dags/example_params_trigger_ui.py
[2025-04-27T00:17:44.764+0000] {processor.py:914} INFO - Processing file /home/airflow/.local/lib/python3.10/site-packages/airflow/example_dags/example_params_trigger_ui.py for tasks to queue
[2025-04-27T00:17:44.766+0000] {logging_mixin.py:190} INFO - [2025-04-27T00:17:44.766+0000] {dagbag.py:588} INFO - Filling up the DagBag from /home/airflow/.local/lib/python3.10/site-packages/airflow/example_dags/example_params_trigger_ui.py
[2025-04-27T00:17:44.778+0000] {processor.py:925} INFO - DAG(s) 'example_params_trigger_ui' retrieved from /home/airflow/.local/lib/python3.10/site-packages/airflow/example_dags/example_params_trigger_ui.py
[2025-04-27T00:17:44.834+0000] {logging_mixin.py:190} INFO - [2025-04-27T00:17:44.834+0000] {dag.py:3239} INFO - Sync 1 DAGs
[2025-04-27T00:17:44.850+0000] {logging_mixin.py:190} INFO - [2025-04-27T00:17:44.849+0000] {dag.py:4180} INFO - Setting next_dagrun for example_params_trigger_ui to None, run_after=None
[2025-04-27T00:17:44.871+0000] {processor.py:208} INFO - Processing /home/airflow/.local/lib/python3.10/site-packages/airflow/example_dags/example_params_trigger_ui.py took 0.116 seconds
[2025-04-27T00:18:15.569+0000] {processor.py:186} INFO - Started process (PID=22634) to work on /home/airflow/.local/lib/python3.10/site-packages/airflow/example_dags/example_params_trigger_ui.py
[2025-04-27T00:18:15.570+0000] {processor.py:914} INFO - Processing file /home/airflow/.local/lib/python3.10/site-packages/airflow/example_dags/example_params_trigger_ui.py for tasks to queue
[2025-04-27T00:18:15.572+0000] {logging_mixin.py:190} INFO - [2025-04-27T00:18:15.572+0000] {dagbag.py:588} INFO - Filling up the DagBag from /home/airflow/.local/lib/python3.10/site-packages/airflow/example_dags/example_params_trigger_ui.py
[2025-04-27T00:18:15.584+0000] {processor.py:925} INFO - DAG(s) 'example_params_trigger_ui' retrieved from /home/airflow/.local/lib/python3.10/site-packages/airflow/example_dags/example_params_trigger_ui.py
[2025-04-27T00:18:15.629+0000] {logging_mixin.py:190} INFO - [2025-04-27T00:18:15.629+0000] {dag.py:3239} INFO - Sync 1 DAGs
[2025-04-27T00:18:15.643+0000] {logging_mixin.py:190} INFO - [2025-04-27T00:18:15.643+0000] {dag.py:4180} INFO - Setting next_dagrun for example_params_trigger_ui to None, run_after=None
[2025-04-27T00:18:15.660+0000] {processor.py:208} INFO - Processing /home/airflow/.local/lib/python3.10/site-packages/airflow/example_dags/example_params_trigger_ui.py took 0.098 seconds
[2025-04-27T00:18:45.731+0000] {processor.py:186} INFO - Started process (PID=22699) to work on /home/airflow/.local/lib/python3.10/site-packages/airflow/example_dags/example_params_trigger_ui.py
[2025-04-27T00:18:45.732+0000] {processor.py:914} INFO - Processing file /home/airflow/.local/lib/python3.10/site-packages/airflow/example_dags/example_params_trigger_ui.py for tasks to queue
[2025-04-27T00:18:45.734+0000] {logging_mixin.py:190} INFO - [2025-04-27T00:18:45.734+0000] {dagbag.py:588} INFO - Filling up the DagBag from /home/airflow/.local/lib/python3.10/site-packages/airflow/example_dags/example_params_trigger_ui.py
[2025-04-27T00:18:45.746+0000] {processor.py:925} INFO - DAG(s) 'example_params_trigger_ui' retrieved from /home/airflow/.local/lib/python3.10/site-packages/airflow/example_dags/example_params_trigger_ui.py
[2025-04-27T00:18:45.790+0000] {logging_mixin.py:190} INFO - [2025-04-27T00:18:45.789+0000] {dag.py:3239} INFO - Sync 1 DAGs
[2025-04-27T00:18:45.803+0000] {logging_mixin.py:190} INFO - [2025-04-27T00:18:45.803+0000] {dag.py:4180} INFO - Setting next_dagrun for example_params_trigger_ui to None, run_after=None
[2025-04-27T00:18:45.820+0000] {processor.py:208} INFO - Processing /home/airflow/.local/lib/python3.10/site-packages/airflow/example_dags/example_params_trigger_ui.py took 0.096 seconds
[2025-04-27T00:19:16.082+0000] {processor.py:186} INFO - Started process (PID=22766) to work on /home/airflow/.local/lib/python3.10/site-packages/airflow/example_dags/example_params_trigger_ui.py
[2025-04-27T00:19:16.084+0000] {processor.py:914} INFO - Processing file /home/airflow/.local/lib/python3.10/site-packages/airflow/example_dags/example_params_trigger_ui.py for tasks to queue
[2025-04-27T00:19:16.087+0000] {logging_mixin.py:190} INFO - [2025-04-27T00:19:16.087+0000] {dagbag.py:588} INFO - Filling up the DagBag from /home/airflow/.local/lib/python3.10/site-packages/airflow/example_dags/example_params_trigger_ui.py
[2025-04-27T00:19:16.101+0000] {processor.py:925} INFO - DAG(s) 'example_params_trigger_ui' retrieved from /home/airflow/.local/lib/python3.10/site-packages/airflow/example_dags/example_params_trigger_ui.py
[2025-04-27T00:19:16.157+0000] {logging_mixin.py:190} INFO - [2025-04-27T00:19:16.156+0000] {dag.py:3239} INFO - Sync 1 DAGs
[2025-04-27T00:19:16.174+0000] {logging_mixin.py:190} INFO - [2025-04-27T00:19:16.174+0000] {dag.py:4180} INFO - Setting next_dagrun for example_params_trigger_ui to None, run_after=None
[2025-04-27T00:19:16.198+0000] {processor.py:208} INFO - Processing /home/airflow/.local/lib/python3.10/site-packages/airflow/example_dags/example_params_trigger_ui.py took 0.124 seconds
[2025-04-27T00:19:46.268+0000] {processor.py:186} INFO - Started process (PID=22831) to work on /home/airflow/.local/lib/python3.10/site-packages/airflow/example_dags/example_params_trigger_ui.py
[2025-04-27T00:19:46.269+0000] {processor.py:914} INFO - Processing file /home/airflow/.local/lib/python3.10/site-packages/airflow/example_dags/example_params_trigger_ui.py for tasks to queue
[2025-04-27T00:19:46.271+0000] {logging_mixin.py:190} INFO - [2025-04-27T00:19:46.271+0000] {dagbag.py:588} INFO - Filling up the DagBag from /home/airflow/.local/lib/python3.10/site-packages/airflow/example_dags/example_params_trigger_ui.py
[2025-04-27T00:19:46.283+0000] {processor.py:925} INFO - DAG(s) 'example_params_trigger_ui' retrieved from /home/airflow/.local/lib/python3.10/site-packages/airflow/example_dags/example_params_trigger_ui.py
[2025-04-27T00:19:46.331+0000] {logging_mixin.py:190} INFO - [2025-04-27T00:19:46.331+0000] {dag.py:3239} INFO - Sync 1 DAGs
[2025-04-27T00:19:46.346+0000] {logging_mixin.py:190} INFO - [2025-04-27T00:19:46.346+0000] {dag.py:4180} INFO - Setting next_dagrun for example_params_trigger_ui to None, run_after=None
[2025-04-27T00:19:46.364+0000] {processor.py:208} INFO - Processing /home/airflow/.local/lib/python3.10/site-packages/airflow/example_dags/example_params_trigger_ui.py took 0.103 seconds
[2025-04-27T00:20:17.032+0000] {processor.py:186} INFO - Started process (PID=22898) to work on /home/airflow/.local/lib/python3.10/site-packages/airflow/example_dags/example_params_trigger_ui.py
[2025-04-27T00:20:17.033+0000] {processor.py:914} INFO - Processing file /home/airflow/.local/lib/python3.10/site-packages/airflow/example_dags/example_params_trigger_ui.py for tasks to queue
[2025-04-27T00:20:17.035+0000] {logging_mixin.py:190} INFO - [2025-04-27T00:20:17.034+0000] {dagbag.py:588} INFO - Filling up the DagBag from /home/airflow/.local/lib/python3.10/site-packages/airflow/example_dags/example_params_trigger_ui.py
[2025-04-27T00:20:17.046+0000] {processor.py:925} INFO - DAG(s) 'example_params_trigger_ui' retrieved from /home/airflow/.local/lib/python3.10/site-packages/airflow/example_dags/example_params_trigger_ui.py
[2025-04-27T00:20:17.091+0000] {logging_mixin.py:190} INFO - [2025-04-27T00:20:17.090+0000] {dag.py:3239} INFO - Sync 1 DAGs
[2025-04-27T00:20:17.105+0000] {logging_mixin.py:190} INFO - [2025-04-27T00:20:17.105+0000] {dag.py:4180} INFO - Setting next_dagrun for example_params_trigger_ui to None, run_after=None
[2025-04-27T00:20:17.122+0000] {processor.py:208} INFO - Processing /home/airflow/.local/lib/python3.10/site-packages/airflow/example_dags/example_params_trigger_ui.py took 0.096 seconds
[2025-04-27T00:20:47.882+0000] {processor.py:186} INFO - Started process (PID=22964) to work on /home/airflow/.local/lib/python3.10/site-packages/airflow/example_dags/example_params_trigger_ui.py
[2025-04-27T00:20:47.883+0000] {processor.py:914} INFO - Processing file /home/airflow/.local/lib/python3.10/site-packages/airflow/example_dags/example_params_trigger_ui.py for tasks to queue
[2025-04-27T00:20:47.886+0000] {logging_mixin.py:190} INFO - [2025-04-27T00:20:47.886+0000] {dagbag.py:588} INFO - Filling up the DagBag from /home/airflow/.local/lib/python3.10/site-packages/airflow/example_dags/example_params_trigger_ui.py
[2025-04-27T00:20:47.900+0000] {processor.py:925} INFO - DAG(s) 'example_params_trigger_ui' retrieved from /home/airflow/.local/lib/python3.10/site-packages/airflow/example_dags/example_params_trigger_ui.py
[2025-04-27T00:20:47.956+0000] {logging_mixin.py:190} INFO - [2025-04-27T00:20:47.956+0000] {dag.py:3239} INFO - Sync 1 DAGs
[2025-04-27T00:20:47.972+0000] {logging_mixin.py:190} INFO - [2025-04-27T00:20:47.972+0000] {dag.py:4180} INFO - Setting next_dagrun for example_params_trigger_ui to None, run_after=None
[2025-04-27T00:20:47.998+0000] {processor.py:208} INFO - Processing /home/airflow/.local/lib/python3.10/site-packages/airflow/example_dags/example_params_trigger_ui.py took 0.124 seconds
[2025-04-27T00:21:18.444+0000] {processor.py:186} INFO - Started process (PID=23030) to work on /home/airflow/.local/lib/python3.10/site-packages/airflow/example_dags/example_params_trigger_ui.py
[2025-04-27T00:21:18.445+0000] {processor.py:914} INFO - Processing file /home/airflow/.local/lib/python3.10/site-packages/airflow/example_dags/example_params_trigger_ui.py for tasks to queue
[2025-04-27T00:21:18.448+0000] {logging_mixin.py:190} INFO - [2025-04-27T00:21:18.448+0000] {dagbag.py:588} INFO - Filling up the DagBag from /home/airflow/.local/lib/python3.10/site-packages/airflow/example_dags/example_params_trigger_ui.py
[2025-04-27T00:21:18.461+0000] {processor.py:925} INFO - DAG(s) 'example_params_trigger_ui' retrieved from /home/airflow/.local/lib/python3.10/site-packages/airflow/example_dags/example_params_trigger_ui.py
[2025-04-27T00:21:18.521+0000] {logging_mixin.py:190} INFO - [2025-04-27T00:21:18.521+0000] {dag.py:3239} INFO - Sync 1 DAGs
[2025-04-27T00:21:18.541+0000] {logging_mixin.py:190} INFO - [2025-04-27T00:21:18.541+0000] {dag.py:4180} INFO - Setting next_dagrun for example_params_trigger_ui to None, run_after=None
[2025-04-27T00:21:18.568+0000] {processor.py:208} INFO - Processing /home/airflow/.local/lib/python3.10/site-packages/airflow/example_dags/example_params_trigger_ui.py took 0.131 seconds
[2025-04-27T00:21:49.180+0000] {processor.py:186} INFO - Started process (PID=23096) to work on /home/airflow/.local/lib/python3.10/site-packages/airflow/example_dags/example_params_trigger_ui.py
[2025-04-27T00:21:49.181+0000] {processor.py:914} INFO - Processing file /home/airflow/.local/lib/python3.10/site-packages/airflow/example_dags/example_params_trigger_ui.py for tasks to queue
[2025-04-27T00:21:49.184+0000] {logging_mixin.py:190} INFO - [2025-04-27T00:21:49.184+0000] {dagbag.py:588} INFO - Filling up the DagBag from /home/airflow/.local/lib/python3.10/site-packages/airflow/example_dags/example_params_trigger_ui.py
[2025-04-27T00:21:49.197+0000] {processor.py:925} INFO - DAG(s) 'example_params_trigger_ui' retrieved from /home/airflow/.local/lib/python3.10/site-packages/airflow/example_dags/example_params_trigger_ui.py
[2025-04-27T00:21:49.250+0000] {logging_mixin.py:190} INFO - [2025-04-27T00:21:49.250+0000] {dag.py:3239} INFO - Sync 1 DAGs
[2025-04-27T00:21:49.268+0000] {logging_mixin.py:190} INFO - [2025-04-27T00:21:49.267+0000] {dag.py:4180} INFO - Setting next_dagrun for example_params_trigger_ui to None, run_after=None
[2025-04-27T00:21:49.296+0000] {processor.py:208} INFO - Processing /home/airflow/.local/lib/python3.10/site-packages/airflow/example_dags/example_params_trigger_ui.py took 0.122 seconds
[2025-04-27T00:22:19.554+0000] {processor.py:186} INFO - Started process (PID=23162) to work on /home/airflow/.local/lib/python3.10/site-packages/airflow/example_dags/example_params_trigger_ui.py
[2025-04-27T00:22:19.555+0000] {processor.py:914} INFO - Processing file /home/airflow/.local/lib/python3.10/site-packages/airflow/example_dags/example_params_trigger_ui.py for tasks to queue
[2025-04-27T00:22:19.557+0000] {logging_mixin.py:190} INFO - [2025-04-27T00:22:19.556+0000] {dagbag.py:588} INFO - Filling up the DagBag from /home/airflow/.local/lib/python3.10/site-packages/airflow/example_dags/example_params_trigger_ui.py
[2025-04-27T00:22:19.567+0000] {processor.py:925} INFO - DAG(s) 'example_params_trigger_ui' retrieved from /home/airflow/.local/lib/python3.10/site-packages/airflow/example_dags/example_params_trigger_ui.py
[2025-04-27T00:22:19.615+0000] {logging_mixin.py:190} INFO - [2025-04-27T00:22:19.614+0000] {dag.py:3239} INFO - Sync 1 DAGs
[2025-04-27T00:22:19.629+0000] {logging_mixin.py:190} INFO - [2025-04-27T00:22:19.628+0000] {dag.py:4180} INFO - Setting next_dagrun for example_params_trigger_ui to None, run_after=None
[2025-04-27T00:22:19.646+0000] {processor.py:208} INFO - Processing /home/airflow/.local/lib/python3.10/site-packages/airflow/example_dags/example_params_trigger_ui.py took 0.099 seconds
[2025-04-27T00:22:50.025+0000] {processor.py:186} INFO - Started process (PID=23228) to work on /home/airflow/.local/lib/python3.10/site-packages/airflow/example_dags/example_params_trigger_ui.py
[2025-04-27T00:22:50.025+0000] {processor.py:914} INFO - Processing file /home/airflow/.local/lib/python3.10/site-packages/airflow/example_dags/example_params_trigger_ui.py for tasks to queue
[2025-04-27T00:22:50.027+0000] {logging_mixin.py:190} INFO - [2025-04-27T00:22:50.027+0000] {dagbag.py:588} INFO - Filling up the DagBag from /home/airflow/.local/lib/python3.10/site-packages/airflow/example_dags/example_params_trigger_ui.py
[2025-04-27T00:22:50.037+0000] {processor.py:925} INFO - DAG(s) 'example_params_trigger_ui' retrieved from /home/airflow/.local/lib/python3.10/site-packages/airflow/example_dags/example_params_trigger_ui.py
[2025-04-27T00:22:50.081+0000] {logging_mixin.py:190} INFO - [2025-04-27T00:22:50.080+0000] {dag.py:3239} INFO - Sync 1 DAGs
[2025-04-27T00:22:50.094+0000] {logging_mixin.py:190} INFO - [2025-04-27T00:22:50.094+0000] {dag.py:4180} INFO - Setting next_dagrun for example_params_trigger_ui to None, run_after=None
[2025-04-27T00:22:50.111+0000] {processor.py:208} INFO - Processing /home/airflow/.local/lib/python3.10/site-packages/airflow/example_dags/example_params_trigger_ui.py took 0.093 seconds
[2025-04-27T00:23:20.424+0000] {processor.py:186} INFO - Started process (PID=23294) to work on /home/airflow/.local/lib/python3.10/site-packages/airflow/example_dags/example_params_trigger_ui.py
[2025-04-27T00:23:20.426+0000] {processor.py:914} INFO - Processing file /home/airflow/.local/lib/python3.10/site-packages/airflow/example_dags/example_params_trigger_ui.py for tasks to queue
[2025-04-27T00:23:20.428+0000] {logging_mixin.py:190} INFO - [2025-04-27T00:23:20.428+0000] {dagbag.py:588} INFO - Filling up the DagBag from /home/airflow/.local/lib/python3.10/site-packages/airflow/example_dags/example_params_trigger_ui.py
[2025-04-27T00:23:20.441+0000] {processor.py:925} INFO - DAG(s) 'example_params_trigger_ui' retrieved from /home/airflow/.local/lib/python3.10/site-packages/airflow/example_dags/example_params_trigger_ui.py
[2025-04-27T00:23:20.492+0000] {logging_mixin.py:190} INFO - [2025-04-27T00:23:20.492+0000] {dag.py:3239} INFO - Sync 1 DAGs
[2025-04-27T00:23:20.507+0000] {logging_mixin.py:190} INFO - [2025-04-27T00:23:20.507+0000] {dag.py:4180} INFO - Setting next_dagrun for example_params_trigger_ui to None, run_after=None
[2025-04-27T00:23:20.526+0000] {processor.py:208} INFO - Processing /home/airflow/.local/lib/python3.10/site-packages/airflow/example_dags/example_params_trigger_ui.py took 0.112 seconds
[2025-04-27T00:23:51.504+0000] {processor.py:186} INFO - Started process (PID=23360) to work on /home/airflow/.local/lib/python3.10/site-packages/airflow/example_dags/example_params_trigger_ui.py
[2025-04-27T00:23:51.505+0000] {processor.py:914} INFO - Processing file /home/airflow/.local/lib/python3.10/site-packages/airflow/example_dags/example_params_trigger_ui.py for tasks to queue
[2025-04-27T00:23:51.507+0000] {logging_mixin.py:190} INFO - [2025-04-27T00:23:51.507+0000] {dagbag.py:588} INFO - Filling up the DagBag from /home/airflow/.local/lib/python3.10/site-packages/airflow/example_dags/example_params_trigger_ui.py
[2025-04-27T00:23:51.517+0000] {processor.py:925} INFO - DAG(s) 'example_params_trigger_ui' retrieved from /home/airflow/.local/lib/python3.10/site-packages/airflow/example_dags/example_params_trigger_ui.py
[2025-04-27T00:23:51.567+0000] {logging_mixin.py:190} INFO - [2025-04-27T00:23:51.567+0000] {dag.py:3239} INFO - Sync 1 DAGs
[2025-04-27T00:23:51.581+0000] {logging_mixin.py:190} INFO - [2025-04-27T00:23:51.581+0000] {dag.py:4180} INFO - Setting next_dagrun for example_params_trigger_ui to None, run_after=None
[2025-04-27T00:23:51.598+0000] {processor.py:208} INFO - Processing /home/airflow/.local/lib/python3.10/site-packages/airflow/example_dags/example_params_trigger_ui.py took 0.100 seconds
[2025-04-27T00:24:21.726+0000] {processor.py:186} INFO - Started process (PID=23426) to work on /home/airflow/.local/lib/python3.10/site-packages/airflow/example_dags/example_params_trigger_ui.py
[2025-04-27T00:24:21.727+0000] {processor.py:914} INFO - Processing file /home/airflow/.local/lib/python3.10/site-packages/airflow/example_dags/example_params_trigger_ui.py for tasks to queue
[2025-04-27T00:24:21.730+0000] {logging_mixin.py:190} INFO - [2025-04-27T00:24:21.730+0000] {dagbag.py:588} INFO - Filling up the DagBag from /home/airflow/.local/lib/python3.10/site-packages/airflow/example_dags/example_params_trigger_ui.py
[2025-04-27T00:24:21.747+0000] {processor.py:925} INFO - DAG(s) 'example_params_trigger_ui' retrieved from /home/airflow/.local/lib/python3.10/site-packages/airflow/example_dags/example_params_trigger_ui.py
[2025-04-27T00:24:21.798+0000] {logging_mixin.py:190} INFO - [2025-04-27T00:24:21.798+0000] {dag.py:3239} INFO - Sync 1 DAGs
[2025-04-27T00:24:21.812+0000] {logging_mixin.py:190} INFO - [2025-04-27T00:24:21.812+0000] {dag.py:4180} INFO - Setting next_dagrun for example_params_trigger_ui to None, run_after=None
[2025-04-27T00:24:21.832+0000] {processor.py:208} INFO - Processing /home/airflow/.local/lib/python3.10/site-packages/airflow/example_dags/example_params_trigger_ui.py took 0.115 seconds
[2025-04-27T00:24:52.654+0000] {processor.py:186} INFO - Started process (PID=23498) to work on /home/airflow/.local/lib/python3.10/site-packages/airflow/example_dags/example_params_trigger_ui.py
[2025-04-27T00:24:52.655+0000] {processor.py:914} INFO - Processing file /home/airflow/.local/lib/python3.10/site-packages/airflow/example_dags/example_params_trigger_ui.py for tasks to queue
[2025-04-27T00:24:52.658+0000] {logging_mixin.py:190} INFO - [2025-04-27T00:24:52.657+0000] {dagbag.py:588} INFO - Filling up the DagBag from /home/airflow/.local/lib/python3.10/site-packages/airflow/example_dags/example_params_trigger_ui.py
[2025-04-27T00:24:52.671+0000] {processor.py:925} INFO - DAG(s) 'example_params_trigger_ui' retrieved from /home/airflow/.local/lib/python3.10/site-packages/airflow/example_dags/example_params_trigger_ui.py
[2025-04-27T00:24:52.730+0000] {logging_mixin.py:190} INFO - [2025-04-27T00:24:52.729+0000] {dag.py:3239} INFO - Sync 1 DAGs
[2025-04-27T00:24:52.751+0000] {logging_mixin.py:190} INFO - [2025-04-27T00:24:52.750+0000] {dag.py:4180} INFO - Setting next_dagrun for example_params_trigger_ui to None, run_after=None
[2025-04-27T00:24:52.774+0000] {processor.py:208} INFO - Processing /home/airflow/.local/lib/python3.10/site-packages/airflow/example_dags/example_params_trigger_ui.py took 0.127 seconds
[2025-04-27T00:25:23.038+0000] {processor.py:186} INFO - Started process (PID=23564) to work on /home/airflow/.local/lib/python3.10/site-packages/airflow/example_dags/example_params_trigger_ui.py
[2025-04-27T00:25:23.039+0000] {processor.py:914} INFO - Processing file /home/airflow/.local/lib/python3.10/site-packages/airflow/example_dags/example_params_trigger_ui.py for tasks to queue
[2025-04-27T00:25:23.043+0000] {logging_mixin.py:190} INFO - [2025-04-27T00:25:23.043+0000] {dagbag.py:588} INFO - Filling up the DagBag from /home/airflow/.local/lib/python3.10/site-packages/airflow/example_dags/example_params_trigger_ui.py
[2025-04-27T00:25:23.057+0000] {processor.py:925} INFO - DAG(s) 'example_params_trigger_ui' retrieved from /home/airflow/.local/lib/python3.10/site-packages/airflow/example_dags/example_params_trigger_ui.py
[2025-04-27T00:25:23.110+0000] {logging_mixin.py:190} INFO - [2025-04-27T00:25:23.110+0000] {dag.py:3239} INFO - Sync 1 DAGs
[2025-04-27T00:25:23.126+0000] {logging_mixin.py:190} INFO - [2025-04-27T00:25:23.125+0000] {dag.py:4180} INFO - Setting next_dagrun for example_params_trigger_ui to None, run_after=None
[2025-04-27T00:25:23.147+0000] {processor.py:208} INFO - Processing /home/airflow/.local/lib/python3.10/site-packages/airflow/example_dags/example_params_trigger_ui.py took 0.118 seconds
