[2025-04-27T00:00:12.358+0000] {processor.py:186} INFO - Started process (PID=20271) to work on /home/airflow/.local/lib/python3.10/site-packages/airflow/example_dags/example_branch_python_dop_operator_3.py
[2025-04-27T00:00:12.359+0000] {processor.py:914} INFO - Processing file /home/airflow/.local/lib/python3.10/site-packages/airflow/example_dags/example_branch_python_dop_operator_3.py for tasks to queue
[2025-04-27T00:00:12.362+0000] {logging_mixin.py:190} INFO - [2025-04-27T00:00:12.362+0000] {dagbag.py:588} INFO - Filling up the DagBag from /home/airflow/.local/lib/python3.10/site-packages/airflow/example_dags/example_branch_python_dop_operator_3.py
[2025-04-27T00:00:12.373+0000] {processor.py:925} INFO - DAG(s) 'example_branch_dop_operator_v3' retrieved from /home/airflow/.local/lib/python3.10/site-packages/airflow/example_dags/example_branch_python_dop_operator_3.py
[2025-04-27T00:00:12.392+0000] {logging_mixin.py:190} INFO - [2025-04-27T00:00:12.392+0000] {dag.py:3239} INFO - Sync 1 DAGs
[2025-04-27T00:00:12.425+0000] {logging_mixin.py:190} INFO - [2025-04-27T00:00:12.424+0000] {dag.py:4180} INFO - Setting next_dagrun for example_branch_dop_operator_v3 to 2025-04-26 23:59:00+00:00, run_after=2025-04-27 00:00:00+00:00
[2025-04-27T00:00:12.447+0000] {processor.py:208} INFO - Processing /home/airflow/.local/lib/python3.10/site-packages/airflow/example_dags/example_branch_python_dop_operator_3.py took 0.095 seconds
[2025-04-27T00:00:42.774+0000] {processor.py:186} INFO - Started process (PID=20337) to work on /home/airflow/.local/lib/python3.10/site-packages/airflow/example_dags/example_branch_python_dop_operator_3.py
[2025-04-27T00:00:42.775+0000] {processor.py:914} INFO - Processing file /home/airflow/.local/lib/python3.10/site-packages/airflow/example_dags/example_branch_python_dop_operator_3.py for tasks to queue
[2025-04-27T00:00:42.778+0000] {logging_mixin.py:190} INFO - [2025-04-27T00:00:42.777+0000] {dagbag.py:588} INFO - Filling up the DagBag from /home/airflow/.local/lib/python3.10/site-packages/airflow/example_dags/example_branch_python_dop_operator_3.py
[2025-04-27T00:00:42.791+0000] {processor.py:925} INFO - DAG(s) 'example_branch_dop_operator_v3' retrieved from /home/airflow/.local/lib/python3.10/site-packages/airflow/example_dags/example_branch_python_dop_operator_3.py
[2025-04-27T00:00:42.810+0000] {logging_mixin.py:190} INFO - [2025-04-27T00:00:42.810+0000] {dag.py:3239} INFO - Sync 1 DAGs
[2025-04-27T00:00:42.840+0000] {logging_mixin.py:190} INFO - [2025-04-27T00:00:42.840+0000] {dag.py:4180} INFO - Setting next_dagrun for example_branch_dop_operator_v3 to 2025-04-26 23:59:00+00:00, run_after=2025-04-27 00:00:00+00:00
[2025-04-27T00:00:42.864+0000] {processor.py:208} INFO - Processing /home/airflow/.local/lib/python3.10/site-packages/airflow/example_dags/example_branch_python_dop_operator_3.py took 0.098 seconds
[2025-04-27T00:01:13.399+0000] {processor.py:186} INFO - Started process (PID=20403) to work on /home/airflow/.local/lib/python3.10/site-packages/airflow/example_dags/example_branch_python_dop_operator_3.py
[2025-04-27T00:01:13.401+0000] {processor.py:914} INFO - Processing file /home/airflow/.local/lib/python3.10/site-packages/airflow/example_dags/example_branch_python_dop_operator_3.py for tasks to queue
[2025-04-27T00:01:13.404+0000] {logging_mixin.py:190} INFO - [2025-04-27T00:01:13.404+0000] {dagbag.py:588} INFO - Filling up the DagBag from /home/airflow/.local/lib/python3.10/site-packages/airflow/example_dags/example_branch_python_dop_operator_3.py
[2025-04-27T00:01:13.415+0000] {processor.py:925} INFO - DAG(s) 'example_branch_dop_operator_v3' retrieved from /home/airflow/.local/lib/python3.10/site-packages/airflow/example_dags/example_branch_python_dop_operator_3.py
[2025-04-27T00:01:13.435+0000] {logging_mixin.py:190} INFO - [2025-04-27T00:01:13.435+0000] {dag.py:3239} INFO - Sync 1 DAGs
[2025-04-27T00:01:13.467+0000] {logging_mixin.py:190} INFO - [2025-04-27T00:01:13.467+0000] {dag.py:4180} INFO - Setting next_dagrun for example_branch_dop_operator_v3 to 2025-04-27 00:00:00+00:00, run_after=2025-04-27 00:01:00+00:00
[2025-04-27T00:01:13.490+0000] {processor.py:208} INFO - Processing /home/airflow/.local/lib/python3.10/site-packages/airflow/example_dags/example_branch_python_dop_operator_3.py took 0.097 seconds
[2025-04-27T00:01:43.563+0000] {processor.py:186} INFO - Started process (PID=20469) to work on /home/airflow/.local/lib/python3.10/site-packages/airflow/example_dags/example_branch_python_dop_operator_3.py
[2025-04-27T00:01:43.564+0000] {processor.py:914} INFO - Processing file /home/airflow/.local/lib/python3.10/site-packages/airflow/example_dags/example_branch_python_dop_operator_3.py for tasks to queue
[2025-04-27T00:01:43.567+0000] {logging_mixin.py:190} INFO - [2025-04-27T00:01:43.567+0000] {dagbag.py:588} INFO - Filling up the DagBag from /home/airflow/.local/lib/python3.10/site-packages/airflow/example_dags/example_branch_python_dop_operator_3.py
[2025-04-27T00:01:43.577+0000] {processor.py:925} INFO - DAG(s) 'example_branch_dop_operator_v3' retrieved from /home/airflow/.local/lib/python3.10/site-packages/airflow/example_dags/example_branch_python_dop_operator_3.py
[2025-04-27T00:01:43.596+0000] {logging_mixin.py:190} INFO - [2025-04-27T00:01:43.595+0000] {dag.py:3239} INFO - Sync 1 DAGs
[2025-04-27T00:01:43.622+0000] {logging_mixin.py:190} INFO - [2025-04-27T00:01:43.622+0000] {dag.py:4180} INFO - Setting next_dagrun for example_branch_dop_operator_v3 to 2025-04-27 00:00:00+00:00, run_after=2025-04-27 00:01:00+00:00
[2025-04-27T00:01:43.640+0000] {processor.py:208} INFO - Processing /home/airflow/.local/lib/python3.10/site-packages/airflow/example_dags/example_branch_python_dop_operator_3.py took 0.083 seconds
[2025-04-27T00:02:13.807+0000] {processor.py:186} INFO - Started process (PID=20534) to work on /home/airflow/.local/lib/python3.10/site-packages/airflow/example_dags/example_branch_python_dop_operator_3.py
[2025-04-27T00:02:13.808+0000] {processor.py:914} INFO - Processing file /home/airflow/.local/lib/python3.10/site-packages/airflow/example_dags/example_branch_python_dop_operator_3.py for tasks to queue
[2025-04-27T00:02:13.810+0000] {logging_mixin.py:190} INFO - [2025-04-27T00:02:13.810+0000] {dagbag.py:588} INFO - Filling up the DagBag from /home/airflow/.local/lib/python3.10/site-packages/airflow/example_dags/example_branch_python_dop_operator_3.py
[2025-04-27T00:02:13.821+0000] {processor.py:925} INFO - DAG(s) 'example_branch_dop_operator_v3' retrieved from /home/airflow/.local/lib/python3.10/site-packages/airflow/example_dags/example_branch_python_dop_operator_3.py
[2025-04-27T00:02:13.841+0000] {logging_mixin.py:190} INFO - [2025-04-27T00:02:13.841+0000] {dag.py:3239} INFO - Sync 1 DAGs
[2025-04-27T00:02:13.872+0000] {logging_mixin.py:190} INFO - [2025-04-27T00:02:13.872+0000] {dag.py:4180} INFO - Setting next_dagrun for example_branch_dop_operator_v3 to 2025-04-27 00:01:00+00:00, run_after=2025-04-27 00:02:00+00:00
[2025-04-27T00:02:13.888+0000] {processor.py:208} INFO - Processing /home/airflow/.local/lib/python3.10/site-packages/airflow/example_dags/example_branch_python_dop_operator_3.py took 0.088 seconds
[2025-04-27T00:02:44.141+0000] {processor.py:186} INFO - Started process (PID=20600) to work on /home/airflow/.local/lib/python3.10/site-packages/airflow/example_dags/example_branch_python_dop_operator_3.py
[2025-04-27T00:02:44.143+0000] {processor.py:914} INFO - Processing file /home/airflow/.local/lib/python3.10/site-packages/airflow/example_dags/example_branch_python_dop_operator_3.py for tasks to queue
[2025-04-27T00:02:44.145+0000] {logging_mixin.py:190} INFO - [2025-04-27T00:02:44.145+0000] {dagbag.py:588} INFO - Filling up the DagBag from /home/airflow/.local/lib/python3.10/site-packages/airflow/example_dags/example_branch_python_dop_operator_3.py
[2025-04-27T00:02:44.158+0000] {processor.py:925} INFO - DAG(s) 'example_branch_dop_operator_v3' retrieved from /home/airflow/.local/lib/python3.10/site-packages/airflow/example_dags/example_branch_python_dop_operator_3.py
[2025-04-27T00:02:44.179+0000] {logging_mixin.py:190} INFO - [2025-04-27T00:02:44.179+0000] {dag.py:3239} INFO - Sync 1 DAGs
[2025-04-27T00:02:44.210+0000] {logging_mixin.py:190} INFO - [2025-04-27T00:02:44.209+0000] {dag.py:4180} INFO - Setting next_dagrun for example_branch_dop_operator_v3 to 2025-04-27 00:01:00+00:00, run_after=2025-04-27 00:02:00+00:00
[2025-04-27T00:02:44.231+0000] {processor.py:208} INFO - Processing /home/airflow/.local/lib/python3.10/site-packages/airflow/example_dags/example_branch_python_dop_operator_3.py took 0.097 seconds
[2025-04-27T00:03:14.339+0000] {processor.py:186} INFO - Started process (PID=20666) to work on /home/airflow/.local/lib/python3.10/site-packages/airflow/example_dags/example_branch_python_dop_operator_3.py
[2025-04-27T00:03:14.340+0000] {processor.py:914} INFO - Processing file /home/airflow/.local/lib/python3.10/site-packages/airflow/example_dags/example_branch_python_dop_operator_3.py for tasks to queue
[2025-04-27T00:03:14.343+0000] {logging_mixin.py:190} INFO - [2025-04-27T00:03:14.342+0000] {dagbag.py:588} INFO - Filling up the DagBag from /home/airflow/.local/lib/python3.10/site-packages/airflow/example_dags/example_branch_python_dop_operator_3.py
[2025-04-27T00:03:14.356+0000] {processor.py:925} INFO - DAG(s) 'example_branch_dop_operator_v3' retrieved from /home/airflow/.local/lib/python3.10/site-packages/airflow/example_dags/example_branch_python_dop_operator_3.py
[2025-04-27T00:03:14.378+0000] {logging_mixin.py:190} INFO - [2025-04-27T00:03:14.378+0000] {dag.py:3239} INFO - Sync 1 DAGs
[2025-04-27T00:03:14.406+0000] {logging_mixin.py:190} INFO - [2025-04-27T00:03:14.406+0000] {dag.py:4180} INFO - Setting next_dagrun for example_branch_dop_operator_v3 to 2025-04-27 00:02:00+00:00, run_after=2025-04-27 00:03:00+00:00
[2025-04-27T00:03:14.426+0000] {processor.py:208} INFO - Processing /home/airflow/.local/lib/python3.10/site-packages/airflow/example_dags/example_branch_python_dop_operator_3.py took 0.094 seconds
[2025-04-27T00:03:44.475+0000] {processor.py:186} INFO - Started process (PID=20731) to work on /home/airflow/.local/lib/python3.10/site-packages/airflow/example_dags/example_branch_python_dop_operator_3.py
[2025-04-27T00:03:44.476+0000] {processor.py:914} INFO - Processing file /home/airflow/.local/lib/python3.10/site-packages/airflow/example_dags/example_branch_python_dop_operator_3.py for tasks to queue
[2025-04-27T00:03:44.478+0000] {logging_mixin.py:190} INFO - [2025-04-27T00:03:44.478+0000] {dagbag.py:588} INFO - Filling up the DagBag from /home/airflow/.local/lib/python3.10/site-packages/airflow/example_dags/example_branch_python_dop_operator_3.py
[2025-04-27T00:03:44.488+0000] {processor.py:925} INFO - DAG(s) 'example_branch_dop_operator_v3' retrieved from /home/airflow/.local/lib/python3.10/site-packages/airflow/example_dags/example_branch_python_dop_operator_3.py
[2025-04-27T00:03:44.507+0000] {logging_mixin.py:190} INFO - [2025-04-27T00:03:44.506+0000] {dag.py:3239} INFO - Sync 1 DAGs
[2025-04-27T00:03:44.533+0000] {logging_mixin.py:190} INFO - [2025-04-27T00:03:44.532+0000] {dag.py:4180} INFO - Setting next_dagrun for example_branch_dop_operator_v3 to 2025-04-27 00:02:00+00:00, run_after=2025-04-27 00:03:00+00:00
[2025-04-27T00:03:44.551+0000] {processor.py:208} INFO - Processing /home/airflow/.local/lib/python3.10/site-packages/airflow/example_dags/example_branch_python_dop_operator_3.py took 0.082 seconds
[2025-04-27T00:04:14.917+0000] {processor.py:186} INFO - Started process (PID=20797) to work on /home/airflow/.local/lib/python3.10/site-packages/airflow/example_dags/example_branch_python_dop_operator_3.py
[2025-04-27T00:04:14.918+0000] {processor.py:914} INFO - Processing file /home/airflow/.local/lib/python3.10/site-packages/airflow/example_dags/example_branch_python_dop_operator_3.py for tasks to queue
[2025-04-27T00:04:14.921+0000] {logging_mixin.py:190} INFO - [2025-04-27T00:04:14.921+0000] {dagbag.py:588} INFO - Filling up the DagBag from /home/airflow/.local/lib/python3.10/site-packages/airflow/example_dags/example_branch_python_dop_operator_3.py
[2025-04-27T00:04:14.930+0000] {processor.py:925} INFO - DAG(s) 'example_branch_dop_operator_v3' retrieved from /home/airflow/.local/lib/python3.10/site-packages/airflow/example_dags/example_branch_python_dop_operator_3.py
[2025-04-27T00:04:14.949+0000] {logging_mixin.py:190} INFO - [2025-04-27T00:04:14.948+0000] {dag.py:3239} INFO - Sync 1 DAGs
[2025-04-27T00:04:14.973+0000] {logging_mixin.py:190} INFO - [2025-04-27T00:04:14.972+0000] {dag.py:4180} INFO - Setting next_dagrun for example_branch_dop_operator_v3 to 2025-04-27 00:03:00+00:00, run_after=2025-04-27 00:04:00+00:00
[2025-04-27T00:04:14.989+0000] {processor.py:208} INFO - Processing /home/airflow/.local/lib/python3.10/site-packages/airflow/example_dags/example_branch_python_dop_operator_3.py took 0.078 seconds
[2025-04-27T00:04:45.201+0000] {processor.py:186} INFO - Started process (PID=20863) to work on /home/airflow/.local/lib/python3.10/site-packages/airflow/example_dags/example_branch_python_dop_operator_3.py
[2025-04-27T00:04:45.203+0000] {processor.py:914} INFO - Processing file /home/airflow/.local/lib/python3.10/site-packages/airflow/example_dags/example_branch_python_dop_operator_3.py for tasks to queue
[2025-04-27T00:04:45.205+0000] {logging_mixin.py:190} INFO - [2025-04-27T00:04:45.205+0000] {dagbag.py:588} INFO - Filling up the DagBag from /home/airflow/.local/lib/python3.10/site-packages/airflow/example_dags/example_branch_python_dop_operator_3.py
[2025-04-27T00:04:45.215+0000] {processor.py:925} INFO - DAG(s) 'example_branch_dop_operator_v3' retrieved from /home/airflow/.local/lib/python3.10/site-packages/airflow/example_dags/example_branch_python_dop_operator_3.py
[2025-04-27T00:04:45.235+0000] {logging_mixin.py:190} INFO - [2025-04-27T00:04:45.234+0000] {dag.py:3239} INFO - Sync 1 DAGs
[2025-04-27T00:04:45.265+0000] {logging_mixin.py:190} INFO - [2025-04-27T00:04:45.265+0000] {dag.py:4180} INFO - Setting next_dagrun for example_branch_dop_operator_v3 to 2025-04-27 00:03:00+00:00, run_after=2025-04-27 00:04:00+00:00
[2025-04-27T00:04:45.285+0000] {processor.py:208} INFO - Processing /home/airflow/.local/lib/python3.10/site-packages/airflow/example_dags/example_branch_python_dop_operator_3.py took 0.091 seconds
[2025-04-27T00:05:15.353+0000] {processor.py:186} INFO - Started process (PID=20929) to work on /home/airflow/.local/lib/python3.10/site-packages/airflow/example_dags/example_branch_python_dop_operator_3.py
[2025-04-27T00:05:15.354+0000] {processor.py:914} INFO - Processing file /home/airflow/.local/lib/python3.10/site-packages/airflow/example_dags/example_branch_python_dop_operator_3.py for tasks to queue
[2025-04-27T00:05:15.356+0000] {logging_mixin.py:190} INFO - [2025-04-27T00:05:15.356+0000] {dagbag.py:588} INFO - Filling up the DagBag from /home/airflow/.local/lib/python3.10/site-packages/airflow/example_dags/example_branch_python_dop_operator_3.py
[2025-04-27T00:05:15.366+0000] {processor.py:925} INFO - DAG(s) 'example_branch_dop_operator_v3' retrieved from /home/airflow/.local/lib/python3.10/site-packages/airflow/example_dags/example_branch_python_dop_operator_3.py
[2025-04-27T00:05:15.384+0000] {logging_mixin.py:190} INFO - [2025-04-27T00:05:15.383+0000] {dag.py:3239} INFO - Sync 1 DAGs
[2025-04-27T00:05:15.408+0000] {logging_mixin.py:190} INFO - [2025-04-27T00:05:15.408+0000] {dag.py:4180} INFO - Setting next_dagrun for example_branch_dop_operator_v3 to 2025-04-27 00:04:00+00:00, run_after=2025-04-27 00:05:00+00:00
[2025-04-27T00:05:15.426+0000] {processor.py:208} INFO - Processing /home/airflow/.local/lib/python3.10/site-packages/airflow/example_dags/example_branch_python_dop_operator_3.py took 0.079 seconds
[2025-04-27T00:05:45.825+0000] {processor.py:186} INFO - Started process (PID=20995) to work on /home/airflow/.local/lib/python3.10/site-packages/airflow/example_dags/example_branch_python_dop_operator_3.py
[2025-04-27T00:05:45.826+0000] {processor.py:914} INFO - Processing file /home/airflow/.local/lib/python3.10/site-packages/airflow/example_dags/example_branch_python_dop_operator_3.py for tasks to queue
[2025-04-27T00:05:45.828+0000] {logging_mixin.py:190} INFO - [2025-04-27T00:05:45.827+0000] {dagbag.py:588} INFO - Filling up the DagBag from /home/airflow/.local/lib/python3.10/site-packages/airflow/example_dags/example_branch_python_dop_operator_3.py
[2025-04-27T00:05:45.838+0000] {processor.py:925} INFO - DAG(s) 'example_branch_dop_operator_v3' retrieved from /home/airflow/.local/lib/python3.10/site-packages/airflow/example_dags/example_branch_python_dop_operator_3.py
[2025-04-27T00:05:45.856+0000] {logging_mixin.py:190} INFO - [2025-04-27T00:05:45.856+0000] {dag.py:3239} INFO - Sync 1 DAGs
[2025-04-27T00:05:45.880+0000] {logging_mixin.py:190} INFO - [2025-04-27T00:05:45.880+0000] {dag.py:4180} INFO - Setting next_dagrun for example_branch_dop_operator_v3 to 2025-04-27 00:04:00+00:00, run_after=2025-04-27 00:05:00+00:00
[2025-04-27T00:05:45.896+0000] {processor.py:208} INFO - Processing /home/airflow/.local/lib/python3.10/site-packages/airflow/example_dags/example_branch_python_dop_operator_3.py took 0.077 seconds
[2025-04-27T00:06:16.472+0000] {processor.py:186} INFO - Started process (PID=21061) to work on /home/airflow/.local/lib/python3.10/site-packages/airflow/example_dags/example_branch_python_dop_operator_3.py
[2025-04-27T00:06:16.473+0000] {processor.py:914} INFO - Processing file /home/airflow/.local/lib/python3.10/site-packages/airflow/example_dags/example_branch_python_dop_operator_3.py for tasks to queue
[2025-04-27T00:06:16.476+0000] {logging_mixin.py:190} INFO - [2025-04-27T00:06:16.476+0000] {dagbag.py:588} INFO - Filling up the DagBag from /home/airflow/.local/lib/python3.10/site-packages/airflow/example_dags/example_branch_python_dop_operator_3.py
[2025-04-27T00:06:16.490+0000] {processor.py:925} INFO - DAG(s) 'example_branch_dop_operator_v3' retrieved from /home/airflow/.local/lib/python3.10/site-packages/airflow/example_dags/example_branch_python_dop_operator_3.py
[2025-04-27T00:06:16.511+0000] {logging_mixin.py:190} INFO - [2025-04-27T00:06:16.511+0000] {dag.py:3239} INFO - Sync 1 DAGs
[2025-04-27T00:06:16.544+0000] {logging_mixin.py:190} INFO - [2025-04-27T00:06:16.544+0000] {dag.py:4180} INFO - Setting next_dagrun for example_branch_dop_operator_v3 to 2025-04-27 00:05:00+00:00, run_after=2025-04-27 00:06:00+00:00
[2025-04-27T00:06:16.571+0000] {processor.py:208} INFO - Processing /home/airflow/.local/lib/python3.10/site-packages/airflow/example_dags/example_branch_python_dop_operator_3.py took 0.107 seconds
[2025-04-27T00:06:46.708+0000] {processor.py:186} INFO - Started process (PID=21127) to work on /home/airflow/.local/lib/python3.10/site-packages/airflow/example_dags/example_branch_python_dop_operator_3.py
[2025-04-27T00:06:46.709+0000] {processor.py:914} INFO - Processing file /home/airflow/.local/lib/python3.10/site-packages/airflow/example_dags/example_branch_python_dop_operator_3.py for tasks to queue
[2025-04-27T00:06:46.712+0000] {logging_mixin.py:190} INFO - [2025-04-27T00:06:46.711+0000] {dagbag.py:588} INFO - Filling up the DagBag from /home/airflow/.local/lib/python3.10/site-packages/airflow/example_dags/example_branch_python_dop_operator_3.py
[2025-04-27T00:06:46.723+0000] {processor.py:925} INFO - DAG(s) 'example_branch_dop_operator_v3' retrieved from /home/airflow/.local/lib/python3.10/site-packages/airflow/example_dags/example_branch_python_dop_operator_3.py
[2025-04-27T00:06:46.743+0000] {logging_mixin.py:190} INFO - [2025-04-27T00:06:46.743+0000] {dag.py:3239} INFO - Sync 1 DAGs
[2025-04-27T00:06:46.770+0000] {logging_mixin.py:190} INFO - [2025-04-27T00:06:46.770+0000] {dag.py:4180} INFO - Setting next_dagrun for example_branch_dop_operator_v3 to 2025-04-27 00:05:00+00:00, run_after=2025-04-27 00:06:00+00:00
[2025-04-27T00:06:46.790+0000] {processor.py:208} INFO - Processing /home/airflow/.local/lib/python3.10/site-packages/airflow/example_dags/example_branch_python_dop_operator_3.py took 0.089 seconds
[2025-04-27T00:07:17.026+0000] {processor.py:186} INFO - Started process (PID=21193) to work on /home/airflow/.local/lib/python3.10/site-packages/airflow/example_dags/example_branch_python_dop_operator_3.py
[2025-04-27T00:07:17.028+0000] {processor.py:914} INFO - Processing file /home/airflow/.local/lib/python3.10/site-packages/airflow/example_dags/example_branch_python_dop_operator_3.py for tasks to queue
[2025-04-27T00:07:17.031+0000] {logging_mixin.py:190} INFO - [2025-04-27T00:07:17.031+0000] {dagbag.py:588} INFO - Filling up the DagBag from /home/airflow/.local/lib/python3.10/site-packages/airflow/example_dags/example_branch_python_dop_operator_3.py
[2025-04-27T00:07:17.043+0000] {processor.py:925} INFO - DAG(s) 'example_branch_dop_operator_v3' retrieved from /home/airflow/.local/lib/python3.10/site-packages/airflow/example_dags/example_branch_python_dop_operator_3.py
[2025-04-27T00:07:17.070+0000] {logging_mixin.py:190} INFO - [2025-04-27T00:07:17.069+0000] {dag.py:3239} INFO - Sync 1 DAGs
[2025-04-27T00:07:17.103+0000] {logging_mixin.py:190} INFO - [2025-04-27T00:07:17.103+0000] {dag.py:4180} INFO - Setting next_dagrun for example_branch_dop_operator_v3 to 2025-04-27 00:06:00+00:00, run_after=2025-04-27 00:07:00+00:00
[2025-04-27T00:07:17.126+0000] {processor.py:208} INFO - Processing /home/airflow/.local/lib/python3.10/site-packages/airflow/example_dags/example_branch_python_dop_operator_3.py took 0.107 seconds
[2025-04-27T00:07:47.184+0000] {processor.py:186} INFO - Started process (PID=21260) to work on /home/airflow/.local/lib/python3.10/site-packages/airflow/example_dags/example_branch_python_dop_operator_3.py
[2025-04-27T00:07:47.185+0000] {processor.py:914} INFO - Processing file /home/airflow/.local/lib/python3.10/site-packages/airflow/example_dags/example_branch_python_dop_operator_3.py for tasks to queue
[2025-04-27T00:07:47.187+0000] {logging_mixin.py:190} INFO - [2025-04-27T00:07:47.187+0000] {dagbag.py:588} INFO - Filling up the DagBag from /home/airflow/.local/lib/python3.10/site-packages/airflow/example_dags/example_branch_python_dop_operator_3.py
[2025-04-27T00:07:47.198+0000] {processor.py:925} INFO - DAG(s) 'example_branch_dop_operator_v3' retrieved from /home/airflow/.local/lib/python3.10/site-packages/airflow/example_dags/example_branch_python_dop_operator_3.py
[2025-04-27T00:07:47.217+0000] {logging_mixin.py:190} INFO - [2025-04-27T00:07:47.217+0000] {dag.py:3239} INFO - Sync 1 DAGs
[2025-04-27T00:07:47.241+0000] {logging_mixin.py:190} INFO - [2025-04-27T00:07:47.241+0000] {dag.py:4180} INFO - Setting next_dagrun for example_branch_dop_operator_v3 to 2025-04-27 00:06:00+00:00, run_after=2025-04-27 00:07:00+00:00
[2025-04-27T00:07:47.258+0000] {processor.py:208} INFO - Processing /home/airflow/.local/lib/python3.10/site-packages/airflow/example_dags/example_branch_python_dop_operator_3.py took 0.080 seconds
[2025-04-27T00:08:17.349+0000] {processor.py:186} INFO - Started process (PID=21326) to work on /home/airflow/.local/lib/python3.10/site-packages/airflow/example_dags/example_branch_python_dop_operator_3.py
[2025-04-27T00:08:17.350+0000] {processor.py:914} INFO - Processing file /home/airflow/.local/lib/python3.10/site-packages/airflow/example_dags/example_branch_python_dop_operator_3.py for tasks to queue
[2025-04-27T00:08:17.353+0000] {logging_mixin.py:190} INFO - [2025-04-27T00:08:17.353+0000] {dagbag.py:588} INFO - Filling up the DagBag from /home/airflow/.local/lib/python3.10/site-packages/airflow/example_dags/example_branch_python_dop_operator_3.py
[2025-04-27T00:08:17.364+0000] {processor.py:925} INFO - DAG(s) 'example_branch_dop_operator_v3' retrieved from /home/airflow/.local/lib/python3.10/site-packages/airflow/example_dags/example_branch_python_dop_operator_3.py
[2025-04-27T00:08:17.384+0000] {logging_mixin.py:190} INFO - [2025-04-27T00:08:17.383+0000] {dag.py:3239} INFO - Sync 1 DAGs
[2025-04-27T00:08:17.414+0000] {logging_mixin.py:190} INFO - [2025-04-27T00:08:17.413+0000] {dag.py:4180} INFO - Setting next_dagrun for example_branch_dop_operator_v3 to 2025-04-27 00:07:00+00:00, run_after=2025-04-27 00:08:00+00:00
[2025-04-27T00:08:17.433+0000] {processor.py:208} INFO - Processing /home/airflow/.local/lib/python3.10/site-packages/airflow/example_dags/example_branch_python_dop_operator_3.py took 0.091 seconds
[2025-04-27T00:08:47.810+0000] {processor.py:186} INFO - Started process (PID=21392) to work on /home/airflow/.local/lib/python3.10/site-packages/airflow/example_dags/example_branch_python_dop_operator_3.py
[2025-04-27T00:08:47.812+0000] {processor.py:914} INFO - Processing file /home/airflow/.local/lib/python3.10/site-packages/airflow/example_dags/example_branch_python_dop_operator_3.py for tasks to queue
[2025-04-27T00:08:47.816+0000] {logging_mixin.py:190} INFO - [2025-04-27T00:08:47.815+0000] {dagbag.py:588} INFO - Filling up the DagBag from /home/airflow/.local/lib/python3.10/site-packages/airflow/example_dags/example_branch_python_dop_operator_3.py
[2025-04-27T00:08:47.829+0000] {processor.py:925} INFO - DAG(s) 'example_branch_dop_operator_v3' retrieved from /home/airflow/.local/lib/python3.10/site-packages/airflow/example_dags/example_branch_python_dop_operator_3.py
[2025-04-27T00:08:47.853+0000] {logging_mixin.py:190} INFO - [2025-04-27T00:08:47.852+0000] {dag.py:3239} INFO - Sync 1 DAGs
[2025-04-27T00:08:47.883+0000] {logging_mixin.py:190} INFO - [2025-04-27T00:08:47.883+0000] {dag.py:4180} INFO - Setting next_dagrun for example_branch_dop_operator_v3 to 2025-04-27 00:07:00+00:00, run_after=2025-04-27 00:08:00+00:00
[2025-04-27T00:08:47.905+0000] {processor.py:208} INFO - Processing /home/airflow/.local/lib/python3.10/site-packages/airflow/example_dags/example_branch_python_dop_operator_3.py took 0.104 seconds
[2025-04-27T00:09:18.028+0000] {processor.py:186} INFO - Started process (PID=21458) to work on /home/airflow/.local/lib/python3.10/site-packages/airflow/example_dags/example_branch_python_dop_operator_3.py
[2025-04-27T00:09:18.030+0000] {processor.py:914} INFO - Processing file /home/airflow/.local/lib/python3.10/site-packages/airflow/example_dags/example_branch_python_dop_operator_3.py for tasks to queue
[2025-04-27T00:09:18.034+0000] {logging_mixin.py:190} INFO - [2025-04-27T00:09:18.033+0000] {dagbag.py:588} INFO - Filling up the DagBag from /home/airflow/.local/lib/python3.10/site-packages/airflow/example_dags/example_branch_python_dop_operator_3.py
[2025-04-27T00:09:18.048+0000] {processor.py:925} INFO - DAG(s) 'example_branch_dop_operator_v3' retrieved from /home/airflow/.local/lib/python3.10/site-packages/airflow/example_dags/example_branch_python_dop_operator_3.py
[2025-04-27T00:09:18.073+0000] {logging_mixin.py:190} INFO - [2025-04-27T00:09:18.073+0000] {dag.py:3239} INFO - Sync 1 DAGs
[2025-04-27T00:09:18.109+0000] {logging_mixin.py:190} INFO - [2025-04-27T00:09:18.108+0000] {dag.py:4180} INFO - Setting next_dagrun for example_branch_dop_operator_v3 to 2025-04-27 00:08:00+00:00, run_after=2025-04-27 00:09:00+00:00
[2025-04-27T00:09:18.134+0000] {processor.py:208} INFO - Processing /home/airflow/.local/lib/python3.10/site-packages/airflow/example_dags/example_branch_python_dop_operator_3.py took 0.113 seconds
[2025-04-27T00:09:48.477+0000] {processor.py:186} INFO - Started process (PID=21524) to work on /home/airflow/.local/lib/python3.10/site-packages/airflow/example_dags/example_branch_python_dop_operator_3.py
[2025-04-27T00:09:48.478+0000] {processor.py:914} INFO - Processing file /home/airflow/.local/lib/python3.10/site-packages/airflow/example_dags/example_branch_python_dop_operator_3.py for tasks to queue
[2025-04-27T00:09:48.481+0000] {logging_mixin.py:190} INFO - [2025-04-27T00:09:48.481+0000] {dagbag.py:588} INFO - Filling up the DagBag from /home/airflow/.local/lib/python3.10/site-packages/airflow/example_dags/example_branch_python_dop_operator_3.py
[2025-04-27T00:09:48.493+0000] {processor.py:925} INFO - DAG(s) 'example_branch_dop_operator_v3' retrieved from /home/airflow/.local/lib/python3.10/site-packages/airflow/example_dags/example_branch_python_dop_operator_3.py
[2025-04-27T00:09:48.512+0000] {logging_mixin.py:190} INFO - [2025-04-27T00:09:48.512+0000] {dag.py:3239} INFO - Sync 1 DAGs
[2025-04-27T00:09:48.545+0000] {logging_mixin.py:190} INFO - [2025-04-27T00:09:48.544+0000] {dag.py:4180} INFO - Setting next_dagrun for example_branch_dop_operator_v3 to 2025-04-27 00:08:00+00:00, run_after=2025-04-27 00:09:00+00:00
[2025-04-27T00:09:48.564+0000] {processor.py:208} INFO - Processing /home/airflow/.local/lib/python3.10/site-packages/airflow/example_dags/example_branch_python_dop_operator_3.py took 0.093 seconds
[2025-04-27T00:10:18.720+0000] {processor.py:186} INFO - Started process (PID=21590) to work on /home/airflow/.local/lib/python3.10/site-packages/airflow/example_dags/example_branch_python_dop_operator_3.py
[2025-04-27T00:10:18.721+0000] {processor.py:914} INFO - Processing file /home/airflow/.local/lib/python3.10/site-packages/airflow/example_dags/example_branch_python_dop_operator_3.py for tasks to queue
[2025-04-27T00:10:18.723+0000] {logging_mixin.py:190} INFO - [2025-04-27T00:10:18.723+0000] {dagbag.py:588} INFO - Filling up the DagBag from /home/airflow/.local/lib/python3.10/site-packages/airflow/example_dags/example_branch_python_dop_operator_3.py
[2025-04-27T00:10:18.734+0000] {processor.py:925} INFO - DAG(s) 'example_branch_dop_operator_v3' retrieved from /home/airflow/.local/lib/python3.10/site-packages/airflow/example_dags/example_branch_python_dop_operator_3.py
[2025-04-27T00:10:18.754+0000] {logging_mixin.py:190} INFO - [2025-04-27T00:10:18.753+0000] {dag.py:3239} INFO - Sync 1 DAGs
[2025-04-27T00:10:18.781+0000] {logging_mixin.py:190} INFO - [2025-04-27T00:10:18.781+0000] {dag.py:4180} INFO - Setting next_dagrun for example_branch_dop_operator_v3 to 2025-04-27 00:09:00+00:00, run_after=2025-04-27 00:10:00+00:00
[2025-04-27T00:10:18.799+0000] {processor.py:208} INFO - Processing /home/airflow/.local/lib/python3.10/site-packages/airflow/example_dags/example_branch_python_dop_operator_3.py took 0.085 seconds
[2025-04-27T00:10:49.219+0000] {processor.py:186} INFO - Started process (PID=21656) to work on /home/airflow/.local/lib/python3.10/site-packages/airflow/example_dags/example_branch_python_dop_operator_3.py
[2025-04-27T00:10:49.220+0000] {processor.py:914} INFO - Processing file /home/airflow/.local/lib/python3.10/site-packages/airflow/example_dags/example_branch_python_dop_operator_3.py for tasks to queue
[2025-04-27T00:10:49.222+0000] {logging_mixin.py:190} INFO - [2025-04-27T00:10:49.222+0000] {dagbag.py:588} INFO - Filling up the DagBag from /home/airflow/.local/lib/python3.10/site-packages/airflow/example_dags/example_branch_python_dop_operator_3.py
[2025-04-27T00:10:49.232+0000] {processor.py:925} INFO - DAG(s) 'example_branch_dop_operator_v3' retrieved from /home/airflow/.local/lib/python3.10/site-packages/airflow/example_dags/example_branch_python_dop_operator_3.py
[2025-04-27T00:10:49.251+0000] {logging_mixin.py:190} INFO - [2025-04-27T00:10:49.251+0000] {dag.py:3239} INFO - Sync 1 DAGs
[2025-04-27T00:10:49.276+0000] {logging_mixin.py:190} INFO - [2025-04-27T00:10:49.276+0000] {dag.py:4180} INFO - Setting next_dagrun for example_branch_dop_operator_v3 to 2025-04-27 00:09:00+00:00, run_after=2025-04-27 00:10:00+00:00
[2025-04-27T00:10:49.293+0000] {processor.py:208} INFO - Processing /home/airflow/.local/lib/python3.10/site-packages/airflow/example_dags/example_branch_python_dop_operator_3.py took 0.079 seconds
[2025-04-27T00:11:19.760+0000] {processor.py:186} INFO - Started process (PID=21722) to work on /home/airflow/.local/lib/python3.10/site-packages/airflow/example_dags/example_branch_python_dop_operator_3.py
[2025-04-27T00:11:19.762+0000] {processor.py:914} INFO - Processing file /home/airflow/.local/lib/python3.10/site-packages/airflow/example_dags/example_branch_python_dop_operator_3.py for tasks to queue
[2025-04-27T00:11:19.764+0000] {logging_mixin.py:190} INFO - [2025-04-27T00:11:19.764+0000] {dagbag.py:588} INFO - Filling up the DagBag from /home/airflow/.local/lib/python3.10/site-packages/airflow/example_dags/example_branch_python_dop_operator_3.py
[2025-04-27T00:11:19.776+0000] {processor.py:925} INFO - DAG(s) 'example_branch_dop_operator_v3' retrieved from /home/airflow/.local/lib/python3.10/site-packages/airflow/example_dags/example_branch_python_dop_operator_3.py
[2025-04-27T00:11:19.799+0000] {logging_mixin.py:190} INFO - [2025-04-27T00:11:19.798+0000] {dag.py:3239} INFO - Sync 1 DAGs
[2025-04-27T00:11:19.828+0000] {logging_mixin.py:190} INFO - [2025-04-27T00:11:19.828+0000] {dag.py:4180} INFO - Setting next_dagrun for example_branch_dop_operator_v3 to 2025-04-27 00:10:00+00:00, run_after=2025-04-27 00:11:00+00:00
[2025-04-27T00:11:19.849+0000] {processor.py:208} INFO - Processing /home/airflow/.local/lib/python3.10/site-packages/airflow/example_dags/example_branch_python_dop_operator_3.py took 0.099 seconds
[2025-04-27T00:11:49.906+0000] {processor.py:186} INFO - Started process (PID=21788) to work on /home/airflow/.local/lib/python3.10/site-packages/airflow/example_dags/example_branch_python_dop_operator_3.py
[2025-04-27T00:11:49.907+0000] {processor.py:914} INFO - Processing file /home/airflow/.local/lib/python3.10/site-packages/airflow/example_dags/example_branch_python_dop_operator_3.py for tasks to queue
[2025-04-27T00:11:49.909+0000] {logging_mixin.py:190} INFO - [2025-04-27T00:11:49.909+0000] {dagbag.py:588} INFO - Filling up the DagBag from /home/airflow/.local/lib/python3.10/site-packages/airflow/example_dags/example_branch_python_dop_operator_3.py
[2025-04-27T00:11:49.918+0000] {processor.py:925} INFO - DAG(s) 'example_branch_dop_operator_v3' retrieved from /home/airflow/.local/lib/python3.10/site-packages/airflow/example_dags/example_branch_python_dop_operator_3.py
[2025-04-27T00:11:49.936+0000] {logging_mixin.py:190} INFO - [2025-04-27T00:11:49.936+0000] {dag.py:3239} INFO - Sync 1 DAGs
[2025-04-27T00:11:49.962+0000] {logging_mixin.py:190} INFO - [2025-04-27T00:11:49.961+0000] {dag.py:4180} INFO - Setting next_dagrun for example_branch_dop_operator_v3 to 2025-04-27 00:10:00+00:00, run_after=2025-04-27 00:11:00+00:00
[2025-04-27T00:11:49.978+0000] {processor.py:208} INFO - Processing /home/airflow/.local/lib/python3.10/site-packages/airflow/example_dags/example_branch_python_dop_operator_3.py took 0.078 seconds
[2025-04-27T00:12:20.300+0000] {processor.py:186} INFO - Started process (PID=21854) to work on /home/airflow/.local/lib/python3.10/site-packages/airflow/example_dags/example_branch_python_dop_operator_3.py
[2025-04-27T00:12:20.301+0000] {processor.py:914} INFO - Processing file /home/airflow/.local/lib/python3.10/site-packages/airflow/example_dags/example_branch_python_dop_operator_3.py for tasks to queue
[2025-04-27T00:12:20.304+0000] {logging_mixin.py:190} INFO - [2025-04-27T00:12:20.304+0000] {dagbag.py:588} INFO - Filling up the DagBag from /home/airflow/.local/lib/python3.10/site-packages/airflow/example_dags/example_branch_python_dop_operator_3.py
[2025-04-27T00:12:20.314+0000] {processor.py:925} INFO - DAG(s) 'example_branch_dop_operator_v3' retrieved from /home/airflow/.local/lib/python3.10/site-packages/airflow/example_dags/example_branch_python_dop_operator_3.py
[2025-04-27T00:12:20.334+0000] {logging_mixin.py:190} INFO - [2025-04-27T00:12:20.334+0000] {dag.py:3239} INFO - Sync 1 DAGs
[2025-04-27T00:12:20.361+0000] {logging_mixin.py:190} INFO - [2025-04-27T00:12:20.361+0000] {dag.py:4180} INFO - Setting next_dagrun for example_branch_dop_operator_v3 to 2025-04-27 00:11:00+00:00, run_after=2025-04-27 00:12:00+00:00
[2025-04-27T00:12:20.379+0000] {processor.py:208} INFO - Processing /home/airflow/.local/lib/python3.10/site-packages/airflow/example_dags/example_branch_python_dop_operator_3.py took 0.086 seconds
[2025-04-27T00:12:50.796+0000] {processor.py:186} INFO - Started process (PID=21920) to work on /home/airflow/.local/lib/python3.10/site-packages/airflow/example_dags/example_branch_python_dop_operator_3.py
[2025-04-27T00:12:50.797+0000] {processor.py:914} INFO - Processing file /home/airflow/.local/lib/python3.10/site-packages/airflow/example_dags/example_branch_python_dop_operator_3.py for tasks to queue
[2025-04-27T00:12:50.800+0000] {logging_mixin.py:190} INFO - [2025-04-27T00:12:50.799+0000] {dagbag.py:588} INFO - Filling up the DagBag from /home/airflow/.local/lib/python3.10/site-packages/airflow/example_dags/example_branch_python_dop_operator_3.py
[2025-04-27T00:12:50.813+0000] {processor.py:925} INFO - DAG(s) 'example_branch_dop_operator_v3' retrieved from /home/airflow/.local/lib/python3.10/site-packages/airflow/example_dags/example_branch_python_dop_operator_3.py
[2025-04-27T00:12:50.834+0000] {logging_mixin.py:190} INFO - [2025-04-27T00:12:50.834+0000] {dag.py:3239} INFO - Sync 1 DAGs
[2025-04-27T00:12:50.868+0000] {logging_mixin.py:190} INFO - [2025-04-27T00:12:50.868+0000] {dag.py:4180} INFO - Setting next_dagrun for example_branch_dop_operator_v3 to 2025-04-27 00:11:00+00:00, run_after=2025-04-27 00:12:00+00:00
[2025-04-27T00:12:50.892+0000] {processor.py:208} INFO - Processing /home/airflow/.local/lib/python3.10/site-packages/airflow/example_dags/example_branch_python_dop_operator_3.py took 0.104 seconds
[2025-04-27T00:13:21.278+0000] {processor.py:186} INFO - Started process (PID=21986) to work on /home/airflow/.local/lib/python3.10/site-packages/airflow/example_dags/example_branch_python_dop_operator_3.py
[2025-04-27T00:13:21.279+0000] {processor.py:914} INFO - Processing file /home/airflow/.local/lib/python3.10/site-packages/airflow/example_dags/example_branch_python_dop_operator_3.py for tasks to queue
[2025-04-27T00:13:21.282+0000] {logging_mixin.py:190} INFO - [2025-04-27T00:13:21.281+0000] {dagbag.py:588} INFO - Filling up the DagBag from /home/airflow/.local/lib/python3.10/site-packages/airflow/example_dags/example_branch_python_dop_operator_3.py
[2025-04-27T00:13:21.292+0000] {processor.py:925} INFO - DAG(s) 'example_branch_dop_operator_v3' retrieved from /home/airflow/.local/lib/python3.10/site-packages/airflow/example_dags/example_branch_python_dop_operator_3.py
[2025-04-27T00:13:21.311+0000] {logging_mixin.py:190} INFO - [2025-04-27T00:13:21.310+0000] {dag.py:3239} INFO - Sync 1 DAGs
[2025-04-27T00:13:21.338+0000] {logging_mixin.py:190} INFO - [2025-04-27T00:13:21.338+0000] {dag.py:4180} INFO - Setting next_dagrun for example_branch_dop_operator_v3 to 2025-04-27 00:12:00+00:00, run_after=2025-04-27 00:13:00+00:00
[2025-04-27T00:13:21.357+0000] {processor.py:208} INFO - Processing /home/airflow/.local/lib/python3.10/site-packages/airflow/example_dags/example_branch_python_dop_operator_3.py took 0.085 seconds
[2025-04-27T00:13:51.601+0000] {processor.py:186} INFO - Started process (PID=22052) to work on /home/airflow/.local/lib/python3.10/site-packages/airflow/example_dags/example_branch_python_dop_operator_3.py
[2025-04-27T00:13:51.603+0000] {processor.py:914} INFO - Processing file /home/airflow/.local/lib/python3.10/site-packages/airflow/example_dags/example_branch_python_dop_operator_3.py for tasks to queue
[2025-04-27T00:13:51.605+0000] {logging_mixin.py:190} INFO - [2025-04-27T00:13:51.605+0000] {dagbag.py:588} INFO - Filling up the DagBag from /home/airflow/.local/lib/python3.10/site-packages/airflow/example_dags/example_branch_python_dop_operator_3.py
[2025-04-27T00:13:51.615+0000] {processor.py:925} INFO - DAG(s) 'example_branch_dop_operator_v3' retrieved from /home/airflow/.local/lib/python3.10/site-packages/airflow/example_dags/example_branch_python_dop_operator_3.py
[2025-04-27T00:13:51.637+0000] {logging_mixin.py:190} INFO - [2025-04-27T00:13:51.636+0000] {dag.py:3239} INFO - Sync 1 DAGs
[2025-04-27T00:13:51.671+0000] {logging_mixin.py:190} INFO - [2025-04-27T00:13:51.671+0000] {dag.py:4180} INFO - Setting next_dagrun for example_branch_dop_operator_v3 to 2025-04-27 00:12:00+00:00, run_after=2025-04-27 00:13:00+00:00
[2025-04-27T00:13:51.693+0000] {processor.py:208} INFO - Processing /home/airflow/.local/lib/python3.10/site-packages/airflow/example_dags/example_branch_python_dop_operator_3.py took 0.098 seconds
[2025-04-27T00:14:22.228+0000] {processor.py:186} INFO - Started process (PID=22125) to work on /home/airflow/.local/lib/python3.10/site-packages/airflow/example_dags/example_branch_python_dop_operator_3.py
[2025-04-27T00:14:22.229+0000] {processor.py:914} INFO - Processing file /home/airflow/.local/lib/python3.10/site-packages/airflow/example_dags/example_branch_python_dop_operator_3.py for tasks to queue
[2025-04-27T00:14:22.231+0000] {logging_mixin.py:190} INFO - [2025-04-27T00:14:22.231+0000] {dagbag.py:588} INFO - Filling up the DagBag from /home/airflow/.local/lib/python3.10/site-packages/airflow/example_dags/example_branch_python_dop_operator_3.py
[2025-04-27T00:14:22.242+0000] {processor.py:925} INFO - DAG(s) 'example_branch_dop_operator_v3' retrieved from /home/airflow/.local/lib/python3.10/site-packages/airflow/example_dags/example_branch_python_dop_operator_3.py
[2025-04-27T00:14:22.263+0000] {logging_mixin.py:190} INFO - [2025-04-27T00:14:22.263+0000] {dag.py:3239} INFO - Sync 1 DAGs
[2025-04-27T00:14:22.289+0000] {logging_mixin.py:190} INFO - [2025-04-27T00:14:22.289+0000] {dag.py:4180} INFO - Setting next_dagrun for example_branch_dop_operator_v3 to 2025-04-27 00:13:00+00:00, run_after=2025-04-27 00:14:00+00:00
[2025-04-27T00:14:22.310+0000] {processor.py:208} INFO - Processing /home/airflow/.local/lib/python3.10/site-packages/airflow/example_dags/example_branch_python_dop_operator_3.py took 0.089 seconds
[2025-04-27T00:14:52.822+0000] {processor.py:186} INFO - Started process (PID=22190) to work on /home/airflow/.local/lib/python3.10/site-packages/airflow/example_dags/example_branch_python_dop_operator_3.py
[2025-04-27T00:14:52.823+0000] {processor.py:914} INFO - Processing file /home/airflow/.local/lib/python3.10/site-packages/airflow/example_dags/example_branch_python_dop_operator_3.py for tasks to queue
[2025-04-27T00:14:52.826+0000] {logging_mixin.py:190} INFO - [2025-04-27T00:14:52.825+0000] {dagbag.py:588} INFO - Filling up the DagBag from /home/airflow/.local/lib/python3.10/site-packages/airflow/example_dags/example_branch_python_dop_operator_3.py
[2025-04-27T00:14:52.837+0000] {processor.py:925} INFO - DAG(s) 'example_branch_dop_operator_v3' retrieved from /home/airflow/.local/lib/python3.10/site-packages/airflow/example_dags/example_branch_python_dop_operator_3.py
[2025-04-27T00:14:52.857+0000] {logging_mixin.py:190} INFO - [2025-04-27T00:14:52.857+0000] {dag.py:3239} INFO - Sync 1 DAGs
[2025-04-27T00:14:52.886+0000] {logging_mixin.py:190} INFO - [2025-04-27T00:14:52.886+0000] {dag.py:4180} INFO - Setting next_dagrun for example_branch_dop_operator_v3 to 2025-04-27 00:13:00+00:00, run_after=2025-04-27 00:14:00+00:00
[2025-04-27T00:14:52.906+0000] {processor.py:208} INFO - Processing /home/airflow/.local/lib/python3.10/site-packages/airflow/example_dags/example_branch_python_dop_operator_3.py took 0.091 seconds
[2025-04-27T00:15:23.662+0000] {processor.py:186} INFO - Started process (PID=22256) to work on /home/airflow/.local/lib/python3.10/site-packages/airflow/example_dags/example_branch_python_dop_operator_3.py
[2025-04-27T00:15:23.663+0000] {processor.py:914} INFO - Processing file /home/airflow/.local/lib/python3.10/site-packages/airflow/example_dags/example_branch_python_dop_operator_3.py for tasks to queue
[2025-04-27T00:15:23.665+0000] {logging_mixin.py:190} INFO - [2025-04-27T00:15:23.665+0000] {dagbag.py:588} INFO - Filling up the DagBag from /home/airflow/.local/lib/python3.10/site-packages/airflow/example_dags/example_branch_python_dop_operator_3.py
[2025-04-27T00:15:23.675+0000] {processor.py:925} INFO - DAG(s) 'example_branch_dop_operator_v3' retrieved from /home/airflow/.local/lib/python3.10/site-packages/airflow/example_dags/example_branch_python_dop_operator_3.py
[2025-04-27T00:15:23.693+0000] {logging_mixin.py:190} INFO - [2025-04-27T00:15:23.693+0000] {dag.py:3239} INFO - Sync 1 DAGs
[2025-04-27T00:15:23.718+0000] {logging_mixin.py:190} INFO - [2025-04-27T00:15:23.718+0000] {dag.py:4180} INFO - Setting next_dagrun for example_branch_dop_operator_v3 to 2025-04-27 00:14:00+00:00, run_after=2025-04-27 00:15:00+00:00
[2025-04-27T00:15:23.741+0000] {processor.py:208} INFO - Processing /home/airflow/.local/lib/python3.10/site-packages/airflow/example_dags/example_branch_python_dop_operator_3.py took 0.087 seconds
[2025-04-27T00:15:54.333+0000] {processor.py:186} INFO - Started process (PID=22321) to work on /home/airflow/.local/lib/python3.10/site-packages/airflow/example_dags/example_branch_python_dop_operator_3.py
[2025-04-27T00:15:54.334+0000] {processor.py:914} INFO - Processing file /home/airflow/.local/lib/python3.10/site-packages/airflow/example_dags/example_branch_python_dop_operator_3.py for tasks to queue
[2025-04-27T00:15:54.337+0000] {logging_mixin.py:190} INFO - [2025-04-27T00:15:54.337+0000] {dagbag.py:588} INFO - Filling up the DagBag from /home/airflow/.local/lib/python3.10/site-packages/airflow/example_dags/example_branch_python_dop_operator_3.py
[2025-04-27T00:15:54.349+0000] {processor.py:925} INFO - DAG(s) 'example_branch_dop_operator_v3' retrieved from /home/airflow/.local/lib/python3.10/site-packages/airflow/example_dags/example_branch_python_dop_operator_3.py
[2025-04-27T00:15:54.371+0000] {logging_mixin.py:190} INFO - [2025-04-27T00:15:54.371+0000] {dag.py:3239} INFO - Sync 1 DAGs
[2025-04-27T00:15:54.400+0000] {logging_mixin.py:190} INFO - [2025-04-27T00:15:54.399+0000] {dag.py:4180} INFO - Setting next_dagrun for example_branch_dop_operator_v3 to 2025-04-27 00:14:00+00:00, run_after=2025-04-27 00:15:00+00:00
[2025-04-27T00:15:54.424+0000] {processor.py:208} INFO - Processing /home/airflow/.local/lib/python3.10/site-packages/airflow/example_dags/example_branch_python_dop_operator_3.py took 0.099 seconds
[2025-04-27T00:16:24.595+0000] {processor.py:186} INFO - Started process (PID=22386) to work on /home/airflow/.local/lib/python3.10/site-packages/airflow/example_dags/example_branch_python_dop_operator_3.py
[2025-04-27T00:16:24.597+0000] {processor.py:914} INFO - Processing file /home/airflow/.local/lib/python3.10/site-packages/airflow/example_dags/example_branch_python_dop_operator_3.py for tasks to queue
[2025-04-27T00:16:24.599+0000] {logging_mixin.py:190} INFO - [2025-04-27T00:16:24.599+0000] {dagbag.py:588} INFO - Filling up the DagBag from /home/airflow/.local/lib/python3.10/site-packages/airflow/example_dags/example_branch_python_dop_operator_3.py
[2025-04-27T00:16:24.614+0000] {processor.py:925} INFO - DAG(s) 'example_branch_dop_operator_v3' retrieved from /home/airflow/.local/lib/python3.10/site-packages/airflow/example_dags/example_branch_python_dop_operator_3.py
[2025-04-27T00:16:24.636+0000] {logging_mixin.py:190} INFO - [2025-04-27T00:16:24.635+0000] {dag.py:3239} INFO - Sync 1 DAGs
[2025-04-27T00:16:24.664+0000] {logging_mixin.py:190} INFO - [2025-04-27T00:16:24.664+0000] {dag.py:4180} INFO - Setting next_dagrun for example_branch_dop_operator_v3 to 2025-04-27 00:15:00+00:00, run_after=2025-04-27 00:16:00+00:00
[2025-04-27T00:16:24.685+0000] {processor.py:208} INFO - Processing /home/airflow/.local/lib/python3.10/site-packages/airflow/example_dags/example_branch_python_dop_operator_3.py took 0.097 seconds
[2025-04-27T00:16:54.741+0000] {processor.py:186} INFO - Started process (PID=22452) to work on /home/airflow/.local/lib/python3.10/site-packages/airflow/example_dags/example_branch_python_dop_operator_3.py
[2025-04-27T00:16:54.742+0000] {processor.py:914} INFO - Processing file /home/airflow/.local/lib/python3.10/site-packages/airflow/example_dags/example_branch_python_dop_operator_3.py for tasks to queue
[2025-04-27T00:16:54.745+0000] {logging_mixin.py:190} INFO - [2025-04-27T00:16:54.744+0000] {dagbag.py:588} INFO - Filling up the DagBag from /home/airflow/.local/lib/python3.10/site-packages/airflow/example_dags/example_branch_python_dop_operator_3.py
[2025-04-27T00:16:54.756+0000] {processor.py:925} INFO - DAG(s) 'example_branch_dop_operator_v3' retrieved from /home/airflow/.local/lib/python3.10/site-packages/airflow/example_dags/example_branch_python_dop_operator_3.py
[2025-04-27T00:16:54.774+0000] {logging_mixin.py:190} INFO - [2025-04-27T00:16:54.774+0000] {dag.py:3239} INFO - Sync 1 DAGs
[2025-04-27T00:16:54.798+0000] {logging_mixin.py:190} INFO - [2025-04-27T00:16:54.798+0000] {dag.py:4180} INFO - Setting next_dagrun for example_branch_dop_operator_v3 to 2025-04-27 00:15:00+00:00, run_after=2025-04-27 00:16:00+00:00
[2025-04-27T00:16:54.819+0000] {processor.py:208} INFO - Processing /home/airflow/.local/lib/python3.10/site-packages/airflow/example_dags/example_branch_python_dop_operator_3.py took 0.084 seconds
[2025-04-27T00:17:25.846+0000] {processor.py:186} INFO - Started process (PID=22518) to work on /home/airflow/.local/lib/python3.10/site-packages/airflow/example_dags/example_branch_python_dop_operator_3.py
[2025-04-27T00:17:25.847+0000] {processor.py:914} INFO - Processing file /home/airflow/.local/lib/python3.10/site-packages/airflow/example_dags/example_branch_python_dop_operator_3.py for tasks to queue
[2025-04-27T00:17:25.851+0000] {logging_mixin.py:190} INFO - [2025-04-27T00:17:25.850+0000] {dagbag.py:588} INFO - Filling up the DagBag from /home/airflow/.local/lib/python3.10/site-packages/airflow/example_dags/example_branch_python_dop_operator_3.py
[2025-04-27T00:17:25.864+0000] {processor.py:925} INFO - DAG(s) 'example_branch_dop_operator_v3' retrieved from /home/airflow/.local/lib/python3.10/site-packages/airflow/example_dags/example_branch_python_dop_operator_3.py
[2025-04-27T00:17:25.886+0000] {logging_mixin.py:190} INFO - [2025-04-27T00:17:25.886+0000] {dag.py:3239} INFO - Sync 1 DAGs
[2025-04-27T00:17:25.921+0000] {logging_mixin.py:190} INFO - [2025-04-27T00:17:25.921+0000] {dag.py:4180} INFO - Setting next_dagrun for example_branch_dop_operator_v3 to 2025-04-27 00:16:00+00:00, run_after=2025-04-27 00:17:00+00:00
[2025-04-27T00:17:25.944+0000] {processor.py:208} INFO - Processing /home/airflow/.local/lib/python3.10/site-packages/airflow/example_dags/example_branch_python_dop_operator_3.py took 0.107 seconds
[2025-04-27T00:17:56.271+0000] {processor.py:186} INFO - Started process (PID=22584) to work on /home/airflow/.local/lib/python3.10/site-packages/airflow/example_dags/example_branch_python_dop_operator_3.py
[2025-04-27T00:17:56.272+0000] {processor.py:914} INFO - Processing file /home/airflow/.local/lib/python3.10/site-packages/airflow/example_dags/example_branch_python_dop_operator_3.py for tasks to queue
[2025-04-27T00:17:56.274+0000] {logging_mixin.py:190} INFO - [2025-04-27T00:17:56.274+0000] {dagbag.py:588} INFO - Filling up the DagBag from /home/airflow/.local/lib/python3.10/site-packages/airflow/example_dags/example_branch_python_dop_operator_3.py
[2025-04-27T00:17:56.284+0000] {processor.py:925} INFO - DAG(s) 'example_branch_dop_operator_v3' retrieved from /home/airflow/.local/lib/python3.10/site-packages/airflow/example_dags/example_branch_python_dop_operator_3.py
[2025-04-27T00:17:56.302+0000] {logging_mixin.py:190} INFO - [2025-04-27T00:17:56.302+0000] {dag.py:3239} INFO - Sync 1 DAGs
[2025-04-27T00:17:56.327+0000] {logging_mixin.py:190} INFO - [2025-04-27T00:17:56.327+0000] {dag.py:4180} INFO - Setting next_dagrun for example_branch_dop_operator_v3 to 2025-04-27 00:16:00+00:00, run_after=2025-04-27 00:17:00+00:00
[2025-04-27T00:17:56.346+0000] {processor.py:208} INFO - Processing /home/airflow/.local/lib/python3.10/site-packages/airflow/example_dags/example_branch_python_dop_operator_3.py took 0.082 seconds
[2025-04-27T00:18:26.884+0000] {processor.py:186} INFO - Started process (PID=22650) to work on /home/airflow/.local/lib/python3.10/site-packages/airflow/example_dags/example_branch_python_dop_operator_3.py
[2025-04-27T00:18:26.886+0000] {processor.py:914} INFO - Processing file /home/airflow/.local/lib/python3.10/site-packages/airflow/example_dags/example_branch_python_dop_operator_3.py for tasks to queue
[2025-04-27T00:18:26.889+0000] {logging_mixin.py:190} INFO - [2025-04-27T00:18:26.889+0000] {dagbag.py:588} INFO - Filling up the DagBag from /home/airflow/.local/lib/python3.10/site-packages/airflow/example_dags/example_branch_python_dop_operator_3.py
[2025-04-27T00:18:26.907+0000] {processor.py:925} INFO - DAG(s) 'example_branch_dop_operator_v3' retrieved from /home/airflow/.local/lib/python3.10/site-packages/airflow/example_dags/example_branch_python_dop_operator_3.py
[2025-04-27T00:18:26.941+0000] {logging_mixin.py:190} INFO - [2025-04-27T00:18:26.941+0000] {dag.py:3239} INFO - Sync 1 DAGs
[2025-04-27T00:18:26.981+0000] {logging_mixin.py:190} INFO - [2025-04-27T00:18:26.980+0000] {dag.py:4180} INFO - Setting next_dagrun for example_branch_dop_operator_v3 to 2025-04-27 00:17:00+00:00, run_after=2025-04-27 00:18:00+00:00
[2025-04-27T00:18:27.006+0000] {processor.py:208} INFO - Processing /home/airflow/.local/lib/python3.10/site-packages/airflow/example_dags/example_branch_python_dop_operator_3.py took 0.133 seconds
[2025-04-27T00:18:57.273+0000] {processor.py:186} INFO - Started process (PID=22716) to work on /home/airflow/.local/lib/python3.10/site-packages/airflow/example_dags/example_branch_python_dop_operator_3.py
[2025-04-27T00:18:57.274+0000] {processor.py:914} INFO - Processing file /home/airflow/.local/lib/python3.10/site-packages/airflow/example_dags/example_branch_python_dop_operator_3.py for tasks to queue
[2025-04-27T00:18:57.277+0000] {logging_mixin.py:190} INFO - [2025-04-27T00:18:57.276+0000] {dagbag.py:588} INFO - Filling up the DagBag from /home/airflow/.local/lib/python3.10/site-packages/airflow/example_dags/example_branch_python_dop_operator_3.py
[2025-04-27T00:18:57.290+0000] {processor.py:925} INFO - DAG(s) 'example_branch_dop_operator_v3' retrieved from /home/airflow/.local/lib/python3.10/site-packages/airflow/example_dags/example_branch_python_dop_operator_3.py
[2025-04-27T00:18:57.313+0000] {logging_mixin.py:190} INFO - [2025-04-27T00:18:57.312+0000] {dag.py:3239} INFO - Sync 1 DAGs
[2025-04-27T00:18:57.345+0000] {logging_mixin.py:190} INFO - [2025-04-27T00:18:57.345+0000] {dag.py:4180} INFO - Setting next_dagrun for example_branch_dop_operator_v3 to 2025-04-27 00:17:00+00:00, run_after=2025-04-27 00:18:00+00:00
[2025-04-27T00:18:57.368+0000] {processor.py:208} INFO - Processing /home/airflow/.local/lib/python3.10/site-packages/airflow/example_dags/example_branch_python_dop_operator_3.py took 0.103 seconds
[2025-04-27T00:19:27.431+0000] {processor.py:186} INFO - Started process (PID=22782) to work on /home/airflow/.local/lib/python3.10/site-packages/airflow/example_dags/example_branch_python_dop_operator_3.py
[2025-04-27T00:19:27.432+0000] {processor.py:914} INFO - Processing file /home/airflow/.local/lib/python3.10/site-packages/airflow/example_dags/example_branch_python_dop_operator_3.py for tasks to queue
[2025-04-27T00:19:27.435+0000] {logging_mixin.py:190} INFO - [2025-04-27T00:19:27.434+0000] {dagbag.py:588} INFO - Filling up the DagBag from /home/airflow/.local/lib/python3.10/site-packages/airflow/example_dags/example_branch_python_dop_operator_3.py
[2025-04-27T00:19:27.445+0000] {processor.py:925} INFO - DAG(s) 'example_branch_dop_operator_v3' retrieved from /home/airflow/.local/lib/python3.10/site-packages/airflow/example_dags/example_branch_python_dop_operator_3.py
[2025-04-27T00:19:27.464+0000] {logging_mixin.py:190} INFO - [2025-04-27T00:19:27.463+0000] {dag.py:3239} INFO - Sync 1 DAGs
[2025-04-27T00:19:27.491+0000] {logging_mixin.py:190} INFO - [2025-04-27T00:19:27.491+0000] {dag.py:4180} INFO - Setting next_dagrun for example_branch_dop_operator_v3 to 2025-04-27 00:18:00+00:00, run_after=2025-04-27 00:19:00+00:00
[2025-04-27T00:19:27.509+0000] {processor.py:208} INFO - Processing /home/airflow/.local/lib/python3.10/site-packages/airflow/example_dags/example_branch_python_dop_operator_3.py took 0.084 seconds
[2025-04-27T00:19:57.645+0000] {processor.py:186} INFO - Started process (PID=22848) to work on /home/airflow/.local/lib/python3.10/site-packages/airflow/example_dags/example_branch_python_dop_operator_3.py
[2025-04-27T00:19:57.646+0000] {processor.py:914} INFO - Processing file /home/airflow/.local/lib/python3.10/site-packages/airflow/example_dags/example_branch_python_dop_operator_3.py for tasks to queue
[2025-04-27T00:19:57.648+0000] {logging_mixin.py:190} INFO - [2025-04-27T00:19:57.648+0000] {dagbag.py:588} INFO - Filling up the DagBag from /home/airflow/.local/lib/python3.10/site-packages/airflow/example_dags/example_branch_python_dop_operator_3.py
[2025-04-27T00:19:57.659+0000] {processor.py:925} INFO - DAG(s) 'example_branch_dop_operator_v3' retrieved from /home/airflow/.local/lib/python3.10/site-packages/airflow/example_dags/example_branch_python_dop_operator_3.py
[2025-04-27T00:19:57.677+0000] {logging_mixin.py:190} INFO - [2025-04-27T00:19:57.676+0000] {dag.py:3239} INFO - Sync 1 DAGs
[2025-04-27T00:19:57.702+0000] {logging_mixin.py:190} INFO - [2025-04-27T00:19:57.702+0000] {dag.py:4180} INFO - Setting next_dagrun for example_branch_dop_operator_v3 to 2025-04-27 00:18:00+00:00, run_after=2025-04-27 00:19:00+00:00
[2025-04-27T00:19:57.720+0000] {processor.py:208} INFO - Processing /home/airflow/.local/lib/python3.10/site-packages/airflow/example_dags/example_branch_python_dop_operator_3.py took 0.082 seconds
[2025-04-27T00:20:28.393+0000] {processor.py:186} INFO - Started process (PID=22914) to work on /home/airflow/.local/lib/python3.10/site-packages/airflow/example_dags/example_branch_python_dop_operator_3.py
[2025-04-27T00:20:28.394+0000] {processor.py:914} INFO - Processing file /home/airflow/.local/lib/python3.10/site-packages/airflow/example_dags/example_branch_python_dop_operator_3.py for tasks to queue
[2025-04-27T00:20:28.397+0000] {logging_mixin.py:190} INFO - [2025-04-27T00:20:28.397+0000] {dagbag.py:588} INFO - Filling up the DagBag from /home/airflow/.local/lib/python3.10/site-packages/airflow/example_dags/example_branch_python_dop_operator_3.py
[2025-04-27T00:20:28.410+0000] {processor.py:925} INFO - DAG(s) 'example_branch_dop_operator_v3' retrieved from /home/airflow/.local/lib/python3.10/site-packages/airflow/example_dags/example_branch_python_dop_operator_3.py
[2025-04-27T00:20:28.440+0000] {logging_mixin.py:190} INFO - [2025-04-27T00:20:28.439+0000] {dag.py:3239} INFO - Sync 1 DAGs
[2025-04-27T00:20:28.481+0000] {logging_mixin.py:190} INFO - [2025-04-27T00:20:28.481+0000] {dag.py:4180} INFO - Setting next_dagrun for example_branch_dop_operator_v3 to 2025-04-27 00:19:00+00:00, run_after=2025-04-27 00:20:00+00:00
[2025-04-27T00:20:28.503+0000] {processor.py:208} INFO - Processing /home/airflow/.local/lib/python3.10/site-packages/airflow/example_dags/example_branch_python_dop_operator_3.py took 0.120 seconds
[2025-04-27T00:20:59.477+0000] {processor.py:186} INFO - Started process (PID=22980) to work on /home/airflow/.local/lib/python3.10/site-packages/airflow/example_dags/example_branch_python_dop_operator_3.py
[2025-04-27T00:20:59.478+0000] {processor.py:914} INFO - Processing file /home/airflow/.local/lib/python3.10/site-packages/airflow/example_dags/example_branch_python_dop_operator_3.py for tasks to queue
[2025-04-27T00:20:59.483+0000] {logging_mixin.py:190} INFO - [2025-04-27T00:20:59.482+0000] {dagbag.py:588} INFO - Filling up the DagBag from /home/airflow/.local/lib/python3.10/site-packages/airflow/example_dags/example_branch_python_dop_operator_3.py
[2025-04-27T00:20:59.497+0000] {processor.py:925} INFO - DAG(s) 'example_branch_dop_operator_v3' retrieved from /home/airflow/.local/lib/python3.10/site-packages/airflow/example_dags/example_branch_python_dop_operator_3.py
[2025-04-27T00:20:59.524+0000] {logging_mixin.py:190} INFO - [2025-04-27T00:20:59.523+0000] {dag.py:3239} INFO - Sync 1 DAGs
[2025-04-27T00:20:59.562+0000] {logging_mixin.py:190} INFO - [2025-04-27T00:20:59.562+0000] {dag.py:4180} INFO - Setting next_dagrun for example_branch_dop_operator_v3 to 2025-04-27 00:19:00+00:00, run_after=2025-04-27 00:20:00+00:00
[2025-04-27T00:20:59.582+0000] {processor.py:208} INFO - Processing /home/airflow/.local/lib/python3.10/site-packages/airflow/example_dags/example_branch_python_dop_operator_3.py took 0.112 seconds
[2025-04-27T00:21:30.003+0000] {processor.py:186} INFO - Started process (PID=23046) to work on /home/airflow/.local/lib/python3.10/site-packages/airflow/example_dags/example_branch_python_dop_operator_3.py
[2025-04-27T00:21:30.004+0000] {processor.py:914} INFO - Processing file /home/airflow/.local/lib/python3.10/site-packages/airflow/example_dags/example_branch_python_dop_operator_3.py for tasks to queue
[2025-04-27T00:21:30.006+0000] {logging_mixin.py:190} INFO - [2025-04-27T00:21:30.006+0000] {dagbag.py:588} INFO - Filling up the DagBag from /home/airflow/.local/lib/python3.10/site-packages/airflow/example_dags/example_branch_python_dop_operator_3.py
[2025-04-27T00:21:30.017+0000] {processor.py:925} INFO - DAG(s) 'example_branch_dop_operator_v3' retrieved from /home/airflow/.local/lib/python3.10/site-packages/airflow/example_dags/example_branch_python_dop_operator_3.py
[2025-04-27T00:21:30.036+0000] {logging_mixin.py:190} INFO - [2025-04-27T00:21:30.036+0000] {dag.py:3239} INFO - Sync 1 DAGs
[2025-04-27T00:21:30.063+0000] {logging_mixin.py:190} INFO - [2025-04-27T00:21:30.063+0000] {dag.py:4180} INFO - Setting next_dagrun for example_branch_dop_operator_v3 to 2025-04-27 00:20:00+00:00, run_after=2025-04-27 00:21:00+00:00
[2025-04-27T00:21:30.083+0000] {processor.py:208} INFO - Processing /home/airflow/.local/lib/python3.10/site-packages/airflow/example_dags/example_branch_python_dop_operator_3.py took 0.086 seconds
[2025-04-27T00:22:00.810+0000] {processor.py:186} INFO - Started process (PID=23112) to work on /home/airflow/.local/lib/python3.10/site-packages/airflow/example_dags/example_branch_python_dop_operator_3.py
[2025-04-27T00:22:00.811+0000] {processor.py:914} INFO - Processing file /home/airflow/.local/lib/python3.10/site-packages/airflow/example_dags/example_branch_python_dop_operator_3.py for tasks to queue
[2025-04-27T00:22:00.814+0000] {logging_mixin.py:190} INFO - [2025-04-27T00:22:00.814+0000] {dagbag.py:588} INFO - Filling up the DagBag from /home/airflow/.local/lib/python3.10/site-packages/airflow/example_dags/example_branch_python_dop_operator_3.py
[2025-04-27T00:22:00.827+0000] {processor.py:925} INFO - DAG(s) 'example_branch_dop_operator_v3' retrieved from /home/airflow/.local/lib/python3.10/site-packages/airflow/example_dags/example_branch_python_dop_operator_3.py
[2025-04-27T00:22:00.854+0000] {logging_mixin.py:190} INFO - [2025-04-27T00:22:00.854+0000] {dag.py:3239} INFO - Sync 1 DAGs
[2025-04-27T00:22:00.887+0000] {logging_mixin.py:190} INFO - [2025-04-27T00:22:00.887+0000] {dag.py:4180} INFO - Setting next_dagrun for example_branch_dop_operator_v3 to 2025-04-27 00:21:00+00:00, run_after=2025-04-27 00:22:00+00:00
[2025-04-27T00:22:00.910+0000] {processor.py:208} INFO - Processing /home/airflow/.local/lib/python3.10/site-packages/airflow/example_dags/example_branch_python_dop_operator_3.py took 0.108 seconds
[2025-04-27T00:22:31.798+0000] {processor.py:186} INFO - Started process (PID=23178) to work on /home/airflow/.local/lib/python3.10/site-packages/airflow/example_dags/example_branch_python_dop_operator_3.py
[2025-04-27T00:22:31.800+0000] {processor.py:914} INFO - Processing file /home/airflow/.local/lib/python3.10/site-packages/airflow/example_dags/example_branch_python_dop_operator_3.py for tasks to queue
[2025-04-27T00:22:31.802+0000] {logging_mixin.py:190} INFO - [2025-04-27T00:22:31.802+0000] {dagbag.py:588} INFO - Filling up the DagBag from /home/airflow/.local/lib/python3.10/site-packages/airflow/example_dags/example_branch_python_dop_operator_3.py
[2025-04-27T00:22:31.815+0000] {processor.py:925} INFO - DAG(s) 'example_branch_dop_operator_v3' retrieved from /home/airflow/.local/lib/python3.10/site-packages/airflow/example_dags/example_branch_python_dop_operator_3.py
[2025-04-27T00:22:31.836+0000] {logging_mixin.py:190} INFO - [2025-04-27T00:22:31.836+0000] {dag.py:3239} INFO - Sync 1 DAGs
[2025-04-27T00:22:31.866+0000] {logging_mixin.py:190} INFO - [2025-04-27T00:22:31.865+0000] {dag.py:4180} INFO - Setting next_dagrun for example_branch_dop_operator_v3 to 2025-04-27 00:21:00+00:00, run_after=2025-04-27 00:22:00+00:00
[2025-04-27T00:22:31.887+0000] {processor.py:208} INFO - Processing /home/airflow/.local/lib/python3.10/site-packages/airflow/example_dags/example_branch_python_dop_operator_3.py took 0.096 seconds
[2025-04-27T00:23:02.250+0000] {processor.py:186} INFO - Started process (PID=23244) to work on /home/airflow/.local/lib/python3.10/site-packages/airflow/example_dags/example_branch_python_dop_operator_3.py
[2025-04-27T00:23:02.252+0000] {processor.py:914} INFO - Processing file /home/airflow/.local/lib/python3.10/site-packages/airflow/example_dags/example_branch_python_dop_operator_3.py for tasks to queue
[2025-04-27T00:23:02.254+0000] {logging_mixin.py:190} INFO - [2025-04-27T00:23:02.254+0000] {dagbag.py:588} INFO - Filling up the DagBag from /home/airflow/.local/lib/python3.10/site-packages/airflow/example_dags/example_branch_python_dop_operator_3.py
[2025-04-27T00:23:02.266+0000] {processor.py:925} INFO - DAG(s) 'example_branch_dop_operator_v3' retrieved from /home/airflow/.local/lib/python3.10/site-packages/airflow/example_dags/example_branch_python_dop_operator_3.py
[2025-04-27T00:23:02.286+0000] {logging_mixin.py:190} INFO - [2025-04-27T00:23:02.286+0000] {dag.py:3239} INFO - Sync 1 DAGs
[2025-04-27T00:23:02.312+0000] {logging_mixin.py:190} INFO - [2025-04-27T00:23:02.312+0000] {dag.py:4180} INFO - Setting next_dagrun for example_branch_dop_operator_v3 to 2025-04-27 00:22:00+00:00, run_after=2025-04-27 00:23:00+00:00
[2025-04-27T00:23:02.331+0000] {processor.py:208} INFO - Processing /home/airflow/.local/lib/python3.10/site-packages/airflow/example_dags/example_branch_python_dop_operator_3.py took 0.088 seconds
[2025-04-27T00:23:33.661+0000] {processor.py:186} INFO - Started process (PID=23310) to work on /home/airflow/.local/lib/python3.10/site-packages/airflow/example_dags/example_branch_python_dop_operator_3.py
[2025-04-27T00:23:33.662+0000] {processor.py:914} INFO - Processing file /home/airflow/.local/lib/python3.10/site-packages/airflow/example_dags/example_branch_python_dop_operator_3.py for tasks to queue
[2025-04-27T00:23:33.664+0000] {logging_mixin.py:190} INFO - [2025-04-27T00:23:33.664+0000] {dagbag.py:588} INFO - Filling up the DagBag from /home/airflow/.local/lib/python3.10/site-packages/airflow/example_dags/example_branch_python_dop_operator_3.py
[2025-04-27T00:23:33.674+0000] {processor.py:925} INFO - DAG(s) 'example_branch_dop_operator_v3' retrieved from /home/airflow/.local/lib/python3.10/site-packages/airflow/example_dags/example_branch_python_dop_operator_3.py
[2025-04-27T00:23:33.691+0000] {logging_mixin.py:190} INFO - [2025-04-27T00:23:33.691+0000] {dag.py:3239} INFO - Sync 1 DAGs
[2025-04-27T00:23:33.715+0000] {logging_mixin.py:190} INFO - [2025-04-27T00:23:33.715+0000] {dag.py:4180} INFO - Setting next_dagrun for example_branch_dop_operator_v3 to 2025-04-27 00:22:00+00:00, run_after=2025-04-27 00:23:00+00:00
[2025-04-27T00:23:33.730+0000] {processor.py:208} INFO - Processing /home/airflow/.local/lib/python3.10/site-packages/airflow/example_dags/example_branch_python_dop_operator_3.py took 0.076 seconds
[2025-04-27T00:24:04.915+0000] {processor.py:186} INFO - Started process (PID=23376) to work on /home/airflow/.local/lib/python3.10/site-packages/airflow/example_dags/example_branch_python_dop_operator_3.py
[2025-04-27T00:24:04.916+0000] {processor.py:914} INFO - Processing file /home/airflow/.local/lib/python3.10/site-packages/airflow/example_dags/example_branch_python_dop_operator_3.py for tasks to queue
[2025-04-27T00:24:04.919+0000] {logging_mixin.py:190} INFO - [2025-04-27T00:24:04.918+0000] {dagbag.py:588} INFO - Filling up the DagBag from /home/airflow/.local/lib/python3.10/site-packages/airflow/example_dags/example_branch_python_dop_operator_3.py
[2025-04-27T00:24:04.932+0000] {processor.py:925} INFO - DAG(s) 'example_branch_dop_operator_v3' retrieved from /home/airflow/.local/lib/python3.10/site-packages/airflow/example_dags/example_branch_python_dop_operator_3.py
[2025-04-27T00:24:04.952+0000] {logging_mixin.py:190} INFO - [2025-04-27T00:24:04.952+0000] {dag.py:3239} INFO - Sync 1 DAGs
[2025-04-27T00:24:04.980+0000] {logging_mixin.py:190} INFO - [2025-04-27T00:24:04.980+0000] {dag.py:4180} INFO - Setting next_dagrun for example_branch_dop_operator_v3 to 2025-04-27 00:23:00+00:00, run_after=2025-04-27 00:24:00+00:00
[2025-04-27T00:24:04.999+0000] {processor.py:208} INFO - Processing /home/airflow/.local/lib/python3.10/site-packages/airflow/example_dags/example_branch_python_dop_operator_3.py took 0.092 seconds
[2025-04-27T00:24:36.073+0000] {processor.py:186} INFO - Started process (PID=23442) to work on /home/airflow/.local/lib/python3.10/site-packages/airflow/example_dags/example_branch_python_dop_operator_3.py
[2025-04-27T00:24:36.074+0000] {processor.py:914} INFO - Processing file /home/airflow/.local/lib/python3.10/site-packages/airflow/example_dags/example_branch_python_dop_operator_3.py for tasks to queue
[2025-04-27T00:24:36.076+0000] {logging_mixin.py:190} INFO - [2025-04-27T00:24:36.076+0000] {dagbag.py:588} INFO - Filling up the DagBag from /home/airflow/.local/lib/python3.10/site-packages/airflow/example_dags/example_branch_python_dop_operator_3.py
[2025-04-27T00:24:36.088+0000] {processor.py:925} INFO - DAG(s) 'example_branch_dop_operator_v3' retrieved from /home/airflow/.local/lib/python3.10/site-packages/airflow/example_dags/example_branch_python_dop_operator_3.py
[2025-04-27T00:24:36.108+0000] {logging_mixin.py:190} INFO - [2025-04-27T00:24:36.108+0000] {dag.py:3239} INFO - Sync 1 DAGs
[2025-04-27T00:24:36.137+0000] {logging_mixin.py:190} INFO - [2025-04-27T00:24:36.137+0000] {dag.py:4180} INFO - Setting next_dagrun for example_branch_dop_operator_v3 to 2025-04-27 00:23:00+00:00, run_after=2025-04-27 00:24:00+00:00
[2025-04-27T00:24:36.157+0000] {processor.py:208} INFO - Processing /home/airflow/.local/lib/python3.10/site-packages/airflow/example_dags/example_branch_python_dop_operator_3.py took 0.090 seconds
[2025-04-27T00:25:07.217+0000] {processor.py:186} INFO - Started process (PID=23508) to work on /home/airflow/.local/lib/python3.10/site-packages/airflow/example_dags/example_branch_python_dop_operator_3.py
[2025-04-27T00:25:07.219+0000] {processor.py:914} INFO - Processing file /home/airflow/.local/lib/python3.10/site-packages/airflow/example_dags/example_branch_python_dop_operator_3.py for tasks to queue
[2025-04-27T00:25:07.222+0000] {logging_mixin.py:190} INFO - [2025-04-27T00:25:07.221+0000] {dagbag.py:588} INFO - Filling up the DagBag from /home/airflow/.local/lib/python3.10/site-packages/airflow/example_dags/example_branch_python_dop_operator_3.py
[2025-04-27T00:25:07.235+0000] {processor.py:925} INFO - DAG(s) 'example_branch_dop_operator_v3' retrieved from /home/airflow/.local/lib/python3.10/site-packages/airflow/example_dags/example_branch_python_dop_operator_3.py
[2025-04-27T00:25:07.261+0000] {logging_mixin.py:190} INFO - [2025-04-27T00:25:07.260+0000] {dag.py:3239} INFO - Sync 1 DAGs
[2025-04-27T00:25:07.294+0000] {logging_mixin.py:190} INFO - [2025-04-27T00:25:07.293+0000] {dag.py:4180} INFO - Setting next_dagrun for example_branch_dop_operator_v3 to 2025-04-27 00:24:00+00:00, run_after=2025-04-27 00:25:00+00:00
[2025-04-27T00:25:07.315+0000] {processor.py:208} INFO - Processing /home/airflow/.local/lib/python3.10/site-packages/airflow/example_dags/example_branch_python_dop_operator_3.py took 0.104 seconds
