[2025-04-27T00:00:13.438+0000] {processor.py:186} INFO - Started process (PID=20286) to work on /home/airflow/.local/lib/python3.10/site-packages/airflow/example_dags/example_kubernetes_executor.py
[2025-04-27T00:00:13.440+0000] {processor.py:914} INFO - Processing file /home/airflow/.local/lib/python3.10/site-packages/airflow/example_dags/example_kubernetes_executor.py for tasks to queue
[2025-04-27T00:00:13.442+0000] {logging_mixin.py:190} INFO - [2025-04-27T00:00:13.442+0000] {dagbag.py:588} INFO - Filling up the DagBag from /home/airflow/.local/lib/python3.10/site-packages/airflow/example_dags/example_kubernetes_executor.py
[2025-04-27T00:00:13.461+0000] {processor.py:925} INFO - DAG(s) 'example_kubernetes_executor' retrieved from /home/airflow/.local/lib/python3.10/site-packages/airflow/example_dags/example_kubernetes_executor.py
[2025-04-27T00:00:13.488+0000] {logging_mixin.py:190} INFO - [2025-04-27T00:00:13.487+0000] {dag.py:3239} INFO - Sync 1 DAGs
[2025-04-27T00:00:13.503+0000] {logging_mixin.py:190} INFO - [2025-04-27T00:00:13.502+0000] {dag.py:4180} INFO - Setting next_dagrun for example_kubernetes_executor to None, run_after=None
[2025-04-27T00:00:13.523+0000] {processor.py:208} INFO - Processing /home/airflow/.local/lib/python3.10/site-packages/airflow/example_dags/example_kubernetes_executor.py took 0.092 seconds
[2025-04-27T00:00:43.873+0000] {processor.py:186} INFO - Started process (PID=20352) to work on /home/airflow/.local/lib/python3.10/site-packages/airflow/example_dags/example_kubernetes_executor.py
[2025-04-27T00:00:43.875+0000] {processor.py:914} INFO - Processing file /home/airflow/.local/lib/python3.10/site-packages/airflow/example_dags/example_kubernetes_executor.py for tasks to queue
[2025-04-27T00:00:43.878+0000] {logging_mixin.py:190} INFO - [2025-04-27T00:00:43.878+0000] {dagbag.py:588} INFO - Filling up the DagBag from /home/airflow/.local/lib/python3.10/site-packages/airflow/example_dags/example_kubernetes_executor.py
[2025-04-27T00:00:43.898+0000] {processor.py:925} INFO - DAG(s) 'example_kubernetes_executor' retrieved from /home/airflow/.local/lib/python3.10/site-packages/airflow/example_dags/example_kubernetes_executor.py
[2025-04-27T00:00:43.928+0000] {logging_mixin.py:190} INFO - [2025-04-27T00:00:43.928+0000] {dag.py:3239} INFO - Sync 1 DAGs
[2025-04-27T00:00:43.946+0000] {logging_mixin.py:190} INFO - [2025-04-27T00:00:43.945+0000] {dag.py:4180} INFO - Setting next_dagrun for example_kubernetes_executor to None, run_after=None
[2025-04-27T00:00:43.966+0000] {processor.py:208} INFO - Processing /home/airflow/.local/lib/python3.10/site-packages/airflow/example_dags/example_kubernetes_executor.py took 0.100 seconds
[2025-04-27T00:01:14.704+0000] {processor.py:186} INFO - Started process (PID=20418) to work on /home/airflow/.local/lib/python3.10/site-packages/airflow/example_dags/example_kubernetes_executor.py
[2025-04-27T00:01:14.705+0000] {processor.py:914} INFO - Processing file /home/airflow/.local/lib/python3.10/site-packages/airflow/example_dags/example_kubernetes_executor.py for tasks to queue
[2025-04-27T00:01:14.707+0000] {logging_mixin.py:190} INFO - [2025-04-27T00:01:14.707+0000] {dagbag.py:588} INFO - Filling up the DagBag from /home/airflow/.local/lib/python3.10/site-packages/airflow/example_dags/example_kubernetes_executor.py
[2025-04-27T00:01:14.721+0000] {processor.py:925} INFO - DAG(s) 'example_kubernetes_executor' retrieved from /home/airflow/.local/lib/python3.10/site-packages/airflow/example_dags/example_kubernetes_executor.py
[2025-04-27T00:01:14.748+0000] {logging_mixin.py:190} INFO - [2025-04-27T00:01:14.747+0000] {dag.py:3239} INFO - Sync 1 DAGs
[2025-04-27T00:01:14.763+0000] {logging_mixin.py:190} INFO - [2025-04-27T00:01:14.763+0000] {dag.py:4180} INFO - Setting next_dagrun for example_kubernetes_executor to None, run_after=None
[2025-04-27T00:01:14.783+0000] {processor.py:208} INFO - Processing /home/airflow/.local/lib/python3.10/site-packages/airflow/example_dags/example_kubernetes_executor.py took 0.085 seconds
[2025-04-27T00:01:44.952+0000] {processor.py:186} INFO - Started process (PID=20484) to work on /home/airflow/.local/lib/python3.10/site-packages/airflow/example_dags/example_kubernetes_executor.py
[2025-04-27T00:01:44.953+0000] {processor.py:914} INFO - Processing file /home/airflow/.local/lib/python3.10/site-packages/airflow/example_dags/example_kubernetes_executor.py for tasks to queue
[2025-04-27T00:01:44.956+0000] {logging_mixin.py:190} INFO - [2025-04-27T00:01:44.956+0000] {dagbag.py:588} INFO - Filling up the DagBag from /home/airflow/.local/lib/python3.10/site-packages/airflow/example_dags/example_kubernetes_executor.py
[2025-04-27T00:01:44.972+0000] {processor.py:925} INFO - DAG(s) 'example_kubernetes_executor' retrieved from /home/airflow/.local/lib/python3.10/site-packages/airflow/example_dags/example_kubernetes_executor.py
[2025-04-27T00:01:45.002+0000] {logging_mixin.py:190} INFO - [2025-04-27T00:01:45.002+0000] {dag.py:3239} INFO - Sync 1 DAGs
[2025-04-27T00:01:45.027+0000] {logging_mixin.py:190} INFO - [2025-04-27T00:01:45.027+0000] {dag.py:4180} INFO - Setting next_dagrun for example_kubernetes_executor to None, run_after=None
[2025-04-27T00:01:45.050+0000] {processor.py:208} INFO - Processing /home/airflow/.local/lib/python3.10/site-packages/airflow/example_dags/example_kubernetes_executor.py took 0.106 seconds
[2025-04-27T00:02:15.295+0000] {processor.py:186} INFO - Started process (PID=20550) to work on /home/airflow/.local/lib/python3.10/site-packages/airflow/example_dags/example_kubernetes_executor.py
[2025-04-27T00:02:15.296+0000] {processor.py:914} INFO - Processing file /home/airflow/.local/lib/python3.10/site-packages/airflow/example_dags/example_kubernetes_executor.py for tasks to queue
[2025-04-27T00:02:15.299+0000] {logging_mixin.py:190} INFO - [2025-04-27T00:02:15.299+0000] {dagbag.py:588} INFO - Filling up the DagBag from /home/airflow/.local/lib/python3.10/site-packages/airflow/example_dags/example_kubernetes_executor.py
[2025-04-27T00:02:15.326+0000] {processor.py:925} INFO - DAG(s) 'example_kubernetes_executor' retrieved from /home/airflow/.local/lib/python3.10/site-packages/airflow/example_dags/example_kubernetes_executor.py
[2025-04-27T00:02:15.366+0000] {logging_mixin.py:190} INFO - [2025-04-27T00:02:15.366+0000] {dag.py:3239} INFO - Sync 1 DAGs
[2025-04-27T00:02:15.385+0000] {logging_mixin.py:190} INFO - [2025-04-27T00:02:15.385+0000] {dag.py:4180} INFO - Setting next_dagrun for example_kubernetes_executor to None, run_after=None
[2025-04-27T00:02:15.408+0000] {processor.py:208} INFO - Processing /home/airflow/.local/lib/python3.10/site-packages/airflow/example_dags/example_kubernetes_executor.py took 0.123 seconds
[2025-04-27T00:02:46.437+0000] {processor.py:186} INFO - Started process (PID=20617) to work on /home/airflow/.local/lib/python3.10/site-packages/airflow/example_dags/example_kubernetes_executor.py
[2025-04-27T00:02:46.438+0000] {processor.py:914} INFO - Processing file /home/airflow/.local/lib/python3.10/site-packages/airflow/example_dags/example_kubernetes_executor.py for tasks to queue
[2025-04-27T00:02:46.441+0000] {logging_mixin.py:190} INFO - [2025-04-27T00:02:46.440+0000] {dagbag.py:588} INFO - Filling up the DagBag from /home/airflow/.local/lib/python3.10/site-packages/airflow/example_dags/example_kubernetes_executor.py
[2025-04-27T00:02:46.458+0000] {processor.py:925} INFO - DAG(s) 'example_kubernetes_executor' retrieved from /home/airflow/.local/lib/python3.10/site-packages/airflow/example_dags/example_kubernetes_executor.py
[2025-04-27T00:02:46.486+0000] {logging_mixin.py:190} INFO - [2025-04-27T00:02:46.486+0000] {dag.py:3239} INFO - Sync 1 DAGs
[2025-04-27T00:02:46.501+0000] {logging_mixin.py:190} INFO - [2025-04-27T00:02:46.500+0000] {dag.py:4180} INFO - Setting next_dagrun for example_kubernetes_executor to None, run_after=None
[2025-04-27T00:02:46.520+0000] {processor.py:208} INFO - Processing /home/airflow/.local/lib/python3.10/site-packages/airflow/example_dags/example_kubernetes_executor.py took 0.090 seconds
[2025-04-27T00:03:16.841+0000] {processor.py:186} INFO - Started process (PID=20682) to work on /home/airflow/.local/lib/python3.10/site-packages/airflow/example_dags/example_kubernetes_executor.py
[2025-04-27T00:03:16.842+0000] {processor.py:914} INFO - Processing file /home/airflow/.local/lib/python3.10/site-packages/airflow/example_dags/example_kubernetes_executor.py for tasks to queue
[2025-04-27T00:03:16.844+0000] {logging_mixin.py:190} INFO - [2025-04-27T00:03:16.844+0000] {dagbag.py:588} INFO - Filling up the DagBag from /home/airflow/.local/lib/python3.10/site-packages/airflow/example_dags/example_kubernetes_executor.py
[2025-04-27T00:03:16.862+0000] {processor.py:925} INFO - DAG(s) 'example_kubernetes_executor' retrieved from /home/airflow/.local/lib/python3.10/site-packages/airflow/example_dags/example_kubernetes_executor.py
[2025-04-27T00:03:16.888+0000] {logging_mixin.py:190} INFO - [2025-04-27T00:03:16.887+0000] {dag.py:3239} INFO - Sync 1 DAGs
[2025-04-27T00:03:16.904+0000] {logging_mixin.py:190} INFO - [2025-04-27T00:03:16.904+0000] {dag.py:4180} INFO - Setting next_dagrun for example_kubernetes_executor to None, run_after=None
[2025-04-27T00:03:16.929+0000] {processor.py:208} INFO - Processing /home/airflow/.local/lib/python3.10/site-packages/airflow/example_dags/example_kubernetes_executor.py took 0.094 seconds
[2025-04-27T00:03:47.333+0000] {processor.py:186} INFO - Started process (PID=20748) to work on /home/airflow/.local/lib/python3.10/site-packages/airflow/example_dags/example_kubernetes_executor.py
[2025-04-27T00:03:47.334+0000] {processor.py:914} INFO - Processing file /home/airflow/.local/lib/python3.10/site-packages/airflow/example_dags/example_kubernetes_executor.py for tasks to queue
[2025-04-27T00:03:47.336+0000] {logging_mixin.py:190} INFO - [2025-04-27T00:03:47.336+0000] {dagbag.py:588} INFO - Filling up the DagBag from /home/airflow/.local/lib/python3.10/site-packages/airflow/example_dags/example_kubernetes_executor.py
[2025-04-27T00:03:47.352+0000] {processor.py:925} INFO - DAG(s) 'example_kubernetes_executor' retrieved from /home/airflow/.local/lib/python3.10/site-packages/airflow/example_dags/example_kubernetes_executor.py
[2025-04-27T00:03:47.377+0000] {logging_mixin.py:190} INFO - [2025-04-27T00:03:47.376+0000] {dag.py:3239} INFO - Sync 1 DAGs
[2025-04-27T00:03:47.390+0000] {logging_mixin.py:190} INFO - [2025-04-27T00:03:47.390+0000] {dag.py:4180} INFO - Setting next_dagrun for example_kubernetes_executor to None, run_after=None
[2025-04-27T00:03:47.409+0000] {processor.py:208} INFO - Processing /home/airflow/.local/lib/python3.10/site-packages/airflow/example_dags/example_kubernetes_executor.py took 0.083 seconds
[2025-04-27T00:04:18.121+0000] {processor.py:186} INFO - Started process (PID=20814) to work on /home/airflow/.local/lib/python3.10/site-packages/airflow/example_dags/example_kubernetes_executor.py
[2025-04-27T00:04:18.123+0000] {processor.py:914} INFO - Processing file /home/airflow/.local/lib/python3.10/site-packages/airflow/example_dags/example_kubernetes_executor.py for tasks to queue
[2025-04-27T00:04:18.127+0000] {logging_mixin.py:190} INFO - [2025-04-27T00:04:18.127+0000] {dagbag.py:588} INFO - Filling up the DagBag from /home/airflow/.local/lib/python3.10/site-packages/airflow/example_dags/example_kubernetes_executor.py
[2025-04-27T00:04:18.149+0000] {processor.py:925} INFO - DAG(s) 'example_kubernetes_executor' retrieved from /home/airflow/.local/lib/python3.10/site-packages/airflow/example_dags/example_kubernetes_executor.py
[2025-04-27T00:04:18.179+0000] {logging_mixin.py:190} INFO - [2025-04-27T00:04:18.179+0000] {dag.py:3239} INFO - Sync 1 DAGs
[2025-04-27T00:04:18.195+0000] {logging_mixin.py:190} INFO - [2025-04-27T00:04:18.194+0000] {dag.py:4180} INFO - Setting next_dagrun for example_kubernetes_executor to None, run_after=None
[2025-04-27T00:04:18.218+0000] {processor.py:208} INFO - Processing /home/airflow/.local/lib/python3.10/site-packages/airflow/example_dags/example_kubernetes_executor.py took 0.106 seconds
[2025-04-27T00:04:48.474+0000] {processor.py:186} INFO - Started process (PID=20879) to work on /home/airflow/.local/lib/python3.10/site-packages/airflow/example_dags/example_kubernetes_executor.py
[2025-04-27T00:04:48.475+0000] {processor.py:914} INFO - Processing file /home/airflow/.local/lib/python3.10/site-packages/airflow/example_dags/example_kubernetes_executor.py for tasks to queue
[2025-04-27T00:04:48.477+0000] {logging_mixin.py:190} INFO - [2025-04-27T00:04:48.477+0000] {dagbag.py:588} INFO - Filling up the DagBag from /home/airflow/.local/lib/python3.10/site-packages/airflow/example_dags/example_kubernetes_executor.py
[2025-04-27T00:04:48.492+0000] {processor.py:925} INFO - DAG(s) 'example_kubernetes_executor' retrieved from /home/airflow/.local/lib/python3.10/site-packages/airflow/example_dags/example_kubernetes_executor.py
[2025-04-27T00:04:48.516+0000] {logging_mixin.py:190} INFO - [2025-04-27T00:04:48.516+0000] {dag.py:3239} INFO - Sync 1 DAGs
[2025-04-27T00:04:48.531+0000] {logging_mixin.py:190} INFO - [2025-04-27T00:04:48.530+0000] {dag.py:4180} INFO - Setting next_dagrun for example_kubernetes_executor to None, run_after=None
[2025-04-27T00:04:48.551+0000] {processor.py:208} INFO - Processing /home/airflow/.local/lib/python3.10/site-packages/airflow/example_dags/example_kubernetes_executor.py took 0.083 seconds
[2025-04-27T00:05:19.502+0000] {processor.py:186} INFO - Started process (PID=20946) to work on /home/airflow/.local/lib/python3.10/site-packages/airflow/example_dags/example_kubernetes_executor.py
[2025-04-27T00:05:19.503+0000] {processor.py:914} INFO - Processing file /home/airflow/.local/lib/python3.10/site-packages/airflow/example_dags/example_kubernetes_executor.py for tasks to queue
[2025-04-27T00:05:19.506+0000] {logging_mixin.py:190} INFO - [2025-04-27T00:05:19.505+0000] {dagbag.py:588} INFO - Filling up the DagBag from /home/airflow/.local/lib/python3.10/site-packages/airflow/example_dags/example_kubernetes_executor.py
[2025-04-27T00:05:19.521+0000] {processor.py:925} INFO - DAG(s) 'example_kubernetes_executor' retrieved from /home/airflow/.local/lib/python3.10/site-packages/airflow/example_dags/example_kubernetes_executor.py
[2025-04-27T00:05:19.547+0000] {logging_mixin.py:190} INFO - [2025-04-27T00:05:19.547+0000] {dag.py:3239} INFO - Sync 1 DAGs
[2025-04-27T00:05:19.561+0000] {logging_mixin.py:190} INFO - [2025-04-27T00:05:19.561+0000] {dag.py:4180} INFO - Setting next_dagrun for example_kubernetes_executor to None, run_after=None
[2025-04-27T00:05:19.579+0000] {processor.py:208} INFO - Processing /home/airflow/.local/lib/python3.10/site-packages/airflow/example_dags/example_kubernetes_executor.py took 0.083 seconds
[2025-04-27T00:05:49.817+0000] {processor.py:186} INFO - Started process (PID=21012) to work on /home/airflow/.local/lib/python3.10/site-packages/airflow/example_dags/example_kubernetes_executor.py
[2025-04-27T00:05:49.818+0000] {processor.py:914} INFO - Processing file /home/airflow/.local/lib/python3.10/site-packages/airflow/example_dags/example_kubernetes_executor.py for tasks to queue
[2025-04-27T00:05:49.821+0000] {logging_mixin.py:190} INFO - [2025-04-27T00:05:49.820+0000] {dagbag.py:588} INFO - Filling up the DagBag from /home/airflow/.local/lib/python3.10/site-packages/airflow/example_dags/example_kubernetes_executor.py
[2025-04-27T00:05:49.842+0000] {processor.py:925} INFO - DAG(s) 'example_kubernetes_executor' retrieved from /home/airflow/.local/lib/python3.10/site-packages/airflow/example_dags/example_kubernetes_executor.py
[2025-04-27T00:05:49.871+0000] {logging_mixin.py:190} INFO - [2025-04-27T00:05:49.870+0000] {dag.py:3239} INFO - Sync 1 DAGs
[2025-04-27T00:05:49.886+0000] {logging_mixin.py:190} INFO - [2025-04-27T00:05:49.886+0000] {dag.py:4180} INFO - Setting next_dagrun for example_kubernetes_executor to None, run_after=None
[2025-04-27T00:05:49.906+0000] {processor.py:208} INFO - Processing /home/airflow/.local/lib/python3.10/site-packages/airflow/example_dags/example_kubernetes_executor.py took 0.097 seconds
[2025-04-27T00:06:20.753+0000] {processor.py:186} INFO - Started process (PID=21078) to work on /home/airflow/.local/lib/python3.10/site-packages/airflow/example_dags/example_kubernetes_executor.py
[2025-04-27T00:06:20.754+0000] {processor.py:914} INFO - Processing file /home/airflow/.local/lib/python3.10/site-packages/airflow/example_dags/example_kubernetes_executor.py for tasks to queue
[2025-04-27T00:06:20.757+0000] {logging_mixin.py:190} INFO - [2025-04-27T00:06:20.756+0000] {dagbag.py:588} INFO - Filling up the DagBag from /home/airflow/.local/lib/python3.10/site-packages/airflow/example_dags/example_kubernetes_executor.py
[2025-04-27T00:06:20.772+0000] {processor.py:925} INFO - DAG(s) 'example_kubernetes_executor' retrieved from /home/airflow/.local/lib/python3.10/site-packages/airflow/example_dags/example_kubernetes_executor.py
[2025-04-27T00:06:20.797+0000] {logging_mixin.py:190} INFO - [2025-04-27T00:06:20.797+0000] {dag.py:3239} INFO - Sync 1 DAGs
[2025-04-27T00:06:20.814+0000] {logging_mixin.py:190} INFO - [2025-04-27T00:06:20.813+0000] {dag.py:4180} INFO - Setting next_dagrun for example_kubernetes_executor to None, run_after=None
[2025-04-27T00:06:20.833+0000] {processor.py:208} INFO - Processing /home/airflow/.local/lib/python3.10/site-packages/airflow/example_dags/example_kubernetes_executor.py took 0.085 seconds
[2025-04-27T00:06:50.910+0000] {processor.py:186} INFO - Started process (PID=21144) to work on /home/airflow/.local/lib/python3.10/site-packages/airflow/example_dags/example_kubernetes_executor.py
[2025-04-27T00:06:50.911+0000] {processor.py:914} INFO - Processing file /home/airflow/.local/lib/python3.10/site-packages/airflow/example_dags/example_kubernetes_executor.py for tasks to queue
[2025-04-27T00:06:50.913+0000] {logging_mixin.py:190} INFO - [2025-04-27T00:06:50.913+0000] {dagbag.py:588} INFO - Filling up the DagBag from /home/airflow/.local/lib/python3.10/site-packages/airflow/example_dags/example_kubernetes_executor.py
[2025-04-27T00:06:50.927+0000] {processor.py:925} INFO - DAG(s) 'example_kubernetes_executor' retrieved from /home/airflow/.local/lib/python3.10/site-packages/airflow/example_dags/example_kubernetes_executor.py
[2025-04-27T00:06:50.951+0000] {logging_mixin.py:190} INFO - [2025-04-27T00:06:50.950+0000] {dag.py:3239} INFO - Sync 1 DAGs
[2025-04-27T00:06:50.966+0000] {logging_mixin.py:190} INFO - [2025-04-27T00:06:50.965+0000] {dag.py:4180} INFO - Setting next_dagrun for example_kubernetes_executor to None, run_after=None
[2025-04-27T00:06:50.984+0000] {processor.py:208} INFO - Processing /home/airflow/.local/lib/python3.10/site-packages/airflow/example_dags/example_kubernetes_executor.py took 0.080 seconds
[2025-04-27T00:07:21.289+0000] {processor.py:186} INFO - Started process (PID=21217) to work on /home/airflow/.local/lib/python3.10/site-packages/airflow/example_dags/example_kubernetes_executor.py
[2025-04-27T00:07:21.290+0000] {processor.py:914} INFO - Processing file /home/airflow/.local/lib/python3.10/site-packages/airflow/example_dags/example_kubernetes_executor.py for tasks to queue
[2025-04-27T00:07:21.293+0000] {logging_mixin.py:190} INFO - [2025-04-27T00:07:21.293+0000] {dagbag.py:588} INFO - Filling up the DagBag from /home/airflow/.local/lib/python3.10/site-packages/airflow/example_dags/example_kubernetes_executor.py
[2025-04-27T00:07:21.311+0000] {processor.py:925} INFO - DAG(s) 'example_kubernetes_executor' retrieved from /home/airflow/.local/lib/python3.10/site-packages/airflow/example_dags/example_kubernetes_executor.py
[2025-04-27T00:07:21.345+0000] {logging_mixin.py:190} INFO - [2025-04-27T00:07:21.344+0000] {dag.py:3239} INFO - Sync 1 DAGs
[2025-04-27T00:07:21.363+0000] {logging_mixin.py:190} INFO - [2025-04-27T00:07:21.363+0000] {dag.py:4180} INFO - Setting next_dagrun for example_kubernetes_executor to None, run_after=None
[2025-04-27T00:07:21.387+0000] {processor.py:208} INFO - Processing /home/airflow/.local/lib/python3.10/site-packages/airflow/example_dags/example_kubernetes_executor.py took 0.105 seconds
[2025-04-27T00:07:51.549+0000] {processor.py:186} INFO - Started process (PID=21283) to work on /home/airflow/.local/lib/python3.10/site-packages/airflow/example_dags/example_kubernetes_executor.py
[2025-04-27T00:07:51.550+0000] {processor.py:914} INFO - Processing file /home/airflow/.local/lib/python3.10/site-packages/airflow/example_dags/example_kubernetes_executor.py for tasks to queue
[2025-04-27T00:07:51.552+0000] {logging_mixin.py:190} INFO - [2025-04-27T00:07:51.552+0000] {dagbag.py:588} INFO - Filling up the DagBag from /home/airflow/.local/lib/python3.10/site-packages/airflow/example_dags/example_kubernetes_executor.py
[2025-04-27T00:07:51.566+0000] {processor.py:925} INFO - DAG(s) 'example_kubernetes_executor' retrieved from /home/airflow/.local/lib/python3.10/site-packages/airflow/example_dags/example_kubernetes_executor.py
[2025-04-27T00:07:51.590+0000] {logging_mixin.py:190} INFO - [2025-04-27T00:07:51.589+0000] {dag.py:3239} INFO - Sync 1 DAGs
[2025-04-27T00:07:51.603+0000] {logging_mixin.py:190} INFO - [2025-04-27T00:07:51.602+0000] {dag.py:4180} INFO - Setting next_dagrun for example_kubernetes_executor to None, run_after=None
[2025-04-27T00:07:51.618+0000] {processor.py:208} INFO - Processing /home/airflow/.local/lib/python3.10/site-packages/airflow/example_dags/example_kubernetes_executor.py took 0.075 seconds
[2025-04-27T00:08:22.608+0000] {processor.py:186} INFO - Started process (PID=21349) to work on /home/airflow/.local/lib/python3.10/site-packages/airflow/example_dags/example_kubernetes_executor.py
[2025-04-27T00:08:22.609+0000] {processor.py:914} INFO - Processing file /home/airflow/.local/lib/python3.10/site-packages/airflow/example_dags/example_kubernetes_executor.py for tasks to queue
[2025-04-27T00:08:22.612+0000] {logging_mixin.py:190} INFO - [2025-04-27T00:08:22.611+0000] {dagbag.py:588} INFO - Filling up the DagBag from /home/airflow/.local/lib/python3.10/site-packages/airflow/example_dags/example_kubernetes_executor.py
[2025-04-27T00:08:22.629+0000] {processor.py:925} INFO - DAG(s) 'example_kubernetes_executor' retrieved from /home/airflow/.local/lib/python3.10/site-packages/airflow/example_dags/example_kubernetes_executor.py
[2025-04-27T00:08:22.657+0000] {logging_mixin.py:190} INFO - [2025-04-27T00:08:22.657+0000] {dag.py:3239} INFO - Sync 1 DAGs
[2025-04-27T00:08:22.674+0000] {logging_mixin.py:190} INFO - [2025-04-27T00:08:22.674+0000] {dag.py:4180} INFO - Setting next_dagrun for example_kubernetes_executor to None, run_after=None
[2025-04-27T00:08:22.695+0000] {processor.py:208} INFO - Processing /home/airflow/.local/lib/python3.10/site-packages/airflow/example_dags/example_kubernetes_executor.py took 0.093 seconds
[2025-04-27T00:08:53.088+0000] {processor.py:186} INFO - Started process (PID=21415) to work on /home/airflow/.local/lib/python3.10/site-packages/airflow/example_dags/example_kubernetes_executor.py
[2025-04-27T00:08:53.089+0000] {processor.py:914} INFO - Processing file /home/airflow/.local/lib/python3.10/site-packages/airflow/example_dags/example_kubernetes_executor.py for tasks to queue
[2025-04-27T00:08:53.092+0000] {logging_mixin.py:190} INFO - [2025-04-27T00:08:53.092+0000] {dagbag.py:588} INFO - Filling up the DagBag from /home/airflow/.local/lib/python3.10/site-packages/airflow/example_dags/example_kubernetes_executor.py
[2025-04-27T00:08:53.114+0000] {processor.py:925} INFO - DAG(s) 'example_kubernetes_executor' retrieved from /home/airflow/.local/lib/python3.10/site-packages/airflow/example_dags/example_kubernetes_executor.py
[2025-04-27T00:08:53.149+0000] {logging_mixin.py:190} INFO - [2025-04-27T00:08:53.148+0000] {dag.py:3239} INFO - Sync 1 DAGs
[2025-04-27T00:08:53.166+0000] {logging_mixin.py:190} INFO - [2025-04-27T00:08:53.165+0000] {dag.py:4180} INFO - Setting next_dagrun for example_kubernetes_executor to None, run_after=None
[2025-04-27T00:08:53.191+0000] {processor.py:208} INFO - Processing /home/airflow/.local/lib/python3.10/site-packages/airflow/example_dags/example_kubernetes_executor.py took 0.109 seconds
[2025-04-27T00:09:23.606+0000] {processor.py:186} INFO - Started process (PID=21481) to work on /home/airflow/.local/lib/python3.10/site-packages/airflow/example_dags/example_kubernetes_executor.py
[2025-04-27T00:09:23.608+0000] {processor.py:914} INFO - Processing file /home/airflow/.local/lib/python3.10/site-packages/airflow/example_dags/example_kubernetes_executor.py for tasks to queue
[2025-04-27T00:09:23.611+0000] {logging_mixin.py:190} INFO - [2025-04-27T00:09:23.611+0000] {dagbag.py:588} INFO - Filling up the DagBag from /home/airflow/.local/lib/python3.10/site-packages/airflow/example_dags/example_kubernetes_executor.py
[2025-04-27T00:09:23.634+0000] {processor.py:925} INFO - DAG(s) 'example_kubernetes_executor' retrieved from /home/airflow/.local/lib/python3.10/site-packages/airflow/example_dags/example_kubernetes_executor.py
[2025-04-27T00:09:23.674+0000] {logging_mixin.py:190} INFO - [2025-04-27T00:09:23.674+0000] {dag.py:3239} INFO - Sync 1 DAGs
[2025-04-27T00:09:23.693+0000] {logging_mixin.py:190} INFO - [2025-04-27T00:09:23.693+0000] {dag.py:4180} INFO - Setting next_dagrun for example_kubernetes_executor to None, run_after=None
[2025-04-27T00:09:23.725+0000] {processor.py:208} INFO - Processing /home/airflow/.local/lib/python3.10/site-packages/airflow/example_dags/example_kubernetes_executor.py took 0.128 seconds
[2025-04-27T00:09:53.807+0000] {processor.py:186} INFO - Started process (PID=21547) to work on /home/airflow/.local/lib/python3.10/site-packages/airflow/example_dags/example_kubernetes_executor.py
[2025-04-27T00:09:53.809+0000] {processor.py:914} INFO - Processing file /home/airflow/.local/lib/python3.10/site-packages/airflow/example_dags/example_kubernetes_executor.py for tasks to queue
[2025-04-27T00:09:53.811+0000] {logging_mixin.py:190} INFO - [2025-04-27T00:09:53.811+0000] {dagbag.py:588} INFO - Filling up the DagBag from /home/airflow/.local/lib/python3.10/site-packages/airflow/example_dags/example_kubernetes_executor.py
[2025-04-27T00:09:53.828+0000] {processor.py:925} INFO - DAG(s) 'example_kubernetes_executor' retrieved from /home/airflow/.local/lib/python3.10/site-packages/airflow/example_dags/example_kubernetes_executor.py
[2025-04-27T00:09:53.856+0000] {logging_mixin.py:190} INFO - [2025-04-27T00:09:53.855+0000] {dag.py:3239} INFO - Sync 1 DAGs
[2025-04-27T00:09:53.871+0000] {logging_mixin.py:190} INFO - [2025-04-27T00:09:53.871+0000] {dag.py:4180} INFO - Setting next_dagrun for example_kubernetes_executor to None, run_after=None
[2025-04-27T00:09:53.892+0000] {processor.py:208} INFO - Processing /home/airflow/.local/lib/python3.10/site-packages/airflow/example_dags/example_kubernetes_executor.py took 0.091 seconds
[2025-04-27T00:10:24.823+0000] {processor.py:186} INFO - Started process (PID=21613) to work on /home/airflow/.local/lib/python3.10/site-packages/airflow/example_dags/example_kubernetes_executor.py
[2025-04-27T00:10:24.825+0000] {processor.py:914} INFO - Processing file /home/airflow/.local/lib/python3.10/site-packages/airflow/example_dags/example_kubernetes_executor.py for tasks to queue
[2025-04-27T00:10:24.827+0000] {logging_mixin.py:190} INFO - [2025-04-27T00:10:24.827+0000] {dagbag.py:588} INFO - Filling up the DagBag from /home/airflow/.local/lib/python3.10/site-packages/airflow/example_dags/example_kubernetes_executor.py
[2025-04-27T00:10:24.843+0000] {processor.py:925} INFO - DAG(s) 'example_kubernetes_executor' retrieved from /home/airflow/.local/lib/python3.10/site-packages/airflow/example_dags/example_kubernetes_executor.py
[2025-04-27T00:10:24.870+0000] {logging_mixin.py:190} INFO - [2025-04-27T00:10:24.870+0000] {dag.py:3239} INFO - Sync 1 DAGs
[2025-04-27T00:10:24.885+0000] {logging_mixin.py:190} INFO - [2025-04-27T00:10:24.884+0000] {dag.py:4180} INFO - Setting next_dagrun for example_kubernetes_executor to None, run_after=None
[2025-04-27T00:10:24.904+0000] {processor.py:208} INFO - Processing /home/airflow/.local/lib/python3.10/site-packages/airflow/example_dags/example_kubernetes_executor.py took 0.087 seconds
[2025-04-27T00:10:55.424+0000] {processor.py:186} INFO - Started process (PID=21679) to work on /home/airflow/.local/lib/python3.10/site-packages/airflow/example_dags/example_kubernetes_executor.py
[2025-04-27T00:10:55.425+0000] {processor.py:914} INFO - Processing file /home/airflow/.local/lib/python3.10/site-packages/airflow/example_dags/example_kubernetes_executor.py for tasks to queue
[2025-04-27T00:10:55.428+0000] {logging_mixin.py:190} INFO - [2025-04-27T00:10:55.427+0000] {dagbag.py:588} INFO - Filling up the DagBag from /home/airflow/.local/lib/python3.10/site-packages/airflow/example_dags/example_kubernetes_executor.py
[2025-04-27T00:10:55.446+0000] {processor.py:925} INFO - DAG(s) 'example_kubernetes_executor' retrieved from /home/airflow/.local/lib/python3.10/site-packages/airflow/example_dags/example_kubernetes_executor.py
[2025-04-27T00:10:55.481+0000] {logging_mixin.py:190} INFO - [2025-04-27T00:10:55.481+0000] {dag.py:3239} INFO - Sync 1 DAGs
[2025-04-27T00:10:55.497+0000] {logging_mixin.py:190} INFO - [2025-04-27T00:10:55.496+0000] {dag.py:4180} INFO - Setting next_dagrun for example_kubernetes_executor to None, run_after=None
[2025-04-27T00:10:55.518+0000] {processor.py:208} INFO - Processing /home/airflow/.local/lib/python3.10/site-packages/airflow/example_dags/example_kubernetes_executor.py took 0.101 seconds
[2025-04-27T00:11:25.969+0000] {processor.py:186} INFO - Started process (PID=21745) to work on /home/airflow/.local/lib/python3.10/site-packages/airflow/example_dags/example_kubernetes_executor.py
[2025-04-27T00:11:25.970+0000] {processor.py:914} INFO - Processing file /home/airflow/.local/lib/python3.10/site-packages/airflow/example_dags/example_kubernetes_executor.py for tasks to queue
[2025-04-27T00:11:25.973+0000] {logging_mixin.py:190} INFO - [2025-04-27T00:11:25.972+0000] {dagbag.py:588} INFO - Filling up the DagBag from /home/airflow/.local/lib/python3.10/site-packages/airflow/example_dags/example_kubernetes_executor.py
[2025-04-27T00:11:25.987+0000] {processor.py:925} INFO - DAG(s) 'example_kubernetes_executor' retrieved from /home/airflow/.local/lib/python3.10/site-packages/airflow/example_dags/example_kubernetes_executor.py
[2025-04-27T00:11:26.012+0000] {logging_mixin.py:190} INFO - [2025-04-27T00:11:26.011+0000] {dag.py:3239} INFO - Sync 1 DAGs
[2025-04-27T00:11:26.025+0000] {logging_mixin.py:190} INFO - [2025-04-27T00:11:26.025+0000] {dag.py:4180} INFO - Setting next_dagrun for example_kubernetes_executor to None, run_after=None
[2025-04-27T00:11:26.046+0000] {processor.py:208} INFO - Processing /home/airflow/.local/lib/python3.10/site-packages/airflow/example_dags/example_kubernetes_executor.py took 0.083 seconds
[2025-04-27T00:11:56.453+0000] {processor.py:186} INFO - Started process (PID=21811) to work on /home/airflow/.local/lib/python3.10/site-packages/airflow/example_dags/example_kubernetes_executor.py
[2025-04-27T00:11:56.455+0000] {processor.py:914} INFO - Processing file /home/airflow/.local/lib/python3.10/site-packages/airflow/example_dags/example_kubernetes_executor.py for tasks to queue
[2025-04-27T00:11:56.458+0000] {logging_mixin.py:190} INFO - [2025-04-27T00:11:56.458+0000] {dagbag.py:588} INFO - Filling up the DagBag from /home/airflow/.local/lib/python3.10/site-packages/airflow/example_dags/example_kubernetes_executor.py
[2025-04-27T00:11:56.481+0000] {processor.py:925} INFO - DAG(s) 'example_kubernetes_executor' retrieved from /home/airflow/.local/lib/python3.10/site-packages/airflow/example_dags/example_kubernetes_executor.py
[2025-04-27T00:11:56.512+0000] {logging_mixin.py:190} INFO - [2025-04-27T00:11:56.512+0000] {dag.py:3239} INFO - Sync 1 DAGs
[2025-04-27T00:11:56.530+0000] {logging_mixin.py:190} INFO - [2025-04-27T00:11:56.530+0000] {dag.py:4180} INFO - Setting next_dagrun for example_kubernetes_executor to None, run_after=None
[2025-04-27T00:11:56.557+0000] {processor.py:208} INFO - Processing /home/airflow/.local/lib/python3.10/site-packages/airflow/example_dags/example_kubernetes_executor.py took 0.113 seconds
[2025-04-27T00:12:27.303+0000] {processor.py:186} INFO - Started process (PID=21877) to work on /home/airflow/.local/lib/python3.10/site-packages/airflow/example_dags/example_kubernetes_executor.py
[2025-04-27T00:12:27.304+0000] {processor.py:914} INFO - Processing file /home/airflow/.local/lib/python3.10/site-packages/airflow/example_dags/example_kubernetes_executor.py for tasks to queue
[2025-04-27T00:12:27.306+0000] {logging_mixin.py:190} INFO - [2025-04-27T00:12:27.306+0000] {dagbag.py:588} INFO - Filling up the DagBag from /home/airflow/.local/lib/python3.10/site-packages/airflow/example_dags/example_kubernetes_executor.py
[2025-04-27T00:12:27.321+0000] {processor.py:925} INFO - DAG(s) 'example_kubernetes_executor' retrieved from /home/airflow/.local/lib/python3.10/site-packages/airflow/example_dags/example_kubernetes_executor.py
[2025-04-27T00:12:27.348+0000] {logging_mixin.py:190} INFO - [2025-04-27T00:12:27.348+0000] {dag.py:3239} INFO - Sync 1 DAGs
[2025-04-27T00:12:27.366+0000] {logging_mixin.py:190} INFO - [2025-04-27T00:12:27.366+0000] {dag.py:4180} INFO - Setting next_dagrun for example_kubernetes_executor to None, run_after=None
[2025-04-27T00:12:27.388+0000] {processor.py:208} INFO - Processing /home/airflow/.local/lib/python3.10/site-packages/airflow/example_dags/example_kubernetes_executor.py took 0.092 seconds
[2025-04-27T00:12:57.975+0000] {processor.py:186} INFO - Started process (PID=21943) to work on /home/airflow/.local/lib/python3.10/site-packages/airflow/example_dags/example_kubernetes_executor.py
[2025-04-27T00:12:57.976+0000] {processor.py:914} INFO - Processing file /home/airflow/.local/lib/python3.10/site-packages/airflow/example_dags/example_kubernetes_executor.py for tasks to queue
[2025-04-27T00:12:57.979+0000] {logging_mixin.py:190} INFO - [2025-04-27T00:12:57.978+0000] {dagbag.py:588} INFO - Filling up the DagBag from /home/airflow/.local/lib/python3.10/site-packages/airflow/example_dags/example_kubernetes_executor.py
[2025-04-27T00:12:57.995+0000] {processor.py:925} INFO - DAG(s) 'example_kubernetes_executor' retrieved from /home/airflow/.local/lib/python3.10/site-packages/airflow/example_dags/example_kubernetes_executor.py
[2025-04-27T00:12:58.024+0000] {logging_mixin.py:190} INFO - [2025-04-27T00:12:58.024+0000] {dag.py:3239} INFO - Sync 1 DAGs
[2025-04-27T00:12:58.040+0000] {logging_mixin.py:190} INFO - [2025-04-27T00:12:58.040+0000] {dag.py:4180} INFO - Setting next_dagrun for example_kubernetes_executor to None, run_after=None
[2025-04-27T00:12:58.062+0000] {processor.py:208} INFO - Processing /home/airflow/.local/lib/python3.10/site-packages/airflow/example_dags/example_kubernetes_executor.py took 0.094 seconds
[2025-04-27T00:13:28.435+0000] {processor.py:186} INFO - Started process (PID=22009) to work on /home/airflow/.local/lib/python3.10/site-packages/airflow/example_dags/example_kubernetes_executor.py
[2025-04-27T00:13:28.436+0000] {processor.py:914} INFO - Processing file /home/airflow/.local/lib/python3.10/site-packages/airflow/example_dags/example_kubernetes_executor.py for tasks to queue
[2025-04-27T00:13:28.439+0000] {logging_mixin.py:190} INFO - [2025-04-27T00:13:28.438+0000] {dagbag.py:588} INFO - Filling up the DagBag from /home/airflow/.local/lib/python3.10/site-packages/airflow/example_dags/example_kubernetes_executor.py
[2025-04-27T00:13:28.454+0000] {processor.py:925} INFO - DAG(s) 'example_kubernetes_executor' retrieved from /home/airflow/.local/lib/python3.10/site-packages/airflow/example_dags/example_kubernetes_executor.py
[2025-04-27T00:13:28.480+0000] {logging_mixin.py:190} INFO - [2025-04-27T00:13:28.479+0000] {dag.py:3239} INFO - Sync 1 DAGs
[2025-04-27T00:13:28.495+0000] {logging_mixin.py:190} INFO - [2025-04-27T00:13:28.495+0000] {dag.py:4180} INFO - Setting next_dagrun for example_kubernetes_executor to None, run_after=None
[2025-04-27T00:13:28.517+0000] {processor.py:208} INFO - Processing /home/airflow/.local/lib/python3.10/site-packages/airflow/example_dags/example_kubernetes_executor.py took 0.090 seconds
[2025-04-27T00:13:58.786+0000] {processor.py:186} INFO - Started process (PID=22076) to work on /home/airflow/.local/lib/python3.10/site-packages/airflow/example_dags/example_kubernetes_executor.py
[2025-04-27T00:13:58.788+0000] {processor.py:914} INFO - Processing file /home/airflow/.local/lib/python3.10/site-packages/airflow/example_dags/example_kubernetes_executor.py for tasks to queue
[2025-04-27T00:13:58.790+0000] {logging_mixin.py:190} INFO - [2025-04-27T00:13:58.790+0000] {dagbag.py:588} INFO - Filling up the DagBag from /home/airflow/.local/lib/python3.10/site-packages/airflow/example_dags/example_kubernetes_executor.py
[2025-04-27T00:13:58.808+0000] {processor.py:925} INFO - DAG(s) 'example_kubernetes_executor' retrieved from /home/airflow/.local/lib/python3.10/site-packages/airflow/example_dags/example_kubernetes_executor.py
[2025-04-27T00:13:58.834+0000] {logging_mixin.py:190} INFO - [2025-04-27T00:13:58.834+0000] {dag.py:3239} INFO - Sync 1 DAGs
[2025-04-27T00:13:58.849+0000] {logging_mixin.py:190} INFO - [2025-04-27T00:13:58.849+0000] {dag.py:4180} INFO - Setting next_dagrun for example_kubernetes_executor to None, run_after=None
[2025-04-27T00:13:58.871+0000] {processor.py:208} INFO - Processing /home/airflow/.local/lib/python3.10/site-packages/airflow/example_dags/example_kubernetes_executor.py took 0.092 seconds
[2025-04-27T00:14:29.459+0000] {processor.py:186} INFO - Started process (PID=22142) to work on /home/airflow/.local/lib/python3.10/site-packages/airflow/example_dags/example_kubernetes_executor.py
[2025-04-27T00:14:29.461+0000] {processor.py:914} INFO - Processing file /home/airflow/.local/lib/python3.10/site-packages/airflow/example_dags/example_kubernetes_executor.py for tasks to queue
[2025-04-27T00:14:29.463+0000] {logging_mixin.py:190} INFO - [2025-04-27T00:14:29.463+0000] {dagbag.py:588} INFO - Filling up the DagBag from /home/airflow/.local/lib/python3.10/site-packages/airflow/example_dags/example_kubernetes_executor.py
[2025-04-27T00:14:29.482+0000] {processor.py:925} INFO - DAG(s) 'example_kubernetes_executor' retrieved from /home/airflow/.local/lib/python3.10/site-packages/airflow/example_dags/example_kubernetes_executor.py
[2025-04-27T00:14:29.508+0000] {logging_mixin.py:190} INFO - [2025-04-27T00:14:29.508+0000] {dag.py:3239} INFO - Sync 1 DAGs
[2025-04-27T00:14:29.523+0000] {logging_mixin.py:190} INFO - [2025-04-27T00:14:29.523+0000] {dag.py:4180} INFO - Setting next_dagrun for example_kubernetes_executor to None, run_after=None
[2025-04-27T00:14:29.546+0000] {processor.py:208} INFO - Processing /home/airflow/.local/lib/python3.10/site-packages/airflow/example_dags/example_kubernetes_executor.py took 0.095 seconds
[2025-04-27T00:14:59.923+0000] {processor.py:186} INFO - Started process (PID=22208) to work on /home/airflow/.local/lib/python3.10/site-packages/airflow/example_dags/example_kubernetes_executor.py
[2025-04-27T00:14:59.924+0000] {processor.py:914} INFO - Processing file /home/airflow/.local/lib/python3.10/site-packages/airflow/example_dags/example_kubernetes_executor.py for tasks to queue
[2025-04-27T00:14:59.927+0000] {logging_mixin.py:190} INFO - [2025-04-27T00:14:59.926+0000] {dagbag.py:588} INFO - Filling up the DagBag from /home/airflow/.local/lib/python3.10/site-packages/airflow/example_dags/example_kubernetes_executor.py
[2025-04-27T00:14:59.943+0000] {processor.py:925} INFO - DAG(s) 'example_kubernetes_executor' retrieved from /home/airflow/.local/lib/python3.10/site-packages/airflow/example_dags/example_kubernetes_executor.py
[2025-04-27T00:14:59.968+0000] {logging_mixin.py:190} INFO - [2025-04-27T00:14:59.967+0000] {dag.py:3239} INFO - Sync 1 DAGs
[2025-04-27T00:14:59.981+0000] {logging_mixin.py:190} INFO - [2025-04-27T00:14:59.981+0000] {dag.py:4180} INFO - Setting next_dagrun for example_kubernetes_executor to None, run_after=None
[2025-04-27T00:15:00.001+0000] {processor.py:208} INFO - Processing /home/airflow/.local/lib/python3.10/site-packages/airflow/example_dags/example_kubernetes_executor.py took 0.084 seconds
[2025-04-27T00:15:30.115+0000] {processor.py:186} INFO - Started process (PID=22274) to work on /home/airflow/.local/lib/python3.10/site-packages/airflow/example_dags/example_kubernetes_executor.py
[2025-04-27T00:15:30.116+0000] {processor.py:914} INFO - Processing file /home/airflow/.local/lib/python3.10/site-packages/airflow/example_dags/example_kubernetes_executor.py for tasks to queue
[2025-04-27T00:15:30.118+0000] {logging_mixin.py:190} INFO - [2025-04-27T00:15:30.118+0000] {dagbag.py:588} INFO - Filling up the DagBag from /home/airflow/.local/lib/python3.10/site-packages/airflow/example_dags/example_kubernetes_executor.py
[2025-04-27T00:15:30.133+0000] {processor.py:925} INFO - DAG(s) 'example_kubernetes_executor' retrieved from /home/airflow/.local/lib/python3.10/site-packages/airflow/example_dags/example_kubernetes_executor.py
[2025-04-27T00:15:30.160+0000] {logging_mixin.py:190} INFO - [2025-04-27T00:15:30.159+0000] {dag.py:3239} INFO - Sync 1 DAGs
[2025-04-27T00:15:30.175+0000] {logging_mixin.py:190} INFO - [2025-04-27T00:15:30.174+0000] {dag.py:4180} INFO - Setting next_dagrun for example_kubernetes_executor to None, run_after=None
[2025-04-27T00:15:30.195+0000] {processor.py:208} INFO - Processing /home/airflow/.local/lib/python3.10/site-packages/airflow/example_dags/example_kubernetes_executor.py took 0.086 seconds
[2025-04-27T00:16:00.363+0000] {processor.py:186} INFO - Started process (PID=22340) to work on /home/airflow/.local/lib/python3.10/site-packages/airflow/example_dags/example_kubernetes_executor.py
[2025-04-27T00:16:00.364+0000] {processor.py:914} INFO - Processing file /home/airflow/.local/lib/python3.10/site-packages/airflow/example_dags/example_kubernetes_executor.py for tasks to queue
[2025-04-27T00:16:00.367+0000] {logging_mixin.py:190} INFO - [2025-04-27T00:16:00.366+0000] {dagbag.py:588} INFO - Filling up the DagBag from /home/airflow/.local/lib/python3.10/site-packages/airflow/example_dags/example_kubernetes_executor.py
[2025-04-27T00:16:00.387+0000] {processor.py:925} INFO - DAG(s) 'example_kubernetes_executor' retrieved from /home/airflow/.local/lib/python3.10/site-packages/airflow/example_dags/example_kubernetes_executor.py
[2025-04-27T00:16:00.419+0000] {logging_mixin.py:190} INFO - [2025-04-27T00:16:00.419+0000] {dag.py:3239} INFO - Sync 1 DAGs
[2025-04-27T00:16:00.439+0000] {logging_mixin.py:190} INFO - [2025-04-27T00:16:00.439+0000] {dag.py:4180} INFO - Setting next_dagrun for example_kubernetes_executor to None, run_after=None
[2025-04-27T00:16:00.469+0000] {processor.py:208} INFO - Processing /home/airflow/.local/lib/python3.10/site-packages/airflow/example_dags/example_kubernetes_executor.py took 0.115 seconds
[2025-04-27T00:16:30.575+0000] {processor.py:186} INFO - Started process (PID=22405) to work on /home/airflow/.local/lib/python3.10/site-packages/airflow/example_dags/example_kubernetes_executor.py
[2025-04-27T00:16:30.577+0000] {processor.py:914} INFO - Processing file /home/airflow/.local/lib/python3.10/site-packages/airflow/example_dags/example_kubernetes_executor.py for tasks to queue
[2025-04-27T00:16:30.579+0000] {logging_mixin.py:190} INFO - [2025-04-27T00:16:30.579+0000] {dagbag.py:588} INFO - Filling up the DagBag from /home/airflow/.local/lib/python3.10/site-packages/airflow/example_dags/example_kubernetes_executor.py
[2025-04-27T00:16:30.595+0000] {processor.py:925} INFO - DAG(s) 'example_kubernetes_executor' retrieved from /home/airflow/.local/lib/python3.10/site-packages/airflow/example_dags/example_kubernetes_executor.py
[2025-04-27T00:16:30.620+0000] {logging_mixin.py:190} INFO - [2025-04-27T00:16:30.620+0000] {dag.py:3239} INFO - Sync 1 DAGs
[2025-04-27T00:16:30.637+0000] {logging_mixin.py:190} INFO - [2025-04-27T00:16:30.636+0000] {dag.py:4180} INFO - Setting next_dagrun for example_kubernetes_executor to None, run_after=None
[2025-04-27T00:16:30.658+0000] {processor.py:208} INFO - Processing /home/airflow/.local/lib/python3.10/site-packages/airflow/example_dags/example_kubernetes_executor.py took 0.089 seconds
[2025-04-27T00:17:01.214+0000] {processor.py:186} INFO - Started process (PID=22471) to work on /home/airflow/.local/lib/python3.10/site-packages/airflow/example_dags/example_kubernetes_executor.py
[2025-04-27T00:17:01.215+0000] {processor.py:914} INFO - Processing file /home/airflow/.local/lib/python3.10/site-packages/airflow/example_dags/example_kubernetes_executor.py for tasks to queue
[2025-04-27T00:17:01.218+0000] {logging_mixin.py:190} INFO - [2025-04-27T00:17:01.217+0000] {dagbag.py:588} INFO - Filling up the DagBag from /home/airflow/.local/lib/python3.10/site-packages/airflow/example_dags/example_kubernetes_executor.py
[2025-04-27T00:17:01.233+0000] {processor.py:925} INFO - DAG(s) 'example_kubernetes_executor' retrieved from /home/airflow/.local/lib/python3.10/site-packages/airflow/example_dags/example_kubernetes_executor.py
[2025-04-27T00:17:01.265+0000] {logging_mixin.py:190} INFO - [2025-04-27T00:17:01.264+0000] {dag.py:3239} INFO - Sync 1 DAGs
[2025-04-27T00:17:01.282+0000] {logging_mixin.py:190} INFO - [2025-04-27T00:17:01.282+0000] {dag.py:4180} INFO - Setting next_dagrun for example_kubernetes_executor to None, run_after=None
[2025-04-27T00:17:01.305+0000] {processor.py:208} INFO - Processing /home/airflow/.local/lib/python3.10/site-packages/airflow/example_dags/example_kubernetes_executor.py took 0.097 seconds
[2025-04-27T00:17:31.445+0000] {processor.py:186} INFO - Started process (PID=22537) to work on /home/airflow/.local/lib/python3.10/site-packages/airflow/example_dags/example_kubernetes_executor.py
[2025-04-27T00:17:31.447+0000] {processor.py:914} INFO - Processing file /home/airflow/.local/lib/python3.10/site-packages/airflow/example_dags/example_kubernetes_executor.py for tasks to queue
[2025-04-27T00:17:31.452+0000] {logging_mixin.py:190} INFO - [2025-04-27T00:17:31.451+0000] {dagbag.py:588} INFO - Filling up the DagBag from /home/airflow/.local/lib/python3.10/site-packages/airflow/example_dags/example_kubernetes_executor.py
[2025-04-27T00:17:31.469+0000] {processor.py:925} INFO - DAG(s) 'example_kubernetes_executor' retrieved from /home/airflow/.local/lib/python3.10/site-packages/airflow/example_dags/example_kubernetes_executor.py
[2025-04-27T00:17:31.495+0000] {logging_mixin.py:190} INFO - [2025-04-27T00:17:31.495+0000] {dag.py:3239} INFO - Sync 1 DAGs
[2025-04-27T00:17:31.511+0000] {logging_mixin.py:190} INFO - [2025-04-27T00:17:31.511+0000] {dag.py:4180} INFO - Setting next_dagrun for example_kubernetes_executor to None, run_after=None
[2025-04-27T00:17:31.531+0000] {processor.py:208} INFO - Processing /home/airflow/.local/lib/python3.10/site-packages/airflow/example_dags/example_kubernetes_executor.py took 0.094 seconds
[2025-04-27T00:18:02.184+0000] {processor.py:186} INFO - Started process (PID=22603) to work on /home/airflow/.local/lib/python3.10/site-packages/airflow/example_dags/example_kubernetes_executor.py
[2025-04-27T00:18:02.185+0000] {processor.py:914} INFO - Processing file /home/airflow/.local/lib/python3.10/site-packages/airflow/example_dags/example_kubernetes_executor.py for tasks to queue
[2025-04-27T00:18:02.187+0000] {logging_mixin.py:190} INFO - [2025-04-27T00:18:02.187+0000] {dagbag.py:588} INFO - Filling up the DagBag from /home/airflow/.local/lib/python3.10/site-packages/airflow/example_dags/example_kubernetes_executor.py
[2025-04-27T00:18:02.203+0000] {processor.py:925} INFO - DAG(s) 'example_kubernetes_executor' retrieved from /home/airflow/.local/lib/python3.10/site-packages/airflow/example_dags/example_kubernetes_executor.py
[2025-04-27T00:18:02.231+0000] {logging_mixin.py:190} INFO - [2025-04-27T00:18:02.230+0000] {dag.py:3239} INFO - Sync 1 DAGs
[2025-04-27T00:18:02.246+0000] {logging_mixin.py:190} INFO - [2025-04-27T00:18:02.246+0000] {dag.py:4180} INFO - Setting next_dagrun for example_kubernetes_executor to None, run_after=None
[2025-04-27T00:18:02.265+0000] {processor.py:208} INFO - Processing /home/airflow/.local/lib/python3.10/site-packages/airflow/example_dags/example_kubernetes_executor.py took 0.088 seconds
[2025-04-27T00:18:32.482+0000] {processor.py:186} INFO - Started process (PID=22669) to work on /home/airflow/.local/lib/python3.10/site-packages/airflow/example_dags/example_kubernetes_executor.py
[2025-04-27T00:18:32.483+0000] {processor.py:914} INFO - Processing file /home/airflow/.local/lib/python3.10/site-packages/airflow/example_dags/example_kubernetes_executor.py for tasks to queue
[2025-04-27T00:18:32.486+0000] {logging_mixin.py:190} INFO - [2025-04-27T00:18:32.485+0000] {dagbag.py:588} INFO - Filling up the DagBag from /home/airflow/.local/lib/python3.10/site-packages/airflow/example_dags/example_kubernetes_executor.py
[2025-04-27T00:18:32.502+0000] {processor.py:925} INFO - DAG(s) 'example_kubernetes_executor' retrieved from /home/airflow/.local/lib/python3.10/site-packages/airflow/example_dags/example_kubernetes_executor.py
[2025-04-27T00:18:32.530+0000] {logging_mixin.py:190} INFO - [2025-04-27T00:18:32.530+0000] {dag.py:3239} INFO - Sync 1 DAGs
[2025-04-27T00:18:32.546+0000] {logging_mixin.py:190} INFO - [2025-04-27T00:18:32.546+0000] {dag.py:4180} INFO - Setting next_dagrun for example_kubernetes_executor to None, run_after=None
[2025-04-27T00:18:32.567+0000] {processor.py:208} INFO - Processing /home/airflow/.local/lib/python3.10/site-packages/airflow/example_dags/example_kubernetes_executor.py took 0.092 seconds
[2025-04-27T00:19:03.209+0000] {processor.py:186} INFO - Started process (PID=22735) to work on /home/airflow/.local/lib/python3.10/site-packages/airflow/example_dags/example_kubernetes_executor.py
[2025-04-27T00:19:03.211+0000] {processor.py:914} INFO - Processing file /home/airflow/.local/lib/python3.10/site-packages/airflow/example_dags/example_kubernetes_executor.py for tasks to queue
[2025-04-27T00:19:03.214+0000] {logging_mixin.py:190} INFO - [2025-04-27T00:19:03.214+0000] {dagbag.py:588} INFO - Filling up the DagBag from /home/airflow/.local/lib/python3.10/site-packages/airflow/example_dags/example_kubernetes_executor.py
[2025-04-27T00:19:03.237+0000] {processor.py:925} INFO - DAG(s) 'example_kubernetes_executor' retrieved from /home/airflow/.local/lib/python3.10/site-packages/airflow/example_dags/example_kubernetes_executor.py
[2025-04-27T00:19:03.272+0000] {logging_mixin.py:190} INFO - [2025-04-27T00:19:03.272+0000] {dag.py:3239} INFO - Sync 1 DAGs
[2025-04-27T00:19:03.290+0000] {logging_mixin.py:190} INFO - [2025-04-27T00:19:03.290+0000] {dag.py:4180} INFO - Setting next_dagrun for example_kubernetes_executor to None, run_after=None
[2025-04-27T00:19:03.316+0000] {processor.py:208} INFO - Processing /home/airflow/.local/lib/python3.10/site-packages/airflow/example_dags/example_kubernetes_executor.py took 0.116 seconds
[2025-04-27T00:19:33.846+0000] {processor.py:186} INFO - Started process (PID=22800) to work on /home/airflow/.local/lib/python3.10/site-packages/airflow/example_dags/example_kubernetes_executor.py
[2025-04-27T00:19:33.848+0000] {processor.py:914} INFO - Processing file /home/airflow/.local/lib/python3.10/site-packages/airflow/example_dags/example_kubernetes_executor.py for tasks to queue
[2025-04-27T00:19:33.850+0000] {logging_mixin.py:190} INFO - [2025-04-27T00:19:33.849+0000] {dagbag.py:588} INFO - Filling up the DagBag from /home/airflow/.local/lib/python3.10/site-packages/airflow/example_dags/example_kubernetes_executor.py
[2025-04-27T00:19:33.864+0000] {processor.py:925} INFO - DAG(s) 'example_kubernetes_executor' retrieved from /home/airflow/.local/lib/python3.10/site-packages/airflow/example_dags/example_kubernetes_executor.py
[2025-04-27T00:19:33.887+0000] {logging_mixin.py:190} INFO - [2025-04-27T00:19:33.886+0000] {dag.py:3239} INFO - Sync 1 DAGs
[2025-04-27T00:19:33.900+0000] {logging_mixin.py:190} INFO - [2025-04-27T00:19:33.900+0000] {dag.py:4180} INFO - Setting next_dagrun for example_kubernetes_executor to None, run_after=None
[2025-04-27T00:19:33.915+0000] {processor.py:208} INFO - Processing /home/airflow/.local/lib/python3.10/site-packages/airflow/example_dags/example_kubernetes_executor.py took 0.075 seconds
[2025-04-27T00:20:05.746+0000] {processor.py:186} INFO - Started process (PID=22866) to work on /home/airflow/.local/lib/python3.10/site-packages/airflow/example_dags/example_kubernetes_executor.py
[2025-04-27T00:20:05.747+0000] {processor.py:914} INFO - Processing file /home/airflow/.local/lib/python3.10/site-packages/airflow/example_dags/example_kubernetes_executor.py for tasks to queue
[2025-04-27T00:20:05.749+0000] {logging_mixin.py:190} INFO - [2025-04-27T00:20:05.749+0000] {dagbag.py:588} INFO - Filling up the DagBag from /home/airflow/.local/lib/python3.10/site-packages/airflow/example_dags/example_kubernetes_executor.py
[2025-04-27T00:20:05.766+0000] {processor.py:925} INFO - DAG(s) 'example_kubernetes_executor' retrieved from /home/airflow/.local/lib/python3.10/site-packages/airflow/example_dags/example_kubernetes_executor.py
[2025-04-27T00:20:05.790+0000] {logging_mixin.py:190} INFO - [2025-04-27T00:20:05.789+0000] {dag.py:3239} INFO - Sync 1 DAGs
[2025-04-27T00:20:05.803+0000] {logging_mixin.py:190} INFO - [2025-04-27T00:20:05.802+0000] {dag.py:4180} INFO - Setting next_dagrun for example_kubernetes_executor to None, run_after=None
[2025-04-27T00:20:05.820+0000] {processor.py:208} INFO - Processing /home/airflow/.local/lib/python3.10/site-packages/airflow/example_dags/example_kubernetes_executor.py took 0.080 seconds
[2025-04-27T00:20:36.705+0000] {processor.py:186} INFO - Started process (PID=22932) to work on /home/airflow/.local/lib/python3.10/site-packages/airflow/example_dags/example_kubernetes_executor.py
[2025-04-27T00:20:36.706+0000] {processor.py:914} INFO - Processing file /home/airflow/.local/lib/python3.10/site-packages/airflow/example_dags/example_kubernetes_executor.py for tasks to queue
[2025-04-27T00:20:36.709+0000] {logging_mixin.py:190} INFO - [2025-04-27T00:20:36.709+0000] {dagbag.py:588} INFO - Filling up the DagBag from /home/airflow/.local/lib/python3.10/site-packages/airflow/example_dags/example_kubernetes_executor.py
[2025-04-27T00:20:36.725+0000] {processor.py:925} INFO - DAG(s) 'example_kubernetes_executor' retrieved from /home/airflow/.local/lib/python3.10/site-packages/airflow/example_dags/example_kubernetes_executor.py
[2025-04-27T00:20:36.754+0000] {logging_mixin.py:190} INFO - [2025-04-27T00:20:36.753+0000] {dag.py:3239} INFO - Sync 1 DAGs
[2025-04-27T00:20:36.772+0000] {logging_mixin.py:190} INFO - [2025-04-27T00:20:36.772+0000] {dag.py:4180} INFO - Setting next_dagrun for example_kubernetes_executor to None, run_after=None
[2025-04-27T00:20:36.800+0000] {processor.py:208} INFO - Processing /home/airflow/.local/lib/python3.10/site-packages/airflow/example_dags/example_kubernetes_executor.py took 0.101 seconds
[2025-04-27T00:21:07.637+0000] {processor.py:186} INFO - Started process (PID=22998) to work on /home/airflow/.local/lib/python3.10/site-packages/airflow/example_dags/example_kubernetes_executor.py
[2025-04-27T00:21:07.638+0000] {processor.py:914} INFO - Processing file /home/airflow/.local/lib/python3.10/site-packages/airflow/example_dags/example_kubernetes_executor.py for tasks to queue
[2025-04-27T00:21:07.642+0000] {logging_mixin.py:190} INFO - [2025-04-27T00:21:07.642+0000] {dagbag.py:588} INFO - Filling up the DagBag from /home/airflow/.local/lib/python3.10/site-packages/airflow/example_dags/example_kubernetes_executor.py
[2025-04-27T00:21:07.664+0000] {processor.py:925} INFO - DAG(s) 'example_kubernetes_executor' retrieved from /home/airflow/.local/lib/python3.10/site-packages/airflow/example_dags/example_kubernetes_executor.py
[2025-04-27T00:21:07.698+0000] {logging_mixin.py:190} INFO - [2025-04-27T00:21:07.698+0000] {dag.py:3239} INFO - Sync 1 DAGs
[2025-04-27T00:21:07.716+0000] {logging_mixin.py:190} INFO - [2025-04-27T00:21:07.716+0000] {dag.py:4180} INFO - Setting next_dagrun for example_kubernetes_executor to None, run_after=None
[2025-04-27T00:21:07.740+0000] {processor.py:208} INFO - Processing /home/airflow/.local/lib/python3.10/site-packages/airflow/example_dags/example_kubernetes_executor.py took 0.112 seconds
[2025-04-27T00:21:39.014+0000] {processor.py:186} INFO - Started process (PID=23065) to work on /home/airflow/.local/lib/python3.10/site-packages/airflow/example_dags/example_kubernetes_executor.py
[2025-04-27T00:21:39.017+0000] {processor.py:914} INFO - Processing file /home/airflow/.local/lib/python3.10/site-packages/airflow/example_dags/example_kubernetes_executor.py for tasks to queue
[2025-04-27T00:21:39.022+0000] {logging_mixin.py:190} INFO - [2025-04-27T00:21:39.021+0000] {dagbag.py:588} INFO - Filling up the DagBag from /home/airflow/.local/lib/python3.10/site-packages/airflow/example_dags/example_kubernetes_executor.py
[2025-04-27T00:21:39.042+0000] {processor.py:925} INFO - DAG(s) 'example_kubernetes_executor' retrieved from /home/airflow/.local/lib/python3.10/site-packages/airflow/example_dags/example_kubernetes_executor.py
[2025-04-27T00:21:39.079+0000] {logging_mixin.py:190} INFO - [2025-04-27T00:21:39.079+0000] {dag.py:3239} INFO - Sync 1 DAGs
[2025-04-27T00:21:39.103+0000] {logging_mixin.py:190} INFO - [2025-04-27T00:21:39.102+0000] {dag.py:4180} INFO - Setting next_dagrun for example_kubernetes_executor to None, run_after=None
[2025-04-27T00:21:39.140+0000] {processor.py:208} INFO - Processing /home/airflow/.local/lib/python3.10/site-packages/airflow/example_dags/example_kubernetes_executor.py took 0.137 seconds
[2025-04-27T00:22:09.585+0000] {processor.py:186} INFO - Started process (PID=23130) to work on /home/airflow/.local/lib/python3.10/site-packages/airflow/example_dags/example_kubernetes_executor.py
[2025-04-27T00:22:09.586+0000] {processor.py:914} INFO - Processing file /home/airflow/.local/lib/python3.10/site-packages/airflow/example_dags/example_kubernetes_executor.py for tasks to queue
[2025-04-27T00:22:09.589+0000] {logging_mixin.py:190} INFO - [2025-04-27T00:22:09.588+0000] {dagbag.py:588} INFO - Filling up the DagBag from /home/airflow/.local/lib/python3.10/site-packages/airflow/example_dags/example_kubernetes_executor.py
[2025-04-27T00:22:09.608+0000] {processor.py:925} INFO - DAG(s) 'example_kubernetes_executor' retrieved from /home/airflow/.local/lib/python3.10/site-packages/airflow/example_dags/example_kubernetes_executor.py
[2025-04-27T00:22:09.641+0000] {logging_mixin.py:190} INFO - [2025-04-27T00:22:09.640+0000] {dag.py:3239} INFO - Sync 1 DAGs
[2025-04-27T00:22:09.659+0000] {logging_mixin.py:190} INFO - [2025-04-27T00:22:09.659+0000] {dag.py:4180} INFO - Setting next_dagrun for example_kubernetes_executor to None, run_after=None
[2025-04-27T00:22:09.681+0000] {processor.py:208} INFO - Processing /home/airflow/.local/lib/python3.10/site-packages/airflow/example_dags/example_kubernetes_executor.py took 0.104 seconds
[2025-04-27T00:22:40.069+0000] {processor.py:186} INFO - Started process (PID=23195) to work on /home/airflow/.local/lib/python3.10/site-packages/airflow/example_dags/example_kubernetes_executor.py
[2025-04-27T00:22:40.070+0000] {processor.py:914} INFO - Processing file /home/airflow/.local/lib/python3.10/site-packages/airflow/example_dags/example_kubernetes_executor.py for tasks to queue
[2025-04-27T00:22:40.072+0000] {logging_mixin.py:190} INFO - [2025-04-27T00:22:40.072+0000] {dagbag.py:588} INFO - Filling up the DagBag from /home/airflow/.local/lib/python3.10/site-packages/airflow/example_dags/example_kubernetes_executor.py
[2025-04-27T00:22:40.087+0000] {processor.py:925} INFO - DAG(s) 'example_kubernetes_executor' retrieved from /home/airflow/.local/lib/python3.10/site-packages/airflow/example_dags/example_kubernetes_executor.py
[2025-04-27T00:22:40.115+0000] {logging_mixin.py:190} INFO - [2025-04-27T00:22:40.115+0000] {dag.py:3239} INFO - Sync 1 DAGs
[2025-04-27T00:22:40.132+0000] {logging_mixin.py:190} INFO - [2025-04-27T00:22:40.131+0000] {dag.py:4180} INFO - Setting next_dagrun for example_kubernetes_executor to None, run_after=None
[2025-04-27T00:22:40.155+0000] {processor.py:208} INFO - Processing /home/airflow/.local/lib/python3.10/site-packages/airflow/example_dags/example_kubernetes_executor.py took 0.092 seconds
[2025-04-27T00:23:11.870+0000] {processor.py:186} INFO - Started process (PID=23266) to work on /home/airflow/.local/lib/python3.10/site-packages/airflow/example_dags/example_kubernetes_executor.py
[2025-04-27T00:23:11.871+0000] {processor.py:914} INFO - Processing file /home/airflow/.local/lib/python3.10/site-packages/airflow/example_dags/example_kubernetes_executor.py for tasks to queue
[2025-04-27T00:23:11.873+0000] {logging_mixin.py:190} INFO - [2025-04-27T00:23:11.873+0000] {dagbag.py:588} INFO - Filling up the DagBag from /home/airflow/.local/lib/python3.10/site-packages/airflow/example_dags/example_kubernetes_executor.py
[2025-04-27T00:23:11.889+0000] {processor.py:925} INFO - DAG(s) 'example_kubernetes_executor' retrieved from /home/airflow/.local/lib/python3.10/site-packages/airflow/example_dags/example_kubernetes_executor.py
[2025-04-27T00:23:11.917+0000] {logging_mixin.py:190} INFO - [2025-04-27T00:23:11.916+0000] {dag.py:3239} INFO - Sync 1 DAGs
[2025-04-27T00:23:11.931+0000] {logging_mixin.py:190} INFO - [2025-04-27T00:23:11.931+0000] {dag.py:4180} INFO - Setting next_dagrun for example_kubernetes_executor to None, run_after=None
[2025-04-27T00:23:11.952+0000] {processor.py:208} INFO - Processing /home/airflow/.local/lib/python3.10/site-packages/airflow/example_dags/example_kubernetes_executor.py took 0.089 seconds
[2025-04-27T00:23:42.418+0000] {processor.py:186} INFO - Started process (PID=23332) to work on /home/airflow/.local/lib/python3.10/site-packages/airflow/example_dags/example_kubernetes_executor.py
[2025-04-27T00:23:42.419+0000] {processor.py:914} INFO - Processing file /home/airflow/.local/lib/python3.10/site-packages/airflow/example_dags/example_kubernetes_executor.py for tasks to queue
[2025-04-27T00:23:42.421+0000] {logging_mixin.py:190} INFO - [2025-04-27T00:23:42.421+0000] {dagbag.py:588} INFO - Filling up the DagBag from /home/airflow/.local/lib/python3.10/site-packages/airflow/example_dags/example_kubernetes_executor.py
[2025-04-27T00:23:42.435+0000] {processor.py:925} INFO - DAG(s) 'example_kubernetes_executor' retrieved from /home/airflow/.local/lib/python3.10/site-packages/airflow/example_dags/example_kubernetes_executor.py
[2025-04-27T00:23:42.457+0000] {logging_mixin.py:190} INFO - [2025-04-27T00:23:42.457+0000] {dag.py:3239} INFO - Sync 1 DAGs
[2025-04-27T00:23:42.471+0000] {logging_mixin.py:190} INFO - [2025-04-27T00:23:42.471+0000] {dag.py:4180} INFO - Setting next_dagrun for example_kubernetes_executor to None, run_after=None
[2025-04-27T00:23:42.488+0000] {processor.py:208} INFO - Processing /home/airflow/.local/lib/python3.10/site-packages/airflow/example_dags/example_kubernetes_executor.py took 0.075 seconds
[2025-04-27T00:24:13.504+0000] {processor.py:186} INFO - Started process (PID=23400) to work on /home/airflow/.local/lib/python3.10/site-packages/airflow/example_dags/example_kubernetes_executor.py
[2025-04-27T00:24:13.505+0000] {processor.py:914} INFO - Processing file /home/airflow/.local/lib/python3.10/site-packages/airflow/example_dags/example_kubernetes_executor.py for tasks to queue
[2025-04-27T00:24:13.508+0000] {logging_mixin.py:190} INFO - [2025-04-27T00:24:13.507+0000] {dagbag.py:588} INFO - Filling up the DagBag from /home/airflow/.local/lib/python3.10/site-packages/airflow/example_dags/example_kubernetes_executor.py
[2025-04-27T00:24:13.522+0000] {processor.py:925} INFO - DAG(s) 'example_kubernetes_executor' retrieved from /home/airflow/.local/lib/python3.10/site-packages/airflow/example_dags/example_kubernetes_executor.py
[2025-04-27T00:24:13.546+0000] {logging_mixin.py:190} INFO - [2025-04-27T00:24:13.546+0000] {dag.py:3239} INFO - Sync 1 DAGs
[2025-04-27T00:24:13.560+0000] {logging_mixin.py:190} INFO - [2025-04-27T00:24:13.559+0000] {dag.py:4180} INFO - Setting next_dagrun for example_kubernetes_executor to None, run_after=None
[2025-04-27T00:24:13.577+0000] {processor.py:208} INFO - Processing /home/airflow/.local/lib/python3.10/site-packages/airflow/example_dags/example_kubernetes_executor.py took 0.079 seconds
[2025-04-27T00:24:44.078+0000] {processor.py:186} INFO - Started process (PID=23467) to work on /home/airflow/.local/lib/python3.10/site-packages/airflow/example_dags/example_kubernetes_executor.py
[2025-04-27T00:24:44.080+0000] {processor.py:914} INFO - Processing file /home/airflow/.local/lib/python3.10/site-packages/airflow/example_dags/example_kubernetes_executor.py for tasks to queue
[2025-04-27T00:24:44.084+0000] {logging_mixin.py:190} INFO - [2025-04-27T00:24:44.083+0000] {dagbag.py:588} INFO - Filling up the DagBag from /home/airflow/.local/lib/python3.10/site-packages/airflow/example_dags/example_kubernetes_executor.py
[2025-04-27T00:24:44.105+0000] {processor.py:925} INFO - DAG(s) 'example_kubernetes_executor' retrieved from /home/airflow/.local/lib/python3.10/site-packages/airflow/example_dags/example_kubernetes_executor.py
[2025-04-27T00:24:44.150+0000] {logging_mixin.py:190} INFO - [2025-04-27T00:24:44.150+0000] {dag.py:3239} INFO - Sync 1 DAGs
[2025-04-27T00:24:44.174+0000] {logging_mixin.py:190} INFO - [2025-04-27T00:24:44.174+0000] {dag.py:4180} INFO - Setting next_dagrun for example_kubernetes_executor to None, run_after=None
[2025-04-27T00:24:44.210+0000] {processor.py:208} INFO - Processing /home/airflow/.local/lib/python3.10/site-packages/airflow/example_dags/example_kubernetes_executor.py took 0.140 seconds
[2025-04-27T00:25:14.295+0000] {processor.py:186} INFO - Started process (PID=23532) to work on /home/airflow/.local/lib/python3.10/site-packages/airflow/example_dags/example_kubernetes_executor.py
[2025-04-27T00:25:14.296+0000] {processor.py:914} INFO - Processing file /home/airflow/.local/lib/python3.10/site-packages/airflow/example_dags/example_kubernetes_executor.py for tasks to queue
[2025-04-27T00:25:14.298+0000] {logging_mixin.py:190} INFO - [2025-04-27T00:25:14.297+0000] {dagbag.py:588} INFO - Filling up the DagBag from /home/airflow/.local/lib/python3.10/site-packages/airflow/example_dags/example_kubernetes_executor.py
[2025-04-27T00:25:14.312+0000] {processor.py:925} INFO - DAG(s) 'example_kubernetes_executor' retrieved from /home/airflow/.local/lib/python3.10/site-packages/airflow/example_dags/example_kubernetes_executor.py
[2025-04-27T00:25:14.335+0000] {logging_mixin.py:190} INFO - [2025-04-27T00:25:14.335+0000] {dag.py:3239} INFO - Sync 1 DAGs
[2025-04-27T00:25:14.348+0000] {logging_mixin.py:190} INFO - [2025-04-27T00:25:14.347+0000] {dag.py:4180} INFO - Setting next_dagrun for example_kubernetes_executor to None, run_after=None
[2025-04-27T00:25:14.366+0000] {processor.py:208} INFO - Processing /home/airflow/.local/lib/python3.10/site-packages/airflow/example_dags/example_kubernetes_executor.py took 0.077 seconds
