[2025-04-27T00:00:14.628+0000] {processor.py:186} INFO - Started process (PID=20300) to work on /home/airflow/.local/lib/python3.10/site-packages/airflow/example_dags/example_external_task_marker_dag.py
[2025-04-27T00:00:14.629+0000] {processor.py:914} INFO - Processing file /home/airflow/.local/lib/python3.10/site-packages/airflow/example_dags/example_external_task_marker_dag.py for tasks to queue
[2025-04-27T00:00:14.633+0000] {logging_mixin.py:190} INFO - [2025-04-27T00:00:14.632+0000] {dagbag.py:588} INFO - Filling up the DagBag from /home/airflow/.local/lib/python3.10/site-packages/airflow/example_dags/example_external_task_marker_dag.py
[2025-04-27T00:00:14.646+0000] {processor.py:925} INFO - DAG(s) 'example_external_task_marker_parent', 'example_external_task_marker_child' retrieved from /home/airflow/.local/lib/python3.10/site-packages/airflow/example_dags/example_external_task_marker_dag.py
[2025-04-27T00:00:14.675+0000] {logging_mixin.py:190} INFO - [2025-04-27T00:00:14.674+0000] {dag.py:3239} INFO - Sync 2 DAGs
[2025-04-27T00:00:14.696+0000] {logging_mixin.py:190} INFO - [2025-04-27T00:00:14.696+0000] {dag.py:4180} INFO - Setting next_dagrun for example_external_task_marker_child to None, run_after=None
[2025-04-27T00:00:14.701+0000] {logging_mixin.py:190} INFO - [2025-04-27T00:00:14.700+0000] {dag.py:4180} INFO - Setting next_dagrun for example_external_task_marker_parent to None, run_after=None
[2025-04-27T00:00:14.719+0000] {processor.py:208} INFO - Processing /home/airflow/.local/lib/python3.10/site-packages/airflow/example_dags/example_external_task_marker_dag.py took 0.098 seconds
[2025-04-27T00:00:45.115+0000] {processor.py:186} INFO - Started process (PID=20366) to work on /home/airflow/.local/lib/python3.10/site-packages/airflow/example_dags/example_external_task_marker_dag.py
[2025-04-27T00:00:45.116+0000] {processor.py:914} INFO - Processing file /home/airflow/.local/lib/python3.10/site-packages/airflow/example_dags/example_external_task_marker_dag.py for tasks to queue
[2025-04-27T00:00:45.118+0000] {logging_mixin.py:190} INFO - [2025-04-27T00:00:45.118+0000] {dagbag.py:588} INFO - Filling up the DagBag from /home/airflow/.local/lib/python3.10/site-packages/airflow/example_dags/example_external_task_marker_dag.py
[2025-04-27T00:00:45.125+0000] {processor.py:925} INFO - DAG(s) 'example_external_task_marker_child', 'example_external_task_marker_parent' retrieved from /home/airflow/.local/lib/python3.10/site-packages/airflow/example_dags/example_external_task_marker_dag.py
[2025-04-27T00:00:45.150+0000] {logging_mixin.py:190} INFO - [2025-04-27T00:00:45.149+0000] {dag.py:3239} INFO - Sync 2 DAGs
[2025-04-27T00:00:45.166+0000] {logging_mixin.py:190} INFO - [2025-04-27T00:00:45.165+0000] {dag.py:4180} INFO - Setting next_dagrun for example_external_task_marker_child to None, run_after=None
[2025-04-27T00:00:45.170+0000] {logging_mixin.py:190} INFO - [2025-04-27T00:00:45.169+0000] {dag.py:4180} INFO - Setting next_dagrun for example_external_task_marker_parent to None, run_after=None
[2025-04-27T00:00:45.186+0000] {processor.py:208} INFO - Processing /home/airflow/.local/lib/python3.10/site-packages/airflow/example_dags/example_external_task_marker_dag.py took 0.078 seconds
[2025-04-27T00:01:15.654+0000] {processor.py:186} INFO - Started process (PID=20433) to work on /home/airflow/.local/lib/python3.10/site-packages/airflow/example_dags/example_external_task_marker_dag.py
[2025-04-27T00:01:15.655+0000] {processor.py:914} INFO - Processing file /home/airflow/.local/lib/python3.10/site-packages/airflow/example_dags/example_external_task_marker_dag.py for tasks to queue
[2025-04-27T00:01:15.658+0000] {logging_mixin.py:190} INFO - [2025-04-27T00:01:15.657+0000] {dagbag.py:588} INFO - Filling up the DagBag from /home/airflow/.local/lib/python3.10/site-packages/airflow/example_dags/example_external_task_marker_dag.py
[2025-04-27T00:01:15.665+0000] {processor.py:925} INFO - DAG(s) 'example_external_task_marker_child', 'example_external_task_marker_parent' retrieved from /home/airflow/.local/lib/python3.10/site-packages/airflow/example_dags/example_external_task_marker_dag.py
[2025-04-27T00:01:15.689+0000] {logging_mixin.py:190} INFO - [2025-04-27T00:01:15.689+0000] {dag.py:3239} INFO - Sync 2 DAGs
[2025-04-27T00:01:15.704+0000] {logging_mixin.py:190} INFO - [2025-04-27T00:01:15.704+0000] {dag.py:4180} INFO - Setting next_dagrun for example_external_task_marker_child to None, run_after=None
[2025-04-27T00:01:15.708+0000] {logging_mixin.py:190} INFO - [2025-04-27T00:01:15.708+0000] {dag.py:4180} INFO - Setting next_dagrun for example_external_task_marker_parent to None, run_after=None
[2025-04-27T00:01:15.724+0000] {processor.py:208} INFO - Processing /home/airflow/.local/lib/python3.10/site-packages/airflow/example_dags/example_external_task_marker_dag.py took 0.077 seconds
[2025-04-27T00:01:46.258+0000] {processor.py:186} INFO - Started process (PID=20498) to work on /home/airflow/.local/lib/python3.10/site-packages/airflow/example_dags/example_external_task_marker_dag.py
[2025-04-27T00:01:46.259+0000] {processor.py:914} INFO - Processing file /home/airflow/.local/lib/python3.10/site-packages/airflow/example_dags/example_external_task_marker_dag.py for tasks to queue
[2025-04-27T00:01:46.263+0000] {logging_mixin.py:190} INFO - [2025-04-27T00:01:46.262+0000] {dagbag.py:588} INFO - Filling up the DagBag from /home/airflow/.local/lib/python3.10/site-packages/airflow/example_dags/example_external_task_marker_dag.py
[2025-04-27T00:01:46.273+0000] {processor.py:925} INFO - DAG(s) 'example_external_task_marker_parent', 'example_external_task_marker_child' retrieved from /home/airflow/.local/lib/python3.10/site-packages/airflow/example_dags/example_external_task_marker_dag.py
[2025-04-27T00:01:46.308+0000] {logging_mixin.py:190} INFO - [2025-04-27T00:01:46.308+0000] {dag.py:3239} INFO - Sync 2 DAGs
[2025-04-27T00:01:46.333+0000] {logging_mixin.py:190} INFO - [2025-04-27T00:01:46.332+0000] {dag.py:4180} INFO - Setting next_dagrun for example_external_task_marker_child to None, run_after=None
[2025-04-27T00:01:46.339+0000] {logging_mixin.py:190} INFO - [2025-04-27T00:01:46.338+0000] {dag.py:4180} INFO - Setting next_dagrun for example_external_task_marker_parent to None, run_after=None
[2025-04-27T00:01:46.364+0000] {processor.py:208} INFO - Processing /home/airflow/.local/lib/python3.10/site-packages/airflow/example_dags/example_external_task_marker_dag.py took 0.115 seconds
[2025-04-27T00:02:16.468+0000] {processor.py:186} INFO - Started process (PID=20563) to work on /home/airflow/.local/lib/python3.10/site-packages/airflow/example_dags/example_external_task_marker_dag.py
[2025-04-27T00:02:16.469+0000] {processor.py:914} INFO - Processing file /home/airflow/.local/lib/python3.10/site-packages/airflow/example_dags/example_external_task_marker_dag.py for tasks to queue
[2025-04-27T00:02:16.472+0000] {logging_mixin.py:190} INFO - [2025-04-27T00:02:16.472+0000] {dagbag.py:588} INFO - Filling up the DagBag from /home/airflow/.local/lib/python3.10/site-packages/airflow/example_dags/example_external_task_marker_dag.py
[2025-04-27T00:02:16.479+0000] {processor.py:925} INFO - DAG(s) 'example_external_task_marker_parent', 'example_external_task_marker_child' retrieved from /home/airflow/.local/lib/python3.10/site-packages/airflow/example_dags/example_external_task_marker_dag.py
[2025-04-27T00:02:16.505+0000] {logging_mixin.py:190} INFO - [2025-04-27T00:02:16.504+0000] {dag.py:3239} INFO - Sync 2 DAGs
[2025-04-27T00:02:16.520+0000] {logging_mixin.py:190} INFO - [2025-04-27T00:02:16.520+0000] {dag.py:4180} INFO - Setting next_dagrun for example_external_task_marker_child to None, run_after=None
[2025-04-27T00:02:16.525+0000] {logging_mixin.py:190} INFO - [2025-04-27T00:02:16.524+0000] {dag.py:4180} INFO - Setting next_dagrun for example_external_task_marker_parent to None, run_after=None
[2025-04-27T00:02:16.542+0000] {processor.py:208} INFO - Processing /home/airflow/.local/lib/python3.10/site-packages/airflow/example_dags/example_external_task_marker_dag.py took 0.082 seconds
[2025-04-27T00:02:48.034+0000] {processor.py:186} INFO - Started process (PID=20637) to work on /home/airflow/.local/lib/python3.10/site-packages/airflow/example_dags/example_external_task_marker_dag.py
[2025-04-27T00:02:48.035+0000] {processor.py:914} INFO - Processing file /home/airflow/.local/lib/python3.10/site-packages/airflow/example_dags/example_external_task_marker_dag.py for tasks to queue
[2025-04-27T00:02:48.039+0000] {logging_mixin.py:190} INFO - [2025-04-27T00:02:48.039+0000] {dagbag.py:588} INFO - Filling up the DagBag from /home/airflow/.local/lib/python3.10/site-packages/airflow/example_dags/example_external_task_marker_dag.py
[2025-04-27T00:02:48.048+0000] {processor.py:925} INFO - DAG(s) 'example_external_task_marker_child', 'example_external_task_marker_parent' retrieved from /home/airflow/.local/lib/python3.10/site-packages/airflow/example_dags/example_external_task_marker_dag.py
[2025-04-27T00:02:48.079+0000] {logging_mixin.py:190} INFO - [2025-04-27T00:02:48.078+0000] {dag.py:3239} INFO - Sync 2 DAGs
[2025-04-27T00:02:48.096+0000] {logging_mixin.py:190} INFO - [2025-04-27T00:02:48.096+0000] {dag.py:4180} INFO - Setting next_dagrun for example_external_task_marker_child to None, run_after=None
[2025-04-27T00:02:48.101+0000] {logging_mixin.py:190} INFO - [2025-04-27T00:02:48.101+0000] {dag.py:4180} INFO - Setting next_dagrun for example_external_task_marker_parent to None, run_after=None
[2025-04-27T00:02:48.119+0000] {processor.py:208} INFO - Processing /home/airflow/.local/lib/python3.10/site-packages/airflow/example_dags/example_external_task_marker_dag.py took 0.091 seconds
[2025-04-27T00:03:18.908+0000] {processor.py:186} INFO - Started process (PID=20704) to work on /home/airflow/.local/lib/python3.10/site-packages/airflow/example_dags/example_external_task_marker_dag.py
[2025-04-27T00:03:18.909+0000] {processor.py:914} INFO - Processing file /home/airflow/.local/lib/python3.10/site-packages/airflow/example_dags/example_external_task_marker_dag.py for tasks to queue
[2025-04-27T00:03:18.913+0000] {logging_mixin.py:190} INFO - [2025-04-27T00:03:18.912+0000] {dagbag.py:588} INFO - Filling up the DagBag from /home/airflow/.local/lib/python3.10/site-packages/airflow/example_dags/example_external_task_marker_dag.py
[2025-04-27T00:03:18.921+0000] {processor.py:925} INFO - DAG(s) 'example_external_task_marker_child', 'example_external_task_marker_parent' retrieved from /home/airflow/.local/lib/python3.10/site-packages/airflow/example_dags/example_external_task_marker_dag.py
[2025-04-27T00:03:18.947+0000] {logging_mixin.py:190} INFO - [2025-04-27T00:03:18.947+0000] {dag.py:3239} INFO - Sync 2 DAGs
[2025-04-27T00:03:18.965+0000] {logging_mixin.py:190} INFO - [2025-04-27T00:03:18.965+0000] {dag.py:4180} INFO - Setting next_dagrun for example_external_task_marker_child to None, run_after=None
[2025-04-27T00:03:18.970+0000] {logging_mixin.py:190} INFO - [2025-04-27T00:03:18.970+0000] {dag.py:4180} INFO - Setting next_dagrun for example_external_task_marker_parent to None, run_after=None
[2025-04-27T00:03:18.992+0000] {processor.py:208} INFO - Processing /home/airflow/.local/lib/python3.10/site-packages/airflow/example_dags/example_external_task_marker_dag.py took 0.091 seconds
[2025-04-27T00:03:49.384+0000] {processor.py:186} INFO - Started process (PID=20770) to work on /home/airflow/.local/lib/python3.10/site-packages/airflow/example_dags/example_external_task_marker_dag.py
[2025-04-27T00:03:49.385+0000] {processor.py:914} INFO - Processing file /home/airflow/.local/lib/python3.10/site-packages/airflow/example_dags/example_external_task_marker_dag.py for tasks to queue
[2025-04-27T00:03:49.390+0000] {logging_mixin.py:190} INFO - [2025-04-27T00:03:49.389+0000] {dagbag.py:588} INFO - Filling up the DagBag from /home/airflow/.local/lib/python3.10/site-packages/airflow/example_dags/example_external_task_marker_dag.py
[2025-04-27T00:03:49.399+0000] {processor.py:925} INFO - DAG(s) 'example_external_task_marker_child', 'example_external_task_marker_parent' retrieved from /home/airflow/.local/lib/python3.10/site-packages/airflow/example_dags/example_external_task_marker_dag.py
[2025-04-27T00:03:49.429+0000] {logging_mixin.py:190} INFO - [2025-04-27T00:03:49.429+0000] {dag.py:3239} INFO - Sync 2 DAGs
[2025-04-27T00:03:49.450+0000] {logging_mixin.py:190} INFO - [2025-04-27T00:03:49.449+0000] {dag.py:4180} INFO - Setting next_dagrun for example_external_task_marker_child to None, run_after=None
[2025-04-27T00:03:49.456+0000] {logging_mixin.py:190} INFO - [2025-04-27T00:03:49.456+0000] {dag.py:4180} INFO - Setting next_dagrun for example_external_task_marker_parent to None, run_after=None
[2025-04-27T00:03:49.481+0000] {processor.py:208} INFO - Processing /home/airflow/.local/lib/python3.10/site-packages/airflow/example_dags/example_external_task_marker_dag.py took 0.106 seconds
[2025-04-27T00:04:20.256+0000] {processor.py:186} INFO - Started process (PID=20836) to work on /home/airflow/.local/lib/python3.10/site-packages/airflow/example_dags/example_external_task_marker_dag.py
[2025-04-27T00:04:20.257+0000] {processor.py:914} INFO - Processing file /home/airflow/.local/lib/python3.10/site-packages/airflow/example_dags/example_external_task_marker_dag.py for tasks to queue
[2025-04-27T00:04:20.260+0000] {logging_mixin.py:190} INFO - [2025-04-27T00:04:20.260+0000] {dagbag.py:588} INFO - Filling up the DagBag from /home/airflow/.local/lib/python3.10/site-packages/airflow/example_dags/example_external_task_marker_dag.py
[2025-04-27T00:04:20.267+0000] {processor.py:925} INFO - DAG(s) 'example_external_task_marker_child', 'example_external_task_marker_parent' retrieved from /home/airflow/.local/lib/python3.10/site-packages/airflow/example_dags/example_external_task_marker_dag.py
[2025-04-27T00:04:20.289+0000] {logging_mixin.py:190} INFO - [2025-04-27T00:04:20.289+0000] {dag.py:3239} INFO - Sync 2 DAGs
[2025-04-27T00:04:20.306+0000] {logging_mixin.py:190} INFO - [2025-04-27T00:04:20.305+0000] {dag.py:4180} INFO - Setting next_dagrun for example_external_task_marker_child to None, run_after=None
[2025-04-27T00:04:20.309+0000] {logging_mixin.py:190} INFO - [2025-04-27T00:04:20.309+0000] {dag.py:4180} INFO - Setting next_dagrun for example_external_task_marker_parent to None, run_after=None
[2025-04-27T00:04:20.324+0000] {processor.py:208} INFO - Processing /home/airflow/.local/lib/python3.10/site-packages/airflow/example_dags/example_external_task_marker_dag.py took 0.074 seconds
[2025-04-27T00:04:50.778+0000] {processor.py:186} INFO - Started process (PID=20902) to work on /home/airflow/.local/lib/python3.10/site-packages/airflow/example_dags/example_external_task_marker_dag.py
[2025-04-27T00:04:50.779+0000] {processor.py:914} INFO - Processing file /home/airflow/.local/lib/python3.10/site-packages/airflow/example_dags/example_external_task_marker_dag.py for tasks to queue
[2025-04-27T00:04:50.782+0000] {logging_mixin.py:190} INFO - [2025-04-27T00:04:50.782+0000] {dagbag.py:588} INFO - Filling up the DagBag from /home/airflow/.local/lib/python3.10/site-packages/airflow/example_dags/example_external_task_marker_dag.py
[2025-04-27T00:04:50.790+0000] {processor.py:925} INFO - DAG(s) 'example_external_task_marker_child', 'example_external_task_marker_parent' retrieved from /home/airflow/.local/lib/python3.10/site-packages/airflow/example_dags/example_external_task_marker_dag.py
[2025-04-27T00:04:50.815+0000] {logging_mixin.py:190} INFO - [2025-04-27T00:04:50.814+0000] {dag.py:3239} INFO - Sync 2 DAGs
[2025-04-27T00:04:50.830+0000] {logging_mixin.py:190} INFO - [2025-04-27T00:04:50.830+0000] {dag.py:4180} INFO - Setting next_dagrun for example_external_task_marker_child to None, run_after=None
[2025-04-27T00:04:50.835+0000] {logging_mixin.py:190} INFO - [2025-04-27T00:04:50.835+0000] {dag.py:4180} INFO - Setting next_dagrun for example_external_task_marker_parent to None, run_after=None
[2025-04-27T00:04:50.852+0000] {processor.py:208} INFO - Processing /home/airflow/.local/lib/python3.10/site-packages/airflow/example_dags/example_external_task_marker_dag.py took 0.080 seconds
[2025-04-27T00:05:21.810+0000] {processor.py:186} INFO - Started process (PID=20974) to work on /home/airflow/.local/lib/python3.10/site-packages/airflow/example_dags/example_external_task_marker_dag.py
[2025-04-27T00:05:21.811+0000] {processor.py:914} INFO - Processing file /home/airflow/.local/lib/python3.10/site-packages/airflow/example_dags/example_external_task_marker_dag.py for tasks to queue
[2025-04-27T00:05:21.814+0000] {logging_mixin.py:190} INFO - [2025-04-27T00:05:21.813+0000] {dagbag.py:588} INFO - Filling up the DagBag from /home/airflow/.local/lib/python3.10/site-packages/airflow/example_dags/example_external_task_marker_dag.py
[2025-04-27T00:05:21.821+0000] {processor.py:925} INFO - DAG(s) 'example_external_task_marker_child', 'example_external_task_marker_parent' retrieved from /home/airflow/.local/lib/python3.10/site-packages/airflow/example_dags/example_external_task_marker_dag.py
[2025-04-27T00:05:21.843+0000] {logging_mixin.py:190} INFO - [2025-04-27T00:05:21.843+0000] {dag.py:3239} INFO - Sync 2 DAGs
[2025-04-27T00:05:21.857+0000] {logging_mixin.py:190} INFO - [2025-04-27T00:05:21.857+0000] {dag.py:4180} INFO - Setting next_dagrun for example_external_task_marker_child to None, run_after=None
[2025-04-27T00:05:21.861+0000] {logging_mixin.py:190} INFO - [2025-04-27T00:05:21.861+0000] {dag.py:4180} INFO - Setting next_dagrun for example_external_task_marker_parent to None, run_after=None
[2025-04-27T00:05:21.877+0000] {processor.py:208} INFO - Processing /home/airflow/.local/lib/python3.10/site-packages/airflow/example_dags/example_external_task_marker_dag.py took 0.072 seconds
[2025-04-27T00:05:52.780+0000] {processor.py:186} INFO - Started process (PID=21040) to work on /home/airflow/.local/lib/python3.10/site-packages/airflow/example_dags/example_external_task_marker_dag.py
[2025-04-27T00:05:52.781+0000] {processor.py:914} INFO - Processing file /home/airflow/.local/lib/python3.10/site-packages/airflow/example_dags/example_external_task_marker_dag.py for tasks to queue
[2025-04-27T00:05:52.784+0000] {logging_mixin.py:190} INFO - [2025-04-27T00:05:52.784+0000] {dagbag.py:588} INFO - Filling up the DagBag from /home/airflow/.local/lib/python3.10/site-packages/airflow/example_dags/example_external_task_marker_dag.py
[2025-04-27T00:05:52.793+0000] {processor.py:925} INFO - DAG(s) 'example_external_task_marker_parent', 'example_external_task_marker_child' retrieved from /home/airflow/.local/lib/python3.10/site-packages/airflow/example_dags/example_external_task_marker_dag.py
[2025-04-27T00:05:52.819+0000] {logging_mixin.py:190} INFO - [2025-04-27T00:05:52.818+0000] {dag.py:3239} INFO - Sync 2 DAGs
[2025-04-27T00:05:52.834+0000] {logging_mixin.py:190} INFO - [2025-04-27T00:05:52.833+0000] {dag.py:4180} INFO - Setting next_dagrun for example_external_task_marker_child to None, run_after=None
[2025-04-27T00:05:52.838+0000] {logging_mixin.py:190} INFO - [2025-04-27T00:05:52.838+0000] {dag.py:4180} INFO - Setting next_dagrun for example_external_task_marker_parent to None, run_after=None
[2025-04-27T00:05:52.858+0000] {processor.py:208} INFO - Processing /home/airflow/.local/lib/python3.10/site-packages/airflow/example_dags/example_external_task_marker_dag.py took 0.085 seconds
[2025-04-27T00:06:24.103+0000] {processor.py:186} INFO - Started process (PID=21107) to work on /home/airflow/.local/lib/python3.10/site-packages/airflow/example_dags/example_external_task_marker_dag.py
[2025-04-27T00:06:24.104+0000] {processor.py:914} INFO - Processing file /home/airflow/.local/lib/python3.10/site-packages/airflow/example_dags/example_external_task_marker_dag.py for tasks to queue
[2025-04-27T00:06:24.107+0000] {logging_mixin.py:190} INFO - [2025-04-27T00:06:24.107+0000] {dagbag.py:588} INFO - Filling up the DagBag from /home/airflow/.local/lib/python3.10/site-packages/airflow/example_dags/example_external_task_marker_dag.py
[2025-04-27T00:06:24.116+0000] {processor.py:925} INFO - DAG(s) 'example_external_task_marker_child', 'example_external_task_marker_parent' retrieved from /home/airflow/.local/lib/python3.10/site-packages/airflow/example_dags/example_external_task_marker_dag.py
[2025-04-27T00:06:24.141+0000] {logging_mixin.py:190} INFO - [2025-04-27T00:06:24.141+0000] {dag.py:3239} INFO - Sync 2 DAGs
[2025-04-27T00:06:24.159+0000] {logging_mixin.py:190} INFO - [2025-04-27T00:06:24.158+0000] {dag.py:4180} INFO - Setting next_dagrun for example_external_task_marker_child to None, run_after=None
[2025-04-27T00:06:24.163+0000] {logging_mixin.py:190} INFO - [2025-04-27T00:06:24.163+0000] {dag.py:4180} INFO - Setting next_dagrun for example_external_task_marker_parent to None, run_after=None
[2025-04-27T00:06:24.180+0000] {processor.py:208} INFO - Processing /home/airflow/.local/lib/python3.10/site-packages/airflow/example_dags/example_external_task_marker_dag.py took 0.084 seconds
[2025-04-27T00:06:55.081+0000] {processor.py:186} INFO - Started process (PID=21173) to work on /home/airflow/.local/lib/python3.10/site-packages/airflow/example_dags/example_external_task_marker_dag.py
[2025-04-27T00:06:55.082+0000] {processor.py:914} INFO - Processing file /home/airflow/.local/lib/python3.10/site-packages/airflow/example_dags/example_external_task_marker_dag.py for tasks to queue
[2025-04-27T00:06:55.084+0000] {logging_mixin.py:190} INFO - [2025-04-27T00:06:55.084+0000] {dagbag.py:588} INFO - Filling up the DagBag from /home/airflow/.local/lib/python3.10/site-packages/airflow/example_dags/example_external_task_marker_dag.py
[2025-04-27T00:06:55.092+0000] {processor.py:925} INFO - DAG(s) 'example_external_task_marker_parent', 'example_external_task_marker_child' retrieved from /home/airflow/.local/lib/python3.10/site-packages/airflow/example_dags/example_external_task_marker_dag.py
[2025-04-27T00:06:55.114+0000] {logging_mixin.py:190} INFO - [2025-04-27T00:06:55.114+0000] {dag.py:3239} INFO - Sync 2 DAGs
[2025-04-27T00:06:55.130+0000] {logging_mixin.py:190} INFO - [2025-04-27T00:06:55.129+0000] {dag.py:4180} INFO - Setting next_dagrun for example_external_task_marker_child to None, run_after=None
[2025-04-27T00:06:55.133+0000] {logging_mixin.py:190} INFO - [2025-04-27T00:06:55.133+0000] {dag.py:4180} INFO - Setting next_dagrun for example_external_task_marker_parent to None, run_after=None
[2025-04-27T00:06:55.150+0000] {processor.py:208} INFO - Processing /home/airflow/.local/lib/python3.10/site-packages/airflow/example_dags/example_external_task_marker_dag.py took 0.075 seconds
[2025-04-27T00:07:25.397+0000] {processor.py:186} INFO - Started process (PID=21240) to work on /home/airflow/.local/lib/python3.10/site-packages/airflow/example_dags/example_external_task_marker_dag.py
[2025-04-27T00:07:25.398+0000] {processor.py:914} INFO - Processing file /home/airflow/.local/lib/python3.10/site-packages/airflow/example_dags/example_external_task_marker_dag.py for tasks to queue
[2025-04-27T00:07:25.401+0000] {logging_mixin.py:190} INFO - [2025-04-27T00:07:25.401+0000] {dagbag.py:588} INFO - Filling up the DagBag from /home/airflow/.local/lib/python3.10/site-packages/airflow/example_dags/example_external_task_marker_dag.py
[2025-04-27T00:07:25.411+0000] {processor.py:925} INFO - DAG(s) 'example_external_task_marker_parent', 'example_external_task_marker_child' retrieved from /home/airflow/.local/lib/python3.10/site-packages/airflow/example_dags/example_external_task_marker_dag.py
[2025-04-27T00:07:25.439+0000] {logging_mixin.py:190} INFO - [2025-04-27T00:07:25.439+0000] {dag.py:3239} INFO - Sync 2 DAGs
[2025-04-27T00:07:25.460+0000] {logging_mixin.py:190} INFO - [2025-04-27T00:07:25.460+0000] {dag.py:4180} INFO - Setting next_dagrun for example_external_task_marker_child to None, run_after=None
[2025-04-27T00:07:25.465+0000] {logging_mixin.py:190} INFO - [2025-04-27T00:07:25.465+0000] {dag.py:4180} INFO - Setting next_dagrun for example_external_task_marker_parent to None, run_after=None
[2025-04-27T00:07:25.486+0000] {processor.py:208} INFO - Processing /home/airflow/.local/lib/python3.10/site-packages/airflow/example_dags/example_external_task_marker_dag.py took 0.096 seconds
[2025-04-27T00:07:55.615+0000] {processor.py:186} INFO - Started process (PID=21305) to work on /home/airflow/.local/lib/python3.10/site-packages/airflow/example_dags/example_external_task_marker_dag.py
[2025-04-27T00:07:55.617+0000] {processor.py:914} INFO - Processing file /home/airflow/.local/lib/python3.10/site-packages/airflow/example_dags/example_external_task_marker_dag.py for tasks to queue
[2025-04-27T00:07:55.619+0000] {logging_mixin.py:190} INFO - [2025-04-27T00:07:55.619+0000] {dagbag.py:588} INFO - Filling up the DagBag from /home/airflow/.local/lib/python3.10/site-packages/airflow/example_dags/example_external_task_marker_dag.py
[2025-04-27T00:07:55.626+0000] {processor.py:925} INFO - DAG(s) 'example_external_task_marker_parent', 'example_external_task_marker_child' retrieved from /home/airflow/.local/lib/python3.10/site-packages/airflow/example_dags/example_external_task_marker_dag.py
[2025-04-27T00:07:55.651+0000] {logging_mixin.py:190} INFO - [2025-04-27T00:07:55.651+0000] {dag.py:3239} INFO - Sync 2 DAGs
[2025-04-27T00:07:55.666+0000] {logging_mixin.py:190} INFO - [2025-04-27T00:07:55.665+0000] {dag.py:4180} INFO - Setting next_dagrun for example_external_task_marker_child to None, run_after=None
[2025-04-27T00:07:55.670+0000] {logging_mixin.py:190} INFO - [2025-04-27T00:07:55.670+0000] {dag.py:4180} INFO - Setting next_dagrun for example_external_task_marker_parent to None, run_after=None
[2025-04-27T00:07:55.687+0000] {processor.py:208} INFO - Processing /home/airflow/.local/lib/python3.10/site-packages/airflow/example_dags/example_external_task_marker_dag.py took 0.079 seconds
[2025-04-27T00:08:26.074+0000] {processor.py:186} INFO - Started process (PID=21370) to work on /home/airflow/.local/lib/python3.10/site-packages/airflow/example_dags/example_external_task_marker_dag.py
[2025-04-27T00:08:26.075+0000] {processor.py:914} INFO - Processing file /home/airflow/.local/lib/python3.10/site-packages/airflow/example_dags/example_external_task_marker_dag.py for tasks to queue
[2025-04-27T00:08:26.078+0000] {logging_mixin.py:190} INFO - [2025-04-27T00:08:26.078+0000] {dagbag.py:588} INFO - Filling up the DagBag from /home/airflow/.local/lib/python3.10/site-packages/airflow/example_dags/example_external_task_marker_dag.py
[2025-04-27T00:08:26.085+0000] {processor.py:925} INFO - DAG(s) 'example_external_task_marker_parent', 'example_external_task_marker_child' retrieved from /home/airflow/.local/lib/python3.10/site-packages/airflow/example_dags/example_external_task_marker_dag.py
[2025-04-27T00:08:26.108+0000] {logging_mixin.py:190} INFO - [2025-04-27T00:08:26.108+0000] {dag.py:3239} INFO - Sync 2 DAGs
[2025-04-27T00:08:26.122+0000] {logging_mixin.py:190} INFO - [2025-04-27T00:08:26.122+0000] {dag.py:4180} INFO - Setting next_dagrun for example_external_task_marker_child to None, run_after=None
[2025-04-27T00:08:26.126+0000] {logging_mixin.py:190} INFO - [2025-04-27T00:08:26.126+0000] {dag.py:4180} INFO - Setting next_dagrun for example_external_task_marker_parent to None, run_after=None
[2025-04-27T00:08:26.141+0000] {processor.py:208} INFO - Processing /home/airflow/.local/lib/python3.10/site-packages/airflow/example_dags/example_external_task_marker_dag.py took 0.073 seconds
[2025-04-27T00:08:56.821+0000] {processor.py:186} INFO - Started process (PID=21436) to work on /home/airflow/.local/lib/python3.10/site-packages/airflow/example_dags/example_external_task_marker_dag.py
[2025-04-27T00:08:56.822+0000] {processor.py:914} INFO - Processing file /home/airflow/.local/lib/python3.10/site-packages/airflow/example_dags/example_external_task_marker_dag.py for tasks to queue
[2025-04-27T00:08:56.825+0000] {logging_mixin.py:190} INFO - [2025-04-27T00:08:56.825+0000] {dagbag.py:588} INFO - Filling up the DagBag from /home/airflow/.local/lib/python3.10/site-packages/airflow/example_dags/example_external_task_marker_dag.py
[2025-04-27T00:08:56.833+0000] {processor.py:925} INFO - DAG(s) 'example_external_task_marker_parent', 'example_external_task_marker_child' retrieved from /home/airflow/.local/lib/python3.10/site-packages/airflow/example_dags/example_external_task_marker_dag.py
[2025-04-27T00:08:56.858+0000] {logging_mixin.py:190} INFO - [2025-04-27T00:08:56.857+0000] {dag.py:3239} INFO - Sync 2 DAGs
[2025-04-27T00:08:56.872+0000] {logging_mixin.py:190} INFO - [2025-04-27T00:08:56.872+0000] {dag.py:4180} INFO - Setting next_dagrun for example_external_task_marker_child to None, run_after=None
[2025-04-27T00:08:56.877+0000] {logging_mixin.py:190} INFO - [2025-04-27T00:08:56.876+0000] {dag.py:4180} INFO - Setting next_dagrun for example_external_task_marker_parent to None, run_after=None
[2025-04-27T00:08:56.895+0000] {processor.py:208} INFO - Processing /home/airflow/.local/lib/python3.10/site-packages/airflow/example_dags/example_external_task_marker_dag.py took 0.081 seconds
[2025-04-27T00:09:27.250+0000] {processor.py:186} INFO - Started process (PID=21502) to work on /home/airflow/.local/lib/python3.10/site-packages/airflow/example_dags/example_external_task_marker_dag.py
[2025-04-27T00:09:27.251+0000] {processor.py:914} INFO - Processing file /home/airflow/.local/lib/python3.10/site-packages/airflow/example_dags/example_external_task_marker_dag.py for tasks to queue
[2025-04-27T00:09:27.254+0000] {logging_mixin.py:190} INFO - [2025-04-27T00:09:27.254+0000] {dagbag.py:588} INFO - Filling up the DagBag from /home/airflow/.local/lib/python3.10/site-packages/airflow/example_dags/example_external_task_marker_dag.py
[2025-04-27T00:09:27.263+0000] {processor.py:925} INFO - DAG(s) 'example_external_task_marker_parent', 'example_external_task_marker_child' retrieved from /home/airflow/.local/lib/python3.10/site-packages/airflow/example_dags/example_external_task_marker_dag.py
[2025-04-27T00:09:27.288+0000] {logging_mixin.py:190} INFO - [2025-04-27T00:09:27.287+0000] {dag.py:3239} INFO - Sync 2 DAGs
[2025-04-27T00:09:27.304+0000] {logging_mixin.py:190} INFO - [2025-04-27T00:09:27.303+0000] {dag.py:4180} INFO - Setting next_dagrun for example_external_task_marker_child to None, run_after=None
[2025-04-27T00:09:27.308+0000] {logging_mixin.py:190} INFO - [2025-04-27T00:09:27.308+0000] {dag.py:4180} INFO - Setting next_dagrun for example_external_task_marker_parent to None, run_after=None
[2025-04-27T00:09:27.329+0000] {processor.py:208} INFO - Processing /home/airflow/.local/lib/python3.10/site-packages/airflow/example_dags/example_external_task_marker_dag.py took 0.087 seconds
[2025-04-27T00:09:57.817+0000] {processor.py:186} INFO - Started process (PID=21568) to work on /home/airflow/.local/lib/python3.10/site-packages/airflow/example_dags/example_external_task_marker_dag.py
[2025-04-27T00:09:57.819+0000] {processor.py:914} INFO - Processing file /home/airflow/.local/lib/python3.10/site-packages/airflow/example_dags/example_external_task_marker_dag.py for tasks to queue
[2025-04-27T00:09:57.822+0000] {logging_mixin.py:190} INFO - [2025-04-27T00:09:57.822+0000] {dagbag.py:588} INFO - Filling up the DagBag from /home/airflow/.local/lib/python3.10/site-packages/airflow/example_dags/example_external_task_marker_dag.py
[2025-04-27T00:09:57.833+0000] {processor.py:925} INFO - DAG(s) 'example_external_task_marker_child', 'example_external_task_marker_parent' retrieved from /home/airflow/.local/lib/python3.10/site-packages/airflow/example_dags/example_external_task_marker_dag.py
[2025-04-27T00:09:57.864+0000] {logging_mixin.py:190} INFO - [2025-04-27T00:09:57.863+0000] {dag.py:3239} INFO - Sync 2 DAGs
[2025-04-27T00:09:57.883+0000] {logging_mixin.py:190} INFO - [2025-04-27T00:09:57.882+0000] {dag.py:4180} INFO - Setting next_dagrun for example_external_task_marker_child to None, run_after=None
[2025-04-27T00:09:57.888+0000] {logging_mixin.py:190} INFO - [2025-04-27T00:09:57.887+0000] {dag.py:4180} INFO - Setting next_dagrun for example_external_task_marker_parent to None, run_after=None
[2025-04-27T00:09:57.907+0000] {processor.py:208} INFO - Processing /home/airflow/.local/lib/python3.10/site-packages/airflow/example_dags/example_external_task_marker_dag.py took 0.098 seconds
[2025-04-27T00:10:28.514+0000] {processor.py:186} INFO - Started process (PID=21634) to work on /home/airflow/.local/lib/python3.10/site-packages/airflow/example_dags/example_external_task_marker_dag.py
[2025-04-27T00:10:28.516+0000] {processor.py:914} INFO - Processing file /home/airflow/.local/lib/python3.10/site-packages/airflow/example_dags/example_external_task_marker_dag.py for tasks to queue
[2025-04-27T00:10:28.520+0000] {logging_mixin.py:190} INFO - [2025-04-27T00:10:28.520+0000] {dagbag.py:588} INFO - Filling up the DagBag from /home/airflow/.local/lib/python3.10/site-packages/airflow/example_dags/example_external_task_marker_dag.py
[2025-04-27T00:10:28.534+0000] {processor.py:925} INFO - DAG(s) 'example_external_task_marker_parent', 'example_external_task_marker_child' retrieved from /home/airflow/.local/lib/python3.10/site-packages/airflow/example_dags/example_external_task_marker_dag.py
[2025-04-27T00:10:28.563+0000] {logging_mixin.py:190} INFO - [2025-04-27T00:10:28.562+0000] {dag.py:3239} INFO - Sync 2 DAGs
[2025-04-27T00:10:28.582+0000] {logging_mixin.py:190} INFO - [2025-04-27T00:10:28.581+0000] {dag.py:4180} INFO - Setting next_dagrun for example_external_task_marker_child to None, run_after=None
[2025-04-27T00:10:28.587+0000] {logging_mixin.py:190} INFO - [2025-04-27T00:10:28.587+0000] {dag.py:4180} INFO - Setting next_dagrun for example_external_task_marker_parent to None, run_after=None
[2025-04-27T00:10:28.607+0000] {processor.py:208} INFO - Processing /home/airflow/.local/lib/python3.10/site-packages/airflow/example_dags/example_external_task_marker_dag.py took 0.103 seconds
[2025-04-27T00:10:59.425+0000] {processor.py:186} INFO - Started process (PID=21700) to work on /home/airflow/.local/lib/python3.10/site-packages/airflow/example_dags/example_external_task_marker_dag.py
[2025-04-27T00:10:59.426+0000] {processor.py:914} INFO - Processing file /home/airflow/.local/lib/python3.10/site-packages/airflow/example_dags/example_external_task_marker_dag.py for tasks to queue
[2025-04-27T00:10:59.430+0000] {logging_mixin.py:190} INFO - [2025-04-27T00:10:59.430+0000] {dagbag.py:588} INFO - Filling up the DagBag from /home/airflow/.local/lib/python3.10/site-packages/airflow/example_dags/example_external_task_marker_dag.py
[2025-04-27T00:10:59.441+0000] {processor.py:925} INFO - DAG(s) 'example_external_task_marker_parent', 'example_external_task_marker_child' retrieved from /home/airflow/.local/lib/python3.10/site-packages/airflow/example_dags/example_external_task_marker_dag.py
[2025-04-27T00:10:59.471+0000] {logging_mixin.py:190} INFO - [2025-04-27T00:10:59.470+0000] {dag.py:3239} INFO - Sync 2 DAGs
[2025-04-27T00:10:59.487+0000] {logging_mixin.py:190} INFO - [2025-04-27T00:10:59.487+0000] {dag.py:4180} INFO - Setting next_dagrun for example_external_task_marker_child to None, run_after=None
[2025-04-27T00:10:59.492+0000] {logging_mixin.py:190} INFO - [2025-04-27T00:10:59.492+0000] {dag.py:4180} INFO - Setting next_dagrun for example_external_task_marker_parent to None, run_after=None
[2025-04-27T00:10:59.513+0000] {processor.py:208} INFO - Processing /home/airflow/.local/lib/python3.10/site-packages/airflow/example_dags/example_external_task_marker_dag.py took 0.096 seconds
[2025-04-27T00:11:29.579+0000] {processor.py:186} INFO - Started process (PID=21766) to work on /home/airflow/.local/lib/python3.10/site-packages/airflow/example_dags/example_external_task_marker_dag.py
[2025-04-27T00:11:29.579+0000] {processor.py:914} INFO - Processing file /home/airflow/.local/lib/python3.10/site-packages/airflow/example_dags/example_external_task_marker_dag.py for tasks to queue
[2025-04-27T00:11:29.582+0000] {logging_mixin.py:190} INFO - [2025-04-27T00:11:29.582+0000] {dagbag.py:588} INFO - Filling up the DagBag from /home/airflow/.local/lib/python3.10/site-packages/airflow/example_dags/example_external_task_marker_dag.py
[2025-04-27T00:11:29.589+0000] {processor.py:925} INFO - DAG(s) 'example_external_task_marker_child', 'example_external_task_marker_parent' retrieved from /home/airflow/.local/lib/python3.10/site-packages/airflow/example_dags/example_external_task_marker_dag.py
[2025-04-27T00:11:29.611+0000] {logging_mixin.py:190} INFO - [2025-04-27T00:11:29.611+0000] {dag.py:3239} INFO - Sync 2 DAGs
[2025-04-27T00:11:29.627+0000] {logging_mixin.py:190} INFO - [2025-04-27T00:11:29.626+0000] {dag.py:4180} INFO - Setting next_dagrun for example_external_task_marker_child to None, run_after=None
[2025-04-27T00:11:29.631+0000] {logging_mixin.py:190} INFO - [2025-04-27T00:11:29.630+0000] {dag.py:4180} INFO - Setting next_dagrun for example_external_task_marker_parent to None, run_after=None
[2025-04-27T00:11:29.649+0000] {processor.py:208} INFO - Processing /home/airflow/.local/lib/python3.10/site-packages/airflow/example_dags/example_external_task_marker_dag.py took 0.077 seconds
[2025-04-27T00:11:59.792+0000] {processor.py:186} INFO - Started process (PID=21831) to work on /home/airflow/.local/lib/python3.10/site-packages/airflow/example_dags/example_external_task_marker_dag.py
[2025-04-27T00:11:59.794+0000] {processor.py:914} INFO - Processing file /home/airflow/.local/lib/python3.10/site-packages/airflow/example_dags/example_external_task_marker_dag.py for tasks to queue
[2025-04-27T00:11:59.797+0000] {logging_mixin.py:190} INFO - [2025-04-27T00:11:59.796+0000] {dagbag.py:588} INFO - Filling up the DagBag from /home/airflow/.local/lib/python3.10/site-packages/airflow/example_dags/example_external_task_marker_dag.py
[2025-04-27T00:11:59.805+0000] {processor.py:925} INFO - DAG(s) 'example_external_task_marker_child', 'example_external_task_marker_parent' retrieved from /home/airflow/.local/lib/python3.10/site-packages/airflow/example_dags/example_external_task_marker_dag.py
[2025-04-27T00:11:59.830+0000] {logging_mixin.py:190} INFO - [2025-04-27T00:11:59.830+0000] {dag.py:3239} INFO - Sync 2 DAGs
[2025-04-27T00:11:59.846+0000] {logging_mixin.py:190} INFO - [2025-04-27T00:11:59.845+0000] {dag.py:4180} INFO - Setting next_dagrun for example_external_task_marker_child to None, run_after=None
[2025-04-27T00:11:59.850+0000] {logging_mixin.py:190} INFO - [2025-04-27T00:11:59.850+0000] {dag.py:4180} INFO - Setting next_dagrun for example_external_task_marker_parent to None, run_after=None
[2025-04-27T00:11:59.867+0000] {processor.py:208} INFO - Processing /home/airflow/.local/lib/python3.10/site-packages/airflow/example_dags/example_external_task_marker_dag.py took 0.082 seconds
[2025-04-27T00:12:30.739+0000] {processor.py:186} INFO - Started process (PID=21898) to work on /home/airflow/.local/lib/python3.10/site-packages/airflow/example_dags/example_external_task_marker_dag.py
[2025-04-27T00:12:30.740+0000] {processor.py:914} INFO - Processing file /home/airflow/.local/lib/python3.10/site-packages/airflow/example_dags/example_external_task_marker_dag.py for tasks to queue
[2025-04-27T00:12:30.743+0000] {logging_mixin.py:190} INFO - [2025-04-27T00:12:30.742+0000] {dagbag.py:588} INFO - Filling up the DagBag from /home/airflow/.local/lib/python3.10/site-packages/airflow/example_dags/example_external_task_marker_dag.py
[2025-04-27T00:12:30.750+0000] {processor.py:925} INFO - DAG(s) 'example_external_task_marker_parent', 'example_external_task_marker_child' retrieved from /home/airflow/.local/lib/python3.10/site-packages/airflow/example_dags/example_external_task_marker_dag.py
[2025-04-27T00:12:30.773+0000] {logging_mixin.py:190} INFO - [2025-04-27T00:12:30.773+0000] {dag.py:3239} INFO - Sync 2 DAGs
[2025-04-27T00:12:30.788+0000] {logging_mixin.py:190} INFO - [2025-04-27T00:12:30.788+0000] {dag.py:4180} INFO - Setting next_dagrun for example_external_task_marker_child to None, run_after=None
[2025-04-27T00:12:30.792+0000] {logging_mixin.py:190} INFO - [2025-04-27T00:12:30.792+0000] {dag.py:4180} INFO - Setting next_dagrun for example_external_task_marker_parent to None, run_after=None
[2025-04-27T00:12:30.808+0000] {processor.py:208} INFO - Processing /home/airflow/.local/lib/python3.10/site-packages/airflow/example_dags/example_external_task_marker_dag.py took 0.075 seconds
[2025-04-27T00:13:01.538+0000] {processor.py:186} INFO - Started process (PID=21964) to work on /home/airflow/.local/lib/python3.10/site-packages/airflow/example_dags/example_external_task_marker_dag.py
[2025-04-27T00:13:01.539+0000] {processor.py:914} INFO - Processing file /home/airflow/.local/lib/python3.10/site-packages/airflow/example_dags/example_external_task_marker_dag.py for tasks to queue
[2025-04-27T00:13:01.542+0000] {logging_mixin.py:190} INFO - [2025-04-27T00:13:01.541+0000] {dagbag.py:588} INFO - Filling up the DagBag from /home/airflow/.local/lib/python3.10/site-packages/airflow/example_dags/example_external_task_marker_dag.py
[2025-04-27T00:13:01.549+0000] {processor.py:925} INFO - DAG(s) 'example_external_task_marker_parent', 'example_external_task_marker_child' retrieved from /home/airflow/.local/lib/python3.10/site-packages/airflow/example_dags/example_external_task_marker_dag.py
[2025-04-27T00:13:01.574+0000] {logging_mixin.py:190} INFO - [2025-04-27T00:13:01.574+0000] {dag.py:3239} INFO - Sync 2 DAGs
[2025-04-27T00:13:01.591+0000] {logging_mixin.py:190} INFO - [2025-04-27T00:13:01.591+0000] {dag.py:4180} INFO - Setting next_dagrun for example_external_task_marker_child to None, run_after=None
[2025-04-27T00:13:01.595+0000] {logging_mixin.py:190} INFO - [2025-04-27T00:13:01.595+0000] {dag.py:4180} INFO - Setting next_dagrun for example_external_task_marker_parent to None, run_after=None
[2025-04-27T00:13:01.614+0000] {processor.py:208} INFO - Processing /home/airflow/.local/lib/python3.10/site-packages/airflow/example_dags/example_external_task_marker_dag.py took 0.083 seconds
[2025-04-27T00:13:31.793+0000] {processor.py:186} INFO - Started process (PID=22029) to work on /home/airflow/.local/lib/python3.10/site-packages/airflow/example_dags/example_external_task_marker_dag.py
[2025-04-27T00:13:31.794+0000] {processor.py:914} INFO - Processing file /home/airflow/.local/lib/python3.10/site-packages/airflow/example_dags/example_external_task_marker_dag.py for tasks to queue
[2025-04-27T00:13:31.796+0000] {logging_mixin.py:190} INFO - [2025-04-27T00:13:31.796+0000] {dagbag.py:588} INFO - Filling up the DagBag from /home/airflow/.local/lib/python3.10/site-packages/airflow/example_dags/example_external_task_marker_dag.py
[2025-04-27T00:13:31.803+0000] {processor.py:925} INFO - DAG(s) 'example_external_task_marker_child', 'example_external_task_marker_parent' retrieved from /home/airflow/.local/lib/python3.10/site-packages/airflow/example_dags/example_external_task_marker_dag.py
[2025-04-27T00:13:31.824+0000] {logging_mixin.py:190} INFO - [2025-04-27T00:13:31.824+0000] {dag.py:3239} INFO - Sync 2 DAGs
[2025-04-27T00:13:31.839+0000] {logging_mixin.py:190} INFO - [2025-04-27T00:13:31.839+0000] {dag.py:4180} INFO - Setting next_dagrun for example_external_task_marker_child to None, run_after=None
[2025-04-27T00:13:31.843+0000] {logging_mixin.py:190} INFO - [2025-04-27T00:13:31.842+0000] {dag.py:4180} INFO - Setting next_dagrun for example_external_task_marker_parent to None, run_after=None
[2025-04-27T00:13:31.857+0000] {processor.py:208} INFO - Processing /home/airflow/.local/lib/python3.10/site-packages/airflow/example_dags/example_external_task_marker_dag.py took 0.070 seconds
[2025-04-27T00:14:02.216+0000] {processor.py:186} INFO - Started process (PID=22096) to work on /home/airflow/.local/lib/python3.10/site-packages/airflow/example_dags/example_external_task_marker_dag.py
[2025-04-27T00:14:02.218+0000] {processor.py:914} INFO - Processing file /home/airflow/.local/lib/python3.10/site-packages/airflow/example_dags/example_external_task_marker_dag.py for tasks to queue
[2025-04-27T00:14:02.221+0000] {logging_mixin.py:190} INFO - [2025-04-27T00:14:02.220+0000] {dagbag.py:588} INFO - Filling up the DagBag from /home/airflow/.local/lib/python3.10/site-packages/airflow/example_dags/example_external_task_marker_dag.py
[2025-04-27T00:14:02.229+0000] {processor.py:925} INFO - DAG(s) 'example_external_task_marker_child', 'example_external_task_marker_parent' retrieved from /home/airflow/.local/lib/python3.10/site-packages/airflow/example_dags/example_external_task_marker_dag.py
[2025-04-27T00:14:02.257+0000] {logging_mixin.py:190} INFO - [2025-04-27T00:14:02.257+0000] {dag.py:3239} INFO - Sync 2 DAGs
[2025-04-27T00:14:02.280+0000] {logging_mixin.py:190} INFO - [2025-04-27T00:14:02.279+0000] {dag.py:4180} INFO - Setting next_dagrun for example_external_task_marker_child to None, run_after=None
[2025-04-27T00:14:02.287+0000] {logging_mixin.py:190} INFO - [2025-04-27T00:14:02.286+0000] {dag.py:4180} INFO - Setting next_dagrun for example_external_task_marker_parent to None, run_after=None
[2025-04-27T00:14:02.313+0000] {processor.py:208} INFO - Processing /home/airflow/.local/lib/python3.10/site-packages/airflow/example_dags/example_external_task_marker_dag.py took 0.104 seconds
[2025-04-27T00:14:33.073+0000] {processor.py:186} INFO - Started process (PID=22163) to work on /home/airflow/.local/lib/python3.10/site-packages/airflow/example_dags/example_external_task_marker_dag.py
[2025-04-27T00:14:33.074+0000] {processor.py:914} INFO - Processing file /home/airflow/.local/lib/python3.10/site-packages/airflow/example_dags/example_external_task_marker_dag.py for tasks to queue
[2025-04-27T00:14:33.076+0000] {logging_mixin.py:190} INFO - [2025-04-27T00:14:33.076+0000] {dagbag.py:588} INFO - Filling up the DagBag from /home/airflow/.local/lib/python3.10/site-packages/airflow/example_dags/example_external_task_marker_dag.py
[2025-04-27T00:14:33.084+0000] {processor.py:925} INFO - DAG(s) 'example_external_task_marker_parent', 'example_external_task_marker_child' retrieved from /home/airflow/.local/lib/python3.10/site-packages/airflow/example_dags/example_external_task_marker_dag.py
[2025-04-27T00:14:33.106+0000] {logging_mixin.py:190} INFO - [2025-04-27T00:14:33.106+0000] {dag.py:3239} INFO - Sync 2 DAGs
[2025-04-27T00:14:33.123+0000] {logging_mixin.py:190} INFO - [2025-04-27T00:14:33.122+0000] {dag.py:4180} INFO - Setting next_dagrun for example_external_task_marker_child to None, run_after=None
[2025-04-27T00:14:33.127+0000] {logging_mixin.py:190} INFO - [2025-04-27T00:14:33.127+0000] {dag.py:4180} INFO - Setting next_dagrun for example_external_task_marker_parent to None, run_after=None
[2025-04-27T00:14:33.143+0000] {processor.py:208} INFO - Processing /home/airflow/.local/lib/python3.10/site-packages/airflow/example_dags/example_external_task_marker_dag.py took 0.077 seconds
[2025-04-27T00:15:03.650+0000] {processor.py:186} INFO - Started process (PID=22229) to work on /home/airflow/.local/lib/python3.10/site-packages/airflow/example_dags/example_external_task_marker_dag.py
[2025-04-27T00:15:03.651+0000] {processor.py:914} INFO - Processing file /home/airflow/.local/lib/python3.10/site-packages/airflow/example_dags/example_external_task_marker_dag.py for tasks to queue
[2025-04-27T00:15:03.653+0000] {logging_mixin.py:190} INFO - [2025-04-27T00:15:03.653+0000] {dagbag.py:588} INFO - Filling up the DagBag from /home/airflow/.local/lib/python3.10/site-packages/airflow/example_dags/example_external_task_marker_dag.py
[2025-04-27T00:15:03.660+0000] {processor.py:925} INFO - DAG(s) 'example_external_task_marker_child', 'example_external_task_marker_parent' retrieved from /home/airflow/.local/lib/python3.10/site-packages/airflow/example_dags/example_external_task_marker_dag.py
[2025-04-27T00:15:03.683+0000] {logging_mixin.py:190} INFO - [2025-04-27T00:15:03.683+0000] {dag.py:3239} INFO - Sync 2 DAGs
[2025-04-27T00:15:03.697+0000] {logging_mixin.py:190} INFO - [2025-04-27T00:15:03.696+0000] {dag.py:4180} INFO - Setting next_dagrun for example_external_task_marker_child to None, run_after=None
[2025-04-27T00:15:03.700+0000] {logging_mixin.py:190} INFO - [2025-04-27T00:15:03.700+0000] {dag.py:4180} INFO - Setting next_dagrun for example_external_task_marker_parent to None, run_after=None
[2025-04-27T00:15:03.715+0000] {processor.py:208} INFO - Processing /home/airflow/.local/lib/python3.10/site-packages/airflow/example_dags/example_external_task_marker_dag.py took 0.072 seconds
[2025-04-27T00:15:34.695+0000] {processor.py:186} INFO - Started process (PID=22295) to work on /home/airflow/.local/lib/python3.10/site-packages/airflow/example_dags/example_external_task_marker_dag.py
[2025-04-27T00:15:34.697+0000] {processor.py:914} INFO - Processing file /home/airflow/.local/lib/python3.10/site-packages/airflow/example_dags/example_external_task_marker_dag.py for tasks to queue
[2025-04-27T00:15:34.700+0000] {logging_mixin.py:190} INFO - [2025-04-27T00:15:34.700+0000] {dagbag.py:588} INFO - Filling up the DagBag from /home/airflow/.local/lib/python3.10/site-packages/airflow/example_dags/example_external_task_marker_dag.py
[2025-04-27T00:15:34.709+0000] {processor.py:925} INFO - DAG(s) 'example_external_task_marker_child', 'example_external_task_marker_parent' retrieved from /home/airflow/.local/lib/python3.10/site-packages/airflow/example_dags/example_external_task_marker_dag.py
[2025-04-27T00:15:34.737+0000] {logging_mixin.py:190} INFO - [2025-04-27T00:15:34.737+0000] {dag.py:3239} INFO - Sync 2 DAGs
[2025-04-27T00:15:34.754+0000] {logging_mixin.py:190} INFO - [2025-04-27T00:15:34.754+0000] {dag.py:4180} INFO - Setting next_dagrun for example_external_task_marker_child to None, run_after=None
[2025-04-27T00:15:34.759+0000] {logging_mixin.py:190} INFO - [2025-04-27T00:15:34.759+0000] {dag.py:4180} INFO - Setting next_dagrun for example_external_task_marker_parent to None, run_after=None
[2025-04-27T00:15:34.782+0000] {processor.py:208} INFO - Processing /home/airflow/.local/lib/python3.10/site-packages/airflow/example_dags/example_external_task_marker_dag.py took 0.093 seconds
[2025-04-27T00:16:05.423+0000] {processor.py:186} INFO - Started process (PID=22361) to work on /home/airflow/.local/lib/python3.10/site-packages/airflow/example_dags/example_external_task_marker_dag.py
[2025-04-27T00:16:05.425+0000] {processor.py:914} INFO - Processing file /home/airflow/.local/lib/python3.10/site-packages/airflow/example_dags/example_external_task_marker_dag.py for tasks to queue
[2025-04-27T00:16:05.430+0000] {logging_mixin.py:190} INFO - [2025-04-27T00:16:05.430+0000] {dagbag.py:588} INFO - Filling up the DagBag from /home/airflow/.local/lib/python3.10/site-packages/airflow/example_dags/example_external_task_marker_dag.py
[2025-04-27T00:16:05.448+0000] {processor.py:925} INFO - DAG(s) 'example_external_task_marker_parent', 'example_external_task_marker_child' retrieved from /home/airflow/.local/lib/python3.10/site-packages/airflow/example_dags/example_external_task_marker_dag.py
[2025-04-27T00:16:05.485+0000] {logging_mixin.py:190} INFO - [2025-04-27T00:16:05.484+0000] {dag.py:3239} INFO - Sync 2 DAGs
[2025-04-27T00:16:05.506+0000] {logging_mixin.py:190} INFO - [2025-04-27T00:16:05.505+0000] {dag.py:4180} INFO - Setting next_dagrun for example_external_task_marker_child to None, run_after=None
[2025-04-27T00:16:05.511+0000] {logging_mixin.py:190} INFO - [2025-04-27T00:16:05.511+0000] {dag.py:4180} INFO - Setting next_dagrun for example_external_task_marker_parent to None, run_after=None
[2025-04-27T00:16:05.535+0000] {processor.py:208} INFO - Processing /home/airflow/.local/lib/python3.10/site-packages/airflow/example_dags/example_external_task_marker_dag.py took 0.123 seconds
[2025-04-27T00:16:36.038+0000] {processor.py:186} INFO - Started process (PID=22427) to work on /home/airflow/.local/lib/python3.10/site-packages/airflow/example_dags/example_external_task_marker_dag.py
[2025-04-27T00:16:36.039+0000] {processor.py:914} INFO - Processing file /home/airflow/.local/lib/python3.10/site-packages/airflow/example_dags/example_external_task_marker_dag.py for tasks to queue
[2025-04-27T00:16:36.044+0000] {logging_mixin.py:190} INFO - [2025-04-27T00:16:36.043+0000] {dagbag.py:588} INFO - Filling up the DagBag from /home/airflow/.local/lib/python3.10/site-packages/airflow/example_dags/example_external_task_marker_dag.py
[2025-04-27T00:16:36.053+0000] {processor.py:925} INFO - DAG(s) 'example_external_task_marker_child', 'example_external_task_marker_parent' retrieved from /home/airflow/.local/lib/python3.10/site-packages/airflow/example_dags/example_external_task_marker_dag.py
[2025-04-27T00:16:36.079+0000] {logging_mixin.py:190} INFO - [2025-04-27T00:16:36.079+0000] {dag.py:3239} INFO - Sync 2 DAGs
[2025-04-27T00:16:36.094+0000] {logging_mixin.py:190} INFO - [2025-04-27T00:16:36.094+0000] {dag.py:4180} INFO - Setting next_dagrun for example_external_task_marker_child to None, run_after=None
[2025-04-27T00:16:36.098+0000] {logging_mixin.py:190} INFO - [2025-04-27T00:16:36.098+0000] {dag.py:4180} INFO - Setting next_dagrun for example_external_task_marker_parent to None, run_after=None
[2025-04-27T00:16:36.114+0000] {processor.py:208} INFO - Processing /home/airflow/.local/lib/python3.10/site-packages/airflow/example_dags/example_external_task_marker_dag.py took 0.084 seconds
[2025-04-27T00:17:06.930+0000] {processor.py:186} INFO - Started process (PID=22493) to work on /home/airflow/.local/lib/python3.10/site-packages/airflow/example_dags/example_external_task_marker_dag.py
[2025-04-27T00:17:06.931+0000] {processor.py:914} INFO - Processing file /home/airflow/.local/lib/python3.10/site-packages/airflow/example_dags/example_external_task_marker_dag.py for tasks to queue
[2025-04-27T00:17:06.934+0000] {logging_mixin.py:190} INFO - [2025-04-27T00:17:06.934+0000] {dagbag.py:588} INFO - Filling up the DagBag from /home/airflow/.local/lib/python3.10/site-packages/airflow/example_dags/example_external_task_marker_dag.py
[2025-04-27T00:17:06.945+0000] {processor.py:925} INFO - DAG(s) 'example_external_task_marker_parent', 'example_external_task_marker_child' retrieved from /home/airflow/.local/lib/python3.10/site-packages/airflow/example_dags/example_external_task_marker_dag.py
[2025-04-27T00:17:06.974+0000] {logging_mixin.py:190} INFO - [2025-04-27T00:17:06.973+0000] {dag.py:3239} INFO - Sync 2 DAGs
[2025-04-27T00:17:06.990+0000] {logging_mixin.py:190} INFO - [2025-04-27T00:17:06.990+0000] {dag.py:4180} INFO - Setting next_dagrun for example_external_task_marker_child to None, run_after=None
[2025-04-27T00:17:06.995+0000] {logging_mixin.py:190} INFO - [2025-04-27T00:17:06.994+0000] {dag.py:4180} INFO - Setting next_dagrun for example_external_task_marker_parent to None, run_after=None
[2025-04-27T00:17:07.013+0000] {processor.py:208} INFO - Processing /home/airflow/.local/lib/python3.10/site-packages/airflow/example_dags/example_external_task_marker_dag.py took 0.091 seconds
[2025-04-27T00:17:37.079+0000] {processor.py:186} INFO - Started process (PID=22558) to work on /home/airflow/.local/lib/python3.10/site-packages/airflow/example_dags/example_external_task_marker_dag.py
[2025-04-27T00:17:37.080+0000] {processor.py:914} INFO - Processing file /home/airflow/.local/lib/python3.10/site-packages/airflow/example_dags/example_external_task_marker_dag.py for tasks to queue
[2025-04-27T00:17:37.083+0000] {logging_mixin.py:190} INFO - [2025-04-27T00:17:37.083+0000] {dagbag.py:588} INFO - Filling up the DagBag from /home/airflow/.local/lib/python3.10/site-packages/airflow/example_dags/example_external_task_marker_dag.py
[2025-04-27T00:17:37.093+0000] {processor.py:925} INFO - DAG(s) 'example_external_task_marker_parent', 'example_external_task_marker_child' retrieved from /home/airflow/.local/lib/python3.10/site-packages/airflow/example_dags/example_external_task_marker_dag.py
[2025-04-27T00:17:37.121+0000] {logging_mixin.py:190} INFO - [2025-04-27T00:17:37.120+0000] {dag.py:3239} INFO - Sync 2 DAGs
[2025-04-27T00:17:37.137+0000] {logging_mixin.py:190} INFO - [2025-04-27T00:17:37.137+0000] {dag.py:4180} INFO - Setting next_dagrun for example_external_task_marker_child to None, run_after=None
[2025-04-27T00:17:37.142+0000] {logging_mixin.py:190} INFO - [2025-04-27T00:17:37.142+0000] {dag.py:4180} INFO - Setting next_dagrun for example_external_task_marker_parent to None, run_after=None
[2025-04-27T00:17:37.164+0000] {processor.py:208} INFO - Processing /home/airflow/.local/lib/python3.10/site-packages/airflow/example_dags/example_external_task_marker_dag.py took 0.093 seconds
[2025-04-27T00:18:07.990+0000] {processor.py:186} INFO - Started process (PID=22625) to work on /home/airflow/.local/lib/python3.10/site-packages/airflow/example_dags/example_external_task_marker_dag.py
[2025-04-27T00:18:07.991+0000] {processor.py:914} INFO - Processing file /home/airflow/.local/lib/python3.10/site-packages/airflow/example_dags/example_external_task_marker_dag.py for tasks to queue
[2025-04-27T00:18:07.996+0000] {logging_mixin.py:190} INFO - [2025-04-27T00:18:07.995+0000] {dagbag.py:588} INFO - Filling up the DagBag from /home/airflow/.local/lib/python3.10/site-packages/airflow/example_dags/example_external_task_marker_dag.py
[2025-04-27T00:18:08.010+0000] {processor.py:925} INFO - DAG(s) 'example_external_task_marker_parent', 'example_external_task_marker_child' retrieved from /home/airflow/.local/lib/python3.10/site-packages/airflow/example_dags/example_external_task_marker_dag.py
[2025-04-27T00:18:08.056+0000] {logging_mixin.py:190} INFO - [2025-04-27T00:18:08.056+0000] {dag.py:3239} INFO - Sync 2 DAGs
[2025-04-27T00:18:08.083+0000] {logging_mixin.py:190} INFO - [2025-04-27T00:18:08.082+0000] {dag.py:4180} INFO - Setting next_dagrun for example_external_task_marker_child to None, run_after=None
[2025-04-27T00:18:08.090+0000] {logging_mixin.py:190} INFO - [2025-04-27T00:18:08.090+0000] {dag.py:4180} INFO - Setting next_dagrun for example_external_task_marker_parent to None, run_after=None
[2025-04-27T00:18:08.118+0000] {processor.py:208} INFO - Processing /home/airflow/.local/lib/python3.10/site-packages/airflow/example_dags/example_external_task_marker_dag.py took 0.139 seconds
[2025-04-27T00:18:39.107+0000] {processor.py:186} INFO - Started process (PID=22691) to work on /home/airflow/.local/lib/python3.10/site-packages/airflow/example_dags/example_external_task_marker_dag.py
[2025-04-27T00:18:39.108+0000] {processor.py:914} INFO - Processing file /home/airflow/.local/lib/python3.10/site-packages/airflow/example_dags/example_external_task_marker_dag.py for tasks to queue
[2025-04-27T00:18:39.111+0000] {logging_mixin.py:190} INFO - [2025-04-27T00:18:39.110+0000] {dagbag.py:588} INFO - Filling up the DagBag from /home/airflow/.local/lib/python3.10/site-packages/airflow/example_dags/example_external_task_marker_dag.py
[2025-04-27T00:18:39.121+0000] {processor.py:925} INFO - DAG(s) 'example_external_task_marker_child', 'example_external_task_marker_parent' retrieved from /home/airflow/.local/lib/python3.10/site-packages/airflow/example_dags/example_external_task_marker_dag.py
[2025-04-27T00:18:39.156+0000] {logging_mixin.py:190} INFO - [2025-04-27T00:18:39.156+0000] {dag.py:3239} INFO - Sync 2 DAGs
[2025-04-27T00:18:39.172+0000] {logging_mixin.py:190} INFO - [2025-04-27T00:18:39.172+0000] {dag.py:4180} INFO - Setting next_dagrun for example_external_task_marker_child to None, run_after=None
[2025-04-27T00:18:39.177+0000] {logging_mixin.py:190} INFO - [2025-04-27T00:18:39.177+0000] {dag.py:4180} INFO - Setting next_dagrun for example_external_task_marker_parent to None, run_after=None
[2025-04-27T00:18:39.197+0000] {processor.py:208} INFO - Processing /home/airflow/.local/lib/python3.10/site-packages/airflow/example_dags/example_external_task_marker_dag.py took 0.096 seconds
[2025-04-27T00:19:09.371+0000] {processor.py:186} INFO - Started process (PID=22756) to work on /home/airflow/.local/lib/python3.10/site-packages/airflow/example_dags/example_external_task_marker_dag.py
[2025-04-27T00:19:09.372+0000] {processor.py:914} INFO - Processing file /home/airflow/.local/lib/python3.10/site-packages/airflow/example_dags/example_external_task_marker_dag.py for tasks to queue
[2025-04-27T00:19:09.375+0000] {logging_mixin.py:190} INFO - [2025-04-27T00:19:09.374+0000] {dagbag.py:588} INFO - Filling up the DagBag from /home/airflow/.local/lib/python3.10/site-packages/airflow/example_dags/example_external_task_marker_dag.py
[2025-04-27T00:19:09.382+0000] {processor.py:925} INFO - DAG(s) 'example_external_task_marker_child', 'example_external_task_marker_parent' retrieved from /home/airflow/.local/lib/python3.10/site-packages/airflow/example_dags/example_external_task_marker_dag.py
[2025-04-27T00:19:09.404+0000] {logging_mixin.py:190} INFO - [2025-04-27T00:19:09.403+0000] {dag.py:3239} INFO - Sync 2 DAGs
[2025-04-27T00:19:09.417+0000] {logging_mixin.py:190} INFO - [2025-04-27T00:19:09.417+0000] {dag.py:4180} INFO - Setting next_dagrun for example_external_task_marker_child to None, run_after=None
[2025-04-27T00:19:09.421+0000] {logging_mixin.py:190} INFO - [2025-04-27T00:19:09.421+0000] {dag.py:4180} INFO - Setting next_dagrun for example_external_task_marker_parent to None, run_after=None
[2025-04-27T00:19:09.438+0000] {processor.py:208} INFO - Processing /home/airflow/.local/lib/python3.10/site-packages/airflow/example_dags/example_external_task_marker_dag.py took 0.073 seconds
[2025-04-27T00:19:39.556+0000] {processor.py:186} INFO - Started process (PID=22822) to work on /home/airflow/.local/lib/python3.10/site-packages/airflow/example_dags/example_external_task_marker_dag.py
[2025-04-27T00:19:39.557+0000] {processor.py:914} INFO - Processing file /home/airflow/.local/lib/python3.10/site-packages/airflow/example_dags/example_external_task_marker_dag.py for tasks to queue
[2025-04-27T00:19:39.560+0000] {logging_mixin.py:190} INFO - [2025-04-27T00:19:39.559+0000] {dagbag.py:588} INFO - Filling up the DagBag from /home/airflow/.local/lib/python3.10/site-packages/airflow/example_dags/example_external_task_marker_dag.py
[2025-04-27T00:19:39.567+0000] {processor.py:925} INFO - DAG(s) 'example_external_task_marker_child', 'example_external_task_marker_parent' retrieved from /home/airflow/.local/lib/python3.10/site-packages/airflow/example_dags/example_external_task_marker_dag.py
[2025-04-27T00:19:39.591+0000] {logging_mixin.py:190} INFO - [2025-04-27T00:19:39.591+0000] {dag.py:3239} INFO - Sync 2 DAGs
[2025-04-27T00:19:39.606+0000] {logging_mixin.py:190} INFO - [2025-04-27T00:19:39.606+0000] {dag.py:4180} INFO - Setting next_dagrun for example_external_task_marker_child to None, run_after=None
[2025-04-27T00:19:39.611+0000] {logging_mixin.py:190} INFO - [2025-04-27T00:19:39.611+0000] {dag.py:4180} INFO - Setting next_dagrun for example_external_task_marker_parent to None, run_after=None
[2025-04-27T00:19:39.629+0000] {processor.py:208} INFO - Processing /home/airflow/.local/lib/python3.10/site-packages/airflow/example_dags/example_external_task_marker_dag.py took 0.080 seconds
[2025-04-27T00:20:10.596+0000] {processor.py:186} INFO - Started process (PID=22888) to work on /home/airflow/.local/lib/python3.10/site-packages/airflow/example_dags/example_external_task_marker_dag.py
[2025-04-27T00:20:10.596+0000] {processor.py:914} INFO - Processing file /home/airflow/.local/lib/python3.10/site-packages/airflow/example_dags/example_external_task_marker_dag.py for tasks to queue
[2025-04-27T00:20:10.599+0000] {logging_mixin.py:190} INFO - [2025-04-27T00:20:10.599+0000] {dagbag.py:588} INFO - Filling up the DagBag from /home/airflow/.local/lib/python3.10/site-packages/airflow/example_dags/example_external_task_marker_dag.py
[2025-04-27T00:20:10.606+0000] {processor.py:925} INFO - DAG(s) 'example_external_task_marker_parent', 'example_external_task_marker_child' retrieved from /home/airflow/.local/lib/python3.10/site-packages/airflow/example_dags/example_external_task_marker_dag.py
[2025-04-27T00:20:10.627+0000] {logging_mixin.py:190} INFO - [2025-04-27T00:20:10.626+0000] {dag.py:3239} INFO - Sync 2 DAGs
[2025-04-27T00:20:10.641+0000] {logging_mixin.py:190} INFO - [2025-04-27T00:20:10.641+0000] {dag.py:4180} INFO - Setting next_dagrun for example_external_task_marker_child to None, run_after=None
[2025-04-27T00:20:10.646+0000] {logging_mixin.py:190} INFO - [2025-04-27T00:20:10.645+0000] {dag.py:4180} INFO - Setting next_dagrun for example_external_task_marker_parent to None, run_after=None
[2025-04-27T00:20:10.662+0000] {processor.py:208} INFO - Processing /home/airflow/.local/lib/python3.10/site-packages/airflow/example_dags/example_external_task_marker_dag.py took 0.071 seconds
[2025-04-27T00:20:41.174+0000] {processor.py:186} INFO - Started process (PID=22954) to work on /home/airflow/.local/lib/python3.10/site-packages/airflow/example_dags/example_external_task_marker_dag.py
[2025-04-27T00:20:41.175+0000] {processor.py:914} INFO - Processing file /home/airflow/.local/lib/python3.10/site-packages/airflow/example_dags/example_external_task_marker_dag.py for tasks to queue
[2025-04-27T00:20:41.178+0000] {logging_mixin.py:190} INFO - [2025-04-27T00:20:41.178+0000] {dagbag.py:588} INFO - Filling up the DagBag from /home/airflow/.local/lib/python3.10/site-packages/airflow/example_dags/example_external_task_marker_dag.py
[2025-04-27T00:20:41.185+0000] {processor.py:925} INFO - DAG(s) 'example_external_task_marker_child', 'example_external_task_marker_parent' retrieved from /home/airflow/.local/lib/python3.10/site-packages/airflow/example_dags/example_external_task_marker_dag.py
[2025-04-27T00:20:41.218+0000] {logging_mixin.py:190} INFO - [2025-04-27T00:20:41.217+0000] {dag.py:3239} INFO - Sync 2 DAGs
[2025-04-27T00:20:41.238+0000] {logging_mixin.py:190} INFO - [2025-04-27T00:20:41.237+0000] {dag.py:4180} INFO - Setting next_dagrun for example_external_task_marker_child to None, run_after=None
[2025-04-27T00:20:41.245+0000] {logging_mixin.py:190} INFO - [2025-04-27T00:20:41.245+0000] {dag.py:4180} INFO - Setting next_dagrun for example_external_task_marker_parent to None, run_after=None
[2025-04-27T00:20:41.264+0000] {processor.py:208} INFO - Processing /home/airflow/.local/lib/python3.10/site-packages/airflow/example_dags/example_external_task_marker_dag.py took 0.098 seconds
[2025-04-27T00:21:11.842+0000] {processor.py:186} INFO - Started process (PID=23020) to work on /home/airflow/.local/lib/python3.10/site-packages/airflow/example_dags/example_external_task_marker_dag.py
[2025-04-27T00:21:11.844+0000] {processor.py:914} INFO - Processing file /home/airflow/.local/lib/python3.10/site-packages/airflow/example_dags/example_external_task_marker_dag.py for tasks to queue
[2025-04-27T00:21:11.847+0000] {logging_mixin.py:190} INFO - [2025-04-27T00:21:11.846+0000] {dagbag.py:588} INFO - Filling up the DagBag from /home/airflow/.local/lib/python3.10/site-packages/airflow/example_dags/example_external_task_marker_dag.py
[2025-04-27T00:21:11.855+0000] {processor.py:925} INFO - DAG(s) 'example_external_task_marker_parent', 'example_external_task_marker_child' retrieved from /home/airflow/.local/lib/python3.10/site-packages/airflow/example_dags/example_external_task_marker_dag.py
[2025-04-27T00:21:11.879+0000] {logging_mixin.py:190} INFO - [2025-04-27T00:21:11.879+0000] {dag.py:3239} INFO - Sync 2 DAGs
[2025-04-27T00:21:11.896+0000] {logging_mixin.py:190} INFO - [2025-04-27T00:21:11.896+0000] {dag.py:4180} INFO - Setting next_dagrun for example_external_task_marker_child to None, run_after=None
[2025-04-27T00:21:11.901+0000] {logging_mixin.py:190} INFO - [2025-04-27T00:21:11.901+0000] {dag.py:4180} INFO - Setting next_dagrun for example_external_task_marker_parent to None, run_after=None
[2025-04-27T00:21:11.922+0000] {processor.py:208} INFO - Processing /home/airflow/.local/lib/python3.10/site-packages/airflow/example_dags/example_external_task_marker_dag.py took 0.088 seconds
[2025-04-27T00:21:42.512+0000] {processor.py:186} INFO - Started process (PID=23086) to work on /home/airflow/.local/lib/python3.10/site-packages/airflow/example_dags/example_external_task_marker_dag.py
[2025-04-27T00:21:42.513+0000] {processor.py:914} INFO - Processing file /home/airflow/.local/lib/python3.10/site-packages/airflow/example_dags/example_external_task_marker_dag.py for tasks to queue
[2025-04-27T00:21:42.516+0000] {logging_mixin.py:190} INFO - [2025-04-27T00:21:42.515+0000] {dagbag.py:588} INFO - Filling up the DagBag from /home/airflow/.local/lib/python3.10/site-packages/airflow/example_dags/example_external_task_marker_dag.py
[2025-04-27T00:21:42.523+0000] {processor.py:925} INFO - DAG(s) 'example_external_task_marker_child', 'example_external_task_marker_parent' retrieved from /home/airflow/.local/lib/python3.10/site-packages/airflow/example_dags/example_external_task_marker_dag.py
[2025-04-27T00:21:42.551+0000] {logging_mixin.py:190} INFO - [2025-04-27T00:21:42.551+0000] {dag.py:3239} INFO - Sync 2 DAGs
[2025-04-27T00:21:42.566+0000] {logging_mixin.py:190} INFO - [2025-04-27T00:21:42.566+0000] {dag.py:4180} INFO - Setting next_dagrun for example_external_task_marker_child to None, run_after=None
[2025-04-27T00:21:42.572+0000] {logging_mixin.py:190} INFO - [2025-04-27T00:21:42.571+0000] {dag.py:4180} INFO - Setting next_dagrun for example_external_task_marker_parent to None, run_after=None
[2025-04-27T00:21:42.592+0000] {processor.py:208} INFO - Processing /home/airflow/.local/lib/python3.10/site-packages/airflow/example_dags/example_external_task_marker_dag.py took 0.087 seconds
[2025-04-27T00:22:12.929+0000] {processor.py:186} INFO - Started process (PID=23152) to work on /home/airflow/.local/lib/python3.10/site-packages/airflow/example_dags/example_external_task_marker_dag.py
[2025-04-27T00:22:12.930+0000] {processor.py:914} INFO - Processing file /home/airflow/.local/lib/python3.10/site-packages/airflow/example_dags/example_external_task_marker_dag.py for tasks to queue
[2025-04-27T00:22:12.932+0000] {logging_mixin.py:190} INFO - [2025-04-27T00:22:12.932+0000] {dagbag.py:588} INFO - Filling up the DagBag from /home/airflow/.local/lib/python3.10/site-packages/airflow/example_dags/example_external_task_marker_dag.py
[2025-04-27T00:22:12.940+0000] {processor.py:925} INFO - DAG(s) 'example_external_task_marker_parent', 'example_external_task_marker_child' retrieved from /home/airflow/.local/lib/python3.10/site-packages/airflow/example_dags/example_external_task_marker_dag.py
[2025-04-27T00:22:12.963+0000] {logging_mixin.py:190} INFO - [2025-04-27T00:22:12.963+0000] {dag.py:3239} INFO - Sync 2 DAGs
[2025-04-27T00:22:12.979+0000] {logging_mixin.py:190} INFO - [2025-04-27T00:22:12.978+0000] {dag.py:4180} INFO - Setting next_dagrun for example_external_task_marker_child to None, run_after=None
[2025-04-27T00:22:12.983+0000] {logging_mixin.py:190} INFO - [2025-04-27T00:22:12.982+0000] {dag.py:4180} INFO - Setting next_dagrun for example_external_task_marker_parent to None, run_after=None
[2025-04-27T00:22:13.000+0000] {processor.py:208} INFO - Processing /home/airflow/.local/lib/python3.10/site-packages/airflow/example_dags/example_external_task_marker_dag.py took 0.078 seconds
[2025-04-27T00:22:43.511+0000] {processor.py:186} INFO - Started process (PID=23218) to work on /home/airflow/.local/lib/python3.10/site-packages/airflow/example_dags/example_external_task_marker_dag.py
[2025-04-27T00:22:43.512+0000] {processor.py:914} INFO - Processing file /home/airflow/.local/lib/python3.10/site-packages/airflow/example_dags/example_external_task_marker_dag.py for tasks to queue
[2025-04-27T00:22:43.514+0000] {logging_mixin.py:190} INFO - [2025-04-27T00:22:43.513+0000] {dagbag.py:588} INFO - Filling up the DagBag from /home/airflow/.local/lib/python3.10/site-packages/airflow/example_dags/example_external_task_marker_dag.py
[2025-04-27T00:22:43.521+0000] {processor.py:925} INFO - DAG(s) 'example_external_task_marker_parent', 'example_external_task_marker_child' retrieved from /home/airflow/.local/lib/python3.10/site-packages/airflow/example_dags/example_external_task_marker_dag.py
[2025-04-27T00:22:43.544+0000] {logging_mixin.py:190} INFO - [2025-04-27T00:22:43.544+0000] {dag.py:3239} INFO - Sync 2 DAGs
[2025-04-27T00:22:43.558+0000] {logging_mixin.py:190} INFO - [2025-04-27T00:22:43.557+0000] {dag.py:4180} INFO - Setting next_dagrun for example_external_task_marker_child to None, run_after=None
[2025-04-27T00:22:43.562+0000] {logging_mixin.py:190} INFO - [2025-04-27T00:22:43.562+0000] {dag.py:4180} INFO - Setting next_dagrun for example_external_task_marker_parent to None, run_after=None
[2025-04-27T00:22:43.577+0000] {processor.py:208} INFO - Processing /home/airflow/.local/lib/python3.10/site-packages/airflow/example_dags/example_external_task_marker_dag.py took 0.072 seconds
[2025-04-27T00:23:13.966+0000] {processor.py:186} INFO - Started process (PID=23284) to work on /home/airflow/.local/lib/python3.10/site-packages/airflow/example_dags/example_external_task_marker_dag.py
[2025-04-27T00:23:13.967+0000] {processor.py:914} INFO - Processing file /home/airflow/.local/lib/python3.10/site-packages/airflow/example_dags/example_external_task_marker_dag.py for tasks to queue
[2025-04-27T00:23:13.970+0000] {logging_mixin.py:190} INFO - [2025-04-27T00:23:13.969+0000] {dagbag.py:588} INFO - Filling up the DagBag from /home/airflow/.local/lib/python3.10/site-packages/airflow/example_dags/example_external_task_marker_dag.py
[2025-04-27T00:23:13.977+0000] {processor.py:925} INFO - DAG(s) 'example_external_task_marker_parent', 'example_external_task_marker_child' retrieved from /home/airflow/.local/lib/python3.10/site-packages/airflow/example_dags/example_external_task_marker_dag.py
[2025-04-27T00:23:13.998+0000] {logging_mixin.py:190} INFO - [2025-04-27T00:23:13.998+0000] {dag.py:3239} INFO - Sync 2 DAGs
[2025-04-27T00:23:14.012+0000] {logging_mixin.py:190} INFO - [2025-04-27T00:23:14.012+0000] {dag.py:4180} INFO - Setting next_dagrun for example_external_task_marker_child to None, run_after=None
[2025-04-27T00:23:14.017+0000] {logging_mixin.py:190} INFO - [2025-04-27T00:23:14.016+0000] {dag.py:4180} INFO - Setting next_dagrun for example_external_task_marker_parent to None, run_after=None
[2025-04-27T00:23:14.034+0000] {processor.py:208} INFO - Processing /home/airflow/.local/lib/python3.10/site-packages/airflow/example_dags/example_external_task_marker_dag.py took 0.074 seconds
[2025-04-27T00:23:44.904+0000] {processor.py:186} INFO - Started process (PID=23350) to work on /home/airflow/.local/lib/python3.10/site-packages/airflow/example_dags/example_external_task_marker_dag.py
[2025-04-27T00:23:44.905+0000] {processor.py:914} INFO - Processing file /home/airflow/.local/lib/python3.10/site-packages/airflow/example_dags/example_external_task_marker_dag.py for tasks to queue
[2025-04-27T00:23:44.908+0000] {logging_mixin.py:190} INFO - [2025-04-27T00:23:44.908+0000] {dagbag.py:588} INFO - Filling up the DagBag from /home/airflow/.local/lib/python3.10/site-packages/airflow/example_dags/example_external_task_marker_dag.py
[2025-04-27T00:23:44.917+0000] {processor.py:925} INFO - DAG(s) 'example_external_task_marker_child', 'example_external_task_marker_parent' retrieved from /home/airflow/.local/lib/python3.10/site-packages/airflow/example_dags/example_external_task_marker_dag.py
[2025-04-27T00:23:44.948+0000] {logging_mixin.py:190} INFO - [2025-04-27T00:23:44.948+0000] {dag.py:3239} INFO - Sync 2 DAGs
[2025-04-27T00:23:44.971+0000] {logging_mixin.py:190} INFO - [2025-04-27T00:23:44.970+0000] {dag.py:4180} INFO - Setting next_dagrun for example_external_task_marker_child to None, run_after=None
[2025-04-27T00:23:44.977+0000] {logging_mixin.py:190} INFO - [2025-04-27T00:23:44.976+0000] {dag.py:4180} INFO - Setting next_dagrun for example_external_task_marker_parent to None, run_after=None
[2025-04-27T00:23:45.003+0000] {processor.py:208} INFO - Processing /home/airflow/.local/lib/python3.10/site-packages/airflow/example_dags/example_external_task_marker_dag.py took 0.105 seconds
[2025-04-27T00:24:16.006+0000] {processor.py:186} INFO - Started process (PID=23416) to work on /home/airflow/.local/lib/python3.10/site-packages/airflow/example_dags/example_external_task_marker_dag.py
[2025-04-27T00:24:16.007+0000] {processor.py:914} INFO - Processing file /home/airflow/.local/lib/python3.10/site-packages/airflow/example_dags/example_external_task_marker_dag.py for tasks to queue
[2025-04-27T00:24:16.010+0000] {logging_mixin.py:190} INFO - [2025-04-27T00:24:16.010+0000] {dagbag.py:588} INFO - Filling up the DagBag from /home/airflow/.local/lib/python3.10/site-packages/airflow/example_dags/example_external_task_marker_dag.py
[2025-04-27T00:24:16.018+0000] {processor.py:925} INFO - DAG(s) 'example_external_task_marker_child', 'example_external_task_marker_parent' retrieved from /home/airflow/.local/lib/python3.10/site-packages/airflow/example_dags/example_external_task_marker_dag.py
[2025-04-27T00:24:16.044+0000] {logging_mixin.py:190} INFO - [2025-04-27T00:24:16.044+0000] {dag.py:3239} INFO - Sync 2 DAGs
[2025-04-27T00:24:16.061+0000] {logging_mixin.py:190} INFO - [2025-04-27T00:24:16.061+0000] {dag.py:4180} INFO - Setting next_dagrun for example_external_task_marker_child to None, run_after=None
[2025-04-27T00:24:16.066+0000] {logging_mixin.py:190} INFO - [2025-04-27T00:24:16.065+0000] {dag.py:4180} INFO - Setting next_dagrun for example_external_task_marker_parent to None, run_after=None
[2025-04-27T00:24:16.083+0000] {processor.py:208} INFO - Processing /home/airflow/.local/lib/python3.10/site-packages/airflow/example_dags/example_external_task_marker_dag.py took 0.084 seconds
[2025-04-27T00:24:46.850+0000] {processor.py:186} INFO - Started process (PID=23482) to work on /home/airflow/.local/lib/python3.10/site-packages/airflow/example_dags/example_external_task_marker_dag.py
[2025-04-27T00:24:46.852+0000] {processor.py:914} INFO - Processing file /home/airflow/.local/lib/python3.10/site-packages/airflow/example_dags/example_external_task_marker_dag.py for tasks to queue
[2025-04-27T00:24:46.855+0000] {logging_mixin.py:190} INFO - [2025-04-27T00:24:46.854+0000] {dagbag.py:588} INFO - Filling up the DagBag from /home/airflow/.local/lib/python3.10/site-packages/airflow/example_dags/example_external_task_marker_dag.py
[2025-04-27T00:24:46.862+0000] {processor.py:925} INFO - DAG(s) 'example_external_task_marker_child', 'example_external_task_marker_parent' retrieved from /home/airflow/.local/lib/python3.10/site-packages/airflow/example_dags/example_external_task_marker_dag.py
[2025-04-27T00:24:46.886+0000] {logging_mixin.py:190} INFO - [2025-04-27T00:24:46.886+0000] {dag.py:3239} INFO - Sync 2 DAGs
[2025-04-27T00:24:46.901+0000] {logging_mixin.py:190} INFO - [2025-04-27T00:24:46.901+0000] {dag.py:4180} INFO - Setting next_dagrun for example_external_task_marker_child to None, run_after=None
[2025-04-27T00:24:46.906+0000] {logging_mixin.py:190} INFO - [2025-04-27T00:24:46.905+0000] {dag.py:4180} INFO - Setting next_dagrun for example_external_task_marker_parent to None, run_after=None
[2025-04-27T00:24:46.929+0000] {processor.py:208} INFO - Processing /home/airflow/.local/lib/python3.10/site-packages/airflow/example_dags/example_external_task_marker_dag.py took 0.085 seconds
[2025-04-27T00:25:18.272+0000] {processor.py:186} INFO - Started process (PID=23548) to work on /home/airflow/.local/lib/python3.10/site-packages/airflow/example_dags/example_external_task_marker_dag.py
[2025-04-27T00:25:18.273+0000] {processor.py:914} INFO - Processing file /home/airflow/.local/lib/python3.10/site-packages/airflow/example_dags/example_external_task_marker_dag.py for tasks to queue
[2025-04-27T00:25:18.276+0000] {logging_mixin.py:190} INFO - [2025-04-27T00:25:18.276+0000] {dagbag.py:588} INFO - Filling up the DagBag from /home/airflow/.local/lib/python3.10/site-packages/airflow/example_dags/example_external_task_marker_dag.py
[2025-04-27T00:25:18.284+0000] {processor.py:925} INFO - DAG(s) 'example_external_task_marker_child', 'example_external_task_marker_parent' retrieved from /home/airflow/.local/lib/python3.10/site-packages/airflow/example_dags/example_external_task_marker_dag.py
[2025-04-27T00:25:18.306+0000] {logging_mixin.py:190} INFO - [2025-04-27T00:25:18.305+0000] {dag.py:3239} INFO - Sync 2 DAGs
[2025-04-27T00:25:18.320+0000] {logging_mixin.py:190} INFO - [2025-04-27T00:25:18.320+0000] {dag.py:4180} INFO - Setting next_dagrun for example_external_task_marker_child to None, run_after=None
[2025-04-27T00:25:18.324+0000] {logging_mixin.py:190} INFO - [2025-04-27T00:25:18.323+0000] {dag.py:4180} INFO - Setting next_dagrun for example_external_task_marker_parent to None, run_after=None
[2025-04-27T00:25:18.339+0000] {processor.py:208} INFO - Processing /home/airflow/.local/lib/python3.10/site-packages/airflow/example_dags/example_external_task_marker_dag.py took 0.072 seconds
