[2025-04-27T00:00:26.978+0000] {processor.py:186} INFO - Started process (PID=20329) to work on /home/airflow/.local/lib/python3.10/site-packages/airflow/example_dags/example_sensor_decorator.py
[2025-04-27T00:00:26.979+0000] {processor.py:914} INFO - Processing file /home/airflow/.local/lib/python3.10/site-packages/airflow/example_dags/example_sensor_decorator.py for tasks to queue
[2025-04-27T00:00:26.982+0000] {logging_mixin.py:190} INFO - [2025-04-27T00:00:26.981+0000] {dagbag.py:588} INFO - Filling up the DagBag from /home/airflow/.local/lib/python3.10/site-packages/airflow/example_dags/example_sensor_decorator.py
[2025-04-27T00:00:26.989+0000] {processor.py:925} INFO - DAG(s) 'example_sensor_decorator' retrieved from /home/airflow/.local/lib/python3.10/site-packages/airflow/example_dags/example_sensor_decorator.py
[2025-04-27T00:00:27.008+0000] {logging_mixin.py:190} INFO - [2025-04-27T00:00:27.008+0000] {dag.py:3239} INFO - Sync 1 DAGs
[2025-04-27T00:00:27.023+0000] {logging_mixin.py:190} INFO - [2025-04-27T00:00:27.023+0000] {dag.py:4180} INFO - Setting next_dagrun for example_sensor_decorator to None, run_after=None
[2025-04-27T00:00:27.042+0000] {processor.py:208} INFO - Processing /home/airflow/.local/lib/python3.10/site-packages/airflow/example_dags/example_sensor_decorator.py took 0.070 seconds
[2025-04-27T00:00:57.257+0000] {processor.py:186} INFO - Started process (PID=20395) to work on /home/airflow/.local/lib/python3.10/site-packages/airflow/example_dags/example_sensor_decorator.py
[2025-04-27T00:00:57.258+0000] {processor.py:914} INFO - Processing file /home/airflow/.local/lib/python3.10/site-packages/airflow/example_dags/example_sensor_decorator.py for tasks to queue
[2025-04-27T00:00:57.260+0000] {logging_mixin.py:190} INFO - [2025-04-27T00:00:57.260+0000] {dagbag.py:588} INFO - Filling up the DagBag from /home/airflow/.local/lib/python3.10/site-packages/airflow/example_dags/example_sensor_decorator.py
[2025-04-27T00:00:57.268+0000] {processor.py:925} INFO - DAG(s) 'example_sensor_decorator' retrieved from /home/airflow/.local/lib/python3.10/site-packages/airflow/example_dags/example_sensor_decorator.py
[2025-04-27T00:00:57.290+0000] {logging_mixin.py:190} INFO - [2025-04-27T00:00:57.290+0000] {dag.py:3239} INFO - Sync 1 DAGs
[2025-04-27T00:00:57.306+0000] {logging_mixin.py:190} INFO - [2025-04-27T00:00:57.305+0000] {dag.py:4180} INFO - Setting next_dagrun for example_sensor_decorator to None, run_after=None
[2025-04-27T00:00:57.326+0000] {processor.py:208} INFO - Processing /home/airflow/.local/lib/python3.10/site-packages/airflow/example_dags/example_sensor_decorator.py took 0.076 seconds
[2025-04-27T00:01:27.675+0000] {processor.py:186} INFO - Started process (PID=20461) to work on /home/airflow/.local/lib/python3.10/site-packages/airflow/example_dags/example_sensor_decorator.py
[2025-04-27T00:01:27.677+0000] {processor.py:914} INFO - Processing file /home/airflow/.local/lib/python3.10/site-packages/airflow/example_dags/example_sensor_decorator.py for tasks to queue
[2025-04-27T00:01:27.679+0000] {logging_mixin.py:190} INFO - [2025-04-27T00:01:27.678+0000] {dagbag.py:588} INFO - Filling up the DagBag from /home/airflow/.local/lib/python3.10/site-packages/airflow/example_dags/example_sensor_decorator.py
[2025-04-27T00:01:27.686+0000] {processor.py:925} INFO - DAG(s) 'example_sensor_decorator' retrieved from /home/airflow/.local/lib/python3.10/site-packages/airflow/example_dags/example_sensor_decorator.py
[2025-04-27T00:01:27.707+0000] {logging_mixin.py:190} INFO - [2025-04-27T00:01:27.707+0000] {dag.py:3239} INFO - Sync 1 DAGs
[2025-04-27T00:01:27.722+0000] {logging_mixin.py:190} INFO - [2025-04-27T00:01:27.722+0000] {dag.py:4180} INFO - Setting next_dagrun for example_sensor_decorator to None, run_after=None
[2025-04-27T00:01:27.743+0000] {processor.py:208} INFO - Processing /home/airflow/.local/lib/python3.10/site-packages/airflow/example_dags/example_sensor_decorator.py took 0.074 seconds
[2025-04-27T00:01:58.204+0000] {processor.py:186} INFO - Started process (PID=20527) to work on /home/airflow/.local/lib/python3.10/site-packages/airflow/example_dags/example_sensor_decorator.py
[2025-04-27T00:01:58.206+0000] {processor.py:914} INFO - Processing file /home/airflow/.local/lib/python3.10/site-packages/airflow/example_dags/example_sensor_decorator.py for tasks to queue
[2025-04-27T00:01:58.208+0000] {logging_mixin.py:190} INFO - [2025-04-27T00:01:58.207+0000] {dagbag.py:588} INFO - Filling up the DagBag from /home/airflow/.local/lib/python3.10/site-packages/airflow/example_dags/example_sensor_decorator.py
[2025-04-27T00:01:58.215+0000] {processor.py:925} INFO - DAG(s) 'example_sensor_decorator' retrieved from /home/airflow/.local/lib/python3.10/site-packages/airflow/example_dags/example_sensor_decorator.py
[2025-04-27T00:01:58.234+0000] {logging_mixin.py:190} INFO - [2025-04-27T00:01:58.234+0000] {dag.py:3239} INFO - Sync 1 DAGs
[2025-04-27T00:01:58.248+0000] {logging_mixin.py:190} INFO - [2025-04-27T00:01:58.247+0000] {dag.py:4180} INFO - Setting next_dagrun for example_sensor_decorator to None, run_after=None
[2025-04-27T00:01:58.266+0000] {processor.py:208} INFO - Processing /home/airflow/.local/lib/python3.10/site-packages/airflow/example_dags/example_sensor_decorator.py took 0.068 seconds
[2025-04-27T00:02:28.477+0000] {processor.py:186} INFO - Started process (PID=20593) to work on /home/airflow/.local/lib/python3.10/site-packages/airflow/example_dags/example_sensor_decorator.py
[2025-04-27T00:02:28.478+0000] {processor.py:914} INFO - Processing file /home/airflow/.local/lib/python3.10/site-packages/airflow/example_dags/example_sensor_decorator.py for tasks to queue
[2025-04-27T00:02:28.481+0000] {logging_mixin.py:190} INFO - [2025-04-27T00:02:28.481+0000] {dagbag.py:588} INFO - Filling up the DagBag from /home/airflow/.local/lib/python3.10/site-packages/airflow/example_dags/example_sensor_decorator.py
[2025-04-27T00:02:28.491+0000] {processor.py:925} INFO - DAG(s) 'example_sensor_decorator' retrieved from /home/airflow/.local/lib/python3.10/site-packages/airflow/example_dags/example_sensor_decorator.py
[2025-04-27T00:02:28.513+0000] {logging_mixin.py:190} INFO - [2025-04-27T00:02:28.512+0000] {dag.py:3239} INFO - Sync 1 DAGs
[2025-04-27T00:02:28.526+0000] {logging_mixin.py:190} INFO - [2025-04-27T00:02:28.526+0000] {dag.py:4180} INFO - Setting next_dagrun for example_sensor_decorator to None, run_after=None
[2025-04-27T00:02:28.546+0000] {processor.py:208} INFO - Processing /home/airflow/.local/lib/python3.10/site-packages/airflow/example_dags/example_sensor_decorator.py took 0.076 seconds
[2025-04-27T00:02:58.663+0000] {processor.py:186} INFO - Started process (PID=20659) to work on /home/airflow/.local/lib/python3.10/site-packages/airflow/example_dags/example_sensor_decorator.py
[2025-04-27T00:02:58.664+0000] {processor.py:914} INFO - Processing file /home/airflow/.local/lib/python3.10/site-packages/airflow/example_dags/example_sensor_decorator.py for tasks to queue
[2025-04-27T00:02:58.666+0000] {logging_mixin.py:190} INFO - [2025-04-27T00:02:58.666+0000] {dagbag.py:588} INFO - Filling up the DagBag from /home/airflow/.local/lib/python3.10/site-packages/airflow/example_dags/example_sensor_decorator.py
[2025-04-27T00:02:58.675+0000] {processor.py:925} INFO - DAG(s) 'example_sensor_decorator' retrieved from /home/airflow/.local/lib/python3.10/site-packages/airflow/example_dags/example_sensor_decorator.py
[2025-04-27T00:02:58.696+0000] {logging_mixin.py:190} INFO - [2025-04-27T00:02:58.695+0000] {dag.py:3239} INFO - Sync 1 DAGs
[2025-04-27T00:02:58.711+0000] {logging_mixin.py:190} INFO - [2025-04-27T00:02:58.711+0000] {dag.py:4180} INFO - Setting next_dagrun for example_sensor_decorator to None, run_after=None
[2025-04-27T00:02:58.729+0000] {processor.py:208} INFO - Processing /home/airflow/.local/lib/python3.10/site-packages/airflow/example_dags/example_sensor_decorator.py took 0.073 seconds
[2025-04-27T00:03:28.987+0000] {processor.py:186} INFO - Started process (PID=20725) to work on /home/airflow/.local/lib/python3.10/site-packages/airflow/example_dags/example_sensor_decorator.py
[2025-04-27T00:03:28.989+0000] {processor.py:914} INFO - Processing file /home/airflow/.local/lib/python3.10/site-packages/airflow/example_dags/example_sensor_decorator.py for tasks to queue
[2025-04-27T00:03:28.991+0000] {logging_mixin.py:190} INFO - [2025-04-27T00:03:28.991+0000] {dagbag.py:588} INFO - Filling up the DagBag from /home/airflow/.local/lib/python3.10/site-packages/airflow/example_dags/example_sensor_decorator.py
[2025-04-27T00:03:28.998+0000] {processor.py:925} INFO - DAG(s) 'example_sensor_decorator' retrieved from /home/airflow/.local/lib/python3.10/site-packages/airflow/example_dags/example_sensor_decorator.py
[2025-04-27T00:03:29.018+0000] {logging_mixin.py:190} INFO - [2025-04-27T00:03:29.018+0000] {dag.py:3239} INFO - Sync 1 DAGs
[2025-04-27T00:03:29.033+0000] {logging_mixin.py:190} INFO - [2025-04-27T00:03:29.033+0000] {dag.py:4180} INFO - Setting next_dagrun for example_sensor_decorator to None, run_after=None
[2025-04-27T00:03:29.059+0000] {processor.py:208} INFO - Processing /home/airflow/.local/lib/python3.10/site-packages/airflow/example_dags/example_sensor_decorator.py took 0.077 seconds
[2025-04-27T00:03:59.474+0000] {processor.py:186} INFO - Started process (PID=20791) to work on /home/airflow/.local/lib/python3.10/site-packages/airflow/example_dags/example_sensor_decorator.py
[2025-04-27T00:03:59.475+0000] {processor.py:914} INFO - Processing file /home/airflow/.local/lib/python3.10/site-packages/airflow/example_dags/example_sensor_decorator.py for tasks to queue
[2025-04-27T00:03:59.478+0000] {logging_mixin.py:190} INFO - [2025-04-27T00:03:59.478+0000] {dagbag.py:588} INFO - Filling up the DagBag from /home/airflow/.local/lib/python3.10/site-packages/airflow/example_dags/example_sensor_decorator.py
[2025-04-27T00:03:59.486+0000] {processor.py:925} INFO - DAG(s) 'example_sensor_decorator' retrieved from /home/airflow/.local/lib/python3.10/site-packages/airflow/example_dags/example_sensor_decorator.py
[2025-04-27T00:03:59.506+0000] {logging_mixin.py:190} INFO - [2025-04-27T00:03:59.506+0000] {dag.py:3239} INFO - Sync 1 DAGs
[2025-04-27T00:03:59.522+0000] {logging_mixin.py:190} INFO - [2025-04-27T00:03:59.522+0000] {dag.py:4180} INFO - Setting next_dagrun for example_sensor_decorator to None, run_after=None
[2025-04-27T00:03:59.544+0000] {processor.py:208} INFO - Processing /home/airflow/.local/lib/python3.10/site-packages/airflow/example_dags/example_sensor_decorator.py took 0.077 seconds
[2025-04-27T00:04:29.729+0000] {processor.py:186} INFO - Started process (PID=20857) to work on /home/airflow/.local/lib/python3.10/site-packages/airflow/example_dags/example_sensor_decorator.py
[2025-04-27T00:04:29.730+0000] {processor.py:914} INFO - Processing file /home/airflow/.local/lib/python3.10/site-packages/airflow/example_dags/example_sensor_decorator.py for tasks to queue
[2025-04-27T00:04:29.732+0000] {logging_mixin.py:190} INFO - [2025-04-27T00:04:29.732+0000] {dagbag.py:588} INFO - Filling up the DagBag from /home/airflow/.local/lib/python3.10/site-packages/airflow/example_dags/example_sensor_decorator.py
[2025-04-27T00:04:29.740+0000] {processor.py:925} INFO - DAG(s) 'example_sensor_decorator' retrieved from /home/airflow/.local/lib/python3.10/site-packages/airflow/example_dags/example_sensor_decorator.py
[2025-04-27T00:04:29.758+0000] {logging_mixin.py:190} INFO - [2025-04-27T00:04:29.758+0000] {dag.py:3239} INFO - Sync 1 DAGs
[2025-04-27T00:04:29.772+0000] {logging_mixin.py:190} INFO - [2025-04-27T00:04:29.771+0000] {dag.py:4180} INFO - Setting next_dagrun for example_sensor_decorator to None, run_after=None
[2025-04-27T00:04:29.789+0000] {processor.py:208} INFO - Processing /home/airflow/.local/lib/python3.10/site-packages/airflow/example_dags/example_sensor_decorator.py took 0.065 seconds
[2025-04-27T00:05:00.225+0000] {processor.py:186} INFO - Started process (PID=20922) to work on /home/airflow/.local/lib/python3.10/site-packages/airflow/example_dags/example_sensor_decorator.py
[2025-04-27T00:05:00.226+0000] {processor.py:914} INFO - Processing file /home/airflow/.local/lib/python3.10/site-packages/airflow/example_dags/example_sensor_decorator.py for tasks to queue
[2025-04-27T00:05:00.229+0000] {logging_mixin.py:190} INFO - [2025-04-27T00:05:00.228+0000] {dagbag.py:588} INFO - Filling up the DagBag from /home/airflow/.local/lib/python3.10/site-packages/airflow/example_dags/example_sensor_decorator.py
[2025-04-27T00:05:00.238+0000] {processor.py:925} INFO - DAG(s) 'example_sensor_decorator' retrieved from /home/airflow/.local/lib/python3.10/site-packages/airflow/example_dags/example_sensor_decorator.py
[2025-04-27T00:05:00.260+0000] {logging_mixin.py:190} INFO - [2025-04-27T00:05:00.260+0000] {dag.py:3239} INFO - Sync 1 DAGs
[2025-04-27T00:05:00.276+0000] {logging_mixin.py:190} INFO - [2025-04-27T00:05:00.275+0000] {dag.py:4180} INFO - Setting next_dagrun for example_sensor_decorator to None, run_after=None
[2025-04-27T00:05:00.295+0000] {processor.py:208} INFO - Processing /home/airflow/.local/lib/python3.10/site-packages/airflow/example_dags/example_sensor_decorator.py took 0.076 seconds
[2025-04-27T00:05:31.247+0000] {processor.py:186} INFO - Started process (PID=20988) to work on /home/airflow/.local/lib/python3.10/site-packages/airflow/example_dags/example_sensor_decorator.py
[2025-04-27T00:05:31.248+0000] {processor.py:914} INFO - Processing file /home/airflow/.local/lib/python3.10/site-packages/airflow/example_dags/example_sensor_decorator.py for tasks to queue
[2025-04-27T00:05:31.250+0000] {logging_mixin.py:190} INFO - [2025-04-27T00:05:31.250+0000] {dagbag.py:588} INFO - Filling up the DagBag from /home/airflow/.local/lib/python3.10/site-packages/airflow/example_dags/example_sensor_decorator.py
[2025-04-27T00:05:31.260+0000] {processor.py:925} INFO - DAG(s) 'example_sensor_decorator' retrieved from /home/airflow/.local/lib/python3.10/site-packages/airflow/example_dags/example_sensor_decorator.py
[2025-04-27T00:05:31.283+0000] {logging_mixin.py:190} INFO - [2025-04-27T00:05:31.283+0000] {dag.py:3239} INFO - Sync 1 DAGs
[2025-04-27T00:05:31.302+0000] {logging_mixin.py:190} INFO - [2025-04-27T00:05:31.302+0000] {dag.py:4180} INFO - Setting next_dagrun for example_sensor_decorator to None, run_after=None
[2025-04-27T00:05:31.321+0000] {processor.py:208} INFO - Processing /home/airflow/.local/lib/python3.10/site-packages/airflow/example_dags/example_sensor_decorator.py took 0.080 seconds
[2025-04-27T00:06:02.245+0000] {processor.py:186} INFO - Started process (PID=21054) to work on /home/airflow/.local/lib/python3.10/site-packages/airflow/example_dags/example_sensor_decorator.py
[2025-04-27T00:06:02.247+0000] {processor.py:914} INFO - Processing file /home/airflow/.local/lib/python3.10/site-packages/airflow/example_dags/example_sensor_decorator.py for tasks to queue
[2025-04-27T00:06:02.249+0000] {logging_mixin.py:190} INFO - [2025-04-27T00:06:02.249+0000] {dagbag.py:588} INFO - Filling up the DagBag from /home/airflow/.local/lib/python3.10/site-packages/airflow/example_dags/example_sensor_decorator.py
[2025-04-27T00:06:02.257+0000] {processor.py:925} INFO - DAG(s) 'example_sensor_decorator' retrieved from /home/airflow/.local/lib/python3.10/site-packages/airflow/example_dags/example_sensor_decorator.py
[2025-04-27T00:06:02.276+0000] {logging_mixin.py:190} INFO - [2025-04-27T00:06:02.276+0000] {dag.py:3239} INFO - Sync 1 DAGs
[2025-04-27T00:06:02.291+0000] {logging_mixin.py:190} INFO - [2025-04-27T00:06:02.291+0000] {dag.py:4180} INFO - Setting next_dagrun for example_sensor_decorator to None, run_after=None
[2025-04-27T00:06:02.313+0000] {processor.py:208} INFO - Processing /home/airflow/.local/lib/python3.10/site-packages/airflow/example_dags/example_sensor_decorator.py took 0.074 seconds
[2025-04-27T00:06:32.553+0000] {processor.py:186} INFO - Started process (PID=21120) to work on /home/airflow/.local/lib/python3.10/site-packages/airflow/example_dags/example_sensor_decorator.py
[2025-04-27T00:06:32.554+0000] {processor.py:914} INFO - Processing file /home/airflow/.local/lib/python3.10/site-packages/airflow/example_dags/example_sensor_decorator.py for tasks to queue
[2025-04-27T00:06:32.557+0000] {logging_mixin.py:190} INFO - [2025-04-27T00:06:32.556+0000] {dagbag.py:588} INFO - Filling up the DagBag from /home/airflow/.local/lib/python3.10/site-packages/airflow/example_dags/example_sensor_decorator.py
[2025-04-27T00:06:32.565+0000] {processor.py:925} INFO - DAG(s) 'example_sensor_decorator' retrieved from /home/airflow/.local/lib/python3.10/site-packages/airflow/example_dags/example_sensor_decorator.py
[2025-04-27T00:06:32.586+0000] {logging_mixin.py:190} INFO - [2025-04-27T00:06:32.585+0000] {dag.py:3239} INFO - Sync 1 DAGs
[2025-04-27T00:06:32.600+0000] {logging_mixin.py:190} INFO - [2025-04-27T00:06:32.600+0000] {dag.py:4180} INFO - Setting next_dagrun for example_sensor_decorator to None, run_after=None
[2025-04-27T00:06:32.622+0000] {processor.py:208} INFO - Processing /home/airflow/.local/lib/python3.10/site-packages/airflow/example_dags/example_sensor_decorator.py took 0.076 seconds
[2025-04-27T00:07:03.345+0000] {processor.py:186} INFO - Started process (PID=21186) to work on /home/airflow/.local/lib/python3.10/site-packages/airflow/example_dags/example_sensor_decorator.py
[2025-04-27T00:07:03.346+0000] {processor.py:914} INFO - Processing file /home/airflow/.local/lib/python3.10/site-packages/airflow/example_dags/example_sensor_decorator.py for tasks to queue
[2025-04-27T00:07:03.349+0000] {logging_mixin.py:190} INFO - [2025-04-27T00:07:03.348+0000] {dagbag.py:588} INFO - Filling up the DagBag from /home/airflow/.local/lib/python3.10/site-packages/airflow/example_dags/example_sensor_decorator.py
[2025-04-27T00:07:03.357+0000] {processor.py:925} INFO - DAG(s) 'example_sensor_decorator' retrieved from /home/airflow/.local/lib/python3.10/site-packages/airflow/example_dags/example_sensor_decorator.py
[2025-04-27T00:07:03.375+0000] {logging_mixin.py:190} INFO - [2025-04-27T00:07:03.374+0000] {dag.py:3239} INFO - Sync 1 DAGs
[2025-04-27T00:07:03.388+0000] {logging_mixin.py:190} INFO - [2025-04-27T00:07:03.388+0000] {dag.py:4180} INFO - Setting next_dagrun for example_sensor_decorator to None, run_after=None
[2025-04-27T00:07:03.406+0000] {processor.py:208} INFO - Processing /home/airflow/.local/lib/python3.10/site-packages/airflow/example_dags/example_sensor_decorator.py took 0.067 seconds
[2025-04-27T00:07:34.239+0000] {processor.py:186} INFO - Started process (PID=21251) to work on /home/airflow/.local/lib/python3.10/site-packages/airflow/example_dags/example_sensor_decorator.py
[2025-04-27T00:07:34.240+0000] {processor.py:914} INFO - Processing file /home/airflow/.local/lib/python3.10/site-packages/airflow/example_dags/example_sensor_decorator.py for tasks to queue
[2025-04-27T00:07:34.244+0000] {logging_mixin.py:190} INFO - [2025-04-27T00:07:34.243+0000] {dagbag.py:588} INFO - Filling up the DagBag from /home/airflow/.local/lib/python3.10/site-packages/airflow/example_dags/example_sensor_decorator.py
[2025-04-27T00:07:34.253+0000] {processor.py:925} INFO - DAG(s) 'example_sensor_decorator' retrieved from /home/airflow/.local/lib/python3.10/site-packages/airflow/example_dags/example_sensor_decorator.py
[2025-04-27T00:07:34.273+0000] {logging_mixin.py:190} INFO - [2025-04-27T00:07:34.273+0000] {dag.py:3239} INFO - Sync 1 DAGs
[2025-04-27T00:07:34.288+0000] {logging_mixin.py:190} INFO - [2025-04-27T00:07:34.287+0000] {dag.py:4180} INFO - Setting next_dagrun for example_sensor_decorator to None, run_after=None
[2025-04-27T00:07:34.308+0000] {processor.py:208} INFO - Processing /home/airflow/.local/lib/python3.10/site-packages/airflow/example_dags/example_sensor_decorator.py took 0.075 seconds
[2025-04-27T00:08:04.518+0000] {processor.py:186} INFO - Started process (PID=21317) to work on /home/airflow/.local/lib/python3.10/site-packages/airflow/example_dags/example_sensor_decorator.py
[2025-04-27T00:08:04.520+0000] {processor.py:914} INFO - Processing file /home/airflow/.local/lib/python3.10/site-packages/airflow/example_dags/example_sensor_decorator.py for tasks to queue
[2025-04-27T00:08:04.523+0000] {logging_mixin.py:190} INFO - [2025-04-27T00:08:04.523+0000] {dagbag.py:588} INFO - Filling up the DagBag from /home/airflow/.local/lib/python3.10/site-packages/airflow/example_dags/example_sensor_decorator.py
[2025-04-27T00:08:04.533+0000] {processor.py:925} INFO - DAG(s) 'example_sensor_decorator' retrieved from /home/airflow/.local/lib/python3.10/site-packages/airflow/example_dags/example_sensor_decorator.py
[2025-04-27T00:08:04.559+0000] {logging_mixin.py:190} INFO - [2025-04-27T00:08:04.558+0000] {dag.py:3239} INFO - Sync 1 DAGs
[2025-04-27T00:08:04.577+0000] {logging_mixin.py:190} INFO - [2025-04-27T00:08:04.577+0000] {dag.py:4180} INFO - Setting next_dagrun for example_sensor_decorator to None, run_after=None
[2025-04-27T00:08:04.602+0000] {processor.py:208} INFO - Processing /home/airflow/.local/lib/python3.10/site-packages/airflow/example_dags/example_sensor_decorator.py took 0.092 seconds
[2025-04-27T00:08:34.796+0000] {processor.py:186} INFO - Started process (PID=21383) to work on /home/airflow/.local/lib/python3.10/site-packages/airflow/example_dags/example_sensor_decorator.py
[2025-04-27T00:08:34.797+0000] {processor.py:914} INFO - Processing file /home/airflow/.local/lib/python3.10/site-packages/airflow/example_dags/example_sensor_decorator.py for tasks to queue
[2025-04-27T00:08:34.799+0000] {logging_mixin.py:190} INFO - [2025-04-27T00:08:34.799+0000] {dagbag.py:588} INFO - Filling up the DagBag from /home/airflow/.local/lib/python3.10/site-packages/airflow/example_dags/example_sensor_decorator.py
[2025-04-27T00:08:34.807+0000] {processor.py:925} INFO - DAG(s) 'example_sensor_decorator' retrieved from /home/airflow/.local/lib/python3.10/site-packages/airflow/example_dags/example_sensor_decorator.py
[2025-04-27T00:08:34.829+0000] {logging_mixin.py:190} INFO - [2025-04-27T00:08:34.829+0000] {dag.py:3239} INFO - Sync 1 DAGs
[2025-04-27T00:08:34.846+0000] {logging_mixin.py:190} INFO - [2025-04-27T00:08:34.846+0000] {dag.py:4180} INFO - Setting next_dagrun for example_sensor_decorator to None, run_after=None
[2025-04-27T00:08:34.867+0000] {processor.py:208} INFO - Processing /home/airflow/.local/lib/python3.10/site-packages/airflow/example_dags/example_sensor_decorator.py took 0.077 seconds
[2025-04-27T00:09:04.991+0000] {processor.py:186} INFO - Started process (PID=21449) to work on /home/airflow/.local/lib/python3.10/site-packages/airflow/example_dags/example_sensor_decorator.py
[2025-04-27T00:09:04.992+0000] {processor.py:914} INFO - Processing file /home/airflow/.local/lib/python3.10/site-packages/airflow/example_dags/example_sensor_decorator.py for tasks to queue
[2025-04-27T00:09:04.994+0000] {logging_mixin.py:190} INFO - [2025-04-27T00:09:04.994+0000] {dagbag.py:588} INFO - Filling up the DagBag from /home/airflow/.local/lib/python3.10/site-packages/airflow/example_dags/example_sensor_decorator.py
[2025-04-27T00:09:05.006+0000] {processor.py:925} INFO - DAG(s) 'example_sensor_decorator' retrieved from /home/airflow/.local/lib/python3.10/site-packages/airflow/example_dags/example_sensor_decorator.py
[2025-04-27T00:09:05.029+0000] {logging_mixin.py:190} INFO - [2025-04-27T00:09:05.029+0000] {dag.py:3239} INFO - Sync 1 DAGs
[2025-04-27T00:09:05.044+0000] {logging_mixin.py:190} INFO - [2025-04-27T00:09:05.044+0000] {dag.py:4180} INFO - Setting next_dagrun for example_sensor_decorator to None, run_after=None
[2025-04-27T00:09:05.066+0000] {processor.py:208} INFO - Processing /home/airflow/.local/lib/python3.10/site-packages/airflow/example_dags/example_sensor_decorator.py took 0.082 seconds
[2025-04-27T00:09:35.263+0000] {processor.py:186} INFO - Started process (PID=21515) to work on /home/airflow/.local/lib/python3.10/site-packages/airflow/example_dags/example_sensor_decorator.py
[2025-04-27T00:09:35.264+0000] {processor.py:914} INFO - Processing file /home/airflow/.local/lib/python3.10/site-packages/airflow/example_dags/example_sensor_decorator.py for tasks to queue
[2025-04-27T00:09:35.266+0000] {logging_mixin.py:190} INFO - [2025-04-27T00:09:35.266+0000] {dagbag.py:588} INFO - Filling up the DagBag from /home/airflow/.local/lib/python3.10/site-packages/airflow/example_dags/example_sensor_decorator.py
[2025-04-27T00:09:35.274+0000] {processor.py:925} INFO - DAG(s) 'example_sensor_decorator' retrieved from /home/airflow/.local/lib/python3.10/site-packages/airflow/example_dags/example_sensor_decorator.py
[2025-04-27T00:09:35.293+0000] {logging_mixin.py:190} INFO - [2025-04-27T00:09:35.292+0000] {dag.py:3239} INFO - Sync 1 DAGs
[2025-04-27T00:09:35.306+0000] {logging_mixin.py:190} INFO - [2025-04-27T00:09:35.306+0000] {dag.py:4180} INFO - Setting next_dagrun for example_sensor_decorator to None, run_after=None
[2025-04-27T00:09:35.324+0000] {processor.py:208} INFO - Processing /home/airflow/.local/lib/python3.10/site-packages/airflow/example_dags/example_sensor_decorator.py took 0.067 seconds
[2025-04-27T00:10:05.570+0000] {processor.py:186} INFO - Started process (PID=21581) to work on /home/airflow/.local/lib/python3.10/site-packages/airflow/example_dags/example_sensor_decorator.py
[2025-04-27T00:10:05.571+0000] {processor.py:914} INFO - Processing file /home/airflow/.local/lib/python3.10/site-packages/airflow/example_dags/example_sensor_decorator.py for tasks to queue
[2025-04-27T00:10:05.573+0000] {logging_mixin.py:190} INFO - [2025-04-27T00:10:05.573+0000] {dagbag.py:588} INFO - Filling up the DagBag from /home/airflow/.local/lib/python3.10/site-packages/airflow/example_dags/example_sensor_decorator.py
[2025-04-27T00:10:05.581+0000] {processor.py:925} INFO - DAG(s) 'example_sensor_decorator' retrieved from /home/airflow/.local/lib/python3.10/site-packages/airflow/example_dags/example_sensor_decorator.py
[2025-04-27T00:10:05.600+0000] {logging_mixin.py:190} INFO - [2025-04-27T00:10:05.600+0000] {dag.py:3239} INFO - Sync 1 DAGs
[2025-04-27T00:10:05.614+0000] {logging_mixin.py:190} INFO - [2025-04-27T00:10:05.614+0000] {dag.py:4180} INFO - Setting next_dagrun for example_sensor_decorator to None, run_after=None
[2025-04-27T00:10:05.635+0000] {processor.py:208} INFO - Processing /home/airflow/.local/lib/python3.10/site-packages/airflow/example_dags/example_sensor_decorator.py took 0.072 seconds
[2025-04-27T00:10:35.964+0000] {processor.py:186} INFO - Started process (PID=21647) to work on /home/airflow/.local/lib/python3.10/site-packages/airflow/example_dags/example_sensor_decorator.py
[2025-04-27T00:10:35.965+0000] {processor.py:914} INFO - Processing file /home/airflow/.local/lib/python3.10/site-packages/airflow/example_dags/example_sensor_decorator.py for tasks to queue
[2025-04-27T00:10:35.967+0000] {logging_mixin.py:190} INFO - [2025-04-27T00:10:35.966+0000] {dagbag.py:588} INFO - Filling up the DagBag from /home/airflow/.local/lib/python3.10/site-packages/airflow/example_dags/example_sensor_decorator.py
[2025-04-27T00:10:35.974+0000] {processor.py:925} INFO - DAG(s) 'example_sensor_decorator' retrieved from /home/airflow/.local/lib/python3.10/site-packages/airflow/example_dags/example_sensor_decorator.py
[2025-04-27T00:10:35.992+0000] {logging_mixin.py:190} INFO - [2025-04-27T00:10:35.991+0000] {dag.py:3239} INFO - Sync 1 DAGs
[2025-04-27T00:10:36.005+0000] {logging_mixin.py:190} INFO - [2025-04-27T00:10:36.005+0000] {dag.py:4180} INFO - Setting next_dagrun for example_sensor_decorator to None, run_after=None
[2025-04-27T00:10:36.023+0000] {processor.py:208} INFO - Processing /home/airflow/.local/lib/python3.10/site-packages/airflow/example_dags/example_sensor_decorator.py took 0.065 seconds
[2025-04-27T00:11:06.927+0000] {processor.py:186} INFO - Started process (PID=21713) to work on /home/airflow/.local/lib/python3.10/site-packages/airflow/example_dags/example_sensor_decorator.py
[2025-04-27T00:11:06.928+0000] {processor.py:914} INFO - Processing file /home/airflow/.local/lib/python3.10/site-packages/airflow/example_dags/example_sensor_decorator.py for tasks to queue
[2025-04-27T00:11:06.931+0000] {logging_mixin.py:190} INFO - [2025-04-27T00:11:06.930+0000] {dagbag.py:588} INFO - Filling up the DagBag from /home/airflow/.local/lib/python3.10/site-packages/airflow/example_dags/example_sensor_decorator.py
[2025-04-27T00:11:06.940+0000] {processor.py:925} INFO - DAG(s) 'example_sensor_decorator' retrieved from /home/airflow/.local/lib/python3.10/site-packages/airflow/example_dags/example_sensor_decorator.py
[2025-04-27T00:11:06.963+0000] {logging_mixin.py:190} INFO - [2025-04-27T00:11:06.962+0000] {dag.py:3239} INFO - Sync 1 DAGs
[2025-04-27T00:11:06.984+0000] {logging_mixin.py:190} INFO - [2025-04-27T00:11:06.983+0000] {dag.py:4180} INFO - Setting next_dagrun for example_sensor_decorator to None, run_after=None
[2025-04-27T00:11:07.010+0000] {processor.py:208} INFO - Processing /home/airflow/.local/lib/python3.10/site-packages/airflow/example_dags/example_sensor_decorator.py took 0.090 seconds
[2025-04-27T00:11:37.245+0000] {processor.py:186} INFO - Started process (PID=21779) to work on /home/airflow/.local/lib/python3.10/site-packages/airflow/example_dags/example_sensor_decorator.py
[2025-04-27T00:11:37.247+0000] {processor.py:914} INFO - Processing file /home/airflow/.local/lib/python3.10/site-packages/airflow/example_dags/example_sensor_decorator.py for tasks to queue
[2025-04-27T00:11:37.250+0000] {logging_mixin.py:190} INFO - [2025-04-27T00:11:37.249+0000] {dagbag.py:588} INFO - Filling up the DagBag from /home/airflow/.local/lib/python3.10/site-packages/airflow/example_dags/example_sensor_decorator.py
[2025-04-27T00:11:37.261+0000] {processor.py:925} INFO - DAG(s) 'example_sensor_decorator' retrieved from /home/airflow/.local/lib/python3.10/site-packages/airflow/example_dags/example_sensor_decorator.py
[2025-04-27T00:11:37.284+0000] {logging_mixin.py:190} INFO - [2025-04-27T00:11:37.283+0000] {dag.py:3239} INFO - Sync 1 DAGs
[2025-04-27T00:11:37.304+0000] {logging_mixin.py:190} INFO - [2025-04-27T00:11:37.304+0000] {dag.py:4180} INFO - Setting next_dagrun for example_sensor_decorator to None, run_after=None
[2025-04-27T00:11:37.332+0000] {processor.py:208} INFO - Processing /home/airflow/.local/lib/python3.10/site-packages/airflow/example_dags/example_sensor_decorator.py took 0.096 seconds
[2025-04-27T00:12:07.596+0000] {processor.py:186} INFO - Started process (PID=21845) to work on /home/airflow/.local/lib/python3.10/site-packages/airflow/example_dags/example_sensor_decorator.py
[2025-04-27T00:12:07.597+0000] {processor.py:914} INFO - Processing file /home/airflow/.local/lib/python3.10/site-packages/airflow/example_dags/example_sensor_decorator.py for tasks to queue
[2025-04-27T00:12:07.599+0000] {logging_mixin.py:190} INFO - [2025-04-27T00:12:07.599+0000] {dagbag.py:588} INFO - Filling up the DagBag from /home/airflow/.local/lib/python3.10/site-packages/airflow/example_dags/example_sensor_decorator.py
[2025-04-27T00:12:07.606+0000] {processor.py:925} INFO - DAG(s) 'example_sensor_decorator' retrieved from /home/airflow/.local/lib/python3.10/site-packages/airflow/example_dags/example_sensor_decorator.py
[2025-04-27T00:12:07.624+0000] {logging_mixin.py:190} INFO - [2025-04-27T00:12:07.624+0000] {dag.py:3239} INFO - Sync 1 DAGs
[2025-04-27T00:12:07.638+0000] {logging_mixin.py:190} INFO - [2025-04-27T00:12:07.638+0000] {dag.py:4180} INFO - Setting next_dagrun for example_sensor_decorator to None, run_after=None
[2025-04-27T00:12:07.656+0000] {processor.py:208} INFO - Processing /home/airflow/.local/lib/python3.10/site-packages/airflow/example_dags/example_sensor_decorator.py took 0.066 seconds
[2025-04-27T00:12:37.942+0000] {processor.py:186} INFO - Started process (PID=21911) to work on /home/airflow/.local/lib/python3.10/site-packages/airflow/example_dags/example_sensor_decorator.py
[2025-04-27T00:12:37.943+0000] {processor.py:914} INFO - Processing file /home/airflow/.local/lib/python3.10/site-packages/airflow/example_dags/example_sensor_decorator.py for tasks to queue
[2025-04-27T00:12:37.946+0000] {logging_mixin.py:190} INFO - [2025-04-27T00:12:37.946+0000] {dagbag.py:588} INFO - Filling up the DagBag from /home/airflow/.local/lib/python3.10/site-packages/airflow/example_dags/example_sensor_decorator.py
[2025-04-27T00:12:37.957+0000] {processor.py:925} INFO - DAG(s) 'example_sensor_decorator' retrieved from /home/airflow/.local/lib/python3.10/site-packages/airflow/example_dags/example_sensor_decorator.py
[2025-04-27T00:12:37.984+0000] {logging_mixin.py:190} INFO - [2025-04-27T00:12:37.984+0000] {dag.py:3239} INFO - Sync 1 DAGs
[2025-04-27T00:12:38.002+0000] {logging_mixin.py:190} INFO - [2025-04-27T00:12:38.002+0000] {dag.py:4180} INFO - Setting next_dagrun for example_sensor_decorator to None, run_after=None
[2025-04-27T00:12:38.025+0000] {processor.py:208} INFO - Processing /home/airflow/.local/lib/python3.10/site-packages/airflow/example_dags/example_sensor_decorator.py took 0.091 seconds
[2025-04-27T00:13:08.355+0000] {processor.py:186} INFO - Started process (PID=21977) to work on /home/airflow/.local/lib/python3.10/site-packages/airflow/example_dags/example_sensor_decorator.py
[2025-04-27T00:13:08.356+0000] {processor.py:914} INFO - Processing file /home/airflow/.local/lib/python3.10/site-packages/airflow/example_dags/example_sensor_decorator.py for tasks to queue
[2025-04-27T00:13:08.358+0000] {logging_mixin.py:190} INFO - [2025-04-27T00:13:08.358+0000] {dagbag.py:588} INFO - Filling up the DagBag from /home/airflow/.local/lib/python3.10/site-packages/airflow/example_dags/example_sensor_decorator.py
[2025-04-27T00:13:08.366+0000] {processor.py:925} INFO - DAG(s) 'example_sensor_decorator' retrieved from /home/airflow/.local/lib/python3.10/site-packages/airflow/example_dags/example_sensor_decorator.py
[2025-04-27T00:13:08.387+0000] {logging_mixin.py:190} INFO - [2025-04-27T00:13:08.387+0000] {dag.py:3239} INFO - Sync 1 DAGs
[2025-04-27T00:13:08.401+0000] {logging_mixin.py:190} INFO - [2025-04-27T00:13:08.401+0000] {dag.py:4180} INFO - Setting next_dagrun for example_sensor_decorator to None, run_after=None
[2025-04-27T00:13:08.421+0000] {processor.py:208} INFO - Processing /home/airflow/.local/lib/python3.10/site-packages/airflow/example_dags/example_sensor_decorator.py took 0.073 seconds
[2025-04-27T00:13:39.370+0000] {processor.py:186} INFO - Started process (PID=22043) to work on /home/airflow/.local/lib/python3.10/site-packages/airflow/example_dags/example_sensor_decorator.py
[2025-04-27T00:13:39.371+0000] {processor.py:914} INFO - Processing file /home/airflow/.local/lib/python3.10/site-packages/airflow/example_dags/example_sensor_decorator.py for tasks to queue
[2025-04-27T00:13:39.373+0000] {logging_mixin.py:190} INFO - [2025-04-27T00:13:39.373+0000] {dagbag.py:588} INFO - Filling up the DagBag from /home/airflow/.local/lib/python3.10/site-packages/airflow/example_dags/example_sensor_decorator.py
[2025-04-27T00:13:39.380+0000] {processor.py:925} INFO - DAG(s) 'example_sensor_decorator' retrieved from /home/airflow/.local/lib/python3.10/site-packages/airflow/example_dags/example_sensor_decorator.py
[2025-04-27T00:13:39.398+0000] {logging_mixin.py:190} INFO - [2025-04-27T00:13:39.398+0000] {dag.py:3239} INFO - Sync 1 DAGs
[2025-04-27T00:13:39.412+0000] {logging_mixin.py:190} INFO - [2025-04-27T00:13:39.412+0000] {dag.py:4180} INFO - Setting next_dagrun for example_sensor_decorator to None, run_after=None
[2025-04-27T00:13:39.431+0000] {processor.py:208} INFO - Processing /home/airflow/.local/lib/python3.10/site-packages/airflow/example_dags/example_sensor_decorator.py took 0.066 seconds
[2025-04-27T00:14:09.739+0000] {processor.py:186} INFO - Started process (PID=22110) to work on /home/airflow/.local/lib/python3.10/site-packages/airflow/example_dags/example_sensor_decorator.py
[2025-04-27T00:14:09.740+0000] {processor.py:914} INFO - Processing file /home/airflow/.local/lib/python3.10/site-packages/airflow/example_dags/example_sensor_decorator.py for tasks to queue
[2025-04-27T00:14:09.743+0000] {logging_mixin.py:190} INFO - [2025-04-27T00:14:09.742+0000] {dagbag.py:588} INFO - Filling up the DagBag from /home/airflow/.local/lib/python3.10/site-packages/airflow/example_dags/example_sensor_decorator.py
[2025-04-27T00:14:09.750+0000] {processor.py:925} INFO - DAG(s) 'example_sensor_decorator' retrieved from /home/airflow/.local/lib/python3.10/site-packages/airflow/example_dags/example_sensor_decorator.py
[2025-04-27T00:14:09.769+0000] {logging_mixin.py:190} INFO - [2025-04-27T00:14:09.768+0000] {dag.py:3239} INFO - Sync 1 DAGs
[2025-04-27T00:14:09.782+0000] {logging_mixin.py:190} INFO - [2025-04-27T00:14:09.782+0000] {dag.py:4180} INFO - Setting next_dagrun for example_sensor_decorator to None, run_after=None
[2025-04-27T00:14:09.798+0000] {processor.py:208} INFO - Processing /home/airflow/.local/lib/python3.10/site-packages/airflow/example_dags/example_sensor_decorator.py took 0.065 seconds
[2025-04-27T00:14:40.762+0000] {processor.py:186} INFO - Started process (PID=22176) to work on /home/airflow/.local/lib/python3.10/site-packages/airflow/example_dags/example_sensor_decorator.py
[2025-04-27T00:14:40.763+0000] {processor.py:914} INFO - Processing file /home/airflow/.local/lib/python3.10/site-packages/airflow/example_dags/example_sensor_decorator.py for tasks to queue
[2025-04-27T00:14:40.766+0000] {logging_mixin.py:190} INFO - [2025-04-27T00:14:40.765+0000] {dagbag.py:588} INFO - Filling up the DagBag from /home/airflow/.local/lib/python3.10/site-packages/airflow/example_dags/example_sensor_decorator.py
[2025-04-27T00:14:40.776+0000] {processor.py:925} INFO - DAG(s) 'example_sensor_decorator' retrieved from /home/airflow/.local/lib/python3.10/site-packages/airflow/example_dags/example_sensor_decorator.py
[2025-04-27T00:14:40.797+0000] {logging_mixin.py:190} INFO - [2025-04-27T00:14:40.797+0000] {dag.py:3239} INFO - Sync 1 DAGs
[2025-04-27T00:14:40.812+0000] {logging_mixin.py:190} INFO - [2025-04-27T00:14:40.812+0000] {dag.py:4180} INFO - Setting next_dagrun for example_sensor_decorator to None, run_after=None
[2025-04-27T00:14:40.834+0000] {processor.py:208} INFO - Processing /home/airflow/.local/lib/python3.10/site-packages/airflow/example_dags/example_sensor_decorator.py took 0.081 seconds
[2025-04-27T00:15:11.347+0000] {processor.py:186} INFO - Started process (PID=22240) to work on /home/airflow/.local/lib/python3.10/site-packages/airflow/example_dags/example_sensor_decorator.py
[2025-04-27T00:15:11.348+0000] {processor.py:914} INFO - Processing file /home/airflow/.local/lib/python3.10/site-packages/airflow/example_dags/example_sensor_decorator.py for tasks to queue
[2025-04-27T00:15:11.350+0000] {logging_mixin.py:190} INFO - [2025-04-27T00:15:11.350+0000] {dagbag.py:588} INFO - Filling up the DagBag from /home/airflow/.local/lib/python3.10/site-packages/airflow/example_dags/example_sensor_decorator.py
[2025-04-27T00:15:11.363+0000] {processor.py:925} INFO - DAG(s) 'example_sensor_decorator' retrieved from /home/airflow/.local/lib/python3.10/site-packages/airflow/example_dags/example_sensor_decorator.py
[2025-04-27T00:15:11.387+0000] {logging_mixin.py:190} INFO - [2025-04-27T00:15:11.387+0000] {dag.py:3239} INFO - Sync 1 DAGs
[2025-04-27T00:15:11.405+0000] {logging_mixin.py:190} INFO - [2025-04-27T00:15:11.404+0000] {dag.py:4180} INFO - Setting next_dagrun for example_sensor_decorator to None, run_after=None
[2025-04-27T00:15:11.434+0000] {processor.py:208} INFO - Processing /home/airflow/.local/lib/python3.10/site-packages/airflow/example_dags/example_sensor_decorator.py took 0.096 seconds
[2025-04-27T00:15:42.445+0000] {processor.py:186} INFO - Started process (PID=22306) to work on /home/airflow/.local/lib/python3.10/site-packages/airflow/example_dags/example_sensor_decorator.py
[2025-04-27T00:15:42.446+0000] {processor.py:914} INFO - Processing file /home/airflow/.local/lib/python3.10/site-packages/airflow/example_dags/example_sensor_decorator.py for tasks to queue
[2025-04-27T00:15:42.449+0000] {logging_mixin.py:190} INFO - [2025-04-27T00:15:42.449+0000] {dagbag.py:588} INFO - Filling up the DagBag from /home/airflow/.local/lib/python3.10/site-packages/airflow/example_dags/example_sensor_decorator.py
[2025-04-27T00:15:42.459+0000] {processor.py:925} INFO - DAG(s) 'example_sensor_decorator' retrieved from /home/airflow/.local/lib/python3.10/site-packages/airflow/example_dags/example_sensor_decorator.py
[2025-04-27T00:15:42.484+0000] {logging_mixin.py:190} INFO - [2025-04-27T00:15:42.484+0000] {dag.py:3239} INFO - Sync 1 DAGs
[2025-04-27T00:15:42.502+0000] {logging_mixin.py:190} INFO - [2025-04-27T00:15:42.501+0000] {dag.py:4180} INFO - Setting next_dagrun for example_sensor_decorator to None, run_after=None
[2025-04-27T00:15:42.534+0000] {processor.py:208} INFO - Processing /home/airflow/.local/lib/python3.10/site-packages/airflow/example_dags/example_sensor_decorator.py took 0.098 seconds
[2025-04-27T00:16:13.242+0000] {processor.py:186} INFO - Started process (PID=22372) to work on /home/airflow/.local/lib/python3.10/site-packages/airflow/example_dags/example_sensor_decorator.py
[2025-04-27T00:16:13.244+0000] {processor.py:914} INFO - Processing file /home/airflow/.local/lib/python3.10/site-packages/airflow/example_dags/example_sensor_decorator.py for tasks to queue
[2025-04-27T00:16:13.248+0000] {logging_mixin.py:190} INFO - [2025-04-27T00:16:13.247+0000] {dagbag.py:588} INFO - Filling up the DagBag from /home/airflow/.local/lib/python3.10/site-packages/airflow/example_dags/example_sensor_decorator.py
[2025-04-27T00:16:13.258+0000] {processor.py:925} INFO - DAG(s) 'example_sensor_decorator' retrieved from /home/airflow/.local/lib/python3.10/site-packages/airflow/example_dags/example_sensor_decorator.py
[2025-04-27T00:16:13.282+0000] {logging_mixin.py:190} INFO - [2025-04-27T00:16:13.281+0000] {dag.py:3239} INFO - Sync 1 DAGs
[2025-04-27T00:16:13.301+0000] {logging_mixin.py:190} INFO - [2025-04-27T00:16:13.300+0000] {dag.py:4180} INFO - Setting next_dagrun for example_sensor_decorator to None, run_after=None
[2025-04-27T00:16:13.326+0000] {processor.py:208} INFO - Processing /home/airflow/.local/lib/python3.10/site-packages/airflow/example_dags/example_sensor_decorator.py took 0.093 seconds
[2025-04-27T00:16:43.697+0000] {processor.py:186} INFO - Started process (PID=22438) to work on /home/airflow/.local/lib/python3.10/site-packages/airflow/example_dags/example_sensor_decorator.py
[2025-04-27T00:16:43.699+0000] {processor.py:914} INFO - Processing file /home/airflow/.local/lib/python3.10/site-packages/airflow/example_dags/example_sensor_decorator.py for tasks to queue
[2025-04-27T00:16:43.701+0000] {logging_mixin.py:190} INFO - [2025-04-27T00:16:43.701+0000] {dagbag.py:588} INFO - Filling up the DagBag from /home/airflow/.local/lib/python3.10/site-packages/airflow/example_dags/example_sensor_decorator.py
[2025-04-27T00:16:43.709+0000] {processor.py:925} INFO - DAG(s) 'example_sensor_decorator' retrieved from /home/airflow/.local/lib/python3.10/site-packages/airflow/example_dags/example_sensor_decorator.py
[2025-04-27T00:16:43.730+0000] {logging_mixin.py:190} INFO - [2025-04-27T00:16:43.730+0000] {dag.py:3239} INFO - Sync 1 DAGs
[2025-04-27T00:16:43.746+0000] {logging_mixin.py:190} INFO - [2025-04-27T00:16:43.745+0000] {dag.py:4180} INFO - Setting next_dagrun for example_sensor_decorator to None, run_after=None
[2025-04-27T00:16:43.768+0000] {processor.py:208} INFO - Processing /home/airflow/.local/lib/python3.10/site-packages/airflow/example_dags/example_sensor_decorator.py took 0.077 seconds
[2025-04-27T00:17:14.592+0000] {processor.py:186} INFO - Started process (PID=22504) to work on /home/airflow/.local/lib/python3.10/site-packages/airflow/example_dags/example_sensor_decorator.py
[2025-04-27T00:17:14.593+0000] {processor.py:914} INFO - Processing file /home/airflow/.local/lib/python3.10/site-packages/airflow/example_dags/example_sensor_decorator.py for tasks to queue
[2025-04-27T00:17:14.596+0000] {logging_mixin.py:190} INFO - [2025-04-27T00:17:14.596+0000] {dagbag.py:588} INFO - Filling up the DagBag from /home/airflow/.local/lib/python3.10/site-packages/airflow/example_dags/example_sensor_decorator.py
[2025-04-27T00:17:14.604+0000] {processor.py:925} INFO - DAG(s) 'example_sensor_decorator' retrieved from /home/airflow/.local/lib/python3.10/site-packages/airflow/example_dags/example_sensor_decorator.py
[2025-04-27T00:17:14.629+0000] {logging_mixin.py:190} INFO - [2025-04-27T00:17:14.628+0000] {dag.py:3239} INFO - Sync 1 DAGs
[2025-04-27T00:17:14.647+0000] {logging_mixin.py:190} INFO - [2025-04-27T00:17:14.647+0000] {dag.py:4180} INFO - Setting next_dagrun for example_sensor_decorator to None, run_after=None
[2025-04-27T00:17:14.671+0000] {processor.py:208} INFO - Processing /home/airflow/.local/lib/python3.10/site-packages/airflow/example_dags/example_sensor_decorator.py took 0.086 seconds
[2025-04-27T00:17:44.946+0000] {processor.py:186} INFO - Started process (PID=22570) to work on /home/airflow/.local/lib/python3.10/site-packages/airflow/example_dags/example_sensor_decorator.py
[2025-04-27T00:17:44.947+0000] {processor.py:914} INFO - Processing file /home/airflow/.local/lib/python3.10/site-packages/airflow/example_dags/example_sensor_decorator.py for tasks to queue
[2025-04-27T00:17:44.949+0000] {logging_mixin.py:190} INFO - [2025-04-27T00:17:44.949+0000] {dagbag.py:588} INFO - Filling up the DagBag from /home/airflow/.local/lib/python3.10/site-packages/airflow/example_dags/example_sensor_decorator.py
[2025-04-27T00:17:44.959+0000] {processor.py:925} INFO - DAG(s) 'example_sensor_decorator' retrieved from /home/airflow/.local/lib/python3.10/site-packages/airflow/example_dags/example_sensor_decorator.py
[2025-04-27T00:17:44.982+0000] {logging_mixin.py:190} INFO - [2025-04-27T00:17:44.981+0000] {dag.py:3239} INFO - Sync 1 DAGs
[2025-04-27T00:17:44.996+0000] {logging_mixin.py:190} INFO - [2025-04-27T00:17:44.996+0000] {dag.py:4180} INFO - Setting next_dagrun for example_sensor_decorator to None, run_after=None
[2025-04-27T00:17:45.021+0000] {processor.py:208} INFO - Processing /home/airflow/.local/lib/python3.10/site-packages/airflow/example_dags/example_sensor_decorator.py took 0.083 seconds
[2025-04-27T00:18:15.730+0000] {processor.py:186} INFO - Started process (PID=22636) to work on /home/airflow/.local/lib/python3.10/site-packages/airflow/example_dags/example_sensor_decorator.py
[2025-04-27T00:18:15.731+0000] {processor.py:914} INFO - Processing file /home/airflow/.local/lib/python3.10/site-packages/airflow/example_dags/example_sensor_decorator.py for tasks to queue
[2025-04-27T00:18:15.734+0000] {logging_mixin.py:190} INFO - [2025-04-27T00:18:15.733+0000] {dagbag.py:588} INFO - Filling up the DagBag from /home/airflow/.local/lib/python3.10/site-packages/airflow/example_dags/example_sensor_decorator.py
[2025-04-27T00:18:15.741+0000] {processor.py:925} INFO - DAG(s) 'example_sensor_decorator' retrieved from /home/airflow/.local/lib/python3.10/site-packages/airflow/example_dags/example_sensor_decorator.py
[2025-04-27T00:18:15.764+0000] {logging_mixin.py:190} INFO - [2025-04-27T00:18:15.764+0000] {dag.py:3239} INFO - Sync 1 DAGs
[2025-04-27T00:18:15.779+0000] {logging_mixin.py:190} INFO - [2025-04-27T00:18:15.779+0000] {dag.py:4180} INFO - Setting next_dagrun for example_sensor_decorator to None, run_after=None
[2025-04-27T00:18:15.804+0000] {processor.py:208} INFO - Processing /home/airflow/.local/lib/python3.10/site-packages/airflow/example_dags/example_sensor_decorator.py took 0.079 seconds
[2025-04-27T00:18:45.984+0000] {processor.py:186} INFO - Started process (PID=22702) to work on /home/airflow/.local/lib/python3.10/site-packages/airflow/example_dags/example_sensor_decorator.py
[2025-04-27T00:18:45.985+0000] {processor.py:914} INFO - Processing file /home/airflow/.local/lib/python3.10/site-packages/airflow/example_dags/example_sensor_decorator.py for tasks to queue
[2025-04-27T00:18:45.987+0000] {logging_mixin.py:190} INFO - [2025-04-27T00:18:45.987+0000] {dagbag.py:588} INFO - Filling up the DagBag from /home/airflow/.local/lib/python3.10/site-packages/airflow/example_dags/example_sensor_decorator.py
[2025-04-27T00:18:45.996+0000] {processor.py:925} INFO - DAG(s) 'example_sensor_decorator' retrieved from /home/airflow/.local/lib/python3.10/site-packages/airflow/example_dags/example_sensor_decorator.py
[2025-04-27T00:18:46.015+0000] {logging_mixin.py:190} INFO - [2025-04-27T00:18:46.015+0000] {dag.py:3239} INFO - Sync 1 DAGs
[2025-04-27T00:18:46.030+0000] {logging_mixin.py:190} INFO - [2025-04-27T00:18:46.030+0000] {dag.py:4180} INFO - Setting next_dagrun for example_sensor_decorator to None, run_after=None
[2025-04-27T00:18:46.049+0000] {processor.py:208} INFO - Processing /home/airflow/.local/lib/python3.10/site-packages/airflow/example_dags/example_sensor_decorator.py took 0.071 seconds
[2025-04-27T00:19:16.294+0000] {processor.py:186} INFO - Started process (PID=22768) to work on /home/airflow/.local/lib/python3.10/site-packages/airflow/example_dags/example_sensor_decorator.py
[2025-04-27T00:19:16.295+0000] {processor.py:914} INFO - Processing file /home/airflow/.local/lib/python3.10/site-packages/airflow/example_dags/example_sensor_decorator.py for tasks to queue
[2025-04-27T00:19:16.298+0000] {logging_mixin.py:190} INFO - [2025-04-27T00:19:16.297+0000] {dagbag.py:588} INFO - Filling up the DagBag from /home/airflow/.local/lib/python3.10/site-packages/airflow/example_dags/example_sensor_decorator.py
[2025-04-27T00:19:16.306+0000] {processor.py:925} INFO - DAG(s) 'example_sensor_decorator' retrieved from /home/airflow/.local/lib/python3.10/site-packages/airflow/example_dags/example_sensor_decorator.py
[2025-04-27T00:19:16.327+0000] {logging_mixin.py:190} INFO - [2025-04-27T00:19:16.327+0000] {dag.py:3239} INFO - Sync 1 DAGs
[2025-04-27T00:19:16.346+0000] {logging_mixin.py:190} INFO - [2025-04-27T00:19:16.346+0000] {dag.py:4180} INFO - Setting next_dagrun for example_sensor_decorator to None, run_after=None
[2025-04-27T00:19:16.371+0000] {processor.py:208} INFO - Processing /home/airflow/.local/lib/python3.10/site-packages/airflow/example_dags/example_sensor_decorator.py took 0.084 seconds
[2025-04-27T00:19:46.549+0000] {processor.py:186} INFO - Started process (PID=22834) to work on /home/airflow/.local/lib/python3.10/site-packages/airflow/example_dags/example_sensor_decorator.py
[2025-04-27T00:19:46.551+0000] {processor.py:914} INFO - Processing file /home/airflow/.local/lib/python3.10/site-packages/airflow/example_dags/example_sensor_decorator.py for tasks to queue
[2025-04-27T00:19:46.554+0000] {logging_mixin.py:190} INFO - [2025-04-27T00:19:46.553+0000] {dagbag.py:588} INFO - Filling up the DagBag from /home/airflow/.local/lib/python3.10/site-packages/airflow/example_dags/example_sensor_decorator.py
[2025-04-27T00:19:46.563+0000] {processor.py:925} INFO - DAG(s) 'example_sensor_decorator' retrieved from /home/airflow/.local/lib/python3.10/site-packages/airflow/example_dags/example_sensor_decorator.py
[2025-04-27T00:19:46.587+0000] {logging_mixin.py:190} INFO - [2025-04-27T00:19:46.587+0000] {dag.py:3239} INFO - Sync 1 DAGs
[2025-04-27T00:19:46.603+0000] {logging_mixin.py:190} INFO - [2025-04-27T00:19:46.603+0000] {dag.py:4180} INFO - Setting next_dagrun for example_sensor_decorator to None, run_after=None
[2025-04-27T00:19:46.625+0000] {processor.py:208} INFO - Processing /home/airflow/.local/lib/python3.10/site-packages/airflow/example_dags/example_sensor_decorator.py took 0.083 seconds
[2025-04-27T00:20:17.182+0000] {processor.py:186} INFO - Started process (PID=22900) to work on /home/airflow/.local/lib/python3.10/site-packages/airflow/example_dags/example_sensor_decorator.py
[2025-04-27T00:20:17.183+0000] {processor.py:914} INFO - Processing file /home/airflow/.local/lib/python3.10/site-packages/airflow/example_dags/example_sensor_decorator.py for tasks to queue
[2025-04-27T00:20:17.185+0000] {logging_mixin.py:190} INFO - [2025-04-27T00:20:17.185+0000] {dagbag.py:588} INFO - Filling up the DagBag from /home/airflow/.local/lib/python3.10/site-packages/airflow/example_dags/example_sensor_decorator.py
[2025-04-27T00:20:17.192+0000] {processor.py:925} INFO - DAG(s) 'example_sensor_decorator' retrieved from /home/airflow/.local/lib/python3.10/site-packages/airflow/example_dags/example_sensor_decorator.py
[2025-04-27T00:20:17.210+0000] {logging_mixin.py:190} INFO - [2025-04-27T00:20:17.210+0000] {dag.py:3239} INFO - Sync 1 DAGs
[2025-04-27T00:20:17.224+0000] {logging_mixin.py:190} INFO - [2025-04-27T00:20:17.224+0000] {dag.py:4180} INFO - Setting next_dagrun for example_sensor_decorator to None, run_after=None
[2025-04-27T00:20:17.243+0000] {processor.py:208} INFO - Processing /home/airflow/.local/lib/python3.10/site-packages/airflow/example_dags/example_sensor_decorator.py took 0.067 seconds
[2025-04-27T00:20:48.101+0000] {processor.py:186} INFO - Started process (PID=22966) to work on /home/airflow/.local/lib/python3.10/site-packages/airflow/example_dags/example_sensor_decorator.py
[2025-04-27T00:20:48.103+0000] {processor.py:914} INFO - Processing file /home/airflow/.local/lib/python3.10/site-packages/airflow/example_dags/example_sensor_decorator.py for tasks to queue
[2025-04-27T00:20:48.106+0000] {logging_mixin.py:190} INFO - [2025-04-27T00:20:48.105+0000] {dagbag.py:588} INFO - Filling up the DagBag from /home/airflow/.local/lib/python3.10/site-packages/airflow/example_dags/example_sensor_decorator.py
[2025-04-27T00:20:48.117+0000] {processor.py:925} INFO - DAG(s) 'example_sensor_decorator' retrieved from /home/airflow/.local/lib/python3.10/site-packages/airflow/example_dags/example_sensor_decorator.py
[2025-04-27T00:20:48.144+0000] {logging_mixin.py:190} INFO - [2025-04-27T00:20:48.144+0000] {dag.py:3239} INFO - Sync 1 DAGs
[2025-04-27T00:20:48.166+0000] {logging_mixin.py:190} INFO - [2025-04-27T00:20:48.166+0000] {dag.py:4180} INFO - Setting next_dagrun for example_sensor_decorator to None, run_after=None
[2025-04-27T00:20:48.199+0000] {processor.py:208} INFO - Processing /home/airflow/.local/lib/python3.10/site-packages/airflow/example_dags/example_sensor_decorator.py took 0.107 seconds
[2025-04-27T00:21:18.664+0000] {processor.py:186} INFO - Started process (PID=23032) to work on /home/airflow/.local/lib/python3.10/site-packages/airflow/example_dags/example_sensor_decorator.py
[2025-04-27T00:21:18.666+0000] {processor.py:914} INFO - Processing file /home/airflow/.local/lib/python3.10/site-packages/airflow/example_dags/example_sensor_decorator.py for tasks to queue
[2025-04-27T00:21:18.669+0000] {logging_mixin.py:190} INFO - [2025-04-27T00:21:18.669+0000] {dagbag.py:588} INFO - Filling up the DagBag from /home/airflow/.local/lib/python3.10/site-packages/airflow/example_dags/example_sensor_decorator.py
[2025-04-27T00:21:18.679+0000] {processor.py:925} INFO - DAG(s) 'example_sensor_decorator' retrieved from /home/airflow/.local/lib/python3.10/site-packages/airflow/example_dags/example_sensor_decorator.py
[2025-04-27T00:21:18.710+0000] {logging_mixin.py:190} INFO - [2025-04-27T00:21:18.709+0000] {dag.py:3239} INFO - Sync 1 DAGs
[2025-04-27T00:21:18.731+0000] {logging_mixin.py:190} INFO - [2025-04-27T00:21:18.731+0000] {dag.py:4180} INFO - Setting next_dagrun for example_sensor_decorator to None, run_after=None
[2025-04-27T00:21:18.757+0000] {processor.py:208} INFO - Processing /home/airflow/.local/lib/python3.10/site-packages/airflow/example_dags/example_sensor_decorator.py took 0.101 seconds
[2025-04-27T00:21:49.386+0000] {processor.py:186} INFO - Started process (PID=23098) to work on /home/airflow/.local/lib/python3.10/site-packages/airflow/example_dags/example_sensor_decorator.py
[2025-04-27T00:21:49.387+0000] {processor.py:914} INFO - Processing file /home/airflow/.local/lib/python3.10/site-packages/airflow/example_dags/example_sensor_decorator.py for tasks to queue
[2025-04-27T00:21:49.390+0000] {logging_mixin.py:190} INFO - [2025-04-27T00:21:49.390+0000] {dagbag.py:588} INFO - Filling up the DagBag from /home/airflow/.local/lib/python3.10/site-packages/airflow/example_dags/example_sensor_decorator.py
[2025-04-27T00:21:49.400+0000] {processor.py:925} INFO - DAG(s) 'example_sensor_decorator' retrieved from /home/airflow/.local/lib/python3.10/site-packages/airflow/example_dags/example_sensor_decorator.py
[2025-04-27T00:21:49.426+0000] {logging_mixin.py:190} INFO - [2025-04-27T00:21:49.426+0000] {dag.py:3239} INFO - Sync 1 DAGs
[2025-04-27T00:21:49.454+0000] {logging_mixin.py:190} INFO - [2025-04-27T00:21:49.454+0000] {dag.py:4180} INFO - Setting next_dagrun for example_sensor_decorator to None, run_after=None
[2025-04-27T00:21:49.483+0000] {processor.py:208} INFO - Processing /home/airflow/.local/lib/python3.10/site-packages/airflow/example_dags/example_sensor_decorator.py took 0.105 seconds
[2025-04-27T00:22:19.711+0000] {processor.py:186} INFO - Started process (PID=23164) to work on /home/airflow/.local/lib/python3.10/site-packages/airflow/example_dags/example_sensor_decorator.py
[2025-04-27T00:22:19.712+0000] {processor.py:914} INFO - Processing file /home/airflow/.local/lib/python3.10/site-packages/airflow/example_dags/example_sensor_decorator.py for tasks to queue
[2025-04-27T00:22:19.714+0000] {logging_mixin.py:190} INFO - [2025-04-27T00:22:19.714+0000] {dagbag.py:588} INFO - Filling up the DagBag from /home/airflow/.local/lib/python3.10/site-packages/airflow/example_dags/example_sensor_decorator.py
[2025-04-27T00:22:19.721+0000] {processor.py:925} INFO - DAG(s) 'example_sensor_decorator' retrieved from /home/airflow/.local/lib/python3.10/site-packages/airflow/example_dags/example_sensor_decorator.py
[2025-04-27T00:22:19.739+0000] {logging_mixin.py:190} INFO - [2025-04-27T00:22:19.739+0000] {dag.py:3239} INFO - Sync 1 DAGs
[2025-04-27T00:22:19.753+0000] {logging_mixin.py:190} INFO - [2025-04-27T00:22:19.752+0000] {dag.py:4180} INFO - Setting next_dagrun for example_sensor_decorator to None, run_after=None
[2025-04-27T00:22:19.770+0000] {processor.py:208} INFO - Processing /home/airflow/.local/lib/python3.10/site-packages/airflow/example_dags/example_sensor_decorator.py took 0.065 seconds
[2025-04-27T00:22:50.170+0000] {processor.py:186} INFO - Started process (PID=23230) to work on /home/airflow/.local/lib/python3.10/site-packages/airflow/example_dags/example_sensor_decorator.py
[2025-04-27T00:22:50.171+0000] {processor.py:914} INFO - Processing file /home/airflow/.local/lib/python3.10/site-packages/airflow/example_dags/example_sensor_decorator.py for tasks to queue
[2025-04-27T00:22:50.173+0000] {logging_mixin.py:190} INFO - [2025-04-27T00:22:50.173+0000] {dagbag.py:588} INFO - Filling up the DagBag from /home/airflow/.local/lib/python3.10/site-packages/airflow/example_dags/example_sensor_decorator.py
[2025-04-27T00:22:50.181+0000] {processor.py:925} INFO - DAG(s) 'example_sensor_decorator' retrieved from /home/airflow/.local/lib/python3.10/site-packages/airflow/example_dags/example_sensor_decorator.py
[2025-04-27T00:22:50.198+0000] {logging_mixin.py:190} INFO - [2025-04-27T00:22:50.198+0000] {dag.py:3239} INFO - Sync 1 DAGs
[2025-04-27T00:22:50.211+0000] {logging_mixin.py:190} INFO - [2025-04-27T00:22:50.211+0000] {dag.py:4180} INFO - Setting next_dagrun for example_sensor_decorator to None, run_after=None
[2025-04-27T00:22:50.229+0000] {processor.py:208} INFO - Processing /home/airflow/.local/lib/python3.10/site-packages/airflow/example_dags/example_sensor_decorator.py took 0.066 seconds
[2025-04-27T00:23:20.605+0000] {processor.py:186} INFO - Started process (PID=23296) to work on /home/airflow/.local/lib/python3.10/site-packages/airflow/example_dags/example_sensor_decorator.py
[2025-04-27T00:23:20.607+0000] {processor.py:914} INFO - Processing file /home/airflow/.local/lib/python3.10/site-packages/airflow/example_dags/example_sensor_decorator.py for tasks to queue
[2025-04-27T00:23:20.610+0000] {logging_mixin.py:190} INFO - [2025-04-27T00:23:20.610+0000] {dagbag.py:588} INFO - Filling up the DagBag from /home/airflow/.local/lib/python3.10/site-packages/airflow/example_dags/example_sensor_decorator.py
[2025-04-27T00:23:20.627+0000] {processor.py:925} INFO - DAG(s) 'example_sensor_decorator' retrieved from /home/airflow/.local/lib/python3.10/site-packages/airflow/example_dags/example_sensor_decorator.py
[2025-04-27T00:23:20.672+0000] {logging_mixin.py:190} INFO - [2025-04-27T00:23:20.671+0000] {dag.py:3239} INFO - Sync 1 DAGs
[2025-04-27T00:23:20.696+0000] {logging_mixin.py:190} INFO - [2025-04-27T00:23:20.696+0000] {dag.py:4180} INFO - Setting next_dagrun for example_sensor_decorator to None, run_after=None
[2025-04-27T00:23:20.731+0000] {processor.py:208} INFO - Processing /home/airflow/.local/lib/python3.10/site-packages/airflow/example_dags/example_sensor_decorator.py took 0.133 seconds
[2025-04-27T00:23:51.664+0000] {processor.py:186} INFO - Started process (PID=23362) to work on /home/airflow/.local/lib/python3.10/site-packages/airflow/example_dags/example_sensor_decorator.py
[2025-04-27T00:23:51.665+0000] {processor.py:914} INFO - Processing file /home/airflow/.local/lib/python3.10/site-packages/airflow/example_dags/example_sensor_decorator.py for tasks to queue
[2025-04-27T00:23:51.667+0000] {logging_mixin.py:190} INFO - [2025-04-27T00:23:51.667+0000] {dagbag.py:588} INFO - Filling up the DagBag from /home/airflow/.local/lib/python3.10/site-packages/airflow/example_dags/example_sensor_decorator.py
[2025-04-27T00:23:51.677+0000] {processor.py:925} INFO - DAG(s) 'example_sensor_decorator' retrieved from /home/airflow/.local/lib/python3.10/site-packages/airflow/example_dags/example_sensor_decorator.py
[2025-04-27T00:23:51.696+0000] {logging_mixin.py:190} INFO - [2025-04-27T00:23:51.696+0000] {dag.py:3239} INFO - Sync 1 DAGs
[2025-04-27T00:23:51.711+0000] {logging_mixin.py:190} INFO - [2025-04-27T00:23:51.711+0000] {dag.py:4180} INFO - Setting next_dagrun for example_sensor_decorator to None, run_after=None
[2025-04-27T00:23:51.732+0000] {processor.py:208} INFO - Processing /home/airflow/.local/lib/python3.10/site-packages/airflow/example_dags/example_sensor_decorator.py took 0.076 seconds
[2025-04-27T00:24:21.899+0000] {processor.py:186} INFO - Started process (PID=23428) to work on /home/airflow/.local/lib/python3.10/site-packages/airflow/example_dags/example_sensor_decorator.py
[2025-04-27T00:24:21.901+0000] {processor.py:914} INFO - Processing file /home/airflow/.local/lib/python3.10/site-packages/airflow/example_dags/example_sensor_decorator.py for tasks to queue
[2025-04-27T00:24:21.903+0000] {logging_mixin.py:190} INFO - [2025-04-27T00:24:21.903+0000] {dagbag.py:588} INFO - Filling up the DagBag from /home/airflow/.local/lib/python3.10/site-packages/airflow/example_dags/example_sensor_decorator.py
[2025-04-27T00:24:21.911+0000] {processor.py:925} INFO - DAG(s) 'example_sensor_decorator' retrieved from /home/airflow/.local/lib/python3.10/site-packages/airflow/example_dags/example_sensor_decorator.py
[2025-04-27T00:24:21.932+0000] {logging_mixin.py:190} INFO - [2025-04-27T00:24:21.931+0000] {dag.py:3239} INFO - Sync 1 DAGs
[2025-04-27T00:24:21.949+0000] {logging_mixin.py:190} INFO - [2025-04-27T00:24:21.948+0000] {dag.py:4180} INFO - Setting next_dagrun for example_sensor_decorator to None, run_after=None
[2025-04-27T00:24:21.969+0000] {processor.py:208} INFO - Processing /home/airflow/.local/lib/python3.10/site-packages/airflow/example_dags/example_sensor_decorator.py took 0.076 seconds
[2025-04-27T00:24:52.856+0000] {processor.py:186} INFO - Started process (PID=23500) to work on /home/airflow/.local/lib/python3.10/site-packages/airflow/example_dags/example_sensor_decorator.py
[2025-04-27T00:24:52.858+0000] {processor.py:914} INFO - Processing file /home/airflow/.local/lib/python3.10/site-packages/airflow/example_dags/example_sensor_decorator.py for tasks to queue
[2025-04-27T00:24:52.860+0000] {logging_mixin.py:190} INFO - [2025-04-27T00:24:52.860+0000] {dagbag.py:588} INFO - Filling up the DagBag from /home/airflow/.local/lib/python3.10/site-packages/airflow/example_dags/example_sensor_decorator.py
[2025-04-27T00:24:52.869+0000] {processor.py:925} INFO - DAG(s) 'example_sensor_decorator' retrieved from /home/airflow/.local/lib/python3.10/site-packages/airflow/example_dags/example_sensor_decorator.py
[2025-04-27T00:24:52.894+0000] {logging_mixin.py:190} INFO - [2025-04-27T00:24:52.894+0000] {dag.py:3239} INFO - Sync 1 DAGs
[2025-04-27T00:24:52.912+0000] {logging_mixin.py:190} INFO - [2025-04-27T00:24:52.911+0000] {dag.py:4180} INFO - Setting next_dagrun for example_sensor_decorator to None, run_after=None
[2025-04-27T00:24:52.938+0000] {processor.py:208} INFO - Processing /home/airflow/.local/lib/python3.10/site-packages/airflow/example_dags/example_sensor_decorator.py took 0.088 seconds
[2025-04-27T00:25:23.223+0000] {processor.py:186} INFO - Started process (PID=23566) to work on /home/airflow/.local/lib/python3.10/site-packages/airflow/example_dags/example_sensor_decorator.py
[2025-04-27T00:25:23.225+0000] {processor.py:914} INFO - Processing file /home/airflow/.local/lib/python3.10/site-packages/airflow/example_dags/example_sensor_decorator.py for tasks to queue
[2025-04-27T00:25:23.227+0000] {logging_mixin.py:190} INFO - [2025-04-27T00:25:23.227+0000] {dagbag.py:588} INFO - Filling up the DagBag from /home/airflow/.local/lib/python3.10/site-packages/airflow/example_dags/example_sensor_decorator.py
[2025-04-27T00:25:23.235+0000] {processor.py:925} INFO - DAG(s) 'example_sensor_decorator' retrieved from /home/airflow/.local/lib/python3.10/site-packages/airflow/example_dags/example_sensor_decorator.py
[2025-04-27T00:25:23.255+0000] {logging_mixin.py:190} INFO - [2025-04-27T00:25:23.255+0000] {dag.py:3239} INFO - Sync 1 DAGs
[2025-04-27T00:25:23.271+0000] {logging_mixin.py:190} INFO - [2025-04-27T00:25:23.271+0000] {dag.py:4180} INFO - Setting next_dagrun for example_sensor_decorator to None, run_after=None
[2025-04-27T00:25:23.290+0000] {processor.py:208} INFO - Processing /home/airflow/.local/lib/python3.10/site-packages/airflow/example_dags/example_sensor_decorator.py took 0.074 seconds
