[2025-04-27T00:00:14.012+0000] {processor.py:186} INFO - Started process (PID=20293) to work on /home/airflow/.local/lib/python3.10/site-packages/airflow/example_dags/example_task_group_decorator.py
[2025-04-27T00:00:14.014+0000] {processor.py:914} INFO - Processing file /home/airflow/.local/lib/python3.10/site-packages/airflow/example_dags/example_task_group_decorator.py for tasks to queue
[2025-04-27T00:00:14.016+0000] {logging_mixin.py:190} INFO - [2025-04-27T00:00:14.016+0000] {dagbag.py:588} INFO - Filling up the DagBag from /home/airflow/.local/lib/python3.10/site-packages/airflow/example_dags/example_task_group_decorator.py
[2025-04-27T00:00:14.033+0000] {processor.py:925} INFO - DAG(s) 'example_task_group_decorator' retrieved from /home/airflow/.local/lib/python3.10/site-packages/airflow/example_dags/example_task_group_decorator.py
[2025-04-27T00:00:14.063+0000] {logging_mixin.py:190} INFO - [2025-04-27T00:00:14.063+0000] {dag.py:3239} INFO - Sync 1 DAGs
[2025-04-27T00:00:14.079+0000] {logging_mixin.py:190} INFO - [2025-04-27T00:00:14.079+0000] {dag.py:4180} INFO - Setting next_dagrun for example_task_group_decorator to None, run_after=None
[2025-04-27T00:00:14.101+0000] {processor.py:208} INFO - Processing /home/airflow/.local/lib/python3.10/site-packages/airflow/example_dags/example_task_group_decorator.py took 0.095 seconds
[2025-04-27T00:00:44.478+0000] {processor.py:186} INFO - Started process (PID=20359) to work on /home/airflow/.local/lib/python3.10/site-packages/airflow/example_dags/example_task_group_decorator.py
[2025-04-27T00:00:44.479+0000] {processor.py:914} INFO - Processing file /home/airflow/.local/lib/python3.10/site-packages/airflow/example_dags/example_task_group_decorator.py for tasks to queue
[2025-04-27T00:00:44.482+0000] {logging_mixin.py:190} INFO - [2025-04-27T00:00:44.481+0000] {dagbag.py:588} INFO - Filling up the DagBag from /home/airflow/.local/lib/python3.10/site-packages/airflow/example_dags/example_task_group_decorator.py
[2025-04-27T00:00:44.496+0000] {processor.py:925} INFO - DAG(s) 'example_task_group_decorator' retrieved from /home/airflow/.local/lib/python3.10/site-packages/airflow/example_dags/example_task_group_decorator.py
[2025-04-27T00:00:44.521+0000] {logging_mixin.py:190} INFO - [2025-04-27T00:00:44.521+0000] {dag.py:3239} INFO - Sync 1 DAGs
[2025-04-27T00:00:44.537+0000] {logging_mixin.py:190} INFO - [2025-04-27T00:00:44.536+0000] {dag.py:4180} INFO - Setting next_dagrun for example_task_group_decorator to None, run_after=None
[2025-04-27T00:00:44.557+0000] {processor.py:208} INFO - Processing /home/airflow/.local/lib/python3.10/site-packages/airflow/example_dags/example_task_group_decorator.py took 0.084 seconds
[2025-04-27T00:01:15.165+0000] {processor.py:186} INFO - Started process (PID=20425) to work on /home/airflow/.local/lib/python3.10/site-packages/airflow/example_dags/example_task_group_decorator.py
[2025-04-27T00:01:15.166+0000] {processor.py:914} INFO - Processing file /home/airflow/.local/lib/python3.10/site-packages/airflow/example_dags/example_task_group_decorator.py for tasks to queue
[2025-04-27T00:01:15.168+0000] {logging_mixin.py:190} INFO - [2025-04-27T00:01:15.168+0000] {dagbag.py:588} INFO - Filling up the DagBag from /home/airflow/.local/lib/python3.10/site-packages/airflow/example_dags/example_task_group_decorator.py
[2025-04-27T00:01:15.187+0000] {processor.py:925} INFO - DAG(s) 'example_task_group_decorator' retrieved from /home/airflow/.local/lib/python3.10/site-packages/airflow/example_dags/example_task_group_decorator.py
[2025-04-27T00:01:15.212+0000] {logging_mixin.py:190} INFO - [2025-04-27T00:01:15.212+0000] {dag.py:3239} INFO - Sync 1 DAGs
[2025-04-27T00:01:15.228+0000] {logging_mixin.py:190} INFO - [2025-04-27T00:01:15.227+0000] {dag.py:4180} INFO - Setting next_dagrun for example_task_group_decorator to None, run_after=None
[2025-04-27T00:01:15.247+0000] {processor.py:208} INFO - Processing /home/airflow/.local/lib/python3.10/site-packages/airflow/example_dags/example_task_group_decorator.py took 0.088 seconds
[2025-04-27T00:01:45.636+0000] {processor.py:186} INFO - Started process (PID=20491) to work on /home/airflow/.local/lib/python3.10/site-packages/airflow/example_dags/example_task_group_decorator.py
[2025-04-27T00:01:45.637+0000] {processor.py:914} INFO - Processing file /home/airflow/.local/lib/python3.10/site-packages/airflow/example_dags/example_task_group_decorator.py for tasks to queue
[2025-04-27T00:01:45.640+0000] {logging_mixin.py:190} INFO - [2025-04-27T00:01:45.640+0000] {dagbag.py:588} INFO - Filling up the DagBag from /home/airflow/.local/lib/python3.10/site-packages/airflow/example_dags/example_task_group_decorator.py
[2025-04-27T00:01:45.656+0000] {processor.py:925} INFO - DAG(s) 'example_task_group_decorator' retrieved from /home/airflow/.local/lib/python3.10/site-packages/airflow/example_dags/example_task_group_decorator.py
[2025-04-27T00:01:45.683+0000] {logging_mixin.py:190} INFO - [2025-04-27T00:01:45.683+0000] {dag.py:3239} INFO - Sync 1 DAGs
[2025-04-27T00:01:45.699+0000] {logging_mixin.py:190} INFO - [2025-04-27T00:01:45.699+0000] {dag.py:4180} INFO - Setting next_dagrun for example_task_group_decorator to None, run_after=None
[2025-04-27T00:01:45.718+0000] {processor.py:208} INFO - Processing /home/airflow/.local/lib/python3.10/site-packages/airflow/example_dags/example_task_group_decorator.py took 0.089 seconds
[2025-04-27T00:02:16.087+0000] {processor.py:186} INFO - Started process (PID=20558) to work on /home/airflow/.local/lib/python3.10/site-packages/airflow/example_dags/example_task_group_decorator.py
[2025-04-27T00:02:16.089+0000] {processor.py:914} INFO - Processing file /home/airflow/.local/lib/python3.10/site-packages/airflow/example_dags/example_task_group_decorator.py for tasks to queue
[2025-04-27T00:02:16.091+0000] {logging_mixin.py:190} INFO - [2025-04-27T00:02:16.091+0000] {dagbag.py:588} INFO - Filling up the DagBag from /home/airflow/.local/lib/python3.10/site-packages/airflow/example_dags/example_task_group_decorator.py
[2025-04-27T00:02:16.106+0000] {processor.py:925} INFO - DAG(s) 'example_task_group_decorator' retrieved from /home/airflow/.local/lib/python3.10/site-packages/airflow/example_dags/example_task_group_decorator.py
[2025-04-27T00:02:16.134+0000] {logging_mixin.py:190} INFO - [2025-04-27T00:02:16.134+0000] {dag.py:3239} INFO - Sync 1 DAGs
[2025-04-27T00:02:16.154+0000] {logging_mixin.py:190} INFO - [2025-04-27T00:02:16.154+0000] {dag.py:4180} INFO - Setting next_dagrun for example_task_group_decorator to None, run_after=None
[2025-04-27T00:02:16.176+0000] {processor.py:208} INFO - Processing /home/airflow/.local/lib/python3.10/site-packages/airflow/example_dags/example_task_group_decorator.py took 0.096 seconds
[2025-04-27T00:02:47.166+0000] {processor.py:186} INFO - Started process (PID=20624) to work on /home/airflow/.local/lib/python3.10/site-packages/airflow/example_dags/example_task_group_decorator.py
[2025-04-27T00:02:47.167+0000] {processor.py:914} INFO - Processing file /home/airflow/.local/lib/python3.10/site-packages/airflow/example_dags/example_task_group_decorator.py for tasks to queue
[2025-04-27T00:02:47.170+0000] {logging_mixin.py:190} INFO - [2025-04-27T00:02:47.170+0000] {dagbag.py:588} INFO - Filling up the DagBag from /home/airflow/.local/lib/python3.10/site-packages/airflow/example_dags/example_task_group_decorator.py
[2025-04-27T00:02:47.192+0000] {processor.py:925} INFO - DAG(s) 'example_task_group_decorator' retrieved from /home/airflow/.local/lib/python3.10/site-packages/airflow/example_dags/example_task_group_decorator.py
[2025-04-27T00:02:47.218+0000] {logging_mixin.py:190} INFO - [2025-04-27T00:02:47.218+0000] {dag.py:3239} INFO - Sync 1 DAGs
[2025-04-27T00:02:47.233+0000] {logging_mixin.py:190} INFO - [2025-04-27T00:02:47.233+0000] {dag.py:4180} INFO - Setting next_dagrun for example_task_group_decorator to None, run_after=None
[2025-04-27T00:02:47.254+0000] {processor.py:208} INFO - Processing /home/airflow/.local/lib/python3.10/site-packages/airflow/example_dags/example_task_group_decorator.py took 0.095 seconds
[2025-04-27T00:03:18.328+0000] {processor.py:186} INFO - Started process (PID=20697) to work on /home/airflow/.local/lib/python3.10/site-packages/airflow/example_dags/example_task_group_decorator.py
[2025-04-27T00:03:18.330+0000] {processor.py:914} INFO - Processing file /home/airflow/.local/lib/python3.10/site-packages/airflow/example_dags/example_task_group_decorator.py for tasks to queue
[2025-04-27T00:03:18.333+0000] {logging_mixin.py:190} INFO - [2025-04-27T00:03:18.333+0000] {dagbag.py:588} INFO - Filling up the DagBag from /home/airflow/.local/lib/python3.10/site-packages/airflow/example_dags/example_task_group_decorator.py
[2025-04-27T00:03:18.352+0000] {processor.py:925} INFO - DAG(s) 'example_task_group_decorator' retrieved from /home/airflow/.local/lib/python3.10/site-packages/airflow/example_dags/example_task_group_decorator.py
[2025-04-27T00:03:18.385+0000] {logging_mixin.py:190} INFO - [2025-04-27T00:03:18.385+0000] {dag.py:3239} INFO - Sync 1 DAGs
[2025-04-27T00:03:18.400+0000] {logging_mixin.py:190} INFO - [2025-04-27T00:03:18.400+0000] {dag.py:4180} INFO - Setting next_dagrun for example_task_group_decorator to None, run_after=None
[2025-04-27T00:03:18.422+0000] {processor.py:208} INFO - Processing /home/airflow/.local/lib/python3.10/site-packages/airflow/example_dags/example_task_group_decorator.py took 0.100 seconds
[2025-04-27T00:03:48.819+0000] {processor.py:186} INFO - Started process (PID=20763) to work on /home/airflow/.local/lib/python3.10/site-packages/airflow/example_dags/example_task_group_decorator.py
[2025-04-27T00:03:48.820+0000] {processor.py:914} INFO - Processing file /home/airflow/.local/lib/python3.10/site-packages/airflow/example_dags/example_task_group_decorator.py for tasks to queue
[2025-04-27T00:03:48.823+0000] {logging_mixin.py:190} INFO - [2025-04-27T00:03:48.822+0000] {dagbag.py:588} INFO - Filling up the DagBag from /home/airflow/.local/lib/python3.10/site-packages/airflow/example_dags/example_task_group_decorator.py
[2025-04-27T00:03:48.839+0000] {processor.py:925} INFO - DAG(s) 'example_task_group_decorator' retrieved from /home/airflow/.local/lib/python3.10/site-packages/airflow/example_dags/example_task_group_decorator.py
[2025-04-27T00:03:48.865+0000] {logging_mixin.py:190} INFO - [2025-04-27T00:03:48.865+0000] {dag.py:3239} INFO - Sync 1 DAGs
[2025-04-27T00:03:48.880+0000] {logging_mixin.py:190} INFO - [2025-04-27T00:03:48.880+0000] {dag.py:4180} INFO - Setting next_dagrun for example_task_group_decorator to None, run_after=None
[2025-04-27T00:03:48.900+0000] {processor.py:208} INFO - Processing /home/airflow/.local/lib/python3.10/site-packages/airflow/example_dags/example_task_group_decorator.py took 0.087 seconds
[2025-04-27T00:04:19.677+0000] {processor.py:186} INFO - Started process (PID=20829) to work on /home/airflow/.local/lib/python3.10/site-packages/airflow/example_dags/example_task_group_decorator.py
[2025-04-27T00:04:19.678+0000] {processor.py:914} INFO - Processing file /home/airflow/.local/lib/python3.10/site-packages/airflow/example_dags/example_task_group_decorator.py for tasks to queue
[2025-04-27T00:04:19.681+0000] {logging_mixin.py:190} INFO - [2025-04-27T00:04:19.680+0000] {dagbag.py:588} INFO - Filling up the DagBag from /home/airflow/.local/lib/python3.10/site-packages/airflow/example_dags/example_task_group_decorator.py
[2025-04-27T00:04:19.695+0000] {processor.py:925} INFO - DAG(s) 'example_task_group_decorator' retrieved from /home/airflow/.local/lib/python3.10/site-packages/airflow/example_dags/example_task_group_decorator.py
[2025-04-27T00:04:19.720+0000] {logging_mixin.py:190} INFO - [2025-04-27T00:04:19.720+0000] {dag.py:3239} INFO - Sync 1 DAGs
[2025-04-27T00:04:19.735+0000] {logging_mixin.py:190} INFO - [2025-04-27T00:04:19.734+0000] {dag.py:4180} INFO - Setting next_dagrun for example_task_group_decorator to None, run_after=None
[2025-04-27T00:04:19.755+0000] {processor.py:208} INFO - Processing /home/airflow/.local/lib/python3.10/site-packages/airflow/example_dags/example_task_group_decorator.py took 0.083 seconds
[2025-04-27T00:04:50.114+0000] {processor.py:186} INFO - Started process (PID=20895) to work on /home/airflow/.local/lib/python3.10/site-packages/airflow/example_dags/example_task_group_decorator.py
[2025-04-27T00:04:50.115+0000] {processor.py:914} INFO - Processing file /home/airflow/.local/lib/python3.10/site-packages/airflow/example_dags/example_task_group_decorator.py for tasks to queue
[2025-04-27T00:04:50.118+0000] {logging_mixin.py:190} INFO - [2025-04-27T00:04:50.118+0000] {dagbag.py:588} INFO - Filling up the DagBag from /home/airflow/.local/lib/python3.10/site-packages/airflow/example_dags/example_task_group_decorator.py
[2025-04-27T00:04:50.137+0000] {processor.py:925} INFO - DAG(s) 'example_task_group_decorator' retrieved from /home/airflow/.local/lib/python3.10/site-packages/airflow/example_dags/example_task_group_decorator.py
[2025-04-27T00:04:50.166+0000] {logging_mixin.py:190} INFO - [2025-04-27T00:04:50.166+0000] {dag.py:3239} INFO - Sync 1 DAGs
[2025-04-27T00:04:50.182+0000] {logging_mixin.py:190} INFO - [2025-04-27T00:04:50.182+0000] {dag.py:4180} INFO - Setting next_dagrun for example_task_group_decorator to None, run_after=None
[2025-04-27T00:04:50.203+0000] {processor.py:208} INFO - Processing /home/airflow/.local/lib/python3.10/site-packages/airflow/example_dags/example_task_group_decorator.py took 0.096 seconds
[2025-04-27T00:05:21.178+0000] {processor.py:186} INFO - Started process (PID=20967) to work on /home/airflow/.local/lib/python3.10/site-packages/airflow/example_dags/example_task_group_decorator.py
[2025-04-27T00:05:21.179+0000] {processor.py:914} INFO - Processing file /home/airflow/.local/lib/python3.10/site-packages/airflow/example_dags/example_task_group_decorator.py for tasks to queue
[2025-04-27T00:05:21.182+0000] {logging_mixin.py:190} INFO - [2025-04-27T00:05:21.181+0000] {dagbag.py:588} INFO - Filling up the DagBag from /home/airflow/.local/lib/python3.10/site-packages/airflow/example_dags/example_task_group_decorator.py
[2025-04-27T00:05:21.196+0000] {processor.py:925} INFO - DAG(s) 'example_task_group_decorator' retrieved from /home/airflow/.local/lib/python3.10/site-packages/airflow/example_dags/example_task_group_decorator.py
[2025-04-27T00:05:21.220+0000] {logging_mixin.py:190} INFO - [2025-04-27T00:05:21.220+0000] {dag.py:3239} INFO - Sync 1 DAGs
[2025-04-27T00:05:21.239+0000] {logging_mixin.py:190} INFO - [2025-04-27T00:05:21.238+0000] {dag.py:4180} INFO - Setting next_dagrun for example_task_group_decorator to None, run_after=None
[2025-04-27T00:05:21.265+0000] {processor.py:208} INFO - Processing /home/airflow/.local/lib/python3.10/site-packages/airflow/example_dags/example_task_group_decorator.py took 0.093 seconds
[2025-04-27T00:05:52.005+0000] {processor.py:186} INFO - Started process (PID=21033) to work on /home/airflow/.local/lib/python3.10/site-packages/airflow/example_dags/example_task_group_decorator.py
[2025-04-27T00:05:52.006+0000] {processor.py:914} INFO - Processing file /home/airflow/.local/lib/python3.10/site-packages/airflow/example_dags/example_task_group_decorator.py for tasks to queue
[2025-04-27T00:05:52.008+0000] {logging_mixin.py:190} INFO - [2025-04-27T00:05:52.008+0000] {dagbag.py:588} INFO - Filling up the DagBag from /home/airflow/.local/lib/python3.10/site-packages/airflow/example_dags/example_task_group_decorator.py
[2025-04-27T00:05:52.022+0000] {processor.py:925} INFO - DAG(s) 'example_task_group_decorator' retrieved from /home/airflow/.local/lib/python3.10/site-packages/airflow/example_dags/example_task_group_decorator.py
[2025-04-27T00:05:52.046+0000] {logging_mixin.py:190} INFO - [2025-04-27T00:05:52.046+0000] {dag.py:3239} INFO - Sync 1 DAGs
[2025-04-27T00:05:52.060+0000] {logging_mixin.py:190} INFO - [2025-04-27T00:05:52.059+0000] {dag.py:4180} INFO - Setting next_dagrun for example_task_group_decorator to None, run_after=None
[2025-04-27T00:05:52.077+0000] {processor.py:208} INFO - Processing /home/airflow/.local/lib/python3.10/site-packages/airflow/example_dags/example_task_group_decorator.py took 0.078 seconds
[2025-04-27T00:06:23.178+0000] {processor.py:186} INFO - Started process (PID=21098) to work on /home/airflow/.local/lib/python3.10/site-packages/airflow/example_dags/example_task_group_decorator.py
[2025-04-27T00:06:23.179+0000] {processor.py:914} INFO - Processing file /home/airflow/.local/lib/python3.10/site-packages/airflow/example_dags/example_task_group_decorator.py for tasks to queue
[2025-04-27T00:06:23.182+0000] {logging_mixin.py:190} INFO - [2025-04-27T00:06:23.181+0000] {dagbag.py:588} INFO - Filling up the DagBag from /home/airflow/.local/lib/python3.10/site-packages/airflow/example_dags/example_task_group_decorator.py
[2025-04-27T00:06:23.196+0000] {processor.py:925} INFO - DAG(s) 'example_task_group_decorator' retrieved from /home/airflow/.local/lib/python3.10/site-packages/airflow/example_dags/example_task_group_decorator.py
[2025-04-27T00:06:23.223+0000] {logging_mixin.py:190} INFO - [2025-04-27T00:06:23.223+0000] {dag.py:3239} INFO - Sync 1 DAGs
[2025-04-27T00:06:23.243+0000] {logging_mixin.py:190} INFO - [2025-04-27T00:06:23.242+0000] {dag.py:4180} INFO - Setting next_dagrun for example_task_group_decorator to None, run_after=None
[2025-04-27T00:06:23.263+0000] {processor.py:208} INFO - Processing /home/airflow/.local/lib/python3.10/site-packages/airflow/example_dags/example_task_group_decorator.py took 0.092 seconds
[2025-04-27T00:06:54.247+0000] {processor.py:186} INFO - Started process (PID=21165) to work on /home/airflow/.local/lib/python3.10/site-packages/airflow/example_dags/example_task_group_decorator.py
[2025-04-27T00:06:54.248+0000] {processor.py:914} INFO - Processing file /home/airflow/.local/lib/python3.10/site-packages/airflow/example_dags/example_task_group_decorator.py for tasks to queue
[2025-04-27T00:06:54.250+0000] {logging_mixin.py:190} INFO - [2025-04-27T00:06:54.250+0000] {dagbag.py:588} INFO - Filling up the DagBag from /home/airflow/.local/lib/python3.10/site-packages/airflow/example_dags/example_task_group_decorator.py
[2025-04-27T00:06:54.269+0000] {processor.py:925} INFO - DAG(s) 'example_task_group_decorator' retrieved from /home/airflow/.local/lib/python3.10/site-packages/airflow/example_dags/example_task_group_decorator.py
[2025-04-27T00:06:54.293+0000] {logging_mixin.py:190} INFO - [2025-04-27T00:06:54.292+0000] {dag.py:3239} INFO - Sync 1 DAGs
[2025-04-27T00:06:54.306+0000] {logging_mixin.py:190} INFO - [2025-04-27T00:06:54.306+0000] {dag.py:4180} INFO - Setting next_dagrun for example_task_group_decorator to None, run_after=None
[2025-04-27T00:06:54.324+0000] {processor.py:208} INFO - Processing /home/airflow/.local/lib/python3.10/site-packages/airflow/example_dags/example_task_group_decorator.py took 0.083 seconds
[2025-04-27T00:07:24.483+0000] {processor.py:186} INFO - Started process (PID=21232) to work on /home/airflow/.local/lib/python3.10/site-packages/airflow/example_dags/example_task_group_decorator.py
[2025-04-27T00:07:24.484+0000] {processor.py:914} INFO - Processing file /home/airflow/.local/lib/python3.10/site-packages/airflow/example_dags/example_task_group_decorator.py for tasks to queue
[2025-04-27T00:07:24.486+0000] {logging_mixin.py:190} INFO - [2025-04-27T00:07:24.485+0000] {dagbag.py:588} INFO - Filling up the DagBag from /home/airflow/.local/lib/python3.10/site-packages/airflow/example_dags/example_task_group_decorator.py
[2025-04-27T00:07:24.499+0000] {processor.py:925} INFO - DAG(s) 'example_task_group_decorator' retrieved from /home/airflow/.local/lib/python3.10/site-packages/airflow/example_dags/example_task_group_decorator.py
[2025-04-27T00:07:24.531+0000] {logging_mixin.py:190} INFO - [2025-04-27T00:07:24.530+0000] {dag.py:3239} INFO - Sync 1 DAGs
[2025-04-27T00:07:24.546+0000] {logging_mixin.py:190} INFO - [2025-04-27T00:07:24.546+0000] {dag.py:4180} INFO - Setting next_dagrun for example_task_group_decorator to None, run_after=None
[2025-04-27T00:07:24.565+0000] {processor.py:208} INFO - Processing /home/airflow/.local/lib/python3.10/site-packages/airflow/example_dags/example_task_group_decorator.py took 0.088 seconds
[2025-04-27T00:07:54.674+0000] {processor.py:186} INFO - Started process (PID=21297) to work on /home/airflow/.local/lib/python3.10/site-packages/airflow/example_dags/example_task_group_decorator.py
[2025-04-27T00:07:54.675+0000] {processor.py:914} INFO - Processing file /home/airflow/.local/lib/python3.10/site-packages/airflow/example_dags/example_task_group_decorator.py for tasks to queue
[2025-04-27T00:07:54.678+0000] {logging_mixin.py:190} INFO - [2025-04-27T00:07:54.678+0000] {dagbag.py:588} INFO - Filling up the DagBag from /home/airflow/.local/lib/python3.10/site-packages/airflow/example_dags/example_task_group_decorator.py
[2025-04-27T00:07:54.693+0000] {processor.py:925} INFO - DAG(s) 'example_task_group_decorator' retrieved from /home/airflow/.local/lib/python3.10/site-packages/airflow/example_dags/example_task_group_decorator.py
[2025-04-27T00:07:54.721+0000] {logging_mixin.py:190} INFO - [2025-04-27T00:07:54.721+0000] {dag.py:3239} INFO - Sync 1 DAGs
[2025-04-27T00:07:54.740+0000] {logging_mixin.py:190} INFO - [2025-04-27T00:07:54.740+0000] {dag.py:4180} INFO - Setting next_dagrun for example_task_group_decorator to None, run_after=None
[2025-04-27T00:07:54.759+0000] {processor.py:208} INFO - Processing /home/airflow/.local/lib/python3.10/site-packages/airflow/example_dags/example_task_group_decorator.py took 0.091 seconds
[2025-04-27T00:08:25.507+0000] {processor.py:186} INFO - Started process (PID=21363) to work on /home/airflow/.local/lib/python3.10/site-packages/airflow/example_dags/example_task_group_decorator.py
[2025-04-27T00:08:25.508+0000] {processor.py:914} INFO - Processing file /home/airflow/.local/lib/python3.10/site-packages/airflow/example_dags/example_task_group_decorator.py for tasks to queue
[2025-04-27T00:08:25.511+0000] {logging_mixin.py:190} INFO - [2025-04-27T00:08:25.510+0000] {dagbag.py:588} INFO - Filling up the DagBag from /home/airflow/.local/lib/python3.10/site-packages/airflow/example_dags/example_task_group_decorator.py
[2025-04-27T00:08:25.527+0000] {processor.py:925} INFO - DAG(s) 'example_task_group_decorator' retrieved from /home/airflow/.local/lib/python3.10/site-packages/airflow/example_dags/example_task_group_decorator.py
[2025-04-27T00:08:25.555+0000] {logging_mixin.py:190} INFO - [2025-04-27T00:08:25.555+0000] {dag.py:3239} INFO - Sync 1 DAGs
[2025-04-27T00:08:25.570+0000] {logging_mixin.py:190} INFO - [2025-04-27T00:08:25.570+0000] {dag.py:4180} INFO - Setting next_dagrun for example_task_group_decorator to None, run_after=None
[2025-04-27T00:08:25.588+0000] {processor.py:208} INFO - Processing /home/airflow/.local/lib/python3.10/site-packages/airflow/example_dags/example_task_group_decorator.py took 0.088 seconds
[2025-04-27T00:08:56.129+0000] {processor.py:186} INFO - Started process (PID=21429) to work on /home/airflow/.local/lib/python3.10/site-packages/airflow/example_dags/example_task_group_decorator.py
[2025-04-27T00:08:56.131+0000] {processor.py:914} INFO - Processing file /home/airflow/.local/lib/python3.10/site-packages/airflow/example_dags/example_task_group_decorator.py for tasks to queue
[2025-04-27T00:08:56.134+0000] {logging_mixin.py:190} INFO - [2025-04-27T00:08:56.134+0000] {dagbag.py:588} INFO - Filling up the DagBag from /home/airflow/.local/lib/python3.10/site-packages/airflow/example_dags/example_task_group_decorator.py
[2025-04-27T00:08:56.154+0000] {processor.py:925} INFO - DAG(s) 'example_task_group_decorator' retrieved from /home/airflow/.local/lib/python3.10/site-packages/airflow/example_dags/example_task_group_decorator.py
[2025-04-27T00:08:56.184+0000] {logging_mixin.py:190} INFO - [2025-04-27T00:08:56.184+0000] {dag.py:3239} INFO - Sync 1 DAGs
[2025-04-27T00:08:56.201+0000] {logging_mixin.py:190} INFO - [2025-04-27T00:08:56.200+0000] {dag.py:4180} INFO - Setting next_dagrun for example_task_group_decorator to None, run_after=None
[2025-04-27T00:08:56.247+0000] {processor.py:208} INFO - Processing /home/airflow/.local/lib/python3.10/site-packages/airflow/example_dags/example_task_group_decorator.py took 0.127 seconds
[2025-04-27T00:09:26.704+0000] {processor.py:186} INFO - Started process (PID=21495) to work on /home/airflow/.local/lib/python3.10/site-packages/airflow/example_dags/example_task_group_decorator.py
[2025-04-27T00:09:26.705+0000] {processor.py:914} INFO - Processing file /home/airflow/.local/lib/python3.10/site-packages/airflow/example_dags/example_task_group_decorator.py for tasks to queue
[2025-04-27T00:09:26.707+0000] {logging_mixin.py:190} INFO - [2025-04-27T00:09:26.707+0000] {dagbag.py:588} INFO - Filling up the DagBag from /home/airflow/.local/lib/python3.10/site-packages/airflow/example_dags/example_task_group_decorator.py
[2025-04-27T00:09:26.723+0000] {processor.py:925} INFO - DAG(s) 'example_task_group_decorator' retrieved from /home/airflow/.local/lib/python3.10/site-packages/airflow/example_dags/example_task_group_decorator.py
[2025-04-27T00:09:26.750+0000] {logging_mixin.py:190} INFO - [2025-04-27T00:09:26.750+0000] {dag.py:3239} INFO - Sync 1 DAGs
[2025-04-27T00:09:26.765+0000] {logging_mixin.py:190} INFO - [2025-04-27T00:09:26.764+0000] {dag.py:4180} INFO - Setting next_dagrun for example_task_group_decorator to None, run_after=None
[2025-04-27T00:09:26.785+0000] {processor.py:208} INFO - Processing /home/airflow/.local/lib/python3.10/site-packages/airflow/example_dags/example_task_group_decorator.py took 0.087 seconds
[2025-04-27T00:09:57.063+0000] {processor.py:186} INFO - Started process (PID=21561) to work on /home/airflow/.local/lib/python3.10/site-packages/airflow/example_dags/example_task_group_decorator.py
[2025-04-27T00:09:57.064+0000] {processor.py:914} INFO - Processing file /home/airflow/.local/lib/python3.10/site-packages/airflow/example_dags/example_task_group_decorator.py for tasks to queue
[2025-04-27T00:09:57.067+0000] {logging_mixin.py:190} INFO - [2025-04-27T00:09:57.067+0000] {dagbag.py:588} INFO - Filling up the DagBag from /home/airflow/.local/lib/python3.10/site-packages/airflow/example_dags/example_task_group_decorator.py
[2025-04-27T00:09:57.083+0000] {processor.py:925} INFO - DAG(s) 'example_task_group_decorator' retrieved from /home/airflow/.local/lib/python3.10/site-packages/airflow/example_dags/example_task_group_decorator.py
[2025-04-27T00:09:57.111+0000] {logging_mixin.py:190} INFO - [2025-04-27T00:09:57.111+0000] {dag.py:3239} INFO - Sync 1 DAGs
[2025-04-27T00:09:57.128+0000] {logging_mixin.py:190} INFO - [2025-04-27T00:09:57.128+0000] {dag.py:4180} INFO - Setting next_dagrun for example_task_group_decorator to None, run_after=None
[2025-04-27T00:09:57.151+0000] {processor.py:208} INFO - Processing /home/airflow/.local/lib/python3.10/site-packages/airflow/example_dags/example_task_group_decorator.py took 0.094 seconds
[2025-04-27T00:10:27.779+0000] {processor.py:186} INFO - Started process (PID=21627) to work on /home/airflow/.local/lib/python3.10/site-packages/airflow/example_dags/example_task_group_decorator.py
[2025-04-27T00:10:27.781+0000] {processor.py:914} INFO - Processing file /home/airflow/.local/lib/python3.10/site-packages/airflow/example_dags/example_task_group_decorator.py for tasks to queue
[2025-04-27T00:10:27.784+0000] {logging_mixin.py:190} INFO - [2025-04-27T00:10:27.783+0000] {dagbag.py:588} INFO - Filling up the DagBag from /home/airflow/.local/lib/python3.10/site-packages/airflow/example_dags/example_task_group_decorator.py
[2025-04-27T00:10:27.804+0000] {processor.py:925} INFO - DAG(s) 'example_task_group_decorator' retrieved from /home/airflow/.local/lib/python3.10/site-packages/airflow/example_dags/example_task_group_decorator.py
[2025-04-27T00:10:27.855+0000] {logging_mixin.py:190} INFO - [2025-04-27T00:10:27.854+0000] {dag.py:3239} INFO - Sync 1 DAGs
[2025-04-27T00:10:27.883+0000] {logging_mixin.py:190} INFO - [2025-04-27T00:10:27.883+0000] {dag.py:4180} INFO - Setting next_dagrun for example_task_group_decorator to None, run_after=None
[2025-04-27T00:10:27.922+0000] {processor.py:208} INFO - Processing /home/airflow/.local/lib/python3.10/site-packages/airflow/example_dags/example_task_group_decorator.py took 0.151 seconds
[2025-04-27T00:10:58.748+0000] {processor.py:186} INFO - Started process (PID=21693) to work on /home/airflow/.local/lib/python3.10/site-packages/airflow/example_dags/example_task_group_decorator.py
[2025-04-27T00:10:58.750+0000] {processor.py:914} INFO - Processing file /home/airflow/.local/lib/python3.10/site-packages/airflow/example_dags/example_task_group_decorator.py for tasks to queue
[2025-04-27T00:10:58.753+0000] {logging_mixin.py:190} INFO - [2025-04-27T00:10:58.753+0000] {dagbag.py:588} INFO - Filling up the DagBag from /home/airflow/.local/lib/python3.10/site-packages/airflow/example_dags/example_task_group_decorator.py
[2025-04-27T00:10:58.776+0000] {processor.py:925} INFO - DAG(s) 'example_task_group_decorator' retrieved from /home/airflow/.local/lib/python3.10/site-packages/airflow/example_dags/example_task_group_decorator.py
[2025-04-27T00:10:58.814+0000] {logging_mixin.py:190} INFO - [2025-04-27T00:10:58.814+0000] {dag.py:3239} INFO - Sync 1 DAGs
[2025-04-27T00:10:58.832+0000] {logging_mixin.py:190} INFO - [2025-04-27T00:10:58.832+0000] {dag.py:4180} INFO - Setting next_dagrun for example_task_group_decorator to None, run_after=None
[2025-04-27T00:10:58.860+0000] {processor.py:208} INFO - Processing /home/airflow/.local/lib/python3.10/site-packages/airflow/example_dags/example_task_group_decorator.py took 0.120 seconds
[2025-04-27T00:11:29.084+0000] {processor.py:186} INFO - Started process (PID=21759) to work on /home/airflow/.local/lib/python3.10/site-packages/airflow/example_dags/example_task_group_decorator.py
[2025-04-27T00:11:29.085+0000] {processor.py:914} INFO - Processing file /home/airflow/.local/lib/python3.10/site-packages/airflow/example_dags/example_task_group_decorator.py for tasks to queue
[2025-04-27T00:11:29.088+0000] {logging_mixin.py:190} INFO - [2025-04-27T00:11:29.087+0000] {dagbag.py:588} INFO - Filling up the DagBag from /home/airflow/.local/lib/python3.10/site-packages/airflow/example_dags/example_task_group_decorator.py
[2025-04-27T00:11:29.105+0000] {processor.py:925} INFO - DAG(s) 'example_task_group_decorator' retrieved from /home/airflow/.local/lib/python3.10/site-packages/airflow/example_dags/example_task_group_decorator.py
[2025-04-27T00:11:29.132+0000] {logging_mixin.py:190} INFO - [2025-04-27T00:11:29.131+0000] {dag.py:3239} INFO - Sync 1 DAGs
[2025-04-27T00:11:29.146+0000] {logging_mixin.py:190} INFO - [2025-04-27T00:11:29.145+0000] {dag.py:4180} INFO - Setting next_dagrun for example_task_group_decorator to None, run_after=None
[2025-04-27T00:11:29.164+0000] {processor.py:208} INFO - Processing /home/airflow/.local/lib/python3.10/site-packages/airflow/example_dags/example_task_group_decorator.py took 0.087 seconds
[2025-04-27T00:11:59.321+0000] {processor.py:186} INFO - Started process (PID=21825) to work on /home/airflow/.local/lib/python3.10/site-packages/airflow/example_dags/example_task_group_decorator.py
[2025-04-27T00:11:59.322+0000] {processor.py:914} INFO - Processing file /home/airflow/.local/lib/python3.10/site-packages/airflow/example_dags/example_task_group_decorator.py for tasks to queue
[2025-04-27T00:11:59.324+0000] {logging_mixin.py:190} INFO - [2025-04-27T00:11:59.324+0000] {dagbag.py:588} INFO - Filling up the DagBag from /home/airflow/.local/lib/python3.10/site-packages/airflow/example_dags/example_task_group_decorator.py
[2025-04-27T00:11:59.340+0000] {processor.py:925} INFO - DAG(s) 'example_task_group_decorator' retrieved from /home/airflow/.local/lib/python3.10/site-packages/airflow/example_dags/example_task_group_decorator.py
[2025-04-27T00:11:59.365+0000] {logging_mixin.py:190} INFO - [2025-04-27T00:11:59.365+0000] {dag.py:3239} INFO - Sync 1 DAGs
[2025-04-27T00:11:59.380+0000] {logging_mixin.py:190} INFO - [2025-04-27T00:11:59.379+0000] {dag.py:4180} INFO - Setting next_dagrun for example_task_group_decorator to None, run_after=None
[2025-04-27T00:11:59.397+0000] {processor.py:208} INFO - Processing /home/airflow/.local/lib/python3.10/site-packages/airflow/example_dags/example_task_group_decorator.py took 0.082 seconds
[2025-04-27T00:12:30.258+0000] {processor.py:186} INFO - Started process (PID=21891) to work on /home/airflow/.local/lib/python3.10/site-packages/airflow/example_dags/example_task_group_decorator.py
[2025-04-27T00:12:30.260+0000] {processor.py:914} INFO - Processing file /home/airflow/.local/lib/python3.10/site-packages/airflow/example_dags/example_task_group_decorator.py for tasks to queue
[2025-04-27T00:12:30.263+0000] {logging_mixin.py:190} INFO - [2025-04-27T00:12:30.262+0000] {dagbag.py:588} INFO - Filling up the DagBag from /home/airflow/.local/lib/python3.10/site-packages/airflow/example_dags/example_task_group_decorator.py
[2025-04-27T00:12:30.279+0000] {processor.py:925} INFO - DAG(s) 'example_task_group_decorator' retrieved from /home/airflow/.local/lib/python3.10/site-packages/airflow/example_dags/example_task_group_decorator.py
[2025-04-27T00:12:30.306+0000] {logging_mixin.py:190} INFO - [2025-04-27T00:12:30.305+0000] {dag.py:3239} INFO - Sync 1 DAGs
[2025-04-27T00:12:30.322+0000] {logging_mixin.py:190} INFO - [2025-04-27T00:12:30.321+0000] {dag.py:4180} INFO - Setting next_dagrun for example_task_group_decorator to None, run_after=None
[2025-04-27T00:12:30.343+0000] {processor.py:208} INFO - Processing /home/airflow/.local/lib/python3.10/site-packages/airflow/example_dags/example_task_group_decorator.py took 0.093 seconds
[2025-04-27T00:13:00.897+0000] {processor.py:186} INFO - Started process (PID=21957) to work on /home/airflow/.local/lib/python3.10/site-packages/airflow/example_dags/example_task_group_decorator.py
[2025-04-27T00:13:00.898+0000] {processor.py:914} INFO - Processing file /home/airflow/.local/lib/python3.10/site-packages/airflow/example_dags/example_task_group_decorator.py for tasks to queue
[2025-04-27T00:13:00.899+0000] {logging_mixin.py:190} INFO - [2025-04-27T00:13:00.899+0000] {dagbag.py:588} INFO - Filling up the DagBag from /home/airflow/.local/lib/python3.10/site-packages/airflow/example_dags/example_task_group_decorator.py
[2025-04-27T00:13:00.913+0000] {processor.py:925} INFO - DAG(s) 'example_task_group_decorator' retrieved from /home/airflow/.local/lib/python3.10/site-packages/airflow/example_dags/example_task_group_decorator.py
[2025-04-27T00:13:00.938+0000] {logging_mixin.py:190} INFO - [2025-04-27T00:13:00.938+0000] {dag.py:3239} INFO - Sync 1 DAGs
[2025-04-27T00:13:00.951+0000] {logging_mixin.py:190} INFO - [2025-04-27T00:13:00.951+0000] {dag.py:4180} INFO - Setting next_dagrun for example_task_group_decorator to None, run_after=None
[2025-04-27T00:13:00.973+0000] {processor.py:208} INFO - Processing /home/airflow/.local/lib/python3.10/site-packages/airflow/example_dags/example_task_group_decorator.py took 0.082 seconds
[2025-04-27T00:13:31.319+0000] {processor.py:186} INFO - Started process (PID=22023) to work on /home/airflow/.local/lib/python3.10/site-packages/airflow/example_dags/example_task_group_decorator.py
[2025-04-27T00:13:31.320+0000] {processor.py:914} INFO - Processing file /home/airflow/.local/lib/python3.10/site-packages/airflow/example_dags/example_task_group_decorator.py for tasks to queue
[2025-04-27T00:13:31.322+0000] {logging_mixin.py:190} INFO - [2025-04-27T00:13:31.322+0000] {dagbag.py:588} INFO - Filling up the DagBag from /home/airflow/.local/lib/python3.10/site-packages/airflow/example_dags/example_task_group_decorator.py
[2025-04-27T00:13:31.337+0000] {processor.py:925} INFO - DAG(s) 'example_task_group_decorator' retrieved from /home/airflow/.local/lib/python3.10/site-packages/airflow/example_dags/example_task_group_decorator.py
[2025-04-27T00:13:31.362+0000] {logging_mixin.py:190} INFO - [2025-04-27T00:13:31.361+0000] {dag.py:3239} INFO - Sync 1 DAGs
[2025-04-27T00:13:31.375+0000] {logging_mixin.py:190} INFO - [2025-04-27T00:13:31.375+0000] {dag.py:4180} INFO - Setting next_dagrun for example_task_group_decorator to None, run_after=None
[2025-04-27T00:13:31.392+0000] {processor.py:208} INFO - Processing /home/airflow/.local/lib/python3.10/site-packages/airflow/example_dags/example_task_group_decorator.py took 0.079 seconds
[2025-04-27T00:14:01.784+0000] {processor.py:186} INFO - Started process (PID=22090) to work on /home/airflow/.local/lib/python3.10/site-packages/airflow/example_dags/example_task_group_decorator.py
[2025-04-27T00:14:01.785+0000] {processor.py:914} INFO - Processing file /home/airflow/.local/lib/python3.10/site-packages/airflow/example_dags/example_task_group_decorator.py for tasks to queue
[2025-04-27T00:14:01.787+0000] {logging_mixin.py:190} INFO - [2025-04-27T00:14:01.787+0000] {dagbag.py:588} INFO - Filling up the DagBag from /home/airflow/.local/lib/python3.10/site-packages/airflow/example_dags/example_task_group_decorator.py
[2025-04-27T00:14:01.806+0000] {processor.py:925} INFO - DAG(s) 'example_task_group_decorator' retrieved from /home/airflow/.local/lib/python3.10/site-packages/airflow/example_dags/example_task_group_decorator.py
[2025-04-27T00:14:01.837+0000] {logging_mixin.py:190} INFO - [2025-04-27T00:14:01.837+0000] {dag.py:3239} INFO - Sync 1 DAGs
[2025-04-27T00:14:01.856+0000] {logging_mixin.py:190} INFO - [2025-04-27T00:14:01.855+0000] {dag.py:4180} INFO - Setting next_dagrun for example_task_group_decorator to None, run_after=None
[2025-04-27T00:14:01.878+0000] {processor.py:208} INFO - Processing /home/airflow/.local/lib/python3.10/site-packages/airflow/example_dags/example_task_group_decorator.py took 0.102 seconds
[2025-04-27T00:14:32.366+0000] {processor.py:186} INFO - Started process (PID=22156) to work on /home/airflow/.local/lib/python3.10/site-packages/airflow/example_dags/example_task_group_decorator.py
[2025-04-27T00:14:32.367+0000] {processor.py:914} INFO - Processing file /home/airflow/.local/lib/python3.10/site-packages/airflow/example_dags/example_task_group_decorator.py for tasks to queue
[2025-04-27T00:14:32.370+0000] {logging_mixin.py:190} INFO - [2025-04-27T00:14:32.369+0000] {dagbag.py:588} INFO - Filling up the DagBag from /home/airflow/.local/lib/python3.10/site-packages/airflow/example_dags/example_task_group_decorator.py
[2025-04-27T00:14:32.388+0000] {processor.py:925} INFO - DAG(s) 'example_task_group_decorator' retrieved from /home/airflow/.local/lib/python3.10/site-packages/airflow/example_dags/example_task_group_decorator.py
[2025-04-27T00:14:32.424+0000] {logging_mixin.py:190} INFO - [2025-04-27T00:14:32.424+0000] {dag.py:3239} INFO - Sync 1 DAGs
[2025-04-27T00:14:32.447+0000] {logging_mixin.py:190} INFO - [2025-04-27T00:14:32.446+0000] {dag.py:4180} INFO - Setting next_dagrun for example_task_group_decorator to None, run_after=None
[2025-04-27T00:14:32.472+0000] {processor.py:208} INFO - Processing /home/airflow/.local/lib/python3.10/site-packages/airflow/example_dags/example_task_group_decorator.py took 0.116 seconds
[2025-04-27T00:15:02.976+0000] {processor.py:186} INFO - Started process (PID=22222) to work on /home/airflow/.local/lib/python3.10/site-packages/airflow/example_dags/example_task_group_decorator.py
[2025-04-27T00:15:02.977+0000] {processor.py:914} INFO - Processing file /home/airflow/.local/lib/python3.10/site-packages/airflow/example_dags/example_task_group_decorator.py for tasks to queue
[2025-04-27T00:15:02.979+0000] {logging_mixin.py:190} INFO - [2025-04-27T00:15:02.978+0000] {dagbag.py:588} INFO - Filling up the DagBag from /home/airflow/.local/lib/python3.10/site-packages/airflow/example_dags/example_task_group_decorator.py
[2025-04-27T00:15:02.993+0000] {processor.py:925} INFO - DAG(s) 'example_task_group_decorator' retrieved from /home/airflow/.local/lib/python3.10/site-packages/airflow/example_dags/example_task_group_decorator.py
[2025-04-27T00:15:03.019+0000] {logging_mixin.py:190} INFO - [2025-04-27T00:15:03.018+0000] {dag.py:3239} INFO - Sync 1 DAGs
[2025-04-27T00:15:03.033+0000] {logging_mixin.py:190} INFO - [2025-04-27T00:15:03.033+0000] {dag.py:4180} INFO - Setting next_dagrun for example_task_group_decorator to None, run_after=None
[2025-04-27T00:15:03.054+0000] {processor.py:208} INFO - Processing /home/airflow/.local/lib/python3.10/site-packages/airflow/example_dags/example_task_group_decorator.py took 0.084 seconds
[2025-04-27T00:15:33.234+0000] {processor.py:186} INFO - Started process (PID=22288) to work on /home/airflow/.local/lib/python3.10/site-packages/airflow/example_dags/example_task_group_decorator.py
[2025-04-27T00:15:33.235+0000] {processor.py:914} INFO - Processing file /home/airflow/.local/lib/python3.10/site-packages/airflow/example_dags/example_task_group_decorator.py for tasks to queue
[2025-04-27T00:15:33.238+0000] {logging_mixin.py:190} INFO - [2025-04-27T00:15:33.237+0000] {dagbag.py:588} INFO - Filling up the DagBag from /home/airflow/.local/lib/python3.10/site-packages/airflow/example_dags/example_task_group_decorator.py
[2025-04-27T00:15:33.255+0000] {processor.py:925} INFO - DAG(s) 'example_task_group_decorator' retrieved from /home/airflow/.local/lib/python3.10/site-packages/airflow/example_dags/example_task_group_decorator.py
[2025-04-27T00:15:33.281+0000] {logging_mixin.py:190} INFO - [2025-04-27T00:15:33.281+0000] {dag.py:3239} INFO - Sync 1 DAGs
[2025-04-27T00:15:33.295+0000] {logging_mixin.py:190} INFO - [2025-04-27T00:15:33.295+0000] {dag.py:4180} INFO - Setting next_dagrun for example_task_group_decorator to None, run_after=None
[2025-04-27T00:15:33.314+0000] {processor.py:208} INFO - Processing /home/airflow/.local/lib/python3.10/site-packages/airflow/example_dags/example_task_group_decorator.py took 0.087 seconds
[2025-04-27T00:16:03.748+0000] {processor.py:186} INFO - Started process (PID=22354) to work on /home/airflow/.local/lib/python3.10/site-packages/airflow/example_dags/example_task_group_decorator.py
[2025-04-27T00:16:03.750+0000] {processor.py:914} INFO - Processing file /home/airflow/.local/lib/python3.10/site-packages/airflow/example_dags/example_task_group_decorator.py for tasks to queue
[2025-04-27T00:16:03.753+0000] {logging_mixin.py:190} INFO - [2025-04-27T00:16:03.753+0000] {dagbag.py:588} INFO - Filling up the DagBag from /home/airflow/.local/lib/python3.10/site-packages/airflow/example_dags/example_task_group_decorator.py
[2025-04-27T00:16:03.775+0000] {processor.py:925} INFO - DAG(s) 'example_task_group_decorator' retrieved from /home/airflow/.local/lib/python3.10/site-packages/airflow/example_dags/example_task_group_decorator.py
[2025-04-27T00:16:03.813+0000] {logging_mixin.py:190} INFO - [2025-04-27T00:16:03.812+0000] {dag.py:3239} INFO - Sync 1 DAGs
[2025-04-27T00:16:03.834+0000] {logging_mixin.py:190} INFO - [2025-04-27T00:16:03.834+0000] {dag.py:4180} INFO - Setting next_dagrun for example_task_group_decorator to None, run_after=None
[2025-04-27T00:16:03.870+0000] {processor.py:208} INFO - Processing /home/airflow/.local/lib/python3.10/site-packages/airflow/example_dags/example_task_group_decorator.py took 0.131 seconds
[2025-04-27T00:16:34.496+0000] {processor.py:186} INFO - Started process (PID=22420) to work on /home/airflow/.local/lib/python3.10/site-packages/airflow/example_dags/example_task_group_decorator.py
[2025-04-27T00:16:34.497+0000] {processor.py:914} INFO - Processing file /home/airflow/.local/lib/python3.10/site-packages/airflow/example_dags/example_task_group_decorator.py for tasks to queue
[2025-04-27T00:16:34.499+0000] {logging_mixin.py:190} INFO - [2025-04-27T00:16:34.499+0000] {dagbag.py:588} INFO - Filling up the DagBag from /home/airflow/.local/lib/python3.10/site-packages/airflow/example_dags/example_task_group_decorator.py
[2025-04-27T00:16:34.513+0000] {processor.py:925} INFO - DAG(s) 'example_task_group_decorator' retrieved from /home/airflow/.local/lib/python3.10/site-packages/airflow/example_dags/example_task_group_decorator.py
[2025-04-27T00:16:34.538+0000] {logging_mixin.py:190} INFO - [2025-04-27T00:16:34.538+0000] {dag.py:3239} INFO - Sync 1 DAGs
[2025-04-27T00:16:34.552+0000] {logging_mixin.py:190} INFO - [2025-04-27T00:16:34.552+0000] {dag.py:4180} INFO - Setting next_dagrun for example_task_group_decorator to None, run_after=None
[2025-04-27T00:16:34.568+0000] {processor.py:208} INFO - Processing /home/airflow/.local/lib/python3.10/site-packages/airflow/example_dags/example_task_group_decorator.py took 0.079 seconds
[2025-04-27T00:17:05.314+0000] {processor.py:186} INFO - Started process (PID=22486) to work on /home/airflow/.local/lib/python3.10/site-packages/airflow/example_dags/example_task_group_decorator.py
[2025-04-27T00:17:05.315+0000] {processor.py:914} INFO - Processing file /home/airflow/.local/lib/python3.10/site-packages/airflow/example_dags/example_task_group_decorator.py for tasks to queue
[2025-04-27T00:17:05.318+0000] {logging_mixin.py:190} INFO - [2025-04-27T00:17:05.318+0000] {dagbag.py:588} INFO - Filling up the DagBag from /home/airflow/.local/lib/python3.10/site-packages/airflow/example_dags/example_task_group_decorator.py
[2025-04-27T00:17:05.334+0000] {processor.py:925} INFO - DAG(s) 'example_task_group_decorator' retrieved from /home/airflow/.local/lib/python3.10/site-packages/airflow/example_dags/example_task_group_decorator.py
[2025-04-27T00:17:05.367+0000] {logging_mixin.py:190} INFO - [2025-04-27T00:17:05.367+0000] {dag.py:3239} INFO - Sync 1 DAGs
[2025-04-27T00:17:05.385+0000] {logging_mixin.py:190} INFO - [2025-04-27T00:17:05.384+0000] {dag.py:4180} INFO - Setting next_dagrun for example_task_group_decorator to None, run_after=None
[2025-04-27T00:17:05.412+0000] {processor.py:208} INFO - Processing /home/airflow/.local/lib/python3.10/site-packages/airflow/example_dags/example_task_group_decorator.py took 0.105 seconds
[2025-04-27T00:17:35.522+0000] {processor.py:186} INFO - Started process (PID=22552) to work on /home/airflow/.local/lib/python3.10/site-packages/airflow/example_dags/example_task_group_decorator.py
[2025-04-27T00:17:35.524+0000] {processor.py:914} INFO - Processing file /home/airflow/.local/lib/python3.10/site-packages/airflow/example_dags/example_task_group_decorator.py for tasks to queue
[2025-04-27T00:17:35.527+0000] {logging_mixin.py:190} INFO - [2025-04-27T00:17:35.526+0000] {dagbag.py:588} INFO - Filling up the DagBag from /home/airflow/.local/lib/python3.10/site-packages/airflow/example_dags/example_task_group_decorator.py
[2025-04-27T00:17:35.549+0000] {processor.py:925} INFO - DAG(s) 'example_task_group_decorator' retrieved from /home/airflow/.local/lib/python3.10/site-packages/airflow/example_dags/example_task_group_decorator.py
[2025-04-27T00:17:35.581+0000] {logging_mixin.py:190} INFO - [2025-04-27T00:17:35.581+0000] {dag.py:3239} INFO - Sync 1 DAGs
[2025-04-27T00:17:35.600+0000] {logging_mixin.py:190} INFO - [2025-04-27T00:17:35.599+0000] {dag.py:4180} INFO - Setting next_dagrun for example_task_group_decorator to None, run_after=None
[2025-04-27T00:17:35.623+0000] {processor.py:208} INFO - Processing /home/airflow/.local/lib/python3.10/site-packages/airflow/example_dags/example_task_group_decorator.py took 0.109 seconds
[2025-04-27T00:18:06.297+0000] {processor.py:186} INFO - Started process (PID=22618) to work on /home/airflow/.local/lib/python3.10/site-packages/airflow/example_dags/example_task_group_decorator.py
[2025-04-27T00:18:06.298+0000] {processor.py:914} INFO - Processing file /home/airflow/.local/lib/python3.10/site-packages/airflow/example_dags/example_task_group_decorator.py for tasks to queue
[2025-04-27T00:18:06.301+0000] {logging_mixin.py:190} INFO - [2025-04-27T00:18:06.300+0000] {dagbag.py:588} INFO - Filling up the DagBag from /home/airflow/.local/lib/python3.10/site-packages/airflow/example_dags/example_task_group_decorator.py
[2025-04-27T00:18:06.319+0000] {processor.py:925} INFO - DAG(s) 'example_task_group_decorator' retrieved from /home/airflow/.local/lib/python3.10/site-packages/airflow/example_dags/example_task_group_decorator.py
[2025-04-27T00:18:06.351+0000] {logging_mixin.py:190} INFO - [2025-04-27T00:18:06.350+0000] {dag.py:3239} INFO - Sync 1 DAGs
[2025-04-27T00:18:06.371+0000] {logging_mixin.py:190} INFO - [2025-04-27T00:18:06.370+0000] {dag.py:4180} INFO - Setting next_dagrun for example_task_group_decorator to None, run_after=None
[2025-04-27T00:18:06.394+0000] {processor.py:208} INFO - Processing /home/airflow/.local/lib/python3.10/site-packages/airflow/example_dags/example_task_group_decorator.py took 0.102 seconds
[2025-04-27T00:18:36.659+0000] {processor.py:186} INFO - Started process (PID=22684) to work on /home/airflow/.local/lib/python3.10/site-packages/airflow/example_dags/example_task_group_decorator.py
[2025-04-27T00:18:36.661+0000] {processor.py:914} INFO - Processing file /home/airflow/.local/lib/python3.10/site-packages/airflow/example_dags/example_task_group_decorator.py for tasks to queue
[2025-04-27T00:18:36.664+0000] {logging_mixin.py:190} INFO - [2025-04-27T00:18:36.663+0000] {dagbag.py:588} INFO - Filling up the DagBag from /home/airflow/.local/lib/python3.10/site-packages/airflow/example_dags/example_task_group_decorator.py
[2025-04-27T00:18:36.687+0000] {processor.py:925} INFO - DAG(s) 'example_task_group_decorator' retrieved from /home/airflow/.local/lib/python3.10/site-packages/airflow/example_dags/example_task_group_decorator.py
[2025-04-27T00:18:36.719+0000] {logging_mixin.py:190} INFO - [2025-04-27T00:18:36.718+0000] {dag.py:3239} INFO - Sync 1 DAGs
[2025-04-27T00:18:36.739+0000] {logging_mixin.py:190} INFO - [2025-04-27T00:18:36.738+0000] {dag.py:4180} INFO - Setting next_dagrun for example_task_group_decorator to None, run_after=None
[2025-04-27T00:18:36.763+0000] {processor.py:208} INFO - Processing /home/airflow/.local/lib/python3.10/site-packages/airflow/example_dags/example_task_group_decorator.py took 0.112 seconds
[2025-04-27T00:19:06.953+0000] {processor.py:186} INFO - Started process (PID=22750) to work on /home/airflow/.local/lib/python3.10/site-packages/airflow/example_dags/example_task_group_decorator.py
[2025-04-27T00:19:06.954+0000] {processor.py:914} INFO - Processing file /home/airflow/.local/lib/python3.10/site-packages/airflow/example_dags/example_task_group_decorator.py for tasks to queue
[2025-04-27T00:19:06.957+0000] {logging_mixin.py:190} INFO - [2025-04-27T00:19:06.956+0000] {dagbag.py:588} INFO - Filling up the DagBag from /home/airflow/.local/lib/python3.10/site-packages/airflow/example_dags/example_task_group_decorator.py
[2025-04-27T00:19:06.973+0000] {processor.py:925} INFO - DAG(s) 'example_task_group_decorator' retrieved from /home/airflow/.local/lib/python3.10/site-packages/airflow/example_dags/example_task_group_decorator.py
[2025-04-27T00:19:06.999+0000] {logging_mixin.py:190} INFO - [2025-04-27T00:19:06.999+0000] {dag.py:3239} INFO - Sync 1 DAGs
[2025-04-27T00:19:07.023+0000] {logging_mixin.py:190} INFO - [2025-04-27T00:19:07.023+0000] {dag.py:4180} INFO - Setting next_dagrun for example_task_group_decorator to None, run_after=None
[2025-04-27T00:19:07.048+0000] {processor.py:208} INFO - Processing /home/airflow/.local/lib/python3.10/site-packages/airflow/example_dags/example_task_group_decorator.py took 0.102 seconds
[2025-04-27T00:19:37.182+0000] {processor.py:186} INFO - Started process (PID=22816) to work on /home/airflow/.local/lib/python3.10/site-packages/airflow/example_dags/example_task_group_decorator.py
[2025-04-27T00:19:37.183+0000] {processor.py:914} INFO - Processing file /home/airflow/.local/lib/python3.10/site-packages/airflow/example_dags/example_task_group_decorator.py for tasks to queue
[2025-04-27T00:19:37.186+0000] {logging_mixin.py:190} INFO - [2025-04-27T00:19:37.185+0000] {dagbag.py:588} INFO - Filling up the DagBag from /home/airflow/.local/lib/python3.10/site-packages/airflow/example_dags/example_task_group_decorator.py
[2025-04-27T00:19:37.200+0000] {processor.py:925} INFO - DAG(s) 'example_task_group_decorator' retrieved from /home/airflow/.local/lib/python3.10/site-packages/airflow/example_dags/example_task_group_decorator.py
[2025-04-27T00:19:37.224+0000] {logging_mixin.py:190} INFO - [2025-04-27T00:19:37.224+0000] {dag.py:3239} INFO - Sync 1 DAGs
[2025-04-27T00:19:37.238+0000] {logging_mixin.py:190} INFO - [2025-04-27T00:19:37.238+0000] {dag.py:4180} INFO - Setting next_dagrun for example_task_group_decorator to None, run_after=None
[2025-04-27T00:19:37.256+0000] {processor.py:208} INFO - Processing /home/airflow/.local/lib/python3.10/site-packages/airflow/example_dags/example_task_group_decorator.py took 0.080 seconds
[2025-04-27T00:20:08.106+0000] {processor.py:186} INFO - Started process (PID=22882) to work on /home/airflow/.local/lib/python3.10/site-packages/airflow/example_dags/example_task_group_decorator.py
[2025-04-27T00:20:08.107+0000] {processor.py:914} INFO - Processing file /home/airflow/.local/lib/python3.10/site-packages/airflow/example_dags/example_task_group_decorator.py for tasks to queue
[2025-04-27T00:20:08.109+0000] {logging_mixin.py:190} INFO - [2025-04-27T00:20:08.109+0000] {dagbag.py:588} INFO - Filling up the DagBag from /home/airflow/.local/lib/python3.10/site-packages/airflow/example_dags/example_task_group_decorator.py
[2025-04-27T00:20:08.123+0000] {processor.py:925} INFO - DAG(s) 'example_task_group_decorator' retrieved from /home/airflow/.local/lib/python3.10/site-packages/airflow/example_dags/example_task_group_decorator.py
[2025-04-27T00:20:08.148+0000] {logging_mixin.py:190} INFO - [2025-04-27T00:20:08.148+0000] {dag.py:3239} INFO - Sync 1 DAGs
[2025-04-27T00:20:08.164+0000] {logging_mixin.py:190} INFO - [2025-04-27T00:20:08.164+0000] {dag.py:4180} INFO - Setting next_dagrun for example_task_group_decorator to None, run_after=None
[2025-04-27T00:20:08.184+0000] {processor.py:208} INFO - Processing /home/airflow/.local/lib/python3.10/site-packages/airflow/example_dags/example_task_group_decorator.py took 0.085 seconds
[2025-04-27T00:20:38.400+0000] {processor.py:186} INFO - Started process (PID=22948) to work on /home/airflow/.local/lib/python3.10/site-packages/airflow/example_dags/example_task_group_decorator.py
[2025-04-27T00:20:38.401+0000] {processor.py:914} INFO - Processing file /home/airflow/.local/lib/python3.10/site-packages/airflow/example_dags/example_task_group_decorator.py for tasks to queue
[2025-04-27T00:20:38.403+0000] {logging_mixin.py:190} INFO - [2025-04-27T00:20:38.403+0000] {dagbag.py:588} INFO - Filling up the DagBag from /home/airflow/.local/lib/python3.10/site-packages/airflow/example_dags/example_task_group_decorator.py
[2025-04-27T00:20:38.424+0000] {processor.py:925} INFO - DAG(s) 'example_task_group_decorator' retrieved from /home/airflow/.local/lib/python3.10/site-packages/airflow/example_dags/example_task_group_decorator.py
[2025-04-27T00:20:38.452+0000] {logging_mixin.py:190} INFO - [2025-04-27T00:20:38.451+0000] {dag.py:3239} INFO - Sync 1 DAGs
[2025-04-27T00:20:38.470+0000] {logging_mixin.py:190} INFO - [2025-04-27T00:20:38.469+0000] {dag.py:4180} INFO - Setting next_dagrun for example_task_group_decorator to None, run_after=None
[2025-04-27T00:20:38.500+0000] {processor.py:208} INFO - Processing /home/airflow/.local/lib/python3.10/site-packages/airflow/example_dags/example_task_group_decorator.py took 0.107 seconds
[2025-04-27T00:21:09.428+0000] {processor.py:186} INFO - Started process (PID=23014) to work on /home/airflow/.local/lib/python3.10/site-packages/airflow/example_dags/example_task_group_decorator.py
[2025-04-27T00:21:09.430+0000] {processor.py:914} INFO - Processing file /home/airflow/.local/lib/python3.10/site-packages/airflow/example_dags/example_task_group_decorator.py for tasks to queue
[2025-04-27T00:21:09.433+0000] {logging_mixin.py:190} INFO - [2025-04-27T00:21:09.433+0000] {dagbag.py:588} INFO - Filling up the DagBag from /home/airflow/.local/lib/python3.10/site-packages/airflow/example_dags/example_task_group_decorator.py
[2025-04-27T00:21:09.451+0000] {processor.py:925} INFO - DAG(s) 'example_task_group_decorator' retrieved from /home/airflow/.local/lib/python3.10/site-packages/airflow/example_dags/example_task_group_decorator.py
[2025-04-27T00:21:09.480+0000] {logging_mixin.py:190} INFO - [2025-04-27T00:21:09.479+0000] {dag.py:3239} INFO - Sync 1 DAGs
[2025-04-27T00:21:09.495+0000] {logging_mixin.py:190} INFO - [2025-04-27T00:21:09.495+0000] {dag.py:4180} INFO - Setting next_dagrun for example_task_group_decorator to None, run_after=None
[2025-04-27T00:21:09.516+0000] {processor.py:208} INFO - Processing /home/airflow/.local/lib/python3.10/site-packages/airflow/example_dags/example_task_group_decorator.py took 0.096 seconds
[2025-04-27T00:21:40.986+0000] {processor.py:186} INFO - Started process (PID=23080) to work on /home/airflow/.local/lib/python3.10/site-packages/airflow/example_dags/example_task_group_decorator.py
[2025-04-27T00:21:40.987+0000] {processor.py:914} INFO - Processing file /home/airflow/.local/lib/python3.10/site-packages/airflow/example_dags/example_task_group_decorator.py for tasks to queue
[2025-04-27T00:21:40.990+0000] {logging_mixin.py:190} INFO - [2025-04-27T00:21:40.990+0000] {dagbag.py:588} INFO - Filling up the DagBag from /home/airflow/.local/lib/python3.10/site-packages/airflow/example_dags/example_task_group_decorator.py
[2025-04-27T00:21:41.006+0000] {processor.py:925} INFO - DAG(s) 'example_task_group_decorator' retrieved from /home/airflow/.local/lib/python3.10/site-packages/airflow/example_dags/example_task_group_decorator.py
[2025-04-27T00:21:41.047+0000] {logging_mixin.py:190} INFO - [2025-04-27T00:21:41.047+0000] {dag.py:3239} INFO - Sync 1 DAGs
[2025-04-27T00:21:41.065+0000] {logging_mixin.py:190} INFO - [2025-04-27T00:21:41.065+0000] {dag.py:4180} INFO - Setting next_dagrun for example_task_group_decorator to None, run_after=None
[2025-04-27T00:21:41.090+0000] {processor.py:208} INFO - Processing /home/airflow/.local/lib/python3.10/site-packages/airflow/example_dags/example_task_group_decorator.py took 0.111 seconds
[2025-04-27T00:22:11.431+0000] {processor.py:186} INFO - Started process (PID=23146) to work on /home/airflow/.local/lib/python3.10/site-packages/airflow/example_dags/example_task_group_decorator.py
[2025-04-27T00:22:11.432+0000] {processor.py:914} INFO - Processing file /home/airflow/.local/lib/python3.10/site-packages/airflow/example_dags/example_task_group_decorator.py for tasks to queue
[2025-04-27T00:22:11.435+0000] {logging_mixin.py:190} INFO - [2025-04-27T00:22:11.435+0000] {dagbag.py:588} INFO - Filling up the DagBag from /home/airflow/.local/lib/python3.10/site-packages/airflow/example_dags/example_task_group_decorator.py
[2025-04-27T00:22:11.450+0000] {processor.py:925} INFO - DAG(s) 'example_task_group_decorator' retrieved from /home/airflow/.local/lib/python3.10/site-packages/airflow/example_dags/example_task_group_decorator.py
[2025-04-27T00:22:11.476+0000] {logging_mixin.py:190} INFO - [2025-04-27T00:22:11.476+0000] {dag.py:3239} INFO - Sync 1 DAGs
[2025-04-27T00:22:11.490+0000] {logging_mixin.py:190} INFO - [2025-04-27T00:22:11.489+0000] {dag.py:4180} INFO - Setting next_dagrun for example_task_group_decorator to None, run_after=None
[2025-04-27T00:22:11.507+0000] {processor.py:208} INFO - Processing /home/airflow/.local/lib/python3.10/site-packages/airflow/example_dags/example_task_group_decorator.py took 0.082 seconds
[2025-04-27T00:22:41.782+0000] {processor.py:186} INFO - Started process (PID=23211) to work on /home/airflow/.local/lib/python3.10/site-packages/airflow/example_dags/example_task_group_decorator.py
[2025-04-27T00:22:41.783+0000] {processor.py:914} INFO - Processing file /home/airflow/.local/lib/python3.10/site-packages/airflow/example_dags/example_task_group_decorator.py for tasks to queue
[2025-04-27T00:22:41.786+0000] {logging_mixin.py:190} INFO - [2025-04-27T00:22:41.786+0000] {dagbag.py:588} INFO - Filling up the DagBag from /home/airflow/.local/lib/python3.10/site-packages/airflow/example_dags/example_task_group_decorator.py
[2025-04-27T00:22:41.800+0000] {processor.py:925} INFO - DAG(s) 'example_task_group_decorator' retrieved from /home/airflow/.local/lib/python3.10/site-packages/airflow/example_dags/example_task_group_decorator.py
[2025-04-27T00:22:41.825+0000] {logging_mixin.py:190} INFO - [2025-04-27T00:22:41.825+0000] {dag.py:3239} INFO - Sync 1 DAGs
[2025-04-27T00:22:41.839+0000] {logging_mixin.py:190} INFO - [2025-04-27T00:22:41.839+0000] {dag.py:4180} INFO - Setting next_dagrun for example_task_group_decorator to None, run_after=None
[2025-04-27T00:22:41.857+0000] {processor.py:208} INFO - Processing /home/airflow/.local/lib/python3.10/site-packages/airflow/example_dags/example_task_group_decorator.py took 0.081 seconds
[2025-04-27T00:23:12.822+0000] {processor.py:186} INFO - Started process (PID=23277) to work on /home/airflow/.local/lib/python3.10/site-packages/airflow/example_dags/example_task_group_decorator.py
[2025-04-27T00:23:12.823+0000] {processor.py:914} INFO - Processing file /home/airflow/.local/lib/python3.10/site-packages/airflow/example_dags/example_task_group_decorator.py for tasks to queue
[2025-04-27T00:23:12.826+0000] {logging_mixin.py:190} INFO - [2025-04-27T00:23:12.825+0000] {dagbag.py:588} INFO - Filling up the DagBag from /home/airflow/.local/lib/python3.10/site-packages/airflow/example_dags/example_task_group_decorator.py
[2025-04-27T00:23:12.841+0000] {processor.py:925} INFO - DAG(s) 'example_task_group_decorator' retrieved from /home/airflow/.local/lib/python3.10/site-packages/airflow/example_dags/example_task_group_decorator.py
[2025-04-27T00:23:12.867+0000] {logging_mixin.py:190} INFO - [2025-04-27T00:23:12.867+0000] {dag.py:3239} INFO - Sync 1 DAGs
[2025-04-27T00:23:12.880+0000] {logging_mixin.py:190} INFO - [2025-04-27T00:23:12.880+0000] {dag.py:4180} INFO - Setting next_dagrun for example_task_group_decorator to None, run_after=None
[2025-04-27T00:23:12.898+0000] {processor.py:208} INFO - Processing /home/airflow/.local/lib/python3.10/site-packages/airflow/example_dags/example_task_group_decorator.py took 0.083 seconds
[2025-04-27T00:23:44.393+0000] {processor.py:186} INFO - Started process (PID=23344) to work on /home/airflow/.local/lib/python3.10/site-packages/airflow/example_dags/example_task_group_decorator.py
[2025-04-27T00:23:44.394+0000] {processor.py:914} INFO - Processing file /home/airflow/.local/lib/python3.10/site-packages/airflow/example_dags/example_task_group_decorator.py for tasks to queue
[2025-04-27T00:23:44.397+0000] {logging_mixin.py:190} INFO - [2025-04-27T00:23:44.397+0000] {dagbag.py:588} INFO - Filling up the DagBag from /home/airflow/.local/lib/python3.10/site-packages/airflow/example_dags/example_task_group_decorator.py
[2025-04-27T00:23:44.413+0000] {processor.py:925} INFO - DAG(s) 'example_task_group_decorator' retrieved from /home/airflow/.local/lib/python3.10/site-packages/airflow/example_dags/example_task_group_decorator.py
[2025-04-27T00:23:44.448+0000] {logging_mixin.py:190} INFO - [2025-04-27T00:23:44.446+0000] {dag.py:3239} INFO - Sync 1 DAGs
[2025-04-27T00:23:44.469+0000] {logging_mixin.py:190} INFO - [2025-04-27T00:23:44.469+0000] {dag.py:4180} INFO - Setting next_dagrun for example_task_group_decorator to None, run_after=None
[2025-04-27T00:23:44.490+0000] {processor.py:208} INFO - Processing /home/airflow/.local/lib/python3.10/site-packages/airflow/example_dags/example_task_group_decorator.py took 0.104 seconds
[2025-04-27T00:24:15.367+0000] {processor.py:186} INFO - Started process (PID=23410) to work on /home/airflow/.local/lib/python3.10/site-packages/airflow/example_dags/example_task_group_decorator.py
[2025-04-27T00:24:15.368+0000] {processor.py:914} INFO - Processing file /home/airflow/.local/lib/python3.10/site-packages/airflow/example_dags/example_task_group_decorator.py for tasks to queue
[2025-04-27T00:24:15.370+0000] {logging_mixin.py:190} INFO - [2025-04-27T00:24:15.370+0000] {dagbag.py:588} INFO - Filling up the DagBag from /home/airflow/.local/lib/python3.10/site-packages/airflow/example_dags/example_task_group_decorator.py
[2025-04-27T00:24:15.385+0000] {processor.py:925} INFO - DAG(s) 'example_task_group_decorator' retrieved from /home/airflow/.local/lib/python3.10/site-packages/airflow/example_dags/example_task_group_decorator.py
[2025-04-27T00:24:15.411+0000] {logging_mixin.py:190} INFO - [2025-04-27T00:24:15.410+0000] {dag.py:3239} INFO - Sync 1 DAGs
[2025-04-27T00:24:15.426+0000] {logging_mixin.py:190} INFO - [2025-04-27T00:24:15.425+0000] {dag.py:4180} INFO - Setting next_dagrun for example_task_group_decorator to None, run_after=None
[2025-04-27T00:24:15.450+0000] {processor.py:208} INFO - Processing /home/airflow/.local/lib/python3.10/site-packages/airflow/example_dags/example_task_group_decorator.py took 0.089 seconds
[2025-04-27T00:24:46.203+0000] {processor.py:186} INFO - Started process (PID=23476) to work on /home/airflow/.local/lib/python3.10/site-packages/airflow/example_dags/example_task_group_decorator.py
[2025-04-27T00:24:46.204+0000] {processor.py:914} INFO - Processing file /home/airflow/.local/lib/python3.10/site-packages/airflow/example_dags/example_task_group_decorator.py for tasks to queue
[2025-04-27T00:24:46.206+0000] {logging_mixin.py:190} INFO - [2025-04-27T00:24:46.206+0000] {dagbag.py:588} INFO - Filling up the DagBag from /home/airflow/.local/lib/python3.10/site-packages/airflow/example_dags/example_task_group_decorator.py
[2025-04-27T00:24:46.221+0000] {processor.py:925} INFO - DAG(s) 'example_task_group_decorator' retrieved from /home/airflow/.local/lib/python3.10/site-packages/airflow/example_dags/example_task_group_decorator.py
[2025-04-27T00:24:46.249+0000] {logging_mixin.py:190} INFO - [2025-04-27T00:24:46.249+0000] {dag.py:3239} INFO - Sync 1 DAGs
[2025-04-27T00:24:46.263+0000] {logging_mixin.py:190} INFO - [2025-04-27T00:24:46.262+0000] {dag.py:4180} INFO - Setting next_dagrun for example_task_group_decorator to None, run_after=None
[2025-04-27T00:24:46.283+0000] {processor.py:208} INFO - Processing /home/airflow/.local/lib/python3.10/site-packages/airflow/example_dags/example_task_group_decorator.py took 0.087 seconds
[2025-04-27T00:25:16.764+0000] {processor.py:186} INFO - Started process (PID=23541) to work on /home/airflow/.local/lib/python3.10/site-packages/airflow/example_dags/example_task_group_decorator.py
[2025-04-27T00:25:16.765+0000] {processor.py:914} INFO - Processing file /home/airflow/.local/lib/python3.10/site-packages/airflow/example_dags/example_task_group_decorator.py for tasks to queue
[2025-04-27T00:25:16.768+0000] {logging_mixin.py:190} INFO - [2025-04-27T00:25:16.767+0000] {dagbag.py:588} INFO - Filling up the DagBag from /home/airflow/.local/lib/python3.10/site-packages/airflow/example_dags/example_task_group_decorator.py
[2025-04-27T00:25:16.784+0000] {processor.py:925} INFO - DAG(s) 'example_task_group_decorator' retrieved from /home/airflow/.local/lib/python3.10/site-packages/airflow/example_dags/example_task_group_decorator.py
[2025-04-27T00:25:16.811+0000] {logging_mixin.py:190} INFO - [2025-04-27T00:25:16.811+0000] {dag.py:3239} INFO - Sync 1 DAGs
[2025-04-27T00:25:16.828+0000] {logging_mixin.py:190} INFO - [2025-04-27T00:25:16.828+0000] {dag.py:4180} INFO - Setting next_dagrun for example_task_group_decorator to None, run_after=None
[2025-04-27T00:25:16.849+0000] {processor.py:208} INFO - Processing /home/airflow/.local/lib/python3.10/site-packages/airflow/example_dags/example_task_group_decorator.py took 0.093 seconds
