[2025-04-27T00:00:15.825+0000] {processor.py:186} INFO - Started process (PID=20311) to work on /home/airflow/.local/lib/python3.10/site-packages/airflow/example_dags/example_display_name.py
[2025-04-27T00:00:15.827+0000] {processor.py:914} INFO - Processing file /home/airflow/.local/lib/python3.10/site-packages/airflow/example_dags/example_display_name.py for tasks to queue
[2025-04-27T00:00:15.830+0000] {logging_mixin.py:190} INFO - [2025-04-27T00:00:15.829+0000] {dagbag.py:588} INFO - Filling up the DagBag from /home/airflow/.local/lib/python3.10/site-packages/airflow/example_dags/example_display_name.py
[2025-04-27T00:00:15.841+0000] {processor.py:925} INFO - DAG(s) 'example_display_name' retrieved from /home/airflow/.local/lib/python3.10/site-packages/airflow/example_dags/example_display_name.py
[2025-04-27T00:00:15.870+0000] {logging_mixin.py:190} INFO - [2025-04-27T00:00:15.869+0000] {dag.py:3239} INFO - Sync 1 DAGs
[2025-04-27T00:00:15.892+0000] {logging_mixin.py:190} INFO - [2025-04-27T00:00:15.892+0000] {dag.py:4180} INFO - Setting next_dagrun for example_display_name to None, run_after=None
[2025-04-27T00:00:15.918+0000] {processor.py:208} INFO - Processing /home/airflow/.local/lib/python3.10/site-packages/airflow/example_dags/example_display_name.py took 0.101 seconds
[2025-04-27T00:00:46.016+0000] {processor.py:186} INFO - Started process (PID=20377) to work on /home/airflow/.local/lib/python3.10/site-packages/airflow/example_dags/example_display_name.py
[2025-04-27T00:00:46.017+0000] {processor.py:914} INFO - Processing file /home/airflow/.local/lib/python3.10/site-packages/airflow/example_dags/example_display_name.py for tasks to queue
[2025-04-27T00:00:46.019+0000] {logging_mixin.py:190} INFO - [2025-04-27T00:00:46.019+0000] {dagbag.py:588} INFO - Filling up the DagBag from /home/airflow/.local/lib/python3.10/site-packages/airflow/example_dags/example_display_name.py
[2025-04-27T00:00:46.027+0000] {processor.py:925} INFO - DAG(s) 'example_display_name' retrieved from /home/airflow/.local/lib/python3.10/site-packages/airflow/example_dags/example_display_name.py
[2025-04-27T00:00:46.047+0000] {logging_mixin.py:190} INFO - [2025-04-27T00:00:46.047+0000] {dag.py:3239} INFO - Sync 1 DAGs
[2025-04-27T00:00:46.061+0000] {logging_mixin.py:190} INFO - [2025-04-27T00:00:46.061+0000] {dag.py:4180} INFO - Setting next_dagrun for example_display_name to None, run_after=None
[2025-04-27T00:00:46.078+0000] {processor.py:208} INFO - Processing /home/airflow/.local/lib/python3.10/site-packages/airflow/example_dags/example_display_name.py took 0.069 seconds
[2025-04-27T00:01:16.226+0000] {processor.py:186} INFO - Started process (PID=20443) to work on /home/airflow/.local/lib/python3.10/site-packages/airflow/example_dags/example_display_name.py
[2025-04-27T00:01:16.227+0000] {processor.py:914} INFO - Processing file /home/airflow/.local/lib/python3.10/site-packages/airflow/example_dags/example_display_name.py for tasks to queue
[2025-04-27T00:01:16.230+0000] {logging_mixin.py:190} INFO - [2025-04-27T00:01:16.230+0000] {dagbag.py:588} INFO - Filling up the DagBag from /home/airflow/.local/lib/python3.10/site-packages/airflow/example_dags/example_display_name.py
[2025-04-27T00:01:16.238+0000] {processor.py:925} INFO - DAG(s) 'example_display_name' retrieved from /home/airflow/.local/lib/python3.10/site-packages/airflow/example_dags/example_display_name.py
[2025-04-27T00:01:16.257+0000] {logging_mixin.py:190} INFO - [2025-04-27T00:01:16.257+0000] {dag.py:3239} INFO - Sync 1 DAGs
[2025-04-27T00:01:16.271+0000] {logging_mixin.py:190} INFO - [2025-04-27T00:01:16.271+0000] {dag.py:4180} INFO - Setting next_dagrun for example_display_name to None, run_after=None
[2025-04-27T00:01:16.289+0000] {processor.py:208} INFO - Processing /home/airflow/.local/lib/python3.10/site-packages/airflow/example_dags/example_display_name.py took 0.069 seconds
[2025-04-27T00:01:46.879+0000] {processor.py:186} INFO - Started process (PID=20505) to work on /home/airflow/.local/lib/python3.10/site-packages/airflow/example_dags/example_display_name.py
[2025-04-27T00:01:46.880+0000] {processor.py:914} INFO - Processing file /home/airflow/.local/lib/python3.10/site-packages/airflow/example_dags/example_display_name.py for tasks to queue
[2025-04-27T00:01:46.883+0000] {logging_mixin.py:190} INFO - [2025-04-27T00:01:46.882+0000] {dagbag.py:588} INFO - Filling up the DagBag from /home/airflow/.local/lib/python3.10/site-packages/airflow/example_dags/example_display_name.py
[2025-04-27T00:01:46.891+0000] {processor.py:925} INFO - DAG(s) 'example_display_name' retrieved from /home/airflow/.local/lib/python3.10/site-packages/airflow/example_dags/example_display_name.py
[2025-04-27T00:01:46.914+0000] {logging_mixin.py:190} INFO - [2025-04-27T00:01:46.914+0000] {dag.py:3239} INFO - Sync 1 DAGs
[2025-04-27T00:01:46.930+0000] {logging_mixin.py:190} INFO - [2025-04-27T00:01:46.930+0000] {dag.py:4180} INFO - Setting next_dagrun for example_display_name to None, run_after=None
[2025-04-27T00:01:46.953+0000] {processor.py:208} INFO - Processing /home/airflow/.local/lib/python3.10/site-packages/airflow/example_dags/example_display_name.py took 0.081 seconds
[2025-04-27T00:02:17.131+0000] {processor.py:186} INFO - Started process (PID=20571) to work on /home/airflow/.local/lib/python3.10/site-packages/airflow/example_dags/example_display_name.py
[2025-04-27T00:02:17.133+0000] {processor.py:914} INFO - Processing file /home/airflow/.local/lib/python3.10/site-packages/airflow/example_dags/example_display_name.py for tasks to queue
[2025-04-27T00:02:17.135+0000] {logging_mixin.py:190} INFO - [2025-04-27T00:02:17.135+0000] {dagbag.py:588} INFO - Filling up the DagBag from /home/airflow/.local/lib/python3.10/site-packages/airflow/example_dags/example_display_name.py
[2025-04-27T00:02:17.143+0000] {processor.py:925} INFO - DAG(s) 'example_display_name' retrieved from /home/airflow/.local/lib/python3.10/site-packages/airflow/example_dags/example_display_name.py
[2025-04-27T00:02:17.168+0000] {logging_mixin.py:190} INFO - [2025-04-27T00:02:17.167+0000] {dag.py:3239} INFO - Sync 1 DAGs
[2025-04-27T00:02:17.183+0000] {logging_mixin.py:190} INFO - [2025-04-27T00:02:17.183+0000] {dag.py:4180} INFO - Setting next_dagrun for example_display_name to None, run_after=None
[2025-04-27T00:02:17.204+0000] {processor.py:208} INFO - Processing /home/airflow/.local/lib/python3.10/site-packages/airflow/example_dags/example_display_name.py took 0.080 seconds
[2025-04-27T00:02:47.670+0000] {processor.py:186} INFO - Started process (PID=20632) to work on /home/airflow/.local/lib/python3.10/site-packages/airflow/example_dags/example_display_name.py
[2025-04-27T00:02:47.671+0000] {processor.py:914} INFO - Processing file /home/airflow/.local/lib/python3.10/site-packages/airflow/example_dags/example_display_name.py for tasks to queue
[2025-04-27T00:02:47.674+0000] {logging_mixin.py:190} INFO - [2025-04-27T00:02:47.673+0000] {dagbag.py:588} INFO - Filling up the DagBag from /home/airflow/.local/lib/python3.10/site-packages/airflow/example_dags/example_display_name.py
[2025-04-27T00:02:47.683+0000] {processor.py:925} INFO - DAG(s) 'example_display_name' retrieved from /home/airflow/.local/lib/python3.10/site-packages/airflow/example_dags/example_display_name.py
[2025-04-27T00:02:47.703+0000] {logging_mixin.py:190} INFO - [2025-04-27T00:02:47.703+0000] {dag.py:3239} INFO - Sync 1 DAGs
[2025-04-27T00:02:47.718+0000] {logging_mixin.py:190} INFO - [2025-04-27T00:02:47.717+0000] {dag.py:4180} INFO - Setting next_dagrun for example_display_name to None, run_after=None
[2025-04-27T00:02:47.741+0000] {processor.py:208} INFO - Processing /home/airflow/.local/lib/python3.10/site-packages/airflow/example_dags/example_display_name.py took 0.078 seconds
[2025-04-27T00:03:18.239+0000] {processor.py:186} INFO - Started process (PID=20696) to work on /home/airflow/.local/lib/python3.10/site-packages/airflow/example_dags/example_display_name.py
[2025-04-27T00:03:18.240+0000] {processor.py:914} INFO - Processing file /home/airflow/.local/lib/python3.10/site-packages/airflow/example_dags/example_display_name.py for tasks to queue
[2025-04-27T00:03:18.243+0000] {logging_mixin.py:190} INFO - [2025-04-27T00:03:18.243+0000] {dagbag.py:588} INFO - Filling up the DagBag from /home/airflow/.local/lib/python3.10/site-packages/airflow/example_dags/example_display_name.py
[2025-04-27T00:03:18.251+0000] {processor.py:925} INFO - DAG(s) 'example_display_name' retrieved from /home/airflow/.local/lib/python3.10/site-packages/airflow/example_dags/example_display_name.py
[2025-04-27T00:03:18.273+0000] {logging_mixin.py:190} INFO - [2025-04-27T00:03:18.272+0000] {dag.py:3239} INFO - Sync 1 DAGs
[2025-04-27T00:03:18.288+0000] {logging_mixin.py:190} INFO - [2025-04-27T00:03:18.288+0000] {dag.py:4180} INFO - Setting next_dagrun for example_display_name to None, run_after=None
[2025-04-27T00:03:18.311+0000] {processor.py:208} INFO - Processing /home/airflow/.local/lib/python3.10/site-packages/airflow/example_dags/example_display_name.py took 0.080 seconds
[2025-04-27T00:03:48.781+0000] {processor.py:186} INFO - Started process (PID=20762) to work on /home/airflow/.local/lib/python3.10/site-packages/airflow/example_dags/example_display_name.py
[2025-04-27T00:03:48.782+0000] {processor.py:914} INFO - Processing file /home/airflow/.local/lib/python3.10/site-packages/airflow/example_dags/example_display_name.py for tasks to queue
[2025-04-27T00:03:48.785+0000] {logging_mixin.py:190} INFO - [2025-04-27T00:03:48.784+0000] {dagbag.py:588} INFO - Filling up the DagBag from /home/airflow/.local/lib/python3.10/site-packages/airflow/example_dags/example_display_name.py
[2025-04-27T00:03:48.792+0000] {processor.py:925} INFO - DAG(s) 'example_display_name' retrieved from /home/airflow/.local/lib/python3.10/site-packages/airflow/example_dags/example_display_name.py
[2025-04-27T00:03:48.811+0000] {logging_mixin.py:190} INFO - [2025-04-27T00:03:48.811+0000] {dag.py:3239} INFO - Sync 1 DAGs
[2025-04-27T00:03:48.827+0000] {logging_mixin.py:190} INFO - [2025-04-27T00:03:48.827+0000] {dag.py:4180} INFO - Setting next_dagrun for example_display_name to None, run_after=None
[2025-04-27T00:03:48.849+0000] {processor.py:208} INFO - Processing /home/airflow/.local/lib/python3.10/site-packages/airflow/example_dags/example_display_name.py took 0.074 seconds
[2025-04-27T00:04:19.673+0000] {processor.py:186} INFO - Started process (PID=20828) to work on /home/airflow/.local/lib/python3.10/site-packages/airflow/example_dags/example_display_name.py
[2025-04-27T00:04:19.674+0000] {processor.py:914} INFO - Processing file /home/airflow/.local/lib/python3.10/site-packages/airflow/example_dags/example_display_name.py for tasks to queue
[2025-04-27T00:04:19.676+0000] {logging_mixin.py:190} INFO - [2025-04-27T00:04:19.676+0000] {dagbag.py:588} INFO - Filling up the DagBag from /home/airflow/.local/lib/python3.10/site-packages/airflow/example_dags/example_display_name.py
[2025-04-27T00:04:19.684+0000] {processor.py:925} INFO - DAG(s) 'example_display_name' retrieved from /home/airflow/.local/lib/python3.10/site-packages/airflow/example_dags/example_display_name.py
[2025-04-27T00:04:19.703+0000] {logging_mixin.py:190} INFO - [2025-04-27T00:04:19.703+0000] {dag.py:3239} INFO - Sync 1 DAGs
[2025-04-27T00:04:19.717+0000] {logging_mixin.py:190} INFO - [2025-04-27T00:04:19.717+0000] {dag.py:4180} INFO - Setting next_dagrun for example_display_name to None, run_after=None
[2025-04-27T00:04:19.736+0000] {processor.py:208} INFO - Processing /home/airflow/.local/lib/python3.10/site-packages/airflow/example_dags/example_display_name.py took 0.069 seconds
[2025-04-27T00:04:49.999+0000] {processor.py:186} INFO - Started process (PID=20894) to work on /home/airflow/.local/lib/python3.10/site-packages/airflow/example_dags/example_display_name.py
[2025-04-27T00:04:50.000+0000] {processor.py:914} INFO - Processing file /home/airflow/.local/lib/python3.10/site-packages/airflow/example_dags/example_display_name.py for tasks to queue
[2025-04-27T00:04:50.003+0000] {logging_mixin.py:190} INFO - [2025-04-27T00:04:50.003+0000] {dagbag.py:588} INFO - Filling up the DagBag from /home/airflow/.local/lib/python3.10/site-packages/airflow/example_dags/example_display_name.py
[2025-04-27T00:04:50.011+0000] {processor.py:925} INFO - DAG(s) 'example_display_name' retrieved from /home/airflow/.local/lib/python3.10/site-packages/airflow/example_dags/example_display_name.py
[2025-04-27T00:04:50.031+0000] {logging_mixin.py:190} INFO - [2025-04-27T00:04:50.031+0000] {dag.py:3239} INFO - Sync 1 DAGs
[2025-04-27T00:04:50.047+0000] {logging_mixin.py:190} INFO - [2025-04-27T00:04:50.047+0000] {dag.py:4180} INFO - Setting next_dagrun for example_display_name to None, run_after=None
[2025-04-27T00:04:50.068+0000] {processor.py:208} INFO - Processing /home/airflow/.local/lib/python3.10/site-packages/airflow/example_dags/example_display_name.py took 0.075 seconds
[2025-04-27T00:05:20.956+0000] {processor.py:186} INFO - Started process (PID=20965) to work on /home/airflow/.local/lib/python3.10/site-packages/airflow/example_dags/example_display_name.py
[2025-04-27T00:05:20.957+0000] {processor.py:914} INFO - Processing file /home/airflow/.local/lib/python3.10/site-packages/airflow/example_dags/example_display_name.py for tasks to queue
[2025-04-27T00:05:20.959+0000] {logging_mixin.py:190} INFO - [2025-04-27T00:05:20.959+0000] {dagbag.py:588} INFO - Filling up the DagBag from /home/airflow/.local/lib/python3.10/site-packages/airflow/example_dags/example_display_name.py
[2025-04-27T00:05:20.967+0000] {processor.py:925} INFO - DAG(s) 'example_display_name' retrieved from /home/airflow/.local/lib/python3.10/site-packages/airflow/example_dags/example_display_name.py
[2025-04-27T00:05:20.986+0000] {logging_mixin.py:190} INFO - [2025-04-27T00:05:20.986+0000] {dag.py:3239} INFO - Sync 1 DAGs
[2025-04-27T00:05:21.001+0000] {logging_mixin.py:190} INFO - [2025-04-27T00:05:21.000+0000] {dag.py:4180} INFO - Setting next_dagrun for example_display_name to None, run_after=None
[2025-04-27T00:05:21.020+0000] {processor.py:208} INFO - Processing /home/airflow/.local/lib/python3.10/site-packages/airflow/example_dags/example_display_name.py took 0.072 seconds
[2025-04-27T00:05:51.789+0000] {processor.py:186} INFO - Started process (PID=21030) to work on /home/airflow/.local/lib/python3.10/site-packages/airflow/example_dags/example_display_name.py
[2025-04-27T00:05:51.790+0000] {processor.py:914} INFO - Processing file /home/airflow/.local/lib/python3.10/site-packages/airflow/example_dags/example_display_name.py for tasks to queue
[2025-04-27T00:05:51.792+0000] {logging_mixin.py:190} INFO - [2025-04-27T00:05:51.791+0000] {dagbag.py:588} INFO - Filling up the DagBag from /home/airflow/.local/lib/python3.10/site-packages/airflow/example_dags/example_display_name.py
[2025-04-27T00:05:51.798+0000] {processor.py:925} INFO - DAG(s) 'example_display_name' retrieved from /home/airflow/.local/lib/python3.10/site-packages/airflow/example_dags/example_display_name.py
[2025-04-27T00:05:51.816+0000] {logging_mixin.py:190} INFO - [2025-04-27T00:05:51.815+0000] {dag.py:3239} INFO - Sync 1 DAGs
[2025-04-27T00:05:51.828+0000] {logging_mixin.py:190} INFO - [2025-04-27T00:05:51.828+0000] {dag.py:4180} INFO - Setting next_dagrun for example_display_name to None, run_after=None
[2025-04-27T00:05:51.845+0000] {processor.py:208} INFO - Processing /home/airflow/.local/lib/python3.10/site-packages/airflow/example_dags/example_display_name.py took 0.062 seconds
[2025-04-27T00:06:22.922+0000] {processor.py:186} INFO - Started process (PID=21096) to work on /home/airflow/.local/lib/python3.10/site-packages/airflow/example_dags/example_display_name.py
[2025-04-27T00:06:22.923+0000] {processor.py:914} INFO - Processing file /home/airflow/.local/lib/python3.10/site-packages/airflow/example_dags/example_display_name.py for tasks to queue
[2025-04-27T00:06:22.926+0000] {logging_mixin.py:190} INFO - [2025-04-27T00:06:22.925+0000] {dagbag.py:588} INFO - Filling up the DagBag from /home/airflow/.local/lib/python3.10/site-packages/airflow/example_dags/example_display_name.py
[2025-04-27T00:06:22.935+0000] {processor.py:925} INFO - DAG(s) 'example_display_name' retrieved from /home/airflow/.local/lib/python3.10/site-packages/airflow/example_dags/example_display_name.py
[2025-04-27T00:06:22.959+0000] {logging_mixin.py:190} INFO - [2025-04-27T00:06:22.958+0000] {dag.py:3239} INFO - Sync 1 DAGs
[2025-04-27T00:06:22.976+0000] {logging_mixin.py:190} INFO - [2025-04-27T00:06:22.976+0000] {dag.py:4180} INFO - Setting next_dagrun for example_display_name to None, run_after=None
[2025-04-27T00:06:23.001+0000] {processor.py:208} INFO - Processing /home/airflow/.local/lib/python3.10/site-packages/airflow/example_dags/example_display_name.py took 0.086 seconds
[2025-04-27T00:06:53.930+0000] {processor.py:186} INFO - Started process (PID=21162) to work on /home/airflow/.local/lib/python3.10/site-packages/airflow/example_dags/example_display_name.py
[2025-04-27T00:06:53.931+0000] {processor.py:914} INFO - Processing file /home/airflow/.local/lib/python3.10/site-packages/airflow/example_dags/example_display_name.py for tasks to queue
[2025-04-27T00:06:53.933+0000] {logging_mixin.py:190} INFO - [2025-04-27T00:06:53.933+0000] {dagbag.py:588} INFO - Filling up the DagBag from /home/airflow/.local/lib/python3.10/site-packages/airflow/example_dags/example_display_name.py
[2025-04-27T00:06:53.941+0000] {processor.py:925} INFO - DAG(s) 'example_display_name' retrieved from /home/airflow/.local/lib/python3.10/site-packages/airflow/example_dags/example_display_name.py
[2025-04-27T00:06:53.960+0000] {logging_mixin.py:190} INFO - [2025-04-27T00:06:53.960+0000] {dag.py:3239} INFO - Sync 1 DAGs
[2025-04-27T00:06:53.975+0000] {logging_mixin.py:190} INFO - [2025-04-27T00:06:53.975+0000] {dag.py:4180} INFO - Setting next_dagrun for example_display_name to None, run_after=None
[2025-04-27T00:06:53.991+0000] {processor.py:208} INFO - Processing /home/airflow/.local/lib/python3.10/site-packages/airflow/example_dags/example_display_name.py took 0.068 seconds
[2025-04-27T00:07:24.123+0000] {processor.py:186} INFO - Started process (PID=21228) to work on /home/airflow/.local/lib/python3.10/site-packages/airflow/example_dags/example_display_name.py
[2025-04-27T00:07:24.124+0000] {processor.py:914} INFO - Processing file /home/airflow/.local/lib/python3.10/site-packages/airflow/example_dags/example_display_name.py for tasks to queue
[2025-04-27T00:07:24.126+0000] {logging_mixin.py:190} INFO - [2025-04-27T00:07:24.126+0000] {dagbag.py:588} INFO - Filling up the DagBag from /home/airflow/.local/lib/python3.10/site-packages/airflow/example_dags/example_display_name.py
[2025-04-27T00:07:24.135+0000] {processor.py:925} INFO - DAG(s) 'example_display_name' retrieved from /home/airflow/.local/lib/python3.10/site-packages/airflow/example_dags/example_display_name.py
[2025-04-27T00:07:24.155+0000] {logging_mixin.py:190} INFO - [2025-04-27T00:07:24.155+0000] {dag.py:3239} INFO - Sync 1 DAGs
[2025-04-27T00:07:24.170+0000] {logging_mixin.py:190} INFO - [2025-04-27T00:07:24.169+0000] {dag.py:4180} INFO - Setting next_dagrun for example_display_name to None, run_after=None
[2025-04-27T00:07:24.187+0000] {processor.py:208} INFO - Processing /home/airflow/.local/lib/python3.10/site-packages/airflow/example_dags/example_display_name.py took 0.071 seconds
[2025-04-27T00:07:54.306+0000] {processor.py:186} INFO - Started process (PID=21294) to work on /home/airflow/.local/lib/python3.10/site-packages/airflow/example_dags/example_display_name.py
[2025-04-27T00:07:54.307+0000] {processor.py:914} INFO - Processing file /home/airflow/.local/lib/python3.10/site-packages/airflow/example_dags/example_display_name.py for tasks to queue
[2025-04-27T00:07:54.309+0000] {logging_mixin.py:190} INFO - [2025-04-27T00:07:54.309+0000] {dagbag.py:588} INFO - Filling up the DagBag from /home/airflow/.local/lib/python3.10/site-packages/airflow/example_dags/example_display_name.py
[2025-04-27T00:07:54.319+0000] {processor.py:925} INFO - DAG(s) 'example_display_name' retrieved from /home/airflow/.local/lib/python3.10/site-packages/airflow/example_dags/example_display_name.py
[2025-04-27T00:07:54.338+0000] {logging_mixin.py:190} INFO - [2025-04-27T00:07:54.338+0000] {dag.py:3239} INFO - Sync 1 DAGs
[2025-04-27T00:07:54.354+0000] {logging_mixin.py:190} INFO - [2025-04-27T00:07:54.353+0000] {dag.py:4180} INFO - Setting next_dagrun for example_display_name to None, run_after=None
[2025-04-27T00:07:54.374+0000] {processor.py:208} INFO - Processing /home/airflow/.local/lib/python3.10/site-packages/airflow/example_dags/example_display_name.py took 0.076 seconds
[2025-04-27T00:08:25.285+0000] {processor.py:186} INFO - Started process (PID=21360) to work on /home/airflow/.local/lib/python3.10/site-packages/airflow/example_dags/example_display_name.py
[2025-04-27T00:08:25.286+0000] {processor.py:914} INFO - Processing file /home/airflow/.local/lib/python3.10/site-packages/airflow/example_dags/example_display_name.py for tasks to queue
[2025-04-27T00:08:25.288+0000] {logging_mixin.py:190} INFO - [2025-04-27T00:08:25.288+0000] {dagbag.py:588} INFO - Filling up the DagBag from /home/airflow/.local/lib/python3.10/site-packages/airflow/example_dags/example_display_name.py
[2025-04-27T00:08:25.294+0000] {processor.py:925} INFO - DAG(s) 'example_display_name' retrieved from /home/airflow/.local/lib/python3.10/site-packages/airflow/example_dags/example_display_name.py
[2025-04-27T00:08:25.312+0000] {logging_mixin.py:190} INFO - [2025-04-27T00:08:25.312+0000] {dag.py:3239} INFO - Sync 1 DAGs
[2025-04-27T00:08:25.325+0000] {logging_mixin.py:190} INFO - [2025-04-27T00:08:25.324+0000] {dag.py:4180} INFO - Setting next_dagrun for example_display_name to None, run_after=None
[2025-04-27T00:08:25.343+0000] {processor.py:208} INFO - Processing /home/airflow/.local/lib/python3.10/site-packages/airflow/example_dags/example_display_name.py took 0.063 seconds
[2025-04-27T00:08:55.867+0000] {processor.py:186} INFO - Started process (PID=21426) to work on /home/airflow/.local/lib/python3.10/site-packages/airflow/example_dags/example_display_name.py
[2025-04-27T00:08:55.868+0000] {processor.py:914} INFO - Processing file /home/airflow/.local/lib/python3.10/site-packages/airflow/example_dags/example_display_name.py for tasks to queue
[2025-04-27T00:08:55.871+0000] {logging_mixin.py:190} INFO - [2025-04-27T00:08:55.871+0000] {dagbag.py:588} INFO - Filling up the DagBag from /home/airflow/.local/lib/python3.10/site-packages/airflow/example_dags/example_display_name.py
[2025-04-27T00:08:55.879+0000] {processor.py:925} INFO - DAG(s) 'example_display_name' retrieved from /home/airflow/.local/lib/python3.10/site-packages/airflow/example_dags/example_display_name.py
[2025-04-27T00:08:55.900+0000] {logging_mixin.py:190} INFO - [2025-04-27T00:08:55.899+0000] {dag.py:3239} INFO - Sync 1 DAGs
[2025-04-27T00:08:55.914+0000] {logging_mixin.py:190} INFO - [2025-04-27T00:08:55.914+0000] {dag.py:4180} INFO - Setting next_dagrun for example_display_name to None, run_after=None
[2025-04-27T00:08:55.934+0000] {processor.py:208} INFO - Processing /home/airflow/.local/lib/python3.10/site-packages/airflow/example_dags/example_display_name.py took 0.072 seconds
[2025-04-27T00:09:26.500+0000] {processor.py:186} INFO - Started process (PID=21492) to work on /home/airflow/.local/lib/python3.10/site-packages/airflow/example_dags/example_display_name.py
[2025-04-27T00:09:26.501+0000] {processor.py:914} INFO - Processing file /home/airflow/.local/lib/python3.10/site-packages/airflow/example_dags/example_display_name.py for tasks to queue
[2025-04-27T00:09:26.503+0000] {logging_mixin.py:190} INFO - [2025-04-27T00:09:26.503+0000] {dagbag.py:588} INFO - Filling up the DagBag from /home/airflow/.local/lib/python3.10/site-packages/airflow/example_dags/example_display_name.py
[2025-04-27T00:09:26.510+0000] {processor.py:925} INFO - DAG(s) 'example_display_name' retrieved from /home/airflow/.local/lib/python3.10/site-packages/airflow/example_dags/example_display_name.py
[2025-04-27T00:09:26.529+0000] {logging_mixin.py:190} INFO - [2025-04-27T00:09:26.529+0000] {dag.py:3239} INFO - Sync 1 DAGs
[2025-04-27T00:09:26.543+0000] {logging_mixin.py:190} INFO - [2025-04-27T00:09:26.542+0000] {dag.py:4180} INFO - Setting next_dagrun for example_display_name to None, run_after=None
[2025-04-27T00:09:26.561+0000] {processor.py:208} INFO - Processing /home/airflow/.local/lib/python3.10/site-packages/airflow/example_dags/example_display_name.py took 0.066 seconds
[2025-04-27T00:09:56.689+0000] {processor.py:186} INFO - Started process (PID=21558) to work on /home/airflow/.local/lib/python3.10/site-packages/airflow/example_dags/example_display_name.py
[2025-04-27T00:09:56.690+0000] {processor.py:914} INFO - Processing file /home/airflow/.local/lib/python3.10/site-packages/airflow/example_dags/example_display_name.py for tasks to queue
[2025-04-27T00:09:56.692+0000] {logging_mixin.py:190} INFO - [2025-04-27T00:09:56.692+0000] {dagbag.py:588} INFO - Filling up the DagBag from /home/airflow/.local/lib/python3.10/site-packages/airflow/example_dags/example_display_name.py
[2025-04-27T00:09:56.700+0000] {processor.py:925} INFO - DAG(s) 'example_display_name' retrieved from /home/airflow/.local/lib/python3.10/site-packages/airflow/example_dags/example_display_name.py
[2025-04-27T00:09:56.720+0000] {logging_mixin.py:190} INFO - [2025-04-27T00:09:56.719+0000] {dag.py:3239} INFO - Sync 1 DAGs
[2025-04-27T00:09:56.736+0000] {logging_mixin.py:190} INFO - [2025-04-27T00:09:56.735+0000] {dag.py:4180} INFO - Setting next_dagrun for example_display_name to None, run_after=None
[2025-04-27T00:09:56.758+0000] {processor.py:208} INFO - Processing /home/airflow/.local/lib/python3.10/site-packages/airflow/example_dags/example_display_name.py took 0.076 seconds
[2025-04-27T00:10:27.595+0000] {processor.py:186} INFO - Started process (PID=21624) to work on /home/airflow/.local/lib/python3.10/site-packages/airflow/example_dags/example_display_name.py
[2025-04-27T00:10:27.596+0000] {processor.py:914} INFO - Processing file /home/airflow/.local/lib/python3.10/site-packages/airflow/example_dags/example_display_name.py for tasks to queue
[2025-04-27T00:10:27.601+0000] {logging_mixin.py:190} INFO - [2025-04-27T00:10:27.600+0000] {dagbag.py:588} INFO - Filling up the DagBag from /home/airflow/.local/lib/python3.10/site-packages/airflow/example_dags/example_display_name.py
[2025-04-27T00:10:27.610+0000] {processor.py:925} INFO - DAG(s) 'example_display_name' retrieved from /home/airflow/.local/lib/python3.10/site-packages/airflow/example_dags/example_display_name.py
[2025-04-27T00:10:27.637+0000] {logging_mixin.py:190} INFO - [2025-04-27T00:10:27.637+0000] {dag.py:3239} INFO - Sync 1 DAGs
[2025-04-27T00:10:27.655+0000] {logging_mixin.py:190} INFO - [2025-04-27T00:10:27.655+0000] {dag.py:4180} INFO - Setting next_dagrun for example_display_name to None, run_after=None
[2025-04-27T00:10:27.686+0000] {processor.py:208} INFO - Processing /home/airflow/.local/lib/python3.10/site-packages/airflow/example_dags/example_display_name.py took 0.099 seconds
[2025-04-27T00:10:58.254+0000] {processor.py:186} INFO - Started process (PID=21690) to work on /home/airflow/.local/lib/python3.10/site-packages/airflow/example_dags/example_display_name.py
[2025-04-27T00:10:58.256+0000] {processor.py:914} INFO - Processing file /home/airflow/.local/lib/python3.10/site-packages/airflow/example_dags/example_display_name.py for tasks to queue
[2025-04-27T00:10:58.258+0000] {logging_mixin.py:190} INFO - [2025-04-27T00:10:58.258+0000] {dagbag.py:588} INFO - Filling up the DagBag from /home/airflow/.local/lib/python3.10/site-packages/airflow/example_dags/example_display_name.py
[2025-04-27T00:10:58.269+0000] {processor.py:925} INFO - DAG(s) 'example_display_name' retrieved from /home/airflow/.local/lib/python3.10/site-packages/airflow/example_dags/example_display_name.py
[2025-04-27T00:10:58.295+0000] {logging_mixin.py:190} INFO - [2025-04-27T00:10:58.295+0000] {dag.py:3239} INFO - Sync 1 DAGs
[2025-04-27T00:10:58.311+0000] {logging_mixin.py:190} INFO - [2025-04-27T00:10:58.311+0000] {dag.py:4180} INFO - Setting next_dagrun for example_display_name to None, run_after=None
[2025-04-27T00:10:58.342+0000] {processor.py:208} INFO - Processing /home/airflow/.local/lib/python3.10/site-packages/airflow/example_dags/example_display_name.py took 0.097 seconds
[2025-04-27T00:11:28.674+0000] {processor.py:186} INFO - Started process (PID=21756) to work on /home/airflow/.local/lib/python3.10/site-packages/airflow/example_dags/example_display_name.py
[2025-04-27T00:11:28.676+0000] {processor.py:914} INFO - Processing file /home/airflow/.local/lib/python3.10/site-packages/airflow/example_dags/example_display_name.py for tasks to queue
[2025-04-27T00:11:28.678+0000] {logging_mixin.py:190} INFO - [2025-04-27T00:11:28.678+0000] {dagbag.py:588} INFO - Filling up the DagBag from /home/airflow/.local/lib/python3.10/site-packages/airflow/example_dags/example_display_name.py
[2025-04-27T00:11:28.685+0000] {processor.py:925} INFO - DAG(s) 'example_display_name' retrieved from /home/airflow/.local/lib/python3.10/site-packages/airflow/example_dags/example_display_name.py
[2025-04-27T00:11:28.704+0000] {logging_mixin.py:190} INFO - [2025-04-27T00:11:28.703+0000] {dag.py:3239} INFO - Sync 1 DAGs
[2025-04-27T00:11:28.720+0000] {logging_mixin.py:190} INFO - [2025-04-27T00:11:28.720+0000] {dag.py:4180} INFO - Setting next_dagrun for example_display_name to None, run_after=None
[2025-04-27T00:11:28.746+0000] {processor.py:208} INFO - Processing /home/airflow/.local/lib/python3.10/site-packages/airflow/example_dags/example_display_name.py took 0.078 seconds
[2025-04-27T00:11:59.103+0000] {processor.py:186} INFO - Started process (PID=21822) to work on /home/airflow/.local/lib/python3.10/site-packages/airflow/example_dags/example_display_name.py
[2025-04-27T00:11:59.104+0000] {processor.py:914} INFO - Processing file /home/airflow/.local/lib/python3.10/site-packages/airflow/example_dags/example_display_name.py for tasks to queue
[2025-04-27T00:11:59.106+0000] {logging_mixin.py:190} INFO - [2025-04-27T00:11:59.106+0000] {dagbag.py:588} INFO - Filling up the DagBag from /home/airflow/.local/lib/python3.10/site-packages/airflow/example_dags/example_display_name.py
[2025-04-27T00:11:59.113+0000] {processor.py:925} INFO - DAG(s) 'example_display_name' retrieved from /home/airflow/.local/lib/python3.10/site-packages/airflow/example_dags/example_display_name.py
[2025-04-27T00:11:59.131+0000] {logging_mixin.py:190} INFO - [2025-04-27T00:11:59.131+0000] {dag.py:3239} INFO - Sync 1 DAGs
[2025-04-27T00:11:59.146+0000] {logging_mixin.py:190} INFO - [2025-04-27T00:11:59.145+0000] {dag.py:4180} INFO - Setting next_dagrun for example_display_name to None, run_after=None
[2025-04-27T00:11:59.166+0000] {processor.py:208} INFO - Processing /home/airflow/.local/lib/python3.10/site-packages/airflow/example_dags/example_display_name.py took 0.070 seconds
[2025-04-27T00:12:30.047+0000] {processor.py:186} INFO - Started process (PID=21888) to work on /home/airflow/.local/lib/python3.10/site-packages/airflow/example_dags/example_display_name.py
[2025-04-27T00:12:30.048+0000] {processor.py:914} INFO - Processing file /home/airflow/.local/lib/python3.10/site-packages/airflow/example_dags/example_display_name.py for tasks to queue
[2025-04-27T00:12:30.050+0000] {logging_mixin.py:190} INFO - [2025-04-27T00:12:30.050+0000] {dagbag.py:588} INFO - Filling up the DagBag from /home/airflow/.local/lib/python3.10/site-packages/airflow/example_dags/example_display_name.py
[2025-04-27T00:12:30.058+0000] {processor.py:925} INFO - DAG(s) 'example_display_name' retrieved from /home/airflow/.local/lib/python3.10/site-packages/airflow/example_dags/example_display_name.py
[2025-04-27T00:12:30.078+0000] {logging_mixin.py:190} INFO - [2025-04-27T00:12:30.077+0000] {dag.py:3239} INFO - Sync 1 DAGs
[2025-04-27T00:12:30.092+0000] {logging_mixin.py:190} INFO - [2025-04-27T00:12:30.091+0000] {dag.py:4180} INFO - Setting next_dagrun for example_display_name to None, run_after=None
[2025-04-27T00:12:30.114+0000] {processor.py:208} INFO - Processing /home/airflow/.local/lib/python3.10/site-packages/airflow/example_dags/example_display_name.py took 0.074 seconds
[2025-04-27T00:13:00.674+0000] {processor.py:186} INFO - Started process (PID=21954) to work on /home/airflow/.local/lib/python3.10/site-packages/airflow/example_dags/example_display_name.py
[2025-04-27T00:13:00.675+0000] {processor.py:914} INFO - Processing file /home/airflow/.local/lib/python3.10/site-packages/airflow/example_dags/example_display_name.py for tasks to queue
[2025-04-27T00:13:00.678+0000] {logging_mixin.py:190} INFO - [2025-04-27T00:13:00.677+0000] {dagbag.py:588} INFO - Filling up the DagBag from /home/airflow/.local/lib/python3.10/site-packages/airflow/example_dags/example_display_name.py
[2025-04-27T00:13:00.686+0000] {processor.py:925} INFO - DAG(s) 'example_display_name' retrieved from /home/airflow/.local/lib/python3.10/site-packages/airflow/example_dags/example_display_name.py
[2025-04-27T00:13:00.705+0000] {logging_mixin.py:190} INFO - [2025-04-27T00:13:00.705+0000] {dag.py:3239} INFO - Sync 1 DAGs
[2025-04-27T00:13:00.718+0000] {logging_mixin.py:190} INFO - [2025-04-27T00:13:00.718+0000] {dag.py:4180} INFO - Setting next_dagrun for example_display_name to None, run_after=None
[2025-04-27T00:13:00.737+0000] {processor.py:208} INFO - Processing /home/airflow/.local/lib/python3.10/site-packages/airflow/example_dags/example_display_name.py took 0.069 seconds
[2025-04-27T00:13:31.096+0000] {processor.py:186} INFO - Started process (PID=22020) to work on /home/airflow/.local/lib/python3.10/site-packages/airflow/example_dags/example_display_name.py
[2025-04-27T00:13:31.097+0000] {processor.py:914} INFO - Processing file /home/airflow/.local/lib/python3.10/site-packages/airflow/example_dags/example_display_name.py for tasks to queue
[2025-04-27T00:13:31.099+0000] {logging_mixin.py:190} INFO - [2025-04-27T00:13:31.099+0000] {dagbag.py:588} INFO - Filling up the DagBag from /home/airflow/.local/lib/python3.10/site-packages/airflow/example_dags/example_display_name.py
[2025-04-27T00:13:31.107+0000] {processor.py:925} INFO - DAG(s) 'example_display_name' retrieved from /home/airflow/.local/lib/python3.10/site-packages/airflow/example_dags/example_display_name.py
[2025-04-27T00:13:31.124+0000] {logging_mixin.py:190} INFO - [2025-04-27T00:13:31.124+0000] {dag.py:3239} INFO - Sync 1 DAGs
[2025-04-27T00:13:31.138+0000] {logging_mixin.py:190} INFO - [2025-04-27T00:13:31.138+0000] {dag.py:4180} INFO - Setting next_dagrun for example_display_name to None, run_after=None
[2025-04-27T00:13:31.156+0000] {processor.py:208} INFO - Processing /home/airflow/.local/lib/python3.10/site-packages/airflow/example_dags/example_display_name.py took 0.066 seconds
[2025-04-27T00:14:01.620+0000] {processor.py:186} INFO - Started process (PID=22087) to work on /home/airflow/.local/lib/python3.10/site-packages/airflow/example_dags/example_display_name.py
[2025-04-27T00:14:01.621+0000] {processor.py:914} INFO - Processing file /home/airflow/.local/lib/python3.10/site-packages/airflow/example_dags/example_display_name.py for tasks to queue
[2025-04-27T00:14:01.624+0000] {logging_mixin.py:190} INFO - [2025-04-27T00:14:01.624+0000] {dagbag.py:588} INFO - Filling up the DagBag from /home/airflow/.local/lib/python3.10/site-packages/airflow/example_dags/example_display_name.py
[2025-04-27T00:14:01.632+0000] {processor.py:925} INFO - DAG(s) 'example_display_name' retrieved from /home/airflow/.local/lib/python3.10/site-packages/airflow/example_dags/example_display_name.py
[2025-04-27T00:14:01.652+0000] {logging_mixin.py:190} INFO - [2025-04-27T00:14:01.652+0000] {dag.py:3239} INFO - Sync 1 DAGs
[2025-04-27T00:14:01.670+0000] {logging_mixin.py:190} INFO - [2025-04-27T00:14:01.669+0000] {dag.py:4180} INFO - Setting next_dagrun for example_display_name to None, run_after=None
[2025-04-27T00:14:01.693+0000] {processor.py:208} INFO - Processing /home/airflow/.local/lib/python3.10/site-packages/airflow/example_dags/example_display_name.py took 0.080 seconds
[2025-04-27T00:14:32.124+0000] {processor.py:186} INFO - Started process (PID=22153) to work on /home/airflow/.local/lib/python3.10/site-packages/airflow/example_dags/example_display_name.py
[2025-04-27T00:14:32.125+0000] {processor.py:914} INFO - Processing file /home/airflow/.local/lib/python3.10/site-packages/airflow/example_dags/example_display_name.py for tasks to queue
[2025-04-27T00:14:32.128+0000] {logging_mixin.py:190} INFO - [2025-04-27T00:14:32.128+0000] {dagbag.py:588} INFO - Filling up the DagBag from /home/airflow/.local/lib/python3.10/site-packages/airflow/example_dags/example_display_name.py
[2025-04-27T00:14:32.136+0000] {processor.py:925} INFO - DAG(s) 'example_display_name' retrieved from /home/airflow/.local/lib/python3.10/site-packages/airflow/example_dags/example_display_name.py
[2025-04-27T00:14:32.157+0000] {logging_mixin.py:190} INFO - [2025-04-27T00:14:32.156+0000] {dag.py:3239} INFO - Sync 1 DAGs
[2025-04-27T00:14:32.171+0000] {logging_mixin.py:190} INFO - [2025-04-27T00:14:32.171+0000] {dag.py:4180} INFO - Setting next_dagrun for example_display_name to None, run_after=None
[2025-04-27T00:14:32.190+0000] {processor.py:208} INFO - Processing /home/airflow/.local/lib/python3.10/site-packages/airflow/example_dags/example_display_name.py took 0.073 seconds
[2025-04-27T00:15:02.735+0000] {processor.py:186} INFO - Started process (PID=22219) to work on /home/airflow/.local/lib/python3.10/site-packages/airflow/example_dags/example_display_name.py
[2025-04-27T00:15:02.736+0000] {processor.py:914} INFO - Processing file /home/airflow/.local/lib/python3.10/site-packages/airflow/example_dags/example_display_name.py for tasks to queue
[2025-04-27T00:15:02.739+0000] {logging_mixin.py:190} INFO - [2025-04-27T00:15:02.738+0000] {dagbag.py:588} INFO - Filling up the DagBag from /home/airflow/.local/lib/python3.10/site-packages/airflow/example_dags/example_display_name.py
[2025-04-27T00:15:02.747+0000] {processor.py:925} INFO - DAG(s) 'example_display_name' retrieved from /home/airflow/.local/lib/python3.10/site-packages/airflow/example_dags/example_display_name.py
[2025-04-27T00:15:02.767+0000] {logging_mixin.py:190} INFO - [2025-04-27T00:15:02.767+0000] {dag.py:3239} INFO - Sync 1 DAGs
[2025-04-27T00:15:02.782+0000] {logging_mixin.py:190} INFO - [2025-04-27T00:15:02.781+0000] {dag.py:4180} INFO - Setting next_dagrun for example_display_name to None, run_after=None
[2025-04-27T00:15:02.803+0000] {processor.py:208} INFO - Processing /home/airflow/.local/lib/python3.10/site-packages/airflow/example_dags/example_display_name.py took 0.075 seconds
[2025-04-27T00:15:33.008+0000] {processor.py:186} INFO - Started process (PID=22285) to work on /home/airflow/.local/lib/python3.10/site-packages/airflow/example_dags/example_display_name.py
[2025-04-27T00:15:33.009+0000] {processor.py:914} INFO - Processing file /home/airflow/.local/lib/python3.10/site-packages/airflow/example_dags/example_display_name.py for tasks to queue
[2025-04-27T00:15:33.011+0000] {logging_mixin.py:190} INFO - [2025-04-27T00:15:33.011+0000] {dagbag.py:588} INFO - Filling up the DagBag from /home/airflow/.local/lib/python3.10/site-packages/airflow/example_dags/example_display_name.py
[2025-04-27T00:15:33.018+0000] {processor.py:925} INFO - DAG(s) 'example_display_name' retrieved from /home/airflow/.local/lib/python3.10/site-packages/airflow/example_dags/example_display_name.py
[2025-04-27T00:15:33.038+0000] {logging_mixin.py:190} INFO - [2025-04-27T00:15:33.038+0000] {dag.py:3239} INFO - Sync 1 DAGs
[2025-04-27T00:15:33.053+0000] {logging_mixin.py:190} INFO - [2025-04-27T00:15:33.053+0000] {dag.py:4180} INFO - Setting next_dagrun for example_display_name to None, run_after=None
[2025-04-27T00:15:33.074+0000] {processor.py:208} INFO - Processing /home/airflow/.local/lib/python3.10/site-packages/airflow/example_dags/example_display_name.py took 0.072 seconds
[2025-04-27T00:16:03.554+0000] {processor.py:186} INFO - Started process (PID=22351) to work on /home/airflow/.local/lib/python3.10/site-packages/airflow/example_dags/example_display_name.py
[2025-04-27T00:16:03.556+0000] {processor.py:914} INFO - Processing file /home/airflow/.local/lib/python3.10/site-packages/airflow/example_dags/example_display_name.py for tasks to queue
[2025-04-27T00:16:03.558+0000] {logging_mixin.py:190} INFO - [2025-04-27T00:16:03.558+0000] {dagbag.py:588} INFO - Filling up the DagBag from /home/airflow/.local/lib/python3.10/site-packages/airflow/example_dags/example_display_name.py
[2025-04-27T00:16:03.568+0000] {processor.py:925} INFO - DAG(s) 'example_display_name' retrieved from /home/airflow/.local/lib/python3.10/site-packages/airflow/example_dags/example_display_name.py
[2025-04-27T00:16:03.595+0000] {logging_mixin.py:190} INFO - [2025-04-27T00:16:03.595+0000] {dag.py:3239} INFO - Sync 1 DAGs
[2025-04-27T00:16:03.613+0000] {logging_mixin.py:190} INFO - [2025-04-27T00:16:03.613+0000] {dag.py:4180} INFO - Setting next_dagrun for example_display_name to None, run_after=None
[2025-04-27T00:16:03.646+0000] {processor.py:208} INFO - Processing /home/airflow/.local/lib/python3.10/site-packages/airflow/example_dags/example_display_name.py took 0.100 seconds
[2025-04-27T00:16:34.289+0000] {processor.py:186} INFO - Started process (PID=22417) to work on /home/airflow/.local/lib/python3.10/site-packages/airflow/example_dags/example_display_name.py
[2025-04-27T00:16:34.290+0000] {processor.py:914} INFO - Processing file /home/airflow/.local/lib/python3.10/site-packages/airflow/example_dags/example_display_name.py for tasks to queue
[2025-04-27T00:16:34.292+0000] {logging_mixin.py:190} INFO - [2025-04-27T00:16:34.292+0000] {dagbag.py:588} INFO - Filling up the DagBag from /home/airflow/.local/lib/python3.10/site-packages/airflow/example_dags/example_display_name.py
[2025-04-27T00:16:34.299+0000] {processor.py:925} INFO - DAG(s) 'example_display_name' retrieved from /home/airflow/.local/lib/python3.10/site-packages/airflow/example_dags/example_display_name.py
[2025-04-27T00:16:34.317+0000] {logging_mixin.py:190} INFO - [2025-04-27T00:16:34.317+0000] {dag.py:3239} INFO - Sync 1 DAGs
[2025-04-27T00:16:34.330+0000] {logging_mixin.py:190} INFO - [2025-04-27T00:16:34.330+0000] {dag.py:4180} INFO - Setting next_dagrun for example_display_name to None, run_after=None
[2025-04-27T00:16:34.350+0000] {processor.py:208} INFO - Processing /home/airflow/.local/lib/python3.10/site-packages/airflow/example_dags/example_display_name.py took 0.067 seconds
[2025-04-27T00:17:05.161+0000] {processor.py:186} INFO - Started process (PID=22483) to work on /home/airflow/.local/lib/python3.10/site-packages/airflow/example_dags/example_display_name.py
[2025-04-27T00:17:05.162+0000] {processor.py:914} INFO - Processing file /home/airflow/.local/lib/python3.10/site-packages/airflow/example_dags/example_display_name.py for tasks to queue
[2025-04-27T00:17:05.165+0000] {logging_mixin.py:190} INFO - [2025-04-27T00:17:05.164+0000] {dagbag.py:588} INFO - Filling up the DagBag from /home/airflow/.local/lib/python3.10/site-packages/airflow/example_dags/example_display_name.py
[2025-04-27T00:17:05.177+0000] {processor.py:925} INFO - DAG(s) 'example_display_name' retrieved from /home/airflow/.local/lib/python3.10/site-packages/airflow/example_dags/example_display_name.py
[2025-04-27T00:17:05.197+0000] {logging_mixin.py:190} INFO - [2025-04-27T00:17:05.196+0000] {dag.py:3239} INFO - Sync 1 DAGs
[2025-04-27T00:17:05.213+0000] {logging_mixin.py:190} INFO - [2025-04-27T00:17:05.212+0000] {dag.py:4180} INFO - Setting next_dagrun for example_display_name to None, run_after=None
[2025-04-27T00:17:05.235+0000] {processor.py:208} INFO - Processing /home/airflow/.local/lib/python3.10/site-packages/airflow/example_dags/example_display_name.py took 0.082 seconds
[2025-04-27T00:17:35.354+0000] {processor.py:186} INFO - Started process (PID=22549) to work on /home/airflow/.local/lib/python3.10/site-packages/airflow/example_dags/example_display_name.py
[2025-04-27T00:17:35.355+0000] {processor.py:914} INFO - Processing file /home/airflow/.local/lib/python3.10/site-packages/airflow/example_dags/example_display_name.py for tasks to queue
[2025-04-27T00:17:35.359+0000] {logging_mixin.py:190} INFO - [2025-04-27T00:17:35.359+0000] {dagbag.py:588} INFO - Filling up the DagBag from /home/airflow/.local/lib/python3.10/site-packages/airflow/example_dags/example_display_name.py
[2025-04-27T00:17:35.369+0000] {processor.py:925} INFO - DAG(s) 'example_display_name' retrieved from /home/airflow/.local/lib/python3.10/site-packages/airflow/example_dags/example_display_name.py
[2025-04-27T00:17:35.389+0000] {logging_mixin.py:190} INFO - [2025-04-27T00:17:35.389+0000] {dag.py:3239} INFO - Sync 1 DAGs
[2025-04-27T00:17:35.408+0000] {logging_mixin.py:190} INFO - [2025-04-27T00:17:35.408+0000] {dag.py:4180} INFO - Setting next_dagrun for example_display_name to None, run_after=None
[2025-04-27T00:17:35.433+0000] {processor.py:208} INFO - Processing /home/airflow/.local/lib/python3.10/site-packages/airflow/example_dags/example_display_name.py took 0.090 seconds
[2025-04-27T00:18:06.074+0000] {processor.py:186} INFO - Started process (PID=22615) to work on /home/airflow/.local/lib/python3.10/site-packages/airflow/example_dags/example_display_name.py
[2025-04-27T00:18:06.076+0000] {processor.py:914} INFO - Processing file /home/airflow/.local/lib/python3.10/site-packages/airflow/example_dags/example_display_name.py for tasks to queue
[2025-04-27T00:18:06.078+0000] {logging_mixin.py:190} INFO - [2025-04-27T00:18:06.078+0000] {dagbag.py:588} INFO - Filling up the DagBag from /home/airflow/.local/lib/python3.10/site-packages/airflow/example_dags/example_display_name.py
[2025-04-27T00:18:06.085+0000] {processor.py:925} INFO - DAG(s) 'example_display_name' retrieved from /home/airflow/.local/lib/python3.10/site-packages/airflow/example_dags/example_display_name.py
[2025-04-27T00:18:06.104+0000] {logging_mixin.py:190} INFO - [2025-04-27T00:18:06.104+0000] {dag.py:3239} INFO - Sync 1 DAGs
[2025-04-27T00:18:06.118+0000] {logging_mixin.py:190} INFO - [2025-04-27T00:18:06.118+0000] {dag.py:4180} INFO - Setting next_dagrun for example_display_name to None, run_after=None
[2025-04-27T00:18:06.137+0000] {processor.py:208} INFO - Processing /home/airflow/.local/lib/python3.10/site-packages/airflow/example_dags/example_display_name.py took 0.068 seconds
[2025-04-27T00:18:36.403+0000] {processor.py:186} INFO - Started process (PID=22681) to work on /home/airflow/.local/lib/python3.10/site-packages/airflow/example_dags/example_display_name.py
[2025-04-27T00:18:36.404+0000] {processor.py:914} INFO - Processing file /home/airflow/.local/lib/python3.10/site-packages/airflow/example_dags/example_display_name.py for tasks to queue
[2025-04-27T00:18:36.406+0000] {logging_mixin.py:190} INFO - [2025-04-27T00:18:36.406+0000] {dagbag.py:588} INFO - Filling up the DagBag from /home/airflow/.local/lib/python3.10/site-packages/airflow/example_dags/example_display_name.py
[2025-04-27T00:18:36.415+0000] {processor.py:925} INFO - DAG(s) 'example_display_name' retrieved from /home/airflow/.local/lib/python3.10/site-packages/airflow/example_dags/example_display_name.py
[2025-04-27T00:18:36.436+0000] {logging_mixin.py:190} INFO - [2025-04-27T00:18:36.436+0000] {dag.py:3239} INFO - Sync 1 DAGs
[2025-04-27T00:18:36.456+0000] {logging_mixin.py:190} INFO - [2025-04-27T00:18:36.456+0000] {dag.py:4180} INFO - Setting next_dagrun for example_display_name to None, run_after=None
[2025-04-27T00:18:36.477+0000] {processor.py:208} INFO - Processing /home/airflow/.local/lib/python3.10/site-packages/airflow/example_dags/example_display_name.py took 0.081 seconds
[2025-04-27T00:19:06.687+0000] {processor.py:186} INFO - Started process (PID=22747) to work on /home/airflow/.local/lib/python3.10/site-packages/airflow/example_dags/example_display_name.py
[2025-04-27T00:19:06.688+0000] {processor.py:914} INFO - Processing file /home/airflow/.local/lib/python3.10/site-packages/airflow/example_dags/example_display_name.py for tasks to queue
[2025-04-27T00:19:06.692+0000] {logging_mixin.py:190} INFO - [2025-04-27T00:19:06.691+0000] {dagbag.py:588} INFO - Filling up the DagBag from /home/airflow/.local/lib/python3.10/site-packages/airflow/example_dags/example_display_name.py
[2025-04-27T00:19:06.701+0000] {processor.py:925} INFO - DAG(s) 'example_display_name' retrieved from /home/airflow/.local/lib/python3.10/site-packages/airflow/example_dags/example_display_name.py
[2025-04-27T00:19:06.722+0000] {logging_mixin.py:190} INFO - [2025-04-27T00:19:06.722+0000] {dag.py:3239} INFO - Sync 1 DAGs
[2025-04-27T00:19:06.741+0000] {logging_mixin.py:190} INFO - [2025-04-27T00:19:06.741+0000] {dag.py:4180} INFO - Setting next_dagrun for example_display_name to None, run_after=None
[2025-04-27T00:19:06.766+0000] {processor.py:208} INFO - Processing /home/airflow/.local/lib/python3.10/site-packages/airflow/example_dags/example_display_name.py took 0.087 seconds
[2025-04-27T00:19:36.977+0000] {processor.py:186} INFO - Started process (PID=22813) to work on /home/airflow/.local/lib/python3.10/site-packages/airflow/example_dags/example_display_name.py
[2025-04-27T00:19:36.978+0000] {processor.py:914} INFO - Processing file /home/airflow/.local/lib/python3.10/site-packages/airflow/example_dags/example_display_name.py for tasks to queue
[2025-04-27T00:19:36.980+0000] {logging_mixin.py:190} INFO - [2025-04-27T00:19:36.980+0000] {dagbag.py:588} INFO - Filling up the DagBag from /home/airflow/.local/lib/python3.10/site-packages/airflow/example_dags/example_display_name.py
[2025-04-27T00:19:36.988+0000] {processor.py:925} INFO - DAG(s) 'example_display_name' retrieved from /home/airflow/.local/lib/python3.10/site-packages/airflow/example_dags/example_display_name.py
[2025-04-27T00:19:37.007+0000] {logging_mixin.py:190} INFO - [2025-04-27T00:19:37.007+0000] {dag.py:3239} INFO - Sync 1 DAGs
[2025-04-27T00:19:37.021+0000] {logging_mixin.py:190} INFO - [2025-04-27T00:19:37.021+0000] {dag.py:4180} INFO - Setting next_dagrun for example_display_name to None, run_after=None
[2025-04-27T00:19:37.042+0000] {processor.py:208} INFO - Processing /home/airflow/.local/lib/python3.10/site-packages/airflow/example_dags/example_display_name.py took 0.071 seconds
[2025-04-27T00:20:07.871+0000] {processor.py:186} INFO - Started process (PID=22879) to work on /home/airflow/.local/lib/python3.10/site-packages/airflow/example_dags/example_display_name.py
[2025-04-27T00:20:07.872+0000] {processor.py:914} INFO - Processing file /home/airflow/.local/lib/python3.10/site-packages/airflow/example_dags/example_display_name.py for tasks to queue
[2025-04-27T00:20:07.874+0000] {logging_mixin.py:190} INFO - [2025-04-27T00:20:07.874+0000] {dagbag.py:588} INFO - Filling up the DagBag from /home/airflow/.local/lib/python3.10/site-packages/airflow/example_dags/example_display_name.py
[2025-04-27T00:20:07.883+0000] {processor.py:925} INFO - DAG(s) 'example_display_name' retrieved from /home/airflow/.local/lib/python3.10/site-packages/airflow/example_dags/example_display_name.py
[2025-04-27T00:20:07.902+0000] {logging_mixin.py:190} INFO - [2025-04-27T00:20:07.902+0000] {dag.py:3239} INFO - Sync 1 DAGs
[2025-04-27T00:20:07.916+0000] {logging_mixin.py:190} INFO - [2025-04-27T00:20:07.915+0000] {dag.py:4180} INFO - Setting next_dagrun for example_display_name to None, run_after=None
[2025-04-27T00:20:07.936+0000] {processor.py:208} INFO - Processing /home/airflow/.local/lib/python3.10/site-packages/airflow/example_dags/example_display_name.py took 0.073 seconds
[2025-04-27T00:20:38.081+0000] {processor.py:186} INFO - Started process (PID=22945) to work on /home/airflow/.local/lib/python3.10/site-packages/airflow/example_dags/example_display_name.py
[2025-04-27T00:20:38.083+0000] {processor.py:914} INFO - Processing file /home/airflow/.local/lib/python3.10/site-packages/airflow/example_dags/example_display_name.py for tasks to queue
[2025-04-27T00:20:38.086+0000] {logging_mixin.py:190} INFO - [2025-04-27T00:20:38.086+0000] {dagbag.py:588} INFO - Filling up the DagBag from /home/airflow/.local/lib/python3.10/site-packages/airflow/example_dags/example_display_name.py
[2025-04-27T00:20:38.096+0000] {processor.py:925} INFO - DAG(s) 'example_display_name' retrieved from /home/airflow/.local/lib/python3.10/site-packages/airflow/example_dags/example_display_name.py
[2025-04-27T00:20:38.124+0000] {logging_mixin.py:190} INFO - [2025-04-27T00:20:38.123+0000] {dag.py:3239} INFO - Sync 1 DAGs
[2025-04-27T00:20:38.146+0000] {logging_mixin.py:190} INFO - [2025-04-27T00:20:38.145+0000] {dag.py:4180} INFO - Setting next_dagrun for example_display_name to None, run_after=None
[2025-04-27T00:20:38.179+0000] {processor.py:208} INFO - Processing /home/airflow/.local/lib/python3.10/site-packages/airflow/example_dags/example_display_name.py took 0.107 seconds
[2025-04-27T00:21:09.113+0000] {processor.py:186} INFO - Started process (PID=23010) to work on /home/airflow/.local/lib/python3.10/site-packages/airflow/example_dags/example_display_name.py
[2025-04-27T00:21:09.114+0000] {processor.py:914} INFO - Processing file /home/airflow/.local/lib/python3.10/site-packages/airflow/example_dags/example_display_name.py for tasks to queue
[2025-04-27T00:21:09.118+0000] {logging_mixin.py:190} INFO - [2025-04-27T00:21:09.118+0000] {dagbag.py:588} INFO - Filling up the DagBag from /home/airflow/.local/lib/python3.10/site-packages/airflow/example_dags/example_display_name.py
[2025-04-27T00:21:09.129+0000] {processor.py:925} INFO - DAG(s) 'example_display_name' retrieved from /home/airflow/.local/lib/python3.10/site-packages/airflow/example_dags/example_display_name.py
[2025-04-27T00:21:09.158+0000] {logging_mixin.py:190} INFO - [2025-04-27T00:21:09.158+0000] {dag.py:3239} INFO - Sync 1 DAGs
[2025-04-27T00:21:09.179+0000] {logging_mixin.py:190} INFO - [2025-04-27T00:21:09.179+0000] {dag.py:4180} INFO - Setting next_dagrun for example_display_name to None, run_after=None
[2025-04-27T00:21:09.205+0000] {processor.py:208} INFO - Processing /home/airflow/.local/lib/python3.10/site-packages/airflow/example_dags/example_display_name.py took 0.100 seconds
[2025-04-27T00:21:40.066+0000] {processor.py:186} INFO - Started process (PID=23072) to work on /home/airflow/.local/lib/python3.10/site-packages/airflow/example_dags/example_display_name.py
[2025-04-27T00:21:40.067+0000] {processor.py:914} INFO - Processing file /home/airflow/.local/lib/python3.10/site-packages/airflow/example_dags/example_display_name.py for tasks to queue
[2025-04-27T00:21:40.069+0000] {logging_mixin.py:190} INFO - [2025-04-27T00:21:40.069+0000] {dagbag.py:588} INFO - Filling up the DagBag from /home/airflow/.local/lib/python3.10/site-packages/airflow/example_dags/example_display_name.py
[2025-04-27T00:21:40.077+0000] {processor.py:925} INFO - DAG(s) 'example_display_name' retrieved from /home/airflow/.local/lib/python3.10/site-packages/airflow/example_dags/example_display_name.py
[2025-04-27T00:21:40.097+0000] {logging_mixin.py:190} INFO - [2025-04-27T00:21:40.097+0000] {dag.py:3239} INFO - Sync 1 DAGs
[2025-04-27T00:21:40.114+0000] {logging_mixin.py:190} INFO - [2025-04-27T00:21:40.113+0000] {dag.py:4180} INFO - Setting next_dagrun for example_display_name to None, run_after=None
[2025-04-27T00:21:40.133+0000] {processor.py:208} INFO - Processing /home/airflow/.local/lib/python3.10/site-packages/airflow/example_dags/example_display_name.py took 0.073 seconds
[2025-04-27T00:22:10.601+0000] {processor.py:186} INFO - Started process (PID=23138) to work on /home/airflow/.local/lib/python3.10/site-packages/airflow/example_dags/example_display_name.py
[2025-04-27T00:22:10.603+0000] {processor.py:914} INFO - Processing file /home/airflow/.local/lib/python3.10/site-packages/airflow/example_dags/example_display_name.py for tasks to queue
[2025-04-27T00:22:10.606+0000] {logging_mixin.py:190} INFO - [2025-04-27T00:22:10.605+0000] {dagbag.py:588} INFO - Filling up the DagBag from /home/airflow/.local/lib/python3.10/site-packages/airflow/example_dags/example_display_name.py
[2025-04-27T00:22:10.617+0000] {processor.py:925} INFO - DAG(s) 'example_display_name' retrieved from /home/airflow/.local/lib/python3.10/site-packages/airflow/example_dags/example_display_name.py
[2025-04-27T00:22:10.646+0000] {logging_mixin.py:190} INFO - [2025-04-27T00:22:10.646+0000] {dag.py:3239} INFO - Sync 1 DAGs
[2025-04-27T00:22:10.668+0000] {logging_mixin.py:190} INFO - [2025-04-27T00:22:10.667+0000] {dag.py:4180} INFO - Setting next_dagrun for example_display_name to None, run_after=None
[2025-04-27T00:22:10.696+0000] {processor.py:208} INFO - Processing /home/airflow/.local/lib/python3.10/site-packages/airflow/example_dags/example_display_name.py took 0.104 seconds
[2025-04-27T00:22:41.144+0000] {processor.py:186} INFO - Started process (PID=23204) to work on /home/airflow/.local/lib/python3.10/site-packages/airflow/example_dags/example_display_name.py
[2025-04-27T00:22:41.146+0000] {processor.py:914} INFO - Processing file /home/airflow/.local/lib/python3.10/site-packages/airflow/example_dags/example_display_name.py for tasks to queue
[2025-04-27T00:22:41.148+0000] {logging_mixin.py:190} INFO - [2025-04-27T00:22:41.148+0000] {dagbag.py:588} INFO - Filling up the DagBag from /home/airflow/.local/lib/python3.10/site-packages/airflow/example_dags/example_display_name.py
[2025-04-27T00:22:41.156+0000] {processor.py:925} INFO - DAG(s) 'example_display_name' retrieved from /home/airflow/.local/lib/python3.10/site-packages/airflow/example_dags/example_display_name.py
[2025-04-27T00:22:41.175+0000] {logging_mixin.py:190} INFO - [2025-04-27T00:22:41.175+0000] {dag.py:3239} INFO - Sync 1 DAGs
[2025-04-27T00:22:41.190+0000] {logging_mixin.py:190} INFO - [2025-04-27T00:22:41.190+0000] {dag.py:4180} INFO - Setting next_dagrun for example_display_name to None, run_after=None
[2025-04-27T00:22:41.209+0000] {processor.py:208} INFO - Processing /home/airflow/.local/lib/python3.10/site-packages/airflow/example_dags/example_display_name.py took 0.070 seconds
[2025-04-27T00:23:12.178+0000] {processor.py:186} INFO - Started process (PID=23270) to work on /home/airflow/.local/lib/python3.10/site-packages/airflow/example_dags/example_display_name.py
[2025-04-27T00:23:12.179+0000] {processor.py:914} INFO - Processing file /home/airflow/.local/lib/python3.10/site-packages/airflow/example_dags/example_display_name.py for tasks to queue
[2025-04-27T00:23:12.182+0000] {logging_mixin.py:190} INFO - [2025-04-27T00:23:12.181+0000] {dagbag.py:588} INFO - Filling up the DagBag from /home/airflow/.local/lib/python3.10/site-packages/airflow/example_dags/example_display_name.py
[2025-04-27T00:23:12.190+0000] {processor.py:925} INFO - DAG(s) 'example_display_name' retrieved from /home/airflow/.local/lib/python3.10/site-packages/airflow/example_dags/example_display_name.py
[2025-04-27T00:23:12.215+0000] {logging_mixin.py:190} INFO - [2025-04-27T00:23:12.215+0000] {dag.py:3239} INFO - Sync 1 DAGs
[2025-04-27T00:23:12.233+0000] {logging_mixin.py:190} INFO - [2025-04-27T00:23:12.232+0000] {dag.py:4180} INFO - Setting next_dagrun for example_display_name to None, run_after=None
[2025-04-27T00:23:12.257+0000] {processor.py:208} INFO - Processing /home/airflow/.local/lib/python3.10/site-packages/airflow/example_dags/example_display_name.py took 0.085 seconds
[2025-04-27T00:23:42.630+0000] {processor.py:186} INFO - Started process (PID=23334) to work on /home/airflow/.local/lib/python3.10/site-packages/airflow/example_dags/example_display_name.py
[2025-04-27T00:23:42.632+0000] {processor.py:914} INFO - Processing file /home/airflow/.local/lib/python3.10/site-packages/airflow/example_dags/example_display_name.py for tasks to queue
[2025-04-27T00:23:42.635+0000] {logging_mixin.py:190} INFO - [2025-04-27T00:23:42.634+0000] {dagbag.py:588} INFO - Filling up the DagBag from /home/airflow/.local/lib/python3.10/site-packages/airflow/example_dags/example_display_name.py
[2025-04-27T00:23:42.642+0000] {processor.py:925} INFO - DAG(s) 'example_display_name' retrieved from /home/airflow/.local/lib/python3.10/site-packages/airflow/example_dags/example_display_name.py
[2025-04-27T00:23:42.660+0000] {logging_mixin.py:190} INFO - [2025-04-27T00:23:42.660+0000] {dag.py:3239} INFO - Sync 1 DAGs
[2025-04-27T00:23:42.674+0000] {logging_mixin.py:190} INFO - [2025-04-27T00:23:42.673+0000] {dag.py:4180} INFO - Setting next_dagrun for example_display_name to None, run_after=None
[2025-04-27T00:23:42.689+0000] {processor.py:208} INFO - Processing /home/airflow/.local/lib/python3.10/site-packages/airflow/example_dags/example_display_name.py took 0.064 seconds
[2025-04-27T00:24:13.390+0000] {processor.py:186} INFO - Started process (PID=23399) to work on /home/airflow/.local/lib/python3.10/site-packages/airflow/example_dags/example_display_name.py
[2025-04-27T00:24:13.391+0000] {processor.py:914} INFO - Processing file /home/airflow/.local/lib/python3.10/site-packages/airflow/example_dags/example_display_name.py for tasks to queue
[2025-04-27T00:24:13.394+0000] {logging_mixin.py:190} INFO - [2025-04-27T00:24:13.393+0000] {dagbag.py:588} INFO - Filling up the DagBag from /home/airflow/.local/lib/python3.10/site-packages/airflow/example_dags/example_display_name.py
[2025-04-27T00:24:13.400+0000] {processor.py:925} INFO - DAG(s) 'example_display_name' retrieved from /home/airflow/.local/lib/python3.10/site-packages/airflow/example_dags/example_display_name.py
[2025-04-27T00:24:13.420+0000] {logging_mixin.py:190} INFO - [2025-04-27T00:24:13.419+0000] {dag.py:3239} INFO - Sync 1 DAGs
[2025-04-27T00:24:13.436+0000] {logging_mixin.py:190} INFO - [2025-04-27T00:24:13.436+0000] {dag.py:4180} INFO - Setting next_dagrun for example_display_name to None, run_after=None
[2025-04-27T00:24:13.456+0000] {processor.py:208} INFO - Processing /home/airflow/.local/lib/python3.10/site-packages/airflow/example_dags/example_display_name.py took 0.072 seconds
[2025-04-27T00:24:43.764+0000] {processor.py:186} INFO - Started process (PID=23465) to work on /home/airflow/.local/lib/python3.10/site-packages/airflow/example_dags/example_display_name.py
[2025-04-27T00:24:43.766+0000] {processor.py:914} INFO - Processing file /home/airflow/.local/lib/python3.10/site-packages/airflow/example_dags/example_display_name.py for tasks to queue
[2025-04-27T00:24:43.768+0000] {logging_mixin.py:190} INFO - [2025-04-27T00:24:43.768+0000] {dagbag.py:588} INFO - Filling up the DagBag from /home/airflow/.local/lib/python3.10/site-packages/airflow/example_dags/example_display_name.py
[2025-04-27T00:24:43.777+0000] {processor.py:925} INFO - DAG(s) 'example_display_name' retrieved from /home/airflow/.local/lib/python3.10/site-packages/airflow/example_dags/example_display_name.py
[2025-04-27T00:24:43.803+0000] {logging_mixin.py:190} INFO - [2025-04-27T00:24:43.803+0000] {dag.py:3239} INFO - Sync 1 DAGs
[2025-04-27T00:24:43.824+0000] {logging_mixin.py:190} INFO - [2025-04-27T00:24:43.823+0000] {dag.py:4180} INFO - Setting next_dagrun for example_display_name to None, run_after=None
[2025-04-27T00:24:43.852+0000] {processor.py:208} INFO - Processing /home/airflow/.local/lib/python3.10/site-packages/airflow/example_dags/example_display_name.py took 0.095 seconds
[2025-04-27T00:25:14.182+0000] {processor.py:186} INFO - Started process (PID=23530) to work on /home/airflow/.local/lib/python3.10/site-packages/airflow/example_dags/example_display_name.py
[2025-04-27T00:25:14.183+0000] {processor.py:914} INFO - Processing file /home/airflow/.local/lib/python3.10/site-packages/airflow/example_dags/example_display_name.py for tasks to queue
[2025-04-27T00:25:14.185+0000] {logging_mixin.py:190} INFO - [2025-04-27T00:25:14.184+0000] {dagbag.py:588} INFO - Filling up the DagBag from /home/airflow/.local/lib/python3.10/site-packages/airflow/example_dags/example_display_name.py
[2025-04-27T00:25:14.191+0000] {processor.py:925} INFO - DAG(s) 'example_display_name' retrieved from /home/airflow/.local/lib/python3.10/site-packages/airflow/example_dags/example_display_name.py
[2025-04-27T00:25:14.209+0000] {logging_mixin.py:190} INFO - [2025-04-27T00:25:14.209+0000] {dag.py:3239} INFO - Sync 1 DAGs
[2025-04-27T00:25:14.222+0000] {logging_mixin.py:190} INFO - [2025-04-27T00:25:14.222+0000] {dag.py:4180} INFO - Setting next_dagrun for example_display_name to None, run_after=None
[2025-04-27T00:25:14.240+0000] {processor.py:208} INFO - Processing /home/airflow/.local/lib/python3.10/site-packages/airflow/example_dags/example_display_name.py took 0.063 seconds
