[2025-04-27T00:00:15.985+0000] {processor.py:186} INFO - Started process (PID=20312) to work on /home/airflow/.local/lib/python3.10/site-packages/airflow/example_dags/example_trigger_controller_dag.py
[2025-04-27T00:00:15.987+0000] {processor.py:914} INFO - Processing file /home/airflow/.local/lib/python3.10/site-packages/airflow/example_dags/example_trigger_controller_dag.py for tasks to queue
[2025-04-27T00:00:15.990+0000] {logging_mixin.py:190} INFO - [2025-04-27T00:00:15.990+0000] {dagbag.py:588} INFO - Filling up the DagBag from /home/airflow/.local/lib/python3.10/site-packages/airflow/example_dags/example_trigger_controller_dag.py
[2025-04-27T00:00:15.999+0000] {processor.py:925} INFO - DAG(s) 'example_trigger_controller_dag' retrieved from /home/airflow/.local/lib/python3.10/site-packages/airflow/example_dags/example_trigger_controller_dag.py
[2025-04-27T00:00:16.024+0000] {logging_mixin.py:190} INFO - [2025-04-27T00:00:16.023+0000] {dag.py:3239} INFO - Sync 1 DAGs
[2025-04-27T00:00:16.053+0000] {logging_mixin.py:190} INFO - [2025-04-27T00:00:16.052+0000] {dag.py:4180} INFO - Setting next_dagrun for example_trigger_controller_dag to 2021-01-01 00:00:00+00:00, run_after=2021-01-01 00:00:00+00:00
[2025-04-27T00:00:16.077+0000] {processor.py:208} INFO - Processing /home/airflow/.local/lib/python3.10/site-packages/airflow/example_dags/example_trigger_controller_dag.py took 0.099 seconds
[2025-04-27T00:00:46.124+0000] {processor.py:186} INFO - Started process (PID=20378) to work on /home/airflow/.local/lib/python3.10/site-packages/airflow/example_dags/example_trigger_controller_dag.py
[2025-04-27T00:00:46.125+0000] {processor.py:914} INFO - Processing file /home/airflow/.local/lib/python3.10/site-packages/airflow/example_dags/example_trigger_controller_dag.py for tasks to queue
[2025-04-27T00:00:46.127+0000] {logging_mixin.py:190} INFO - [2025-04-27T00:00:46.127+0000] {dagbag.py:588} INFO - Filling up the DagBag from /home/airflow/.local/lib/python3.10/site-packages/airflow/example_dags/example_trigger_controller_dag.py
[2025-04-27T00:00:46.134+0000] {processor.py:925} INFO - DAG(s) 'example_trigger_controller_dag' retrieved from /home/airflow/.local/lib/python3.10/site-packages/airflow/example_dags/example_trigger_controller_dag.py
[2025-04-27T00:00:46.153+0000] {logging_mixin.py:190} INFO - [2025-04-27T00:00:46.152+0000] {dag.py:3239} INFO - Sync 1 DAGs
[2025-04-27T00:00:46.179+0000] {logging_mixin.py:190} INFO - [2025-04-27T00:00:46.178+0000] {dag.py:4180} INFO - Setting next_dagrun for example_trigger_controller_dag to 2021-01-01 00:00:00+00:00, run_after=2021-01-01 00:00:00+00:00
[2025-04-27T00:00:46.198+0000] {processor.py:208} INFO - Processing /home/airflow/.local/lib/python3.10/site-packages/airflow/example_dags/example_trigger_controller_dag.py took 0.080 seconds
[2025-04-27T00:01:16.389+0000] {processor.py:186} INFO - Started process (PID=20445) to work on /home/airflow/.local/lib/python3.10/site-packages/airflow/example_dags/example_trigger_controller_dag.py
[2025-04-27T00:01:16.390+0000] {processor.py:914} INFO - Processing file /home/airflow/.local/lib/python3.10/site-packages/airflow/example_dags/example_trigger_controller_dag.py for tasks to queue
[2025-04-27T00:01:16.392+0000] {logging_mixin.py:190} INFO - [2025-04-27T00:01:16.392+0000] {dagbag.py:588} INFO - Filling up the DagBag from /home/airflow/.local/lib/python3.10/site-packages/airflow/example_dags/example_trigger_controller_dag.py
[2025-04-27T00:01:16.398+0000] {processor.py:925} INFO - DAG(s) 'example_trigger_controller_dag' retrieved from /home/airflow/.local/lib/python3.10/site-packages/airflow/example_dags/example_trigger_controller_dag.py
[2025-04-27T00:01:16.417+0000] {logging_mixin.py:190} INFO - [2025-04-27T00:01:16.416+0000] {dag.py:3239} INFO - Sync 1 DAGs
[2025-04-27T00:01:16.439+0000] {logging_mixin.py:190} INFO - [2025-04-27T00:01:16.439+0000] {dag.py:4180} INFO - Setting next_dagrun for example_trigger_controller_dag to 2021-01-01 00:00:00+00:00, run_after=2021-01-01 00:00:00+00:00
[2025-04-27T00:01:16.458+0000] {processor.py:208} INFO - Processing /home/airflow/.local/lib/python3.10/site-packages/airflow/example_dags/example_trigger_controller_dag.py took 0.075 seconds
[2025-04-27T00:01:47.420+0000] {processor.py:186} INFO - Started process (PID=20511) to work on /home/airflow/.local/lib/python3.10/site-packages/airflow/example_dags/example_trigger_controller_dag.py
[2025-04-27T00:01:47.421+0000] {processor.py:914} INFO - Processing file /home/airflow/.local/lib/python3.10/site-packages/airflow/example_dags/example_trigger_controller_dag.py for tasks to queue
[2025-04-27T00:01:47.424+0000] {logging_mixin.py:190} INFO - [2025-04-27T00:01:47.423+0000] {dagbag.py:588} INFO - Filling up the DagBag from /home/airflow/.local/lib/python3.10/site-packages/airflow/example_dags/example_trigger_controller_dag.py
[2025-04-27T00:01:47.432+0000] {processor.py:925} INFO - DAG(s) 'example_trigger_controller_dag' retrieved from /home/airflow/.local/lib/python3.10/site-packages/airflow/example_dags/example_trigger_controller_dag.py
[2025-04-27T00:01:47.458+0000] {logging_mixin.py:190} INFO - [2025-04-27T00:01:47.457+0000] {dag.py:3239} INFO - Sync 1 DAGs
[2025-04-27T00:01:47.485+0000] {logging_mixin.py:190} INFO - [2025-04-27T00:01:47.484+0000] {dag.py:4180} INFO - Setting next_dagrun for example_trigger_controller_dag to 2021-01-01 00:00:00+00:00, run_after=2021-01-01 00:00:00+00:00
[2025-04-27T00:01:47.509+0000] {processor.py:208} INFO - Processing /home/airflow/.local/lib/python3.10/site-packages/airflow/example_dags/example_trigger_controller_dag.py took 0.096 seconds
[2025-04-27T00:02:18.465+0000] {processor.py:186} INFO - Started process (PID=20577) to work on /home/airflow/.local/lib/python3.10/site-packages/airflow/example_dags/example_trigger_controller_dag.py
[2025-04-27T00:02:18.467+0000] {processor.py:914} INFO - Processing file /home/airflow/.local/lib/python3.10/site-packages/airflow/example_dags/example_trigger_controller_dag.py for tasks to queue
[2025-04-27T00:02:18.469+0000] {logging_mixin.py:190} INFO - [2025-04-27T00:02:18.469+0000] {dagbag.py:588} INFO - Filling up the DagBag from /home/airflow/.local/lib/python3.10/site-packages/airflow/example_dags/example_trigger_controller_dag.py
[2025-04-27T00:02:18.477+0000] {processor.py:925} INFO - DAG(s) 'example_trigger_controller_dag' retrieved from /home/airflow/.local/lib/python3.10/site-packages/airflow/example_dags/example_trigger_controller_dag.py
[2025-04-27T00:02:18.497+0000] {logging_mixin.py:190} INFO - [2025-04-27T00:02:18.497+0000] {dag.py:3239} INFO - Sync 1 DAGs
[2025-04-27T00:02:18.523+0000] {logging_mixin.py:190} INFO - [2025-04-27T00:02:18.523+0000] {dag.py:4180} INFO - Setting next_dagrun for example_trigger_controller_dag to 2021-01-01 00:00:00+00:00, run_after=2021-01-01 00:00:00+00:00
[2025-04-27T00:02:18.548+0000] {processor.py:208} INFO - Processing /home/airflow/.local/lib/python3.10/site-packages/airflow/example_dags/example_trigger_controller_dag.py took 0.090 seconds
[2025-04-27T00:02:49.477+0000] {processor.py:186} INFO - Started process (PID=20643) to work on /home/airflow/.local/lib/python3.10/site-packages/airflow/example_dags/example_trigger_controller_dag.py
[2025-04-27T00:02:49.478+0000] {processor.py:914} INFO - Processing file /home/airflow/.local/lib/python3.10/site-packages/airflow/example_dags/example_trigger_controller_dag.py for tasks to queue
[2025-04-27T00:02:49.480+0000] {logging_mixin.py:190} INFO - [2025-04-27T00:02:49.480+0000] {dagbag.py:588} INFO - Filling up the DagBag from /home/airflow/.local/lib/python3.10/site-packages/airflow/example_dags/example_trigger_controller_dag.py
[2025-04-27T00:02:49.487+0000] {processor.py:925} INFO - DAG(s) 'example_trigger_controller_dag' retrieved from /home/airflow/.local/lib/python3.10/site-packages/airflow/example_dags/example_trigger_controller_dag.py
[2025-04-27T00:02:49.503+0000] {logging_mixin.py:190} INFO - [2025-04-27T00:02:49.503+0000] {dag.py:3239} INFO - Sync 1 DAGs
[2025-04-27T00:02:49.524+0000] {logging_mixin.py:190} INFO - [2025-04-27T00:02:49.524+0000] {dag.py:4180} INFO - Setting next_dagrun for example_trigger_controller_dag to 2021-01-01 00:00:00+00:00, run_after=2021-01-01 00:00:00+00:00
[2025-04-27T00:02:49.542+0000] {processor.py:208} INFO - Processing /home/airflow/.local/lib/python3.10/site-packages/airflow/example_dags/example_trigger_controller_dag.py took 0.070 seconds
[2025-04-27T00:03:20.251+0000] {processor.py:186} INFO - Started process (PID=20709) to work on /home/airflow/.local/lib/python3.10/site-packages/airflow/example_dags/example_trigger_controller_dag.py
[2025-04-27T00:03:20.252+0000] {processor.py:914} INFO - Processing file /home/airflow/.local/lib/python3.10/site-packages/airflow/example_dags/example_trigger_controller_dag.py for tasks to queue
[2025-04-27T00:03:20.255+0000] {logging_mixin.py:190} INFO - [2025-04-27T00:03:20.255+0000] {dagbag.py:588} INFO - Filling up the DagBag from /home/airflow/.local/lib/python3.10/site-packages/airflow/example_dags/example_trigger_controller_dag.py
[2025-04-27T00:03:20.262+0000] {processor.py:925} INFO - DAG(s) 'example_trigger_controller_dag' retrieved from /home/airflow/.local/lib/python3.10/site-packages/airflow/example_dags/example_trigger_controller_dag.py
[2025-04-27T00:03:20.280+0000] {logging_mixin.py:190} INFO - [2025-04-27T00:03:20.280+0000] {dag.py:3239} INFO - Sync 1 DAGs
[2025-04-27T00:03:20.304+0000] {logging_mixin.py:190} INFO - [2025-04-27T00:03:20.304+0000] {dag.py:4180} INFO - Setting next_dagrun for example_trigger_controller_dag to 2021-01-01 00:00:00+00:00, run_after=2021-01-01 00:00:00+00:00
[2025-04-27T00:03:20.325+0000] {processor.py:208} INFO - Processing /home/airflow/.local/lib/python3.10/site-packages/airflow/example_dags/example_trigger_controller_dag.py took 0.081 seconds
[2025-04-27T00:03:50.699+0000] {processor.py:186} INFO - Started process (PID=20775) to work on /home/airflow/.local/lib/python3.10/site-packages/airflow/example_dags/example_trigger_controller_dag.py
[2025-04-27T00:03:50.700+0000] {processor.py:914} INFO - Processing file /home/airflow/.local/lib/python3.10/site-packages/airflow/example_dags/example_trigger_controller_dag.py for tasks to queue
[2025-04-27T00:03:50.704+0000] {logging_mixin.py:190} INFO - [2025-04-27T00:03:50.703+0000] {dagbag.py:588} INFO - Filling up the DagBag from /home/airflow/.local/lib/python3.10/site-packages/airflow/example_dags/example_trigger_controller_dag.py
[2025-04-27T00:03:50.713+0000] {processor.py:925} INFO - DAG(s) 'example_trigger_controller_dag' retrieved from /home/airflow/.local/lib/python3.10/site-packages/airflow/example_dags/example_trigger_controller_dag.py
[2025-04-27T00:03:50.734+0000] {logging_mixin.py:190} INFO - [2025-04-27T00:03:50.734+0000] {dag.py:3239} INFO - Sync 1 DAGs
[2025-04-27T00:03:50.762+0000] {logging_mixin.py:190} INFO - [2025-04-27T00:03:50.761+0000] {dag.py:4180} INFO - Setting next_dagrun for example_trigger_controller_dag to 2021-01-01 00:00:00+00:00, run_after=2021-01-01 00:00:00+00:00
[2025-04-27T00:03:50.788+0000] {processor.py:208} INFO - Processing /home/airflow/.local/lib/python3.10/site-packages/airflow/example_dags/example_trigger_controller_dag.py took 0.099 seconds
[2025-04-27T00:04:21.493+0000] {processor.py:186} INFO - Started process (PID=20847) to work on /home/airflow/.local/lib/python3.10/site-packages/airflow/example_dags/example_trigger_controller_dag.py
[2025-04-27T00:04:21.494+0000] {processor.py:914} INFO - Processing file /home/airflow/.local/lib/python3.10/site-packages/airflow/example_dags/example_trigger_controller_dag.py for tasks to queue
[2025-04-27T00:04:21.496+0000] {logging_mixin.py:190} INFO - [2025-04-27T00:04:21.496+0000] {dagbag.py:588} INFO - Filling up the DagBag from /home/airflow/.local/lib/python3.10/site-packages/airflow/example_dags/example_trigger_controller_dag.py
[2025-04-27T00:04:21.503+0000] {processor.py:925} INFO - DAG(s) 'example_trigger_controller_dag' retrieved from /home/airflow/.local/lib/python3.10/site-packages/airflow/example_dags/example_trigger_controller_dag.py
[2025-04-27T00:04:21.523+0000] {logging_mixin.py:190} INFO - [2025-04-27T00:04:21.522+0000] {dag.py:3239} INFO - Sync 1 DAGs
[2025-04-27T00:04:21.548+0000] {logging_mixin.py:190} INFO - [2025-04-27T00:04:21.548+0000] {dag.py:4180} INFO - Setting next_dagrun for example_trigger_controller_dag to 2021-01-01 00:00:00+00:00, run_after=2021-01-01 00:00:00+00:00
[2025-04-27T00:04:21.568+0000] {processor.py:208} INFO - Processing /home/airflow/.local/lib/python3.10/site-packages/airflow/example_dags/example_trigger_controller_dag.py took 0.082 seconds
[2025-04-27T00:04:52.121+0000] {processor.py:186} INFO - Started process (PID=20913) to work on /home/airflow/.local/lib/python3.10/site-packages/airflow/example_dags/example_trigger_controller_dag.py
[2025-04-27T00:04:52.122+0000] {processor.py:914} INFO - Processing file /home/airflow/.local/lib/python3.10/site-packages/airflow/example_dags/example_trigger_controller_dag.py for tasks to queue
[2025-04-27T00:04:52.124+0000] {logging_mixin.py:190} INFO - [2025-04-27T00:04:52.124+0000] {dagbag.py:588} INFO - Filling up the DagBag from /home/airflow/.local/lib/python3.10/site-packages/airflow/example_dags/example_trigger_controller_dag.py
[2025-04-27T00:04:52.130+0000] {processor.py:925} INFO - DAG(s) 'example_trigger_controller_dag' retrieved from /home/airflow/.local/lib/python3.10/site-packages/airflow/example_dags/example_trigger_controller_dag.py
[2025-04-27T00:04:52.147+0000] {logging_mixin.py:190} INFO - [2025-04-27T00:04:52.147+0000] {dag.py:3239} INFO - Sync 1 DAGs
[2025-04-27T00:04:52.168+0000] {logging_mixin.py:190} INFO - [2025-04-27T00:04:52.168+0000] {dag.py:4180} INFO - Setting next_dagrun for example_trigger_controller_dag to 2021-01-01 00:00:00+00:00, run_after=2021-01-01 00:00:00+00:00
[2025-04-27T00:04:52.185+0000] {processor.py:208} INFO - Processing /home/airflow/.local/lib/python3.10/site-packages/airflow/example_dags/example_trigger_controller_dag.py took 0.070 seconds
[2025-04-27T00:05:23.013+0000] {processor.py:186} INFO - Started process (PID=20979) to work on /home/airflow/.local/lib/python3.10/site-packages/airflow/example_dags/example_trigger_controller_dag.py
[2025-04-27T00:05:23.014+0000] {processor.py:914} INFO - Processing file /home/airflow/.local/lib/python3.10/site-packages/airflow/example_dags/example_trigger_controller_dag.py for tasks to queue
[2025-04-27T00:05:23.016+0000] {logging_mixin.py:190} INFO - [2025-04-27T00:05:23.015+0000] {dagbag.py:588} INFO - Filling up the DagBag from /home/airflow/.local/lib/python3.10/site-packages/airflow/example_dags/example_trigger_controller_dag.py
[2025-04-27T00:05:23.022+0000] {processor.py:925} INFO - DAG(s) 'example_trigger_controller_dag' retrieved from /home/airflow/.local/lib/python3.10/site-packages/airflow/example_dags/example_trigger_controller_dag.py
[2025-04-27T00:05:23.041+0000] {logging_mixin.py:190} INFO - [2025-04-27T00:05:23.041+0000] {dag.py:3239} INFO - Sync 1 DAGs
[2025-04-27T00:05:23.064+0000] {logging_mixin.py:190} INFO - [2025-04-27T00:05:23.064+0000] {dag.py:4180} INFO - Setting next_dagrun for example_trigger_controller_dag to 2021-01-01 00:00:00+00:00, run_after=2021-01-01 00:00:00+00:00
[2025-04-27T00:05:23.083+0000] {processor.py:208} INFO - Processing /home/airflow/.local/lib/python3.10/site-packages/airflow/example_dags/example_trigger_controller_dag.py took 0.076 seconds
[2025-04-27T00:05:53.166+0000] {processor.py:186} INFO - Started process (PID=21046) to work on /home/airflow/.local/lib/python3.10/site-packages/airflow/example_dags/example_trigger_controller_dag.py
[2025-04-27T00:05:53.167+0000] {processor.py:914} INFO - Processing file /home/airflow/.local/lib/python3.10/site-packages/airflow/example_dags/example_trigger_controller_dag.py for tasks to queue
[2025-04-27T00:05:53.170+0000] {logging_mixin.py:190} INFO - [2025-04-27T00:05:53.169+0000] {dagbag.py:588} INFO - Filling up the DagBag from /home/airflow/.local/lib/python3.10/site-packages/airflow/example_dags/example_trigger_controller_dag.py
[2025-04-27T00:05:53.177+0000] {processor.py:925} INFO - DAG(s) 'example_trigger_controller_dag' retrieved from /home/airflow/.local/lib/python3.10/site-packages/airflow/example_dags/example_trigger_controller_dag.py
[2025-04-27T00:05:53.199+0000] {logging_mixin.py:190} INFO - [2025-04-27T00:05:53.199+0000] {dag.py:3239} INFO - Sync 1 DAGs
[2025-04-27T00:05:53.225+0000] {logging_mixin.py:190} INFO - [2025-04-27T00:05:53.225+0000] {dag.py:4180} INFO - Setting next_dagrun for example_trigger_controller_dag to 2021-01-01 00:00:00+00:00, run_after=2021-01-01 00:00:00+00:00
[2025-04-27T00:05:53.245+0000] {processor.py:208} INFO - Processing /home/airflow/.local/lib/python3.10/site-packages/airflow/example_dags/example_trigger_controller_dag.py took 0.085 seconds
[2025-04-27T00:06:23.318+0000] {processor.py:186} INFO - Started process (PID=21100) to work on /home/airflow/.local/lib/python3.10/site-packages/airflow/example_dags/example_trigger_controller_dag.py
[2025-04-27T00:06:23.319+0000] {processor.py:914} INFO - Processing file /home/airflow/.local/lib/python3.10/site-packages/airflow/example_dags/example_trigger_controller_dag.py for tasks to queue
[2025-04-27T00:06:23.322+0000] {logging_mixin.py:190} INFO - [2025-04-27T00:06:23.322+0000] {dagbag.py:588} INFO - Filling up the DagBag from /home/airflow/.local/lib/python3.10/site-packages/airflow/example_dags/example_trigger_controller_dag.py
[2025-04-27T00:06:23.329+0000] {processor.py:925} INFO - DAG(s) 'example_trigger_controller_dag' retrieved from /home/airflow/.local/lib/python3.10/site-packages/airflow/example_dags/example_trigger_controller_dag.py
[2025-04-27T00:06:23.349+0000] {logging_mixin.py:190} INFO - [2025-04-27T00:06:23.349+0000] {dag.py:3239} INFO - Sync 1 DAGs
[2025-04-27T00:06:23.374+0000] {logging_mixin.py:190} INFO - [2025-04-27T00:06:23.373+0000] {dag.py:4180} INFO - Setting next_dagrun for example_trigger_controller_dag to 2021-01-01 00:00:00+00:00, run_after=2021-01-01 00:00:00+00:00
[2025-04-27T00:06:23.392+0000] {processor.py:208} INFO - Processing /home/airflow/.local/lib/python3.10/site-packages/airflow/example_dags/example_trigger_controller_dag.py took 0.081 seconds
[2025-04-27T00:06:54.026+0000] {processor.py:186} INFO - Started process (PID=21163) to work on /home/airflow/.local/lib/python3.10/site-packages/airflow/example_dags/example_trigger_controller_dag.py
[2025-04-27T00:06:54.027+0000] {processor.py:914} INFO - Processing file /home/airflow/.local/lib/python3.10/site-packages/airflow/example_dags/example_trigger_controller_dag.py for tasks to queue
[2025-04-27T00:06:54.029+0000] {logging_mixin.py:190} INFO - [2025-04-27T00:06:54.029+0000] {dagbag.py:588} INFO - Filling up the DagBag from /home/airflow/.local/lib/python3.10/site-packages/airflow/example_dags/example_trigger_controller_dag.py
[2025-04-27T00:06:54.035+0000] {processor.py:925} INFO - DAG(s) 'example_trigger_controller_dag' retrieved from /home/airflow/.local/lib/python3.10/site-packages/airflow/example_dags/example_trigger_controller_dag.py
[2025-04-27T00:06:54.054+0000] {logging_mixin.py:190} INFO - [2025-04-27T00:06:54.054+0000] {dag.py:3239} INFO - Sync 1 DAGs
[2025-04-27T00:06:54.075+0000] {logging_mixin.py:190} INFO - [2025-04-27T00:06:54.075+0000] {dag.py:4180} INFO - Setting next_dagrun for example_trigger_controller_dag to 2021-01-01 00:00:00+00:00, run_after=2021-01-01 00:00:00+00:00
[2025-04-27T00:06:54.091+0000] {processor.py:208} INFO - Processing /home/airflow/.local/lib/python3.10/site-packages/airflow/example_dags/example_trigger_controller_dag.py took 0.071 seconds
[2025-04-27T00:07:24.229+0000] {processor.py:186} INFO - Started process (PID=21229) to work on /home/airflow/.local/lib/python3.10/site-packages/airflow/example_dags/example_trigger_controller_dag.py
[2025-04-27T00:07:24.230+0000] {processor.py:914} INFO - Processing file /home/airflow/.local/lib/python3.10/site-packages/airflow/example_dags/example_trigger_controller_dag.py for tasks to queue
[2025-04-27T00:07:24.234+0000] {logging_mixin.py:190} INFO - [2025-04-27T00:07:24.234+0000] {dagbag.py:588} INFO - Filling up the DagBag from /home/airflow/.local/lib/python3.10/site-packages/airflow/example_dags/example_trigger_controller_dag.py
[2025-04-27T00:07:24.244+0000] {processor.py:925} INFO - DAG(s) 'example_trigger_controller_dag' retrieved from /home/airflow/.local/lib/python3.10/site-packages/airflow/example_dags/example_trigger_controller_dag.py
[2025-04-27T00:07:24.263+0000] {logging_mixin.py:190} INFO - [2025-04-27T00:07:24.262+0000] {dag.py:3239} INFO - Sync 1 DAGs
[2025-04-27T00:07:24.285+0000] {logging_mixin.py:190} INFO - [2025-04-27T00:07:24.285+0000] {dag.py:4180} INFO - Setting next_dagrun for example_trigger_controller_dag to 2021-01-01 00:00:00+00:00, run_after=2021-01-01 00:00:00+00:00
[2025-04-27T00:07:24.302+0000] {processor.py:208} INFO - Processing /home/airflow/.local/lib/python3.10/site-packages/airflow/example_dags/example_trigger_controller_dag.py took 0.078 seconds
[2025-04-27T00:07:54.423+0000] {processor.py:186} INFO - Started process (PID=21295) to work on /home/airflow/.local/lib/python3.10/site-packages/airflow/example_dags/example_trigger_controller_dag.py
[2025-04-27T00:07:54.424+0000] {processor.py:914} INFO - Processing file /home/airflow/.local/lib/python3.10/site-packages/airflow/example_dags/example_trigger_controller_dag.py for tasks to queue
[2025-04-27T00:07:54.426+0000] {logging_mixin.py:190} INFO - [2025-04-27T00:07:54.426+0000] {dagbag.py:588} INFO - Filling up the DagBag from /home/airflow/.local/lib/python3.10/site-packages/airflow/example_dags/example_trigger_controller_dag.py
[2025-04-27T00:07:54.434+0000] {processor.py:925} INFO - DAG(s) 'example_trigger_controller_dag' retrieved from /home/airflow/.local/lib/python3.10/site-packages/airflow/example_dags/example_trigger_controller_dag.py
[2025-04-27T00:07:54.454+0000] {logging_mixin.py:190} INFO - [2025-04-27T00:07:54.454+0000] {dag.py:3239} INFO - Sync 1 DAGs
[2025-04-27T00:07:54.478+0000] {logging_mixin.py:190} INFO - [2025-04-27T00:07:54.478+0000] {dag.py:4180} INFO - Setting next_dagrun for example_trigger_controller_dag to 2021-01-01 00:00:00+00:00, run_after=2021-01-01 00:00:00+00:00
[2025-04-27T00:07:54.496+0000] {processor.py:208} INFO - Processing /home/airflow/.local/lib/python3.10/site-packages/airflow/example_dags/example_trigger_controller_dag.py took 0.080 seconds
[2025-04-27T00:08:25.386+0000] {processor.py:186} INFO - Started process (PID=21361) to work on /home/airflow/.local/lib/python3.10/site-packages/airflow/example_dags/example_trigger_controller_dag.py
[2025-04-27T00:08:25.387+0000] {processor.py:914} INFO - Processing file /home/airflow/.local/lib/python3.10/site-packages/airflow/example_dags/example_trigger_controller_dag.py for tasks to queue
[2025-04-27T00:08:25.389+0000] {logging_mixin.py:190} INFO - [2025-04-27T00:08:25.389+0000] {dagbag.py:588} INFO - Filling up the DagBag from /home/airflow/.local/lib/python3.10/site-packages/airflow/example_dags/example_trigger_controller_dag.py
[2025-04-27T00:08:25.396+0000] {processor.py:925} INFO - DAG(s) 'example_trigger_controller_dag' retrieved from /home/airflow/.local/lib/python3.10/site-packages/airflow/example_dags/example_trigger_controller_dag.py
[2025-04-27T00:08:25.414+0000] {logging_mixin.py:190} INFO - [2025-04-27T00:08:25.414+0000] {dag.py:3239} INFO - Sync 1 DAGs
[2025-04-27T00:08:25.436+0000] {logging_mixin.py:190} INFO - [2025-04-27T00:08:25.436+0000] {dag.py:4180} INFO - Setting next_dagrun for example_trigger_controller_dag to 2021-01-01 00:00:00+00:00, run_after=2021-01-01 00:00:00+00:00
[2025-04-27T00:08:25.457+0000] {processor.py:208} INFO - Processing /home/airflow/.local/lib/python3.10/site-packages/airflow/example_dags/example_trigger_controller_dag.py took 0.076 seconds
[2025-04-27T00:08:55.980+0000] {processor.py:186} INFO - Started process (PID=21427) to work on /home/airflow/.local/lib/python3.10/site-packages/airflow/example_dags/example_trigger_controller_dag.py
[2025-04-27T00:08:55.981+0000] {processor.py:914} INFO - Processing file /home/airflow/.local/lib/python3.10/site-packages/airflow/example_dags/example_trigger_controller_dag.py for tasks to queue
[2025-04-27T00:08:55.984+0000] {logging_mixin.py:190} INFO - [2025-04-27T00:08:55.983+0000] {dagbag.py:588} INFO - Filling up the DagBag from /home/airflow/.local/lib/python3.10/site-packages/airflow/example_dags/example_trigger_controller_dag.py
[2025-04-27T00:08:55.991+0000] {processor.py:925} INFO - DAG(s) 'example_trigger_controller_dag' retrieved from /home/airflow/.local/lib/python3.10/site-packages/airflow/example_dags/example_trigger_controller_dag.py
[2025-04-27T00:08:56.015+0000] {logging_mixin.py:190} INFO - [2025-04-27T00:08:56.015+0000] {dag.py:3239} INFO - Sync 1 DAGs
[2025-04-27T00:08:56.049+0000] {logging_mixin.py:190} INFO - [2025-04-27T00:08:56.048+0000] {dag.py:4180} INFO - Setting next_dagrun for example_trigger_controller_dag to 2021-01-01 00:00:00+00:00, run_after=2021-01-01 00:00:00+00:00
[2025-04-27T00:08:56.076+0000] {processor.py:208} INFO - Processing /home/airflow/.local/lib/python3.10/site-packages/airflow/example_dags/example_trigger_controller_dag.py took 0.103 seconds
[2025-04-27T00:09:26.599+0000] {processor.py:186} INFO - Started process (PID=21493) to work on /home/airflow/.local/lib/python3.10/site-packages/airflow/example_dags/example_trigger_controller_dag.py
[2025-04-27T00:09:26.600+0000] {processor.py:914} INFO - Processing file /home/airflow/.local/lib/python3.10/site-packages/airflow/example_dags/example_trigger_controller_dag.py for tasks to queue
[2025-04-27T00:09:26.602+0000] {logging_mixin.py:190} INFO - [2025-04-27T00:09:26.602+0000] {dagbag.py:588} INFO - Filling up the DagBag from /home/airflow/.local/lib/python3.10/site-packages/airflow/example_dags/example_trigger_controller_dag.py
[2025-04-27T00:09:26.608+0000] {processor.py:925} INFO - DAG(s) 'example_trigger_controller_dag' retrieved from /home/airflow/.local/lib/python3.10/site-packages/airflow/example_dags/example_trigger_controller_dag.py
[2025-04-27T00:09:26.625+0000] {logging_mixin.py:190} INFO - [2025-04-27T00:09:26.625+0000] {dag.py:3239} INFO - Sync 1 DAGs
[2025-04-27T00:09:26.647+0000] {logging_mixin.py:190} INFO - [2025-04-27T00:09:26.647+0000] {dag.py:4180} INFO - Setting next_dagrun for example_trigger_controller_dag to 2021-01-01 00:00:00+00:00, run_after=2021-01-01 00:00:00+00:00
[2025-04-27T00:09:26.665+0000] {processor.py:208} INFO - Processing /home/airflow/.local/lib/python3.10/site-packages/airflow/example_dags/example_trigger_controller_dag.py took 0.072 seconds
[2025-04-27T00:09:56.808+0000] {processor.py:186} INFO - Started process (PID=21559) to work on /home/airflow/.local/lib/python3.10/site-packages/airflow/example_dags/example_trigger_controller_dag.py
[2025-04-27T00:09:56.809+0000] {processor.py:914} INFO - Processing file /home/airflow/.local/lib/python3.10/site-packages/airflow/example_dags/example_trigger_controller_dag.py for tasks to queue
[2025-04-27T00:09:56.812+0000] {logging_mixin.py:190} INFO - [2025-04-27T00:09:56.811+0000] {dagbag.py:588} INFO - Filling up the DagBag from /home/airflow/.local/lib/python3.10/site-packages/airflow/example_dags/example_trigger_controller_dag.py
[2025-04-27T00:09:56.819+0000] {processor.py:925} INFO - DAG(s) 'example_trigger_controller_dag' retrieved from /home/airflow/.local/lib/python3.10/site-packages/airflow/example_dags/example_trigger_controller_dag.py
[2025-04-27T00:09:56.839+0000] {logging_mixin.py:190} INFO - [2025-04-27T00:09:56.839+0000] {dag.py:3239} INFO - Sync 1 DAGs
[2025-04-27T00:09:56.864+0000] {logging_mixin.py:190} INFO - [2025-04-27T00:09:56.864+0000] {dag.py:4180} INFO - Setting next_dagrun for example_trigger_controller_dag to 2021-01-01 00:00:00+00:00, run_after=2021-01-01 00:00:00+00:00
[2025-04-27T00:09:56.882+0000] {processor.py:208} INFO - Processing /home/airflow/.local/lib/python3.10/site-packages/airflow/example_dags/example_trigger_controller_dag.py took 0.081 seconds
[2025-04-27T00:10:27.617+0000] {processor.py:186} INFO - Started process (PID=21625) to work on /home/airflow/.local/lib/python3.10/site-packages/airflow/example_dags/example_trigger_controller_dag.py
[2025-04-27T00:10:27.619+0000] {processor.py:914} INFO - Processing file /home/airflow/.local/lib/python3.10/site-packages/airflow/example_dags/example_trigger_controller_dag.py for tasks to queue
[2025-04-27T00:10:27.622+0000] {logging_mixin.py:190} INFO - [2025-04-27T00:10:27.622+0000] {dagbag.py:588} INFO - Filling up the DagBag from /home/airflow/.local/lib/python3.10/site-packages/airflow/example_dags/example_trigger_controller_dag.py
[2025-04-27T00:10:27.634+0000] {processor.py:925} INFO - DAG(s) 'example_trigger_controller_dag' retrieved from /home/airflow/.local/lib/python3.10/site-packages/airflow/example_dags/example_trigger_controller_dag.py
[2025-04-27T00:10:27.659+0000] {logging_mixin.py:190} INFO - [2025-04-27T00:10:27.658+0000] {dag.py:3239} INFO - Sync 1 DAGs
[2025-04-27T00:10:27.696+0000] {logging_mixin.py:190} INFO - [2025-04-27T00:10:27.696+0000] {dag.py:4180} INFO - Setting next_dagrun for example_trigger_controller_dag to 2021-01-01 00:00:00+00:00, run_after=2021-01-01 00:00:00+00:00
[2025-04-27T00:10:27.725+0000] {processor.py:208} INFO - Processing /home/airflow/.local/lib/python3.10/site-packages/airflow/example_dags/example_trigger_controller_dag.py took 0.117 seconds
[2025-04-27T00:10:58.389+0000] {processor.py:186} INFO - Started process (PID=21691) to work on /home/airflow/.local/lib/python3.10/site-packages/airflow/example_dags/example_trigger_controller_dag.py
[2025-04-27T00:10:58.390+0000] {processor.py:914} INFO - Processing file /home/airflow/.local/lib/python3.10/site-packages/airflow/example_dags/example_trigger_controller_dag.py for tasks to queue
[2025-04-27T00:10:58.393+0000] {logging_mixin.py:190} INFO - [2025-04-27T00:10:58.392+0000] {dagbag.py:588} INFO - Filling up the DagBag from /home/airflow/.local/lib/python3.10/site-packages/airflow/example_dags/example_trigger_controller_dag.py
[2025-04-27T00:10:58.401+0000] {processor.py:925} INFO - DAG(s) 'example_trigger_controller_dag' retrieved from /home/airflow/.local/lib/python3.10/site-packages/airflow/example_dags/example_trigger_controller_dag.py
[2025-04-27T00:10:58.428+0000] {logging_mixin.py:190} INFO - [2025-04-27T00:10:58.427+0000] {dag.py:3239} INFO - Sync 1 DAGs
[2025-04-27T00:10:58.458+0000] {logging_mixin.py:190} INFO - [2025-04-27T00:10:58.458+0000] {dag.py:4180} INFO - Setting next_dagrun for example_trigger_controller_dag to 2021-01-01 00:00:00+00:00, run_after=2021-01-01 00:00:00+00:00
[2025-04-27T00:10:58.492+0000] {processor.py:208} INFO - Processing /home/airflow/.local/lib/python3.10/site-packages/airflow/example_dags/example_trigger_controller_dag.py took 0.110 seconds
[2025-04-27T00:11:28.801+0000] {processor.py:186} INFO - Started process (PID=21757) to work on /home/airflow/.local/lib/python3.10/site-packages/airflow/example_dags/example_trigger_controller_dag.py
[2025-04-27T00:11:28.803+0000] {processor.py:914} INFO - Processing file /home/airflow/.local/lib/python3.10/site-packages/airflow/example_dags/example_trigger_controller_dag.py for tasks to queue
[2025-04-27T00:11:28.805+0000] {logging_mixin.py:190} INFO - [2025-04-27T00:11:28.805+0000] {dagbag.py:588} INFO - Filling up the DagBag from /home/airflow/.local/lib/python3.10/site-packages/airflow/example_dags/example_trigger_controller_dag.py
[2025-04-27T00:11:28.813+0000] {processor.py:925} INFO - DAG(s) 'example_trigger_controller_dag' retrieved from /home/airflow/.local/lib/python3.10/site-packages/airflow/example_dags/example_trigger_controller_dag.py
[2025-04-27T00:11:28.836+0000] {logging_mixin.py:190} INFO - [2025-04-27T00:11:28.835+0000] {dag.py:3239} INFO - Sync 1 DAGs
[2025-04-27T00:11:28.865+0000] {logging_mixin.py:190} INFO - [2025-04-27T00:11:28.864+0000] {dag.py:4180} INFO - Setting next_dagrun for example_trigger_controller_dag to 2021-01-01 00:00:00+00:00, run_after=2021-01-01 00:00:00+00:00
[2025-04-27T00:11:28.890+0000] {processor.py:208} INFO - Processing /home/airflow/.local/lib/python3.10/site-packages/airflow/example_dags/example_trigger_controller_dag.py took 0.096 seconds
[2025-04-27T00:11:59.216+0000] {processor.py:186} INFO - Started process (PID=21823) to work on /home/airflow/.local/lib/python3.10/site-packages/airflow/example_dags/example_trigger_controller_dag.py
[2025-04-27T00:11:59.217+0000] {processor.py:914} INFO - Processing file /home/airflow/.local/lib/python3.10/site-packages/airflow/example_dags/example_trigger_controller_dag.py for tasks to queue
[2025-04-27T00:11:59.219+0000] {logging_mixin.py:190} INFO - [2025-04-27T00:11:59.219+0000] {dagbag.py:588} INFO - Filling up the DagBag from /home/airflow/.local/lib/python3.10/site-packages/airflow/example_dags/example_trigger_controller_dag.py
[2025-04-27T00:11:59.225+0000] {processor.py:925} INFO - DAG(s) 'example_trigger_controller_dag' retrieved from /home/airflow/.local/lib/python3.10/site-packages/airflow/example_dags/example_trigger_controller_dag.py
[2025-04-27T00:11:59.244+0000] {logging_mixin.py:190} INFO - [2025-04-27T00:11:59.243+0000] {dag.py:3239} INFO - Sync 1 DAGs
[2025-04-27T00:11:59.265+0000] {logging_mixin.py:190} INFO - [2025-04-27T00:11:59.265+0000] {dag.py:4180} INFO - Setting next_dagrun for example_trigger_controller_dag to 2021-01-01 00:00:00+00:00, run_after=2021-01-01 00:00:00+00:00
[2025-04-27T00:11:59.281+0000] {processor.py:208} INFO - Processing /home/airflow/.local/lib/python3.10/site-packages/airflow/example_dags/example_trigger_controller_dag.py took 0.070 seconds
[2025-04-27T00:12:30.141+0000] {processor.py:186} INFO - Started process (PID=21889) to work on /home/airflow/.local/lib/python3.10/site-packages/airflow/example_dags/example_trigger_controller_dag.py
[2025-04-27T00:12:30.143+0000] {processor.py:914} INFO - Processing file /home/airflow/.local/lib/python3.10/site-packages/airflow/example_dags/example_trigger_controller_dag.py for tasks to queue
[2025-04-27T00:12:30.146+0000] {logging_mixin.py:190} INFO - [2025-04-27T00:12:30.145+0000] {dagbag.py:588} INFO - Filling up the DagBag from /home/airflow/.local/lib/python3.10/site-packages/airflow/example_dags/example_trigger_controller_dag.py
[2025-04-27T00:12:30.153+0000] {processor.py:925} INFO - DAG(s) 'example_trigger_controller_dag' retrieved from /home/airflow/.local/lib/python3.10/site-packages/airflow/example_dags/example_trigger_controller_dag.py
[2025-04-27T00:12:30.172+0000] {logging_mixin.py:190} INFO - [2025-04-27T00:12:30.172+0000] {dag.py:3239} INFO - Sync 1 DAGs
[2025-04-27T00:12:30.196+0000] {logging_mixin.py:190} INFO - [2025-04-27T00:12:30.195+0000] {dag.py:4180} INFO - Setting next_dagrun for example_trigger_controller_dag to 2021-01-01 00:00:00+00:00, run_after=2021-01-01 00:00:00+00:00
[2025-04-27T00:12:30.214+0000] {processor.py:208} INFO - Processing /home/airflow/.local/lib/python3.10/site-packages/airflow/example_dags/example_trigger_controller_dag.py took 0.079 seconds
[2025-04-27T00:13:00.780+0000] {processor.py:186} INFO - Started process (PID=21955) to work on /home/airflow/.local/lib/python3.10/site-packages/airflow/example_dags/example_trigger_controller_dag.py
[2025-04-27T00:13:00.781+0000] {processor.py:914} INFO - Processing file /home/airflow/.local/lib/python3.10/site-packages/airflow/example_dags/example_trigger_controller_dag.py for tasks to queue
[2025-04-27T00:13:00.783+0000] {logging_mixin.py:190} INFO - [2025-04-27T00:13:00.783+0000] {dagbag.py:588} INFO - Filling up the DagBag from /home/airflow/.local/lib/python3.10/site-packages/airflow/example_dags/example_trigger_controller_dag.py
[2025-04-27T00:13:00.790+0000] {processor.py:925} INFO - DAG(s) 'example_trigger_controller_dag' retrieved from /home/airflow/.local/lib/python3.10/site-packages/airflow/example_dags/example_trigger_controller_dag.py
[2025-04-27T00:13:00.808+0000] {logging_mixin.py:190} INFO - [2025-04-27T00:13:00.807+0000] {dag.py:3239} INFO - Sync 1 DAGs
[2025-04-27T00:13:00.830+0000] {logging_mixin.py:190} INFO - [2025-04-27T00:13:00.829+0000] {dag.py:4180} INFO - Setting next_dagrun for example_trigger_controller_dag to 2021-01-01 00:00:00+00:00, run_after=2021-01-01 00:00:00+00:00
[2025-04-27T00:13:00.850+0000] {processor.py:208} INFO - Processing /home/airflow/.local/lib/python3.10/site-packages/airflow/example_dags/example_trigger_controller_dag.py took 0.076 seconds
[2025-04-27T00:13:31.100+0000] {processor.py:186} INFO - Started process (PID=22021) to work on /home/airflow/.local/lib/python3.10/site-packages/airflow/example_dags/example_trigger_controller_dag.py
[2025-04-27T00:13:31.101+0000] {processor.py:914} INFO - Processing file /home/airflow/.local/lib/python3.10/site-packages/airflow/example_dags/example_trigger_controller_dag.py for tasks to queue
[2025-04-27T00:13:31.103+0000] {logging_mixin.py:190} INFO - [2025-04-27T00:13:31.103+0000] {dagbag.py:588} INFO - Filling up the DagBag from /home/airflow/.local/lib/python3.10/site-packages/airflow/example_dags/example_trigger_controller_dag.py
[2025-04-27T00:13:31.109+0000] {processor.py:925} INFO - DAG(s) 'example_trigger_controller_dag' retrieved from /home/airflow/.local/lib/python3.10/site-packages/airflow/example_dags/example_trigger_controller_dag.py
[2025-04-27T00:13:31.125+0000] {logging_mixin.py:190} INFO - [2025-04-27T00:13:31.125+0000] {dag.py:3239} INFO - Sync 1 DAGs
[2025-04-27T00:13:31.147+0000] {logging_mixin.py:190} INFO - [2025-04-27T00:13:31.146+0000] {dag.py:4180} INFO - Setting next_dagrun for example_trigger_controller_dag to 2021-01-01 00:00:00+00:00, run_after=2021-01-01 00:00:00+00:00
[2025-04-27T00:13:31.164+0000] {processor.py:208} INFO - Processing /home/airflow/.local/lib/python3.10/site-packages/airflow/example_dags/example_trigger_controller_dag.py took 0.070 seconds
[2025-04-27T00:14:01.645+0000] {processor.py:186} INFO - Started process (PID=22088) to work on /home/airflow/.local/lib/python3.10/site-packages/airflow/example_dags/example_trigger_controller_dag.py
[2025-04-27T00:14:01.646+0000] {processor.py:914} INFO - Processing file /home/airflow/.local/lib/python3.10/site-packages/airflow/example_dags/example_trigger_controller_dag.py for tasks to queue
[2025-04-27T00:14:01.648+0000] {logging_mixin.py:190} INFO - [2025-04-27T00:14:01.648+0000] {dagbag.py:588} INFO - Filling up the DagBag from /home/airflow/.local/lib/python3.10/site-packages/airflow/example_dags/example_trigger_controller_dag.py
[2025-04-27T00:14:01.657+0000] {processor.py:925} INFO - DAG(s) 'example_trigger_controller_dag' retrieved from /home/airflow/.local/lib/python3.10/site-packages/airflow/example_dags/example_trigger_controller_dag.py
[2025-04-27T00:14:01.682+0000] {logging_mixin.py:190} INFO - [2025-04-27T00:14:01.682+0000] {dag.py:3239} INFO - Sync 1 DAGs
[2025-04-27T00:14:01.710+0000] {logging_mixin.py:190} INFO - [2025-04-27T00:14:01.710+0000] {dag.py:4180} INFO - Setting next_dagrun for example_trigger_controller_dag to 2021-01-01 00:00:00+00:00, run_after=2021-01-01 00:00:00+00:00
[2025-04-27T00:14:01.733+0000] {processor.py:208} INFO - Processing /home/airflow/.local/lib/python3.10/site-packages/airflow/example_dags/example_trigger_controller_dag.py took 0.096 seconds
[2025-04-27T00:14:32.237+0000] {processor.py:186} INFO - Started process (PID=22154) to work on /home/airflow/.local/lib/python3.10/site-packages/airflow/example_dags/example_trigger_controller_dag.py
[2025-04-27T00:14:32.238+0000] {processor.py:914} INFO - Processing file /home/airflow/.local/lib/python3.10/site-packages/airflow/example_dags/example_trigger_controller_dag.py for tasks to queue
[2025-04-27T00:14:32.240+0000] {logging_mixin.py:190} INFO - [2025-04-27T00:14:32.240+0000] {dagbag.py:588} INFO - Filling up the DagBag from /home/airflow/.local/lib/python3.10/site-packages/airflow/example_dags/example_trigger_controller_dag.py
[2025-04-27T00:14:32.247+0000] {processor.py:925} INFO - DAG(s) 'example_trigger_controller_dag' retrieved from /home/airflow/.local/lib/python3.10/site-packages/airflow/example_dags/example_trigger_controller_dag.py
[2025-04-27T00:14:32.264+0000] {logging_mixin.py:190} INFO - [2025-04-27T00:14:32.264+0000] {dag.py:3239} INFO - Sync 1 DAGs
[2025-04-27T00:14:32.288+0000] {logging_mixin.py:190} INFO - [2025-04-27T00:14:32.288+0000] {dag.py:4180} INFO - Setting next_dagrun for example_trigger_controller_dag to 2021-01-01 00:00:00+00:00, run_after=2021-01-01 00:00:00+00:00
[2025-04-27T00:14:32.305+0000] {processor.py:208} INFO - Processing /home/airflow/.local/lib/python3.10/site-packages/airflow/example_dags/example_trigger_controller_dag.py took 0.076 seconds
[2025-04-27T00:15:02.854+0000] {processor.py:186} INFO - Started process (PID=22220) to work on /home/airflow/.local/lib/python3.10/site-packages/airflow/example_dags/example_trigger_controller_dag.py
[2025-04-27T00:15:02.855+0000] {processor.py:914} INFO - Processing file /home/airflow/.local/lib/python3.10/site-packages/airflow/example_dags/example_trigger_controller_dag.py for tasks to queue
[2025-04-27T00:15:02.857+0000] {logging_mixin.py:190} INFO - [2025-04-27T00:15:02.857+0000] {dagbag.py:588} INFO - Filling up the DagBag from /home/airflow/.local/lib/python3.10/site-packages/airflow/example_dags/example_trigger_controller_dag.py
[2025-04-27T00:15:02.864+0000] {processor.py:925} INFO - DAG(s) 'example_trigger_controller_dag' retrieved from /home/airflow/.local/lib/python3.10/site-packages/airflow/example_dags/example_trigger_controller_dag.py
[2025-04-27T00:15:02.884+0000] {logging_mixin.py:190} INFO - [2025-04-27T00:15:02.884+0000] {dag.py:3239} INFO - Sync 1 DAGs
[2025-04-27T00:15:02.906+0000] {logging_mixin.py:190} INFO - [2025-04-27T00:15:02.906+0000] {dag.py:4180} INFO - Setting next_dagrun for example_trigger_controller_dag to 2021-01-01 00:00:00+00:00, run_after=2021-01-01 00:00:00+00:00
[2025-04-27T00:15:02.924+0000] {processor.py:208} INFO - Processing /home/airflow/.local/lib/python3.10/site-packages/airflow/example_dags/example_trigger_controller_dag.py took 0.078 seconds
[2025-04-27T00:15:33.114+0000] {processor.py:186} INFO - Started process (PID=22286) to work on /home/airflow/.local/lib/python3.10/site-packages/airflow/example_dags/example_trigger_controller_dag.py
[2025-04-27T00:15:33.115+0000] {processor.py:914} INFO - Processing file /home/airflow/.local/lib/python3.10/site-packages/airflow/example_dags/example_trigger_controller_dag.py for tasks to queue
[2025-04-27T00:15:33.118+0000] {logging_mixin.py:190} INFO - [2025-04-27T00:15:33.117+0000] {dagbag.py:588} INFO - Filling up the DagBag from /home/airflow/.local/lib/python3.10/site-packages/airflow/example_dags/example_trigger_controller_dag.py
[2025-04-27T00:15:33.125+0000] {processor.py:925} INFO - DAG(s) 'example_trigger_controller_dag' retrieved from /home/airflow/.local/lib/python3.10/site-packages/airflow/example_dags/example_trigger_controller_dag.py
[2025-04-27T00:15:33.147+0000] {logging_mixin.py:190} INFO - [2025-04-27T00:15:33.147+0000] {dag.py:3239} INFO - Sync 1 DAGs
[2025-04-27T00:15:33.173+0000] {logging_mixin.py:190} INFO - [2025-04-27T00:15:33.172+0000] {dag.py:4180} INFO - Setting next_dagrun for example_trigger_controller_dag to 2021-01-01 00:00:00+00:00, run_after=2021-01-01 00:00:00+00:00
[2025-04-27T00:15:33.193+0000] {processor.py:208} INFO - Processing /home/airflow/.local/lib/python3.10/site-packages/airflow/example_dags/example_trigger_controller_dag.py took 0.085 seconds
[2025-04-27T00:16:03.581+0000] {processor.py:186} INFO - Started process (PID=22352) to work on /home/airflow/.local/lib/python3.10/site-packages/airflow/example_dags/example_trigger_controller_dag.py
[2025-04-27T00:16:03.583+0000] {processor.py:914} INFO - Processing file /home/airflow/.local/lib/python3.10/site-packages/airflow/example_dags/example_trigger_controller_dag.py for tasks to queue
[2025-04-27T00:16:03.586+0000] {logging_mixin.py:190} INFO - [2025-04-27T00:16:03.586+0000] {dagbag.py:588} INFO - Filling up the DagBag from /home/airflow/.local/lib/python3.10/site-packages/airflow/example_dags/example_trigger_controller_dag.py
[2025-04-27T00:16:03.596+0000] {processor.py:925} INFO - DAG(s) 'example_trigger_controller_dag' retrieved from /home/airflow/.local/lib/python3.10/site-packages/airflow/example_dags/example_trigger_controller_dag.py
[2025-04-27T00:16:03.621+0000] {logging_mixin.py:190} INFO - [2025-04-27T00:16:03.621+0000] {dag.py:3239} INFO - Sync 1 DAGs
[2025-04-27T00:16:03.669+0000] {logging_mixin.py:190} INFO - [2025-04-27T00:16:03.668+0000] {dag.py:4180} INFO - Setting next_dagrun for example_trigger_controller_dag to 2021-01-01 00:00:00+00:00, run_after=2021-01-01 00:00:00+00:00
[2025-04-27T00:16:03.696+0000] {processor.py:208} INFO - Processing /home/airflow/.local/lib/python3.10/site-packages/airflow/example_dags/example_trigger_controller_dag.py took 0.123 seconds
[2025-04-27T00:16:34.379+0000] {processor.py:186} INFO - Started process (PID=22418) to work on /home/airflow/.local/lib/python3.10/site-packages/airflow/example_dags/example_trigger_controller_dag.py
[2025-04-27T00:16:34.380+0000] {processor.py:914} INFO - Processing file /home/airflow/.local/lib/python3.10/site-packages/airflow/example_dags/example_trigger_controller_dag.py for tasks to queue
[2025-04-27T00:16:34.382+0000] {logging_mixin.py:190} INFO - [2025-04-27T00:16:34.382+0000] {dagbag.py:588} INFO - Filling up the DagBag from /home/airflow/.local/lib/python3.10/site-packages/airflow/example_dags/example_trigger_controller_dag.py
[2025-04-27T00:16:34.389+0000] {processor.py:925} INFO - DAG(s) 'example_trigger_controller_dag' retrieved from /home/airflow/.local/lib/python3.10/site-packages/airflow/example_dags/example_trigger_controller_dag.py
[2025-04-27T00:16:34.407+0000] {logging_mixin.py:190} INFO - [2025-04-27T00:16:34.406+0000] {dag.py:3239} INFO - Sync 1 DAGs
[2025-04-27T00:16:34.429+0000] {logging_mixin.py:190} INFO - [2025-04-27T00:16:34.429+0000] {dag.py:4180} INFO - Setting next_dagrun for example_trigger_controller_dag to 2021-01-01 00:00:00+00:00, run_after=2021-01-01 00:00:00+00:00
[2025-04-27T00:16:34.448+0000] {processor.py:208} INFO - Processing /home/airflow/.local/lib/python3.10/site-packages/airflow/example_dags/example_trigger_controller_dag.py took 0.074 seconds
[2025-04-27T00:17:05.188+0000] {processor.py:186} INFO - Started process (PID=22484) to work on /home/airflow/.local/lib/python3.10/site-packages/airflow/example_dags/example_trigger_controller_dag.py
[2025-04-27T00:17:05.190+0000] {processor.py:914} INFO - Processing file /home/airflow/.local/lib/python3.10/site-packages/airflow/example_dags/example_trigger_controller_dag.py for tasks to queue
[2025-04-27T00:17:05.192+0000] {logging_mixin.py:190} INFO - [2025-04-27T00:17:05.192+0000] {dagbag.py:588} INFO - Filling up the DagBag from /home/airflow/.local/lib/python3.10/site-packages/airflow/example_dags/example_trigger_controller_dag.py
[2025-04-27T00:17:05.199+0000] {processor.py:925} INFO - DAG(s) 'example_trigger_controller_dag' retrieved from /home/airflow/.local/lib/python3.10/site-packages/airflow/example_dags/example_trigger_controller_dag.py
[2025-04-27T00:17:05.220+0000] {logging_mixin.py:190} INFO - [2025-04-27T00:17:05.219+0000] {dag.py:3239} INFO - Sync 1 DAGs
[2025-04-27T00:17:05.247+0000] {logging_mixin.py:190} INFO - [2025-04-27T00:17:05.246+0000] {dag.py:4180} INFO - Setting next_dagrun for example_trigger_controller_dag to 2021-01-01 00:00:00+00:00, run_after=2021-01-01 00:00:00+00:00
[2025-04-27T00:17:05.270+0000] {processor.py:208} INFO - Processing /home/airflow/.local/lib/python3.10/site-packages/airflow/example_dags/example_trigger_controller_dag.py took 0.088 seconds
[2025-04-27T00:17:35.381+0000] {processor.py:186} INFO - Started process (PID=22550) to work on /home/airflow/.local/lib/python3.10/site-packages/airflow/example_dags/example_trigger_controller_dag.py
[2025-04-27T00:17:35.382+0000] {processor.py:914} INFO - Processing file /home/airflow/.local/lib/python3.10/site-packages/airflow/example_dags/example_trigger_controller_dag.py for tasks to queue
[2025-04-27T00:17:35.385+0000] {logging_mixin.py:190} INFO - [2025-04-27T00:17:35.385+0000] {dagbag.py:588} INFO - Filling up the DagBag from /home/airflow/.local/lib/python3.10/site-packages/airflow/example_dags/example_trigger_controller_dag.py
[2025-04-27T00:17:35.393+0000] {processor.py:925} INFO - DAG(s) 'example_trigger_controller_dag' retrieved from /home/airflow/.local/lib/python3.10/site-packages/airflow/example_dags/example_trigger_controller_dag.py
[2025-04-27T00:17:35.416+0000] {logging_mixin.py:190} INFO - [2025-04-27T00:17:35.415+0000] {dag.py:3239} INFO - Sync 1 DAGs
[2025-04-27T00:17:35.445+0000] {logging_mixin.py:190} INFO - [2025-04-27T00:17:35.445+0000] {dag.py:4180} INFO - Setting next_dagrun for example_trigger_controller_dag to 2021-01-01 00:00:00+00:00, run_after=2021-01-01 00:00:00+00:00
[2025-04-27T00:17:35.472+0000] {processor.py:208} INFO - Processing /home/airflow/.local/lib/python3.10/site-packages/airflow/example_dags/example_trigger_controller_dag.py took 0.100 seconds
[2025-04-27T00:18:06.185+0000] {processor.py:186} INFO - Started process (PID=22616) to work on /home/airflow/.local/lib/python3.10/site-packages/airflow/example_dags/example_trigger_controller_dag.py
[2025-04-27T00:18:06.186+0000] {processor.py:914} INFO - Processing file /home/airflow/.local/lib/python3.10/site-packages/airflow/example_dags/example_trigger_controller_dag.py for tasks to queue
[2025-04-27T00:18:06.188+0000] {logging_mixin.py:190} INFO - [2025-04-27T00:18:06.188+0000] {dagbag.py:588} INFO - Filling up the DagBag from /home/airflow/.local/lib/python3.10/site-packages/airflow/example_dags/example_trigger_controller_dag.py
[2025-04-27T00:18:06.195+0000] {processor.py:925} INFO - DAG(s) 'example_trigger_controller_dag' retrieved from /home/airflow/.local/lib/python3.10/site-packages/airflow/example_dags/example_trigger_controller_dag.py
[2025-04-27T00:18:06.215+0000] {logging_mixin.py:190} INFO - [2025-04-27T00:18:06.215+0000] {dag.py:3239} INFO - Sync 1 DAGs
[2025-04-27T00:18:06.239+0000] {logging_mixin.py:190} INFO - [2025-04-27T00:18:06.239+0000] {dag.py:4180} INFO - Setting next_dagrun for example_trigger_controller_dag to 2021-01-01 00:00:00+00:00, run_after=2021-01-01 00:00:00+00:00
[2025-04-27T00:18:06.259+0000] {processor.py:208} INFO - Processing /home/airflow/.local/lib/python3.10/site-packages/airflow/example_dags/example_trigger_controller_dag.py took 0.081 seconds
[2025-04-27T00:18:36.526+0000] {processor.py:186} INFO - Started process (PID=22682) to work on /home/airflow/.local/lib/python3.10/site-packages/airflow/example_dags/example_trigger_controller_dag.py
[2025-04-27T00:18:36.527+0000] {processor.py:914} INFO - Processing file /home/airflow/.local/lib/python3.10/site-packages/airflow/example_dags/example_trigger_controller_dag.py for tasks to queue
[2025-04-27T00:18:36.530+0000] {logging_mixin.py:190} INFO - [2025-04-27T00:18:36.529+0000] {dagbag.py:588} INFO - Filling up the DagBag from /home/airflow/.local/lib/python3.10/site-packages/airflow/example_dags/example_trigger_controller_dag.py
[2025-04-27T00:18:36.538+0000] {processor.py:925} INFO - DAG(s) 'example_trigger_controller_dag' retrieved from /home/airflow/.local/lib/python3.10/site-packages/airflow/example_dags/example_trigger_controller_dag.py
[2025-04-27T00:18:36.558+0000] {logging_mixin.py:190} INFO - [2025-04-27T00:18:36.558+0000] {dag.py:3239} INFO - Sync 1 DAGs
[2025-04-27T00:18:36.585+0000] {logging_mixin.py:190} INFO - [2025-04-27T00:18:36.585+0000] {dag.py:4180} INFO - Setting next_dagrun for example_trigger_controller_dag to 2021-01-01 00:00:00+00:00, run_after=2021-01-01 00:00:00+00:00
[2025-04-27T00:18:36.606+0000] {processor.py:208} INFO - Processing /home/airflow/.local/lib/python3.10/site-packages/airflow/example_dags/example_trigger_controller_dag.py took 0.088 seconds
[2025-04-27T00:19:06.816+0000] {processor.py:186} INFO - Started process (PID=22748) to work on /home/airflow/.local/lib/python3.10/site-packages/airflow/example_dags/example_trigger_controller_dag.py
[2025-04-27T00:19:06.817+0000] {processor.py:914} INFO - Processing file /home/airflow/.local/lib/python3.10/site-packages/airflow/example_dags/example_trigger_controller_dag.py for tasks to queue
[2025-04-27T00:19:06.820+0000] {logging_mixin.py:190} INFO - [2025-04-27T00:19:06.820+0000] {dagbag.py:588} INFO - Filling up the DagBag from /home/airflow/.local/lib/python3.10/site-packages/airflow/example_dags/example_trigger_controller_dag.py
[2025-04-27T00:19:06.829+0000] {processor.py:925} INFO - DAG(s) 'example_trigger_controller_dag' retrieved from /home/airflow/.local/lib/python3.10/site-packages/airflow/example_dags/example_trigger_controller_dag.py
[2025-04-27T00:19:06.854+0000] {logging_mixin.py:190} INFO - [2025-04-27T00:19:06.854+0000] {dag.py:3239} INFO - Sync 1 DAGs
[2025-04-27T00:19:06.884+0000] {logging_mixin.py:190} INFO - [2025-04-27T00:19:06.884+0000] {dag.py:4180} INFO - Setting next_dagrun for example_trigger_controller_dag to 2021-01-01 00:00:00+00:00, run_after=2021-01-01 00:00:00+00:00
[2025-04-27T00:19:06.906+0000] {processor.py:208} INFO - Processing /home/airflow/.local/lib/python3.10/site-packages/airflow/example_dags/example_trigger_controller_dag.py took 0.097 seconds
[2025-04-27T00:19:37.070+0000] {processor.py:186} INFO - Started process (PID=22814) to work on /home/airflow/.local/lib/python3.10/site-packages/airflow/example_dags/example_trigger_controller_dag.py
[2025-04-27T00:19:37.071+0000] {processor.py:914} INFO - Processing file /home/airflow/.local/lib/python3.10/site-packages/airflow/example_dags/example_trigger_controller_dag.py for tasks to queue
[2025-04-27T00:19:37.074+0000] {logging_mixin.py:190} INFO - [2025-04-27T00:19:37.073+0000] {dagbag.py:588} INFO - Filling up the DagBag from /home/airflow/.local/lib/python3.10/site-packages/airflow/example_dags/example_trigger_controller_dag.py
[2025-04-27T00:19:37.081+0000] {processor.py:925} INFO - DAG(s) 'example_trigger_controller_dag' retrieved from /home/airflow/.local/lib/python3.10/site-packages/airflow/example_dags/example_trigger_controller_dag.py
[2025-04-27T00:19:37.098+0000] {logging_mixin.py:190} INFO - [2025-04-27T00:19:37.098+0000] {dag.py:3239} INFO - Sync 1 DAGs
[2025-04-27T00:19:37.119+0000] {logging_mixin.py:190} INFO - [2025-04-27T00:19:37.119+0000] {dag.py:4180} INFO - Setting next_dagrun for example_trigger_controller_dag to 2021-01-01 00:00:00+00:00, run_after=2021-01-01 00:00:00+00:00
[2025-04-27T00:19:37.138+0000] {processor.py:208} INFO - Processing /home/airflow/.local/lib/python3.10/site-packages/airflow/example_dags/example_trigger_controller_dag.py took 0.074 seconds
[2025-04-27T00:20:07.874+0000] {processor.py:186} INFO - Started process (PID=22880) to work on /home/airflow/.local/lib/python3.10/site-packages/airflow/example_dags/example_trigger_controller_dag.py
[2025-04-27T00:20:07.875+0000] {processor.py:914} INFO - Processing file /home/airflow/.local/lib/python3.10/site-packages/airflow/example_dags/example_trigger_controller_dag.py for tasks to queue
[2025-04-27T00:20:07.878+0000] {logging_mixin.py:190} INFO - [2025-04-27T00:20:07.877+0000] {dagbag.py:588} INFO - Filling up the DagBag from /home/airflow/.local/lib/python3.10/site-packages/airflow/example_dags/example_trigger_controller_dag.py
[2025-04-27T00:20:07.886+0000] {processor.py:925} INFO - DAG(s) 'example_trigger_controller_dag' retrieved from /home/airflow/.local/lib/python3.10/site-packages/airflow/example_dags/example_trigger_controller_dag.py
[2025-04-27T00:20:07.904+0000] {logging_mixin.py:190} INFO - [2025-04-27T00:20:07.904+0000] {dag.py:3239} INFO - Sync 1 DAGs
[2025-04-27T00:20:07.925+0000] {logging_mixin.py:190} INFO - [2025-04-27T00:20:07.925+0000] {dag.py:4180} INFO - Setting next_dagrun for example_trigger_controller_dag to 2021-01-01 00:00:00+00:00, run_after=2021-01-01 00:00:00+00:00
[2025-04-27T00:20:07.945+0000] {processor.py:208} INFO - Processing /home/airflow/.local/lib/python3.10/site-packages/airflow/example_dags/example_trigger_controller_dag.py took 0.078 seconds
[2025-04-27T00:20:38.231+0000] {processor.py:186} INFO - Started process (PID=22946) to work on /home/airflow/.local/lib/python3.10/site-packages/airflow/example_dags/example_trigger_controller_dag.py
[2025-04-27T00:20:38.232+0000] {processor.py:914} INFO - Processing file /home/airflow/.local/lib/python3.10/site-packages/airflow/example_dags/example_trigger_controller_dag.py for tasks to queue
[2025-04-27T00:20:38.235+0000] {logging_mixin.py:190} INFO - [2025-04-27T00:20:38.234+0000] {dagbag.py:588} INFO - Filling up the DagBag from /home/airflow/.local/lib/python3.10/site-packages/airflow/example_dags/example_trigger_controller_dag.py
[2025-04-27T00:20:38.245+0000] {processor.py:925} INFO - DAG(s) 'example_trigger_controller_dag' retrieved from /home/airflow/.local/lib/python3.10/site-packages/airflow/example_dags/example_trigger_controller_dag.py
[2025-04-27T00:20:38.272+0000] {logging_mixin.py:190} INFO - [2025-04-27T00:20:38.271+0000] {dag.py:3239} INFO - Sync 1 DAGs
[2025-04-27T00:20:38.303+0000] {logging_mixin.py:190} INFO - [2025-04-27T00:20:38.302+0000] {dag.py:4180} INFO - Setting next_dagrun for example_trigger_controller_dag to 2021-01-01 00:00:00+00:00, run_after=2021-01-01 00:00:00+00:00
[2025-04-27T00:20:38.332+0000] {processor.py:208} INFO - Processing /home/airflow/.local/lib/python3.10/site-packages/airflow/example_dags/example_trigger_controller_dag.py took 0.110 seconds
[2025-04-27T00:21:09.263+0000] {processor.py:186} INFO - Started process (PID=23011) to work on /home/airflow/.local/lib/python3.10/site-packages/airflow/example_dags/example_trigger_controller_dag.py
[2025-04-27T00:21:09.265+0000] {processor.py:914} INFO - Processing file /home/airflow/.local/lib/python3.10/site-packages/airflow/example_dags/example_trigger_controller_dag.py for tasks to queue
[2025-04-27T00:21:09.268+0000] {logging_mixin.py:190} INFO - [2025-04-27T00:21:09.268+0000] {dagbag.py:588} INFO - Filling up the DagBag from /home/airflow/.local/lib/python3.10/site-packages/airflow/example_dags/example_trigger_controller_dag.py
[2025-04-27T00:21:09.277+0000] {processor.py:925} INFO - DAG(s) 'example_trigger_controller_dag' retrieved from /home/airflow/.local/lib/python3.10/site-packages/airflow/example_dags/example_trigger_controller_dag.py
[2025-04-27T00:21:09.303+0000] {logging_mixin.py:190} INFO - [2025-04-27T00:21:09.303+0000] {dag.py:3239} INFO - Sync 1 DAGs
[2025-04-27T00:21:09.331+0000] {logging_mixin.py:190} INFO - [2025-04-27T00:21:09.331+0000] {dag.py:4180} INFO - Setting next_dagrun for example_trigger_controller_dag to 2021-01-01 00:00:00+00:00, run_after=2021-01-01 00:00:00+00:00
[2025-04-27T00:21:09.354+0000] {processor.py:208} INFO - Processing /home/airflow/.local/lib/python3.10/site-packages/airflow/example_dags/example_trigger_controller_dag.py took 0.100 seconds
[2025-04-27T00:21:40.702+0000] {processor.py:186} INFO - Started process (PID=23077) to work on /home/airflow/.local/lib/python3.10/site-packages/airflow/example_dags/example_trigger_controller_dag.py
[2025-04-27T00:21:40.704+0000] {processor.py:914} INFO - Processing file /home/airflow/.local/lib/python3.10/site-packages/airflow/example_dags/example_trigger_controller_dag.py for tasks to queue
[2025-04-27T00:21:40.706+0000] {logging_mixin.py:190} INFO - [2025-04-27T00:21:40.706+0000] {dagbag.py:588} INFO - Filling up the DagBag from /home/airflow/.local/lib/python3.10/site-packages/airflow/example_dags/example_trigger_controller_dag.py
[2025-04-27T00:21:40.714+0000] {processor.py:925} INFO - DAG(s) 'example_trigger_controller_dag' retrieved from /home/airflow/.local/lib/python3.10/site-packages/airflow/example_dags/example_trigger_controller_dag.py
[2025-04-27T00:21:40.736+0000] {logging_mixin.py:190} INFO - [2025-04-27T00:21:40.736+0000] {dag.py:3239} INFO - Sync 1 DAGs
[2025-04-27T00:21:40.764+0000] {logging_mixin.py:190} INFO - [2025-04-27T00:21:40.764+0000] {dag.py:4180} INFO - Setting next_dagrun for example_trigger_controller_dag to 2021-01-01 00:00:00+00:00, run_after=2021-01-01 00:00:00+00:00
[2025-04-27T00:21:40.787+0000] {processor.py:208} INFO - Processing /home/airflow/.local/lib/python3.10/site-packages/airflow/example_dags/example_trigger_controller_dag.py took 0.093 seconds
[2025-04-27T00:22:11.046+0000] {processor.py:186} INFO - Started process (PID=23143) to work on /home/airflow/.local/lib/python3.10/site-packages/airflow/example_dags/example_trigger_controller_dag.py
[2025-04-27T00:22:11.047+0000] {processor.py:914} INFO - Processing file /home/airflow/.local/lib/python3.10/site-packages/airflow/example_dags/example_trigger_controller_dag.py for tasks to queue
[2025-04-27T00:22:11.050+0000] {logging_mixin.py:190} INFO - [2025-04-27T00:22:11.049+0000] {dagbag.py:588} INFO - Filling up the DagBag from /home/airflow/.local/lib/python3.10/site-packages/airflow/example_dags/example_trigger_controller_dag.py
[2025-04-27T00:22:11.059+0000] {processor.py:925} INFO - DAG(s) 'example_trigger_controller_dag' retrieved from /home/airflow/.local/lib/python3.10/site-packages/airflow/example_dags/example_trigger_controller_dag.py
[2025-04-27T00:22:11.082+0000] {logging_mixin.py:190} INFO - [2025-04-27T00:22:11.082+0000] {dag.py:3239} INFO - Sync 1 DAGs
[2025-04-27T00:22:11.110+0000] {logging_mixin.py:190} INFO - [2025-04-27T00:22:11.110+0000] {dag.py:4180} INFO - Setting next_dagrun for example_trigger_controller_dag to 2021-01-01 00:00:00+00:00, run_after=2021-01-01 00:00:00+00:00
[2025-04-27T00:22:11.133+0000] {processor.py:208} INFO - Processing /home/airflow/.local/lib/python3.10/site-packages/airflow/example_dags/example_trigger_controller_dag.py took 0.096 seconds
[2025-04-27T00:22:41.251+0000] {processor.py:186} INFO - Started process (PID=23205) to work on /home/airflow/.local/lib/python3.10/site-packages/airflow/example_dags/example_trigger_controller_dag.py
[2025-04-27T00:22:41.252+0000] {processor.py:914} INFO - Processing file /home/airflow/.local/lib/python3.10/site-packages/airflow/example_dags/example_trigger_controller_dag.py for tasks to queue
[2025-04-27T00:22:41.255+0000] {logging_mixin.py:190} INFO - [2025-04-27T00:22:41.254+0000] {dagbag.py:588} INFO - Filling up the DagBag from /home/airflow/.local/lib/python3.10/site-packages/airflow/example_dags/example_trigger_controller_dag.py
[2025-04-27T00:22:41.262+0000] {processor.py:925} INFO - DAG(s) 'example_trigger_controller_dag' retrieved from /home/airflow/.local/lib/python3.10/site-packages/airflow/example_dags/example_trigger_controller_dag.py
[2025-04-27T00:22:41.281+0000] {logging_mixin.py:190} INFO - [2025-04-27T00:22:41.281+0000] {dag.py:3239} INFO - Sync 1 DAGs
[2025-04-27T00:22:41.303+0000] {logging_mixin.py:190} INFO - [2025-04-27T00:22:41.303+0000] {dag.py:4180} INFO - Setting next_dagrun for example_trigger_controller_dag to 2021-01-01 00:00:00+00:00, run_after=2021-01-01 00:00:00+00:00
[2025-04-27T00:22:41.321+0000] {processor.py:208} INFO - Processing /home/airflow/.local/lib/python3.10/site-packages/airflow/example_dags/example_trigger_controller_dag.py took 0.077 seconds
[2025-04-27T00:23:12.297+0000] {processor.py:186} INFO - Started process (PID=23271) to work on /home/airflow/.local/lib/python3.10/site-packages/airflow/example_dags/example_trigger_controller_dag.py
[2025-04-27T00:23:12.298+0000] {processor.py:914} INFO - Processing file /home/airflow/.local/lib/python3.10/site-packages/airflow/example_dags/example_trigger_controller_dag.py for tasks to queue
[2025-04-27T00:23:12.301+0000] {logging_mixin.py:190} INFO - [2025-04-27T00:23:12.300+0000] {dagbag.py:588} INFO - Filling up the DagBag from /home/airflow/.local/lib/python3.10/site-packages/airflow/example_dags/example_trigger_controller_dag.py
[2025-04-27T00:23:12.309+0000] {processor.py:925} INFO - DAG(s) 'example_trigger_controller_dag' retrieved from /home/airflow/.local/lib/python3.10/site-packages/airflow/example_dags/example_trigger_controller_dag.py
[2025-04-27T00:23:12.337+0000] {logging_mixin.py:190} INFO - [2025-04-27T00:23:12.336+0000] {dag.py:3239} INFO - Sync 1 DAGs
[2025-04-27T00:23:12.365+0000] {logging_mixin.py:190} INFO - [2025-04-27T00:23:12.365+0000] {dag.py:4180} INFO - Setting next_dagrun for example_trigger_controller_dag to 2021-01-01 00:00:00+00:00, run_after=2021-01-01 00:00:00+00:00
[2025-04-27T00:23:12.387+0000] {processor.py:208} INFO - Processing /home/airflow/.local/lib/python3.10/site-packages/airflow/example_dags/example_trigger_controller_dag.py took 0.096 seconds
[2025-04-27T00:23:42.729+0000] {processor.py:186} INFO - Started process (PID=23335) to work on /home/airflow/.local/lib/python3.10/site-packages/airflow/example_dags/example_trigger_controller_dag.py
[2025-04-27T00:23:42.730+0000] {processor.py:914} INFO - Processing file /home/airflow/.local/lib/python3.10/site-packages/airflow/example_dags/example_trigger_controller_dag.py for tasks to queue
[2025-04-27T00:23:42.732+0000] {logging_mixin.py:190} INFO - [2025-04-27T00:23:42.732+0000] {dagbag.py:588} INFO - Filling up the DagBag from /home/airflow/.local/lib/python3.10/site-packages/airflow/example_dags/example_trigger_controller_dag.py
[2025-04-27T00:23:42.739+0000] {processor.py:925} INFO - DAG(s) 'example_trigger_controller_dag' retrieved from /home/airflow/.local/lib/python3.10/site-packages/airflow/example_dags/example_trigger_controller_dag.py
[2025-04-27T00:23:42.757+0000] {logging_mixin.py:190} INFO - [2025-04-27T00:23:42.756+0000] {dag.py:3239} INFO - Sync 1 DAGs
[2025-04-27T00:23:42.777+0000] {logging_mixin.py:190} INFO - [2025-04-27T00:23:42.777+0000] {dag.py:4180} INFO - Setting next_dagrun for example_trigger_controller_dag to 2021-01-01 00:00:00+00:00, run_after=2021-01-01 00:00:00+00:00
[2025-04-27T00:23:42.794+0000] {processor.py:208} INFO - Processing /home/airflow/.local/lib/python3.10/site-packages/airflow/example_dags/example_trigger_controller_dag.py took 0.070 seconds
[2025-04-27T00:24:13.629+0000] {processor.py:186} INFO - Started process (PID=23402) to work on /home/airflow/.local/lib/python3.10/site-packages/airflow/example_dags/example_trigger_controller_dag.py
[2025-04-27T00:24:13.630+0000] {processor.py:914} INFO - Processing file /home/airflow/.local/lib/python3.10/site-packages/airflow/example_dags/example_trigger_controller_dag.py for tasks to queue
[2025-04-27T00:24:13.632+0000] {logging_mixin.py:190} INFO - [2025-04-27T00:24:13.632+0000] {dagbag.py:588} INFO - Filling up the DagBag from /home/airflow/.local/lib/python3.10/site-packages/airflow/example_dags/example_trigger_controller_dag.py
[2025-04-27T00:24:13.639+0000] {processor.py:925} INFO - DAG(s) 'example_trigger_controller_dag' retrieved from /home/airflow/.local/lib/python3.10/site-packages/airflow/example_dags/example_trigger_controller_dag.py
[2025-04-27T00:24:13.659+0000] {logging_mixin.py:190} INFO - [2025-04-27T00:24:13.659+0000] {dag.py:3239} INFO - Sync 1 DAGs
[2025-04-27T00:24:13.680+0000] {logging_mixin.py:190} INFO - [2025-04-27T00:24:13.679+0000] {dag.py:4180} INFO - Setting next_dagrun for example_trigger_controller_dag to 2021-01-01 00:00:00+00:00, run_after=2021-01-01 00:00:00+00:00
[2025-04-27T00:24:13.697+0000] {processor.py:208} INFO - Processing /home/airflow/.local/lib/python3.10/site-packages/airflow/example_dags/example_trigger_controller_dag.py took 0.073 seconds
[2025-04-27T00:24:43.903+0000] {processor.py:186} INFO - Started process (PID=23466) to work on /home/airflow/.local/lib/python3.10/site-packages/airflow/example_dags/example_trigger_controller_dag.py
[2025-04-27T00:24:43.905+0000] {processor.py:914} INFO - Processing file /home/airflow/.local/lib/python3.10/site-packages/airflow/example_dags/example_trigger_controller_dag.py for tasks to queue
[2025-04-27T00:24:43.909+0000] {logging_mixin.py:190} INFO - [2025-04-27T00:24:43.908+0000] {dagbag.py:588} INFO - Filling up the DagBag from /home/airflow/.local/lib/python3.10/site-packages/airflow/example_dags/example_trigger_controller_dag.py
[2025-04-27T00:24:43.920+0000] {processor.py:925} INFO - DAG(s) 'example_trigger_controller_dag' retrieved from /home/airflow/.local/lib/python3.10/site-packages/airflow/example_dags/example_trigger_controller_dag.py
[2025-04-27T00:24:43.951+0000] {logging_mixin.py:190} INFO - [2025-04-27T00:24:43.950+0000] {dag.py:3239} INFO - Sync 1 DAGs
[2025-04-27T00:24:43.989+0000] {logging_mixin.py:190} INFO - [2025-04-27T00:24:43.988+0000] {dag.py:4180} INFO - Setting next_dagrun for example_trigger_controller_dag to 2021-01-01 00:00:00+00:00, run_after=2021-01-01 00:00:00+00:00
[2025-04-27T00:24:44.021+0000] {processor.py:208} INFO - Processing /home/airflow/.local/lib/python3.10/site-packages/airflow/example_dags/example_trigger_controller_dag.py took 0.126 seconds
[2025-04-27T00:25:14.281+0000] {processor.py:186} INFO - Started process (PID=23531) to work on /home/airflow/.local/lib/python3.10/site-packages/airflow/example_dags/example_trigger_controller_dag.py
[2025-04-27T00:25:14.282+0000] {processor.py:914} INFO - Processing file /home/airflow/.local/lib/python3.10/site-packages/airflow/example_dags/example_trigger_controller_dag.py for tasks to queue
[2025-04-27T00:25:14.284+0000] {logging_mixin.py:190} INFO - [2025-04-27T00:25:14.283+0000] {dagbag.py:588} INFO - Filling up the DagBag from /home/airflow/.local/lib/python3.10/site-packages/airflow/example_dags/example_trigger_controller_dag.py
[2025-04-27T00:25:14.289+0000] {processor.py:925} INFO - DAG(s) 'example_trigger_controller_dag' retrieved from /home/airflow/.local/lib/python3.10/site-packages/airflow/example_dags/example_trigger_controller_dag.py
[2025-04-27T00:25:14.305+0000] {logging_mixin.py:190} INFO - [2025-04-27T00:25:14.305+0000] {dag.py:3239} INFO - Sync 1 DAGs
[2025-04-27T00:25:14.326+0000] {logging_mixin.py:190} INFO - [2025-04-27T00:25:14.326+0000] {dag.py:4180} INFO - Setting next_dagrun for example_trigger_controller_dag to 2021-01-01 00:00:00+00:00, run_after=2021-01-01 00:00:00+00:00
[2025-04-27T00:25:14.342+0000] {processor.py:208} INFO - Processing /home/airflow/.local/lib/python3.10/site-packages/airflow/example_dags/example_trigger_controller_dag.py took 0.067 seconds
