[2025-04-27T00:00:13.362+0000] {processor.py:186} INFO - Started process (PID=20285) to work on /home/airflow/.local/lib/python3.10/site-packages/airflow/example_dags/example_branch_day_of_week_operator.py
[2025-04-27T00:00:13.364+0000] {processor.py:914} INFO - Processing file /home/airflow/.local/lib/python3.10/site-packages/airflow/example_dags/example_branch_day_of_week_operator.py for tasks to queue
[2025-04-27T00:00:13.366+0000] {logging_mixin.py:190} INFO - [2025-04-27T00:00:13.366+0000] {dagbag.py:588} INFO - Filling up the DagBag from /home/airflow/.local/lib/python3.10/site-packages/airflow/example_dags/example_branch_day_of_week_operator.py
[2025-04-27T00:00:13.377+0000] {processor.py:925} INFO - DAG(s) 'example_weekday_branch_operator' retrieved from /home/airflow/.local/lib/python3.10/site-packages/airflow/example_dags/example_branch_day_of_week_operator.py
[2025-04-27T00:00:13.399+0000] {logging_mixin.py:190} INFO - [2025-04-27T00:00:13.399+0000] {dag.py:3239} INFO - Sync 1 DAGs
[2025-04-27T00:00:13.426+0000] {logging_mixin.py:190} INFO - [2025-04-27T00:00:13.425+0000] {dag.py:4180} INFO - Setting next_dagrun for example_weekday_branch_operator to 2025-04-26 00:00:00+00:00, run_after=2025-04-27 00:00:00+00:00
[2025-04-27T00:00:13.450+0000] {processor.py:208} INFO - Processing /home/airflow/.local/lib/python3.10/site-packages/airflow/example_dags/example_branch_day_of_week_operator.py took 0.094 seconds
[2025-04-27T00:00:43.826+0000] {processor.py:186} INFO - Started process (PID=20351) to work on /home/airflow/.local/lib/python3.10/site-packages/airflow/example_dags/example_branch_day_of_week_operator.py
[2025-04-27T00:00:43.827+0000] {processor.py:914} INFO - Processing file /home/airflow/.local/lib/python3.10/site-packages/airflow/example_dags/example_branch_day_of_week_operator.py for tasks to queue
[2025-04-27T00:00:43.830+0000] {logging_mixin.py:190} INFO - [2025-04-27T00:00:43.830+0000] {dagbag.py:588} INFO - Filling up the DagBag from /home/airflow/.local/lib/python3.10/site-packages/airflow/example_dags/example_branch_day_of_week_operator.py
[2025-04-27T00:00:43.840+0000] {processor.py:925} INFO - DAG(s) 'example_weekday_branch_operator' retrieved from /home/airflow/.local/lib/python3.10/site-packages/airflow/example_dags/example_branch_day_of_week_operator.py
[2025-04-27T00:00:43.862+0000] {logging_mixin.py:190} INFO - [2025-04-27T00:00:43.862+0000] {dag.py:3239} INFO - Sync 1 DAGs
[2025-04-27T00:00:43.887+0000] {logging_mixin.py:190} INFO - [2025-04-27T00:00:43.887+0000] {dag.py:4180} INFO - Setting next_dagrun for example_weekday_branch_operator to 2025-04-26 00:00:00+00:00, run_after=2025-04-27 00:00:00+00:00
[2025-04-27T00:00:43.911+0000] {processor.py:208} INFO - Processing /home/airflow/.local/lib/python3.10/site-packages/airflow/example_dags/example_branch_day_of_week_operator.py took 0.092 seconds
[2025-04-27T00:01:14.582+0000] {processor.py:186} INFO - Started process (PID=20417) to work on /home/airflow/.local/lib/python3.10/site-packages/airflow/example_dags/example_branch_day_of_week_operator.py
[2025-04-27T00:01:14.583+0000] {processor.py:914} INFO - Processing file /home/airflow/.local/lib/python3.10/site-packages/airflow/example_dags/example_branch_day_of_week_operator.py for tasks to queue
[2025-04-27T00:01:14.586+0000] {logging_mixin.py:190} INFO - [2025-04-27T00:01:14.586+0000] {dagbag.py:588} INFO - Filling up the DagBag from /home/airflow/.local/lib/python3.10/site-packages/airflow/example_dags/example_branch_day_of_week_operator.py
[2025-04-27T00:01:14.598+0000] {processor.py:925} INFO - DAG(s) 'example_weekday_branch_operator' retrieved from /home/airflow/.local/lib/python3.10/site-packages/airflow/example_dags/example_branch_day_of_week_operator.py
[2025-04-27T00:01:14.618+0000] {logging_mixin.py:190} INFO - [2025-04-27T00:01:14.617+0000] {dag.py:3239} INFO - Sync 1 DAGs
[2025-04-27T00:01:14.646+0000] {logging_mixin.py:190} INFO - [2025-04-27T00:01:14.646+0000] {dag.py:4180} INFO - Setting next_dagrun for example_weekday_branch_operator to 2025-04-26 00:00:00+00:00, run_after=2025-04-27 00:00:00+00:00
[2025-04-27T00:01:14.667+0000] {processor.py:208} INFO - Processing /home/airflow/.local/lib/python3.10/site-packages/airflow/example_dags/example_branch_day_of_week_operator.py took 0.091 seconds
[2025-04-27T00:01:44.943+0000] {processor.py:186} INFO - Started process (PID=20483) to work on /home/airflow/.local/lib/python3.10/site-packages/airflow/example_dags/example_branch_day_of_week_operator.py
[2025-04-27T00:01:44.944+0000] {processor.py:914} INFO - Processing file /home/airflow/.local/lib/python3.10/site-packages/airflow/example_dags/example_branch_day_of_week_operator.py for tasks to queue
[2025-04-27T00:01:44.947+0000] {logging_mixin.py:190} INFO - [2025-04-27T00:01:44.947+0000] {dagbag.py:588} INFO - Filling up the DagBag from /home/airflow/.local/lib/python3.10/site-packages/airflow/example_dags/example_branch_day_of_week_operator.py
[2025-04-27T00:01:44.958+0000] {processor.py:925} INFO - DAG(s) 'example_weekday_branch_operator' retrieved from /home/airflow/.local/lib/python3.10/site-packages/airflow/example_dags/example_branch_day_of_week_operator.py
[2025-04-27T00:01:44.979+0000] {logging_mixin.py:190} INFO - [2025-04-27T00:01:44.979+0000] {dag.py:3239} INFO - Sync 1 DAGs
[2025-04-27T00:01:45.011+0000] {logging_mixin.py:190} INFO - [2025-04-27T00:01:45.010+0000] {dag.py:4180} INFO - Setting next_dagrun for example_weekday_branch_operator to 2025-04-26 00:00:00+00:00, run_after=2025-04-27 00:00:00+00:00
[2025-04-27T00:01:45.033+0000] {processor.py:208} INFO - Processing /home/airflow/.local/lib/python3.10/site-packages/airflow/example_dags/example_branch_day_of_week_operator.py took 0.096 seconds
[2025-04-27T00:02:15.144+0000] {processor.py:186} INFO - Started process (PID=20549) to work on /home/airflow/.local/lib/python3.10/site-packages/airflow/example_dags/example_branch_day_of_week_operator.py
[2025-04-27T00:02:15.146+0000] {processor.py:914} INFO - Processing file /home/airflow/.local/lib/python3.10/site-packages/airflow/example_dags/example_branch_day_of_week_operator.py for tasks to queue
[2025-04-27T00:02:15.149+0000] {logging_mixin.py:190} INFO - [2025-04-27T00:02:15.148+0000] {dagbag.py:588} INFO - Filling up the DagBag from /home/airflow/.local/lib/python3.10/site-packages/airflow/example_dags/example_branch_day_of_week_operator.py
[2025-04-27T00:02:15.159+0000] {processor.py:925} INFO - DAG(s) 'example_weekday_branch_operator' retrieved from /home/airflow/.local/lib/python3.10/site-packages/airflow/example_dags/example_branch_day_of_week_operator.py
[2025-04-27T00:02:15.185+0000] {logging_mixin.py:190} INFO - [2025-04-27T00:02:15.184+0000] {dag.py:3239} INFO - Sync 1 DAGs
[2025-04-27T00:02:15.216+0000] {logging_mixin.py:190} INFO - [2025-04-27T00:02:15.216+0000] {dag.py:4180} INFO - Setting next_dagrun for example_weekday_branch_operator to 2025-04-26 00:00:00+00:00, run_after=2025-04-27 00:00:00+00:00
[2025-04-27T00:02:15.244+0000] {processor.py:208} INFO - Processing /home/airflow/.local/lib/python3.10/site-packages/airflow/example_dags/example_branch_day_of_week_operator.py took 0.106 seconds
[2025-04-27T00:02:45.291+0000] {processor.py:186} INFO - Started process (PID=20614) to work on /home/airflow/.local/lib/python3.10/site-packages/airflow/example_dags/example_branch_day_of_week_operator.py
[2025-04-27T00:02:45.292+0000] {processor.py:914} INFO - Processing file /home/airflow/.local/lib/python3.10/site-packages/airflow/example_dags/example_branch_day_of_week_operator.py for tasks to queue
[2025-04-27T00:02:45.294+0000] {logging_mixin.py:190} INFO - [2025-04-27T00:02:45.294+0000] {dagbag.py:588} INFO - Filling up the DagBag from /home/airflow/.local/lib/python3.10/site-packages/airflow/example_dags/example_branch_day_of_week_operator.py
[2025-04-27T00:02:45.303+0000] {processor.py:925} INFO - DAG(s) 'example_weekday_branch_operator' retrieved from /home/airflow/.local/lib/python3.10/site-packages/airflow/example_dags/example_branch_day_of_week_operator.py
[2025-04-27T00:02:45.324+0000] {logging_mixin.py:190} INFO - [2025-04-27T00:02:45.323+0000] {dag.py:3239} INFO - Sync 1 DAGs
[2025-04-27T00:02:45.349+0000] {logging_mixin.py:190} INFO - [2025-04-27T00:02:45.348+0000] {dag.py:4180} INFO - Setting next_dagrun for example_weekday_branch_operator to 2025-04-26 00:00:00+00:00, run_after=2025-04-27 00:00:00+00:00
[2025-04-27T00:02:45.367+0000] {processor.py:208} INFO - Processing /home/airflow/.local/lib/python3.10/site-packages/airflow/example_dags/example_branch_day_of_week_operator.py took 0.083 seconds
[2025-04-27T00:03:15.706+0000] {processor.py:186} INFO - Started process (PID=20680) to work on /home/airflow/.local/lib/python3.10/site-packages/airflow/example_dags/example_branch_day_of_week_operator.py
[2025-04-27T00:03:15.708+0000] {processor.py:914} INFO - Processing file /home/airflow/.local/lib/python3.10/site-packages/airflow/example_dags/example_branch_day_of_week_operator.py for tasks to queue
[2025-04-27T00:03:15.711+0000] {logging_mixin.py:190} INFO - [2025-04-27T00:03:15.710+0000] {dagbag.py:588} INFO - Filling up the DagBag from /home/airflow/.local/lib/python3.10/site-packages/airflow/example_dags/example_branch_day_of_week_operator.py
[2025-04-27T00:03:15.721+0000] {processor.py:925} INFO - DAG(s) 'example_weekday_branch_operator' retrieved from /home/airflow/.local/lib/python3.10/site-packages/airflow/example_dags/example_branch_day_of_week_operator.py
[2025-04-27T00:03:15.747+0000] {logging_mixin.py:190} INFO - [2025-04-27T00:03:15.747+0000] {dag.py:3239} INFO - Sync 1 DAGs
[2025-04-27T00:03:15.776+0000] {logging_mixin.py:190} INFO - [2025-04-27T00:03:15.775+0000] {dag.py:4180} INFO - Setting next_dagrun for example_weekday_branch_operator to 2025-04-26 00:00:00+00:00, run_after=2025-04-27 00:00:00+00:00
[2025-04-27T00:03:15.799+0000] {processor.py:208} INFO - Processing /home/airflow/.local/lib/python3.10/site-packages/airflow/example_dags/example_branch_day_of_week_operator.py took 0.099 seconds
[2025-04-27T00:03:46.729+0000] {processor.py:186} INFO - Started process (PID=20746) to work on /home/airflow/.local/lib/python3.10/site-packages/airflow/example_dags/example_branch_day_of_week_operator.py
[2025-04-27T00:03:46.730+0000] {processor.py:914} INFO - Processing file /home/airflow/.local/lib/python3.10/site-packages/airflow/example_dags/example_branch_day_of_week_operator.py for tasks to queue
[2025-04-27T00:03:46.734+0000] {logging_mixin.py:190} INFO - [2025-04-27T00:03:46.733+0000] {dagbag.py:588} INFO - Filling up the DagBag from /home/airflow/.local/lib/python3.10/site-packages/airflow/example_dags/example_branch_day_of_week_operator.py
[2025-04-27T00:03:46.744+0000] {processor.py:925} INFO - DAG(s) 'example_weekday_branch_operator' retrieved from /home/airflow/.local/lib/python3.10/site-packages/airflow/example_dags/example_branch_day_of_week_operator.py
[2025-04-27T00:03:46.768+0000] {logging_mixin.py:190} INFO - [2025-04-27T00:03:46.768+0000] {dag.py:3239} INFO - Sync 1 DAGs
[2025-04-27T00:03:46.795+0000] {logging_mixin.py:190} INFO - [2025-04-27T00:03:46.795+0000] {dag.py:4180} INFO - Setting next_dagrun for example_weekday_branch_operator to 2025-04-26 00:00:00+00:00, run_after=2025-04-27 00:00:00+00:00
[2025-04-27T00:03:46.817+0000] {processor.py:208} INFO - Processing /home/airflow/.local/lib/python3.10/site-packages/airflow/example_dags/example_branch_day_of_week_operator.py took 0.094 seconds
[2025-04-27T00:04:16.875+0000] {processor.py:186} INFO - Started process (PID=20811) to work on /home/airflow/.local/lib/python3.10/site-packages/airflow/example_dags/example_branch_day_of_week_operator.py
[2025-04-27T00:04:16.876+0000] {processor.py:914} INFO - Processing file /home/airflow/.local/lib/python3.10/site-packages/airflow/example_dags/example_branch_day_of_week_operator.py for tasks to queue
[2025-04-27T00:04:16.879+0000] {logging_mixin.py:190} INFO - [2025-04-27T00:04:16.879+0000] {dagbag.py:588} INFO - Filling up the DagBag from /home/airflow/.local/lib/python3.10/site-packages/airflow/example_dags/example_branch_day_of_week_operator.py
[2025-04-27T00:04:16.888+0000] {processor.py:925} INFO - DAG(s) 'example_weekday_branch_operator' retrieved from /home/airflow/.local/lib/python3.10/site-packages/airflow/example_dags/example_branch_day_of_week_operator.py
[2025-04-27T00:04:16.908+0000] {logging_mixin.py:190} INFO - [2025-04-27T00:04:16.908+0000] {dag.py:3239} INFO - Sync 1 DAGs
[2025-04-27T00:04:16.933+0000] {logging_mixin.py:190} INFO - [2025-04-27T00:04:16.933+0000] {dag.py:4180} INFO - Setting next_dagrun for example_weekday_branch_operator to 2025-04-26 00:00:00+00:00, run_after=2025-04-27 00:00:00+00:00
[2025-04-27T00:04:16.953+0000] {processor.py:208} INFO - Processing /home/airflow/.local/lib/python3.10/site-packages/airflow/example_dags/example_branch_day_of_week_operator.py took 0.083 seconds
[2025-04-27T00:04:47.342+0000] {processor.py:186} INFO - Started process (PID=20877) to work on /home/airflow/.local/lib/python3.10/site-packages/airflow/example_dags/example_branch_day_of_week_operator.py
[2025-04-27T00:04:47.343+0000] {processor.py:914} INFO - Processing file /home/airflow/.local/lib/python3.10/site-packages/airflow/example_dags/example_branch_day_of_week_operator.py for tasks to queue
[2025-04-27T00:04:47.346+0000] {logging_mixin.py:190} INFO - [2025-04-27T00:04:47.345+0000] {dagbag.py:588} INFO - Filling up the DagBag from /home/airflow/.local/lib/python3.10/site-packages/airflow/example_dags/example_branch_day_of_week_operator.py
[2025-04-27T00:04:47.355+0000] {processor.py:925} INFO - DAG(s) 'example_weekday_branch_operator' retrieved from /home/airflow/.local/lib/python3.10/site-packages/airflow/example_dags/example_branch_day_of_week_operator.py
[2025-04-27T00:04:47.374+0000] {logging_mixin.py:190} INFO - [2025-04-27T00:04:47.373+0000] {dag.py:3239} INFO - Sync 1 DAGs
[2025-04-27T00:04:47.395+0000] {logging_mixin.py:190} INFO - [2025-04-27T00:04:47.394+0000] {dag.py:4180} INFO - Setting next_dagrun for example_weekday_branch_operator to 2025-04-26 00:00:00+00:00, run_after=2025-04-27 00:00:00+00:00
[2025-04-27T00:04:47.412+0000] {processor.py:208} INFO - Processing /home/airflow/.local/lib/python3.10/site-packages/airflow/example_dags/example_branch_day_of_week_operator.py took 0.077 seconds
[2025-04-27T00:05:18.247+0000] {processor.py:186} INFO - Started process (PID=20943) to work on /home/airflow/.local/lib/python3.10/site-packages/airflow/example_dags/example_branch_day_of_week_operator.py
[2025-04-27T00:05:18.248+0000] {processor.py:914} INFO - Processing file /home/airflow/.local/lib/python3.10/site-packages/airflow/example_dags/example_branch_day_of_week_operator.py for tasks to queue
[2025-04-27T00:05:18.251+0000] {logging_mixin.py:190} INFO - [2025-04-27T00:05:18.250+0000] {dagbag.py:588} INFO - Filling up the DagBag from /home/airflow/.local/lib/python3.10/site-packages/airflow/example_dags/example_branch_day_of_week_operator.py
[2025-04-27T00:05:18.263+0000] {processor.py:925} INFO - DAG(s) 'example_weekday_branch_operator' retrieved from /home/airflow/.local/lib/python3.10/site-packages/airflow/example_dags/example_branch_day_of_week_operator.py
[2025-04-27T00:05:18.287+0000] {logging_mixin.py:190} INFO - [2025-04-27T00:05:18.287+0000] {dag.py:3239} INFO - Sync 1 DAGs
[2025-04-27T00:05:18.313+0000] {logging_mixin.py:190} INFO - [2025-04-27T00:05:18.312+0000] {dag.py:4180} INFO - Setting next_dagrun for example_weekday_branch_operator to 2025-04-26 00:00:00+00:00, run_after=2025-04-27 00:00:00+00:00
[2025-04-27T00:05:18.333+0000] {processor.py:208} INFO - Processing /home/airflow/.local/lib/python3.10/site-packages/airflow/example_dags/example_branch_day_of_week_operator.py took 0.093 seconds
[2025-04-27T00:05:48.542+0000] {processor.py:186} INFO - Started process (PID=21009) to work on /home/airflow/.local/lib/python3.10/site-packages/airflow/example_dags/example_branch_day_of_week_operator.py
[2025-04-27T00:05:48.544+0000] {processor.py:914} INFO - Processing file /home/airflow/.local/lib/python3.10/site-packages/airflow/example_dags/example_branch_day_of_week_operator.py for tasks to queue
[2025-04-27T00:05:48.546+0000] {logging_mixin.py:190} INFO - [2025-04-27T00:05:48.546+0000] {dagbag.py:588} INFO - Filling up the DagBag from /home/airflow/.local/lib/python3.10/site-packages/airflow/example_dags/example_branch_day_of_week_operator.py
[2025-04-27T00:05:48.558+0000] {processor.py:925} INFO - DAG(s) 'example_weekday_branch_operator' retrieved from /home/airflow/.local/lib/python3.10/site-packages/airflow/example_dags/example_branch_day_of_week_operator.py
[2025-04-27T00:05:48.581+0000] {logging_mixin.py:190} INFO - [2025-04-27T00:05:48.580+0000] {dag.py:3239} INFO - Sync 1 DAGs
[2025-04-27T00:05:48.609+0000] {logging_mixin.py:190} INFO - [2025-04-27T00:05:48.609+0000] {dag.py:4180} INFO - Setting next_dagrun for example_weekday_branch_operator to 2025-04-26 00:00:00+00:00, run_after=2025-04-27 00:00:00+00:00
[2025-04-27T00:05:48.630+0000] {processor.py:208} INFO - Processing /home/airflow/.local/lib/python3.10/site-packages/airflow/example_dags/example_branch_day_of_week_operator.py took 0.094 seconds
[2025-04-27T00:06:19.497+0000] {processor.py:186} INFO - Started process (PID=21075) to work on /home/airflow/.local/lib/python3.10/site-packages/airflow/example_dags/example_branch_day_of_week_operator.py
[2025-04-27T00:06:19.498+0000] {processor.py:914} INFO - Processing file /home/airflow/.local/lib/python3.10/site-packages/airflow/example_dags/example_branch_day_of_week_operator.py for tasks to queue
[2025-04-27T00:06:19.500+0000] {logging_mixin.py:190} INFO - [2025-04-27T00:06:19.500+0000] {dagbag.py:588} INFO - Filling up the DagBag from /home/airflow/.local/lib/python3.10/site-packages/airflow/example_dags/example_branch_day_of_week_operator.py
[2025-04-27T00:06:19.511+0000] {processor.py:925} INFO - DAG(s) 'example_weekday_branch_operator' retrieved from /home/airflow/.local/lib/python3.10/site-packages/airflow/example_dags/example_branch_day_of_week_operator.py
[2025-04-27T00:06:19.537+0000] {logging_mixin.py:190} INFO - [2025-04-27T00:06:19.536+0000] {dag.py:3239} INFO - Sync 1 DAGs
[2025-04-27T00:06:19.563+0000] {logging_mixin.py:190} INFO - [2025-04-27T00:06:19.563+0000] {dag.py:4180} INFO - Setting next_dagrun for example_weekday_branch_operator to 2025-04-26 00:00:00+00:00, run_after=2025-04-27 00:00:00+00:00
[2025-04-27T00:06:19.586+0000] {processor.py:208} INFO - Processing /home/airflow/.local/lib/python3.10/site-packages/airflow/example_dags/example_branch_day_of_week_operator.py took 0.095 seconds
[2025-04-27T00:06:49.676+0000] {processor.py:186} INFO - Started process (PID=21141) to work on /home/airflow/.local/lib/python3.10/site-packages/airflow/example_dags/example_branch_day_of_week_operator.py
[2025-04-27T00:06:49.677+0000] {processor.py:914} INFO - Processing file /home/airflow/.local/lib/python3.10/site-packages/airflow/example_dags/example_branch_day_of_week_operator.py for tasks to queue
[2025-04-27T00:06:49.679+0000] {logging_mixin.py:190} INFO - [2025-04-27T00:06:49.679+0000] {dagbag.py:588} INFO - Filling up the DagBag from /home/airflow/.local/lib/python3.10/site-packages/airflow/example_dags/example_branch_day_of_week_operator.py
[2025-04-27T00:06:49.688+0000] {processor.py:925} INFO - DAG(s) 'example_weekday_branch_operator' retrieved from /home/airflow/.local/lib/python3.10/site-packages/airflow/example_dags/example_branch_day_of_week_operator.py
[2025-04-27T00:06:49.705+0000] {logging_mixin.py:190} INFO - [2025-04-27T00:06:49.704+0000] {dag.py:3239} INFO - Sync 1 DAGs
[2025-04-27T00:06:49.726+0000] {logging_mixin.py:190} INFO - [2025-04-27T00:06:49.725+0000] {dag.py:4180} INFO - Setting next_dagrun for example_weekday_branch_operator to 2025-04-26 00:00:00+00:00, run_after=2025-04-27 00:00:00+00:00
[2025-04-27T00:06:49.742+0000] {processor.py:208} INFO - Processing /home/airflow/.local/lib/python3.10/site-packages/airflow/example_dags/example_branch_day_of_week_operator.py took 0.072 seconds
[2025-04-27T00:07:19.986+0000] {processor.py:186} INFO - Started process (PID=21207) to work on /home/airflow/.local/lib/python3.10/site-packages/airflow/example_dags/example_branch_day_of_week_operator.py
[2025-04-27T00:07:19.987+0000] {processor.py:914} INFO - Processing file /home/airflow/.local/lib/python3.10/site-packages/airflow/example_dags/example_branch_day_of_week_operator.py for tasks to queue
[2025-04-27T00:07:19.990+0000] {logging_mixin.py:190} INFO - [2025-04-27T00:07:19.990+0000] {dagbag.py:588} INFO - Filling up the DagBag from /home/airflow/.local/lib/python3.10/site-packages/airflow/example_dags/example_branch_day_of_week_operator.py
[2025-04-27T00:07:19.999+0000] {processor.py:925} INFO - DAG(s) 'example_weekday_branch_operator' retrieved from /home/airflow/.local/lib/python3.10/site-packages/airflow/example_dags/example_branch_day_of_week_operator.py
[2025-04-27T00:07:20.020+0000] {logging_mixin.py:190} INFO - [2025-04-27T00:07:20.020+0000] {dag.py:3239} INFO - Sync 1 DAGs
[2025-04-27T00:07:20.044+0000] {logging_mixin.py:190} INFO - [2025-04-27T00:07:20.044+0000] {dag.py:4180} INFO - Setting next_dagrun for example_weekday_branch_operator to 2025-04-26 00:00:00+00:00, run_after=2025-04-27 00:00:00+00:00
[2025-04-27T00:07:20.063+0000] {processor.py:208} INFO - Processing /home/airflow/.local/lib/python3.10/site-packages/airflow/example_dags/example_branch_day_of_week_operator.py took 0.083 seconds
[2025-04-27T00:07:50.304+0000] {processor.py:186} INFO - Started process (PID=21274) to work on /home/airflow/.local/lib/python3.10/site-packages/airflow/example_dags/example_branch_day_of_week_operator.py
[2025-04-27T00:07:50.305+0000] {processor.py:914} INFO - Processing file /home/airflow/.local/lib/python3.10/site-packages/airflow/example_dags/example_branch_day_of_week_operator.py for tasks to queue
[2025-04-27T00:07:50.308+0000] {logging_mixin.py:190} INFO - [2025-04-27T00:07:50.307+0000] {dagbag.py:588} INFO - Filling up the DagBag from /home/airflow/.local/lib/python3.10/site-packages/airflow/example_dags/example_branch_day_of_week_operator.py
[2025-04-27T00:07:50.318+0000] {processor.py:925} INFO - DAG(s) 'example_weekday_branch_operator' retrieved from /home/airflow/.local/lib/python3.10/site-packages/airflow/example_dags/example_branch_day_of_week_operator.py
[2025-04-27T00:07:50.342+0000] {logging_mixin.py:190} INFO - [2025-04-27T00:07:50.342+0000] {dag.py:3239} INFO - Sync 1 DAGs
[2025-04-27T00:07:50.368+0000] {logging_mixin.py:190} INFO - [2025-04-27T00:07:50.367+0000] {dag.py:4180} INFO - Setting next_dagrun for example_weekday_branch_operator to 2025-04-26 00:00:00+00:00, run_after=2025-04-27 00:00:00+00:00
[2025-04-27T00:07:50.391+0000] {processor.py:208} INFO - Processing /home/airflow/.local/lib/python3.10/site-packages/airflow/example_dags/example_branch_day_of_week_operator.py took 0.095 seconds
[2025-04-27T00:08:21.356+0000] {processor.py:186} INFO - Started process (PID=21346) to work on /home/airflow/.local/lib/python3.10/site-packages/airflow/example_dags/example_branch_day_of_week_operator.py
[2025-04-27T00:08:21.357+0000] {processor.py:914} INFO - Processing file /home/airflow/.local/lib/python3.10/site-packages/airflow/example_dags/example_branch_day_of_week_operator.py for tasks to queue
[2025-04-27T00:08:21.359+0000] {logging_mixin.py:190} INFO - [2025-04-27T00:08:21.359+0000] {dagbag.py:588} INFO - Filling up the DagBag from /home/airflow/.local/lib/python3.10/site-packages/airflow/example_dags/example_branch_day_of_week_operator.py
[2025-04-27T00:08:21.368+0000] {processor.py:925} INFO - DAG(s) 'example_weekday_branch_operator' retrieved from /home/airflow/.local/lib/python3.10/site-packages/airflow/example_dags/example_branch_day_of_week_operator.py
[2025-04-27T00:08:21.387+0000] {logging_mixin.py:190} INFO - [2025-04-27T00:08:21.387+0000] {dag.py:3239} INFO - Sync 1 DAGs
[2025-04-27T00:08:21.409+0000] {logging_mixin.py:190} INFO - [2025-04-27T00:08:21.409+0000] {dag.py:4180} INFO - Setting next_dagrun for example_weekday_branch_operator to 2025-04-26 00:00:00+00:00, run_after=2025-04-27 00:00:00+00:00
[2025-04-27T00:08:21.427+0000] {processor.py:208} INFO - Processing /home/airflow/.local/lib/python3.10/site-packages/airflow/example_dags/example_branch_day_of_week_operator.py took 0.077 seconds
[2025-04-27T00:08:51.812+0000] {processor.py:186} INFO - Started process (PID=21412) to work on /home/airflow/.local/lib/python3.10/site-packages/airflow/example_dags/example_branch_day_of_week_operator.py
[2025-04-27T00:08:51.813+0000] {processor.py:914} INFO - Processing file /home/airflow/.local/lib/python3.10/site-packages/airflow/example_dags/example_branch_day_of_week_operator.py for tasks to queue
[2025-04-27T00:08:51.815+0000] {logging_mixin.py:190} INFO - [2025-04-27T00:08:51.815+0000] {dagbag.py:588} INFO - Filling up the DagBag from /home/airflow/.local/lib/python3.10/site-packages/airflow/example_dags/example_branch_day_of_week_operator.py
[2025-04-27T00:08:51.824+0000] {processor.py:925} INFO - DAG(s) 'example_weekday_branch_operator' retrieved from /home/airflow/.local/lib/python3.10/site-packages/airflow/example_dags/example_branch_day_of_week_operator.py
[2025-04-27T00:08:51.845+0000] {logging_mixin.py:190} INFO - [2025-04-27T00:08:51.845+0000] {dag.py:3239} INFO - Sync 1 DAGs
[2025-04-27T00:08:51.868+0000] {logging_mixin.py:190} INFO - [2025-04-27T00:08:51.867+0000] {dag.py:4180} INFO - Setting next_dagrun for example_weekday_branch_operator to 2025-04-26 00:00:00+00:00, run_after=2025-04-27 00:00:00+00:00
[2025-04-27T00:08:51.885+0000] {processor.py:208} INFO - Processing /home/airflow/.local/lib/python3.10/site-packages/airflow/example_dags/example_branch_day_of_week_operator.py took 0.079 seconds
[2025-04-27T00:09:22.224+0000] {processor.py:186} INFO - Started process (PID=21478) to work on /home/airflow/.local/lib/python3.10/site-packages/airflow/example_dags/example_branch_day_of_week_operator.py
[2025-04-27T00:09:22.225+0000] {processor.py:914} INFO - Processing file /home/airflow/.local/lib/python3.10/site-packages/airflow/example_dags/example_branch_day_of_week_operator.py for tasks to queue
[2025-04-27T00:09:22.228+0000] {logging_mixin.py:190} INFO - [2025-04-27T00:09:22.227+0000] {dagbag.py:588} INFO - Filling up the DagBag from /home/airflow/.local/lib/python3.10/site-packages/airflow/example_dags/example_branch_day_of_week_operator.py
[2025-04-27T00:09:22.238+0000] {processor.py:925} INFO - DAG(s) 'example_weekday_branch_operator' retrieved from /home/airflow/.local/lib/python3.10/site-packages/airflow/example_dags/example_branch_day_of_week_operator.py
[2025-04-27T00:09:22.291+0000] {logging_mixin.py:190} INFO - [2025-04-27T00:09:22.290+0000] {dag.py:3239} INFO - Sync 1 DAGs
[2025-04-27T00:09:22.338+0000] {logging_mixin.py:190} INFO - [2025-04-27T00:09:22.337+0000] {dag.py:4180} INFO - Setting next_dagrun for example_weekday_branch_operator to 2025-04-26 00:00:00+00:00, run_after=2025-04-27 00:00:00+00:00
[2025-04-27T00:09:22.373+0000] {processor.py:208} INFO - Processing /home/airflow/.local/lib/python3.10/site-packages/airflow/example_dags/example_branch_day_of_week_operator.py took 0.155 seconds
[2025-04-27T00:09:52.510+0000] {processor.py:186} INFO - Started process (PID=21544) to work on /home/airflow/.local/lib/python3.10/site-packages/airflow/example_dags/example_branch_day_of_week_operator.py
[2025-04-27T00:09:52.511+0000] {processor.py:914} INFO - Processing file /home/airflow/.local/lib/python3.10/site-packages/airflow/example_dags/example_branch_day_of_week_operator.py for tasks to queue
[2025-04-27T00:09:52.514+0000] {logging_mixin.py:190} INFO - [2025-04-27T00:09:52.514+0000] {dagbag.py:588} INFO - Filling up the DagBag from /home/airflow/.local/lib/python3.10/site-packages/airflow/example_dags/example_branch_day_of_week_operator.py
[2025-04-27T00:09:52.525+0000] {processor.py:925} INFO - DAG(s) 'example_weekday_branch_operator' retrieved from /home/airflow/.local/lib/python3.10/site-packages/airflow/example_dags/example_branch_day_of_week_operator.py
[2025-04-27T00:09:52.548+0000] {logging_mixin.py:190} INFO - [2025-04-27T00:09:52.548+0000] {dag.py:3239} INFO - Sync 1 DAGs
[2025-04-27T00:09:52.574+0000] {logging_mixin.py:190} INFO - [2025-04-27T00:09:52.574+0000] {dag.py:4180} INFO - Setting next_dagrun for example_weekday_branch_operator to 2025-04-26 00:00:00+00:00, run_after=2025-04-27 00:00:00+00:00
[2025-04-27T00:09:52.594+0000] {processor.py:208} INFO - Processing /home/airflow/.local/lib/python3.10/site-packages/airflow/example_dags/example_branch_day_of_week_operator.py took 0.091 seconds
[2025-04-27T00:10:23.563+0000] {processor.py:186} INFO - Started process (PID=21610) to work on /home/airflow/.local/lib/python3.10/site-packages/airflow/example_dags/example_branch_day_of_week_operator.py
[2025-04-27T00:10:23.564+0000] {processor.py:914} INFO - Processing file /home/airflow/.local/lib/python3.10/site-packages/airflow/example_dags/example_branch_day_of_week_operator.py for tasks to queue
[2025-04-27T00:10:23.566+0000] {logging_mixin.py:190} INFO - [2025-04-27T00:10:23.566+0000] {dagbag.py:588} INFO - Filling up the DagBag from /home/airflow/.local/lib/python3.10/site-packages/airflow/example_dags/example_branch_day_of_week_operator.py
[2025-04-27T00:10:23.576+0000] {processor.py:925} INFO - DAG(s) 'example_weekday_branch_operator' retrieved from /home/airflow/.local/lib/python3.10/site-packages/airflow/example_dags/example_branch_day_of_week_operator.py
[2025-04-27T00:10:23.596+0000] {logging_mixin.py:190} INFO - [2025-04-27T00:10:23.596+0000] {dag.py:3239} INFO - Sync 1 DAGs
[2025-04-27T00:10:23.620+0000] {logging_mixin.py:190} INFO - [2025-04-27T00:10:23.619+0000] {dag.py:4180} INFO - Setting next_dagrun for example_weekday_branch_operator to 2025-04-26 00:00:00+00:00, run_after=2025-04-27 00:00:00+00:00
[2025-04-27T00:10:23.638+0000] {processor.py:208} INFO - Processing /home/airflow/.local/lib/python3.10/site-packages/airflow/example_dags/example_branch_day_of_week_operator.py took 0.082 seconds
[2025-04-27T00:10:54.106+0000] {processor.py:186} INFO - Started process (PID=21676) to work on /home/airflow/.local/lib/python3.10/site-packages/airflow/example_dags/example_branch_day_of_week_operator.py
[2025-04-27T00:10:54.107+0000] {processor.py:914} INFO - Processing file /home/airflow/.local/lib/python3.10/site-packages/airflow/example_dags/example_branch_day_of_week_operator.py for tasks to queue
[2025-04-27T00:10:54.110+0000] {logging_mixin.py:190} INFO - [2025-04-27T00:10:54.109+0000] {dagbag.py:588} INFO - Filling up the DagBag from /home/airflow/.local/lib/python3.10/site-packages/airflow/example_dags/example_branch_day_of_week_operator.py
[2025-04-27T00:10:54.119+0000] {processor.py:925} INFO - DAG(s) 'example_weekday_branch_operator' retrieved from /home/airflow/.local/lib/python3.10/site-packages/airflow/example_dags/example_branch_day_of_week_operator.py
[2025-04-27T00:10:54.141+0000] {logging_mixin.py:190} INFO - [2025-04-27T00:10:54.141+0000] {dag.py:3239} INFO - Sync 1 DAGs
[2025-04-27T00:10:54.166+0000] {logging_mixin.py:190} INFO - [2025-04-27T00:10:54.166+0000] {dag.py:4180} INFO - Setting next_dagrun for example_weekday_branch_operator to 2025-04-26 00:00:00+00:00, run_after=2025-04-27 00:00:00+00:00
[2025-04-27T00:10:54.185+0000] {processor.py:208} INFO - Processing /home/airflow/.local/lib/python3.10/site-packages/airflow/example_dags/example_branch_day_of_week_operator.py took 0.085 seconds
[2025-04-27T00:11:24.684+0000] {processor.py:186} INFO - Started process (PID=21742) to work on /home/airflow/.local/lib/python3.10/site-packages/airflow/example_dags/example_branch_day_of_week_operator.py
[2025-04-27T00:11:24.685+0000] {processor.py:914} INFO - Processing file /home/airflow/.local/lib/python3.10/site-packages/airflow/example_dags/example_branch_day_of_week_operator.py for tasks to queue
[2025-04-27T00:11:24.688+0000] {logging_mixin.py:190} INFO - [2025-04-27T00:11:24.687+0000] {dagbag.py:588} INFO - Filling up the DagBag from /home/airflow/.local/lib/python3.10/site-packages/airflow/example_dags/example_branch_day_of_week_operator.py
[2025-04-27T00:11:24.697+0000] {processor.py:925} INFO - DAG(s) 'example_weekday_branch_operator' retrieved from /home/airflow/.local/lib/python3.10/site-packages/airflow/example_dags/example_branch_day_of_week_operator.py
[2025-04-27T00:11:24.718+0000] {logging_mixin.py:190} INFO - [2025-04-27T00:11:24.718+0000] {dag.py:3239} INFO - Sync 1 DAGs
[2025-04-27T00:11:24.745+0000] {logging_mixin.py:190} INFO - [2025-04-27T00:11:24.744+0000] {dag.py:4180} INFO - Setting next_dagrun for example_weekday_branch_operator to 2025-04-26 00:00:00+00:00, run_after=2025-04-27 00:00:00+00:00
[2025-04-27T00:11:24.766+0000] {processor.py:208} INFO - Processing /home/airflow/.local/lib/python3.10/site-packages/airflow/example_dags/example_branch_day_of_week_operator.py took 0.087 seconds
[2025-04-27T00:11:54.813+0000] {processor.py:186} INFO - Started process (PID=21807) to work on /home/airflow/.local/lib/python3.10/site-packages/airflow/example_dags/example_branch_day_of_week_operator.py
[2025-04-27T00:11:54.814+0000] {processor.py:914} INFO - Processing file /home/airflow/.local/lib/python3.10/site-packages/airflow/example_dags/example_branch_day_of_week_operator.py for tasks to queue
[2025-04-27T00:11:54.817+0000] {logging_mixin.py:190} INFO - [2025-04-27T00:11:54.816+0000] {dagbag.py:588} INFO - Filling up the DagBag from /home/airflow/.local/lib/python3.10/site-packages/airflow/example_dags/example_branch_day_of_week_operator.py
[2025-04-27T00:11:54.826+0000] {processor.py:925} INFO - DAG(s) 'example_weekday_branch_operator' retrieved from /home/airflow/.local/lib/python3.10/site-packages/airflow/example_dags/example_branch_day_of_week_operator.py
[2025-04-27T00:11:54.847+0000] {logging_mixin.py:190} INFO - [2025-04-27T00:11:54.846+0000] {dag.py:3239} INFO - Sync 1 DAGs
[2025-04-27T00:11:54.870+0000] {logging_mixin.py:190} INFO - [2025-04-27T00:11:54.869+0000] {dag.py:4180} INFO - Setting next_dagrun for example_weekday_branch_operator to 2025-04-26 00:00:00+00:00, run_after=2025-04-27 00:00:00+00:00
[2025-04-27T00:11:54.890+0000] {processor.py:208} INFO - Processing /home/airflow/.local/lib/python3.10/site-packages/airflow/example_dags/example_branch_day_of_week_operator.py took 0.084 seconds
[2025-04-27T00:12:25.030+0000] {processor.py:186} INFO - Started process (PID=21873) to work on /home/airflow/.local/lib/python3.10/site-packages/airflow/example_dags/example_branch_day_of_week_operator.py
[2025-04-27T00:12:25.031+0000] {processor.py:914} INFO - Processing file /home/airflow/.local/lib/python3.10/site-packages/airflow/example_dags/example_branch_day_of_week_operator.py for tasks to queue
[2025-04-27T00:12:25.034+0000] {logging_mixin.py:190} INFO - [2025-04-27T00:12:25.034+0000] {dagbag.py:588} INFO - Filling up the DagBag from /home/airflow/.local/lib/python3.10/site-packages/airflow/example_dags/example_branch_day_of_week_operator.py
[2025-04-27T00:12:25.044+0000] {processor.py:925} INFO - DAG(s) 'example_weekday_branch_operator' retrieved from /home/airflow/.local/lib/python3.10/site-packages/airflow/example_dags/example_branch_day_of_week_operator.py
[2025-04-27T00:12:25.064+0000] {logging_mixin.py:190} INFO - [2025-04-27T00:12:25.064+0000] {dag.py:3239} INFO - Sync 1 DAGs
[2025-04-27T00:12:25.085+0000] {logging_mixin.py:190} INFO - [2025-04-27T00:12:25.085+0000] {dag.py:4180} INFO - Setting next_dagrun for example_weekday_branch_operator to 2025-04-26 00:00:00+00:00, run_after=2025-04-27 00:00:00+00:00
[2025-04-27T00:12:25.101+0000] {processor.py:208} INFO - Processing /home/airflow/.local/lib/python3.10/site-packages/airflow/example_dags/example_branch_day_of_week_operator.py took 0.076 seconds
[2025-04-27T00:12:55.676+0000] {processor.py:186} INFO - Started process (PID=21939) to work on /home/airflow/.local/lib/python3.10/site-packages/airflow/example_dags/example_branch_day_of_week_operator.py
[2025-04-27T00:12:55.677+0000] {processor.py:914} INFO - Processing file /home/airflow/.local/lib/python3.10/site-packages/airflow/example_dags/example_branch_day_of_week_operator.py for tasks to queue
[2025-04-27T00:12:55.679+0000] {logging_mixin.py:190} INFO - [2025-04-27T00:12:55.678+0000] {dagbag.py:588} INFO - Filling up the DagBag from /home/airflow/.local/lib/python3.10/site-packages/airflow/example_dags/example_branch_day_of_week_operator.py
[2025-04-27T00:12:55.687+0000] {processor.py:925} INFO - DAG(s) 'example_weekday_branch_operator' retrieved from /home/airflow/.local/lib/python3.10/site-packages/airflow/example_dags/example_branch_day_of_week_operator.py
[2025-04-27T00:12:55.705+0000] {logging_mixin.py:190} INFO - [2025-04-27T00:12:55.705+0000] {dag.py:3239} INFO - Sync 1 DAGs
[2025-04-27T00:12:55.726+0000] {logging_mixin.py:190} INFO - [2025-04-27T00:12:55.725+0000] {dag.py:4180} INFO - Setting next_dagrun for example_weekday_branch_operator to 2025-04-26 00:00:00+00:00, run_after=2025-04-27 00:00:00+00:00
[2025-04-27T00:12:55.744+0000] {processor.py:208} INFO - Processing /home/airflow/.local/lib/python3.10/site-packages/airflow/example_dags/example_branch_day_of_week_operator.py took 0.073 seconds
[2025-04-27T00:13:26.131+0000] {processor.py:186} INFO - Started process (PID=22005) to work on /home/airflow/.local/lib/python3.10/site-packages/airflow/example_dags/example_branch_day_of_week_operator.py
[2025-04-27T00:13:26.132+0000] {processor.py:914} INFO - Processing file /home/airflow/.local/lib/python3.10/site-packages/airflow/example_dags/example_branch_day_of_week_operator.py for tasks to queue
[2025-04-27T00:13:26.134+0000] {logging_mixin.py:190} INFO - [2025-04-27T00:13:26.133+0000] {dagbag.py:588} INFO - Filling up the DagBag from /home/airflow/.local/lib/python3.10/site-packages/airflow/example_dags/example_branch_day_of_week_operator.py
[2025-04-27T00:13:26.143+0000] {processor.py:925} INFO - DAG(s) 'example_weekday_branch_operator' retrieved from /home/airflow/.local/lib/python3.10/site-packages/airflow/example_dags/example_branch_day_of_week_operator.py
[2025-04-27T00:13:26.163+0000] {logging_mixin.py:190} INFO - [2025-04-27T00:13:26.163+0000] {dag.py:3239} INFO - Sync 1 DAGs
[2025-04-27T00:13:26.185+0000] {logging_mixin.py:190} INFO - [2025-04-27T00:13:26.185+0000] {dag.py:4180} INFO - Setting next_dagrun for example_weekday_branch_operator to 2025-04-26 00:00:00+00:00, run_after=2025-04-27 00:00:00+00:00
[2025-04-27T00:13:26.203+0000] {processor.py:208} INFO - Processing /home/airflow/.local/lib/python3.10/site-packages/airflow/example_dags/example_branch_day_of_week_operator.py took 0.078 seconds
[2025-04-27T00:13:56.366+0000] {processor.py:186} INFO - Started process (PID=22072) to work on /home/airflow/.local/lib/python3.10/site-packages/airflow/example_dags/example_branch_day_of_week_operator.py
[2025-04-27T00:13:56.367+0000] {processor.py:914} INFO - Processing file /home/airflow/.local/lib/python3.10/site-packages/airflow/example_dags/example_branch_day_of_week_operator.py for tasks to queue
[2025-04-27T00:13:56.370+0000] {logging_mixin.py:190} INFO - [2025-04-27T00:13:56.369+0000] {dagbag.py:588} INFO - Filling up the DagBag from /home/airflow/.local/lib/python3.10/site-packages/airflow/example_dags/example_branch_day_of_week_operator.py
[2025-04-27T00:13:56.378+0000] {processor.py:925} INFO - DAG(s) 'example_weekday_branch_operator' retrieved from /home/airflow/.local/lib/python3.10/site-packages/airflow/example_dags/example_branch_day_of_week_operator.py
[2025-04-27T00:13:56.397+0000] {logging_mixin.py:190} INFO - [2025-04-27T00:13:56.397+0000] {dag.py:3239} INFO - Sync 1 DAGs
[2025-04-27T00:13:56.421+0000] {logging_mixin.py:190} INFO - [2025-04-27T00:13:56.420+0000] {dag.py:4180} INFO - Setting next_dagrun for example_weekday_branch_operator to 2025-04-26 00:00:00+00:00, run_after=2025-04-27 00:00:00+00:00
[2025-04-27T00:13:56.440+0000] {processor.py:208} INFO - Processing /home/airflow/.local/lib/python3.10/site-packages/airflow/example_dags/example_branch_day_of_week_operator.py took 0.080 seconds
[2025-04-27T00:14:27.038+0000] {processor.py:186} INFO - Started process (PID=22138) to work on /home/airflow/.local/lib/python3.10/site-packages/airflow/example_dags/example_branch_day_of_week_operator.py
[2025-04-27T00:14:27.039+0000] {processor.py:914} INFO - Processing file /home/airflow/.local/lib/python3.10/site-packages/airflow/example_dags/example_branch_day_of_week_operator.py for tasks to queue
[2025-04-27T00:14:27.043+0000] {logging_mixin.py:190} INFO - [2025-04-27T00:14:27.043+0000] {dagbag.py:588} INFO - Filling up the DagBag from /home/airflow/.local/lib/python3.10/site-packages/airflow/example_dags/example_branch_day_of_week_operator.py
[2025-04-27T00:14:27.055+0000] {processor.py:925} INFO - DAG(s) 'example_weekday_branch_operator' retrieved from /home/airflow/.local/lib/python3.10/site-packages/airflow/example_dags/example_branch_day_of_week_operator.py
[2025-04-27T00:14:27.073+0000] {logging_mixin.py:190} INFO - [2025-04-27T00:14:27.073+0000] {dag.py:3239} INFO - Sync 1 DAGs
[2025-04-27T00:14:27.094+0000] {logging_mixin.py:190} INFO - [2025-04-27T00:14:27.094+0000] {dag.py:4180} INFO - Setting next_dagrun for example_weekday_branch_operator to 2025-04-26 00:00:00+00:00, run_after=2025-04-27 00:00:00+00:00
[2025-04-27T00:14:27.112+0000] {processor.py:208} INFO - Processing /home/airflow/.local/lib/python3.10/site-packages/airflow/example_dags/example_branch_day_of_week_operator.py took 0.080 seconds
[2025-04-27T00:14:57.503+0000] {processor.py:186} INFO - Started process (PID=22204) to work on /home/airflow/.local/lib/python3.10/site-packages/airflow/example_dags/example_branch_day_of_week_operator.py
[2025-04-27T00:14:57.505+0000] {processor.py:914} INFO - Processing file /home/airflow/.local/lib/python3.10/site-packages/airflow/example_dags/example_branch_day_of_week_operator.py for tasks to queue
[2025-04-27T00:14:57.512+0000] {logging_mixin.py:190} INFO - [2025-04-27T00:14:57.510+0000] {dagbag.py:588} INFO - Filling up the DagBag from /home/airflow/.local/lib/python3.10/site-packages/airflow/example_dags/example_branch_day_of_week_operator.py
[2025-04-27T00:14:57.528+0000] {processor.py:925} INFO - DAG(s) 'example_weekday_branch_operator' retrieved from /home/airflow/.local/lib/python3.10/site-packages/airflow/example_dags/example_branch_day_of_week_operator.py
[2025-04-27T00:14:57.560+0000] {logging_mixin.py:190} INFO - [2025-04-27T00:14:57.560+0000] {dag.py:3239} INFO - Sync 1 DAGs
[2025-04-27T00:14:57.590+0000] {logging_mixin.py:190} INFO - [2025-04-27T00:14:57.590+0000] {dag.py:4180} INFO - Setting next_dagrun for example_weekday_branch_operator to 2025-04-26 00:00:00+00:00, run_after=2025-04-27 00:00:00+00:00
[2025-04-27T00:14:57.615+0000] {processor.py:208} INFO - Processing /home/airflow/.local/lib/python3.10/site-packages/airflow/example_dags/example_branch_day_of_week_operator.py took 0.126 seconds
[2025-04-27T00:15:27.706+0000] {processor.py:186} INFO - Started process (PID=22270) to work on /home/airflow/.local/lib/python3.10/site-packages/airflow/example_dags/example_branch_day_of_week_operator.py
[2025-04-27T00:15:27.707+0000] {processor.py:914} INFO - Processing file /home/airflow/.local/lib/python3.10/site-packages/airflow/example_dags/example_branch_day_of_week_operator.py for tasks to queue
[2025-04-27T00:15:27.711+0000] {logging_mixin.py:190} INFO - [2025-04-27T00:15:27.711+0000] {dagbag.py:588} INFO - Filling up the DagBag from /home/airflow/.local/lib/python3.10/site-packages/airflow/example_dags/example_branch_day_of_week_operator.py
[2025-04-27T00:15:27.720+0000] {processor.py:925} INFO - DAG(s) 'example_weekday_branch_operator' retrieved from /home/airflow/.local/lib/python3.10/site-packages/airflow/example_dags/example_branch_day_of_week_operator.py
[2025-04-27T00:15:27.741+0000] {logging_mixin.py:190} INFO - [2025-04-27T00:15:27.741+0000] {dag.py:3239} INFO - Sync 1 DAGs
[2025-04-27T00:15:27.766+0000] {logging_mixin.py:190} INFO - [2025-04-27T00:15:27.765+0000] {dag.py:4180} INFO - Setting next_dagrun for example_weekday_branch_operator to 2025-04-26 00:00:00+00:00, run_after=2025-04-27 00:00:00+00:00
[2025-04-27T00:15:27.785+0000] {processor.py:208} INFO - Processing /home/airflow/.local/lib/python3.10/site-packages/airflow/example_dags/example_branch_day_of_week_operator.py took 0.086 seconds
[2025-04-27T00:15:57.979+0000] {processor.py:186} INFO - Started process (PID=22336) to work on /home/airflow/.local/lib/python3.10/site-packages/airflow/example_dags/example_branch_day_of_week_operator.py
[2025-04-27T00:15:57.980+0000] {processor.py:914} INFO - Processing file /home/airflow/.local/lib/python3.10/site-packages/airflow/example_dags/example_branch_day_of_week_operator.py for tasks to queue
[2025-04-27T00:15:57.985+0000] {logging_mixin.py:190} INFO - [2025-04-27T00:15:57.985+0000] {dagbag.py:588} INFO - Filling up the DagBag from /home/airflow/.local/lib/python3.10/site-packages/airflow/example_dags/example_branch_day_of_week_operator.py
[2025-04-27T00:15:57.999+0000] {processor.py:925} INFO - DAG(s) 'example_weekday_branch_operator' retrieved from /home/airflow/.local/lib/python3.10/site-packages/airflow/example_dags/example_branch_day_of_week_operator.py
[2025-04-27T00:15:58.032+0000] {logging_mixin.py:190} INFO - [2025-04-27T00:15:58.032+0000] {dag.py:3239} INFO - Sync 1 DAGs
[2025-04-27T00:15:58.073+0000] {logging_mixin.py:190} INFO - [2025-04-27T00:15:58.072+0000] {dag.py:4180} INFO - Setting next_dagrun for example_weekday_branch_operator to 2025-04-26 00:00:00+00:00, run_after=2025-04-27 00:00:00+00:00
[2025-04-27T00:15:58.101+0000] {processor.py:208} INFO - Processing /home/airflow/.local/lib/python3.10/site-packages/airflow/example_dags/example_branch_day_of_week_operator.py took 0.132 seconds
[2025-04-27T00:16:28.167+0000] {processor.py:186} INFO - Started process (PID=22402) to work on /home/airflow/.local/lib/python3.10/site-packages/airflow/example_dags/example_branch_day_of_week_operator.py
[2025-04-27T00:16:28.168+0000] {processor.py:914} INFO - Processing file /home/airflow/.local/lib/python3.10/site-packages/airflow/example_dags/example_branch_day_of_week_operator.py for tasks to queue
[2025-04-27T00:16:28.170+0000] {logging_mixin.py:190} INFO - [2025-04-27T00:16:28.170+0000] {dagbag.py:588} INFO - Filling up the DagBag from /home/airflow/.local/lib/python3.10/site-packages/airflow/example_dags/example_branch_day_of_week_operator.py
[2025-04-27T00:16:28.180+0000] {processor.py:925} INFO - DAG(s) 'example_weekday_branch_operator' retrieved from /home/airflow/.local/lib/python3.10/site-packages/airflow/example_dags/example_branch_day_of_week_operator.py
[2025-04-27T00:16:28.202+0000] {logging_mixin.py:190} INFO - [2025-04-27T00:16:28.202+0000] {dag.py:3239} INFO - Sync 1 DAGs
[2025-04-27T00:16:28.228+0000] {logging_mixin.py:190} INFO - [2025-04-27T00:16:28.227+0000] {dag.py:4180} INFO - Setting next_dagrun for example_weekday_branch_operator to 2025-04-26 00:00:00+00:00, run_after=2025-04-27 00:00:00+00:00
[2025-04-27T00:16:28.254+0000] {processor.py:208} INFO - Processing /home/airflow/.local/lib/python3.10/site-packages/airflow/example_dags/example_branch_day_of_week_operator.py took 0.094 seconds
[2025-04-27T00:16:59.052+0000] {processor.py:186} INFO - Started process (PID=22468) to work on /home/airflow/.local/lib/python3.10/site-packages/airflow/example_dags/example_branch_day_of_week_operator.py
[2025-04-27T00:16:59.053+0000] {processor.py:914} INFO - Processing file /home/airflow/.local/lib/python3.10/site-packages/airflow/example_dags/example_branch_day_of_week_operator.py for tasks to queue
[2025-04-27T00:16:59.055+0000] {logging_mixin.py:190} INFO - [2025-04-27T00:16:59.054+0000] {dagbag.py:588} INFO - Filling up the DagBag from /home/airflow/.local/lib/python3.10/site-packages/airflow/example_dags/example_branch_day_of_week_operator.py
[2025-04-27T00:16:59.064+0000] {processor.py:925} INFO - DAG(s) 'example_weekday_branch_operator' retrieved from /home/airflow/.local/lib/python3.10/site-packages/airflow/example_dags/example_branch_day_of_week_operator.py
[2025-04-27T00:16:59.084+0000] {logging_mixin.py:190} INFO - [2025-04-27T00:16:59.084+0000] {dag.py:3239} INFO - Sync 1 DAGs
[2025-04-27T00:16:59.109+0000] {logging_mixin.py:190} INFO - [2025-04-27T00:16:59.109+0000] {dag.py:4180} INFO - Setting next_dagrun for example_weekday_branch_operator to 2025-04-26 00:00:00+00:00, run_after=2025-04-27 00:00:00+00:00
[2025-04-27T00:16:59.127+0000] {processor.py:208} INFO - Processing /home/airflow/.local/lib/python3.10/site-packages/airflow/example_dags/example_branch_day_of_week_operator.py took 0.081 seconds
[2025-04-27T00:17:29.250+0000] {processor.py:186} INFO - Started process (PID=22534) to work on /home/airflow/.local/lib/python3.10/site-packages/airflow/example_dags/example_branch_day_of_week_operator.py
[2025-04-27T00:17:29.251+0000] {processor.py:914} INFO - Processing file /home/airflow/.local/lib/python3.10/site-packages/airflow/example_dags/example_branch_day_of_week_operator.py for tasks to queue
[2025-04-27T00:17:29.253+0000] {logging_mixin.py:190} INFO - [2025-04-27T00:17:29.253+0000] {dagbag.py:588} INFO - Filling up the DagBag from /home/airflow/.local/lib/python3.10/site-packages/airflow/example_dags/example_branch_day_of_week_operator.py
[2025-04-27T00:17:29.263+0000] {processor.py:925} INFO - DAG(s) 'example_weekday_branch_operator' retrieved from /home/airflow/.local/lib/python3.10/site-packages/airflow/example_dags/example_branch_day_of_week_operator.py
[2025-04-27T00:17:29.281+0000] {logging_mixin.py:190} INFO - [2025-04-27T00:17:29.281+0000] {dag.py:3239} INFO - Sync 1 DAGs
[2025-04-27T00:17:29.302+0000] {logging_mixin.py:190} INFO - [2025-04-27T00:17:29.301+0000] {dag.py:4180} INFO - Setting next_dagrun for example_weekday_branch_operator to 2025-04-26 00:00:00+00:00, run_after=2025-04-27 00:00:00+00:00
[2025-04-27T00:17:29.318+0000] {processor.py:208} INFO - Processing /home/airflow/.local/lib/python3.10/site-packages/airflow/example_dags/example_branch_day_of_week_operator.py took 0.074 seconds
[2025-04-27T00:17:59.896+0000] {processor.py:186} INFO - Started process (PID=22600) to work on /home/airflow/.local/lib/python3.10/site-packages/airflow/example_dags/example_branch_day_of_week_operator.py
[2025-04-27T00:17:59.898+0000] {processor.py:914} INFO - Processing file /home/airflow/.local/lib/python3.10/site-packages/airflow/example_dags/example_branch_day_of_week_operator.py for tasks to queue
[2025-04-27T00:17:59.900+0000] {logging_mixin.py:190} INFO - [2025-04-27T00:17:59.900+0000] {dagbag.py:588} INFO - Filling up the DagBag from /home/airflow/.local/lib/python3.10/site-packages/airflow/example_dags/example_branch_day_of_week_operator.py
[2025-04-27T00:17:59.911+0000] {processor.py:925} INFO - DAG(s) 'example_weekday_branch_operator' retrieved from /home/airflow/.local/lib/python3.10/site-packages/airflow/example_dags/example_branch_day_of_week_operator.py
[2025-04-27T00:17:59.935+0000] {logging_mixin.py:190} INFO - [2025-04-27T00:17:59.934+0000] {dag.py:3239} INFO - Sync 1 DAGs
[2025-04-27T00:17:59.958+0000] {logging_mixin.py:190} INFO - [2025-04-27T00:17:59.958+0000] {dag.py:4180} INFO - Setting next_dagrun for example_weekday_branch_operator to 2025-04-26 00:00:00+00:00, run_after=2025-04-27 00:00:00+00:00
[2025-04-27T00:17:59.978+0000] {processor.py:208} INFO - Processing /home/airflow/.local/lib/python3.10/site-packages/airflow/example_dags/example_branch_day_of_week_operator.py took 0.089 seconds
[2025-04-27T00:18:31.187+0000] {processor.py:186} INFO - Started process (PID=22665) to work on /home/airflow/.local/lib/python3.10/site-packages/airflow/example_dags/example_branch_day_of_week_operator.py
[2025-04-27T00:18:31.188+0000] {processor.py:914} INFO - Processing file /home/airflow/.local/lib/python3.10/site-packages/airflow/example_dags/example_branch_day_of_week_operator.py for tasks to queue
[2025-04-27T00:18:31.190+0000] {logging_mixin.py:190} INFO - [2025-04-27T00:18:31.190+0000] {dagbag.py:588} INFO - Filling up the DagBag from /home/airflow/.local/lib/python3.10/site-packages/airflow/example_dags/example_branch_day_of_week_operator.py
[2025-04-27T00:18:31.200+0000] {processor.py:925} INFO - DAG(s) 'example_weekday_branch_operator' retrieved from /home/airflow/.local/lib/python3.10/site-packages/airflow/example_dags/example_branch_day_of_week_operator.py
[2025-04-27T00:18:31.221+0000] {logging_mixin.py:190} INFO - [2025-04-27T00:18:31.221+0000] {dag.py:3239} INFO - Sync 1 DAGs
[2025-04-27T00:18:31.248+0000] {logging_mixin.py:190} INFO - [2025-04-27T00:18:31.248+0000] {dag.py:4180} INFO - Setting next_dagrun for example_weekday_branch_operator to 2025-04-26 00:00:00+00:00, run_after=2025-04-27 00:00:00+00:00
[2025-04-27T00:18:31.267+0000] {processor.py:208} INFO - Processing /home/airflow/.local/lib/python3.10/site-packages/airflow/example_dags/example_branch_day_of_week_operator.py took 0.087 seconds
[2025-04-27T00:19:02.872+0000] {processor.py:186} INFO - Started process (PID=22731) to work on /home/airflow/.local/lib/python3.10/site-packages/airflow/example_dags/example_branch_day_of_week_operator.py
[2025-04-27T00:19:02.874+0000] {processor.py:914} INFO - Processing file /home/airflow/.local/lib/python3.10/site-packages/airflow/example_dags/example_branch_day_of_week_operator.py for tasks to queue
[2025-04-27T00:19:02.878+0000] {logging_mixin.py:190} INFO - [2025-04-27T00:19:02.877+0000] {dagbag.py:588} INFO - Filling up the DagBag from /home/airflow/.local/lib/python3.10/site-packages/airflow/example_dags/example_branch_day_of_week_operator.py
[2025-04-27T00:19:02.890+0000] {processor.py:925} INFO - DAG(s) 'example_weekday_branch_operator' retrieved from /home/airflow/.local/lib/python3.10/site-packages/airflow/example_dags/example_branch_day_of_week_operator.py
[2025-04-27T00:19:02.915+0000] {logging_mixin.py:190} INFO - [2025-04-27T00:19:02.915+0000] {dag.py:3239} INFO - Sync 1 DAGs
[2025-04-27T00:19:02.952+0000] {logging_mixin.py:190} INFO - [2025-04-27T00:19:02.951+0000] {dag.py:4180} INFO - Setting next_dagrun for example_weekday_branch_operator to 2025-04-26 00:00:00+00:00, run_after=2025-04-27 00:00:00+00:00
[2025-04-27T00:19:02.981+0000] {processor.py:208} INFO - Processing /home/airflow/.local/lib/python3.10/site-packages/airflow/example_dags/example_branch_day_of_week_operator.py took 0.117 seconds
[2025-04-27T00:19:33.747+0000] {processor.py:186} INFO - Started process (PID=22799) to work on /home/airflow/.local/lib/python3.10/site-packages/airflow/example_dags/example_branch_day_of_week_operator.py
[2025-04-27T00:19:33.748+0000] {processor.py:914} INFO - Processing file /home/airflow/.local/lib/python3.10/site-packages/airflow/example_dags/example_branch_day_of_week_operator.py for tasks to queue
[2025-04-27T00:19:33.750+0000] {logging_mixin.py:190} INFO - [2025-04-27T00:19:33.750+0000] {dagbag.py:588} INFO - Filling up the DagBag from /home/airflow/.local/lib/python3.10/site-packages/airflow/example_dags/example_branch_day_of_week_operator.py
[2025-04-27T00:19:33.758+0000] {processor.py:925} INFO - DAG(s) 'example_weekday_branch_operator' retrieved from /home/airflow/.local/lib/python3.10/site-packages/airflow/example_dags/example_branch_day_of_week_operator.py
[2025-04-27T00:19:33.775+0000] {logging_mixin.py:190} INFO - [2025-04-27T00:19:33.775+0000] {dag.py:3239} INFO - Sync 1 DAGs
[2025-04-27T00:19:33.796+0000] {logging_mixin.py:190} INFO - [2025-04-27T00:19:33.796+0000] {dag.py:4180} INFO - Setting next_dagrun for example_weekday_branch_operator to 2025-04-26 00:00:00+00:00, run_after=2025-04-27 00:00:00+00:00
[2025-04-27T00:19:33.812+0000] {processor.py:208} INFO - Processing /home/airflow/.local/lib/python3.10/site-packages/airflow/example_dags/example_branch_day_of_week_operator.py took 0.070 seconds
[2025-04-27T00:20:05.676+0000] {processor.py:186} INFO - Started process (PID=22865) to work on /home/airflow/.local/lib/python3.10/site-packages/airflow/example_dags/example_branch_day_of_week_operator.py
[2025-04-27T00:20:05.677+0000] {processor.py:914} INFO - Processing file /home/airflow/.local/lib/python3.10/site-packages/airflow/example_dags/example_branch_day_of_week_operator.py for tasks to queue
[2025-04-27T00:20:05.679+0000] {logging_mixin.py:190} INFO - [2025-04-27T00:20:05.678+0000] {dagbag.py:588} INFO - Filling up the DagBag from /home/airflow/.local/lib/python3.10/site-packages/airflow/example_dags/example_branch_day_of_week_operator.py
[2025-04-27T00:20:05.688+0000] {processor.py:925} INFO - DAG(s) 'example_weekday_branch_operator' retrieved from /home/airflow/.local/lib/python3.10/site-packages/airflow/example_dags/example_branch_day_of_week_operator.py
[2025-04-27T00:20:05.707+0000] {logging_mixin.py:190} INFO - [2025-04-27T00:20:05.707+0000] {dag.py:3239} INFO - Sync 1 DAGs
[2025-04-27T00:20:05.732+0000] {logging_mixin.py:190} INFO - [2025-04-27T00:20:05.731+0000] {dag.py:4180} INFO - Setting next_dagrun for example_weekday_branch_operator to 2025-04-26 00:00:00+00:00, run_after=2025-04-27 00:00:00+00:00
[2025-04-27T00:20:05.749+0000] {processor.py:208} INFO - Processing /home/airflow/.local/lib/python3.10/site-packages/airflow/example_dags/example_branch_day_of_week_operator.py took 0.079 seconds
[2025-04-27T00:20:36.664+0000] {processor.py:186} INFO - Started process (PID=22931) to work on /home/airflow/.local/lib/python3.10/site-packages/airflow/example_dags/example_branch_day_of_week_operator.py
[2025-04-27T00:20:36.666+0000] {processor.py:914} INFO - Processing file /home/airflow/.local/lib/python3.10/site-packages/airflow/example_dags/example_branch_day_of_week_operator.py for tasks to queue
[2025-04-27T00:20:36.670+0000] {logging_mixin.py:190} INFO - [2025-04-27T00:20:36.669+0000] {dagbag.py:588} INFO - Filling up the DagBag from /home/airflow/.local/lib/python3.10/site-packages/airflow/example_dags/example_branch_day_of_week_operator.py
[2025-04-27T00:20:36.680+0000] {processor.py:925} INFO - DAG(s) 'example_weekday_branch_operator' retrieved from /home/airflow/.local/lib/python3.10/site-packages/airflow/example_dags/example_branch_day_of_week_operator.py
[2025-04-27T00:20:36.700+0000] {logging_mixin.py:190} INFO - [2025-04-27T00:20:36.700+0000] {dag.py:3239} INFO - Sync 1 DAGs
[2025-04-27T00:20:36.724+0000] {logging_mixin.py:190} INFO - [2025-04-27T00:20:36.724+0000] {dag.py:4180} INFO - Setting next_dagrun for example_weekday_branch_operator to 2025-04-26 00:00:00+00:00, run_after=2025-04-27 00:00:00+00:00
[2025-04-27T00:20:36.749+0000] {processor.py:208} INFO - Processing /home/airflow/.local/lib/python3.10/site-packages/airflow/example_dags/example_branch_day_of_week_operator.py took 0.092 seconds
[2025-04-27T00:21:07.565+0000] {processor.py:186} INFO - Started process (PID=22997) to work on /home/airflow/.local/lib/python3.10/site-packages/airflow/example_dags/example_branch_day_of_week_operator.py
[2025-04-27T00:21:07.566+0000] {processor.py:914} INFO - Processing file /home/airflow/.local/lib/python3.10/site-packages/airflow/example_dags/example_branch_day_of_week_operator.py for tasks to queue
[2025-04-27T00:21:07.570+0000] {logging_mixin.py:190} INFO - [2025-04-27T00:21:07.569+0000] {dagbag.py:588} INFO - Filling up the DagBag from /home/airflow/.local/lib/python3.10/site-packages/airflow/example_dags/example_branch_day_of_week_operator.py
[2025-04-27T00:21:07.582+0000] {processor.py:925} INFO - DAG(s) 'example_weekday_branch_operator' retrieved from /home/airflow/.local/lib/python3.10/site-packages/airflow/example_dags/example_branch_day_of_week_operator.py
[2025-04-27T00:21:07.609+0000] {logging_mixin.py:190} INFO - [2025-04-27T00:21:07.609+0000] {dag.py:3239} INFO - Sync 1 DAGs
[2025-04-27T00:21:07.645+0000] {logging_mixin.py:190} INFO - [2025-04-27T00:21:07.645+0000] {dag.py:4180} INFO - Setting next_dagrun for example_weekday_branch_operator to 2025-04-26 00:00:00+00:00, run_after=2025-04-27 00:00:00+00:00
[2025-04-27T00:21:07.680+0000] {processor.py:208} INFO - Processing /home/airflow/.local/lib/python3.10/site-packages/airflow/example_dags/example_branch_day_of_week_operator.py took 0.122 seconds
[2025-04-27T00:21:38.838+0000] {processor.py:186} INFO - Started process (PID=23064) to work on /home/airflow/.local/lib/python3.10/site-packages/airflow/example_dags/example_branch_day_of_week_operator.py
[2025-04-27T00:21:38.839+0000] {processor.py:914} INFO - Processing file /home/airflow/.local/lib/python3.10/site-packages/airflow/example_dags/example_branch_day_of_week_operator.py for tasks to queue
[2025-04-27T00:21:38.843+0000] {logging_mixin.py:190} INFO - [2025-04-27T00:21:38.842+0000] {dagbag.py:588} INFO - Filling up the DagBag from /home/airflow/.local/lib/python3.10/site-packages/airflow/example_dags/example_branch_day_of_week_operator.py
[2025-04-27T00:21:38.856+0000] {processor.py:925} INFO - DAG(s) 'example_weekday_branch_operator' retrieved from /home/airflow/.local/lib/python3.10/site-packages/airflow/example_dags/example_branch_day_of_week_operator.py
[2025-04-27T00:21:38.884+0000] {logging_mixin.py:190} INFO - [2025-04-27T00:21:38.883+0000] {dag.py:3239} INFO - Sync 1 DAGs
[2025-04-27T00:21:38.915+0000] {logging_mixin.py:190} INFO - [2025-04-27T00:21:38.915+0000] {dag.py:4180} INFO - Setting next_dagrun for example_weekday_branch_operator to 2025-04-26 00:00:00+00:00, run_after=2025-04-27 00:00:00+00:00
[2025-04-27T00:21:38.945+0000] {processor.py:208} INFO - Processing /home/airflow/.local/lib/python3.10/site-packages/airflow/example_dags/example_branch_day_of_week_operator.py took 0.116 seconds
[2025-04-27T00:22:09.438+0000] {processor.py:186} INFO - Started process (PID=23129) to work on /home/airflow/.local/lib/python3.10/site-packages/airflow/example_dags/example_branch_day_of_week_operator.py
[2025-04-27T00:22:09.439+0000] {processor.py:914} INFO - Processing file /home/airflow/.local/lib/python3.10/site-packages/airflow/example_dags/example_branch_day_of_week_operator.py for tasks to queue
[2025-04-27T00:22:09.441+0000] {logging_mixin.py:190} INFO - [2025-04-27T00:22:09.441+0000] {dagbag.py:588} INFO - Filling up the DagBag from /home/airflow/.local/lib/python3.10/site-packages/airflow/example_dags/example_branch_day_of_week_operator.py
[2025-04-27T00:22:09.452+0000] {processor.py:925} INFO - DAG(s) 'example_weekday_branch_operator' retrieved from /home/airflow/.local/lib/python3.10/site-packages/airflow/example_dags/example_branch_day_of_week_operator.py
[2025-04-27T00:22:09.475+0000] {logging_mixin.py:190} INFO - [2025-04-27T00:22:09.475+0000] {dag.py:3239} INFO - Sync 1 DAGs
[2025-04-27T00:22:09.505+0000] {logging_mixin.py:190} INFO - [2025-04-27T00:22:09.505+0000] {dag.py:4180} INFO - Setting next_dagrun for example_weekday_branch_operator to 2025-04-26 00:00:00+00:00, run_after=2025-04-27 00:00:00+00:00
[2025-04-27T00:22:09.526+0000] {processor.py:208} INFO - Processing /home/airflow/.local/lib/python3.10/site-packages/airflow/example_dags/example_branch_day_of_week_operator.py took 0.096 seconds
[2025-04-27T00:22:39.948+0000] {processor.py:186} INFO - Started process (PID=23194) to work on /home/airflow/.local/lib/python3.10/site-packages/airflow/example_dags/example_branch_day_of_week_operator.py
[2025-04-27T00:22:39.949+0000] {processor.py:914} INFO - Processing file /home/airflow/.local/lib/python3.10/site-packages/airflow/example_dags/example_branch_day_of_week_operator.py for tasks to queue
[2025-04-27T00:22:39.952+0000] {logging_mixin.py:190} INFO - [2025-04-27T00:22:39.951+0000] {dagbag.py:588} INFO - Filling up the DagBag from /home/airflow/.local/lib/python3.10/site-packages/airflow/example_dags/example_branch_day_of_week_operator.py
[2025-04-27T00:22:39.961+0000] {processor.py:925} INFO - DAG(s) 'example_weekday_branch_operator' retrieved from /home/airflow/.local/lib/python3.10/site-packages/airflow/example_dags/example_branch_day_of_week_operator.py
[2025-04-27T00:22:39.985+0000] {logging_mixin.py:190} INFO - [2025-04-27T00:22:39.985+0000] {dag.py:3239} INFO - Sync 1 DAGs
[2025-04-27T00:22:40.010+0000] {logging_mixin.py:190} INFO - [2025-04-27T00:22:40.009+0000] {dag.py:4180} INFO - Setting next_dagrun for example_weekday_branch_operator to 2025-04-26 00:00:00+00:00, run_after=2025-04-27 00:00:00+00:00
[2025-04-27T00:22:40.030+0000] {processor.py:208} INFO - Processing /home/airflow/.local/lib/python3.10/site-packages/airflow/example_dags/example_branch_day_of_week_operator.py took 0.087 seconds
[2025-04-27T00:23:10.075+0000] {processor.py:186} INFO - Started process (PID=23259) to work on /home/airflow/.local/lib/python3.10/site-packages/airflow/example_dags/example_branch_day_of_week_operator.py
[2025-04-27T00:23:10.076+0000] {processor.py:914} INFO - Processing file /home/airflow/.local/lib/python3.10/site-packages/airflow/example_dags/example_branch_day_of_week_operator.py for tasks to queue
[2025-04-27T00:23:10.078+0000] {logging_mixin.py:190} INFO - [2025-04-27T00:23:10.078+0000] {dagbag.py:588} INFO - Filling up the DagBag from /home/airflow/.local/lib/python3.10/site-packages/airflow/example_dags/example_branch_day_of_week_operator.py
[2025-04-27T00:23:10.087+0000] {processor.py:925} INFO - DAG(s) 'example_weekday_branch_operator' retrieved from /home/airflow/.local/lib/python3.10/site-packages/airflow/example_dags/example_branch_day_of_week_operator.py
[2025-04-27T00:23:10.106+0000] {logging_mixin.py:190} INFO - [2025-04-27T00:23:10.105+0000] {dag.py:3239} INFO - Sync 1 DAGs
[2025-04-27T00:23:10.129+0000] {logging_mixin.py:190} INFO - [2025-04-27T00:23:10.128+0000] {dag.py:4180} INFO - Setting next_dagrun for example_weekday_branch_operator to 2025-04-26 00:00:00+00:00, run_after=2025-04-27 00:00:00+00:00
[2025-04-27T00:23:10.146+0000] {processor.py:208} INFO - Processing /home/airflow/.local/lib/python3.10/site-packages/airflow/example_dags/example_branch_day_of_week_operator.py took 0.076 seconds
[2025-04-27T00:23:40.423+0000] {processor.py:186} INFO - Started process (PID=23325) to work on /home/airflow/.local/lib/python3.10/site-packages/airflow/example_dags/example_branch_day_of_week_operator.py
[2025-04-27T00:23:40.424+0000] {processor.py:914} INFO - Processing file /home/airflow/.local/lib/python3.10/site-packages/airflow/example_dags/example_branch_day_of_week_operator.py for tasks to queue
[2025-04-27T00:23:40.426+0000] {logging_mixin.py:190} INFO - [2025-04-27T00:23:40.426+0000] {dagbag.py:588} INFO - Filling up the DagBag from /home/airflow/.local/lib/python3.10/site-packages/airflow/example_dags/example_branch_day_of_week_operator.py
[2025-04-27T00:23:40.436+0000] {processor.py:925} INFO - DAG(s) 'example_weekday_branch_operator' retrieved from /home/airflow/.local/lib/python3.10/site-packages/airflow/example_dags/example_branch_day_of_week_operator.py
[2025-04-27T00:23:40.456+0000] {logging_mixin.py:190} INFO - [2025-04-27T00:23:40.456+0000] {dag.py:3239} INFO - Sync 1 DAGs
[2025-04-27T00:23:40.481+0000] {logging_mixin.py:190} INFO - [2025-04-27T00:23:40.480+0000] {dag.py:4180} INFO - Setting next_dagrun for example_weekday_branch_operator to 2025-04-26 00:00:00+00:00, run_after=2025-04-27 00:00:00+00:00
[2025-04-27T00:23:40.499+0000] {processor.py:208} INFO - Processing /home/airflow/.local/lib/python3.10/site-packages/airflow/example_dags/example_branch_day_of_week_operator.py took 0.083 seconds
[2025-04-27T00:24:10.892+0000] {processor.py:186} INFO - Started process (PID=23391) to work on /home/airflow/.local/lib/python3.10/site-packages/airflow/example_dags/example_branch_day_of_week_operator.py
[2025-04-27T00:24:10.893+0000] {processor.py:914} INFO - Processing file /home/airflow/.local/lib/python3.10/site-packages/airflow/example_dags/example_branch_day_of_week_operator.py for tasks to queue
[2025-04-27T00:24:10.896+0000] {logging_mixin.py:190} INFO - [2025-04-27T00:24:10.896+0000] {dagbag.py:588} INFO - Filling up the DagBag from /home/airflow/.local/lib/python3.10/site-packages/airflow/example_dags/example_branch_day_of_week_operator.py
[2025-04-27T00:24:10.909+0000] {processor.py:925} INFO - DAG(s) 'example_weekday_branch_operator' retrieved from /home/airflow/.local/lib/python3.10/site-packages/airflow/example_dags/example_branch_day_of_week_operator.py
[2025-04-27T00:24:10.936+0000] {logging_mixin.py:190} INFO - [2025-04-27T00:24:10.936+0000] {dag.py:3239} INFO - Sync 1 DAGs
[2025-04-27T00:24:10.969+0000] {logging_mixin.py:190} INFO - [2025-04-27T00:24:10.968+0000] {dag.py:4180} INFO - Setting next_dagrun for example_weekday_branch_operator to 2025-04-26 00:00:00+00:00, run_after=2025-04-27 00:00:00+00:00
[2025-04-27T00:24:10.994+0000] {processor.py:208} INFO - Processing /home/airflow/.local/lib/python3.10/site-packages/airflow/example_dags/example_branch_day_of_week_operator.py took 0.111 seconds
[2025-04-27T00:24:41.050+0000] {processor.py:186} INFO - Started process (PID=23457) to work on /home/airflow/.local/lib/python3.10/site-packages/airflow/example_dags/example_branch_day_of_week_operator.py
[2025-04-27T00:24:41.051+0000] {processor.py:914} INFO - Processing file /home/airflow/.local/lib/python3.10/site-packages/airflow/example_dags/example_branch_day_of_week_operator.py for tasks to queue
[2025-04-27T00:24:41.053+0000] {logging_mixin.py:190} INFO - [2025-04-27T00:24:41.053+0000] {dagbag.py:588} INFO - Filling up the DagBag from /home/airflow/.local/lib/python3.10/site-packages/airflow/example_dags/example_branch_day_of_week_operator.py
[2025-04-27T00:24:41.062+0000] {processor.py:925} INFO - DAG(s) 'example_weekday_branch_operator' retrieved from /home/airflow/.local/lib/python3.10/site-packages/airflow/example_dags/example_branch_day_of_week_operator.py
[2025-04-27T00:24:41.082+0000] {logging_mixin.py:190} INFO - [2025-04-27T00:24:41.081+0000] {dag.py:3239} INFO - Sync 1 DAGs
[2025-04-27T00:24:41.103+0000] {logging_mixin.py:190} INFO - [2025-04-27T00:24:41.103+0000] {dag.py:4180} INFO - Setting next_dagrun for example_weekday_branch_operator to 2025-04-26 00:00:00+00:00, run_after=2025-04-27 00:00:00+00:00
[2025-04-27T00:24:41.121+0000] {processor.py:208} INFO - Processing /home/airflow/.local/lib/python3.10/site-packages/airflow/example_dags/example_branch_day_of_week_operator.py took 0.077 seconds
[2025-04-27T00:25:12.145+0000] {processor.py:186} INFO - Started process (PID=23523) to work on /home/airflow/.local/lib/python3.10/site-packages/airflow/example_dags/example_branch_day_of_week_operator.py
[2025-04-27T00:25:12.146+0000] {processor.py:914} INFO - Processing file /home/airflow/.local/lib/python3.10/site-packages/airflow/example_dags/example_branch_day_of_week_operator.py for tasks to queue
[2025-04-27T00:25:12.148+0000] {logging_mixin.py:190} INFO - [2025-04-27T00:25:12.148+0000] {dagbag.py:588} INFO - Filling up the DagBag from /home/airflow/.local/lib/python3.10/site-packages/airflow/example_dags/example_branch_day_of_week_operator.py
[2025-04-27T00:25:12.157+0000] {processor.py:925} INFO - DAG(s) 'example_weekday_branch_operator' retrieved from /home/airflow/.local/lib/python3.10/site-packages/airflow/example_dags/example_branch_day_of_week_operator.py
[2025-04-27T00:25:12.177+0000] {logging_mixin.py:190} INFO - [2025-04-27T00:25:12.177+0000] {dag.py:3239} INFO - Sync 1 DAGs
[2025-04-27T00:25:12.203+0000] {logging_mixin.py:190} INFO - [2025-04-27T00:25:12.203+0000] {dag.py:4180} INFO - Setting next_dagrun for example_weekday_branch_operator to 2025-04-26 00:00:00+00:00, run_after=2025-04-27 00:00:00+00:00
[2025-04-27T00:25:12.223+0000] {processor.py:208} INFO - Processing /home/airflow/.local/lib/python3.10/site-packages/airflow/example_dags/example_branch_day_of_week_operator.py took 0.083 seconds
