[2025-04-27T00:00:12.883+0000] {processor.py:186} INFO - Started process (PID=20277) to work on /home/airflow/.local/lib/python3.10/site-packages/airflow/example_dags/example_trigger_target_dag.py
[2025-04-27T00:00:12.885+0000] {processor.py:914} INFO - Processing file /home/airflow/.local/lib/python3.10/site-packages/airflow/example_dags/example_trigger_target_dag.py for tasks to queue
[2025-04-27T00:00:12.887+0000] {logging_mixin.py:190} INFO - [2025-04-27T00:00:12.887+0000] {dagbag.py:588} INFO - Filling up the DagBag from /home/airflow/.local/lib/python3.10/site-packages/airflow/example_dags/example_trigger_target_dag.py
[2025-04-27T00:00:12.895+0000] {processor.py:925} INFO - DAG(s) 'example_trigger_target_dag' retrieved from /home/airflow/.local/lib/python3.10/site-packages/airflow/example_dags/example_trigger_target_dag.py
[2025-04-27T00:00:12.915+0000] {logging_mixin.py:190} INFO - [2025-04-27T00:00:12.914+0000] {dag.py:3239} INFO - Sync 1 DAGs
[2025-04-27T00:00:12.930+0000] {logging_mixin.py:190} INFO - [2025-04-27T00:00:12.929+0000] {dag.py:4180} INFO - Setting next_dagrun for example_trigger_target_dag to None, run_after=None
[2025-04-27T00:00:12.953+0000] {processor.py:208} INFO - Processing /home/airflow/.local/lib/python3.10/site-packages/airflow/example_dags/example_trigger_target_dag.py took 0.077 seconds
[2025-04-27T00:00:43.328+0000] {processor.py:186} INFO - Started process (PID=20343) to work on /home/airflow/.local/lib/python3.10/site-packages/airflow/example_dags/example_trigger_target_dag.py
[2025-04-27T00:00:43.330+0000] {processor.py:914} INFO - Processing file /home/airflow/.local/lib/python3.10/site-packages/airflow/example_dags/example_trigger_target_dag.py for tasks to queue
[2025-04-27T00:00:43.333+0000] {logging_mixin.py:190} INFO - [2025-04-27T00:00:43.332+0000] {dagbag.py:588} INFO - Filling up the DagBag from /home/airflow/.local/lib/python3.10/site-packages/airflow/example_dags/example_trigger_target_dag.py
[2025-04-27T00:00:43.341+0000] {processor.py:925} INFO - DAG(s) 'example_trigger_target_dag' retrieved from /home/airflow/.local/lib/python3.10/site-packages/airflow/example_dags/example_trigger_target_dag.py
[2025-04-27T00:00:43.363+0000] {logging_mixin.py:190} INFO - [2025-04-27T00:00:43.363+0000] {dag.py:3239} INFO - Sync 1 DAGs
[2025-04-27T00:00:43.379+0000] {logging_mixin.py:190} INFO - [2025-04-27T00:00:43.378+0000] {dag.py:4180} INFO - Setting next_dagrun for example_trigger_target_dag to None, run_after=None
[2025-04-27T00:00:43.400+0000] {processor.py:208} INFO - Processing /home/airflow/.local/lib/python3.10/site-packages/airflow/example_dags/example_trigger_target_dag.py took 0.079 seconds
[2025-04-27T00:01:13.815+0000] {processor.py:186} INFO - Started process (PID=20409) to work on /home/airflow/.local/lib/python3.10/site-packages/airflow/example_dags/example_trigger_target_dag.py
[2025-04-27T00:01:13.817+0000] {processor.py:914} INFO - Processing file /home/airflow/.local/lib/python3.10/site-packages/airflow/example_dags/example_trigger_target_dag.py for tasks to queue
[2025-04-27T00:01:13.819+0000] {logging_mixin.py:190} INFO - [2025-04-27T00:01:13.819+0000] {dagbag.py:588} INFO - Filling up the DagBag from /home/airflow/.local/lib/python3.10/site-packages/airflow/example_dags/example_trigger_target_dag.py
[2025-04-27T00:01:13.830+0000] {processor.py:925} INFO - DAG(s) 'example_trigger_target_dag' retrieved from /home/airflow/.local/lib/python3.10/site-packages/airflow/example_dags/example_trigger_target_dag.py
[2025-04-27T00:01:13.852+0000] {logging_mixin.py:190} INFO - [2025-04-27T00:01:13.852+0000] {dag.py:3239} INFO - Sync 1 DAGs
[2025-04-27T00:01:13.867+0000] {logging_mixin.py:190} INFO - [2025-04-27T00:01:13.867+0000] {dag.py:4180} INFO - Setting next_dagrun for example_trigger_target_dag to None, run_after=None
[2025-04-27T00:01:13.890+0000] {processor.py:208} INFO - Processing /home/airflow/.local/lib/python3.10/site-packages/airflow/example_dags/example_trigger_target_dag.py took 0.082 seconds
[2025-04-27T00:01:44.025+0000] {processor.py:186} INFO - Started process (PID=20474) to work on /home/airflow/.local/lib/python3.10/site-packages/airflow/example_dags/example_trigger_target_dag.py
[2025-04-27T00:01:44.026+0000] {processor.py:914} INFO - Processing file /home/airflow/.local/lib/python3.10/site-packages/airflow/example_dags/example_trigger_target_dag.py for tasks to queue
[2025-04-27T00:01:44.028+0000] {logging_mixin.py:190} INFO - [2025-04-27T00:01:44.028+0000] {dagbag.py:588} INFO - Filling up the DagBag from /home/airflow/.local/lib/python3.10/site-packages/airflow/example_dags/example_trigger_target_dag.py
[2025-04-27T00:01:44.036+0000] {processor.py:925} INFO - DAG(s) 'example_trigger_target_dag' retrieved from /home/airflow/.local/lib/python3.10/site-packages/airflow/example_dags/example_trigger_target_dag.py
[2025-04-27T00:01:44.056+0000] {logging_mixin.py:190} INFO - [2025-04-27T00:01:44.056+0000] {dag.py:3239} INFO - Sync 1 DAGs
[2025-04-27T00:01:44.070+0000] {logging_mixin.py:190} INFO - [2025-04-27T00:01:44.070+0000] {dag.py:4180} INFO - Setting next_dagrun for example_trigger_target_dag to None, run_after=None
[2025-04-27T00:01:44.089+0000] {processor.py:208} INFO - Processing /home/airflow/.local/lib/python3.10/site-packages/airflow/example_dags/example_trigger_target_dag.py took 0.070 seconds
[2025-04-27T00:02:14.323+0000] {processor.py:186} INFO - Started process (PID=20540) to work on /home/airflow/.local/lib/python3.10/site-packages/airflow/example_dags/example_trigger_target_dag.py
[2025-04-27T00:02:14.324+0000] {processor.py:914} INFO - Processing file /home/airflow/.local/lib/python3.10/site-packages/airflow/example_dags/example_trigger_target_dag.py for tasks to queue
[2025-04-27T00:02:14.326+0000] {logging_mixin.py:190} INFO - [2025-04-27T00:02:14.326+0000] {dagbag.py:588} INFO - Filling up the DagBag from /home/airflow/.local/lib/python3.10/site-packages/airflow/example_dags/example_trigger_target_dag.py
[2025-04-27T00:02:14.334+0000] {processor.py:925} INFO - DAG(s) 'example_trigger_target_dag' retrieved from /home/airflow/.local/lib/python3.10/site-packages/airflow/example_dags/example_trigger_target_dag.py
[2025-04-27T00:02:14.354+0000] {logging_mixin.py:190} INFO - [2025-04-27T00:02:14.354+0000] {dag.py:3239} INFO - Sync 1 DAGs
[2025-04-27T00:02:14.368+0000] {logging_mixin.py:190} INFO - [2025-04-27T00:02:14.368+0000] {dag.py:4180} INFO - Setting next_dagrun for example_trigger_target_dag to None, run_after=None
[2025-04-27T00:02:14.389+0000] {processor.py:208} INFO - Processing /home/airflow/.local/lib/python3.10/site-packages/airflow/example_dags/example_trigger_target_dag.py took 0.072 seconds
[2025-04-27T00:02:44.528+0000] {processor.py:186} INFO - Started process (PID=20606) to work on /home/airflow/.local/lib/python3.10/site-packages/airflow/example_dags/example_trigger_target_dag.py
[2025-04-27T00:02:44.529+0000] {processor.py:914} INFO - Processing file /home/airflow/.local/lib/python3.10/site-packages/airflow/example_dags/example_trigger_target_dag.py for tasks to queue
[2025-04-27T00:02:44.531+0000] {logging_mixin.py:190} INFO - [2025-04-27T00:02:44.531+0000] {dagbag.py:588} INFO - Filling up the DagBag from /home/airflow/.local/lib/python3.10/site-packages/airflow/example_dags/example_trigger_target_dag.py
[2025-04-27T00:02:44.539+0000] {processor.py:925} INFO - DAG(s) 'example_trigger_target_dag' retrieved from /home/airflow/.local/lib/python3.10/site-packages/airflow/example_dags/example_trigger_target_dag.py
[2025-04-27T00:02:44.560+0000] {logging_mixin.py:190} INFO - [2025-04-27T00:02:44.560+0000] {dag.py:3239} INFO - Sync 1 DAGs
[2025-04-27T00:02:44.575+0000] {logging_mixin.py:190} INFO - [2025-04-27T00:02:44.575+0000] {dag.py:4180} INFO - Setting next_dagrun for example_trigger_target_dag to None, run_after=None
[2025-04-27T00:02:44.593+0000] {processor.py:208} INFO - Processing /home/airflow/.local/lib/python3.10/site-packages/airflow/example_dags/example_trigger_target_dag.py took 0.072 seconds
[2025-04-27T00:03:14.791+0000] {processor.py:186} INFO - Started process (PID=20671) to work on /home/airflow/.local/lib/python3.10/site-packages/airflow/example_dags/example_trigger_target_dag.py
[2025-04-27T00:03:14.793+0000] {processor.py:914} INFO - Processing file /home/airflow/.local/lib/python3.10/site-packages/airflow/example_dags/example_trigger_target_dag.py for tasks to queue
[2025-04-27T00:03:14.795+0000] {logging_mixin.py:190} INFO - [2025-04-27T00:03:14.795+0000] {dagbag.py:588} INFO - Filling up the DagBag from /home/airflow/.local/lib/python3.10/site-packages/airflow/example_dags/example_trigger_target_dag.py
[2025-04-27T00:03:14.804+0000] {processor.py:925} INFO - DAG(s) 'example_trigger_target_dag' retrieved from /home/airflow/.local/lib/python3.10/site-packages/airflow/example_dags/example_trigger_target_dag.py
[2025-04-27T00:03:14.826+0000] {logging_mixin.py:190} INFO - [2025-04-27T00:03:14.826+0000] {dag.py:3239} INFO - Sync 1 DAGs
[2025-04-27T00:03:14.842+0000] {logging_mixin.py:190} INFO - [2025-04-27T00:03:14.842+0000] {dag.py:4180} INFO - Setting next_dagrun for example_trigger_target_dag to None, run_after=None
[2025-04-27T00:03:14.864+0000] {processor.py:208} INFO - Processing /home/airflow/.local/lib/python3.10/site-packages/airflow/example_dags/example_trigger_target_dag.py took 0.079 seconds
[2025-04-27T00:03:45.138+0000] {processor.py:186} INFO - Started process (PID=20737) to work on /home/airflow/.local/lib/python3.10/site-packages/airflow/example_dags/example_trigger_target_dag.py
[2025-04-27T00:03:45.139+0000] {processor.py:914} INFO - Processing file /home/airflow/.local/lib/python3.10/site-packages/airflow/example_dags/example_trigger_target_dag.py for tasks to queue
[2025-04-27T00:03:45.141+0000] {logging_mixin.py:190} INFO - [2025-04-27T00:03:45.141+0000] {dagbag.py:588} INFO - Filling up the DagBag from /home/airflow/.local/lib/python3.10/site-packages/airflow/example_dags/example_trigger_target_dag.py
[2025-04-27T00:03:45.149+0000] {processor.py:925} INFO - DAG(s) 'example_trigger_target_dag' retrieved from /home/airflow/.local/lib/python3.10/site-packages/airflow/example_dags/example_trigger_target_dag.py
[2025-04-27T00:03:45.170+0000] {logging_mixin.py:190} INFO - [2025-04-27T00:03:45.169+0000] {dag.py:3239} INFO - Sync 1 DAGs
[2025-04-27T00:03:45.184+0000] {logging_mixin.py:190} INFO - [2025-04-27T00:03:45.184+0000] {dag.py:4180} INFO - Setting next_dagrun for example_trigger_target_dag to None, run_after=None
[2025-04-27T00:03:45.204+0000] {processor.py:208} INFO - Processing /home/airflow/.local/lib/python3.10/site-packages/airflow/example_dags/example_trigger_target_dag.py took 0.074 seconds
[2025-04-27T00:04:15.437+0000] {processor.py:186} INFO - Started process (PID=20803) to work on /home/airflow/.local/lib/python3.10/site-packages/airflow/example_dags/example_trigger_target_dag.py
[2025-04-27T00:04:15.438+0000] {processor.py:914} INFO - Processing file /home/airflow/.local/lib/python3.10/site-packages/airflow/example_dags/example_trigger_target_dag.py for tasks to queue
[2025-04-27T00:04:15.440+0000] {logging_mixin.py:190} INFO - [2025-04-27T00:04:15.440+0000] {dagbag.py:588} INFO - Filling up the DagBag from /home/airflow/.local/lib/python3.10/site-packages/airflow/example_dags/example_trigger_target_dag.py
[2025-04-27T00:04:15.447+0000] {processor.py:925} INFO - DAG(s) 'example_trigger_target_dag' retrieved from /home/airflow/.local/lib/python3.10/site-packages/airflow/example_dags/example_trigger_target_dag.py
[2025-04-27T00:04:15.465+0000] {logging_mixin.py:190} INFO - [2025-04-27T00:04:15.465+0000] {dag.py:3239} INFO - Sync 1 DAGs
[2025-04-27T00:04:15.477+0000] {logging_mixin.py:190} INFO - [2025-04-27T00:04:15.477+0000] {dag.py:4180} INFO - Setting next_dagrun for example_trigger_target_dag to None, run_after=None
[2025-04-27T00:04:15.494+0000] {processor.py:208} INFO - Processing /home/airflow/.local/lib/python3.10/site-packages/airflow/example_dags/example_trigger_target_dag.py took 0.063 seconds
[2025-04-27T00:04:45.838+0000] {processor.py:186} INFO - Started process (PID=20869) to work on /home/airflow/.local/lib/python3.10/site-packages/airflow/example_dags/example_trigger_target_dag.py
[2025-04-27T00:04:45.839+0000] {processor.py:914} INFO - Processing file /home/airflow/.local/lib/python3.10/site-packages/airflow/example_dags/example_trigger_target_dag.py for tasks to queue
[2025-04-27T00:04:45.842+0000] {logging_mixin.py:190} INFO - [2025-04-27T00:04:45.841+0000] {dagbag.py:588} INFO - Filling up the DagBag from /home/airflow/.local/lib/python3.10/site-packages/airflow/example_dags/example_trigger_target_dag.py
[2025-04-27T00:04:45.851+0000] {processor.py:925} INFO - DAG(s) 'example_trigger_target_dag' retrieved from /home/airflow/.local/lib/python3.10/site-packages/airflow/example_dags/example_trigger_target_dag.py
[2025-04-27T00:04:45.873+0000] {logging_mixin.py:190} INFO - [2025-04-27T00:04:45.873+0000] {dag.py:3239} INFO - Sync 1 DAGs
[2025-04-27T00:04:45.889+0000] {logging_mixin.py:190} INFO - [2025-04-27T00:04:45.888+0000] {dag.py:4180} INFO - Setting next_dagrun for example_trigger_target_dag to None, run_after=None
[2025-04-27T00:04:45.910+0000] {processor.py:208} INFO - Processing /home/airflow/.local/lib/python3.10/site-packages/airflow/example_dags/example_trigger_target_dag.py took 0.080 seconds
[2025-04-27T00:05:16.816+0000] {processor.py:186} INFO - Started process (PID=20935) to work on /home/airflow/.local/lib/python3.10/site-packages/airflow/example_dags/example_trigger_target_dag.py
[2025-04-27T00:05:16.817+0000] {processor.py:914} INFO - Processing file /home/airflow/.local/lib/python3.10/site-packages/airflow/example_dags/example_trigger_target_dag.py for tasks to queue
[2025-04-27T00:05:16.819+0000] {logging_mixin.py:190} INFO - [2025-04-27T00:05:16.819+0000] {dagbag.py:588} INFO - Filling up the DagBag from /home/airflow/.local/lib/python3.10/site-packages/airflow/example_dags/example_trigger_target_dag.py
[2025-04-27T00:05:16.827+0000] {processor.py:925} INFO - DAG(s) 'example_trigger_target_dag' retrieved from /home/airflow/.local/lib/python3.10/site-packages/airflow/example_dags/example_trigger_target_dag.py
[2025-04-27T00:05:16.849+0000] {logging_mixin.py:190} INFO - [2025-04-27T00:05:16.848+0000] {dag.py:3239} INFO - Sync 1 DAGs
[2025-04-27T00:05:16.864+0000] {logging_mixin.py:190} INFO - [2025-04-27T00:05:16.864+0000] {dag.py:4180} INFO - Setting next_dagrun for example_trigger_target_dag to None, run_after=None
[2025-04-27T00:05:16.883+0000] {processor.py:208} INFO - Processing /home/airflow/.local/lib/python3.10/site-packages/airflow/example_dags/example_trigger_target_dag.py took 0.074 seconds
[2025-04-27T00:05:47.146+0000] {processor.py:186} INFO - Started process (PID=21001) to work on /home/airflow/.local/lib/python3.10/site-packages/airflow/example_dags/example_trigger_target_dag.py
[2025-04-27T00:05:47.147+0000] {processor.py:914} INFO - Processing file /home/airflow/.local/lib/python3.10/site-packages/airflow/example_dags/example_trigger_target_dag.py for tasks to queue
[2025-04-27T00:05:47.149+0000] {logging_mixin.py:190} INFO - [2025-04-27T00:05:47.149+0000] {dagbag.py:588} INFO - Filling up the DagBag from /home/airflow/.local/lib/python3.10/site-packages/airflow/example_dags/example_trigger_target_dag.py
[2025-04-27T00:05:47.156+0000] {processor.py:925} INFO - DAG(s) 'example_trigger_target_dag' retrieved from /home/airflow/.local/lib/python3.10/site-packages/airflow/example_dags/example_trigger_target_dag.py
[2025-04-27T00:05:47.174+0000] {logging_mixin.py:190} INFO - [2025-04-27T00:05:47.174+0000] {dag.py:3239} INFO - Sync 1 DAGs
[2025-04-27T00:05:47.188+0000] {logging_mixin.py:190} INFO - [2025-04-27T00:05:47.187+0000] {dag.py:4180} INFO - Setting next_dagrun for example_trigger_target_dag to None, run_after=None
[2025-04-27T00:05:47.206+0000] {processor.py:208} INFO - Processing /home/airflow/.local/lib/python3.10/site-packages/airflow/example_dags/example_trigger_target_dag.py took 0.065 seconds
[2025-04-27T00:06:18.000+0000] {processor.py:186} INFO - Started process (PID=21067) to work on /home/airflow/.local/lib/python3.10/site-packages/airflow/example_dags/example_trigger_target_dag.py
[2025-04-27T00:06:18.001+0000] {processor.py:914} INFO - Processing file /home/airflow/.local/lib/python3.10/site-packages/airflow/example_dags/example_trigger_target_dag.py for tasks to queue
[2025-04-27T00:06:18.004+0000] {logging_mixin.py:190} INFO - [2025-04-27T00:06:18.004+0000] {dagbag.py:588} INFO - Filling up the DagBag from /home/airflow/.local/lib/python3.10/site-packages/airflow/example_dags/example_trigger_target_dag.py
[2025-04-27T00:06:18.013+0000] {processor.py:925} INFO - DAG(s) 'example_trigger_target_dag' retrieved from /home/airflow/.local/lib/python3.10/site-packages/airflow/example_dags/example_trigger_target_dag.py
[2025-04-27T00:06:18.035+0000] {logging_mixin.py:190} INFO - [2025-04-27T00:06:18.035+0000] {dag.py:3239} INFO - Sync 1 DAGs
[2025-04-27T00:06:18.053+0000] {logging_mixin.py:190} INFO - [2025-04-27T00:06:18.052+0000] {dag.py:4180} INFO - Setting next_dagrun for example_trigger_target_dag to None, run_after=None
[2025-04-27T00:06:18.076+0000] {processor.py:208} INFO - Processing /home/airflow/.local/lib/python3.10/site-packages/airflow/example_dags/example_trigger_target_dag.py took 0.083 seconds
[2025-04-27T00:06:48.223+0000] {processor.py:186} INFO - Started process (PID=21133) to work on /home/airflow/.local/lib/python3.10/site-packages/airflow/example_dags/example_trigger_target_dag.py
[2025-04-27T00:06:48.224+0000] {processor.py:914} INFO - Processing file /home/airflow/.local/lib/python3.10/site-packages/airflow/example_dags/example_trigger_target_dag.py for tasks to queue
[2025-04-27T00:06:48.226+0000] {logging_mixin.py:190} INFO - [2025-04-27T00:06:48.226+0000] {dagbag.py:588} INFO - Filling up the DagBag from /home/airflow/.local/lib/python3.10/site-packages/airflow/example_dags/example_trigger_target_dag.py
[2025-04-27T00:06:48.233+0000] {processor.py:925} INFO - DAG(s) 'example_trigger_target_dag' retrieved from /home/airflow/.local/lib/python3.10/site-packages/airflow/example_dags/example_trigger_target_dag.py
[2025-04-27T00:06:48.257+0000] {logging_mixin.py:190} INFO - [2025-04-27T00:06:48.257+0000] {dag.py:3239} INFO - Sync 1 DAGs
[2025-04-27T00:06:48.273+0000] {logging_mixin.py:190} INFO - [2025-04-27T00:06:48.273+0000] {dag.py:4180} INFO - Setting next_dagrun for example_trigger_target_dag to None, run_after=None
[2025-04-27T00:06:48.290+0000] {processor.py:208} INFO - Processing /home/airflow/.local/lib/python3.10/site-packages/airflow/example_dags/example_trigger_target_dag.py took 0.072 seconds
[2025-04-27T00:07:18.397+0000] {processor.py:186} INFO - Started process (PID=21198) to work on /home/airflow/.local/lib/python3.10/site-packages/airflow/example_dags/example_trigger_target_dag.py
[2025-04-27T00:07:18.399+0000] {processor.py:914} INFO - Processing file /home/airflow/.local/lib/python3.10/site-packages/airflow/example_dags/example_trigger_target_dag.py for tasks to queue
[2025-04-27T00:07:18.402+0000] {logging_mixin.py:190} INFO - [2025-04-27T00:07:18.401+0000] {dagbag.py:588} INFO - Filling up the DagBag from /home/airflow/.local/lib/python3.10/site-packages/airflow/example_dags/example_trigger_target_dag.py
[2025-04-27T00:07:18.412+0000] {processor.py:925} INFO - DAG(s) 'example_trigger_target_dag' retrieved from /home/airflow/.local/lib/python3.10/site-packages/airflow/example_dags/example_trigger_target_dag.py
[2025-04-27T00:07:18.431+0000] {logging_mixin.py:190} INFO - [2025-04-27T00:07:18.431+0000] {dag.py:3239} INFO - Sync 1 DAGs
[2025-04-27T00:07:18.445+0000] {logging_mixin.py:190} INFO - [2025-04-27T00:07:18.445+0000] {dag.py:4180} INFO - Setting next_dagrun for example_trigger_target_dag to None, run_after=None
[2025-04-27T00:07:18.463+0000] {processor.py:208} INFO - Processing /home/airflow/.local/lib/python3.10/site-packages/airflow/example_dags/example_trigger_target_dag.py took 0.074 seconds
[2025-04-27T00:07:48.555+0000] {processor.py:186} INFO - Started process (PID=21265) to work on /home/airflow/.local/lib/python3.10/site-packages/airflow/example_dags/example_trigger_target_dag.py
[2025-04-27T00:07:48.557+0000] {processor.py:914} INFO - Processing file /home/airflow/.local/lib/python3.10/site-packages/airflow/example_dags/example_trigger_target_dag.py for tasks to queue
[2025-04-27T00:07:48.559+0000] {logging_mixin.py:190} INFO - [2025-04-27T00:07:48.559+0000] {dagbag.py:588} INFO - Filling up the DagBag from /home/airflow/.local/lib/python3.10/site-packages/airflow/example_dags/example_trigger_target_dag.py
[2025-04-27T00:07:48.568+0000] {processor.py:925} INFO - DAG(s) 'example_trigger_target_dag' retrieved from /home/airflow/.local/lib/python3.10/site-packages/airflow/example_dags/example_trigger_target_dag.py
[2025-04-27T00:07:48.586+0000] {logging_mixin.py:190} INFO - [2025-04-27T00:07:48.586+0000] {dag.py:3239} INFO - Sync 1 DAGs
[2025-04-27T00:07:48.601+0000] {logging_mixin.py:190} INFO - [2025-04-27T00:07:48.601+0000] {dag.py:4180} INFO - Setting next_dagrun for example_trigger_target_dag to None, run_after=None
[2025-04-27T00:07:48.620+0000] {processor.py:208} INFO - Processing /home/airflow/.local/lib/python3.10/site-packages/airflow/example_dags/example_trigger_target_dag.py took 0.071 seconds
[2025-04-27T00:08:18.728+0000] {processor.py:186} INFO - Started process (PID=21331) to work on /home/airflow/.local/lib/python3.10/site-packages/airflow/example_dags/example_trigger_target_dag.py
[2025-04-27T00:08:18.729+0000] {processor.py:914} INFO - Processing file /home/airflow/.local/lib/python3.10/site-packages/airflow/example_dags/example_trigger_target_dag.py for tasks to queue
[2025-04-27T00:08:18.731+0000] {logging_mixin.py:190} INFO - [2025-04-27T00:08:18.731+0000] {dagbag.py:588} INFO - Filling up the DagBag from /home/airflow/.local/lib/python3.10/site-packages/airflow/example_dags/example_trigger_target_dag.py
[2025-04-27T00:08:18.739+0000] {processor.py:925} INFO - DAG(s) 'example_trigger_target_dag' retrieved from /home/airflow/.local/lib/python3.10/site-packages/airflow/example_dags/example_trigger_target_dag.py
[2025-04-27T00:08:18.757+0000] {logging_mixin.py:190} INFO - [2025-04-27T00:08:18.757+0000] {dag.py:3239} INFO - Sync 1 DAGs
[2025-04-27T00:08:18.771+0000] {logging_mixin.py:190} INFO - [2025-04-27T00:08:18.770+0000] {dag.py:4180} INFO - Setting next_dagrun for example_trigger_target_dag to None, run_after=None
[2025-04-27T00:08:18.790+0000] {processor.py:208} INFO - Processing /home/airflow/.local/lib/python3.10/site-packages/airflow/example_dags/example_trigger_target_dag.py took 0.069 seconds
[2025-04-27T00:08:49.145+0000] {processor.py:186} INFO - Started process (PID=21397) to work on /home/airflow/.local/lib/python3.10/site-packages/airflow/example_dags/example_trigger_target_dag.py
[2025-04-27T00:08:49.147+0000] {processor.py:914} INFO - Processing file /home/airflow/.local/lib/python3.10/site-packages/airflow/example_dags/example_trigger_target_dag.py for tasks to queue
[2025-04-27T00:08:49.150+0000] {logging_mixin.py:190} INFO - [2025-04-27T00:08:49.149+0000] {dagbag.py:588} INFO - Filling up the DagBag from /home/airflow/.local/lib/python3.10/site-packages/airflow/example_dags/example_trigger_target_dag.py
[2025-04-27T00:08:49.163+0000] {processor.py:925} INFO - DAG(s) 'example_trigger_target_dag' retrieved from /home/airflow/.local/lib/python3.10/site-packages/airflow/example_dags/example_trigger_target_dag.py
[2025-04-27T00:08:49.189+0000] {logging_mixin.py:190} INFO - [2025-04-27T00:08:49.189+0000] {dag.py:3239} INFO - Sync 1 DAGs
[2025-04-27T00:08:49.212+0000] {logging_mixin.py:190} INFO - [2025-04-27T00:08:49.211+0000] {dag.py:4180} INFO - Setting next_dagrun for example_trigger_target_dag to None, run_after=None
[2025-04-27T00:08:49.248+0000] {processor.py:208} INFO - Processing /home/airflow/.local/lib/python3.10/site-packages/airflow/example_dags/example_trigger_target_dag.py took 0.111 seconds
[2025-04-27T00:09:19.377+0000] {processor.py:186} INFO - Started process (PID=21463) to work on /home/airflow/.local/lib/python3.10/site-packages/airflow/example_dags/example_trigger_target_dag.py
[2025-04-27T00:09:19.378+0000] {processor.py:914} INFO - Processing file /home/airflow/.local/lib/python3.10/site-packages/airflow/example_dags/example_trigger_target_dag.py for tasks to queue
[2025-04-27T00:09:19.381+0000] {logging_mixin.py:190} INFO - [2025-04-27T00:09:19.380+0000] {dagbag.py:588} INFO - Filling up the DagBag from /home/airflow/.local/lib/python3.10/site-packages/airflow/example_dags/example_trigger_target_dag.py
[2025-04-27T00:09:19.389+0000] {processor.py:925} INFO - DAG(s) 'example_trigger_target_dag' retrieved from /home/airflow/.local/lib/python3.10/site-packages/airflow/example_dags/example_trigger_target_dag.py
[2025-04-27T00:09:19.411+0000] {logging_mixin.py:190} INFO - [2025-04-27T00:09:19.411+0000] {dag.py:3239} INFO - Sync 1 DAGs
[2025-04-27T00:09:19.427+0000] {logging_mixin.py:190} INFO - [2025-04-27T00:09:19.427+0000] {dag.py:4180} INFO - Setting next_dagrun for example_trigger_target_dag to None, run_after=None
[2025-04-27T00:09:19.451+0000] {processor.py:208} INFO - Processing /home/airflow/.local/lib/python3.10/site-packages/airflow/example_dags/example_trigger_target_dag.py took 0.081 seconds
[2025-04-27T00:09:49.757+0000] {processor.py:186} INFO - Started process (PID=21529) to work on /home/airflow/.local/lib/python3.10/site-packages/airflow/example_dags/example_trigger_target_dag.py
[2025-04-27T00:09:49.758+0000] {processor.py:914} INFO - Processing file /home/airflow/.local/lib/python3.10/site-packages/airflow/example_dags/example_trigger_target_dag.py for tasks to queue
[2025-04-27T00:09:49.760+0000] {logging_mixin.py:190} INFO - [2025-04-27T00:09:49.760+0000] {dagbag.py:588} INFO - Filling up the DagBag from /home/airflow/.local/lib/python3.10/site-packages/airflow/example_dags/example_trigger_target_dag.py
[2025-04-27T00:09:49.767+0000] {processor.py:925} INFO - DAG(s) 'example_trigger_target_dag' retrieved from /home/airflow/.local/lib/python3.10/site-packages/airflow/example_dags/example_trigger_target_dag.py
[2025-04-27T00:09:49.785+0000] {logging_mixin.py:190} INFO - [2025-04-27T00:09:49.785+0000] {dag.py:3239} INFO - Sync 1 DAGs
[2025-04-27T00:09:49.798+0000] {logging_mixin.py:190} INFO - [2025-04-27T00:09:49.798+0000] {dag.py:4180} INFO - Setting next_dagrun for example_trigger_target_dag to None, run_after=None
[2025-04-27T00:09:49.817+0000] {processor.py:208} INFO - Processing /home/airflow/.local/lib/python3.10/site-packages/airflow/example_dags/example_trigger_target_dag.py took 0.067 seconds
[2025-04-27T00:10:19.994+0000] {processor.py:186} INFO - Started process (PID=21595) to work on /home/airflow/.local/lib/python3.10/site-packages/airflow/example_dags/example_trigger_target_dag.py
[2025-04-27T00:10:19.995+0000] {processor.py:914} INFO - Processing file /home/airflow/.local/lib/python3.10/site-packages/airflow/example_dags/example_trigger_target_dag.py for tasks to queue
[2025-04-27T00:10:19.998+0000] {logging_mixin.py:190} INFO - [2025-04-27T00:10:19.997+0000] {dagbag.py:588} INFO - Filling up the DagBag from /home/airflow/.local/lib/python3.10/site-packages/airflow/example_dags/example_trigger_target_dag.py
[2025-04-27T00:10:20.006+0000] {processor.py:925} INFO - DAG(s) 'example_trigger_target_dag' retrieved from /home/airflow/.local/lib/python3.10/site-packages/airflow/example_dags/example_trigger_target_dag.py
[2025-04-27T00:10:20.025+0000] {logging_mixin.py:190} INFO - [2025-04-27T00:10:20.025+0000] {dag.py:3239} INFO - Sync 1 DAGs
[2025-04-27T00:10:20.040+0000] {logging_mixin.py:190} INFO - [2025-04-27T00:10:20.039+0000] {dag.py:4180} INFO - Setting next_dagrun for example_trigger_target_dag to None, run_after=None
[2025-04-27T00:10:20.060+0000] {processor.py:208} INFO - Processing /home/airflow/.local/lib/python3.10/site-packages/airflow/example_dags/example_trigger_target_dag.py took 0.072 seconds
[2025-04-27T00:10:50.487+0000] {processor.py:186} INFO - Started process (PID=21661) to work on /home/airflow/.local/lib/python3.10/site-packages/airflow/example_dags/example_trigger_target_dag.py
[2025-04-27T00:10:50.489+0000] {processor.py:914} INFO - Processing file /home/airflow/.local/lib/python3.10/site-packages/airflow/example_dags/example_trigger_target_dag.py for tasks to queue
[2025-04-27T00:10:50.491+0000] {logging_mixin.py:190} INFO - [2025-04-27T00:10:50.490+0000] {dagbag.py:588} INFO - Filling up the DagBag from /home/airflow/.local/lib/python3.10/site-packages/airflow/example_dags/example_trigger_target_dag.py
[2025-04-27T00:10:50.498+0000] {processor.py:925} INFO - DAG(s) 'example_trigger_target_dag' retrieved from /home/airflow/.local/lib/python3.10/site-packages/airflow/example_dags/example_trigger_target_dag.py
[2025-04-27T00:10:50.520+0000] {logging_mixin.py:190} INFO - [2025-04-27T00:10:50.520+0000] {dag.py:3239} INFO - Sync 1 DAGs
[2025-04-27T00:10:50.537+0000] {logging_mixin.py:190} INFO - [2025-04-27T00:10:50.537+0000] {dag.py:4180} INFO - Setting next_dagrun for example_trigger_target_dag to None, run_after=None
[2025-04-27T00:10:50.560+0000] {processor.py:208} INFO - Processing /home/airflow/.local/lib/python3.10/site-packages/airflow/example_dags/example_trigger_target_dag.py took 0.079 seconds
[2025-04-27T00:11:21.070+0000] {processor.py:186} INFO - Started process (PID=21727) to work on /home/airflow/.local/lib/python3.10/site-packages/airflow/example_dags/example_trigger_target_dag.py
[2025-04-27T00:11:21.071+0000] {processor.py:914} INFO - Processing file /home/airflow/.local/lib/python3.10/site-packages/airflow/example_dags/example_trigger_target_dag.py for tasks to queue
[2025-04-27T00:11:21.074+0000] {logging_mixin.py:190} INFO - [2025-04-27T00:11:21.073+0000] {dagbag.py:588} INFO - Filling up the DagBag from /home/airflow/.local/lib/python3.10/site-packages/airflow/example_dags/example_trigger_target_dag.py
[2025-04-27T00:11:21.083+0000] {processor.py:925} INFO - DAG(s) 'example_trigger_target_dag' retrieved from /home/airflow/.local/lib/python3.10/site-packages/airflow/example_dags/example_trigger_target_dag.py
[2025-04-27T00:11:21.104+0000] {logging_mixin.py:190} INFO - [2025-04-27T00:11:21.104+0000] {dag.py:3239} INFO - Sync 1 DAGs
[2025-04-27T00:11:21.119+0000] {logging_mixin.py:190} INFO - [2025-04-27T00:11:21.119+0000] {dag.py:4180} INFO - Setting next_dagrun for example_trigger_target_dag to None, run_after=None
[2025-04-27T00:11:21.144+0000] {processor.py:208} INFO - Processing /home/airflow/.local/lib/python3.10/site-packages/airflow/example_dags/example_trigger_target_dag.py took 0.081 seconds
[2025-04-27T00:11:52.201+0000] {processor.py:186} INFO - Started process (PID=21799) to work on /home/airflow/.local/lib/python3.10/site-packages/airflow/example_dags/example_trigger_target_dag.py
[2025-04-27T00:11:52.202+0000] {processor.py:914} INFO - Processing file /home/airflow/.local/lib/python3.10/site-packages/airflow/example_dags/example_trigger_target_dag.py for tasks to queue
[2025-04-27T00:11:52.205+0000] {logging_mixin.py:190} INFO - [2025-04-27T00:11:52.205+0000] {dagbag.py:588} INFO - Filling up the DagBag from /home/airflow/.local/lib/python3.10/site-packages/airflow/example_dags/example_trigger_target_dag.py
[2025-04-27T00:11:52.213+0000] {processor.py:925} INFO - DAG(s) 'example_trigger_target_dag' retrieved from /home/airflow/.local/lib/python3.10/site-packages/airflow/example_dags/example_trigger_target_dag.py
[2025-04-27T00:11:52.237+0000] {logging_mixin.py:190} INFO - [2025-04-27T00:11:52.236+0000] {dag.py:3239} INFO - Sync 1 DAGs
[2025-04-27T00:11:52.253+0000] {logging_mixin.py:190} INFO - [2025-04-27T00:11:52.253+0000] {dag.py:4180} INFO - Setting next_dagrun for example_trigger_target_dag to None, run_after=None
[2025-04-27T00:11:52.274+0000] {processor.py:208} INFO - Processing /home/airflow/.local/lib/python3.10/site-packages/airflow/example_dags/example_trigger_target_dag.py took 0.080 seconds
[2025-04-27T00:12:22.580+0000] {processor.py:186} INFO - Started process (PID=21865) to work on /home/airflow/.local/lib/python3.10/site-packages/airflow/example_dags/example_trigger_target_dag.py
[2025-04-27T00:12:22.581+0000] {processor.py:914} INFO - Processing file /home/airflow/.local/lib/python3.10/site-packages/airflow/example_dags/example_trigger_target_dag.py for tasks to queue
[2025-04-27T00:12:22.583+0000] {logging_mixin.py:190} INFO - [2025-04-27T00:12:22.583+0000] {dagbag.py:588} INFO - Filling up the DagBag from /home/airflow/.local/lib/python3.10/site-packages/airflow/example_dags/example_trigger_target_dag.py
[2025-04-27T00:12:22.592+0000] {processor.py:925} INFO - DAG(s) 'example_trigger_target_dag' retrieved from /home/airflow/.local/lib/python3.10/site-packages/airflow/example_dags/example_trigger_target_dag.py
[2025-04-27T00:12:22.612+0000] {logging_mixin.py:190} INFO - [2025-04-27T00:12:22.611+0000] {dag.py:3239} INFO - Sync 1 DAGs
[2025-04-27T00:12:22.626+0000] {logging_mixin.py:190} INFO - [2025-04-27T00:12:22.625+0000] {dag.py:4180} INFO - Setting next_dagrun for example_trigger_target_dag to None, run_after=None
[2025-04-27T00:12:22.645+0000] {processor.py:208} INFO - Processing /home/airflow/.local/lib/python3.10/site-packages/airflow/example_dags/example_trigger_target_dag.py took 0.072 seconds
[2025-04-27T00:12:53.241+0000] {processor.py:186} INFO - Started process (PID=21931) to work on /home/airflow/.local/lib/python3.10/site-packages/airflow/example_dags/example_trigger_target_dag.py
[2025-04-27T00:12:53.242+0000] {processor.py:914} INFO - Processing file /home/airflow/.local/lib/python3.10/site-packages/airflow/example_dags/example_trigger_target_dag.py for tasks to queue
[2025-04-27T00:12:53.245+0000] {logging_mixin.py:190} INFO - [2025-04-27T00:12:53.245+0000] {dagbag.py:588} INFO - Filling up the DagBag from /home/airflow/.local/lib/python3.10/site-packages/airflow/example_dags/example_trigger_target_dag.py
[2025-04-27T00:12:53.257+0000] {processor.py:925} INFO - DAG(s) 'example_trigger_target_dag' retrieved from /home/airflow/.local/lib/python3.10/site-packages/airflow/example_dags/example_trigger_target_dag.py
[2025-04-27T00:12:53.283+0000] {logging_mixin.py:190} INFO - [2025-04-27T00:12:53.283+0000] {dag.py:3239} INFO - Sync 1 DAGs
[2025-04-27T00:12:53.299+0000] {logging_mixin.py:190} INFO - [2025-04-27T00:12:53.299+0000] {dag.py:4180} INFO - Setting next_dagrun for example_trigger_target_dag to None, run_after=None
[2025-04-27T00:12:53.325+0000] {processor.py:208} INFO - Processing /home/airflow/.local/lib/python3.10/site-packages/airflow/example_dags/example_trigger_target_dag.py took 0.092 seconds
[2025-04-27T00:13:23.619+0000] {processor.py:186} INFO - Started process (PID=21997) to work on /home/airflow/.local/lib/python3.10/site-packages/airflow/example_dags/example_trigger_target_dag.py
[2025-04-27T00:13:23.620+0000] {processor.py:914} INFO - Processing file /home/airflow/.local/lib/python3.10/site-packages/airflow/example_dags/example_trigger_target_dag.py for tasks to queue
[2025-04-27T00:13:23.623+0000] {logging_mixin.py:190} INFO - [2025-04-27T00:13:23.622+0000] {dagbag.py:588} INFO - Filling up the DagBag from /home/airflow/.local/lib/python3.10/site-packages/airflow/example_dags/example_trigger_target_dag.py
[2025-04-27T00:13:23.634+0000] {processor.py:925} INFO - DAG(s) 'example_trigger_target_dag' retrieved from /home/airflow/.local/lib/python3.10/site-packages/airflow/example_dags/example_trigger_target_dag.py
[2025-04-27T00:13:23.662+0000] {logging_mixin.py:190} INFO - [2025-04-27T00:13:23.661+0000] {dag.py:3239} INFO - Sync 1 DAGs
[2025-04-27T00:13:23.682+0000] {logging_mixin.py:190} INFO - [2025-04-27T00:13:23.682+0000] {dag.py:4180} INFO - Setting next_dagrun for example_trigger_target_dag to None, run_after=None
[2025-04-27T00:13:23.710+0000] {processor.py:208} INFO - Processing /home/airflow/.local/lib/python3.10/site-packages/airflow/example_dags/example_trigger_target_dag.py took 0.099 seconds
[2025-04-27T00:13:53.908+0000] {processor.py:186} INFO - Started process (PID=22064) to work on /home/airflow/.local/lib/python3.10/site-packages/airflow/example_dags/example_trigger_target_dag.py
[2025-04-27T00:13:53.909+0000] {processor.py:914} INFO - Processing file /home/airflow/.local/lib/python3.10/site-packages/airflow/example_dags/example_trigger_target_dag.py for tasks to queue
[2025-04-27T00:13:53.911+0000] {logging_mixin.py:190} INFO - [2025-04-27T00:13:53.911+0000] {dagbag.py:588} INFO - Filling up the DagBag from /home/airflow/.local/lib/python3.10/site-packages/airflow/example_dags/example_trigger_target_dag.py
[2025-04-27T00:13:53.919+0000] {processor.py:925} INFO - DAG(s) 'example_trigger_target_dag' retrieved from /home/airflow/.local/lib/python3.10/site-packages/airflow/example_dags/example_trigger_target_dag.py
[2025-04-27T00:13:53.939+0000] {logging_mixin.py:190} INFO - [2025-04-27T00:13:53.938+0000] {dag.py:3239} INFO - Sync 1 DAGs
[2025-04-27T00:13:53.957+0000] {logging_mixin.py:190} INFO - [2025-04-27T00:13:53.956+0000] {dag.py:4180} INFO - Setting next_dagrun for example_trigger_target_dag to None, run_after=None
[2025-04-27T00:13:53.978+0000] {processor.py:208} INFO - Processing /home/airflow/.local/lib/python3.10/site-packages/airflow/example_dags/example_trigger_target_dag.py took 0.076 seconds
[2025-04-27T00:14:24.566+0000] {processor.py:186} INFO - Started process (PID=22130) to work on /home/airflow/.local/lib/python3.10/site-packages/airflow/example_dags/example_trigger_target_dag.py
[2025-04-27T00:14:24.568+0000] {processor.py:914} INFO - Processing file /home/airflow/.local/lib/python3.10/site-packages/airflow/example_dags/example_trigger_target_dag.py for tasks to queue
[2025-04-27T00:14:24.570+0000] {logging_mixin.py:190} INFO - [2025-04-27T00:14:24.570+0000] {dagbag.py:588} INFO - Filling up the DagBag from /home/airflow/.local/lib/python3.10/site-packages/airflow/example_dags/example_trigger_target_dag.py
[2025-04-27T00:14:24.577+0000] {processor.py:925} INFO - DAG(s) 'example_trigger_target_dag' retrieved from /home/airflow/.local/lib/python3.10/site-packages/airflow/example_dags/example_trigger_target_dag.py
[2025-04-27T00:14:24.597+0000] {logging_mixin.py:190} INFO - [2025-04-27T00:14:24.596+0000] {dag.py:3239} INFO - Sync 1 DAGs
[2025-04-27T00:14:24.611+0000] {logging_mixin.py:190} INFO - [2025-04-27T00:14:24.611+0000] {dag.py:4180} INFO - Setting next_dagrun for example_trigger_target_dag to None, run_after=None
[2025-04-27T00:14:24.631+0000] {processor.py:208} INFO - Processing /home/airflow/.local/lib/python3.10/site-packages/airflow/example_dags/example_trigger_target_dag.py took 0.072 seconds
[2025-04-27T00:14:54.753+0000] {processor.py:186} INFO - Started process (PID=22196) to work on /home/airflow/.local/lib/python3.10/site-packages/airflow/example_dags/example_trigger_target_dag.py
[2025-04-27T00:14:54.755+0000] {processor.py:914} INFO - Processing file /home/airflow/.local/lib/python3.10/site-packages/airflow/example_dags/example_trigger_target_dag.py for tasks to queue
[2025-04-27T00:14:54.757+0000] {logging_mixin.py:190} INFO - [2025-04-27T00:14:54.757+0000] {dagbag.py:588} INFO - Filling up the DagBag from /home/airflow/.local/lib/python3.10/site-packages/airflow/example_dags/example_trigger_target_dag.py
[2025-04-27T00:14:54.765+0000] {processor.py:925} INFO - DAG(s) 'example_trigger_target_dag' retrieved from /home/airflow/.local/lib/python3.10/site-packages/airflow/example_dags/example_trigger_target_dag.py
[2025-04-27T00:14:54.787+0000] {logging_mixin.py:190} INFO - [2025-04-27T00:14:54.787+0000] {dag.py:3239} INFO - Sync 1 DAGs
[2025-04-27T00:14:54.802+0000] {logging_mixin.py:190} INFO - [2025-04-27T00:14:54.802+0000] {dag.py:4180} INFO - Setting next_dagrun for example_trigger_target_dag to None, run_after=None
[2025-04-27T00:14:54.824+0000] {processor.py:208} INFO - Processing /home/airflow/.local/lib/python3.10/site-packages/airflow/example_dags/example_trigger_target_dag.py took 0.077 seconds
[2025-04-27T00:15:25.098+0000] {processor.py:186} INFO - Started process (PID=22262) to work on /home/airflow/.local/lib/python3.10/site-packages/airflow/example_dags/example_trigger_target_dag.py
[2025-04-27T00:15:25.100+0000] {processor.py:914} INFO - Processing file /home/airflow/.local/lib/python3.10/site-packages/airflow/example_dags/example_trigger_target_dag.py for tasks to queue
[2025-04-27T00:15:25.103+0000] {logging_mixin.py:190} INFO - [2025-04-27T00:15:25.102+0000] {dagbag.py:588} INFO - Filling up the DagBag from /home/airflow/.local/lib/python3.10/site-packages/airflow/example_dags/example_trigger_target_dag.py
[2025-04-27T00:15:25.113+0000] {processor.py:925} INFO - DAG(s) 'example_trigger_target_dag' retrieved from /home/airflow/.local/lib/python3.10/site-packages/airflow/example_dags/example_trigger_target_dag.py
[2025-04-27T00:15:25.141+0000] {logging_mixin.py:190} INFO - [2025-04-27T00:15:25.140+0000] {dag.py:3239} INFO - Sync 1 DAGs
[2025-04-27T00:15:25.161+0000] {logging_mixin.py:190} INFO - [2025-04-27T00:15:25.160+0000] {dag.py:4180} INFO - Setting next_dagrun for example_trigger_target_dag to None, run_after=None
[2025-04-27T00:15:25.190+0000] {processor.py:208} INFO - Processing /home/airflow/.local/lib/python3.10/site-packages/airflow/example_dags/example_trigger_target_dag.py took 0.099 seconds
[2025-04-27T00:15:55.787+0000] {processor.py:186} INFO - Started process (PID=22328) to work on /home/airflow/.local/lib/python3.10/site-packages/airflow/example_dags/example_trigger_target_dag.py
[2025-04-27T00:15:55.788+0000] {processor.py:914} INFO - Processing file /home/airflow/.local/lib/python3.10/site-packages/airflow/example_dags/example_trigger_target_dag.py for tasks to queue
[2025-04-27T00:15:55.792+0000] {logging_mixin.py:190} INFO - [2025-04-27T00:15:55.792+0000] {dagbag.py:588} INFO - Filling up the DagBag from /home/airflow/.local/lib/python3.10/site-packages/airflow/example_dags/example_trigger_target_dag.py
[2025-04-27T00:15:55.802+0000] {processor.py:925} INFO - DAG(s) 'example_trigger_target_dag' retrieved from /home/airflow/.local/lib/python3.10/site-packages/airflow/example_dags/example_trigger_target_dag.py
[2025-04-27T00:15:55.832+0000] {logging_mixin.py:190} INFO - [2025-04-27T00:15:55.832+0000] {dag.py:3239} INFO - Sync 1 DAGs
[2025-04-27T00:15:55.863+0000] {logging_mixin.py:190} INFO - [2025-04-27T00:15:55.862+0000] {dag.py:4180} INFO - Setting next_dagrun for example_trigger_target_dag to None, run_after=None
[2025-04-27T00:15:55.893+0000] {processor.py:208} INFO - Processing /home/airflow/.local/lib/python3.10/site-packages/airflow/example_dags/example_trigger_target_dag.py took 0.117 seconds
[2025-04-27T00:16:26.596+0000] {processor.py:186} INFO - Started process (PID=22394) to work on /home/airflow/.local/lib/python3.10/site-packages/airflow/example_dags/example_trigger_target_dag.py
[2025-04-27T00:16:26.597+0000] {processor.py:914} INFO - Processing file /home/airflow/.local/lib/python3.10/site-packages/airflow/example_dags/example_trigger_target_dag.py for tasks to queue
[2025-04-27T00:16:26.599+0000] {logging_mixin.py:190} INFO - [2025-04-27T00:16:26.599+0000] {dagbag.py:588} INFO - Filling up the DagBag from /home/airflow/.local/lib/python3.10/site-packages/airflow/example_dags/example_trigger_target_dag.py
[2025-04-27T00:16:26.608+0000] {processor.py:925} INFO - DAG(s) 'example_trigger_target_dag' retrieved from /home/airflow/.local/lib/python3.10/site-packages/airflow/example_dags/example_trigger_target_dag.py
[2025-04-27T00:16:26.630+0000] {logging_mixin.py:190} INFO - [2025-04-27T00:16:26.629+0000] {dag.py:3239} INFO - Sync 1 DAGs
[2025-04-27T00:16:26.647+0000] {logging_mixin.py:190} INFO - [2025-04-27T00:16:26.647+0000] {dag.py:4180} INFO - Setting next_dagrun for example_trigger_target_dag to None, run_after=None
[2025-04-27T00:16:26.674+0000] {processor.py:208} INFO - Processing /home/airflow/.local/lib/python3.10/site-packages/airflow/example_dags/example_trigger_target_dag.py took 0.086 seconds
[2025-04-27T00:16:57.262+0000] {processor.py:186} INFO - Started process (PID=22459) to work on /home/airflow/.local/lib/python3.10/site-packages/airflow/example_dags/example_trigger_target_dag.py
[2025-04-27T00:16:57.264+0000] {processor.py:914} INFO - Processing file /home/airflow/.local/lib/python3.10/site-packages/airflow/example_dags/example_trigger_target_dag.py for tasks to queue
[2025-04-27T00:16:57.266+0000] {logging_mixin.py:190} INFO - [2025-04-27T00:16:57.266+0000] {dagbag.py:588} INFO - Filling up the DagBag from /home/airflow/.local/lib/python3.10/site-packages/airflow/example_dags/example_trigger_target_dag.py
[2025-04-27T00:16:57.274+0000] {processor.py:925} INFO - DAG(s) 'example_trigger_target_dag' retrieved from /home/airflow/.local/lib/python3.10/site-packages/airflow/example_dags/example_trigger_target_dag.py
[2025-04-27T00:16:57.299+0000] {logging_mixin.py:190} INFO - [2025-04-27T00:16:57.298+0000] {dag.py:3239} INFO - Sync 1 DAGs
[2025-04-27T00:16:57.317+0000] {logging_mixin.py:190} INFO - [2025-04-27T00:16:57.317+0000] {dag.py:4180} INFO - Setting next_dagrun for example_trigger_target_dag to None, run_after=None
[2025-04-27T00:16:57.349+0000] {processor.py:208} INFO - Processing /home/airflow/.local/lib/python3.10/site-packages/airflow/example_dags/example_trigger_target_dag.py took 0.093 seconds
[2025-04-27T00:17:27.979+0000] {processor.py:186} INFO - Started process (PID=22525) to work on /home/airflow/.local/lib/python3.10/site-packages/airflow/example_dags/example_trigger_target_dag.py
[2025-04-27T00:17:27.980+0000] {processor.py:914} INFO - Processing file /home/airflow/.local/lib/python3.10/site-packages/airflow/example_dags/example_trigger_target_dag.py for tasks to queue
[2025-04-27T00:17:27.983+0000] {logging_mixin.py:190} INFO - [2025-04-27T00:17:27.983+0000] {dagbag.py:588} INFO - Filling up the DagBag from /home/airflow/.local/lib/python3.10/site-packages/airflow/example_dags/example_trigger_target_dag.py
[2025-04-27T00:17:27.991+0000] {processor.py:925} INFO - DAG(s) 'example_trigger_target_dag' retrieved from /home/airflow/.local/lib/python3.10/site-packages/airflow/example_dags/example_trigger_target_dag.py
[2025-04-27T00:17:28.016+0000] {logging_mixin.py:190} INFO - [2025-04-27T00:17:28.016+0000] {dag.py:3239} INFO - Sync 1 DAGs
[2025-04-27T00:17:28.032+0000] {logging_mixin.py:190} INFO - [2025-04-27T00:17:28.032+0000] {dag.py:4180} INFO - Setting next_dagrun for example_trigger_target_dag to None, run_after=None
[2025-04-27T00:17:28.053+0000] {processor.py:208} INFO - Processing /home/airflow/.local/lib/python3.10/site-packages/airflow/example_dags/example_trigger_target_dag.py took 0.081 seconds
[2025-04-27T00:17:58.665+0000] {processor.py:186} INFO - Started process (PID=22590) to work on /home/airflow/.local/lib/python3.10/site-packages/airflow/example_dags/example_trigger_target_dag.py
[2025-04-27T00:17:58.667+0000] {processor.py:914} INFO - Processing file /home/airflow/.local/lib/python3.10/site-packages/airflow/example_dags/example_trigger_target_dag.py for tasks to queue
[2025-04-27T00:17:58.669+0000] {logging_mixin.py:190} INFO - [2025-04-27T00:17:58.669+0000] {dagbag.py:588} INFO - Filling up the DagBag from /home/airflow/.local/lib/python3.10/site-packages/airflow/example_dags/example_trigger_target_dag.py
[2025-04-27T00:17:58.677+0000] {processor.py:925} INFO - DAG(s) 'example_trigger_target_dag' retrieved from /home/airflow/.local/lib/python3.10/site-packages/airflow/example_dags/example_trigger_target_dag.py
[2025-04-27T00:17:58.696+0000] {logging_mixin.py:190} INFO - [2025-04-27T00:17:58.696+0000] {dag.py:3239} INFO - Sync 1 DAGs
[2025-04-27T00:17:58.710+0000] {logging_mixin.py:190} INFO - [2025-04-27T00:17:58.710+0000] {dag.py:4180} INFO - Setting next_dagrun for example_trigger_target_dag to None, run_after=None
[2025-04-27T00:17:58.729+0000] {processor.py:208} INFO - Processing /home/airflow/.local/lib/python3.10/site-packages/airflow/example_dags/example_trigger_target_dag.py took 0.069 seconds
[2025-04-27T00:18:29.126+0000] {processor.py:186} INFO - Started process (PID=22655) to work on /home/airflow/.local/lib/python3.10/site-packages/airflow/example_dags/example_trigger_target_dag.py
[2025-04-27T00:18:29.127+0000] {processor.py:914} INFO - Processing file /home/airflow/.local/lib/python3.10/site-packages/airflow/example_dags/example_trigger_target_dag.py for tasks to queue
[2025-04-27T00:18:29.129+0000] {logging_mixin.py:190} INFO - [2025-04-27T00:18:29.129+0000] {dagbag.py:588} INFO - Filling up the DagBag from /home/airflow/.local/lib/python3.10/site-packages/airflow/example_dags/example_trigger_target_dag.py
[2025-04-27T00:18:29.136+0000] {processor.py:925} INFO - DAG(s) 'example_trigger_target_dag' retrieved from /home/airflow/.local/lib/python3.10/site-packages/airflow/example_dags/example_trigger_target_dag.py
[2025-04-27T00:18:29.156+0000] {logging_mixin.py:190} INFO - [2025-04-27T00:18:29.156+0000] {dag.py:3239} INFO - Sync 1 DAGs
[2025-04-27T00:18:29.168+0000] {logging_mixin.py:190} INFO - [2025-04-27T00:18:29.168+0000] {dag.py:4180} INFO - Setting next_dagrun for example_trigger_target_dag to None, run_after=None
[2025-04-27T00:18:29.187+0000] {processor.py:208} INFO - Processing /home/airflow/.local/lib/python3.10/site-packages/airflow/example_dags/example_trigger_target_dag.py took 0.067 seconds
[2025-04-27T00:18:59.603+0000] {processor.py:186} INFO - Started process (PID=22721) to work on /home/airflow/.local/lib/python3.10/site-packages/airflow/example_dags/example_trigger_target_dag.py
[2025-04-27T00:18:59.604+0000] {processor.py:914} INFO - Processing file /home/airflow/.local/lib/python3.10/site-packages/airflow/example_dags/example_trigger_target_dag.py for tasks to queue
[2025-04-27T00:18:59.606+0000] {logging_mixin.py:190} INFO - [2025-04-27T00:18:59.606+0000] {dagbag.py:588} INFO - Filling up the DagBag from /home/airflow/.local/lib/python3.10/site-packages/airflow/example_dags/example_trigger_target_dag.py
[2025-04-27T00:18:59.613+0000] {processor.py:925} INFO - DAG(s) 'example_trigger_target_dag' retrieved from /home/airflow/.local/lib/python3.10/site-packages/airflow/example_dags/example_trigger_target_dag.py
[2025-04-27T00:18:59.631+0000] {logging_mixin.py:190} INFO - [2025-04-27T00:18:59.630+0000] {dag.py:3239} INFO - Sync 1 DAGs
[2025-04-27T00:18:59.645+0000] {logging_mixin.py:190} INFO - [2025-04-27T00:18:59.644+0000] {dag.py:4180} INFO - Setting next_dagrun for example_trigger_target_dag to None, run_after=None
[2025-04-27T00:18:59.663+0000] {processor.py:208} INFO - Processing /home/airflow/.local/lib/python3.10/site-packages/airflow/example_dags/example_trigger_target_dag.py took 0.065 seconds
[2025-04-27T00:19:30.622+0000] {processor.py:186} INFO - Started process (PID=22787) to work on /home/airflow/.local/lib/python3.10/site-packages/airflow/example_dags/example_trigger_target_dag.py
[2025-04-27T00:19:30.623+0000] {processor.py:914} INFO - Processing file /home/airflow/.local/lib/python3.10/site-packages/airflow/example_dags/example_trigger_target_dag.py for tasks to queue
[2025-04-27T00:19:30.625+0000] {logging_mixin.py:190} INFO - [2025-04-27T00:19:30.625+0000] {dagbag.py:588} INFO - Filling up the DagBag from /home/airflow/.local/lib/python3.10/site-packages/airflow/example_dags/example_trigger_target_dag.py
[2025-04-27T00:19:30.632+0000] {processor.py:925} INFO - DAG(s) 'example_trigger_target_dag' retrieved from /home/airflow/.local/lib/python3.10/site-packages/airflow/example_dags/example_trigger_target_dag.py
[2025-04-27T00:19:30.651+0000] {logging_mixin.py:190} INFO - [2025-04-27T00:19:30.651+0000] {dag.py:3239} INFO - Sync 1 DAGs
[2025-04-27T00:19:30.666+0000] {logging_mixin.py:190} INFO - [2025-04-27T00:19:30.666+0000] {dag.py:4180} INFO - Setting next_dagrun for example_trigger_target_dag to None, run_after=None
[2025-04-27T00:19:30.684+0000] {processor.py:208} INFO - Processing /home/airflow/.local/lib/python3.10/site-packages/airflow/example_dags/example_trigger_target_dag.py took 0.068 seconds
[2025-04-27T00:20:00.965+0000] {processor.py:186} INFO - Started process (PID=22853) to work on /home/airflow/.local/lib/python3.10/site-packages/airflow/example_dags/example_trigger_target_dag.py
[2025-04-27T00:20:00.966+0000] {processor.py:914} INFO - Processing file /home/airflow/.local/lib/python3.10/site-packages/airflow/example_dags/example_trigger_target_dag.py for tasks to queue
[2025-04-27T00:20:00.968+0000] {logging_mixin.py:190} INFO - [2025-04-27T00:20:00.968+0000] {dagbag.py:588} INFO - Filling up the DagBag from /home/airflow/.local/lib/python3.10/site-packages/airflow/example_dags/example_trigger_target_dag.py
[2025-04-27T00:20:00.975+0000] {processor.py:925} INFO - DAG(s) 'example_trigger_target_dag' retrieved from /home/airflow/.local/lib/python3.10/site-packages/airflow/example_dags/example_trigger_target_dag.py
[2025-04-27T00:20:00.994+0000] {logging_mixin.py:190} INFO - [2025-04-27T00:20:00.994+0000] {dag.py:3239} INFO - Sync 1 DAGs
[2025-04-27T00:20:01.008+0000] {logging_mixin.py:190} INFO - [2025-04-27T00:20:01.008+0000] {dag.py:4180} INFO - Setting next_dagrun for example_trigger_target_dag to None, run_after=None
[2025-04-27T00:20:01.027+0000] {processor.py:208} INFO - Processing /home/airflow/.local/lib/python3.10/site-packages/airflow/example_dags/example_trigger_target_dag.py took 0.067 seconds
[2025-04-27T00:20:31.739+0000] {processor.py:186} INFO - Started process (PID=22919) to work on /home/airflow/.local/lib/python3.10/site-packages/airflow/example_dags/example_trigger_target_dag.py
[2025-04-27T00:20:31.740+0000] {processor.py:914} INFO - Processing file /home/airflow/.local/lib/python3.10/site-packages/airflow/example_dags/example_trigger_target_dag.py for tasks to queue
[2025-04-27T00:20:31.742+0000] {logging_mixin.py:190} INFO - [2025-04-27T00:20:31.742+0000] {dagbag.py:588} INFO - Filling up the DagBag from /home/airflow/.local/lib/python3.10/site-packages/airflow/example_dags/example_trigger_target_dag.py
[2025-04-27T00:20:31.750+0000] {processor.py:925} INFO - DAG(s) 'example_trigger_target_dag' retrieved from /home/airflow/.local/lib/python3.10/site-packages/airflow/example_dags/example_trigger_target_dag.py
[2025-04-27T00:20:31.778+0000] {logging_mixin.py:190} INFO - [2025-04-27T00:20:31.778+0000] {dag.py:3239} INFO - Sync 1 DAGs
[2025-04-27T00:20:31.803+0000] {logging_mixin.py:190} INFO - [2025-04-27T00:20:31.803+0000] {dag.py:4180} INFO - Setting next_dagrun for example_trigger_target_dag to None, run_after=None
[2025-04-27T00:20:31.839+0000] {processor.py:208} INFO - Processing /home/airflow/.local/lib/python3.10/site-packages/airflow/example_dags/example_trigger_target_dag.py took 0.105 seconds
[2025-04-27T00:21:02.811+0000] {processor.py:186} INFO - Started process (PID=22985) to work on /home/airflow/.local/lib/python3.10/site-packages/airflow/example_dags/example_trigger_target_dag.py
[2025-04-27T00:21:02.813+0000] {processor.py:914} INFO - Processing file /home/airflow/.local/lib/python3.10/site-packages/airflow/example_dags/example_trigger_target_dag.py for tasks to queue
[2025-04-27T00:21:02.815+0000] {logging_mixin.py:190} INFO - [2025-04-27T00:21:02.815+0000] {dagbag.py:588} INFO - Filling up the DagBag from /home/airflow/.local/lib/python3.10/site-packages/airflow/example_dags/example_trigger_target_dag.py
[2025-04-27T00:21:02.823+0000] {processor.py:925} INFO - DAG(s) 'example_trigger_target_dag' retrieved from /home/airflow/.local/lib/python3.10/site-packages/airflow/example_dags/example_trigger_target_dag.py
[2025-04-27T00:21:02.846+0000] {logging_mixin.py:190} INFO - [2025-04-27T00:21:02.846+0000] {dag.py:3239} INFO - Sync 1 DAGs
[2025-04-27T00:21:02.862+0000] {logging_mixin.py:190} INFO - [2025-04-27T00:21:02.861+0000] {dag.py:4180} INFO - Setting next_dagrun for example_trigger_target_dag to None, run_after=None
[2025-04-27T00:21:02.881+0000] {processor.py:208} INFO - Processing /home/airflow/.local/lib/python3.10/site-packages/airflow/example_dags/example_trigger_target_dag.py took 0.076 seconds
[2025-04-27T00:21:33.305+0000] {processor.py:186} INFO - Started process (PID=23051) to work on /home/airflow/.local/lib/python3.10/site-packages/airflow/example_dags/example_trigger_target_dag.py
[2025-04-27T00:21:33.306+0000] {processor.py:914} INFO - Processing file /home/airflow/.local/lib/python3.10/site-packages/airflow/example_dags/example_trigger_target_dag.py for tasks to queue
[2025-04-27T00:21:33.310+0000] {logging_mixin.py:190} INFO - [2025-04-27T00:21:33.309+0000] {dagbag.py:588} INFO - Filling up the DagBag from /home/airflow/.local/lib/python3.10/site-packages/airflow/example_dags/example_trigger_target_dag.py
[2025-04-27T00:21:33.318+0000] {processor.py:925} INFO - DAG(s) 'example_trigger_target_dag' retrieved from /home/airflow/.local/lib/python3.10/site-packages/airflow/example_dags/example_trigger_target_dag.py
[2025-04-27T00:21:33.340+0000] {logging_mixin.py:190} INFO - [2025-04-27T00:21:33.340+0000] {dag.py:3239} INFO - Sync 1 DAGs
[2025-04-27T00:21:33.360+0000] {logging_mixin.py:190} INFO - [2025-04-27T00:21:33.360+0000] {dag.py:4180} INFO - Setting next_dagrun for example_trigger_target_dag to None, run_after=None
[2025-04-27T00:21:33.384+0000] {processor.py:208} INFO - Processing /home/airflow/.local/lib/python3.10/site-packages/airflow/example_dags/example_trigger_target_dag.py took 0.087 seconds
[2025-04-27T00:22:04.054+0000] {processor.py:186} INFO - Started process (PID=23117) to work on /home/airflow/.local/lib/python3.10/site-packages/airflow/example_dags/example_trigger_target_dag.py
[2025-04-27T00:22:04.055+0000] {processor.py:914} INFO - Processing file /home/airflow/.local/lib/python3.10/site-packages/airflow/example_dags/example_trigger_target_dag.py for tasks to queue
[2025-04-27T00:22:04.057+0000] {logging_mixin.py:190} INFO - [2025-04-27T00:22:04.056+0000] {dagbag.py:588} INFO - Filling up the DagBag from /home/airflow/.local/lib/python3.10/site-packages/airflow/example_dags/example_trigger_target_dag.py
[2025-04-27T00:22:04.065+0000] {processor.py:925} INFO - DAG(s) 'example_trigger_target_dag' retrieved from /home/airflow/.local/lib/python3.10/site-packages/airflow/example_dags/example_trigger_target_dag.py
[2025-04-27T00:22:04.087+0000] {logging_mixin.py:190} INFO - [2025-04-27T00:22:04.087+0000] {dag.py:3239} INFO - Sync 1 DAGs
[2025-04-27T00:22:04.103+0000] {logging_mixin.py:190} INFO - [2025-04-27T00:22:04.103+0000] {dag.py:4180} INFO - Setting next_dagrun for example_trigger_target_dag to None, run_after=None
[2025-04-27T00:22:04.126+0000] {processor.py:208} INFO - Processing /home/airflow/.local/lib/python3.10/site-packages/airflow/example_dags/example_trigger_target_dag.py took 0.079 seconds
[2025-04-27T00:22:34.189+0000] {processor.py:186} INFO - Started process (PID=23183) to work on /home/airflow/.local/lib/python3.10/site-packages/airflow/example_dags/example_trigger_target_dag.py
[2025-04-27T00:22:34.191+0000] {processor.py:914} INFO - Processing file /home/airflow/.local/lib/python3.10/site-packages/airflow/example_dags/example_trigger_target_dag.py for tasks to queue
[2025-04-27T00:22:34.193+0000] {logging_mixin.py:190} INFO - [2025-04-27T00:22:34.193+0000] {dagbag.py:588} INFO - Filling up the DagBag from /home/airflow/.local/lib/python3.10/site-packages/airflow/example_dags/example_trigger_target_dag.py
[2025-04-27T00:22:34.201+0000] {processor.py:925} INFO - DAG(s) 'example_trigger_target_dag' retrieved from /home/airflow/.local/lib/python3.10/site-packages/airflow/example_dags/example_trigger_target_dag.py
[2025-04-27T00:22:34.221+0000] {logging_mixin.py:190} INFO - [2025-04-27T00:22:34.221+0000] {dag.py:3239} INFO - Sync 1 DAGs
[2025-04-27T00:22:34.235+0000] {logging_mixin.py:190} INFO - [2025-04-27T00:22:34.234+0000] {dag.py:4180} INFO - Setting next_dagrun for example_trigger_target_dag to None, run_after=None
[2025-04-27T00:22:34.254+0000] {processor.py:208} INFO - Processing /home/airflow/.local/lib/python3.10/site-packages/airflow/example_dags/example_trigger_target_dag.py took 0.071 seconds
[2025-04-27T00:23:04.520+0000] {processor.py:186} INFO - Started process (PID=23249) to work on /home/airflow/.local/lib/python3.10/site-packages/airflow/example_dags/example_trigger_target_dag.py
[2025-04-27T00:23:04.521+0000] {processor.py:914} INFO - Processing file /home/airflow/.local/lib/python3.10/site-packages/airflow/example_dags/example_trigger_target_dag.py for tasks to queue
[2025-04-27T00:23:04.524+0000] {logging_mixin.py:190} INFO - [2025-04-27T00:23:04.523+0000] {dagbag.py:588} INFO - Filling up the DagBag from /home/airflow/.local/lib/python3.10/site-packages/airflow/example_dags/example_trigger_target_dag.py
[2025-04-27T00:23:04.534+0000] {processor.py:925} INFO - DAG(s) 'example_trigger_target_dag' retrieved from /home/airflow/.local/lib/python3.10/site-packages/airflow/example_dags/example_trigger_target_dag.py
[2025-04-27T00:23:04.556+0000] {logging_mixin.py:190} INFO - [2025-04-27T00:23:04.555+0000] {dag.py:3239} INFO - Sync 1 DAGs
[2025-04-27T00:23:04.572+0000] {logging_mixin.py:190} INFO - [2025-04-27T00:23:04.572+0000] {dag.py:4180} INFO - Setting next_dagrun for example_trigger_target_dag to None, run_after=None
[2025-04-27T00:23:04.592+0000] {processor.py:208} INFO - Processing /home/airflow/.local/lib/python3.10/site-packages/airflow/example_dags/example_trigger_target_dag.py took 0.078 seconds
[2025-04-27T00:23:34.911+0000] {processor.py:186} INFO - Started process (PID=23315) to work on /home/airflow/.local/lib/python3.10/site-packages/airflow/example_dags/example_trigger_target_dag.py
[2025-04-27T00:23:34.912+0000] {processor.py:914} INFO - Processing file /home/airflow/.local/lib/python3.10/site-packages/airflow/example_dags/example_trigger_target_dag.py for tasks to queue
[2025-04-27T00:23:34.914+0000] {logging_mixin.py:190} INFO - [2025-04-27T00:23:34.914+0000] {dagbag.py:588} INFO - Filling up the DagBag from /home/airflow/.local/lib/python3.10/site-packages/airflow/example_dags/example_trigger_target_dag.py
[2025-04-27T00:23:34.922+0000] {processor.py:925} INFO - DAG(s) 'example_trigger_target_dag' retrieved from /home/airflow/.local/lib/python3.10/site-packages/airflow/example_dags/example_trigger_target_dag.py
[2025-04-27T00:23:34.941+0000] {logging_mixin.py:190} INFO - [2025-04-27T00:23:34.941+0000] {dag.py:3239} INFO - Sync 1 DAGs
[2025-04-27T00:23:34.957+0000] {logging_mixin.py:190} INFO - [2025-04-27T00:23:34.957+0000] {dag.py:4180} INFO - Setting next_dagrun for example_trigger_target_dag to None, run_after=None
[2025-04-27T00:23:34.976+0000] {processor.py:208} INFO - Processing /home/airflow/.local/lib/python3.10/site-packages/airflow/example_dags/example_trigger_target_dag.py took 0.071 seconds
[2025-04-27T00:24:05.308+0000] {processor.py:186} INFO - Started process (PID=23381) to work on /home/airflow/.local/lib/python3.10/site-packages/airflow/example_dags/example_trigger_target_dag.py
[2025-04-27T00:24:05.309+0000] {processor.py:914} INFO - Processing file /home/airflow/.local/lib/python3.10/site-packages/airflow/example_dags/example_trigger_target_dag.py for tasks to queue
[2025-04-27T00:24:05.311+0000] {logging_mixin.py:190} INFO - [2025-04-27T00:24:05.311+0000] {dagbag.py:588} INFO - Filling up the DagBag from /home/airflow/.local/lib/python3.10/site-packages/airflow/example_dags/example_trigger_target_dag.py
[2025-04-27T00:24:05.318+0000] {processor.py:925} INFO - DAG(s) 'example_trigger_target_dag' retrieved from /home/airflow/.local/lib/python3.10/site-packages/airflow/example_dags/example_trigger_target_dag.py
[2025-04-27T00:24:05.339+0000] {logging_mixin.py:190} INFO - [2025-04-27T00:24:05.338+0000] {dag.py:3239} INFO - Sync 1 DAGs
[2025-04-27T00:24:05.353+0000] {logging_mixin.py:190} INFO - [2025-04-27T00:24:05.353+0000] {dag.py:4180} INFO - Setting next_dagrun for example_trigger_target_dag to None, run_after=None
[2025-04-27T00:24:05.372+0000] {processor.py:208} INFO - Processing /home/airflow/.local/lib/python3.10/site-packages/airflow/example_dags/example_trigger_target_dag.py took 0.071 seconds
[2025-04-27T00:24:36.383+0000] {processor.py:186} INFO - Started process (PID=23447) to work on /home/airflow/.local/lib/python3.10/site-packages/airflow/example_dags/example_trigger_target_dag.py
[2025-04-27T00:24:36.385+0000] {processor.py:914} INFO - Processing file /home/airflow/.local/lib/python3.10/site-packages/airflow/example_dags/example_trigger_target_dag.py for tasks to queue
[2025-04-27T00:24:36.387+0000] {logging_mixin.py:190} INFO - [2025-04-27T00:24:36.386+0000] {dagbag.py:588} INFO - Filling up the DagBag from /home/airflow/.local/lib/python3.10/site-packages/airflow/example_dags/example_trigger_target_dag.py
[2025-04-27T00:24:36.394+0000] {processor.py:925} INFO - DAG(s) 'example_trigger_target_dag' retrieved from /home/airflow/.local/lib/python3.10/site-packages/airflow/example_dags/example_trigger_target_dag.py
[2025-04-27T00:24:36.413+0000] {logging_mixin.py:190} INFO - [2025-04-27T00:24:36.412+0000] {dag.py:3239} INFO - Sync 1 DAGs
[2025-04-27T00:24:36.426+0000] {logging_mixin.py:190} INFO - [2025-04-27T00:24:36.426+0000] {dag.py:4180} INFO - Setting next_dagrun for example_trigger_target_dag to None, run_after=None
[2025-04-27T00:24:36.446+0000] {processor.py:208} INFO - Processing /home/airflow/.local/lib/python3.10/site-packages/airflow/example_dags/example_trigger_target_dag.py took 0.069 seconds
[2025-04-27T00:25:07.631+0000] {processor.py:186} INFO - Started process (PID=23513) to work on /home/airflow/.local/lib/python3.10/site-packages/airflow/example_dags/example_trigger_target_dag.py
[2025-04-27T00:25:07.633+0000] {processor.py:914} INFO - Processing file /home/airflow/.local/lib/python3.10/site-packages/airflow/example_dags/example_trigger_target_dag.py for tasks to queue
[2025-04-27T00:25:07.636+0000] {logging_mixin.py:190} INFO - [2025-04-27T00:25:07.635+0000] {dagbag.py:588} INFO - Filling up the DagBag from /home/airflow/.local/lib/python3.10/site-packages/airflow/example_dags/example_trigger_target_dag.py
[2025-04-27T00:25:07.647+0000] {processor.py:925} INFO - DAG(s) 'example_trigger_target_dag' retrieved from /home/airflow/.local/lib/python3.10/site-packages/airflow/example_dags/example_trigger_target_dag.py
[2025-04-27T00:25:07.675+0000] {logging_mixin.py:190} INFO - [2025-04-27T00:25:07.675+0000] {dag.py:3239} INFO - Sync 1 DAGs
[2025-04-27T00:25:07.697+0000] {logging_mixin.py:190} INFO - [2025-04-27T00:25:07.697+0000] {dag.py:4180} INFO - Setting next_dagrun for example_trigger_target_dag to None, run_after=None
[2025-04-27T00:25:07.720+0000] {processor.py:208} INFO - Processing /home/airflow/.local/lib/python3.10/site-packages/airflow/example_dags/example_trigger_target_dag.py took 0.097 seconds
