[2025-04-27T00:00:26.869+0000] {processor.py:186} INFO - Started process (PID=20328) to work on /home/airflow/.local/lib/python3.10/site-packages/airflow/example_dags/example_time_delta_sensor_async.py
[2025-04-27T00:00:26.871+0000] {processor.py:914} INFO - Processing file /home/airflow/.local/lib/python3.10/site-packages/airflow/example_dags/example_time_delta_sensor_async.py for tasks to queue
[2025-04-27T00:00:26.873+0000] {logging_mixin.py:190} INFO - [2025-04-27T00:00:26.873+0000] {dagbag.py:588} INFO - Filling up the DagBag from /home/airflow/.local/lib/python3.10/site-packages/airflow/example_dags/example_time_delta_sensor_async.py
[2025-04-27T00:00:26.879+0000] {processor.py:925} INFO - DAG(s) 'example_time_delta_sensor_async' retrieved from /home/airflow/.local/lib/python3.10/site-packages/airflow/example_dags/example_time_delta_sensor_async.py
[2025-04-27T00:00:26.898+0000] {logging_mixin.py:190} INFO - [2025-04-27T00:00:26.898+0000] {dag.py:3239} INFO - Sync 1 DAGs
[2025-04-27T00:00:26.913+0000] {logging_mixin.py:190} INFO - [2025-04-27T00:00:26.913+0000] {dag.py:4180} INFO - Setting next_dagrun for example_time_delta_sensor_async to None, run_after=None
[2025-04-27T00:00:26.932+0000] {processor.py:208} INFO - Processing /home/airflow/.local/lib/python3.10/site-packages/airflow/example_dags/example_time_delta_sensor_async.py took 0.071 seconds
[2025-04-27T00:00:57.227+0000] {processor.py:186} INFO - Started process (PID=20394) to work on /home/airflow/.local/lib/python3.10/site-packages/airflow/example_dags/example_time_delta_sensor_async.py
[2025-04-27T00:00:57.228+0000] {processor.py:914} INFO - Processing file /home/airflow/.local/lib/python3.10/site-packages/airflow/example_dags/example_time_delta_sensor_async.py for tasks to queue
[2025-04-27T00:00:57.230+0000] {logging_mixin.py:190} INFO - [2025-04-27T00:00:57.230+0000] {dagbag.py:588} INFO - Filling up the DagBag from /home/airflow/.local/lib/python3.10/site-packages/airflow/example_dags/example_time_delta_sensor_async.py
[2025-04-27T00:00:57.237+0000] {processor.py:925} INFO - DAG(s) 'example_time_delta_sensor_async' retrieved from /home/airflow/.local/lib/python3.10/site-packages/airflow/example_dags/example_time_delta_sensor_async.py
[2025-04-27T00:00:57.260+0000] {logging_mixin.py:190} INFO - [2025-04-27T00:00:57.260+0000] {dag.py:3239} INFO - Sync 1 DAGs
[2025-04-27T00:00:57.276+0000] {logging_mixin.py:190} INFO - [2025-04-27T00:00:57.276+0000] {dag.py:4180} INFO - Setting next_dagrun for example_time_delta_sensor_async to None, run_after=None
[2025-04-27T00:00:57.296+0000] {processor.py:208} INFO - Processing /home/airflow/.local/lib/python3.10/site-packages/airflow/example_dags/example_time_delta_sensor_async.py took 0.076 seconds
[2025-04-27T00:01:27.652+0000] {processor.py:186} INFO - Started process (PID=20460) to work on /home/airflow/.local/lib/python3.10/site-packages/airflow/example_dags/example_time_delta_sensor_async.py
[2025-04-27T00:01:27.653+0000] {processor.py:914} INFO - Processing file /home/airflow/.local/lib/python3.10/site-packages/airflow/example_dags/example_time_delta_sensor_async.py for tasks to queue
[2025-04-27T00:01:27.656+0000] {logging_mixin.py:190} INFO - [2025-04-27T00:01:27.656+0000] {dagbag.py:588} INFO - Filling up the DagBag from /home/airflow/.local/lib/python3.10/site-packages/airflow/example_dags/example_time_delta_sensor_async.py
[2025-04-27T00:01:27.664+0000] {processor.py:925} INFO - DAG(s) 'example_time_delta_sensor_async' retrieved from /home/airflow/.local/lib/python3.10/site-packages/airflow/example_dags/example_time_delta_sensor_async.py
[2025-04-27T00:01:27.683+0000] {logging_mixin.py:190} INFO - [2025-04-27T00:01:27.683+0000] {dag.py:3239} INFO - Sync 1 DAGs
[2025-04-27T00:01:27.697+0000] {logging_mixin.py:190} INFO - [2025-04-27T00:01:27.697+0000] {dag.py:4180} INFO - Setting next_dagrun for example_time_delta_sensor_async to None, run_after=None
[2025-04-27T00:01:27.716+0000] {processor.py:208} INFO - Processing /home/airflow/.local/lib/python3.10/site-packages/airflow/example_dags/example_time_delta_sensor_async.py took 0.071 seconds
[2025-04-27T00:01:58.184+0000] {processor.py:186} INFO - Started process (PID=20526) to work on /home/airflow/.local/lib/python3.10/site-packages/airflow/example_dags/example_time_delta_sensor_async.py
[2025-04-27T00:01:58.185+0000] {processor.py:914} INFO - Processing file /home/airflow/.local/lib/python3.10/site-packages/airflow/example_dags/example_time_delta_sensor_async.py for tasks to queue
[2025-04-27T00:01:58.187+0000] {logging_mixin.py:190} INFO - [2025-04-27T00:01:58.187+0000] {dagbag.py:588} INFO - Filling up the DagBag from /home/airflow/.local/lib/python3.10/site-packages/airflow/example_dags/example_time_delta_sensor_async.py
[2025-04-27T00:01:58.194+0000] {processor.py:925} INFO - DAG(s) 'example_time_delta_sensor_async' retrieved from /home/airflow/.local/lib/python3.10/site-packages/airflow/example_dags/example_time_delta_sensor_async.py
[2025-04-27T00:01:58.211+0000] {logging_mixin.py:190} INFO - [2025-04-27T00:01:58.211+0000] {dag.py:3239} INFO - Sync 1 DAGs
[2025-04-27T00:01:58.224+0000] {logging_mixin.py:190} INFO - [2025-04-27T00:01:58.224+0000] {dag.py:4180} INFO - Setting next_dagrun for example_time_delta_sensor_async to None, run_after=None
[2025-04-27T00:01:58.242+0000] {processor.py:208} INFO - Processing /home/airflow/.local/lib/python3.10/site-packages/airflow/example_dags/example_time_delta_sensor_async.py took 0.064 seconds
[2025-04-27T00:02:28.366+0000] {processor.py:186} INFO - Started process (PID=20592) to work on /home/airflow/.local/lib/python3.10/site-packages/airflow/example_dags/example_time_delta_sensor_async.py
[2025-04-27T00:02:28.366+0000] {processor.py:914} INFO - Processing file /home/airflow/.local/lib/python3.10/site-packages/airflow/example_dags/example_time_delta_sensor_async.py for tasks to queue
[2025-04-27T00:02:28.368+0000] {logging_mixin.py:190} INFO - [2025-04-27T00:02:28.368+0000] {dagbag.py:588} INFO - Filling up the DagBag from /home/airflow/.local/lib/python3.10/site-packages/airflow/example_dags/example_time_delta_sensor_async.py
[2025-04-27T00:02:28.375+0000] {processor.py:925} INFO - DAG(s) 'example_time_delta_sensor_async' retrieved from /home/airflow/.local/lib/python3.10/site-packages/airflow/example_dags/example_time_delta_sensor_async.py
[2025-04-27T00:02:28.395+0000] {logging_mixin.py:190} INFO - [2025-04-27T00:02:28.395+0000] {dag.py:3239} INFO - Sync 1 DAGs
[2025-04-27T00:02:28.411+0000] {logging_mixin.py:190} INFO - [2025-04-27T00:02:28.411+0000] {dag.py:4180} INFO - Setting next_dagrun for example_time_delta_sensor_async to None, run_after=None
[2025-04-27T00:02:28.432+0000] {processor.py:208} INFO - Processing /home/airflow/.local/lib/python3.10/site-packages/airflow/example_dags/example_time_delta_sensor_async.py took 0.073 seconds
[2025-04-27T00:02:58.556+0000] {processor.py:186} INFO - Started process (PID=20658) to work on /home/airflow/.local/lib/python3.10/site-packages/airflow/example_dags/example_time_delta_sensor_async.py
[2025-04-27T00:02:58.557+0000] {processor.py:914} INFO - Processing file /home/airflow/.local/lib/python3.10/site-packages/airflow/example_dags/example_time_delta_sensor_async.py for tasks to queue
[2025-04-27T00:02:58.559+0000] {logging_mixin.py:190} INFO - [2025-04-27T00:02:58.559+0000] {dagbag.py:588} INFO - Filling up the DagBag from /home/airflow/.local/lib/python3.10/site-packages/airflow/example_dags/example_time_delta_sensor_async.py
[2025-04-27T00:02:58.565+0000] {processor.py:925} INFO - DAG(s) 'example_time_delta_sensor_async' retrieved from /home/airflow/.local/lib/python3.10/site-packages/airflow/example_dags/example_time_delta_sensor_async.py
[2025-04-27T00:02:58.583+0000] {logging_mixin.py:190} INFO - [2025-04-27T00:02:58.583+0000] {dag.py:3239} INFO - Sync 1 DAGs
[2025-04-27T00:02:58.596+0000] {logging_mixin.py:190} INFO - [2025-04-27T00:02:58.596+0000] {dag.py:4180} INFO - Setting next_dagrun for example_time_delta_sensor_async to None, run_after=None
[2025-04-27T00:02:58.616+0000] {processor.py:208} INFO - Processing /home/airflow/.local/lib/python3.10/site-packages/airflow/example_dags/example_time_delta_sensor_async.py took 0.066 seconds
[2025-04-27T00:03:28.964+0000] {processor.py:186} INFO - Started process (PID=20724) to work on /home/airflow/.local/lib/python3.10/site-packages/airflow/example_dags/example_time_delta_sensor_async.py
[2025-04-27T00:03:28.965+0000] {processor.py:914} INFO - Processing file /home/airflow/.local/lib/python3.10/site-packages/airflow/example_dags/example_time_delta_sensor_async.py for tasks to queue
[2025-04-27T00:03:28.967+0000] {logging_mixin.py:190} INFO - [2025-04-27T00:03:28.967+0000] {dagbag.py:588} INFO - Filling up the DagBag from /home/airflow/.local/lib/python3.10/site-packages/airflow/example_dags/example_time_delta_sensor_async.py
[2025-04-27T00:03:28.974+0000] {processor.py:925} INFO - DAG(s) 'example_time_delta_sensor_async' retrieved from /home/airflow/.local/lib/python3.10/site-packages/airflow/example_dags/example_time_delta_sensor_async.py
[2025-04-27T00:03:28.992+0000] {logging_mixin.py:190} INFO - [2025-04-27T00:03:28.992+0000] {dag.py:3239} INFO - Sync 1 DAGs
[2025-04-27T00:03:29.006+0000] {logging_mixin.py:190} INFO - [2025-04-27T00:03:29.006+0000] {dag.py:4180} INFO - Setting next_dagrun for example_time_delta_sensor_async to None, run_after=None
[2025-04-27T00:03:29.026+0000] {processor.py:208} INFO - Processing /home/airflow/.local/lib/python3.10/site-packages/airflow/example_dags/example_time_delta_sensor_async.py took 0.068 seconds
[2025-04-27T00:03:59.448+0000] {processor.py:186} INFO - Started process (PID=20790) to work on /home/airflow/.local/lib/python3.10/site-packages/airflow/example_dags/example_time_delta_sensor_async.py
[2025-04-27T00:03:59.449+0000] {processor.py:914} INFO - Processing file /home/airflow/.local/lib/python3.10/site-packages/airflow/example_dags/example_time_delta_sensor_async.py for tasks to queue
[2025-04-27T00:03:59.451+0000] {logging_mixin.py:190} INFO - [2025-04-27T00:03:59.451+0000] {dagbag.py:588} INFO - Filling up the DagBag from /home/airflow/.local/lib/python3.10/site-packages/airflow/example_dags/example_time_delta_sensor_async.py
[2025-04-27T00:03:59.459+0000] {processor.py:925} INFO - DAG(s) 'example_time_delta_sensor_async' retrieved from /home/airflow/.local/lib/python3.10/site-packages/airflow/example_dags/example_time_delta_sensor_async.py
[2025-04-27T00:03:59.480+0000] {logging_mixin.py:190} INFO - [2025-04-27T00:03:59.480+0000] {dag.py:3239} INFO - Sync 1 DAGs
[2025-04-27T00:03:59.495+0000] {logging_mixin.py:190} INFO - [2025-04-27T00:03:59.495+0000] {dag.py:4180} INFO - Setting next_dagrun for example_time_delta_sensor_async to None, run_after=None
[2025-04-27T00:03:59.514+0000] {processor.py:208} INFO - Processing /home/airflow/.local/lib/python3.10/site-packages/airflow/example_dags/example_time_delta_sensor_async.py took 0.074 seconds
[2025-04-27T00:04:29.715+0000] {processor.py:186} INFO - Started process (PID=20856) to work on /home/airflow/.local/lib/python3.10/site-packages/airflow/example_dags/example_time_delta_sensor_async.py
[2025-04-27T00:04:29.716+0000] {processor.py:914} INFO - Processing file /home/airflow/.local/lib/python3.10/site-packages/airflow/example_dags/example_time_delta_sensor_async.py for tasks to queue
[2025-04-27T00:04:29.718+0000] {logging_mixin.py:190} INFO - [2025-04-27T00:04:29.718+0000] {dagbag.py:588} INFO - Filling up the DagBag from /home/airflow/.local/lib/python3.10/site-packages/airflow/example_dags/example_time_delta_sensor_async.py
[2025-04-27T00:04:29.724+0000] {processor.py:925} INFO - DAG(s) 'example_time_delta_sensor_async' retrieved from /home/airflow/.local/lib/python3.10/site-packages/airflow/example_dags/example_time_delta_sensor_async.py
[2025-04-27T00:04:29.742+0000] {logging_mixin.py:190} INFO - [2025-04-27T00:04:29.742+0000] {dag.py:3239} INFO - Sync 1 DAGs
[2025-04-27T00:04:29.756+0000] {logging_mixin.py:190} INFO - [2025-04-27T00:04:29.755+0000] {dag.py:4180} INFO - Setting next_dagrun for example_time_delta_sensor_async to None, run_after=None
[2025-04-27T00:04:29.773+0000] {processor.py:208} INFO - Processing /home/airflow/.local/lib/python3.10/site-packages/airflow/example_dags/example_time_delta_sensor_async.py took 0.064 seconds
[2025-04-27T00:05:00.193+0000] {processor.py:186} INFO - Started process (PID=20921) to work on /home/airflow/.local/lib/python3.10/site-packages/airflow/example_dags/example_time_delta_sensor_async.py
[2025-04-27T00:05:00.195+0000] {processor.py:914} INFO - Processing file /home/airflow/.local/lib/python3.10/site-packages/airflow/example_dags/example_time_delta_sensor_async.py for tasks to queue
[2025-04-27T00:05:00.197+0000] {logging_mixin.py:190} INFO - [2025-04-27T00:05:00.197+0000] {dagbag.py:588} INFO - Filling up the DagBag from /home/airflow/.local/lib/python3.10/site-packages/airflow/example_dags/example_time_delta_sensor_async.py
[2025-04-27T00:05:00.205+0000] {processor.py:925} INFO - DAG(s) 'example_time_delta_sensor_async' retrieved from /home/airflow/.local/lib/python3.10/site-packages/airflow/example_dags/example_time_delta_sensor_async.py
[2025-04-27T00:05:00.226+0000] {logging_mixin.py:190} INFO - [2025-04-27T00:05:00.226+0000] {dag.py:3239} INFO - Sync 1 DAGs
[2025-04-27T00:05:00.242+0000] {logging_mixin.py:190} INFO - [2025-04-27T00:05:00.242+0000] {dag.py:4180} INFO - Setting next_dagrun for example_time_delta_sensor_async to None, run_after=None
[2025-04-27T00:05:00.262+0000] {processor.py:208} INFO - Processing /home/airflow/.local/lib/python3.10/site-packages/airflow/example_dags/example_time_delta_sensor_async.py took 0.075 seconds
[2025-04-27T00:05:31.233+0000] {processor.py:186} INFO - Started process (PID=20987) to work on /home/airflow/.local/lib/python3.10/site-packages/airflow/example_dags/example_time_delta_sensor_async.py
[2025-04-27T00:05:31.234+0000] {processor.py:914} INFO - Processing file /home/airflow/.local/lib/python3.10/site-packages/airflow/example_dags/example_time_delta_sensor_async.py for tasks to queue
[2025-04-27T00:05:31.237+0000] {logging_mixin.py:190} INFO - [2025-04-27T00:05:31.237+0000] {dagbag.py:588} INFO - Filling up the DagBag from /home/airflow/.local/lib/python3.10/site-packages/airflow/example_dags/example_time_delta_sensor_async.py
[2025-04-27T00:05:31.245+0000] {processor.py:925} INFO - DAG(s) 'example_time_delta_sensor_async' retrieved from /home/airflow/.local/lib/python3.10/site-packages/airflow/example_dags/example_time_delta_sensor_async.py
[2025-04-27T00:05:31.267+0000] {logging_mixin.py:190} INFO - [2025-04-27T00:05:31.267+0000] {dag.py:3239} INFO - Sync 1 DAGs
[2025-04-27T00:05:31.286+0000] {logging_mixin.py:190} INFO - [2025-04-27T00:05:31.285+0000] {dag.py:4180} INFO - Setting next_dagrun for example_time_delta_sensor_async to None, run_after=None
[2025-04-27T00:05:31.305+0000] {processor.py:208} INFO - Processing /home/airflow/.local/lib/python3.10/site-packages/airflow/example_dags/example_time_delta_sensor_async.py took 0.080 seconds
[2025-04-27T00:06:02.225+0000] {processor.py:186} INFO - Started process (PID=21053) to work on /home/airflow/.local/lib/python3.10/site-packages/airflow/example_dags/example_time_delta_sensor_async.py
[2025-04-27T00:06:02.226+0000] {processor.py:914} INFO - Processing file /home/airflow/.local/lib/python3.10/site-packages/airflow/example_dags/example_time_delta_sensor_async.py for tasks to queue
[2025-04-27T00:06:02.229+0000] {logging_mixin.py:190} INFO - [2025-04-27T00:06:02.229+0000] {dagbag.py:588} INFO - Filling up the DagBag from /home/airflow/.local/lib/python3.10/site-packages/airflow/example_dags/example_time_delta_sensor_async.py
[2025-04-27T00:06:02.237+0000] {processor.py:925} INFO - DAG(s) 'example_time_delta_sensor_async' retrieved from /home/airflow/.local/lib/python3.10/site-packages/airflow/example_dags/example_time_delta_sensor_async.py
[2025-04-27T00:06:02.257+0000] {logging_mixin.py:190} INFO - [2025-04-27T00:06:02.257+0000] {dag.py:3239} INFO - Sync 1 DAGs
[2025-04-27T00:06:02.272+0000] {logging_mixin.py:190} INFO - [2025-04-27T00:06:02.272+0000] {dag.py:4180} INFO - Setting next_dagrun for example_time_delta_sensor_async to None, run_after=None
[2025-04-27T00:06:02.292+0000] {processor.py:208} INFO - Processing /home/airflow/.local/lib/python3.10/site-packages/airflow/example_dags/example_time_delta_sensor_async.py took 0.073 seconds
[2025-04-27T00:06:32.522+0000] {processor.py:186} INFO - Started process (PID=21119) to work on /home/airflow/.local/lib/python3.10/site-packages/airflow/example_dags/example_time_delta_sensor_async.py
[2025-04-27T00:06:32.523+0000] {processor.py:914} INFO - Processing file /home/airflow/.local/lib/python3.10/site-packages/airflow/example_dags/example_time_delta_sensor_async.py for tasks to queue
[2025-04-27T00:06:32.525+0000] {logging_mixin.py:190} INFO - [2025-04-27T00:06:32.525+0000] {dagbag.py:588} INFO - Filling up the DagBag from /home/airflow/.local/lib/python3.10/site-packages/airflow/example_dags/example_time_delta_sensor_async.py
[2025-04-27T00:06:32.535+0000] {processor.py:925} INFO - DAG(s) 'example_time_delta_sensor_async' retrieved from /home/airflow/.local/lib/python3.10/site-packages/airflow/example_dags/example_time_delta_sensor_async.py
[2025-04-27T00:06:32.556+0000] {logging_mixin.py:190} INFO - [2025-04-27T00:06:32.556+0000] {dag.py:3239} INFO - Sync 1 DAGs
[2025-04-27T00:06:32.573+0000] {logging_mixin.py:190} INFO - [2025-04-27T00:06:32.573+0000] {dag.py:4180} INFO - Setting next_dagrun for example_time_delta_sensor_async to None, run_after=None
[2025-04-27T00:06:32.594+0000] {processor.py:208} INFO - Processing /home/airflow/.local/lib/python3.10/site-packages/airflow/example_dags/example_time_delta_sensor_async.py took 0.080 seconds
[2025-04-27T00:07:03.315+0000] {processor.py:186} INFO - Started process (PID=21185) to work on /home/airflow/.local/lib/python3.10/site-packages/airflow/example_dags/example_time_delta_sensor_async.py
[2025-04-27T00:07:03.316+0000] {processor.py:914} INFO - Processing file /home/airflow/.local/lib/python3.10/site-packages/airflow/example_dags/example_time_delta_sensor_async.py for tasks to queue
[2025-04-27T00:07:03.318+0000] {logging_mixin.py:190} INFO - [2025-04-27T00:07:03.318+0000] {dagbag.py:588} INFO - Filling up the DagBag from /home/airflow/.local/lib/python3.10/site-packages/airflow/example_dags/example_time_delta_sensor_async.py
[2025-04-27T00:07:03.325+0000] {processor.py:925} INFO - DAG(s) 'example_time_delta_sensor_async' retrieved from /home/airflow/.local/lib/python3.10/site-packages/airflow/example_dags/example_time_delta_sensor_async.py
[2025-04-27T00:07:03.343+0000] {logging_mixin.py:190} INFO - [2025-04-27T00:07:03.343+0000] {dag.py:3239} INFO - Sync 1 DAGs
[2025-04-27T00:07:03.357+0000] {logging_mixin.py:190} INFO - [2025-04-27T00:07:03.357+0000] {dag.py:4180} INFO - Setting next_dagrun for example_time_delta_sensor_async to None, run_after=None
[2025-04-27T00:07:03.374+0000] {processor.py:208} INFO - Processing /home/airflow/.local/lib/python3.10/site-packages/airflow/example_dags/example_time_delta_sensor_async.py took 0.066 seconds
[2025-04-27T00:07:34.216+0000] {processor.py:186} INFO - Started process (PID=21250) to work on /home/airflow/.local/lib/python3.10/site-packages/airflow/example_dags/example_time_delta_sensor_async.py
[2025-04-27T00:07:34.217+0000] {processor.py:914} INFO - Processing file /home/airflow/.local/lib/python3.10/site-packages/airflow/example_dags/example_time_delta_sensor_async.py for tasks to queue
[2025-04-27T00:07:34.220+0000] {logging_mixin.py:190} INFO - [2025-04-27T00:07:34.219+0000] {dagbag.py:588} INFO - Filling up the DagBag from /home/airflow/.local/lib/python3.10/site-packages/airflow/example_dags/example_time_delta_sensor_async.py
[2025-04-27T00:07:34.226+0000] {processor.py:925} INFO - DAG(s) 'example_time_delta_sensor_async' retrieved from /home/airflow/.local/lib/python3.10/site-packages/airflow/example_dags/example_time_delta_sensor_async.py
[2025-04-27T00:07:34.246+0000] {logging_mixin.py:190} INFO - [2025-04-27T00:07:34.245+0000] {dag.py:3239} INFO - Sync 1 DAGs
[2025-04-27T00:07:34.260+0000] {logging_mixin.py:190} INFO - [2025-04-27T00:07:34.259+0000] {dag.py:4180} INFO - Setting next_dagrun for example_time_delta_sensor_async to None, run_after=None
[2025-04-27T00:07:34.279+0000] {processor.py:208} INFO - Processing /home/airflow/.local/lib/python3.10/site-packages/airflow/example_dags/example_time_delta_sensor_async.py took 0.069 seconds
[2025-04-27T00:08:04.475+0000] {processor.py:186} INFO - Started process (PID=21316) to work on /home/airflow/.local/lib/python3.10/site-packages/airflow/example_dags/example_time_delta_sensor_async.py
[2025-04-27T00:08:04.476+0000] {processor.py:914} INFO - Processing file /home/airflow/.local/lib/python3.10/site-packages/airflow/example_dags/example_time_delta_sensor_async.py for tasks to queue
[2025-04-27T00:08:04.479+0000] {logging_mixin.py:190} INFO - [2025-04-27T00:08:04.479+0000] {dagbag.py:588} INFO - Filling up the DagBag from /home/airflow/.local/lib/python3.10/site-packages/airflow/example_dags/example_time_delta_sensor_async.py
[2025-04-27T00:08:04.488+0000] {processor.py:925} INFO - DAG(s) 'example_time_delta_sensor_async' retrieved from /home/airflow/.local/lib/python3.10/site-packages/airflow/example_dags/example_time_delta_sensor_async.py
[2025-04-27T00:08:04.510+0000] {logging_mixin.py:190} INFO - [2025-04-27T00:08:04.509+0000] {dag.py:3239} INFO - Sync 1 DAGs
[2025-04-27T00:08:04.529+0000] {logging_mixin.py:190} INFO - [2025-04-27T00:08:04.528+0000] {dag.py:4180} INFO - Setting next_dagrun for example_time_delta_sensor_async to None, run_after=None
[2025-04-27T00:08:04.552+0000] {processor.py:208} INFO - Processing /home/airflow/.local/lib/python3.10/site-packages/airflow/example_dags/example_time_delta_sensor_async.py took 0.086 seconds
[2025-04-27T00:08:34.780+0000] {processor.py:186} INFO - Started process (PID=21382) to work on /home/airflow/.local/lib/python3.10/site-packages/airflow/example_dags/example_time_delta_sensor_async.py
[2025-04-27T00:08:34.781+0000] {processor.py:914} INFO - Processing file /home/airflow/.local/lib/python3.10/site-packages/airflow/example_dags/example_time_delta_sensor_async.py for tasks to queue
[2025-04-27T00:08:34.783+0000] {logging_mixin.py:190} INFO - [2025-04-27T00:08:34.783+0000] {dagbag.py:588} INFO - Filling up the DagBag from /home/airflow/.local/lib/python3.10/site-packages/airflow/example_dags/example_time_delta_sensor_async.py
[2025-04-27T00:08:34.789+0000] {processor.py:925} INFO - DAG(s) 'example_time_delta_sensor_async' retrieved from /home/airflow/.local/lib/python3.10/site-packages/airflow/example_dags/example_time_delta_sensor_async.py
[2025-04-27T00:08:34.807+0000] {logging_mixin.py:190} INFO - [2025-04-27T00:08:34.807+0000] {dag.py:3239} INFO - Sync 1 DAGs
[2025-04-27T00:08:34.823+0000] {logging_mixin.py:190} INFO - [2025-04-27T00:08:34.823+0000] {dag.py:4180} INFO - Setting next_dagrun for example_time_delta_sensor_async to None, run_after=None
[2025-04-27T00:08:34.844+0000] {processor.py:208} INFO - Processing /home/airflow/.local/lib/python3.10/site-packages/airflow/example_dags/example_time_delta_sensor_async.py took 0.070 seconds
[2025-04-27T00:09:04.988+0000] {processor.py:186} INFO - Started process (PID=21448) to work on /home/airflow/.local/lib/python3.10/site-packages/airflow/example_dags/example_time_delta_sensor_async.py
[2025-04-27T00:09:04.989+0000] {processor.py:914} INFO - Processing file /home/airflow/.local/lib/python3.10/site-packages/airflow/example_dags/example_time_delta_sensor_async.py for tasks to queue
[2025-04-27T00:09:04.991+0000] {logging_mixin.py:190} INFO - [2025-04-27T00:09:04.991+0000] {dagbag.py:588} INFO - Filling up the DagBag from /home/airflow/.local/lib/python3.10/site-packages/airflow/example_dags/example_time_delta_sensor_async.py
[2025-04-27T00:09:04.998+0000] {processor.py:925} INFO - DAG(s) 'example_time_delta_sensor_async' retrieved from /home/airflow/.local/lib/python3.10/site-packages/airflow/example_dags/example_time_delta_sensor_async.py
[2025-04-27T00:09:05.020+0000] {logging_mixin.py:190} INFO - [2025-04-27T00:09:05.019+0000] {dag.py:3239} INFO - Sync 1 DAGs
[2025-04-27T00:09:05.035+0000] {logging_mixin.py:190} INFO - [2025-04-27T00:09:05.035+0000] {dag.py:4180} INFO - Setting next_dagrun for example_time_delta_sensor_async to None, run_after=None
[2025-04-27T00:09:05.057+0000] {processor.py:208} INFO - Processing /home/airflow/.local/lib/python3.10/site-packages/airflow/example_dags/example_time_delta_sensor_async.py took 0.076 seconds
[2025-04-27T00:09:35.235+0000] {processor.py:186} INFO - Started process (PID=21514) to work on /home/airflow/.local/lib/python3.10/site-packages/airflow/example_dags/example_time_delta_sensor_async.py
[2025-04-27T00:09:35.236+0000] {processor.py:914} INFO - Processing file /home/airflow/.local/lib/python3.10/site-packages/airflow/example_dags/example_time_delta_sensor_async.py for tasks to queue
[2025-04-27T00:09:35.239+0000] {logging_mixin.py:190} INFO - [2025-04-27T00:09:35.239+0000] {dagbag.py:588} INFO - Filling up the DagBag from /home/airflow/.local/lib/python3.10/site-packages/airflow/example_dags/example_time_delta_sensor_async.py
[2025-04-27T00:09:35.245+0000] {processor.py:925} INFO - DAG(s) 'example_time_delta_sensor_async' retrieved from /home/airflow/.local/lib/python3.10/site-packages/airflow/example_dags/example_time_delta_sensor_async.py
[2025-04-27T00:09:35.264+0000] {logging_mixin.py:190} INFO - [2025-04-27T00:09:35.263+0000] {dag.py:3239} INFO - Sync 1 DAGs
[2025-04-27T00:09:35.277+0000] {logging_mixin.py:190} INFO - [2025-04-27T00:09:35.277+0000] {dag.py:4180} INFO - Setting next_dagrun for example_time_delta_sensor_async to None, run_after=None
[2025-04-27T00:09:35.295+0000] {processor.py:208} INFO - Processing /home/airflow/.local/lib/python3.10/site-packages/airflow/example_dags/example_time_delta_sensor_async.py took 0.066 seconds
[2025-04-27T00:10:05.546+0000] {processor.py:186} INFO - Started process (PID=21580) to work on /home/airflow/.local/lib/python3.10/site-packages/airflow/example_dags/example_time_delta_sensor_async.py
[2025-04-27T00:10:05.547+0000] {processor.py:914} INFO - Processing file /home/airflow/.local/lib/python3.10/site-packages/airflow/example_dags/example_time_delta_sensor_async.py for tasks to queue
[2025-04-27T00:10:05.550+0000] {logging_mixin.py:190} INFO - [2025-04-27T00:10:05.549+0000] {dagbag.py:588} INFO - Filling up the DagBag from /home/airflow/.local/lib/python3.10/site-packages/airflow/example_dags/example_time_delta_sensor_async.py
[2025-04-27T00:10:05.556+0000] {processor.py:925} INFO - DAG(s) 'example_time_delta_sensor_async' retrieved from /home/airflow/.local/lib/python3.10/site-packages/airflow/example_dags/example_time_delta_sensor_async.py
[2025-04-27T00:10:05.575+0000] {logging_mixin.py:190} INFO - [2025-04-27T00:10:05.574+0000] {dag.py:3239} INFO - Sync 1 DAGs
[2025-04-27T00:10:05.589+0000] {logging_mixin.py:190} INFO - [2025-04-27T00:10:05.588+0000] {dag.py:4180} INFO - Setting next_dagrun for example_time_delta_sensor_async to None, run_after=None
[2025-04-27T00:10:05.606+0000] {processor.py:208} INFO - Processing /home/airflow/.local/lib/python3.10/site-packages/airflow/example_dags/example_time_delta_sensor_async.py took 0.066 seconds
[2025-04-27T00:10:35.943+0000] {processor.py:186} INFO - Started process (PID=21646) to work on /home/airflow/.local/lib/python3.10/site-packages/airflow/example_dags/example_time_delta_sensor_async.py
[2025-04-27T00:10:35.944+0000] {processor.py:914} INFO - Processing file /home/airflow/.local/lib/python3.10/site-packages/airflow/example_dags/example_time_delta_sensor_async.py for tasks to queue
[2025-04-27T00:10:35.946+0000] {logging_mixin.py:190} INFO - [2025-04-27T00:10:35.946+0000] {dagbag.py:588} INFO - Filling up the DagBag from /home/airflow/.local/lib/python3.10/site-packages/airflow/example_dags/example_time_delta_sensor_async.py
[2025-04-27T00:10:35.952+0000] {processor.py:925} INFO - DAG(s) 'example_time_delta_sensor_async' retrieved from /home/airflow/.local/lib/python3.10/site-packages/airflow/example_dags/example_time_delta_sensor_async.py
[2025-04-27T00:10:35.970+0000] {logging_mixin.py:190} INFO - [2025-04-27T00:10:35.969+0000] {dag.py:3239} INFO - Sync 1 DAGs
[2025-04-27T00:10:35.982+0000] {logging_mixin.py:190} INFO - [2025-04-27T00:10:35.982+0000] {dag.py:4180} INFO - Setting next_dagrun for example_time_delta_sensor_async to None, run_after=None
[2025-04-27T00:10:35.999+0000] {processor.py:208} INFO - Processing /home/airflow/.local/lib/python3.10/site-packages/airflow/example_dags/example_time_delta_sensor_async.py took 0.062 seconds
[2025-04-27T00:11:06.894+0000] {processor.py:186} INFO - Started process (PID=21712) to work on /home/airflow/.local/lib/python3.10/site-packages/airflow/example_dags/example_time_delta_sensor_async.py
[2025-04-27T00:11:06.895+0000] {processor.py:914} INFO - Processing file /home/airflow/.local/lib/python3.10/site-packages/airflow/example_dags/example_time_delta_sensor_async.py for tasks to queue
[2025-04-27T00:11:06.897+0000] {logging_mixin.py:190} INFO - [2025-04-27T00:11:06.897+0000] {dagbag.py:588} INFO - Filling up the DagBag from /home/airflow/.local/lib/python3.10/site-packages/airflow/example_dags/example_time_delta_sensor_async.py
[2025-04-27T00:11:06.904+0000] {processor.py:925} INFO - DAG(s) 'example_time_delta_sensor_async' retrieved from /home/airflow/.local/lib/python3.10/site-packages/airflow/example_dags/example_time_delta_sensor_async.py
[2025-04-27T00:11:06.925+0000] {logging_mixin.py:190} INFO - [2025-04-27T00:11:06.925+0000] {dag.py:3239} INFO - Sync 1 DAGs
[2025-04-27T00:11:06.942+0000] {logging_mixin.py:190} INFO - [2025-04-27T00:11:06.942+0000] {dag.py:4180} INFO - Setting next_dagrun for example_time_delta_sensor_async to None, run_after=None
[2025-04-27T00:11:06.966+0000] {processor.py:208} INFO - Processing /home/airflow/.local/lib/python3.10/site-packages/airflow/example_dags/example_time_delta_sensor_async.py took 0.078 seconds
[2025-04-27T00:11:37.201+0000] {processor.py:186} INFO - Started process (PID=21778) to work on /home/airflow/.local/lib/python3.10/site-packages/airflow/example_dags/example_time_delta_sensor_async.py
[2025-04-27T00:11:37.202+0000] {processor.py:914} INFO - Processing file /home/airflow/.local/lib/python3.10/site-packages/airflow/example_dags/example_time_delta_sensor_async.py for tasks to queue
[2025-04-27T00:11:37.205+0000] {logging_mixin.py:190} INFO - [2025-04-27T00:11:37.205+0000] {dagbag.py:588} INFO - Filling up the DagBag from /home/airflow/.local/lib/python3.10/site-packages/airflow/example_dags/example_time_delta_sensor_async.py
[2025-04-27T00:11:37.213+0000] {processor.py:925} INFO - DAG(s) 'example_time_delta_sensor_async' retrieved from /home/airflow/.local/lib/python3.10/site-packages/airflow/example_dags/example_time_delta_sensor_async.py
[2025-04-27T00:11:37.237+0000] {logging_mixin.py:190} INFO - [2025-04-27T00:11:37.237+0000] {dag.py:3239} INFO - Sync 1 DAGs
[2025-04-27T00:11:37.255+0000] {logging_mixin.py:190} INFO - [2025-04-27T00:11:37.255+0000] {dag.py:4180} INFO - Setting next_dagrun for example_time_delta_sensor_async to None, run_after=None
[2025-04-27T00:11:37.281+0000] {processor.py:208} INFO - Processing /home/airflow/.local/lib/python3.10/site-packages/airflow/example_dags/example_time_delta_sensor_async.py took 0.088 seconds
[2025-04-27T00:12:07.574+0000] {processor.py:186} INFO - Started process (PID=21844) to work on /home/airflow/.local/lib/python3.10/site-packages/airflow/example_dags/example_time_delta_sensor_async.py
[2025-04-27T00:12:07.575+0000] {processor.py:914} INFO - Processing file /home/airflow/.local/lib/python3.10/site-packages/airflow/example_dags/example_time_delta_sensor_async.py for tasks to queue
[2025-04-27T00:12:07.577+0000] {logging_mixin.py:190} INFO - [2025-04-27T00:12:07.577+0000] {dagbag.py:588} INFO - Filling up the DagBag from /home/airflow/.local/lib/python3.10/site-packages/airflow/example_dags/example_time_delta_sensor_async.py
[2025-04-27T00:12:07.583+0000] {processor.py:925} INFO - DAG(s) 'example_time_delta_sensor_async' retrieved from /home/airflow/.local/lib/python3.10/site-packages/airflow/example_dags/example_time_delta_sensor_async.py
[2025-04-27T00:12:07.600+0000] {logging_mixin.py:190} INFO - [2025-04-27T00:12:07.600+0000] {dag.py:3239} INFO - Sync 1 DAGs
[2025-04-27T00:12:07.614+0000] {logging_mixin.py:190} INFO - [2025-04-27T00:12:07.613+0000] {dag.py:4180} INFO - Setting next_dagrun for example_time_delta_sensor_async to None, run_after=None
[2025-04-27T00:12:07.630+0000] {processor.py:208} INFO - Processing /home/airflow/.local/lib/python3.10/site-packages/airflow/example_dags/example_time_delta_sensor_async.py took 0.062 seconds
[2025-04-27T00:12:37.926+0000] {processor.py:186} INFO - Started process (PID=21910) to work on /home/airflow/.local/lib/python3.10/site-packages/airflow/example_dags/example_time_delta_sensor_async.py
[2025-04-27T00:12:37.927+0000] {processor.py:914} INFO - Processing file /home/airflow/.local/lib/python3.10/site-packages/airflow/example_dags/example_time_delta_sensor_async.py for tasks to queue
[2025-04-27T00:12:37.930+0000] {logging_mixin.py:190} INFO - [2025-04-27T00:12:37.929+0000] {dagbag.py:588} INFO - Filling up the DagBag from /home/airflow/.local/lib/python3.10/site-packages/airflow/example_dags/example_time_delta_sensor_async.py
[2025-04-27T00:12:37.938+0000] {processor.py:925} INFO - DAG(s) 'example_time_delta_sensor_async' retrieved from /home/airflow/.local/lib/python3.10/site-packages/airflow/example_dags/example_time_delta_sensor_async.py
[2025-04-27T00:12:37.963+0000] {logging_mixin.py:190} INFO - [2025-04-27T00:12:37.963+0000] {dag.py:3239} INFO - Sync 1 DAGs
[2025-04-27T00:12:37.983+0000] {logging_mixin.py:190} INFO - [2025-04-27T00:12:37.983+0000] {dag.py:4180} INFO - Setting next_dagrun for example_time_delta_sensor_async to None, run_after=None
[2025-04-27T00:12:38.007+0000] {processor.py:208} INFO - Processing /home/airflow/.local/lib/python3.10/site-packages/airflow/example_dags/example_time_delta_sensor_async.py took 0.087 seconds
[2025-04-27T00:13:08.343+0000] {processor.py:186} INFO - Started process (PID=21976) to work on /home/airflow/.local/lib/python3.10/site-packages/airflow/example_dags/example_time_delta_sensor_async.py
[2025-04-27T00:13:08.344+0000] {processor.py:914} INFO - Processing file /home/airflow/.local/lib/python3.10/site-packages/airflow/example_dags/example_time_delta_sensor_async.py for tasks to queue
[2025-04-27T00:13:08.346+0000] {logging_mixin.py:190} INFO - [2025-04-27T00:13:08.346+0000] {dagbag.py:588} INFO - Filling up the DagBag from /home/airflow/.local/lib/python3.10/site-packages/airflow/example_dags/example_time_delta_sensor_async.py
[2025-04-27T00:13:08.354+0000] {processor.py:925} INFO - DAG(s) 'example_time_delta_sensor_async' retrieved from /home/airflow/.local/lib/python3.10/site-packages/airflow/example_dags/example_time_delta_sensor_async.py
[2025-04-27T00:13:08.373+0000] {logging_mixin.py:190} INFO - [2025-04-27T00:13:08.373+0000] {dag.py:3239} INFO - Sync 1 DAGs
[2025-04-27T00:13:08.388+0000] {logging_mixin.py:190} INFO - [2025-04-27T00:13:08.388+0000] {dag.py:4180} INFO - Setting next_dagrun for example_time_delta_sensor_async to None, run_after=None
[2025-04-27T00:13:08.407+0000] {processor.py:208} INFO - Processing /home/airflow/.local/lib/python3.10/site-packages/airflow/example_dags/example_time_delta_sensor_async.py took 0.072 seconds
[2025-04-27T00:13:39.347+0000] {processor.py:186} INFO - Started process (PID=22042) to work on /home/airflow/.local/lib/python3.10/site-packages/airflow/example_dags/example_time_delta_sensor_async.py
[2025-04-27T00:13:39.348+0000] {processor.py:914} INFO - Processing file /home/airflow/.local/lib/python3.10/site-packages/airflow/example_dags/example_time_delta_sensor_async.py for tasks to queue
[2025-04-27T00:13:39.351+0000] {logging_mixin.py:190} INFO - [2025-04-27T00:13:39.350+0000] {dagbag.py:588} INFO - Filling up the DagBag from /home/airflow/.local/lib/python3.10/site-packages/airflow/example_dags/example_time_delta_sensor_async.py
[2025-04-27T00:13:39.358+0000] {processor.py:925} INFO - DAG(s) 'example_time_delta_sensor_async' retrieved from /home/airflow/.local/lib/python3.10/site-packages/airflow/example_dags/example_time_delta_sensor_async.py
[2025-04-27T00:13:39.376+0000] {logging_mixin.py:190} INFO - [2025-04-27T00:13:39.375+0000] {dag.py:3239} INFO - Sync 1 DAGs
[2025-04-27T00:13:39.390+0000] {logging_mixin.py:190} INFO - [2025-04-27T00:13:39.389+0000] {dag.py:4180} INFO - Setting next_dagrun for example_time_delta_sensor_async to None, run_after=None
[2025-04-27T00:13:39.407+0000] {processor.py:208} INFO - Processing /home/airflow/.local/lib/python3.10/site-packages/airflow/example_dags/example_time_delta_sensor_async.py took 0.067 seconds
[2025-04-27T00:14:09.642+0000] {processor.py:186} INFO - Started process (PID=22109) to work on /home/airflow/.local/lib/python3.10/site-packages/airflow/example_dags/example_time_delta_sensor_async.py
[2025-04-27T00:14:09.643+0000] {processor.py:914} INFO - Processing file /home/airflow/.local/lib/python3.10/site-packages/airflow/example_dags/example_time_delta_sensor_async.py for tasks to queue
[2025-04-27T00:14:09.645+0000] {logging_mixin.py:190} INFO - [2025-04-27T00:14:09.645+0000] {dagbag.py:588} INFO - Filling up the DagBag from /home/airflow/.local/lib/python3.10/site-packages/airflow/example_dags/example_time_delta_sensor_async.py
[2025-04-27T00:14:09.652+0000] {processor.py:925} INFO - DAG(s) 'example_time_delta_sensor_async' retrieved from /home/airflow/.local/lib/python3.10/site-packages/airflow/example_dags/example_time_delta_sensor_async.py
[2025-04-27T00:14:09.669+0000] {logging_mixin.py:190} INFO - [2025-04-27T00:14:09.669+0000] {dag.py:3239} INFO - Sync 1 DAGs
[2025-04-27T00:14:09.683+0000] {logging_mixin.py:190} INFO - [2025-04-27T00:14:09.682+0000] {dag.py:4180} INFO - Setting next_dagrun for example_time_delta_sensor_async to None, run_after=None
[2025-04-27T00:14:09.698+0000] {processor.py:208} INFO - Processing /home/airflow/.local/lib/python3.10/site-packages/airflow/example_dags/example_time_delta_sensor_async.py took 0.062 seconds
[2025-04-27T00:14:40.642+0000] {processor.py:186} INFO - Started process (PID=22175) to work on /home/airflow/.local/lib/python3.10/site-packages/airflow/example_dags/example_time_delta_sensor_async.py
[2025-04-27T00:14:40.643+0000] {processor.py:914} INFO - Processing file /home/airflow/.local/lib/python3.10/site-packages/airflow/example_dags/example_time_delta_sensor_async.py for tasks to queue
[2025-04-27T00:14:40.646+0000] {logging_mixin.py:190} INFO - [2025-04-27T00:14:40.646+0000] {dagbag.py:588} INFO - Filling up the DagBag from /home/airflow/.local/lib/python3.10/site-packages/airflow/example_dags/example_time_delta_sensor_async.py
[2025-04-27T00:14:40.654+0000] {processor.py:925} INFO - DAG(s) 'example_time_delta_sensor_async' retrieved from /home/airflow/.local/lib/python3.10/site-packages/airflow/example_dags/example_time_delta_sensor_async.py
[2025-04-27T00:14:40.675+0000] {logging_mixin.py:190} INFO - [2025-04-27T00:14:40.675+0000] {dag.py:3239} INFO - Sync 1 DAGs
[2025-04-27T00:14:40.691+0000] {logging_mixin.py:190} INFO - [2025-04-27T00:14:40.690+0000] {dag.py:4180} INFO - Setting next_dagrun for example_time_delta_sensor_async to None, run_after=None
[2025-04-27T00:14:40.712+0000] {processor.py:208} INFO - Processing /home/airflow/.local/lib/python3.10/site-packages/airflow/example_dags/example_time_delta_sensor_async.py took 0.076 seconds
[2025-04-27T00:15:11.313+0000] {processor.py:186} INFO - Started process (PID=22239) to work on /home/airflow/.local/lib/python3.10/site-packages/airflow/example_dags/example_time_delta_sensor_async.py
[2025-04-27T00:15:11.314+0000] {processor.py:914} INFO - Processing file /home/airflow/.local/lib/python3.10/site-packages/airflow/example_dags/example_time_delta_sensor_async.py for tasks to queue
[2025-04-27T00:15:11.317+0000] {logging_mixin.py:190} INFO - [2025-04-27T00:15:11.317+0000] {dagbag.py:588} INFO - Filling up the DagBag from /home/airflow/.local/lib/python3.10/site-packages/airflow/example_dags/example_time_delta_sensor_async.py
[2025-04-27T00:15:11.327+0000] {processor.py:925} INFO - DAG(s) 'example_time_delta_sensor_async' retrieved from /home/airflow/.local/lib/python3.10/site-packages/airflow/example_dags/example_time_delta_sensor_async.py
[2025-04-27T00:15:11.350+0000] {logging_mixin.py:190} INFO - [2025-04-27T00:15:11.350+0000] {dag.py:3239} INFO - Sync 1 DAGs
[2025-04-27T00:15:11.370+0000] {logging_mixin.py:190} INFO - [2025-04-27T00:15:11.370+0000] {dag.py:4180} INFO - Setting next_dagrun for example_time_delta_sensor_async to None, run_after=None
[2025-04-27T00:15:11.393+0000] {processor.py:208} INFO - Processing /home/airflow/.local/lib/python3.10/site-packages/airflow/example_dags/example_time_delta_sensor_async.py took 0.090 seconds
[2025-04-27T00:15:42.404+0000] {processor.py:186} INFO - Started process (PID=22305) to work on /home/airflow/.local/lib/python3.10/site-packages/airflow/example_dags/example_time_delta_sensor_async.py
[2025-04-27T00:15:42.405+0000] {processor.py:914} INFO - Processing file /home/airflow/.local/lib/python3.10/site-packages/airflow/example_dags/example_time_delta_sensor_async.py for tasks to queue
[2025-04-27T00:15:42.408+0000] {logging_mixin.py:190} INFO - [2025-04-27T00:15:42.407+0000] {dagbag.py:588} INFO - Filling up the DagBag from /home/airflow/.local/lib/python3.10/site-packages/airflow/example_dags/example_time_delta_sensor_async.py
[2025-04-27T00:15:42.417+0000] {processor.py:925} INFO - DAG(s) 'example_time_delta_sensor_async' retrieved from /home/airflow/.local/lib/python3.10/site-packages/airflow/example_dags/example_time_delta_sensor_async.py
[2025-04-27T00:15:42.447+0000] {logging_mixin.py:190} INFO - [2025-04-27T00:15:42.446+0000] {dag.py:3239} INFO - Sync 1 DAGs
[2025-04-27T00:15:42.467+0000] {logging_mixin.py:190} INFO - [2025-04-27T00:15:42.466+0000] {dag.py:4180} INFO - Setting next_dagrun for example_time_delta_sensor_async to None, run_after=None
[2025-04-27T00:15:42.494+0000] {processor.py:208} INFO - Processing /home/airflow/.local/lib/python3.10/site-packages/airflow/example_dags/example_time_delta_sensor_async.py took 0.097 seconds
[2025-04-27T00:16:13.214+0000] {processor.py:186} INFO - Started process (PID=22371) to work on /home/airflow/.local/lib/python3.10/site-packages/airflow/example_dags/example_time_delta_sensor_async.py
[2025-04-27T00:16:13.215+0000] {processor.py:914} INFO - Processing file /home/airflow/.local/lib/python3.10/site-packages/airflow/example_dags/example_time_delta_sensor_async.py for tasks to queue
[2025-04-27T00:16:13.218+0000] {logging_mixin.py:190} INFO - [2025-04-27T00:16:13.218+0000] {dagbag.py:588} INFO - Filling up the DagBag from /home/airflow/.local/lib/python3.10/site-packages/airflow/example_dags/example_time_delta_sensor_async.py
[2025-04-27T00:16:13.228+0000] {processor.py:925} INFO - DAG(s) 'example_time_delta_sensor_async' retrieved from /home/airflow/.local/lib/python3.10/site-packages/airflow/example_dags/example_time_delta_sensor_async.py
[2025-04-27T00:16:13.255+0000] {logging_mixin.py:190} INFO - [2025-04-27T00:16:13.255+0000] {dag.py:3239} INFO - Sync 1 DAGs
[2025-04-27T00:16:13.274+0000] {logging_mixin.py:190} INFO - [2025-04-27T00:16:13.273+0000] {dag.py:4180} INFO - Setting next_dagrun for example_time_delta_sensor_async to None, run_after=None
[2025-04-27T00:16:13.301+0000] {processor.py:208} INFO - Processing /home/airflow/.local/lib/python3.10/site-packages/airflow/example_dags/example_time_delta_sensor_async.py took 0.097 seconds
[2025-04-27T00:16:43.670+0000] {processor.py:186} INFO - Started process (PID=22437) to work on /home/airflow/.local/lib/python3.10/site-packages/airflow/example_dags/example_time_delta_sensor_async.py
[2025-04-27T00:16:43.671+0000] {processor.py:914} INFO - Processing file /home/airflow/.local/lib/python3.10/site-packages/airflow/example_dags/example_time_delta_sensor_async.py for tasks to queue
[2025-04-27T00:16:43.674+0000] {logging_mixin.py:190} INFO - [2025-04-27T00:16:43.674+0000] {dagbag.py:588} INFO - Filling up the DagBag from /home/airflow/.local/lib/python3.10/site-packages/airflow/example_dags/example_time_delta_sensor_async.py
[2025-04-27T00:16:43.681+0000] {processor.py:925} INFO - DAG(s) 'example_time_delta_sensor_async' retrieved from /home/airflow/.local/lib/python3.10/site-packages/airflow/example_dags/example_time_delta_sensor_async.py
[2025-04-27T00:16:43.699+0000] {logging_mixin.py:190} INFO - [2025-04-27T00:16:43.699+0000] {dag.py:3239} INFO - Sync 1 DAGs
[2025-04-27T00:16:43.714+0000] {logging_mixin.py:190} INFO - [2025-04-27T00:16:43.714+0000] {dag.py:4180} INFO - Setting next_dagrun for example_time_delta_sensor_async to None, run_after=None
[2025-04-27T00:16:43.735+0000] {processor.py:208} INFO - Processing /home/airflow/.local/lib/python3.10/site-packages/airflow/example_dags/example_time_delta_sensor_async.py took 0.072 seconds
[2025-04-27T00:17:14.563+0000] {processor.py:186} INFO - Started process (PID=22503) to work on /home/airflow/.local/lib/python3.10/site-packages/airflow/example_dags/example_time_delta_sensor_async.py
[2025-04-27T00:17:14.565+0000] {processor.py:914} INFO - Processing file /home/airflow/.local/lib/python3.10/site-packages/airflow/example_dags/example_time_delta_sensor_async.py for tasks to queue
[2025-04-27T00:17:14.567+0000] {logging_mixin.py:190} INFO - [2025-04-27T00:17:14.567+0000] {dagbag.py:588} INFO - Filling up the DagBag from /home/airflow/.local/lib/python3.10/site-packages/airflow/example_dags/example_time_delta_sensor_async.py
[2025-04-27T00:17:14.574+0000] {processor.py:925} INFO - DAG(s) 'example_time_delta_sensor_async' retrieved from /home/airflow/.local/lib/python3.10/site-packages/airflow/example_dags/example_time_delta_sensor_async.py
[2025-04-27T00:17:14.595+0000] {logging_mixin.py:190} INFO - [2025-04-27T00:17:14.595+0000] {dag.py:3239} INFO - Sync 1 DAGs
[2025-04-27T00:17:14.611+0000] {logging_mixin.py:190} INFO - [2025-04-27T00:17:14.611+0000] {dag.py:4180} INFO - Setting next_dagrun for example_time_delta_sensor_async to None, run_after=None
[2025-04-27T00:17:14.635+0000] {processor.py:208} INFO - Processing /home/airflow/.local/lib/python3.10/site-packages/airflow/example_dags/example_time_delta_sensor_async.py took 0.079 seconds
[2025-04-27T00:17:44.919+0000] {processor.py:186} INFO - Started process (PID=22569) to work on /home/airflow/.local/lib/python3.10/site-packages/airflow/example_dags/example_time_delta_sensor_async.py
[2025-04-27T00:17:44.920+0000] {processor.py:914} INFO - Processing file /home/airflow/.local/lib/python3.10/site-packages/airflow/example_dags/example_time_delta_sensor_async.py for tasks to queue
[2025-04-27T00:17:44.923+0000] {logging_mixin.py:190} INFO - [2025-04-27T00:17:44.923+0000] {dagbag.py:588} INFO - Filling up the DagBag from /home/airflow/.local/lib/python3.10/site-packages/airflow/example_dags/example_time_delta_sensor_async.py
[2025-04-27T00:17:44.931+0000] {processor.py:925} INFO - DAG(s) 'example_time_delta_sensor_async' retrieved from /home/airflow/.local/lib/python3.10/site-packages/airflow/example_dags/example_time_delta_sensor_async.py
[2025-04-27T00:17:44.955+0000] {logging_mixin.py:190} INFO - [2025-04-27T00:17:44.955+0000] {dag.py:3239} INFO - Sync 1 DAGs
[2025-04-27T00:17:44.973+0000] {logging_mixin.py:190} INFO - [2025-04-27T00:17:44.973+0000] {dag.py:4180} INFO - Setting next_dagrun for example_time_delta_sensor_async to None, run_after=None
[2025-04-27T00:17:44.992+0000] {processor.py:208} INFO - Processing /home/airflow/.local/lib/python3.10/site-packages/airflow/example_dags/example_time_delta_sensor_async.py took 0.080 seconds
[2025-04-27T00:18:15.703+0000] {processor.py:186} INFO - Started process (PID=22635) to work on /home/airflow/.local/lib/python3.10/site-packages/airflow/example_dags/example_time_delta_sensor_async.py
[2025-04-27T00:18:15.704+0000] {processor.py:914} INFO - Processing file /home/airflow/.local/lib/python3.10/site-packages/airflow/example_dags/example_time_delta_sensor_async.py for tasks to queue
[2025-04-27T00:18:15.707+0000] {logging_mixin.py:190} INFO - [2025-04-27T00:18:15.706+0000] {dagbag.py:588} INFO - Filling up the DagBag from /home/airflow/.local/lib/python3.10/site-packages/airflow/example_dags/example_time_delta_sensor_async.py
[2025-04-27T00:18:15.714+0000] {processor.py:925} INFO - DAG(s) 'example_time_delta_sensor_async' retrieved from /home/airflow/.local/lib/python3.10/site-packages/airflow/example_dags/example_time_delta_sensor_async.py
[2025-04-27T00:18:15.732+0000] {logging_mixin.py:190} INFO - [2025-04-27T00:18:15.732+0000] {dag.py:3239} INFO - Sync 1 DAGs
[2025-04-27T00:18:15.747+0000] {logging_mixin.py:190} INFO - [2025-04-27T00:18:15.747+0000] {dag.py:4180} INFO - Setting next_dagrun for example_time_delta_sensor_async to None, run_after=None
[2025-04-27T00:18:15.772+0000] {processor.py:208} INFO - Processing /home/airflow/.local/lib/python3.10/site-packages/airflow/example_dags/example_time_delta_sensor_async.py took 0.078 seconds
[2025-04-27T00:18:45.881+0000] {processor.py:186} INFO - Started process (PID=22701) to work on /home/airflow/.local/lib/python3.10/site-packages/airflow/example_dags/example_time_delta_sensor_async.py
[2025-04-27T00:18:45.881+0000] {processor.py:914} INFO - Processing file /home/airflow/.local/lib/python3.10/site-packages/airflow/example_dags/example_time_delta_sensor_async.py for tasks to queue
[2025-04-27T00:18:45.884+0000] {logging_mixin.py:190} INFO - [2025-04-27T00:18:45.883+0000] {dagbag.py:588} INFO - Filling up the DagBag from /home/airflow/.local/lib/python3.10/site-packages/airflow/example_dags/example_time_delta_sensor_async.py
[2025-04-27T00:18:45.890+0000] {processor.py:925} INFO - DAG(s) 'example_time_delta_sensor_async' retrieved from /home/airflow/.local/lib/python3.10/site-packages/airflow/example_dags/example_time_delta_sensor_async.py
[2025-04-27T00:18:45.908+0000] {logging_mixin.py:190} INFO - [2025-04-27T00:18:45.908+0000] {dag.py:3239} INFO - Sync 1 DAGs
[2025-04-27T00:18:45.922+0000] {logging_mixin.py:190} INFO - [2025-04-27T00:18:45.922+0000] {dag.py:4180} INFO - Setting next_dagrun for example_time_delta_sensor_async to None, run_after=None
[2025-04-27T00:18:45.941+0000] {processor.py:208} INFO - Processing /home/airflow/.local/lib/python3.10/site-packages/airflow/example_dags/example_time_delta_sensor_async.py took 0.066 seconds
[2025-04-27T00:19:16.246+0000] {processor.py:186} INFO - Started process (PID=22767) to work on /home/airflow/.local/lib/python3.10/site-packages/airflow/example_dags/example_time_delta_sensor_async.py
[2025-04-27T00:19:16.248+0000] {processor.py:914} INFO - Processing file /home/airflow/.local/lib/python3.10/site-packages/airflow/example_dags/example_time_delta_sensor_async.py for tasks to queue
[2025-04-27T00:19:16.251+0000] {logging_mixin.py:190} INFO - [2025-04-27T00:19:16.250+0000] {dagbag.py:588} INFO - Filling up the DagBag from /home/airflow/.local/lib/python3.10/site-packages/airflow/example_dags/example_time_delta_sensor_async.py
[2025-04-27T00:19:16.258+0000] {processor.py:925} INFO - DAG(s) 'example_time_delta_sensor_async' retrieved from /home/airflow/.local/lib/python3.10/site-packages/airflow/example_dags/example_time_delta_sensor_async.py
[2025-04-27T00:19:16.280+0000] {logging_mixin.py:190} INFO - [2025-04-27T00:19:16.280+0000] {dag.py:3239} INFO - Sync 1 DAGs
[2025-04-27T00:19:16.296+0000] {logging_mixin.py:190} INFO - [2025-04-27T00:19:16.296+0000] {dag.py:4180} INFO - Setting next_dagrun for example_time_delta_sensor_async to None, run_after=None
[2025-04-27T00:19:16.318+0000] {processor.py:208} INFO - Processing /home/airflow/.local/lib/python3.10/site-packages/airflow/example_dags/example_time_delta_sensor_async.py took 0.079 seconds
[2025-04-27T00:19:46.425+0000] {processor.py:186} INFO - Started process (PID=22833) to work on /home/airflow/.local/lib/python3.10/site-packages/airflow/example_dags/example_time_delta_sensor_async.py
[2025-04-27T00:19:46.426+0000] {processor.py:914} INFO - Processing file /home/airflow/.local/lib/python3.10/site-packages/airflow/example_dags/example_time_delta_sensor_async.py for tasks to queue
[2025-04-27T00:19:46.428+0000] {logging_mixin.py:190} INFO - [2025-04-27T00:19:46.428+0000] {dagbag.py:588} INFO - Filling up the DagBag from /home/airflow/.local/lib/python3.10/site-packages/airflow/example_dags/example_time_delta_sensor_async.py
[2025-04-27T00:19:46.437+0000] {processor.py:925} INFO - DAG(s) 'example_time_delta_sensor_async' retrieved from /home/airflow/.local/lib/python3.10/site-packages/airflow/example_dags/example_time_delta_sensor_async.py
[2025-04-27T00:19:46.462+0000] {logging_mixin.py:190} INFO - [2025-04-27T00:19:46.462+0000] {dag.py:3239} INFO - Sync 1 DAGs
[2025-04-27T00:19:46.478+0000] {logging_mixin.py:190} INFO - [2025-04-27T00:19:46.478+0000] {dag.py:4180} INFO - Setting next_dagrun for example_time_delta_sensor_async to None, run_after=None
[2025-04-27T00:19:46.500+0000] {processor.py:208} INFO - Processing /home/airflow/.local/lib/python3.10/site-packages/airflow/example_dags/example_time_delta_sensor_async.py took 0.081 seconds
[2025-04-27T00:20:17.162+0000] {processor.py:186} INFO - Started process (PID=22899) to work on /home/airflow/.local/lib/python3.10/site-packages/airflow/example_dags/example_time_delta_sensor_async.py
[2025-04-27T00:20:17.162+0000] {processor.py:914} INFO - Processing file /home/airflow/.local/lib/python3.10/site-packages/airflow/example_dags/example_time_delta_sensor_async.py for tasks to queue
[2025-04-27T00:20:17.165+0000] {logging_mixin.py:190} INFO - [2025-04-27T00:20:17.165+0000] {dagbag.py:588} INFO - Filling up the DagBag from /home/airflow/.local/lib/python3.10/site-packages/airflow/example_dags/example_time_delta_sensor_async.py
[2025-04-27T00:20:17.171+0000] {processor.py:925} INFO - DAG(s) 'example_time_delta_sensor_async' retrieved from /home/airflow/.local/lib/python3.10/site-packages/airflow/example_dags/example_time_delta_sensor_async.py
[2025-04-27T00:20:17.188+0000] {logging_mixin.py:190} INFO - [2025-04-27T00:20:17.188+0000] {dag.py:3239} INFO - Sync 1 DAGs
[2025-04-27T00:20:17.202+0000] {logging_mixin.py:190} INFO - [2025-04-27T00:20:17.201+0000] {dag.py:4180} INFO - Setting next_dagrun for example_time_delta_sensor_async to None, run_after=None
[2025-04-27T00:20:17.219+0000] {processor.py:208} INFO - Processing /home/airflow/.local/lib/python3.10/site-packages/airflow/example_dags/example_time_delta_sensor_async.py took 0.063 seconds
[2025-04-27T00:20:48.054+0000] {processor.py:186} INFO - Started process (PID=22965) to work on /home/airflow/.local/lib/python3.10/site-packages/airflow/example_dags/example_time_delta_sensor_async.py
[2025-04-27T00:20:48.055+0000] {processor.py:914} INFO - Processing file /home/airflow/.local/lib/python3.10/site-packages/airflow/example_dags/example_time_delta_sensor_async.py for tasks to queue
[2025-04-27T00:20:48.059+0000] {logging_mixin.py:190} INFO - [2025-04-27T00:20:48.058+0000] {dagbag.py:588} INFO - Filling up the DagBag from /home/airflow/.local/lib/python3.10/site-packages/airflow/example_dags/example_time_delta_sensor_async.py
[2025-04-27T00:20:48.068+0000] {processor.py:925} INFO - DAG(s) 'example_time_delta_sensor_async' retrieved from /home/airflow/.local/lib/python3.10/site-packages/airflow/example_dags/example_time_delta_sensor_async.py
[2025-04-27T00:20:48.093+0000] {logging_mixin.py:190} INFO - [2025-04-27T00:20:48.093+0000] {dag.py:3239} INFO - Sync 1 DAGs
[2025-04-27T00:20:48.116+0000] {logging_mixin.py:190} INFO - [2025-04-27T00:20:48.115+0000] {dag.py:4180} INFO - Setting next_dagrun for example_time_delta_sensor_async to None, run_after=None
[2025-04-27T00:20:48.144+0000] {processor.py:208} INFO - Processing /home/airflow/.local/lib/python3.10/site-packages/airflow/example_dags/example_time_delta_sensor_async.py took 0.099 seconds
[2025-04-27T00:21:18.623+0000] {processor.py:186} INFO - Started process (PID=23031) to work on /home/airflow/.local/lib/python3.10/site-packages/airflow/example_dags/example_time_delta_sensor_async.py
[2025-04-27T00:21:18.624+0000] {processor.py:914} INFO - Processing file /home/airflow/.local/lib/python3.10/site-packages/airflow/example_dags/example_time_delta_sensor_async.py for tasks to queue
[2025-04-27T00:21:18.628+0000] {logging_mixin.py:190} INFO - [2025-04-27T00:21:18.627+0000] {dagbag.py:588} INFO - Filling up the DagBag from /home/airflow/.local/lib/python3.10/site-packages/airflow/example_dags/example_time_delta_sensor_async.py
[2025-04-27T00:21:18.638+0000] {processor.py:925} INFO - DAG(s) 'example_time_delta_sensor_async' retrieved from /home/airflow/.local/lib/python3.10/site-packages/airflow/example_dags/example_time_delta_sensor_async.py
[2025-04-27T00:21:18.663+0000] {logging_mixin.py:190} INFO - [2025-04-27T00:21:18.662+0000] {dag.py:3239} INFO - Sync 1 DAGs
[2025-04-27T00:21:18.683+0000] {logging_mixin.py:190} INFO - [2025-04-27T00:21:18.683+0000] {dag.py:4180} INFO - Setting next_dagrun for example_time_delta_sensor_async to None, run_after=None
[2025-04-27T00:21:18.712+0000] {processor.py:208} INFO - Processing /home/airflow/.local/lib/python3.10/site-packages/airflow/example_dags/example_time_delta_sensor_async.py took 0.097 seconds
[2025-04-27T00:21:49.342+0000] {processor.py:186} INFO - Started process (PID=23097) to work on /home/airflow/.local/lib/python3.10/site-packages/airflow/example_dags/example_time_delta_sensor_async.py
[2025-04-27T00:21:49.344+0000] {processor.py:914} INFO - Processing file /home/airflow/.local/lib/python3.10/site-packages/airflow/example_dags/example_time_delta_sensor_async.py for tasks to queue
[2025-04-27T00:21:49.347+0000] {logging_mixin.py:190} INFO - [2025-04-27T00:21:49.347+0000] {dagbag.py:588} INFO - Filling up the DagBag from /home/airflow/.local/lib/python3.10/site-packages/airflow/example_dags/example_time_delta_sensor_async.py
[2025-04-27T00:21:49.358+0000] {processor.py:925} INFO - DAG(s) 'example_time_delta_sensor_async' retrieved from /home/airflow/.local/lib/python3.10/site-packages/airflow/example_dags/example_time_delta_sensor_async.py
[2025-04-27T00:21:49.386+0000] {logging_mixin.py:190} INFO - [2025-04-27T00:21:49.386+0000] {dag.py:3239} INFO - Sync 1 DAGs
[2025-04-27T00:21:49.406+0000] {logging_mixin.py:190} INFO - [2025-04-27T00:21:49.406+0000] {dag.py:4180} INFO - Setting next_dagrun for example_time_delta_sensor_async to None, run_after=None
[2025-04-27T00:21:49.439+0000] {processor.py:208} INFO - Processing /home/airflow/.local/lib/python3.10/site-packages/airflow/example_dags/example_time_delta_sensor_async.py took 0.106 seconds
[2025-04-27T00:22:19.685+0000] {processor.py:186} INFO - Started process (PID=23163) to work on /home/airflow/.local/lib/python3.10/site-packages/airflow/example_dags/example_time_delta_sensor_async.py
[2025-04-27T00:22:19.686+0000] {processor.py:914} INFO - Processing file /home/airflow/.local/lib/python3.10/site-packages/airflow/example_dags/example_time_delta_sensor_async.py for tasks to queue
[2025-04-27T00:22:19.688+0000] {logging_mixin.py:190} INFO - [2025-04-27T00:22:19.687+0000] {dagbag.py:588} INFO - Filling up the DagBag from /home/airflow/.local/lib/python3.10/site-packages/airflow/example_dags/example_time_delta_sensor_async.py
[2025-04-27T00:22:19.694+0000] {processor.py:925} INFO - DAG(s) 'example_time_delta_sensor_async' retrieved from /home/airflow/.local/lib/python3.10/site-packages/airflow/example_dags/example_time_delta_sensor_async.py
[2025-04-27T00:22:19.712+0000] {logging_mixin.py:190} INFO - [2025-04-27T00:22:19.711+0000] {dag.py:3239} INFO - Sync 1 DAGs
[2025-04-27T00:22:19.725+0000] {logging_mixin.py:190} INFO - [2025-04-27T00:22:19.725+0000] {dag.py:4180} INFO - Setting next_dagrun for example_time_delta_sensor_async to None, run_after=None
[2025-04-27T00:22:19.743+0000] {processor.py:208} INFO - Processing /home/airflow/.local/lib/python3.10/site-packages/airflow/example_dags/example_time_delta_sensor_async.py took 0.064 seconds
[2025-04-27T00:22:50.150+0000] {processor.py:186} INFO - Started process (PID=23229) to work on /home/airflow/.local/lib/python3.10/site-packages/airflow/example_dags/example_time_delta_sensor_async.py
[2025-04-27T00:22:50.151+0000] {processor.py:914} INFO - Processing file /home/airflow/.local/lib/python3.10/site-packages/airflow/example_dags/example_time_delta_sensor_async.py for tasks to queue
[2025-04-27T00:22:50.153+0000] {logging_mixin.py:190} INFO - [2025-04-27T00:22:50.153+0000] {dagbag.py:588} INFO - Filling up the DagBag from /home/airflow/.local/lib/python3.10/site-packages/airflow/example_dags/example_time_delta_sensor_async.py
[2025-04-27T00:22:50.161+0000] {processor.py:925} INFO - DAG(s) 'example_time_delta_sensor_async' retrieved from /home/airflow/.local/lib/python3.10/site-packages/airflow/example_dags/example_time_delta_sensor_async.py
[2025-04-27T00:22:50.179+0000] {logging_mixin.py:190} INFO - [2025-04-27T00:22:50.179+0000] {dag.py:3239} INFO - Sync 1 DAGs
[2025-04-27T00:22:50.192+0000] {logging_mixin.py:190} INFO - [2025-04-27T00:22:50.192+0000] {dag.py:4180} INFO - Setting next_dagrun for example_time_delta_sensor_async to None, run_after=None
[2025-04-27T00:22:50.209+0000] {processor.py:208} INFO - Processing /home/airflow/.local/lib/python3.10/site-packages/airflow/example_dags/example_time_delta_sensor_async.py took 0.065 seconds
[2025-04-27T00:23:20.576+0000] {processor.py:186} INFO - Started process (PID=23295) to work on /home/airflow/.local/lib/python3.10/site-packages/airflow/example_dags/example_time_delta_sensor_async.py
[2025-04-27T00:23:20.577+0000] {processor.py:914} INFO - Processing file /home/airflow/.local/lib/python3.10/site-packages/airflow/example_dags/example_time_delta_sensor_async.py for tasks to queue
[2025-04-27T00:23:20.580+0000] {logging_mixin.py:190} INFO - [2025-04-27T00:23:20.580+0000] {dagbag.py:588} INFO - Filling up the DagBag from /home/airflow/.local/lib/python3.10/site-packages/airflow/example_dags/example_time_delta_sensor_async.py
[2025-04-27T00:23:20.590+0000] {processor.py:925} INFO - DAG(s) 'example_time_delta_sensor_async' retrieved from /home/airflow/.local/lib/python3.10/site-packages/airflow/example_dags/example_time_delta_sensor_async.py
[2025-04-27T00:23:20.615+0000] {logging_mixin.py:190} INFO - [2025-04-27T00:23:20.615+0000] {dag.py:3239} INFO - Sync 1 DAGs
[2025-04-27T00:23:20.650+0000] {logging_mixin.py:190} INFO - [2025-04-27T00:23:20.648+0000] {dag.py:4180} INFO - Setting next_dagrun for example_time_delta_sensor_async to None, run_after=None
[2025-04-27T00:23:20.694+0000] {processor.py:208} INFO - Processing /home/airflow/.local/lib/python3.10/site-packages/airflow/example_dags/example_time_delta_sensor_async.py took 0.126 seconds
[2025-04-27T00:23:51.640+0000] {processor.py:186} INFO - Started process (PID=23361) to work on /home/airflow/.local/lib/python3.10/site-packages/airflow/example_dags/example_time_delta_sensor_async.py
[2025-04-27T00:23:51.641+0000] {processor.py:914} INFO - Processing file /home/airflow/.local/lib/python3.10/site-packages/airflow/example_dags/example_time_delta_sensor_async.py for tasks to queue
[2025-04-27T00:23:51.644+0000] {logging_mixin.py:190} INFO - [2025-04-27T00:23:51.644+0000] {dagbag.py:588} INFO - Filling up the DagBag from /home/airflow/.local/lib/python3.10/site-packages/airflow/example_dags/example_time_delta_sensor_async.py
[2025-04-27T00:23:51.652+0000] {processor.py:925} INFO - DAG(s) 'example_time_delta_sensor_async' retrieved from /home/airflow/.local/lib/python3.10/site-packages/airflow/example_dags/example_time_delta_sensor_async.py
[2025-04-27T00:23:51.672+0000] {logging_mixin.py:190} INFO - [2025-04-27T00:23:51.671+0000] {dag.py:3239} INFO - Sync 1 DAGs
[2025-04-27T00:23:51.687+0000] {logging_mixin.py:190} INFO - [2025-04-27T00:23:51.687+0000] {dag.py:4180} INFO - Setting next_dagrun for example_time_delta_sensor_async to None, run_after=None
[2025-04-27T00:23:51.707+0000] {processor.py:208} INFO - Processing /home/airflow/.local/lib/python3.10/site-packages/airflow/example_dags/example_time_delta_sensor_async.py took 0.074 seconds
[2025-04-27T00:24:21.877+0000] {processor.py:186} INFO - Started process (PID=23427) to work on /home/airflow/.local/lib/python3.10/site-packages/airflow/example_dags/example_time_delta_sensor_async.py
[2025-04-27T00:24:21.878+0000] {processor.py:914} INFO - Processing file /home/airflow/.local/lib/python3.10/site-packages/airflow/example_dags/example_time_delta_sensor_async.py for tasks to queue
[2025-04-27T00:24:21.880+0000] {logging_mixin.py:190} INFO - [2025-04-27T00:24:21.880+0000] {dagbag.py:588} INFO - Filling up the DagBag from /home/airflow/.local/lib/python3.10/site-packages/airflow/example_dags/example_time_delta_sensor_async.py
[2025-04-27T00:24:21.887+0000] {processor.py:925} INFO - DAG(s) 'example_time_delta_sensor_async' retrieved from /home/airflow/.local/lib/python3.10/site-packages/airflow/example_dags/example_time_delta_sensor_async.py
[2025-04-27T00:24:21.905+0000] {logging_mixin.py:190} INFO - [2025-04-27T00:24:21.904+0000] {dag.py:3239} INFO - Sync 1 DAGs
[2025-04-27T00:24:21.920+0000] {logging_mixin.py:190} INFO - [2025-04-27T00:24:21.920+0000] {dag.py:4180} INFO - Setting next_dagrun for example_time_delta_sensor_async to None, run_after=None
[2025-04-27T00:24:21.941+0000] {processor.py:208} INFO - Processing /home/airflow/.local/lib/python3.10/site-packages/airflow/example_dags/example_time_delta_sensor_async.py took 0.071 seconds
[2025-04-27T00:24:52.827+0000] {processor.py:186} INFO - Started process (PID=23499) to work on /home/airflow/.local/lib/python3.10/site-packages/airflow/example_dags/example_time_delta_sensor_async.py
[2025-04-27T00:24:52.828+0000] {processor.py:914} INFO - Processing file /home/airflow/.local/lib/python3.10/site-packages/airflow/example_dags/example_time_delta_sensor_async.py for tasks to queue
[2025-04-27T00:24:52.830+0000] {logging_mixin.py:190} INFO - [2025-04-27T00:24:52.830+0000] {dagbag.py:588} INFO - Filling up the DagBag from /home/airflow/.local/lib/python3.10/site-packages/airflow/example_dags/example_time_delta_sensor_async.py
[2025-04-27T00:24:52.838+0000] {processor.py:925} INFO - DAG(s) 'example_time_delta_sensor_async' retrieved from /home/airflow/.local/lib/python3.10/site-packages/airflow/example_dags/example_time_delta_sensor_async.py
[2025-04-27T00:24:52.862+0000] {logging_mixin.py:190} INFO - [2025-04-27T00:24:52.862+0000] {dag.py:3239} INFO - Sync 1 DAGs
[2025-04-27T00:24:52.881+0000] {logging_mixin.py:190} INFO - [2025-04-27T00:24:52.881+0000] {dag.py:4180} INFO - Setting next_dagrun for example_time_delta_sensor_async to None, run_after=None
[2025-04-27T00:24:52.905+0000] {processor.py:208} INFO - Processing /home/airflow/.local/lib/python3.10/site-packages/airflow/example_dags/example_time_delta_sensor_async.py took 0.086 seconds
[2025-04-27T00:25:23.194+0000] {processor.py:186} INFO - Started process (PID=23565) to work on /home/airflow/.local/lib/python3.10/site-packages/airflow/example_dags/example_time_delta_sensor_async.py
[2025-04-27T00:25:23.195+0000] {processor.py:914} INFO - Processing file /home/airflow/.local/lib/python3.10/site-packages/airflow/example_dags/example_time_delta_sensor_async.py for tasks to queue
[2025-04-27T00:25:23.197+0000] {logging_mixin.py:190} INFO - [2025-04-27T00:25:23.197+0000] {dagbag.py:588} INFO - Filling up the DagBag from /home/airflow/.local/lib/python3.10/site-packages/airflow/example_dags/example_time_delta_sensor_async.py
[2025-04-27T00:25:23.206+0000] {processor.py:925} INFO - DAG(s) 'example_time_delta_sensor_async' retrieved from /home/airflow/.local/lib/python3.10/site-packages/airflow/example_dags/example_time_delta_sensor_async.py
[2025-04-27T00:25:23.226+0000] {logging_mixin.py:190} INFO - [2025-04-27T00:25:23.225+0000] {dag.py:3239} INFO - Sync 1 DAGs
[2025-04-27T00:25:23.243+0000] {logging_mixin.py:190} INFO - [2025-04-27T00:25:23.242+0000] {dag.py:4180} INFO - Setting next_dagrun for example_time_delta_sensor_async to None, run_after=None
[2025-04-27T00:25:23.261+0000] {processor.py:208} INFO - Processing /home/airflow/.local/lib/python3.10/site-packages/airflow/example_dags/example_time_delta_sensor_async.py took 0.074 seconds
