[2025-04-27T00:00:18.155+0000] {processor.py:186} INFO - Started process (PID=20317) to work on /home/airflow/.local/lib/python3.10/site-packages/airflow/example_dags/example_inlet_event_extra.py
[2025-04-27T00:00:18.156+0000] {processor.py:914} INFO - Processing file /home/airflow/.local/lib/python3.10/site-packages/airflow/example_dags/example_inlet_event_extra.py for tasks to queue
[2025-04-27T00:00:18.158+0000] {logging_mixin.py:190} INFO - [2025-04-27T00:00:18.158+0000] {dagbag.py:588} INFO - Filling up the DagBag from /home/airflow/.local/lib/python3.10/site-packages/airflow/example_dags/example_inlet_event_extra.py
[2025-04-27T00:00:18.459+0000] {processor.py:925} INFO - DAG(s) 'read_dataset_event_from_classic', 'read_dataset_event' retrieved from /home/airflow/.local/lib/python3.10/site-packages/airflow/example_dags/example_inlet_event_extra.py
[2025-04-27T00:00:18.483+0000] {logging_mixin.py:190} INFO - [2025-04-27T00:00:18.482+0000] {dag.py:3239} INFO - Sync 2 DAGs
[2025-04-27T00:00:18.511+0000] {logging_mixin.py:190} INFO - [2025-04-27T00:00:18.511+0000] {dag.py:4180} INFO - Setting next_dagrun for read_dataset_event to 2025-04-26 00:00:00+00:00, run_after=2025-04-27 00:00:00+00:00
[2025-04-27T00:00:18.517+0000] {logging_mixin.py:190} INFO - [2025-04-27T00:00:18.516+0000] {dag.py:4180} INFO - Setting next_dagrun for read_dataset_event_from_classic to 2025-04-26 00:00:00+00:00, run_after=2025-04-27 00:00:00+00:00
[2025-04-27T00:00:18.535+0000] {processor.py:208} INFO - Processing /home/airflow/.local/lib/python3.10/site-packages/airflow/example_dags/example_inlet_event_extra.py took 0.386 seconds
[2025-04-27T00:00:49.287+0000] {processor.py:186} INFO - Started process (PID=20383) to work on /home/airflow/.local/lib/python3.10/site-packages/airflow/example_dags/example_inlet_event_extra.py
[2025-04-27T00:00:49.288+0000] {processor.py:914} INFO - Processing file /home/airflow/.local/lib/python3.10/site-packages/airflow/example_dags/example_inlet_event_extra.py for tasks to queue
[2025-04-27T00:00:49.290+0000] {logging_mixin.py:190} INFO - [2025-04-27T00:00:49.289+0000] {dagbag.py:588} INFO - Filling up the DagBag from /home/airflow/.local/lib/python3.10/site-packages/airflow/example_dags/example_inlet_event_extra.py
[2025-04-27T00:00:49.624+0000] {processor.py:925} INFO - DAG(s) 'read_dataset_event_from_classic', 'read_dataset_event' retrieved from /home/airflow/.local/lib/python3.10/site-packages/airflow/example_dags/example_inlet_event_extra.py
[2025-04-27T00:00:49.647+0000] {logging_mixin.py:190} INFO - [2025-04-27T00:00:49.647+0000] {dag.py:3239} INFO - Sync 2 DAGs
[2025-04-27T00:00:49.673+0000] {logging_mixin.py:190} INFO - [2025-04-27T00:00:49.672+0000] {dag.py:4180} INFO - Setting next_dagrun for read_dataset_event to 2025-04-26 00:00:00+00:00, run_after=2025-04-27 00:00:00+00:00
[2025-04-27T00:00:49.677+0000] {logging_mixin.py:190} INFO - [2025-04-27T00:00:49.677+0000] {dag.py:4180} INFO - Setting next_dagrun for read_dataset_event_from_classic to 2025-04-26 00:00:00+00:00, run_after=2025-04-27 00:00:00+00:00
[2025-04-27T00:00:49.692+0000] {processor.py:208} INFO - Processing /home/airflow/.local/lib/python3.10/site-packages/airflow/example_dags/example_inlet_event_extra.py took 0.412 seconds
[2025-04-27T00:01:20.546+0000] {processor.py:186} INFO - Started process (PID=20449) to work on /home/airflow/.local/lib/python3.10/site-packages/airflow/example_dags/example_inlet_event_extra.py
[2025-04-27T00:01:20.547+0000] {processor.py:914} INFO - Processing file /home/airflow/.local/lib/python3.10/site-packages/airflow/example_dags/example_inlet_event_extra.py for tasks to queue
[2025-04-27T00:01:20.549+0000] {logging_mixin.py:190} INFO - [2025-04-27T00:01:20.549+0000] {dagbag.py:588} INFO - Filling up the DagBag from /home/airflow/.local/lib/python3.10/site-packages/airflow/example_dags/example_inlet_event_extra.py
[2025-04-27T00:01:20.941+0000] {processor.py:925} INFO - DAG(s) 'read_dataset_event_from_classic', 'read_dataset_event' retrieved from /home/airflow/.local/lib/python3.10/site-packages/airflow/example_dags/example_inlet_event_extra.py
[2025-04-27T00:01:20.970+0000] {logging_mixin.py:190} INFO - [2025-04-27T00:01:20.969+0000] {dag.py:3239} INFO - Sync 2 DAGs
[2025-04-27T00:01:21.227+0000] {logging_mixin.py:190} INFO - [2025-04-27T00:01:21.227+0000] {dag.py:4180} INFO - Setting next_dagrun for read_dataset_event to 2025-04-26 00:00:00+00:00, run_after=2025-04-27 00:00:00+00:00
[2025-04-27T00:01:21.234+0000] {logging_mixin.py:190} INFO - [2025-04-27T00:01:21.233+0000] {dag.py:4180} INFO - Setting next_dagrun for read_dataset_event_from_classic to 2025-04-26 00:00:00+00:00, run_after=2025-04-27 00:00:00+00:00
[2025-04-27T00:01:21.250+0000] {processor.py:208} INFO - Processing /home/airflow/.local/lib/python3.10/site-packages/airflow/example_dags/example_inlet_event_extra.py took 0.711 seconds
[2025-04-27T00:01:51.602+0000] {processor.py:186} INFO - Started process (PID=20521) to work on /home/airflow/.local/lib/python3.10/site-packages/airflow/example_dags/example_inlet_event_extra.py
[2025-04-27T00:01:51.603+0000] {processor.py:914} INFO - Processing file /home/airflow/.local/lib/python3.10/site-packages/airflow/example_dags/example_inlet_event_extra.py for tasks to queue
[2025-04-27T00:01:51.605+0000] {logging_mixin.py:190} INFO - [2025-04-27T00:01:51.605+0000] {dagbag.py:588} INFO - Filling up the DagBag from /home/airflow/.local/lib/python3.10/site-packages/airflow/example_dags/example_inlet_event_extra.py
[2025-04-27T00:01:51.945+0000] {processor.py:925} INFO - DAG(s) 'read_dataset_event_from_classic', 'read_dataset_event' retrieved from /home/airflow/.local/lib/python3.10/site-packages/airflow/example_dags/example_inlet_event_extra.py
[2025-04-27T00:01:51.970+0000] {logging_mixin.py:190} INFO - [2025-04-27T00:01:51.969+0000] {dag.py:3239} INFO - Sync 2 DAGs
[2025-04-27T00:01:52.261+0000] {logging_mixin.py:190} INFO - [2025-04-27T00:01:52.261+0000] {dag.py:4180} INFO - Setting next_dagrun for read_dataset_event to 2025-04-26 00:00:00+00:00, run_after=2025-04-27 00:00:00+00:00
[2025-04-27T00:01:52.269+0000] {logging_mixin.py:190} INFO - [2025-04-27T00:01:52.268+0000] {dag.py:4180} INFO - Setting next_dagrun for read_dataset_event_from_classic to 2025-04-26 00:00:00+00:00, run_after=2025-04-27 00:00:00+00:00
[2025-04-27T00:01:52.288+0000] {processor.py:208} INFO - Processing /home/airflow/.local/lib/python3.10/site-packages/airflow/example_dags/example_inlet_event_extra.py took 0.691 seconds
[2025-04-27T00:02:22.610+0000] {processor.py:186} INFO - Started process (PID=20587) to work on /home/airflow/.local/lib/python3.10/site-packages/airflow/example_dags/example_inlet_event_extra.py
[2025-04-27T00:02:22.612+0000] {processor.py:914} INFO - Processing file /home/airflow/.local/lib/python3.10/site-packages/airflow/example_dags/example_inlet_event_extra.py for tasks to queue
[2025-04-27T00:02:22.616+0000] {logging_mixin.py:190} INFO - [2025-04-27T00:02:22.615+0000] {dagbag.py:588} INFO - Filling up the DagBag from /home/airflow/.local/lib/python3.10/site-packages/airflow/example_dags/example_inlet_event_extra.py
[2025-04-27T00:02:23.079+0000] {processor.py:925} INFO - DAG(s) 'read_dataset_event_from_classic', 'read_dataset_event' retrieved from /home/airflow/.local/lib/python3.10/site-packages/airflow/example_dags/example_inlet_event_extra.py
[2025-04-27T00:02:23.107+0000] {logging_mixin.py:190} INFO - [2025-04-27T00:02:23.106+0000] {dag.py:3239} INFO - Sync 2 DAGs
[2025-04-27T00:02:23.415+0000] {logging_mixin.py:190} INFO - [2025-04-27T00:02:23.415+0000] {dag.py:4180} INFO - Setting next_dagrun for read_dataset_event to 2025-04-26 00:00:00+00:00, run_after=2025-04-27 00:00:00+00:00
[2025-04-27T00:02:23.421+0000] {logging_mixin.py:190} INFO - [2025-04-27T00:02:23.421+0000] {dag.py:4180} INFO - Setting next_dagrun for read_dataset_event_from_classic to 2025-04-26 00:00:00+00:00, run_after=2025-04-27 00:00:00+00:00
[2025-04-27T00:02:23.441+0000] {processor.py:208} INFO - Processing /home/airflow/.local/lib/python3.10/site-packages/airflow/example_dags/example_inlet_event_extra.py took 0.843 seconds
[2025-04-27T00:02:53.624+0000] {processor.py:186} INFO - Started process (PID=20653) to work on /home/airflow/.local/lib/python3.10/site-packages/airflow/example_dags/example_inlet_event_extra.py
[2025-04-27T00:02:53.625+0000] {processor.py:914} INFO - Processing file /home/airflow/.local/lib/python3.10/site-packages/airflow/example_dags/example_inlet_event_extra.py for tasks to queue
[2025-04-27T00:02:53.627+0000] {logging_mixin.py:190} INFO - [2025-04-27T00:02:53.627+0000] {dagbag.py:588} INFO - Filling up the DagBag from /home/airflow/.local/lib/python3.10/site-packages/airflow/example_dags/example_inlet_event_extra.py
[2025-04-27T00:02:53.944+0000] {processor.py:925} INFO - DAG(s) 'read_dataset_event_from_classic', 'read_dataset_event' retrieved from /home/airflow/.local/lib/python3.10/site-packages/airflow/example_dags/example_inlet_event_extra.py
[2025-04-27T00:02:53.966+0000] {logging_mixin.py:190} INFO - [2025-04-27T00:02:53.966+0000] {dag.py:3239} INFO - Sync 2 DAGs
[2025-04-27T00:02:54.187+0000] {logging_mixin.py:190} INFO - [2025-04-27T00:02:54.187+0000] {dag.py:4180} INFO - Setting next_dagrun for read_dataset_event to 2025-04-26 00:00:00+00:00, run_after=2025-04-27 00:00:00+00:00
[2025-04-27T00:02:54.191+0000] {logging_mixin.py:190} INFO - [2025-04-27T00:02:54.191+0000] {dag.py:4180} INFO - Setting next_dagrun for read_dataset_event_from_classic to 2025-04-26 00:00:00+00:00, run_after=2025-04-27 00:00:00+00:00
[2025-04-27T00:02:54.205+0000] {processor.py:208} INFO - Processing /home/airflow/.local/lib/python3.10/site-packages/airflow/example_dags/example_inlet_event_extra.py took 0.587 seconds
[2025-04-27T00:03:24.364+0000] {processor.py:186} INFO - Started process (PID=20719) to work on /home/airflow/.local/lib/python3.10/site-packages/airflow/example_dags/example_inlet_event_extra.py
[2025-04-27T00:03:24.365+0000] {processor.py:914} INFO - Processing file /home/airflow/.local/lib/python3.10/site-packages/airflow/example_dags/example_inlet_event_extra.py for tasks to queue
[2025-04-27T00:03:24.367+0000] {logging_mixin.py:190} INFO - [2025-04-27T00:03:24.366+0000] {dagbag.py:588} INFO - Filling up the DagBag from /home/airflow/.local/lib/python3.10/site-packages/airflow/example_dags/example_inlet_event_extra.py
[2025-04-27T00:03:24.689+0000] {processor.py:925} INFO - DAG(s) 'read_dataset_event_from_classic', 'read_dataset_event' retrieved from /home/airflow/.local/lib/python3.10/site-packages/airflow/example_dags/example_inlet_event_extra.py
[2025-04-27T00:03:24.931+0000] {logging_mixin.py:190} INFO - [2025-04-27T00:03:24.931+0000] {dag.py:3239} INFO - Sync 2 DAGs
[2025-04-27T00:03:24.962+0000] {logging_mixin.py:190} INFO - [2025-04-27T00:03:24.961+0000] {dag.py:4180} INFO - Setting next_dagrun for read_dataset_event to 2025-04-26 00:00:00+00:00, run_after=2025-04-27 00:00:00+00:00
[2025-04-27T00:03:24.967+0000] {logging_mixin.py:190} INFO - [2025-04-27T00:03:24.967+0000] {dag.py:4180} INFO - Setting next_dagrun for read_dataset_event_from_classic to 2025-04-26 00:00:00+00:00, run_after=2025-04-27 00:00:00+00:00
[2025-04-27T00:03:24.985+0000] {processor.py:208} INFO - Processing /home/airflow/.local/lib/python3.10/site-packages/airflow/example_dags/example_inlet_event_extra.py took 0.628 seconds
[2025-04-27T00:03:56.017+0000] {processor.py:186} INFO - Started process (PID=20786) to work on /home/airflow/.local/lib/python3.10/site-packages/airflow/example_dags/example_inlet_event_extra.py
[2025-04-27T00:03:56.018+0000] {processor.py:914} INFO - Processing file /home/airflow/.local/lib/python3.10/site-packages/airflow/example_dags/example_inlet_event_extra.py for tasks to queue
[2025-04-27T00:03:56.020+0000] {logging_mixin.py:190} INFO - [2025-04-27T00:03:56.020+0000] {dagbag.py:588} INFO - Filling up the DagBag from /home/airflow/.local/lib/python3.10/site-packages/airflow/example_dags/example_inlet_event_extra.py
[2025-04-27T00:03:56.349+0000] {processor.py:925} INFO - DAG(s) 'read_dataset_event_from_classic', 'read_dataset_event' retrieved from /home/airflow/.local/lib/python3.10/site-packages/airflow/example_dags/example_inlet_event_extra.py
[2025-04-27T00:03:56.546+0000] {logging_mixin.py:190} INFO - [2025-04-27T00:03:56.546+0000] {dag.py:3239} INFO - Sync 2 DAGs
[2025-04-27T00:03:56.567+0000] {logging_mixin.py:190} INFO - [2025-04-27T00:03:56.567+0000] {dag.py:4180} INFO - Setting next_dagrun for read_dataset_event to 2025-04-26 00:00:00+00:00, run_after=2025-04-27 00:00:00+00:00
[2025-04-27T00:03:56.572+0000] {logging_mixin.py:190} INFO - [2025-04-27T00:03:56.572+0000] {dag.py:4180} INFO - Setting next_dagrun for read_dataset_event_from_classic to 2025-04-26 00:00:00+00:00, run_after=2025-04-27 00:00:00+00:00
[2025-04-27T00:03:56.584+0000] {processor.py:208} INFO - Processing /home/airflow/.local/lib/python3.10/site-packages/airflow/example_dags/example_inlet_event_extra.py took 0.574 seconds
[2025-04-27T00:04:26.757+0000] {processor.py:186} INFO - Started process (PID=20852) to work on /home/airflow/.local/lib/python3.10/site-packages/airflow/example_dags/example_inlet_event_extra.py
[2025-04-27T00:04:26.759+0000] {processor.py:914} INFO - Processing file /home/airflow/.local/lib/python3.10/site-packages/airflow/example_dags/example_inlet_event_extra.py for tasks to queue
[2025-04-27T00:04:26.761+0000] {logging_mixin.py:190} INFO - [2025-04-27T00:04:26.761+0000] {dagbag.py:588} INFO - Filling up the DagBag from /home/airflow/.local/lib/python3.10/site-packages/airflow/example_dags/example_inlet_event_extra.py
[2025-04-27T00:04:27.132+0000] {processor.py:925} INFO - DAG(s) 'read_dataset_event', 'read_dataset_event_from_classic' retrieved from /home/airflow/.local/lib/python3.10/site-packages/airflow/example_dags/example_inlet_event_extra.py
[2025-04-27T00:04:27.435+0000] {logging_mixin.py:190} INFO - [2025-04-27T00:04:27.435+0000] {dag.py:3239} INFO - Sync 2 DAGs
[2025-04-27T00:04:27.468+0000] {logging_mixin.py:190} INFO - [2025-04-27T00:04:27.468+0000] {dag.py:4180} INFO - Setting next_dagrun for read_dataset_event to 2025-04-26 00:00:00+00:00, run_after=2025-04-27 00:00:00+00:00
[2025-04-27T00:04:27.475+0000] {logging_mixin.py:190} INFO - [2025-04-27T00:04:27.475+0000] {dag.py:4180} INFO - Setting next_dagrun for read_dataset_event_from_classic to 2025-04-26 00:00:00+00:00, run_after=2025-04-27 00:00:00+00:00
[2025-04-27T00:04:27.495+0000] {processor.py:208} INFO - Processing /home/airflow/.local/lib/python3.10/site-packages/airflow/example_dags/example_inlet_event_extra.py took 0.744 seconds
[2025-04-27T00:04:58.313+0000] {processor.py:186} INFO - Started process (PID=20918) to work on /home/airflow/.local/lib/python3.10/site-packages/airflow/example_dags/example_inlet_event_extra.py
[2025-04-27T00:04:58.314+0000] {processor.py:914} INFO - Processing file /home/airflow/.local/lib/python3.10/site-packages/airflow/example_dags/example_inlet_event_extra.py for tasks to queue
[2025-04-27T00:04:58.316+0000] {logging_mixin.py:190} INFO - [2025-04-27T00:04:58.315+0000] {dagbag.py:588} INFO - Filling up the DagBag from /home/airflow/.local/lib/python3.10/site-packages/airflow/example_dags/example_inlet_event_extra.py
[2025-04-27T00:04:58.625+0000] {processor.py:925} INFO - DAG(s) 'read_dataset_event_from_classic', 'read_dataset_event' retrieved from /home/airflow/.local/lib/python3.10/site-packages/airflow/example_dags/example_inlet_event_extra.py
[2025-04-27T00:04:58.863+0000] {logging_mixin.py:190} INFO - [2025-04-27T00:04:58.863+0000] {dag.py:3239} INFO - Sync 2 DAGs
[2025-04-27T00:04:58.886+0000] {logging_mixin.py:190} INFO - [2025-04-27T00:04:58.885+0000] {dag.py:4180} INFO - Setting next_dagrun for read_dataset_event to 2025-04-26 00:00:00+00:00, run_after=2025-04-27 00:00:00+00:00
[2025-04-27T00:04:58.891+0000] {logging_mixin.py:190} INFO - [2025-04-27T00:04:58.891+0000] {dag.py:4180} INFO - Setting next_dagrun for read_dataset_event_from_classic to 2025-04-26 00:00:00+00:00, run_after=2025-04-27 00:00:00+00:00
[2025-04-27T00:04:58.906+0000] {processor.py:208} INFO - Processing /home/airflow/.local/lib/python3.10/site-packages/airflow/example_dags/example_inlet_event_extra.py took 0.600 seconds
[2025-04-27T00:05:29.210+0000] {processor.py:186} INFO - Started process (PID=20984) to work on /home/airflow/.local/lib/python3.10/site-packages/airflow/example_dags/example_inlet_event_extra.py
[2025-04-27T00:05:29.212+0000] {processor.py:914} INFO - Processing file /home/airflow/.local/lib/python3.10/site-packages/airflow/example_dags/example_inlet_event_extra.py for tasks to queue
[2025-04-27T00:05:29.215+0000] {logging_mixin.py:190} INFO - [2025-04-27T00:05:29.215+0000] {dagbag.py:588} INFO - Filling up the DagBag from /home/airflow/.local/lib/python3.10/site-packages/airflow/example_dags/example_inlet_event_extra.py
[2025-04-27T00:05:29.874+0000] {processor.py:925} INFO - DAG(s) 'read_dataset_event_from_classic', 'read_dataset_event' retrieved from /home/airflow/.local/lib/python3.10/site-packages/airflow/example_dags/example_inlet_event_extra.py
[2025-04-27T00:05:29.909+0000] {logging_mixin.py:190} INFO - [2025-04-27T00:05:29.909+0000] {dag.py:3239} INFO - Sync 2 DAGs
[2025-04-27T00:05:29.949+0000] {logging_mixin.py:190} INFO - [2025-04-27T00:05:29.949+0000] {dag.py:4180} INFO - Setting next_dagrun for read_dataset_event to 2025-04-26 00:00:00+00:00, run_after=2025-04-27 00:00:00+00:00
[2025-04-27T00:05:29.957+0000] {logging_mixin.py:190} INFO - [2025-04-27T00:05:29.957+0000] {dag.py:4180} INFO - Setting next_dagrun for read_dataset_event_from_classic to 2025-04-26 00:00:00+00:00, run_after=2025-04-27 00:00:00+00:00
[2025-04-27T00:05:29.982+0000] {processor.py:208} INFO - Processing /home/airflow/.local/lib/python3.10/site-packages/airflow/example_dags/example_inlet_event_extra.py took 0.780 seconds
[2025-04-27T00:06:00.373+0000] {processor.py:186} INFO - Started process (PID=21050) to work on /home/airflow/.local/lib/python3.10/site-packages/airflow/example_dags/example_inlet_event_extra.py
[2025-04-27T00:06:00.374+0000] {processor.py:914} INFO - Processing file /home/airflow/.local/lib/python3.10/site-packages/airflow/example_dags/example_inlet_event_extra.py for tasks to queue
[2025-04-27T00:06:00.377+0000] {logging_mixin.py:190} INFO - [2025-04-27T00:06:00.377+0000] {dagbag.py:588} INFO - Filling up the DagBag from /home/airflow/.local/lib/python3.10/site-packages/airflow/example_dags/example_inlet_event_extra.py
[2025-04-27T00:06:00.921+0000] {processor.py:925} INFO - DAG(s) 'read_dataset_event_from_classic', 'read_dataset_event' retrieved from /home/airflow/.local/lib/python3.10/site-packages/airflow/example_dags/example_inlet_event_extra.py
[2025-04-27T00:06:00.943+0000] {logging_mixin.py:190} INFO - [2025-04-27T00:06:00.942+0000] {dag.py:3239} INFO - Sync 2 DAGs
[2025-04-27T00:06:00.968+0000] {logging_mixin.py:190} INFO - [2025-04-27T00:06:00.967+0000] {dag.py:4180} INFO - Setting next_dagrun for read_dataset_event to 2025-04-26 00:00:00+00:00, run_after=2025-04-27 00:00:00+00:00
[2025-04-27T00:06:00.973+0000] {logging_mixin.py:190} INFO - [2025-04-27T00:06:00.973+0000] {dag.py:4180} INFO - Setting next_dagrun for read_dataset_event_from_classic to 2025-04-26 00:00:00+00:00, run_after=2025-04-27 00:00:00+00:00
[2025-04-27T00:06:00.990+0000] {processor.py:208} INFO - Processing /home/airflow/.local/lib/python3.10/site-packages/airflow/example_dags/example_inlet_event_extra.py took 0.625 seconds
[2025-04-27T00:06:31.580+0000] {processor.py:186} INFO - Started process (PID=21116) to work on /home/airflow/.local/lib/python3.10/site-packages/airflow/example_dags/example_inlet_event_extra.py
[2025-04-27T00:06:31.582+0000] {processor.py:914} INFO - Processing file /home/airflow/.local/lib/python3.10/site-packages/airflow/example_dags/example_inlet_event_extra.py for tasks to queue
[2025-04-27T00:06:31.586+0000] {logging_mixin.py:190} INFO - [2025-04-27T00:06:31.585+0000] {dagbag.py:588} INFO - Filling up the DagBag from /home/airflow/.local/lib/python3.10/site-packages/airflow/example_dags/example_inlet_event_extra.py
[2025-04-27T00:06:32.235+0000] {processor.py:925} INFO - DAG(s) 'read_dataset_event_from_classic', 'read_dataset_event' retrieved from /home/airflow/.local/lib/python3.10/site-packages/airflow/example_dags/example_inlet_event_extra.py
[2025-04-27T00:06:32.258+0000] {logging_mixin.py:190} INFO - [2025-04-27T00:06:32.258+0000] {dag.py:3239} INFO - Sync 2 DAGs
[2025-04-27T00:06:32.284+0000] {logging_mixin.py:190} INFO - [2025-04-27T00:06:32.284+0000] {dag.py:4180} INFO - Setting next_dagrun for read_dataset_event to 2025-04-26 00:00:00+00:00, run_after=2025-04-27 00:00:00+00:00
[2025-04-27T00:06:32.290+0000] {logging_mixin.py:190} INFO - [2025-04-27T00:06:32.289+0000] {dag.py:4180} INFO - Setting next_dagrun for read_dataset_event_from_classic to 2025-04-26 00:00:00+00:00, run_after=2025-04-27 00:00:00+00:00
[2025-04-27T00:06:32.305+0000] {processor.py:208} INFO - Processing /home/airflow/.local/lib/python3.10/site-packages/airflow/example_dags/example_inlet_event_extra.py took 0.740 seconds
[2025-04-27T00:07:02.487+0000] {processor.py:186} INFO - Started process (PID=21182) to work on /home/airflow/.local/lib/python3.10/site-packages/airflow/example_dags/example_inlet_event_extra.py
[2025-04-27T00:07:02.488+0000] {processor.py:914} INFO - Processing file /home/airflow/.local/lib/python3.10/site-packages/airflow/example_dags/example_inlet_event_extra.py for tasks to queue
[2025-04-27T00:07:02.490+0000] {logging_mixin.py:190} INFO - [2025-04-27T00:07:02.490+0000] {dagbag.py:588} INFO - Filling up the DagBag from /home/airflow/.local/lib/python3.10/site-packages/airflow/example_dags/example_inlet_event_extra.py
[2025-04-27T00:07:03.038+0000] {processor.py:925} INFO - DAG(s) 'read_dataset_event', 'read_dataset_event_from_classic' retrieved from /home/airflow/.local/lib/python3.10/site-packages/airflow/example_dags/example_inlet_event_extra.py
[2025-04-27T00:07:03.059+0000] {logging_mixin.py:190} INFO - [2025-04-27T00:07:03.059+0000] {dag.py:3239} INFO - Sync 2 DAGs
[2025-04-27T00:07:03.085+0000] {logging_mixin.py:190} INFO - [2025-04-27T00:07:03.084+0000] {dag.py:4180} INFO - Setting next_dagrun for read_dataset_event to 2025-04-26 00:00:00+00:00, run_after=2025-04-27 00:00:00+00:00
[2025-04-27T00:07:03.090+0000] {logging_mixin.py:190} INFO - [2025-04-27T00:07:03.090+0000] {dag.py:4180} INFO - Setting next_dagrun for read_dataset_event_from_classic to 2025-04-26 00:00:00+00:00, run_after=2025-04-27 00:00:00+00:00
[2025-04-27T00:07:03.108+0000] {processor.py:208} INFO - Processing /home/airflow/.local/lib/python3.10/site-packages/airflow/example_dags/example_inlet_event_extra.py took 0.627 seconds
[2025-04-27T00:07:34.460+0000] {processor.py:186} INFO - Started process (PID=21254) to work on /home/airflow/.local/lib/python3.10/site-packages/airflow/example_dags/example_inlet_event_extra.py
[2025-04-27T00:07:34.461+0000] {processor.py:914} INFO - Processing file /home/airflow/.local/lib/python3.10/site-packages/airflow/example_dags/example_inlet_event_extra.py for tasks to queue
[2025-04-27T00:07:34.464+0000] {logging_mixin.py:190} INFO - [2025-04-27T00:07:34.463+0000] {dagbag.py:588} INFO - Filling up the DagBag from /home/airflow/.local/lib/python3.10/site-packages/airflow/example_dags/example_inlet_event_extra.py
[2025-04-27T00:07:35.044+0000] {processor.py:925} INFO - DAG(s) 'read_dataset_event', 'read_dataset_event_from_classic' retrieved from /home/airflow/.local/lib/python3.10/site-packages/airflow/example_dags/example_inlet_event_extra.py
[2025-04-27T00:07:35.065+0000] {logging_mixin.py:190} INFO - [2025-04-27T00:07:35.064+0000] {dag.py:3239} INFO - Sync 2 DAGs
[2025-04-27T00:07:35.089+0000] {logging_mixin.py:190} INFO - [2025-04-27T00:07:35.089+0000] {dag.py:4180} INFO - Setting next_dagrun for read_dataset_event to 2025-04-26 00:00:00+00:00, run_after=2025-04-27 00:00:00+00:00
[2025-04-27T00:07:35.095+0000] {logging_mixin.py:190} INFO - [2025-04-27T00:07:35.094+0000] {dag.py:4180} INFO - Setting next_dagrun for read_dataset_event_from_classic to 2025-04-26 00:00:00+00:00, run_after=2025-04-27 00:00:00+00:00
[2025-04-27T00:07:35.109+0000] {processor.py:208} INFO - Processing /home/airflow/.local/lib/python3.10/site-packages/airflow/example_dags/example_inlet_event_extra.py took 0.656 seconds
[2025-04-27T00:08:05.668+0000] {processor.py:186} INFO - Started process (PID=21320) to work on /home/airflow/.local/lib/python3.10/site-packages/airflow/example_dags/example_inlet_event_extra.py
[2025-04-27T00:08:05.670+0000] {processor.py:914} INFO - Processing file /home/airflow/.local/lib/python3.10/site-packages/airflow/example_dags/example_inlet_event_extra.py for tasks to queue
[2025-04-27T00:08:05.672+0000] {logging_mixin.py:190} INFO - [2025-04-27T00:08:05.672+0000] {dagbag.py:588} INFO - Filling up the DagBag from /home/airflow/.local/lib/python3.10/site-packages/airflow/example_dags/example_inlet_event_extra.py
[2025-04-27T00:08:06.233+0000] {processor.py:925} INFO - DAG(s) 'read_dataset_event_from_classic', 'read_dataset_event' retrieved from /home/airflow/.local/lib/python3.10/site-packages/airflow/example_dags/example_inlet_event_extra.py
[2025-04-27T00:08:06.258+0000] {logging_mixin.py:190} INFO - [2025-04-27T00:08:06.258+0000] {dag.py:3239} INFO - Sync 2 DAGs
[2025-04-27T00:08:06.289+0000] {logging_mixin.py:190} INFO - [2025-04-27T00:08:06.288+0000] {dag.py:4180} INFO - Setting next_dagrun for read_dataset_event to 2025-04-26 00:00:00+00:00, run_after=2025-04-27 00:00:00+00:00
[2025-04-27T00:08:06.295+0000] {logging_mixin.py:190} INFO - [2025-04-27T00:08:06.295+0000] {dag.py:4180} INFO - Setting next_dagrun for read_dataset_event_from_classic to 2025-04-26 00:00:00+00:00, run_after=2025-04-27 00:00:00+00:00
[2025-04-27T00:08:06.315+0000] {processor.py:208} INFO - Processing /home/airflow/.local/lib/python3.10/site-packages/airflow/example_dags/example_inlet_event_extra.py took 0.653 seconds
[2025-04-27T00:08:36.947+0000] {processor.py:186} INFO - Started process (PID=21386) to work on /home/airflow/.local/lib/python3.10/site-packages/airflow/example_dags/example_inlet_event_extra.py
[2025-04-27T00:08:36.948+0000] {processor.py:914} INFO - Processing file /home/airflow/.local/lib/python3.10/site-packages/airflow/example_dags/example_inlet_event_extra.py for tasks to queue
[2025-04-27T00:08:36.950+0000] {logging_mixin.py:190} INFO - [2025-04-27T00:08:36.950+0000] {dagbag.py:588} INFO - Filling up the DagBag from /home/airflow/.local/lib/python3.10/site-packages/airflow/example_dags/example_inlet_event_extra.py
[2025-04-27T00:08:37.522+0000] {processor.py:925} INFO - DAG(s) 'read_dataset_event', 'read_dataset_event_from_classic' retrieved from /home/airflow/.local/lib/python3.10/site-packages/airflow/example_dags/example_inlet_event_extra.py
[2025-04-27T00:08:37.545+0000] {logging_mixin.py:190} INFO - [2025-04-27T00:08:37.544+0000] {dag.py:3239} INFO - Sync 2 DAGs
[2025-04-27T00:08:37.576+0000] {logging_mixin.py:190} INFO - [2025-04-27T00:08:37.576+0000] {dag.py:4180} INFO - Setting next_dagrun for read_dataset_event to 2025-04-26 00:00:00+00:00, run_after=2025-04-27 00:00:00+00:00
[2025-04-27T00:08:37.582+0000] {logging_mixin.py:190} INFO - [2025-04-27T00:08:37.582+0000] {dag.py:4180} INFO - Setting next_dagrun for read_dataset_event_from_classic to 2025-04-26 00:00:00+00:00, run_after=2025-04-27 00:00:00+00:00
[2025-04-27T00:08:37.601+0000] {processor.py:208} INFO - Processing /home/airflow/.local/lib/python3.10/site-packages/airflow/example_dags/example_inlet_event_extra.py took 0.660 seconds
[2025-04-27T00:09:08.166+0000] {processor.py:186} INFO - Started process (PID=21452) to work on /home/airflow/.local/lib/python3.10/site-packages/airflow/example_dags/example_inlet_event_extra.py
[2025-04-27T00:09:08.167+0000] {processor.py:914} INFO - Processing file /home/airflow/.local/lib/python3.10/site-packages/airflow/example_dags/example_inlet_event_extra.py for tasks to queue
[2025-04-27T00:09:08.171+0000] {logging_mixin.py:190} INFO - [2025-04-27T00:09:08.170+0000] {dagbag.py:588} INFO - Filling up the DagBag from /home/airflow/.local/lib/python3.10/site-packages/airflow/example_dags/example_inlet_event_extra.py
[2025-04-27T00:09:08.828+0000] {processor.py:925} INFO - DAG(s) 'read_dataset_event', 'read_dataset_event_from_classic' retrieved from /home/airflow/.local/lib/python3.10/site-packages/airflow/example_dags/example_inlet_event_extra.py
[2025-04-27T00:09:08.855+0000] {logging_mixin.py:190} INFO - [2025-04-27T00:09:08.855+0000] {dag.py:3239} INFO - Sync 2 DAGs
[2025-04-27T00:09:08.885+0000] {logging_mixin.py:190} INFO - [2025-04-27T00:09:08.885+0000] {dag.py:4180} INFO - Setting next_dagrun for read_dataset_event to 2025-04-26 00:00:00+00:00, run_after=2025-04-27 00:00:00+00:00
[2025-04-27T00:09:08.891+0000] {logging_mixin.py:190} INFO - [2025-04-27T00:09:08.891+0000] {dag.py:4180} INFO - Setting next_dagrun for read_dataset_event_from_classic to 2025-04-26 00:00:00+00:00, run_after=2025-04-27 00:00:00+00:00
[2025-04-27T00:09:08.910+0000] {processor.py:208} INFO - Processing /home/airflow/.local/lib/python3.10/site-packages/airflow/example_dags/example_inlet_event_extra.py took 0.751 seconds
[2025-04-27T00:09:39.431+0000] {processor.py:186} INFO - Started process (PID=21518) to work on /home/airflow/.local/lib/python3.10/site-packages/airflow/example_dags/example_inlet_event_extra.py
[2025-04-27T00:09:39.432+0000] {processor.py:914} INFO - Processing file /home/airflow/.local/lib/python3.10/site-packages/airflow/example_dags/example_inlet_event_extra.py for tasks to queue
[2025-04-27T00:09:39.434+0000] {logging_mixin.py:190} INFO - [2025-04-27T00:09:39.434+0000] {dagbag.py:588} INFO - Filling up the DagBag from /home/airflow/.local/lib/python3.10/site-packages/airflow/example_dags/example_inlet_event_extra.py
[2025-04-27T00:09:39.951+0000] {processor.py:925} INFO - DAG(s) 'read_dataset_event', 'read_dataset_event_from_classic' retrieved from /home/airflow/.local/lib/python3.10/site-packages/airflow/example_dags/example_inlet_event_extra.py
[2025-04-27T00:09:39.973+0000] {logging_mixin.py:190} INFO - [2025-04-27T00:09:39.973+0000] {dag.py:3239} INFO - Sync 2 DAGs
[2025-04-27T00:09:39.994+0000] {logging_mixin.py:190} INFO - [2025-04-27T00:09:39.993+0000] {dag.py:4180} INFO - Setting next_dagrun for read_dataset_event to 2025-04-26 00:00:00+00:00, run_after=2025-04-27 00:00:00+00:00
[2025-04-27T00:09:39.999+0000] {logging_mixin.py:190} INFO - [2025-04-27T00:09:39.999+0000] {dag.py:4180} INFO - Setting next_dagrun for read_dataset_event_from_classic to 2025-04-26 00:00:00+00:00, run_after=2025-04-27 00:00:00+00:00
[2025-04-27T00:09:40.017+0000] {processor.py:208} INFO - Processing /home/airflow/.local/lib/python3.10/site-packages/airflow/example_dags/example_inlet_event_extra.py took 0.592 seconds
[2025-04-27T00:10:10.739+0000] {processor.py:186} INFO - Started process (PID=21584) to work on /home/airflow/.local/lib/python3.10/site-packages/airflow/example_dags/example_inlet_event_extra.py
[2025-04-27T00:10:10.740+0000] {processor.py:914} INFO - Processing file /home/airflow/.local/lib/python3.10/site-packages/airflow/example_dags/example_inlet_event_extra.py for tasks to queue
[2025-04-27T00:10:10.742+0000] {logging_mixin.py:190} INFO - [2025-04-27T00:10:10.742+0000] {dagbag.py:588} INFO - Filling up the DagBag from /home/airflow/.local/lib/python3.10/site-packages/airflow/example_dags/example_inlet_event_extra.py
[2025-04-27T00:10:11.285+0000] {processor.py:925} INFO - DAG(s) 'read_dataset_event_from_classic', 'read_dataset_event' retrieved from /home/airflow/.local/lib/python3.10/site-packages/airflow/example_dags/example_inlet_event_extra.py
[2025-04-27T00:10:11.307+0000] {logging_mixin.py:190} INFO - [2025-04-27T00:10:11.307+0000] {dag.py:3239} INFO - Sync 2 DAGs
[2025-04-27T00:10:11.331+0000] {logging_mixin.py:190} INFO - [2025-04-27T00:10:11.331+0000] {dag.py:4180} INFO - Setting next_dagrun for read_dataset_event to 2025-04-26 00:00:00+00:00, run_after=2025-04-27 00:00:00+00:00
[2025-04-27T00:10:11.337+0000] {logging_mixin.py:190} INFO - [2025-04-27T00:10:11.337+0000] {dag.py:4180} INFO - Setting next_dagrun for read_dataset_event_from_classic to 2025-04-26 00:00:00+00:00, run_after=2025-04-27 00:00:00+00:00
[2025-04-27T00:10:11.354+0000] {processor.py:208} INFO - Processing /home/airflow/.local/lib/python3.10/site-packages/airflow/example_dags/example_inlet_event_extra.py took 0.621 seconds
[2025-04-27T00:10:42.148+0000] {processor.py:186} INFO - Started process (PID=21650) to work on /home/airflow/.local/lib/python3.10/site-packages/airflow/example_dags/example_inlet_event_extra.py
[2025-04-27T00:10:42.150+0000] {processor.py:914} INFO - Processing file /home/airflow/.local/lib/python3.10/site-packages/airflow/example_dags/example_inlet_event_extra.py for tasks to queue
[2025-04-27T00:10:42.154+0000] {logging_mixin.py:190} INFO - [2025-04-27T00:10:42.153+0000] {dagbag.py:588} INFO - Filling up the DagBag from /home/airflow/.local/lib/python3.10/site-packages/airflow/example_dags/example_inlet_event_extra.py
[2025-04-27T00:10:42.765+0000] {processor.py:925} INFO - DAG(s) 'read_dataset_event_from_classic', 'read_dataset_event' retrieved from /home/airflow/.local/lib/python3.10/site-packages/airflow/example_dags/example_inlet_event_extra.py
[2025-04-27T00:10:42.786+0000] {logging_mixin.py:190} INFO - [2025-04-27T00:10:42.785+0000] {dag.py:3239} INFO - Sync 2 DAGs
[2025-04-27T00:10:42.809+0000] {logging_mixin.py:190} INFO - [2025-04-27T00:10:42.808+0000] {dag.py:4180} INFO - Setting next_dagrun for read_dataset_event to 2025-04-26 00:00:00+00:00, run_after=2025-04-27 00:00:00+00:00
[2025-04-27T00:10:42.814+0000] {logging_mixin.py:190} INFO - [2025-04-27T00:10:42.814+0000] {dag.py:4180} INFO - Setting next_dagrun for read_dataset_event_from_classic to 2025-04-26 00:00:00+00:00, run_after=2025-04-27 00:00:00+00:00
[2025-04-27T00:10:42.830+0000] {processor.py:208} INFO - Processing /home/airflow/.local/lib/python3.10/site-packages/airflow/example_dags/example_inlet_event_extra.py took 0.693 seconds
[2025-04-27T00:11:13.122+0000] {processor.py:186} INFO - Started process (PID=21716) to work on /home/airflow/.local/lib/python3.10/site-packages/airflow/example_dags/example_inlet_event_extra.py
[2025-04-27T00:11:13.123+0000] {processor.py:914} INFO - Processing file /home/airflow/.local/lib/python3.10/site-packages/airflow/example_dags/example_inlet_event_extra.py for tasks to queue
[2025-04-27T00:11:13.125+0000] {logging_mixin.py:190} INFO - [2025-04-27T00:11:13.125+0000] {dagbag.py:588} INFO - Filling up the DagBag from /home/airflow/.local/lib/python3.10/site-packages/airflow/example_dags/example_inlet_event_extra.py
[2025-04-27T00:11:13.632+0000] {processor.py:925} INFO - DAG(s) 'read_dataset_event_from_classic', 'read_dataset_event' retrieved from /home/airflow/.local/lib/python3.10/site-packages/airflow/example_dags/example_inlet_event_extra.py
[2025-04-27T00:11:13.657+0000] {logging_mixin.py:190} INFO - [2025-04-27T00:11:13.656+0000] {dag.py:3239} INFO - Sync 2 DAGs
[2025-04-27T00:11:13.685+0000] {logging_mixin.py:190} INFO - [2025-04-27T00:11:13.685+0000] {dag.py:4180} INFO - Setting next_dagrun for read_dataset_event to 2025-04-26 00:00:00+00:00, run_after=2025-04-27 00:00:00+00:00
[2025-04-27T00:11:13.691+0000] {logging_mixin.py:190} INFO - [2025-04-27T00:11:13.691+0000] {dag.py:4180} INFO - Setting next_dagrun for read_dataset_event_from_classic to 2025-04-26 00:00:00+00:00, run_after=2025-04-27 00:00:00+00:00
[2025-04-27T00:11:13.710+0000] {processor.py:208} INFO - Processing /home/airflow/.local/lib/python3.10/site-packages/airflow/example_dags/example_inlet_event_extra.py took 0.594 seconds
[2025-04-27T00:11:44.446+0000] {processor.py:186} INFO - Started process (PID=21782) to work on /home/airflow/.local/lib/python3.10/site-packages/airflow/example_dags/example_inlet_event_extra.py
[2025-04-27T00:11:44.447+0000] {processor.py:914} INFO - Processing file /home/airflow/.local/lib/python3.10/site-packages/airflow/example_dags/example_inlet_event_extra.py for tasks to queue
[2025-04-27T00:11:44.449+0000] {logging_mixin.py:190} INFO - [2025-04-27T00:11:44.449+0000] {dagbag.py:588} INFO - Filling up the DagBag from /home/airflow/.local/lib/python3.10/site-packages/airflow/example_dags/example_inlet_event_extra.py
[2025-04-27T00:11:44.938+0000] {processor.py:925} INFO - DAG(s) 'read_dataset_event_from_classic', 'read_dataset_event' retrieved from /home/airflow/.local/lib/python3.10/site-packages/airflow/example_dags/example_inlet_event_extra.py
[2025-04-27T00:11:44.957+0000] {logging_mixin.py:190} INFO - [2025-04-27T00:11:44.957+0000] {dag.py:3239} INFO - Sync 2 DAGs
[2025-04-27T00:11:44.978+0000] {logging_mixin.py:190} INFO - [2025-04-27T00:11:44.978+0000] {dag.py:4180} INFO - Setting next_dagrun for read_dataset_event to 2025-04-26 00:00:00+00:00, run_after=2025-04-27 00:00:00+00:00
[2025-04-27T00:11:44.983+0000] {logging_mixin.py:190} INFO - [2025-04-27T00:11:44.983+0000] {dag.py:4180} INFO - Setting next_dagrun for read_dataset_event_from_classic to 2025-04-26 00:00:00+00:00, run_after=2025-04-27 00:00:00+00:00
[2025-04-27T00:11:44.997+0000] {processor.py:208} INFO - Processing /home/airflow/.local/lib/python3.10/site-packages/airflow/example_dags/example_inlet_event_extra.py took 0.558 seconds
[2025-04-27T00:12:15.775+0000] {processor.py:186} INFO - Started process (PID=21848) to work on /home/airflow/.local/lib/python3.10/site-packages/airflow/example_dags/example_inlet_event_extra.py
[2025-04-27T00:12:15.776+0000] {processor.py:914} INFO - Processing file /home/airflow/.local/lib/python3.10/site-packages/airflow/example_dags/example_inlet_event_extra.py for tasks to queue
[2025-04-27T00:12:15.779+0000] {logging_mixin.py:190} INFO - [2025-04-27T00:12:15.778+0000] {dagbag.py:588} INFO - Filling up the DagBag from /home/airflow/.local/lib/python3.10/site-packages/airflow/example_dags/example_inlet_event_extra.py
[2025-04-27T00:12:16.318+0000] {processor.py:925} INFO - DAG(s) 'read_dataset_event_from_classic', 'read_dataset_event' retrieved from /home/airflow/.local/lib/python3.10/site-packages/airflow/example_dags/example_inlet_event_extra.py
[2025-04-27T00:12:16.341+0000] {logging_mixin.py:190} INFO - [2025-04-27T00:12:16.340+0000] {dag.py:3239} INFO - Sync 2 DAGs
[2025-04-27T00:12:16.366+0000] {logging_mixin.py:190} INFO - [2025-04-27T00:12:16.365+0000] {dag.py:4180} INFO - Setting next_dagrun for read_dataset_event to 2025-04-26 00:00:00+00:00, run_after=2025-04-27 00:00:00+00:00
[2025-04-27T00:12:16.373+0000] {logging_mixin.py:190} INFO - [2025-04-27T00:12:16.372+0000] {dag.py:4180} INFO - Setting next_dagrun for read_dataset_event_from_classic to 2025-04-26 00:00:00+00:00, run_after=2025-04-27 00:00:00+00:00
[2025-04-27T00:12:16.394+0000] {processor.py:208} INFO - Processing /home/airflow/.local/lib/python3.10/site-packages/airflow/example_dags/example_inlet_event_extra.py took 0.625 seconds
[2025-04-27T00:12:47.150+0000] {processor.py:186} INFO - Started process (PID=21914) to work on /home/airflow/.local/lib/python3.10/site-packages/airflow/example_dags/example_inlet_event_extra.py
[2025-04-27T00:12:47.152+0000] {processor.py:914} INFO - Processing file /home/airflow/.local/lib/python3.10/site-packages/airflow/example_dags/example_inlet_event_extra.py for tasks to queue
[2025-04-27T00:12:47.154+0000] {logging_mixin.py:190} INFO - [2025-04-27T00:12:47.154+0000] {dagbag.py:588} INFO - Filling up the DagBag from /home/airflow/.local/lib/python3.10/site-packages/airflow/example_dags/example_inlet_event_extra.py
[2025-04-27T00:12:47.753+0000] {processor.py:925} INFO - DAG(s) 'read_dataset_event', 'read_dataset_event_from_classic' retrieved from /home/airflow/.local/lib/python3.10/site-packages/airflow/example_dags/example_inlet_event_extra.py
[2025-04-27T00:12:47.776+0000] {logging_mixin.py:190} INFO - [2025-04-27T00:12:47.775+0000] {dag.py:3239} INFO - Sync 2 DAGs
[2025-04-27T00:12:47.803+0000] {logging_mixin.py:190} INFO - [2025-04-27T00:12:47.803+0000] {dag.py:4180} INFO - Setting next_dagrun for read_dataset_event to 2025-04-26 00:00:00+00:00, run_after=2025-04-27 00:00:00+00:00
[2025-04-27T00:12:47.809+0000] {logging_mixin.py:190} INFO - [2025-04-27T00:12:47.808+0000] {dag.py:4180} INFO - Setting next_dagrun for read_dataset_event_from_classic to 2025-04-26 00:00:00+00:00, run_after=2025-04-27 00:00:00+00:00
[2025-04-27T00:12:47.828+0000] {processor.py:208} INFO - Processing /home/airflow/.local/lib/python3.10/site-packages/airflow/example_dags/example_inlet_event_extra.py took 0.683 seconds
[2025-04-27T00:13:18.560+0000] {processor.py:186} INFO - Started process (PID=21980) to work on /home/airflow/.local/lib/python3.10/site-packages/airflow/example_dags/example_inlet_event_extra.py
[2025-04-27T00:13:18.562+0000] {processor.py:914} INFO - Processing file /home/airflow/.local/lib/python3.10/site-packages/airflow/example_dags/example_inlet_event_extra.py for tasks to queue
[2025-04-27T00:13:18.564+0000] {logging_mixin.py:190} INFO - [2025-04-27T00:13:18.564+0000] {dagbag.py:588} INFO - Filling up the DagBag from /home/airflow/.local/lib/python3.10/site-packages/airflow/example_dags/example_inlet_event_extra.py
[2025-04-27T00:13:19.258+0000] {processor.py:925} INFO - DAG(s) 'read_dataset_event', 'read_dataset_event_from_classic' retrieved from /home/airflow/.local/lib/python3.10/site-packages/airflow/example_dags/example_inlet_event_extra.py
[2025-04-27T00:13:19.283+0000] {logging_mixin.py:190} INFO - [2025-04-27T00:13:19.283+0000] {dag.py:3239} INFO - Sync 2 DAGs
[2025-04-27T00:13:19.312+0000] {logging_mixin.py:190} INFO - [2025-04-27T00:13:19.312+0000] {dag.py:4180} INFO - Setting next_dagrun for read_dataset_event to 2025-04-26 00:00:00+00:00, run_after=2025-04-27 00:00:00+00:00
[2025-04-27T00:13:19.318+0000] {logging_mixin.py:190} INFO - [2025-04-27T00:13:19.318+0000] {dag.py:4180} INFO - Setting next_dagrun for read_dataset_event_from_classic to 2025-04-26 00:00:00+00:00, run_after=2025-04-27 00:00:00+00:00
[2025-04-27T00:13:19.337+0000] {processor.py:208} INFO - Processing /home/airflow/.local/lib/python3.10/site-packages/airflow/example_dags/example_inlet_event_extra.py took 0.784 seconds
[2025-04-27T00:13:49.574+0000] {processor.py:186} INFO - Started process (PID=22046) to work on /home/airflow/.local/lib/python3.10/site-packages/airflow/example_dags/example_inlet_event_extra.py
[2025-04-27T00:13:49.575+0000] {processor.py:914} INFO - Processing file /home/airflow/.local/lib/python3.10/site-packages/airflow/example_dags/example_inlet_event_extra.py for tasks to queue
[2025-04-27T00:13:49.578+0000] {logging_mixin.py:190} INFO - [2025-04-27T00:13:49.577+0000] {dagbag.py:588} INFO - Filling up the DagBag from /home/airflow/.local/lib/python3.10/site-packages/airflow/example_dags/example_inlet_event_extra.py
[2025-04-27T00:13:50.165+0000] {processor.py:925} INFO - DAG(s) 'read_dataset_event_from_classic', 'read_dataset_event' retrieved from /home/airflow/.local/lib/python3.10/site-packages/airflow/example_dags/example_inlet_event_extra.py
[2025-04-27T00:13:50.186+0000] {logging_mixin.py:190} INFO - [2025-04-27T00:13:50.186+0000] {dag.py:3239} INFO - Sync 2 DAGs
[2025-04-27T00:13:50.211+0000] {logging_mixin.py:190} INFO - [2025-04-27T00:13:50.210+0000] {dag.py:4180} INFO - Setting next_dagrun for read_dataset_event to 2025-04-26 00:00:00+00:00, run_after=2025-04-27 00:00:00+00:00
[2025-04-27T00:13:50.216+0000] {logging_mixin.py:190} INFO - [2025-04-27T00:13:50.216+0000] {dag.py:4180} INFO - Setting next_dagrun for read_dataset_event_from_classic to 2025-04-26 00:00:00+00:00, run_after=2025-04-27 00:00:00+00:00
[2025-04-27T00:13:50.237+0000] {processor.py:208} INFO - Processing /home/airflow/.local/lib/python3.10/site-packages/airflow/example_dags/example_inlet_event_extra.py took 0.668 seconds
[2025-04-27T00:14:20.960+0000] {processor.py:186} INFO - Started process (PID=22113) to work on /home/airflow/.local/lib/python3.10/site-packages/airflow/example_dags/example_inlet_event_extra.py
[2025-04-27T00:14:20.961+0000] {processor.py:914} INFO - Processing file /home/airflow/.local/lib/python3.10/site-packages/airflow/example_dags/example_inlet_event_extra.py for tasks to queue
[2025-04-27T00:14:20.964+0000] {logging_mixin.py:190} INFO - [2025-04-27T00:14:20.964+0000] {dagbag.py:588} INFO - Filling up the DagBag from /home/airflow/.local/lib/python3.10/site-packages/airflow/example_dags/example_inlet_event_extra.py
[2025-04-27T00:14:21.473+0000] {processor.py:925} INFO - DAG(s) 'read_dataset_event_from_classic', 'read_dataset_event' retrieved from /home/airflow/.local/lib/python3.10/site-packages/airflow/example_dags/example_inlet_event_extra.py
[2025-04-27T00:14:21.495+0000] {logging_mixin.py:190} INFO - [2025-04-27T00:14:21.494+0000] {dag.py:3239} INFO - Sync 2 DAGs
[2025-04-27T00:14:21.518+0000] {logging_mixin.py:190} INFO - [2025-04-27T00:14:21.517+0000] {dag.py:4180} INFO - Setting next_dagrun for read_dataset_event to 2025-04-26 00:00:00+00:00, run_after=2025-04-27 00:00:00+00:00
[2025-04-27T00:14:21.523+0000] {logging_mixin.py:190} INFO - [2025-04-27T00:14:21.523+0000] {dag.py:4180} INFO - Setting next_dagrun for read_dataset_event_from_classic to 2025-04-26 00:00:00+00:00, run_after=2025-04-27 00:00:00+00:00
[2025-04-27T00:14:21.543+0000] {processor.py:208} INFO - Processing /home/airflow/.local/lib/python3.10/site-packages/airflow/example_dags/example_inlet_event_extra.py took 0.589 seconds
[2025-04-27T00:14:52.116+0000] {processor.py:186} INFO - Started process (PID=22186) to work on /home/airflow/.local/lib/python3.10/site-packages/airflow/example_dags/example_inlet_event_extra.py
[2025-04-27T00:14:52.117+0000] {processor.py:914} INFO - Processing file /home/airflow/.local/lib/python3.10/site-packages/airflow/example_dags/example_inlet_event_extra.py for tasks to queue
[2025-04-27T00:14:52.120+0000] {logging_mixin.py:190} INFO - [2025-04-27T00:14:52.119+0000] {dagbag.py:588} INFO - Filling up the DagBag from /home/airflow/.local/lib/python3.10/site-packages/airflow/example_dags/example_inlet_event_extra.py
[2025-04-27T00:14:52.605+0000] {processor.py:925} INFO - DAG(s) 'read_dataset_event', 'read_dataset_event_from_classic' retrieved from /home/airflow/.local/lib/python3.10/site-packages/airflow/example_dags/example_inlet_event_extra.py
[2025-04-27T00:14:52.625+0000] {logging_mixin.py:190} INFO - [2025-04-27T00:14:52.625+0000] {dag.py:3239} INFO - Sync 2 DAGs
[2025-04-27T00:14:52.649+0000] {logging_mixin.py:190} INFO - [2025-04-27T00:14:52.649+0000] {dag.py:4180} INFO - Setting next_dagrun for read_dataset_event to 2025-04-26 00:00:00+00:00, run_after=2025-04-27 00:00:00+00:00
[2025-04-27T00:14:52.655+0000] {logging_mixin.py:190} INFO - [2025-04-27T00:14:52.655+0000] {dag.py:4180} INFO - Setting next_dagrun for read_dataset_event_from_classic to 2025-04-26 00:00:00+00:00, run_after=2025-04-27 00:00:00+00:00
[2025-04-27T00:14:52.672+0000] {processor.py:208} INFO - Processing /home/airflow/.local/lib/python3.10/site-packages/airflow/example_dags/example_inlet_event_extra.py took 0.562 seconds
[2025-04-27T00:15:23.103+0000] {processor.py:186} INFO - Started process (PID=22254) to work on /home/airflow/.local/lib/python3.10/site-packages/airflow/example_dags/example_inlet_event_extra.py
[2025-04-27T00:15:23.104+0000] {processor.py:914} INFO - Processing file /home/airflow/.local/lib/python3.10/site-packages/airflow/example_dags/example_inlet_event_extra.py for tasks to queue
[2025-04-27T00:15:23.106+0000] {logging_mixin.py:190} INFO - [2025-04-27T00:15:23.106+0000] {dagbag.py:588} INFO - Filling up the DagBag from /home/airflow/.local/lib/python3.10/site-packages/airflow/example_dags/example_inlet_event_extra.py
[2025-04-27T00:15:23.709+0000] {processor.py:925} INFO - DAG(s) 'read_dataset_event', 'read_dataset_event_from_classic' retrieved from /home/airflow/.local/lib/python3.10/site-packages/airflow/example_dags/example_inlet_event_extra.py
[2025-04-27T00:15:23.729+0000] {logging_mixin.py:190} INFO - [2025-04-27T00:15:23.729+0000] {dag.py:3239} INFO - Sync 2 DAGs
[2025-04-27T00:15:23.758+0000] {logging_mixin.py:190} INFO - [2025-04-27T00:15:23.758+0000] {dag.py:4180} INFO - Setting next_dagrun for read_dataset_event to 2025-04-26 00:00:00+00:00, run_after=2025-04-27 00:00:00+00:00
[2025-04-27T00:15:23.766+0000] {logging_mixin.py:190} INFO - [2025-04-27T00:15:23.766+0000] {dag.py:4180} INFO - Setting next_dagrun for read_dataset_event_from_classic to 2025-04-26 00:00:00+00:00, run_after=2025-04-27 00:00:00+00:00
[2025-04-27T00:15:23.792+0000] {processor.py:208} INFO - Processing /home/airflow/.local/lib/python3.10/site-packages/airflow/example_dags/example_inlet_event_extra.py took 0.696 seconds
[2025-04-27T00:15:54.622+0000] {processor.py:186} INFO - Started process (PID=22323) to work on /home/airflow/.local/lib/python3.10/site-packages/airflow/example_dags/example_inlet_event_extra.py
[2025-04-27T00:15:54.624+0000] {processor.py:914} INFO - Processing file /home/airflow/.local/lib/python3.10/site-packages/airflow/example_dags/example_inlet_event_extra.py for tasks to queue
[2025-04-27T00:15:54.628+0000] {logging_mixin.py:190} INFO - [2025-04-27T00:15:54.627+0000] {dagbag.py:588} INFO - Filling up the DagBag from /home/airflow/.local/lib/python3.10/site-packages/airflow/example_dags/example_inlet_event_extra.py
[2025-04-27T00:15:55.364+0000] {processor.py:925} INFO - DAG(s) 'read_dataset_event', 'read_dataset_event_from_classic' retrieved from /home/airflow/.local/lib/python3.10/site-packages/airflow/example_dags/example_inlet_event_extra.py
[2025-04-27T00:15:55.393+0000] {logging_mixin.py:190} INFO - [2025-04-27T00:15:55.392+0000] {dag.py:3239} INFO - Sync 2 DAGs
[2025-04-27T00:15:55.432+0000] {logging_mixin.py:190} INFO - [2025-04-27T00:15:55.431+0000] {dag.py:4180} INFO - Setting next_dagrun for read_dataset_event to 2025-04-26 00:00:00+00:00, run_after=2025-04-27 00:00:00+00:00
[2025-04-27T00:15:55.443+0000] {logging_mixin.py:190} INFO - [2025-04-27T00:15:55.443+0000] {dag.py:4180} INFO - Setting next_dagrun for read_dataset_event_from_classic to 2025-04-26 00:00:00+00:00, run_after=2025-04-27 00:00:00+00:00
[2025-04-27T00:15:55.466+0000] {processor.py:208} INFO - Processing /home/airflow/.local/lib/python3.10/site-packages/airflow/example_dags/example_inlet_event_extra.py took 0.851 seconds
[2025-04-27T00:16:25.883+0000] {processor.py:186} INFO - Started process (PID=22391) to work on /home/airflow/.local/lib/python3.10/site-packages/airflow/example_dags/example_inlet_event_extra.py
[2025-04-27T00:16:25.884+0000] {processor.py:914} INFO - Processing file /home/airflow/.local/lib/python3.10/site-packages/airflow/example_dags/example_inlet_event_extra.py for tasks to queue
[2025-04-27T00:16:25.886+0000] {logging_mixin.py:190} INFO - [2025-04-27T00:16:25.886+0000] {dagbag.py:588} INFO - Filling up the DagBag from /home/airflow/.local/lib/python3.10/site-packages/airflow/example_dags/example_inlet_event_extra.py
[2025-04-27T00:16:26.445+0000] {processor.py:925} INFO - DAG(s) 'read_dataset_event_from_classic', 'read_dataset_event' retrieved from /home/airflow/.local/lib/python3.10/site-packages/airflow/example_dags/example_inlet_event_extra.py
[2025-04-27T00:16:26.466+0000] {logging_mixin.py:190} INFO - [2025-04-27T00:16:26.466+0000] {dag.py:3239} INFO - Sync 2 DAGs
[2025-04-27T00:16:26.494+0000] {logging_mixin.py:190} INFO - [2025-04-27T00:16:26.494+0000] {dag.py:4180} INFO - Setting next_dagrun for read_dataset_event to 2025-04-26 00:00:00+00:00, run_after=2025-04-27 00:00:00+00:00
[2025-04-27T00:16:26.501+0000] {logging_mixin.py:190} INFO - [2025-04-27T00:16:26.500+0000] {dag.py:4180} INFO - Setting next_dagrun for read_dataset_event_from_classic to 2025-04-26 00:00:00+00:00, run_after=2025-04-27 00:00:00+00:00
[2025-04-27T00:16:26.517+0000] {processor.py:208} INFO - Processing /home/airflow/.local/lib/python3.10/site-packages/airflow/example_dags/example_inlet_event_extra.py took 0.640 seconds
[2025-04-27T00:16:56.576+0000] {processor.py:186} INFO - Started process (PID=22457) to work on /home/airflow/.local/lib/python3.10/site-packages/airflow/example_dags/example_inlet_event_extra.py
[2025-04-27T00:16:56.577+0000] {processor.py:914} INFO - Processing file /home/airflow/.local/lib/python3.10/site-packages/airflow/example_dags/example_inlet_event_extra.py for tasks to queue
[2025-04-27T00:16:56.580+0000] {logging_mixin.py:190} INFO - [2025-04-27T00:16:56.579+0000] {dagbag.py:588} INFO - Filling up the DagBag from /home/airflow/.local/lib/python3.10/site-packages/airflow/example_dags/example_inlet_event_extra.py
[2025-04-27T00:16:57.162+0000] {processor.py:925} INFO - DAG(s) 'read_dataset_event', 'read_dataset_event_from_classic' retrieved from /home/airflow/.local/lib/python3.10/site-packages/airflow/example_dags/example_inlet_event_extra.py
[2025-04-27T00:16:57.183+0000] {logging_mixin.py:190} INFO - [2025-04-27T00:16:57.182+0000] {dag.py:3239} INFO - Sync 2 DAGs
[2025-04-27T00:16:57.208+0000] {logging_mixin.py:190} INFO - [2025-04-27T00:16:57.207+0000] {dag.py:4180} INFO - Setting next_dagrun for read_dataset_event to 2025-04-26 00:00:00+00:00, run_after=2025-04-27 00:00:00+00:00
[2025-04-27T00:16:57.213+0000] {logging_mixin.py:190} INFO - [2025-04-27T00:16:57.213+0000] {dag.py:4180} INFO - Setting next_dagrun for read_dataset_event_from_classic to 2025-04-26 00:00:00+00:00, run_after=2025-04-27 00:00:00+00:00
[2025-04-27T00:16:57.231+0000] {processor.py:208} INFO - Processing /home/airflow/.local/lib/python3.10/site-packages/airflow/example_dags/example_inlet_event_extra.py took 0.662 seconds
[2025-04-27T00:17:27.478+0000] {processor.py:186} INFO - Started process (PID=22524) to work on /home/airflow/.local/lib/python3.10/site-packages/airflow/example_dags/example_inlet_event_extra.py
[2025-04-27T00:17:27.479+0000] {processor.py:914} INFO - Processing file /home/airflow/.local/lib/python3.10/site-packages/airflow/example_dags/example_inlet_event_extra.py for tasks to queue
[2025-04-27T00:17:27.482+0000] {logging_mixin.py:190} INFO - [2025-04-27T00:17:27.482+0000] {dagbag.py:588} INFO - Filling up the DagBag from /home/airflow/.local/lib/python3.10/site-packages/airflow/example_dags/example_inlet_event_extra.py
[2025-04-27T00:17:28.074+0000] {processor.py:925} INFO - DAG(s) 'read_dataset_event', 'read_dataset_event_from_classic' retrieved from /home/airflow/.local/lib/python3.10/site-packages/airflow/example_dags/example_inlet_event_extra.py
[2025-04-27T00:17:28.097+0000] {logging_mixin.py:190} INFO - [2025-04-27T00:17:28.096+0000] {dag.py:3239} INFO - Sync 2 DAGs
[2025-04-27T00:17:28.124+0000] {logging_mixin.py:190} INFO - [2025-04-27T00:17:28.124+0000] {dag.py:4180} INFO - Setting next_dagrun for read_dataset_event to 2025-04-26 00:00:00+00:00, run_after=2025-04-27 00:00:00+00:00
[2025-04-27T00:17:28.130+0000] {logging_mixin.py:190} INFO - [2025-04-27T00:17:28.130+0000] {dag.py:4180} INFO - Setting next_dagrun for read_dataset_event_from_classic to 2025-04-26 00:00:00+00:00, run_after=2025-04-27 00:00:00+00:00
[2025-04-27T00:17:28.148+0000] {processor.py:208} INFO - Processing /home/airflow/.local/lib/python3.10/site-packages/airflow/example_dags/example_inlet_event_extra.py took 0.679 seconds
[2025-04-27T00:17:59.009+0000] {processor.py:186} INFO - Started process (PID=22593) to work on /home/airflow/.local/lib/python3.10/site-packages/airflow/example_dags/example_inlet_event_extra.py
[2025-04-27T00:17:59.010+0000] {processor.py:914} INFO - Processing file /home/airflow/.local/lib/python3.10/site-packages/airflow/example_dags/example_inlet_event_extra.py for tasks to queue
[2025-04-27T00:17:59.012+0000] {logging_mixin.py:190} INFO - [2025-04-27T00:17:59.012+0000] {dagbag.py:588} INFO - Filling up the DagBag from /home/airflow/.local/lib/python3.10/site-packages/airflow/example_dags/example_inlet_event_extra.py
[2025-04-27T00:17:59.520+0000] {processor.py:925} INFO - DAG(s) 'read_dataset_event_from_classic', 'read_dataset_event' retrieved from /home/airflow/.local/lib/python3.10/site-packages/airflow/example_dags/example_inlet_event_extra.py
[2025-04-27T00:17:59.539+0000] {logging_mixin.py:190} INFO - [2025-04-27T00:17:59.539+0000] {dag.py:3239} INFO - Sync 2 DAGs
[2025-04-27T00:17:59.563+0000] {logging_mixin.py:190} INFO - [2025-04-27T00:17:59.563+0000] {dag.py:4180} INFO - Setting next_dagrun for read_dataset_event to 2025-04-26 00:00:00+00:00, run_after=2025-04-27 00:00:00+00:00
[2025-04-27T00:17:59.568+0000] {logging_mixin.py:190} INFO - [2025-04-27T00:17:59.568+0000] {dag.py:4180} INFO - Setting next_dagrun for read_dataset_event_from_classic to 2025-04-26 00:00:00+00:00, run_after=2025-04-27 00:00:00+00:00
[2025-04-27T00:17:59.582+0000] {processor.py:208} INFO - Processing /home/airflow/.local/lib/python3.10/site-packages/airflow/example_dags/example_inlet_event_extra.py took 0.580 seconds
[2025-04-27T00:18:30.257+0000] {processor.py:186} INFO - Started process (PID=22659) to work on /home/airflow/.local/lib/python3.10/site-packages/airflow/example_dags/example_inlet_event_extra.py
[2025-04-27T00:18:30.258+0000] {processor.py:914} INFO - Processing file /home/airflow/.local/lib/python3.10/site-packages/airflow/example_dags/example_inlet_event_extra.py for tasks to queue
[2025-04-27T00:18:30.261+0000] {logging_mixin.py:190} INFO - [2025-04-27T00:18:30.260+0000] {dagbag.py:588} INFO - Filling up the DagBag from /home/airflow/.local/lib/python3.10/site-packages/airflow/example_dags/example_inlet_event_extra.py
[2025-04-27T00:18:30.747+0000] {processor.py:925} INFO - DAG(s) 'read_dataset_event_from_classic', 'read_dataset_event' retrieved from /home/airflow/.local/lib/python3.10/site-packages/airflow/example_dags/example_inlet_event_extra.py
[2025-04-27T00:18:30.768+0000] {logging_mixin.py:190} INFO - [2025-04-27T00:18:30.768+0000] {dag.py:3239} INFO - Sync 2 DAGs
[2025-04-27T00:18:30.790+0000] {logging_mixin.py:190} INFO - [2025-04-27T00:18:30.790+0000] {dag.py:4180} INFO - Setting next_dagrun for read_dataset_event to 2025-04-26 00:00:00+00:00, run_after=2025-04-27 00:00:00+00:00
[2025-04-27T00:18:30.797+0000] {logging_mixin.py:190} INFO - [2025-04-27T00:18:30.797+0000] {dag.py:4180} INFO - Setting next_dagrun for read_dataset_event_from_classic to 2025-04-26 00:00:00+00:00, run_after=2025-04-27 00:00:00+00:00
[2025-04-27T00:18:30.814+0000] {processor.py:208} INFO - Processing /home/airflow/.local/lib/python3.10/site-packages/airflow/example_dags/example_inlet_event_extra.py took 0.563 seconds
[2025-04-27T00:19:01.748+0000] {processor.py:186} INFO - Started process (PID=22725) to work on /home/airflow/.local/lib/python3.10/site-packages/airflow/example_dags/example_inlet_event_extra.py
[2025-04-27T00:19:01.749+0000] {processor.py:914} INFO - Processing file /home/airflow/.local/lib/python3.10/site-packages/airflow/example_dags/example_inlet_event_extra.py for tasks to queue
[2025-04-27T00:19:01.752+0000] {logging_mixin.py:190} INFO - [2025-04-27T00:19:01.751+0000] {dagbag.py:588} INFO - Filling up the DagBag from /home/airflow/.local/lib/python3.10/site-packages/airflow/example_dags/example_inlet_event_extra.py
[2025-04-27T00:19:02.345+0000] {processor.py:925} INFO - DAG(s) 'read_dataset_event', 'read_dataset_event_from_classic' retrieved from /home/airflow/.local/lib/python3.10/site-packages/airflow/example_dags/example_inlet_event_extra.py
[2025-04-27T00:19:02.369+0000] {logging_mixin.py:190} INFO - [2025-04-27T00:19:02.369+0000] {dag.py:3239} INFO - Sync 2 DAGs
[2025-04-27T00:19:02.396+0000] {logging_mixin.py:190} INFO - [2025-04-27T00:19:02.395+0000] {dag.py:4180} INFO - Setting next_dagrun for read_dataset_event to 2025-04-26 00:00:00+00:00, run_after=2025-04-27 00:00:00+00:00
[2025-04-27T00:19:02.401+0000] {logging_mixin.py:190} INFO - [2025-04-27T00:19:02.401+0000] {dag.py:4180} INFO - Setting next_dagrun for read_dataset_event_from_classic to 2025-04-26 00:00:00+00:00, run_after=2025-04-27 00:00:00+00:00
[2025-04-27T00:19:02.419+0000] {processor.py:208} INFO - Processing /home/airflow/.local/lib/python3.10/site-packages/airflow/example_dags/example_inlet_event_extra.py took 0.680 seconds
[2025-04-27T00:19:32.765+0000] {processor.py:186} INFO - Started process (PID=22791) to work on /home/airflow/.local/lib/python3.10/site-packages/airflow/example_dags/example_inlet_event_extra.py
[2025-04-27T00:19:32.766+0000] {processor.py:914} INFO - Processing file /home/airflow/.local/lib/python3.10/site-packages/airflow/example_dags/example_inlet_event_extra.py for tasks to queue
[2025-04-27T00:19:32.768+0000] {logging_mixin.py:190} INFO - [2025-04-27T00:19:32.768+0000] {dagbag.py:588} INFO - Filling up the DagBag from /home/airflow/.local/lib/python3.10/site-packages/airflow/example_dags/example_inlet_event_extra.py
[2025-04-27T00:19:33.230+0000] {processor.py:925} INFO - DAG(s) 'read_dataset_event_from_classic', 'read_dataset_event' retrieved from /home/airflow/.local/lib/python3.10/site-packages/airflow/example_dags/example_inlet_event_extra.py
[2025-04-27T00:19:33.248+0000] {logging_mixin.py:190} INFO - [2025-04-27T00:19:33.248+0000] {dag.py:3239} INFO - Sync 2 DAGs
[2025-04-27T00:19:33.269+0000] {logging_mixin.py:190} INFO - [2025-04-27T00:19:33.268+0000] {dag.py:4180} INFO - Setting next_dagrun for read_dataset_event to 2025-04-26 00:00:00+00:00, run_after=2025-04-27 00:00:00+00:00
[2025-04-27T00:19:33.273+0000] {logging_mixin.py:190} INFO - [2025-04-27T00:19:33.273+0000] {dag.py:4180} INFO - Setting next_dagrun for read_dataset_event_from_classic to 2025-04-26 00:00:00+00:00, run_after=2025-04-27 00:00:00+00:00
[2025-04-27T00:19:33.286+0000] {processor.py:208} INFO - Processing /home/airflow/.local/lib/python3.10/site-packages/airflow/example_dags/example_inlet_event_extra.py took 0.526 seconds
[2025-04-27T00:20:05.037+0000] {processor.py:186} INFO - Started process (PID=22859) to work on /home/airflow/.local/lib/python3.10/site-packages/airflow/example_dags/example_inlet_event_extra.py
[2025-04-27T00:20:05.038+0000] {processor.py:914} INFO - Processing file /home/airflow/.local/lib/python3.10/site-packages/airflow/example_dags/example_inlet_event_extra.py for tasks to queue
[2025-04-27T00:20:05.041+0000] {logging_mixin.py:190} INFO - [2025-04-27T00:20:05.041+0000] {dagbag.py:588} INFO - Filling up the DagBag from /home/airflow/.local/lib/python3.10/site-packages/airflow/example_dags/example_inlet_event_extra.py
[2025-04-27T00:20:05.638+0000] {processor.py:925} INFO - DAG(s) 'read_dataset_event', 'read_dataset_event_from_classic' retrieved from /home/airflow/.local/lib/python3.10/site-packages/airflow/example_dags/example_inlet_event_extra.py
[2025-04-27T00:20:05.657+0000] {logging_mixin.py:190} INFO - [2025-04-27T00:20:05.657+0000] {dag.py:3239} INFO - Sync 2 DAGs
[2025-04-27T00:20:05.681+0000] {logging_mixin.py:190} INFO - [2025-04-27T00:20:05.681+0000] {dag.py:4180} INFO - Setting next_dagrun for read_dataset_event to 2025-04-26 00:00:00+00:00, run_after=2025-04-27 00:00:00+00:00
[2025-04-27T00:20:05.686+0000] {logging_mixin.py:190} INFO - [2025-04-27T00:20:05.686+0000] {dag.py:4180} INFO - Setting next_dagrun for read_dataset_event_from_classic to 2025-04-26 00:00:00+00:00, run_after=2025-04-27 00:00:00+00:00
[2025-04-27T00:20:05.700+0000] {processor.py:208} INFO - Processing /home/airflow/.local/lib/python3.10/site-packages/airflow/example_dags/example_inlet_event_extra.py took 0.671 seconds
[2025-04-27T00:20:35.963+0000] {processor.py:186} INFO - Started process (PID=22925) to work on /home/airflow/.local/lib/python3.10/site-packages/airflow/example_dags/example_inlet_event_extra.py
[2025-04-27T00:20:35.964+0000] {processor.py:914} INFO - Processing file /home/airflow/.local/lib/python3.10/site-packages/airflow/example_dags/example_inlet_event_extra.py for tasks to queue
[2025-04-27T00:20:35.968+0000] {logging_mixin.py:190} INFO - [2025-04-27T00:20:35.967+0000] {dagbag.py:588} INFO - Filling up the DagBag from /home/airflow/.local/lib/python3.10/site-packages/airflow/example_dags/example_inlet_event_extra.py
[2025-04-27T00:20:36.587+0000] {processor.py:925} INFO - DAG(s) 'read_dataset_event_from_classic', 'read_dataset_event' retrieved from /home/airflow/.local/lib/python3.10/site-packages/airflow/example_dags/example_inlet_event_extra.py
[2025-04-27T00:20:36.606+0000] {logging_mixin.py:190} INFO - [2025-04-27T00:20:36.606+0000] {dag.py:3239} INFO - Sync 2 DAGs
[2025-04-27T00:20:36.629+0000] {logging_mixin.py:190} INFO - [2025-04-27T00:20:36.628+0000] {dag.py:4180} INFO - Setting next_dagrun for read_dataset_event to 2025-04-26 00:00:00+00:00, run_after=2025-04-27 00:00:00+00:00
[2025-04-27T00:20:36.635+0000] {logging_mixin.py:190} INFO - [2025-04-27T00:20:36.635+0000] {dag.py:4180} INFO - Setting next_dagrun for read_dataset_event_from_classic to 2025-04-26 00:00:00+00:00, run_after=2025-04-27 00:00:00+00:00
[2025-04-27T00:20:36.654+0000] {processor.py:208} INFO - Processing /home/airflow/.local/lib/python3.10/site-packages/airflow/example_dags/example_inlet_event_extra.py took 0.699 seconds
[2025-04-27T00:21:06.892+0000] {processor.py:186} INFO - Started process (PID=22991) to work on /home/airflow/.local/lib/python3.10/site-packages/airflow/example_dags/example_inlet_event_extra.py
[2025-04-27T00:21:06.893+0000] {processor.py:914} INFO - Processing file /home/airflow/.local/lib/python3.10/site-packages/airflow/example_dags/example_inlet_event_extra.py for tasks to queue
[2025-04-27T00:21:06.896+0000] {logging_mixin.py:190} INFO - [2025-04-27T00:21:06.896+0000] {dagbag.py:588} INFO - Filling up the DagBag from /home/airflow/.local/lib/python3.10/site-packages/airflow/example_dags/example_inlet_event_extra.py
[2025-04-27T00:21:07.476+0000] {processor.py:925} INFO - DAG(s) 'read_dataset_event_from_classic', 'read_dataset_event' retrieved from /home/airflow/.local/lib/python3.10/site-packages/airflow/example_dags/example_inlet_event_extra.py
[2025-04-27T00:21:07.505+0000] {logging_mixin.py:190} INFO - [2025-04-27T00:21:07.504+0000] {dag.py:3239} INFO - Sync 2 DAGs
[2025-04-27T00:21:07.535+0000] {logging_mixin.py:190} INFO - [2025-04-27T00:21:07.534+0000] {dag.py:4180} INFO - Setting next_dagrun for read_dataset_event to 2025-04-26 00:00:00+00:00, run_after=2025-04-27 00:00:00+00:00
[2025-04-27T00:21:07.543+0000] {logging_mixin.py:190} INFO - [2025-04-27T00:21:07.542+0000] {dag.py:4180} INFO - Setting next_dagrun for read_dataset_event_from_classic to 2025-04-26 00:00:00+00:00, run_after=2025-04-27 00:00:00+00:00
[2025-04-27T00:21:07.566+0000] {processor.py:208} INFO - Processing /home/airflow/.local/lib/python3.10/site-packages/airflow/example_dags/example_inlet_event_extra.py took 0.681 seconds
[2025-04-27T00:21:38.617+0000] {processor.py:186} INFO - Started process (PID=23063) to work on /home/airflow/.local/lib/python3.10/site-packages/airflow/example_dags/example_inlet_event_extra.py
[2025-04-27T00:21:38.619+0000] {processor.py:914} INFO - Processing file /home/airflow/.local/lib/python3.10/site-packages/airflow/example_dags/example_inlet_event_extra.py for tasks to queue
[2025-04-27T00:21:38.623+0000] {logging_mixin.py:190} INFO - [2025-04-27T00:21:38.622+0000] {dagbag.py:588} INFO - Filling up the DagBag from /home/airflow/.local/lib/python3.10/site-packages/airflow/example_dags/example_inlet_event_extra.py
[2025-04-27T00:21:39.340+0000] {processor.py:925} INFO - DAG(s) 'read_dataset_event', 'read_dataset_event_from_classic' retrieved from /home/airflow/.local/lib/python3.10/site-packages/airflow/example_dags/example_inlet_event_extra.py
[2025-04-27T00:21:39.368+0000] {logging_mixin.py:190} INFO - [2025-04-27T00:21:39.367+0000] {dag.py:3239} INFO - Sync 2 DAGs
[2025-04-27T00:21:39.406+0000] {logging_mixin.py:190} INFO - [2025-04-27T00:21:39.405+0000] {dag.py:4180} INFO - Setting next_dagrun for read_dataset_event to 2025-04-26 00:00:00+00:00, run_after=2025-04-27 00:00:00+00:00
[2025-04-27T00:21:39.416+0000] {logging_mixin.py:190} INFO - [2025-04-27T00:21:39.415+0000] {dag.py:4180} INFO - Setting next_dagrun for read_dataset_event_from_classic to 2025-04-26 00:00:00+00:00, run_after=2025-04-27 00:00:00+00:00
[2025-04-27T00:21:39.460+0000] {processor.py:208} INFO - Processing /home/airflow/.local/lib/python3.10/site-packages/airflow/example_dags/example_inlet_event_extra.py took 0.851 seconds
[2025-04-27T00:22:09.895+0000] {processor.py:186} INFO - Started process (PID=23132) to work on /home/airflow/.local/lib/python3.10/site-packages/airflow/example_dags/example_inlet_event_extra.py
[2025-04-27T00:22:09.896+0000] {processor.py:914} INFO - Processing file /home/airflow/.local/lib/python3.10/site-packages/airflow/example_dags/example_inlet_event_extra.py for tasks to queue
[2025-04-27T00:22:09.899+0000] {logging_mixin.py:190} INFO - [2025-04-27T00:22:09.899+0000] {dagbag.py:588} INFO - Filling up the DagBag from /home/airflow/.local/lib/python3.10/site-packages/airflow/example_dags/example_inlet_event_extra.py
[2025-04-27T00:22:10.444+0000] {processor.py:925} INFO - DAG(s) 'read_dataset_event', 'read_dataset_event_from_classic' retrieved from /home/airflow/.local/lib/python3.10/site-packages/airflow/example_dags/example_inlet_event_extra.py
[2025-04-27T00:22:10.467+0000] {logging_mixin.py:190} INFO - [2025-04-27T00:22:10.466+0000] {dag.py:3239} INFO - Sync 2 DAGs
[2025-04-27T00:22:10.492+0000] {logging_mixin.py:190} INFO - [2025-04-27T00:22:10.491+0000] {dag.py:4180} INFO - Setting next_dagrun for read_dataset_event to 2025-04-26 00:00:00+00:00, run_after=2025-04-27 00:00:00+00:00
[2025-04-27T00:22:10.499+0000] {logging_mixin.py:190} INFO - [2025-04-27T00:22:10.499+0000] {dag.py:4180} INFO - Setting next_dagrun for read_dataset_event_from_classic to 2025-04-26 00:00:00+00:00, run_after=2025-04-27 00:00:00+00:00
[2025-04-27T00:22:10.532+0000] {processor.py:208} INFO - Processing /home/airflow/.local/lib/python3.10/site-packages/airflow/example_dags/example_inlet_event_extra.py took 0.646 seconds
[2025-04-27T00:22:40.771+0000] {processor.py:186} INFO - Started process (PID=23200) to work on /home/airflow/.local/lib/python3.10/site-packages/airflow/example_dags/example_inlet_event_extra.py
[2025-04-27T00:22:40.772+0000] {processor.py:914} INFO - Processing file /home/airflow/.local/lib/python3.10/site-packages/airflow/example_dags/example_inlet_event_extra.py for tasks to queue
[2025-04-27T00:22:40.775+0000] {logging_mixin.py:190} INFO - [2025-04-27T00:22:40.774+0000] {dagbag.py:588} INFO - Filling up the DagBag from /home/airflow/.local/lib/python3.10/site-packages/airflow/example_dags/example_inlet_event_extra.py
[2025-04-27T00:22:41.283+0000] {processor.py:925} INFO - DAG(s) 'read_dataset_event_from_classic', 'read_dataset_event' retrieved from /home/airflow/.local/lib/python3.10/site-packages/airflow/example_dags/example_inlet_event_extra.py
[2025-04-27T00:22:41.303+0000] {logging_mixin.py:190} INFO - [2025-04-27T00:22:41.302+0000] {dag.py:3239} INFO - Sync 2 DAGs
[2025-04-27T00:22:41.325+0000] {logging_mixin.py:190} INFO - [2025-04-27T00:22:41.325+0000] {dag.py:4180} INFO - Setting next_dagrun for read_dataset_event to 2025-04-26 00:00:00+00:00, run_after=2025-04-27 00:00:00+00:00
[2025-04-27T00:22:41.332+0000] {logging_mixin.py:190} INFO - [2025-04-27T00:22:41.332+0000] {dag.py:4180} INFO - Setting next_dagrun for read_dataset_event_from_classic to 2025-04-26 00:00:00+00:00, run_after=2025-04-27 00:00:00+00:00
[2025-04-27T00:22:41.350+0000] {processor.py:208} INFO - Processing /home/airflow/.local/lib/python3.10/site-packages/airflow/example_dags/example_inlet_event_extra.py took 0.585 seconds
[2025-04-27T00:23:11.995+0000] {processor.py:186} INFO - Started process (PID=23268) to work on /home/airflow/.local/lib/python3.10/site-packages/airflow/example_dags/example_inlet_event_extra.py
[2025-04-27T00:23:11.996+0000] {processor.py:914} INFO - Processing file /home/airflow/.local/lib/python3.10/site-packages/airflow/example_dags/example_inlet_event_extra.py for tasks to queue
[2025-04-27T00:23:11.998+0000] {logging_mixin.py:190} INFO - [2025-04-27T00:23:11.998+0000] {dagbag.py:588} INFO - Filling up the DagBag from /home/airflow/.local/lib/python3.10/site-packages/airflow/example_dags/example_inlet_event_extra.py
[2025-04-27T00:23:12.558+0000] {processor.py:925} INFO - DAG(s) 'read_dataset_event_from_classic', 'read_dataset_event' retrieved from /home/airflow/.local/lib/python3.10/site-packages/airflow/example_dags/example_inlet_event_extra.py
[2025-04-27T00:23:12.579+0000] {logging_mixin.py:190} INFO - [2025-04-27T00:23:12.579+0000] {dag.py:3239} INFO - Sync 2 DAGs
[2025-04-27T00:23:12.603+0000] {logging_mixin.py:190} INFO - [2025-04-27T00:23:12.603+0000] {dag.py:4180} INFO - Setting next_dagrun for read_dataset_event to 2025-04-26 00:00:00+00:00, run_after=2025-04-27 00:00:00+00:00
[2025-04-27T00:23:12.608+0000] {logging_mixin.py:190} INFO - [2025-04-27T00:23:12.608+0000] {dag.py:4180} INFO - Setting next_dagrun for read_dataset_event_from_classic to 2025-04-26 00:00:00+00:00, run_after=2025-04-27 00:00:00+00:00
[2025-04-27T00:23:12.624+0000] {processor.py:208} INFO - Processing /home/airflow/.local/lib/python3.10/site-packages/airflow/example_dags/example_inlet_event_extra.py took 0.634 seconds
[2025-04-27T00:23:42.837+0000] {processor.py:186} INFO - Started process (PID=23337) to work on /home/airflow/.local/lib/python3.10/site-packages/airflow/example_dags/example_inlet_event_extra.py
[2025-04-27T00:23:42.839+0000] {processor.py:914} INFO - Processing file /home/airflow/.local/lib/python3.10/site-packages/airflow/example_dags/example_inlet_event_extra.py for tasks to queue
[2025-04-27T00:23:42.841+0000] {logging_mixin.py:190} INFO - [2025-04-27T00:23:42.841+0000] {dagbag.py:588} INFO - Filling up the DagBag from /home/airflow/.local/lib/python3.10/site-packages/airflow/example_dags/example_inlet_event_extra.py
[2025-04-27T00:23:43.308+0000] {processor.py:925} INFO - DAG(s) 'read_dataset_event', 'read_dataset_event_from_classic' retrieved from /home/airflow/.local/lib/python3.10/site-packages/airflow/example_dags/example_inlet_event_extra.py
[2025-04-27T00:23:43.328+0000] {logging_mixin.py:190} INFO - [2025-04-27T00:23:43.327+0000] {dag.py:3239} INFO - Sync 2 DAGs
[2025-04-27T00:23:43.352+0000] {logging_mixin.py:190} INFO - [2025-04-27T00:23:43.351+0000] {dag.py:4180} INFO - Setting next_dagrun for read_dataset_event to 2025-04-26 00:00:00+00:00, run_after=2025-04-27 00:00:00+00:00
[2025-04-27T00:23:43.357+0000] {logging_mixin.py:190} INFO - [2025-04-27T00:23:43.356+0000] {dag.py:4180} INFO - Setting next_dagrun for read_dataset_event_from_classic to 2025-04-26 00:00:00+00:00, run_after=2025-04-27 00:00:00+00:00
[2025-04-27T00:23:43.372+0000] {processor.py:208} INFO - Processing /home/airflow/.local/lib/python3.10/site-packages/airflow/example_dags/example_inlet_event_extra.py took 0.540 seconds
[2025-04-27T00:24:13.626+0000] {processor.py:186} INFO - Started process (PID=23401) to work on /home/airflow/.local/lib/python3.10/site-packages/airflow/example_dags/example_inlet_event_extra.py
[2025-04-27T00:24:13.627+0000] {processor.py:914} INFO - Processing file /home/airflow/.local/lib/python3.10/site-packages/airflow/example_dags/example_inlet_event_extra.py for tasks to queue
[2025-04-27T00:24:13.629+0000] {logging_mixin.py:190} INFO - [2025-04-27T00:24:13.629+0000] {dagbag.py:588} INFO - Filling up the DagBag from /home/airflow/.local/lib/python3.10/site-packages/airflow/example_dags/example_inlet_event_extra.py
[2025-04-27T00:24:14.096+0000] {processor.py:925} INFO - DAG(s) 'read_dataset_event_from_classic', 'read_dataset_event' retrieved from /home/airflow/.local/lib/python3.10/site-packages/airflow/example_dags/example_inlet_event_extra.py
[2025-04-27T00:24:14.115+0000] {logging_mixin.py:190} INFO - [2025-04-27T00:24:14.114+0000] {dag.py:3239} INFO - Sync 2 DAGs
[2025-04-27T00:24:14.138+0000] {logging_mixin.py:190} INFO - [2025-04-27T00:24:14.137+0000] {dag.py:4180} INFO - Setting next_dagrun for read_dataset_event to 2025-04-26 00:00:00+00:00, run_after=2025-04-27 00:00:00+00:00
[2025-04-27T00:24:14.143+0000] {logging_mixin.py:190} INFO - [2025-04-27T00:24:14.143+0000] {dag.py:4180} INFO - Setting next_dagrun for read_dataset_event_from_classic to 2025-04-26 00:00:00+00:00, run_after=2025-04-27 00:00:00+00:00
[2025-04-27T00:24:14.158+0000] {processor.py:208} INFO - Processing /home/airflow/.local/lib/python3.10/site-packages/airflow/example_dags/example_inlet_event_extra.py took 0.538 seconds
[2025-04-27T00:24:44.401+0000] {processor.py:186} INFO - Started process (PID=23469) to work on /home/airflow/.local/lib/python3.10/site-packages/airflow/example_dags/example_inlet_event_extra.py
[2025-04-27T00:24:44.403+0000] {processor.py:914} INFO - Processing file /home/airflow/.local/lib/python3.10/site-packages/airflow/example_dags/example_inlet_event_extra.py for tasks to queue
[2025-04-27T00:24:44.405+0000] {logging_mixin.py:190} INFO - [2025-04-27T00:24:44.405+0000] {dagbag.py:588} INFO - Filling up the DagBag from /home/airflow/.local/lib/python3.10/site-packages/airflow/example_dags/example_inlet_event_extra.py
[2025-04-27T00:24:44.944+0000] {processor.py:925} INFO - DAG(s) 'read_dataset_event', 'read_dataset_event_from_classic' retrieved from /home/airflow/.local/lib/python3.10/site-packages/airflow/example_dags/example_inlet_event_extra.py
[2025-04-27T00:24:44.966+0000] {logging_mixin.py:190} INFO - [2025-04-27T00:24:44.966+0000] {dag.py:3239} INFO - Sync 2 DAGs
[2025-04-27T00:24:44.988+0000] {logging_mixin.py:190} INFO - [2025-04-27T00:24:44.988+0000] {dag.py:4180} INFO - Setting next_dagrun for read_dataset_event to 2025-04-26 00:00:00+00:00, run_after=2025-04-27 00:00:00+00:00
[2025-04-27T00:24:44.995+0000] {logging_mixin.py:190} INFO - [2025-04-27T00:24:44.995+0000] {dag.py:4180} INFO - Setting next_dagrun for read_dataset_event_from_classic to 2025-04-26 00:00:00+00:00, run_after=2025-04-27 00:00:00+00:00
[2025-04-27T00:24:45.011+0000] {processor.py:208} INFO - Processing /home/airflow/.local/lib/python3.10/site-packages/airflow/example_dags/example_inlet_event_extra.py took 0.617 seconds
[2025-04-27T00:25:15.202+0000] {processor.py:186} INFO - Started process (PID=23535) to work on /home/airflow/.local/lib/python3.10/site-packages/airflow/example_dags/example_inlet_event_extra.py
[2025-04-27T00:25:15.203+0000] {processor.py:914} INFO - Processing file /home/airflow/.local/lib/python3.10/site-packages/airflow/example_dags/example_inlet_event_extra.py for tasks to queue
[2025-04-27T00:25:15.206+0000] {logging_mixin.py:190} INFO - [2025-04-27T00:25:15.205+0000] {dagbag.py:588} INFO - Filling up the DagBag from /home/airflow/.local/lib/python3.10/site-packages/airflow/example_dags/example_inlet_event_extra.py
[2025-04-27T00:25:15.757+0000] {processor.py:925} INFO - DAG(s) 'read_dataset_event_from_classic', 'read_dataset_event' retrieved from /home/airflow/.local/lib/python3.10/site-packages/airflow/example_dags/example_inlet_event_extra.py
[2025-04-27T00:25:15.779+0000] {logging_mixin.py:190} INFO - [2025-04-27T00:25:15.778+0000] {dag.py:3239} INFO - Sync 2 DAGs
[2025-04-27T00:25:15.802+0000] {logging_mixin.py:190} INFO - [2025-04-27T00:25:15.802+0000] {dag.py:4180} INFO - Setting next_dagrun for read_dataset_event to 2025-04-26 00:00:00+00:00, run_after=2025-04-27 00:00:00+00:00
[2025-04-27T00:25:15.808+0000] {logging_mixin.py:190} INFO - [2025-04-27T00:25:15.808+0000] {dag.py:4180} INFO - Setting next_dagrun for read_dataset_event_from_classic to 2025-04-26 00:00:00+00:00, run_after=2025-04-27 00:00:00+00:00
[2025-04-27T00:25:15.825+0000] {processor.py:208} INFO - Processing /home/airflow/.local/lib/python3.10/site-packages/airflow/example_dags/example_inlet_event_extra.py took 0.630 seconds
