[2025-04-27T00:00:14.164+0000] {processor.py:186} INFO - Started process (PID=20294) to work on /home/airflow/.local/lib/python3.10/site-packages/airflow/example_dags/example_xcom.py
[2025-04-27T00:00:14.166+0000] {processor.py:914} INFO - Processing file /home/airflow/.local/lib/python3.10/site-packages/airflow/example_dags/example_xcom.py for tasks to queue
[2025-04-27T00:00:14.169+0000] {logging_mixin.py:190} INFO - [2025-04-27T00:00:14.169+0000] {dagbag.py:588} INFO - Filling up the DagBag from /home/airflow/.local/lib/python3.10/site-packages/airflow/example_dags/example_xcom.py
[2025-04-27T00:00:14.180+0000] {processor.py:925} INFO - DAG(s) 'example_xcom' retrieved from /home/airflow/.local/lib/python3.10/site-packages/airflow/example_dags/example_xcom.py
[2025-04-27T00:00:14.204+0000] {logging_mixin.py:190} INFO - [2025-04-27T00:00:14.204+0000] {dag.py:3239} INFO - Sync 1 DAGs
[2025-04-27T00:00:14.230+0000] {logging_mixin.py:190} INFO - [2025-04-27T00:00:14.229+0000] {dag.py:4180} INFO - Setting next_dagrun for example_xcom to 2021-01-01 00:00:00+00:00, run_after=2021-01-01 00:00:00+00:00
[2025-04-27T00:00:14.253+0000] {processor.py:208} INFO - Processing /home/airflow/.local/lib/python3.10/site-packages/airflow/example_dags/example_xcom.py took 0.098 seconds
[2025-04-27T00:00:44.608+0000] {processor.py:186} INFO - Started process (PID=20360) to work on /home/airflow/.local/lib/python3.10/site-packages/airflow/example_dags/example_xcom.py
[2025-04-27T00:00:44.609+0000] {processor.py:914} INFO - Processing file /home/airflow/.local/lib/python3.10/site-packages/airflow/example_dags/example_xcom.py for tasks to queue
[2025-04-27T00:00:44.612+0000] {logging_mixin.py:190} INFO - [2025-04-27T00:00:44.612+0000] {dagbag.py:588} INFO - Filling up the DagBag from /home/airflow/.local/lib/python3.10/site-packages/airflow/example_dags/example_xcom.py
[2025-04-27T00:00:44.621+0000] {processor.py:925} INFO - DAG(s) 'example_xcom' retrieved from /home/airflow/.local/lib/python3.10/site-packages/airflow/example_dags/example_xcom.py
[2025-04-27T00:00:44.642+0000] {logging_mixin.py:190} INFO - [2025-04-27T00:00:44.642+0000] {dag.py:3239} INFO - Sync 1 DAGs
[2025-04-27T00:00:44.665+0000] {logging_mixin.py:190} INFO - [2025-04-27T00:00:44.664+0000] {dag.py:4180} INFO - Setting next_dagrun for example_xcom to 2021-01-01 00:00:00+00:00, run_after=2021-01-01 00:00:00+00:00
[2025-04-27T00:00:44.682+0000] {processor.py:208} INFO - Processing /home/airflow/.local/lib/python3.10/site-packages/airflow/example_dags/example_xcom.py took 0.080 seconds
[2025-04-27T00:01:15.235+0000] {processor.py:186} INFO - Started process (PID=20426) to work on /home/airflow/.local/lib/python3.10/site-packages/airflow/example_dags/example_xcom.py
[2025-04-27T00:01:15.237+0000] {processor.py:914} INFO - Processing file /home/airflow/.local/lib/python3.10/site-packages/airflow/example_dags/example_xcom.py for tasks to queue
[2025-04-27T00:01:15.239+0000] {logging_mixin.py:190} INFO - [2025-04-27T00:01:15.239+0000] {dagbag.py:588} INFO - Filling up the DagBag from /home/airflow/.local/lib/python3.10/site-packages/airflow/example_dags/example_xcom.py
[2025-04-27T00:01:15.248+0000] {processor.py:925} INFO - DAG(s) 'example_xcom' retrieved from /home/airflow/.local/lib/python3.10/site-packages/airflow/example_dags/example_xcom.py
[2025-04-27T00:01:15.269+0000] {logging_mixin.py:190} INFO - [2025-04-27T00:01:15.269+0000] {dag.py:3239} INFO - Sync 1 DAGs
[2025-04-27T00:01:15.291+0000] {logging_mixin.py:190} INFO - [2025-04-27T00:01:15.291+0000] {dag.py:4180} INFO - Setting next_dagrun for example_xcom to 2021-01-01 00:00:00+00:00, run_after=2021-01-01 00:00:00+00:00
[2025-04-27T00:01:15.308+0000] {processor.py:208} INFO - Processing /home/airflow/.local/lib/python3.10/site-packages/airflow/example_dags/example_xcom.py took 0.079 seconds
[2025-04-27T00:01:45.789+0000] {processor.py:186} INFO - Started process (PID=20493) to work on /home/airflow/.local/lib/python3.10/site-packages/airflow/example_dags/example_xcom.py
[2025-04-27T00:01:45.790+0000] {processor.py:914} INFO - Processing file /home/airflow/.local/lib/python3.10/site-packages/airflow/example_dags/example_xcom.py for tasks to queue
[2025-04-27T00:01:45.792+0000] {logging_mixin.py:190} INFO - [2025-04-27T00:01:45.792+0000] {dagbag.py:588} INFO - Filling up the DagBag from /home/airflow/.local/lib/python3.10/site-packages/airflow/example_dags/example_xcom.py
[2025-04-27T00:01:45.802+0000] {processor.py:925} INFO - DAG(s) 'example_xcom' retrieved from /home/airflow/.local/lib/python3.10/site-packages/airflow/example_dags/example_xcom.py
[2025-04-27T00:01:45.826+0000] {logging_mixin.py:190} INFO - [2025-04-27T00:01:45.825+0000] {dag.py:3239} INFO - Sync 1 DAGs
[2025-04-27T00:01:45.858+0000] {logging_mixin.py:190} INFO - [2025-04-27T00:01:45.857+0000] {dag.py:4180} INFO - Setting next_dagrun for example_xcom to 2021-01-01 00:00:00+00:00, run_after=2021-01-01 00:00:00+00:00
[2025-04-27T00:01:45.885+0000] {processor.py:208} INFO - Processing /home/airflow/.local/lib/python3.10/site-packages/airflow/example_dags/example_xcom.py took 0.102 seconds
[2025-04-27T00:02:16.116+0000] {processor.py:186} INFO - Started process (PID=20559) to work on /home/airflow/.local/lib/python3.10/site-packages/airflow/example_dags/example_xcom.py
[2025-04-27T00:02:16.117+0000] {processor.py:914} INFO - Processing file /home/airflow/.local/lib/python3.10/site-packages/airflow/example_dags/example_xcom.py for tasks to queue
[2025-04-27T00:02:16.119+0000] {logging_mixin.py:190} INFO - [2025-04-27T00:02:16.119+0000] {dagbag.py:588} INFO - Filling up the DagBag from /home/airflow/.local/lib/python3.10/site-packages/airflow/example_dags/example_xcom.py
[2025-04-27T00:02:16.129+0000] {processor.py:925} INFO - DAG(s) 'example_xcom' retrieved from /home/airflow/.local/lib/python3.10/site-packages/airflow/example_dags/example_xcom.py
[2025-04-27T00:02:16.154+0000] {logging_mixin.py:190} INFO - [2025-04-27T00:02:16.153+0000] {dag.py:3239} INFO - Sync 1 DAGs
[2025-04-27T00:02:16.182+0000] {logging_mixin.py:190} INFO - [2025-04-27T00:02:16.182+0000] {dag.py:4180} INFO - Setting next_dagrun for example_xcom to 2021-01-01 00:00:00+00:00, run_after=2021-01-01 00:00:00+00:00
[2025-04-27T00:02:16.204+0000] {processor.py:208} INFO - Processing /home/airflow/.local/lib/python3.10/site-packages/airflow/example_dags/example_xcom.py took 0.095 seconds
[2025-04-27T00:02:47.245+0000] {processor.py:186} INFO - Started process (PID=20625) to work on /home/airflow/.local/lib/python3.10/site-packages/airflow/example_dags/example_xcom.py
[2025-04-27T00:02:47.247+0000] {processor.py:914} INFO - Processing file /home/airflow/.local/lib/python3.10/site-packages/airflow/example_dags/example_xcom.py for tasks to queue
[2025-04-27T00:02:47.249+0000] {logging_mixin.py:190} INFO - [2025-04-27T00:02:47.249+0000] {dagbag.py:588} INFO - Filling up the DagBag from /home/airflow/.local/lib/python3.10/site-packages/airflow/example_dags/example_xcom.py
[2025-04-27T00:02:47.259+0000] {processor.py:925} INFO - DAG(s) 'example_xcom' retrieved from /home/airflow/.local/lib/python3.10/site-packages/airflow/example_dags/example_xcom.py
[2025-04-27T00:02:47.282+0000] {logging_mixin.py:190} INFO - [2025-04-27T00:02:47.282+0000] {dag.py:3239} INFO - Sync 1 DAGs
[2025-04-27T00:02:47.307+0000] {logging_mixin.py:190} INFO - [2025-04-27T00:02:47.307+0000] {dag.py:4180} INFO - Setting next_dagrun for example_xcom to 2021-01-01 00:00:00+00:00, run_after=2021-01-01 00:00:00+00:00
[2025-04-27T00:02:47.328+0000] {processor.py:208} INFO - Processing /home/airflow/.local/lib/python3.10/site-packages/airflow/example_dags/example_xcom.py took 0.090 seconds
[2025-04-27T00:03:18.356+0000] {processor.py:186} INFO - Started process (PID=20698) to work on /home/airflow/.local/lib/python3.10/site-packages/airflow/example_dags/example_xcom.py
[2025-04-27T00:03:18.357+0000] {processor.py:914} INFO - Processing file /home/airflow/.local/lib/python3.10/site-packages/airflow/example_dags/example_xcom.py for tasks to queue
[2025-04-27T00:03:18.360+0000] {logging_mixin.py:190} INFO - [2025-04-27T00:03:18.360+0000] {dagbag.py:588} INFO - Filling up the DagBag from /home/airflow/.local/lib/python3.10/site-packages/airflow/example_dags/example_xcom.py
[2025-04-27T00:03:18.373+0000] {processor.py:925} INFO - DAG(s) 'example_xcom' retrieved from /home/airflow/.local/lib/python3.10/site-packages/airflow/example_dags/example_xcom.py
[2025-04-27T00:03:18.400+0000] {logging_mixin.py:190} INFO - [2025-04-27T00:03:18.400+0000] {dag.py:3239} INFO - Sync 1 DAGs
[2025-04-27T00:03:18.425+0000] {logging_mixin.py:190} INFO - [2025-04-27T00:03:18.425+0000] {dag.py:4180} INFO - Setting next_dagrun for example_xcom to 2021-01-01 00:00:00+00:00, run_after=2021-01-01 00:00:00+00:00
[2025-04-27T00:03:18.453+0000] {processor.py:208} INFO - Processing /home/airflow/.local/lib/python3.10/site-packages/airflow/example_dags/example_xcom.py took 0.105 seconds
[2025-04-27T00:03:48.889+0000] {processor.py:186} INFO - Started process (PID=20764) to work on /home/airflow/.local/lib/python3.10/site-packages/airflow/example_dags/example_xcom.py
[2025-04-27T00:03:48.890+0000] {processor.py:914} INFO - Processing file /home/airflow/.local/lib/python3.10/site-packages/airflow/example_dags/example_xcom.py for tasks to queue
[2025-04-27T00:03:48.893+0000] {logging_mixin.py:190} INFO - [2025-04-27T00:03:48.892+0000] {dagbag.py:588} INFO - Filling up the DagBag from /home/airflow/.local/lib/python3.10/site-packages/airflow/example_dags/example_xcom.py
[2025-04-27T00:03:48.902+0000] {processor.py:925} INFO - DAG(s) 'example_xcom' retrieved from /home/airflow/.local/lib/python3.10/site-packages/airflow/example_dags/example_xcom.py
[2025-04-27T00:03:48.924+0000] {logging_mixin.py:190} INFO - [2025-04-27T00:03:48.924+0000] {dag.py:3239} INFO - Sync 1 DAGs
[2025-04-27T00:03:48.947+0000] {logging_mixin.py:190} INFO - [2025-04-27T00:03:48.946+0000] {dag.py:4180} INFO - Setting next_dagrun for example_xcom to 2021-01-01 00:00:00+00:00, run_after=2021-01-01 00:00:00+00:00
[2025-04-27T00:03:48.967+0000] {processor.py:208} INFO - Processing /home/airflow/.local/lib/python3.10/site-packages/airflow/example_dags/example_xcom.py took 0.084 seconds
[2025-04-27T00:04:19.785+0000] {processor.py:186} INFO - Started process (PID=20830) to work on /home/airflow/.local/lib/python3.10/site-packages/airflow/example_dags/example_xcom.py
[2025-04-27T00:04:19.786+0000] {processor.py:914} INFO - Processing file /home/airflow/.local/lib/python3.10/site-packages/airflow/example_dags/example_xcom.py for tasks to queue
[2025-04-27T00:04:19.789+0000] {logging_mixin.py:190} INFO - [2025-04-27T00:04:19.788+0000] {dagbag.py:588} INFO - Filling up the DagBag from /home/airflow/.local/lib/python3.10/site-packages/airflow/example_dags/example_xcom.py
[2025-04-27T00:04:19.798+0000] {processor.py:925} INFO - DAG(s) 'example_xcom' retrieved from /home/airflow/.local/lib/python3.10/site-packages/airflow/example_dags/example_xcom.py
[2025-04-27T00:04:19.818+0000] {logging_mixin.py:190} INFO - [2025-04-27T00:04:19.817+0000] {dag.py:3239} INFO - Sync 1 DAGs
[2025-04-27T00:04:19.841+0000] {logging_mixin.py:190} INFO - [2025-04-27T00:04:19.841+0000] {dag.py:4180} INFO - Setting next_dagrun for example_xcom to 2021-01-01 00:00:00+00:00, run_after=2021-01-01 00:00:00+00:00
[2025-04-27T00:04:19.863+0000] {processor.py:208} INFO - Processing /home/airflow/.local/lib/python3.10/site-packages/airflow/example_dags/example_xcom.py took 0.084 seconds
[2025-04-27T00:04:50.244+0000] {processor.py:186} INFO - Started process (PID=20896) to work on /home/airflow/.local/lib/python3.10/site-packages/airflow/example_dags/example_xcom.py
[2025-04-27T00:04:50.245+0000] {processor.py:914} INFO - Processing file /home/airflow/.local/lib/python3.10/site-packages/airflow/example_dags/example_xcom.py for tasks to queue
[2025-04-27T00:04:50.249+0000] {logging_mixin.py:190} INFO - [2025-04-27T00:04:50.248+0000] {dagbag.py:588} INFO - Filling up the DagBag from /home/airflow/.local/lib/python3.10/site-packages/airflow/example_dags/example_xcom.py
[2025-04-27T00:04:50.259+0000] {processor.py:925} INFO - DAG(s) 'example_xcom' retrieved from /home/airflow/.local/lib/python3.10/site-packages/airflow/example_dags/example_xcom.py
[2025-04-27T00:04:50.282+0000] {logging_mixin.py:190} INFO - [2025-04-27T00:04:50.282+0000] {dag.py:3239} INFO - Sync 1 DAGs
[2025-04-27T00:04:50.310+0000] {logging_mixin.py:190} INFO - [2025-04-27T00:04:50.309+0000] {dag.py:4180} INFO - Setting next_dagrun for example_xcom to 2021-01-01 00:00:00+00:00, run_after=2021-01-01 00:00:00+00:00
[2025-04-27T00:04:50.331+0000] {processor.py:208} INFO - Processing /home/airflow/.local/lib/python3.10/site-packages/airflow/example_dags/example_xcom.py took 0.093 seconds
[2025-04-27T00:05:21.305+0000] {processor.py:186} INFO - Started process (PID=20968) to work on /home/airflow/.local/lib/python3.10/site-packages/airflow/example_dags/example_xcom.py
[2025-04-27T00:05:21.306+0000] {processor.py:914} INFO - Processing file /home/airflow/.local/lib/python3.10/site-packages/airflow/example_dags/example_xcom.py for tasks to queue
[2025-04-27T00:05:21.308+0000] {logging_mixin.py:190} INFO - [2025-04-27T00:05:21.308+0000] {dagbag.py:588} INFO - Filling up the DagBag from /home/airflow/.local/lib/python3.10/site-packages/airflow/example_dags/example_xcom.py
[2025-04-27T00:05:21.317+0000] {processor.py:925} INFO - DAG(s) 'example_xcom' retrieved from /home/airflow/.local/lib/python3.10/site-packages/airflow/example_dags/example_xcom.py
[2025-04-27T00:05:21.338+0000] {logging_mixin.py:190} INFO - [2025-04-27T00:05:21.338+0000] {dag.py:3239} INFO - Sync 1 DAGs
[2025-04-27T00:05:21.361+0000] {logging_mixin.py:190} INFO - [2025-04-27T00:05:21.361+0000] {dag.py:4180} INFO - Setting next_dagrun for example_xcom to 2021-01-01 00:00:00+00:00, run_after=2021-01-01 00:00:00+00:00
[2025-04-27T00:05:21.379+0000] {processor.py:208} INFO - Processing /home/airflow/.local/lib/python3.10/site-packages/airflow/example_dags/example_xcom.py took 0.080 seconds
[2025-04-27T00:05:52.116+0000] {processor.py:186} INFO - Started process (PID=21034) to work on /home/airflow/.local/lib/python3.10/site-packages/airflow/example_dags/example_xcom.py
[2025-04-27T00:05:52.117+0000] {processor.py:914} INFO - Processing file /home/airflow/.local/lib/python3.10/site-packages/airflow/example_dags/example_xcom.py for tasks to queue
[2025-04-27T00:05:52.119+0000] {logging_mixin.py:190} INFO - [2025-04-27T00:05:52.119+0000] {dagbag.py:588} INFO - Filling up the DagBag from /home/airflow/.local/lib/python3.10/site-packages/airflow/example_dags/example_xcom.py
[2025-04-27T00:05:52.128+0000] {processor.py:925} INFO - DAG(s) 'example_xcom' retrieved from /home/airflow/.local/lib/python3.10/site-packages/airflow/example_dags/example_xcom.py
[2025-04-27T00:05:52.151+0000] {logging_mixin.py:190} INFO - [2025-04-27T00:05:52.150+0000] {dag.py:3239} INFO - Sync 1 DAGs
[2025-04-27T00:05:52.177+0000] {logging_mixin.py:190} INFO - [2025-04-27T00:05:52.177+0000] {dag.py:4180} INFO - Setting next_dagrun for example_xcom to 2021-01-01 00:00:00+00:00, run_after=2021-01-01 00:00:00+00:00
[2025-04-27T00:05:52.195+0000] {processor.py:208} INFO - Processing /home/airflow/.local/lib/python3.10/site-packages/airflow/example_dags/example_xcom.py took 0.084 seconds
[2025-04-27T00:06:23.436+0000] {processor.py:186} INFO - Started process (PID=21101) to work on /home/airflow/.local/lib/python3.10/site-packages/airflow/example_dags/example_xcom.py
[2025-04-27T00:06:23.437+0000] {processor.py:914} INFO - Processing file /home/airflow/.local/lib/python3.10/site-packages/airflow/example_dags/example_xcom.py for tasks to queue
[2025-04-27T00:06:23.440+0000] {logging_mixin.py:190} INFO - [2025-04-27T00:06:23.439+0000] {dagbag.py:588} INFO - Filling up the DagBag from /home/airflow/.local/lib/python3.10/site-packages/airflow/example_dags/example_xcom.py
[2025-04-27T00:06:23.450+0000] {processor.py:925} INFO - DAG(s) 'example_xcom' retrieved from /home/airflow/.local/lib/python3.10/site-packages/airflow/example_dags/example_xcom.py
[2025-04-27T00:06:23.473+0000] {logging_mixin.py:190} INFO - [2025-04-27T00:06:23.473+0000] {dag.py:3239} INFO - Sync 1 DAGs
[2025-04-27T00:06:23.499+0000] {logging_mixin.py:190} INFO - [2025-04-27T00:06:23.499+0000] {dag.py:4180} INFO - Setting next_dagrun for example_xcom to 2021-01-01 00:00:00+00:00, run_after=2021-01-01 00:00:00+00:00
[2025-04-27T00:06:23.520+0000] {processor.py:208} INFO - Processing /home/airflow/.local/lib/python3.10/site-packages/airflow/example_dags/example_xcom.py took 0.090 seconds
[2025-04-27T00:06:54.363+0000] {processor.py:186} INFO - Started process (PID=21166) to work on /home/airflow/.local/lib/python3.10/site-packages/airflow/example_dags/example_xcom.py
[2025-04-27T00:06:54.364+0000] {processor.py:914} INFO - Processing file /home/airflow/.local/lib/python3.10/site-packages/airflow/example_dags/example_xcom.py for tasks to queue
[2025-04-27T00:06:54.367+0000] {logging_mixin.py:190} INFO - [2025-04-27T00:06:54.366+0000] {dagbag.py:588} INFO - Filling up the DagBag from /home/airflow/.local/lib/python3.10/site-packages/airflow/example_dags/example_xcom.py
[2025-04-27T00:06:54.375+0000] {processor.py:925} INFO - DAG(s) 'example_xcom' retrieved from /home/airflow/.local/lib/python3.10/site-packages/airflow/example_dags/example_xcom.py
[2025-04-27T00:06:54.396+0000] {logging_mixin.py:190} INFO - [2025-04-27T00:06:54.396+0000] {dag.py:3239} INFO - Sync 1 DAGs
[2025-04-27T00:06:54.418+0000] {logging_mixin.py:190} INFO - [2025-04-27T00:06:54.417+0000] {dag.py:4180} INFO - Setting next_dagrun for example_xcom to 2021-01-01 00:00:00+00:00, run_after=2021-01-01 00:00:00+00:00
[2025-04-27T00:06:54.434+0000] {processor.py:208} INFO - Processing /home/airflow/.local/lib/python3.10/site-packages/airflow/example_dags/example_xcom.py took 0.077 seconds
[2025-04-27T00:07:24.604+0000] {processor.py:186} INFO - Started process (PID=21233) to work on /home/airflow/.local/lib/python3.10/site-packages/airflow/example_dags/example_xcom.py
[2025-04-27T00:07:24.606+0000] {processor.py:914} INFO - Processing file /home/airflow/.local/lib/python3.10/site-packages/airflow/example_dags/example_xcom.py for tasks to queue
[2025-04-27T00:07:24.608+0000] {logging_mixin.py:190} INFO - [2025-04-27T00:07:24.608+0000] {dagbag.py:588} INFO - Filling up the DagBag from /home/airflow/.local/lib/python3.10/site-packages/airflow/example_dags/example_xcom.py
[2025-04-27T00:07:24.616+0000] {processor.py:925} INFO - DAG(s) 'example_xcom' retrieved from /home/airflow/.local/lib/python3.10/site-packages/airflow/example_dags/example_xcom.py
[2025-04-27T00:07:24.637+0000] {logging_mixin.py:190} INFO - [2025-04-27T00:07:24.637+0000] {dag.py:3239} INFO - Sync 1 DAGs
[2025-04-27T00:07:24.659+0000] {logging_mixin.py:190} INFO - [2025-04-27T00:07:24.659+0000] {dag.py:4180} INFO - Setting next_dagrun for example_xcom to 2021-01-01 00:00:00+00:00, run_after=2021-01-01 00:00:00+00:00
[2025-04-27T00:07:24.678+0000] {processor.py:208} INFO - Processing /home/airflow/.local/lib/python3.10/site-packages/airflow/example_dags/example_xcom.py took 0.079 seconds
[2025-04-27T00:07:54.805+0000] {processor.py:186} INFO - Started process (PID=21298) to work on /home/airflow/.local/lib/python3.10/site-packages/airflow/example_dags/example_xcom.py
[2025-04-27T00:07:54.806+0000] {processor.py:914} INFO - Processing file /home/airflow/.local/lib/python3.10/site-packages/airflow/example_dags/example_xcom.py for tasks to queue
[2025-04-27T00:07:54.808+0000] {logging_mixin.py:190} INFO - [2025-04-27T00:07:54.808+0000] {dagbag.py:588} INFO - Filling up the DagBag from /home/airflow/.local/lib/python3.10/site-packages/airflow/example_dags/example_xcom.py
[2025-04-27T00:07:54.819+0000] {processor.py:925} INFO - DAG(s) 'example_xcom' retrieved from /home/airflow/.local/lib/python3.10/site-packages/airflow/example_dags/example_xcom.py
[2025-04-27T00:07:54.843+0000] {logging_mixin.py:190} INFO - [2025-04-27T00:07:54.843+0000] {dag.py:3239} INFO - Sync 1 DAGs
[2025-04-27T00:07:54.866+0000] {logging_mixin.py:190} INFO - [2025-04-27T00:07:54.865+0000] {dag.py:4180} INFO - Setting next_dagrun for example_xcom to 2021-01-01 00:00:00+00:00, run_after=2021-01-01 00:00:00+00:00
[2025-04-27T00:07:54.885+0000] {processor.py:208} INFO - Processing /home/airflow/.local/lib/python3.10/site-packages/airflow/example_dags/example_xcom.py took 0.086 seconds
[2025-04-27T00:08:25.628+0000] {processor.py:186} INFO - Started process (PID=21364) to work on /home/airflow/.local/lib/python3.10/site-packages/airflow/example_dags/example_xcom.py
[2025-04-27T00:08:25.629+0000] {processor.py:914} INFO - Processing file /home/airflow/.local/lib/python3.10/site-packages/airflow/example_dags/example_xcom.py for tasks to queue
[2025-04-27T00:08:25.631+0000] {logging_mixin.py:190} INFO - [2025-04-27T00:08:25.631+0000] {dagbag.py:588} INFO - Filling up the DagBag from /home/airflow/.local/lib/python3.10/site-packages/airflow/example_dags/example_xcom.py
[2025-04-27T00:08:25.640+0000] {processor.py:925} INFO - DAG(s) 'example_xcom' retrieved from /home/airflow/.local/lib/python3.10/site-packages/airflow/example_dags/example_xcom.py
[2025-04-27T00:08:25.662+0000] {logging_mixin.py:190} INFO - [2025-04-27T00:08:25.661+0000] {dag.py:3239} INFO - Sync 1 DAGs
[2025-04-27T00:08:25.682+0000] {logging_mixin.py:190} INFO - [2025-04-27T00:08:25.682+0000] {dag.py:4180} INFO - Setting next_dagrun for example_xcom to 2021-01-01 00:00:00+00:00, run_after=2021-01-01 00:00:00+00:00
[2025-04-27T00:08:25.700+0000] {processor.py:208} INFO - Processing /home/airflow/.local/lib/python3.10/site-packages/airflow/example_dags/example_xcom.py took 0.078 seconds
[2025-04-27T00:08:56.324+0000] {processor.py:186} INFO - Started process (PID=21430) to work on /home/airflow/.local/lib/python3.10/site-packages/airflow/example_dags/example_xcom.py
[2025-04-27T00:08:56.326+0000] {processor.py:914} INFO - Processing file /home/airflow/.local/lib/python3.10/site-packages/airflow/example_dags/example_xcom.py for tasks to queue
[2025-04-27T00:08:56.331+0000] {logging_mixin.py:190} INFO - [2025-04-27T00:08:56.330+0000] {dagbag.py:588} INFO - Filling up the DagBag from /home/airflow/.local/lib/python3.10/site-packages/airflow/example_dags/example_xcom.py
[2025-04-27T00:08:56.346+0000] {processor.py:925} INFO - DAG(s) 'example_xcom' retrieved from /home/airflow/.local/lib/python3.10/site-packages/airflow/example_dags/example_xcom.py
[2025-04-27T00:08:56.375+0000] {logging_mixin.py:190} INFO - [2025-04-27T00:08:56.375+0000] {dag.py:3239} INFO - Sync 1 DAGs
[2025-04-27T00:08:56.414+0000] {logging_mixin.py:190} INFO - [2025-04-27T00:08:56.413+0000] {dag.py:4180} INFO - Setting next_dagrun for example_xcom to 2021-01-01 00:00:00+00:00, run_after=2021-01-01 00:00:00+00:00
[2025-04-27T00:08:56.446+0000] {processor.py:208} INFO - Processing /home/airflow/.local/lib/python3.10/site-packages/airflow/example_dags/example_xcom.py took 0.131 seconds
[2025-04-27T00:09:26.741+0000] {processor.py:186} INFO - Started process (PID=21496) to work on /home/airflow/.local/lib/python3.10/site-packages/airflow/example_dags/example_xcom.py
[2025-04-27T00:09:26.742+0000] {processor.py:914} INFO - Processing file /home/airflow/.local/lib/python3.10/site-packages/airflow/example_dags/example_xcom.py for tasks to queue
[2025-04-27T00:09:26.745+0000] {logging_mixin.py:190} INFO - [2025-04-27T00:09:26.745+0000] {dagbag.py:588} INFO - Filling up the DagBag from /home/airflow/.local/lib/python3.10/site-packages/airflow/example_dags/example_xcom.py
[2025-04-27T00:09:26.754+0000] {processor.py:925} INFO - DAG(s) 'example_xcom' retrieved from /home/airflow/.local/lib/python3.10/site-packages/airflow/example_dags/example_xcom.py
[2025-04-27T00:09:26.776+0000] {logging_mixin.py:190} INFO - [2025-04-27T00:09:26.775+0000] {dag.py:3239} INFO - Sync 1 DAGs
[2025-04-27T00:09:26.799+0000] {logging_mixin.py:190} INFO - [2025-04-27T00:09:26.799+0000] {dag.py:4180} INFO - Setting next_dagrun for example_xcom to 2021-01-01 00:00:00+00:00, run_after=2021-01-01 00:00:00+00:00
[2025-04-27T00:09:26.820+0000] {processor.py:208} INFO - Processing /home/airflow/.local/lib/python3.10/site-packages/airflow/example_dags/example_xcom.py took 0.086 seconds
[2025-04-27T00:09:57.069+0000] {processor.py:186} INFO - Started process (PID=21562) to work on /home/airflow/.local/lib/python3.10/site-packages/airflow/example_dags/example_xcom.py
[2025-04-27T00:09:57.070+0000] {processor.py:914} INFO - Processing file /home/airflow/.local/lib/python3.10/site-packages/airflow/example_dags/example_xcom.py for tasks to queue
[2025-04-27T00:09:57.072+0000] {logging_mixin.py:190} INFO - [2025-04-27T00:09:57.072+0000] {dagbag.py:588} INFO - Filling up the DagBag from /home/airflow/.local/lib/python3.10/site-packages/airflow/example_dags/example_xcom.py
[2025-04-27T00:09:57.082+0000] {processor.py:925} INFO - DAG(s) 'example_xcom' retrieved from /home/airflow/.local/lib/python3.10/site-packages/airflow/example_dags/example_xcom.py
[2025-04-27T00:09:57.106+0000] {logging_mixin.py:190} INFO - [2025-04-27T00:09:57.106+0000] {dag.py:3239} INFO - Sync 1 DAGs
[2025-04-27T00:09:57.133+0000] {logging_mixin.py:190} INFO - [2025-04-27T00:09:57.133+0000] {dag.py:4180} INFO - Setting next_dagrun for example_xcom to 2021-01-01 00:00:00+00:00, run_after=2021-01-01 00:00:00+00:00
[2025-04-27T00:09:57.158+0000] {processor.py:208} INFO - Processing /home/airflow/.local/lib/python3.10/site-packages/airflow/example_dags/example_xcom.py took 0.095 seconds
[2025-04-27T00:10:27.957+0000] {processor.py:186} INFO - Started process (PID=21628) to work on /home/airflow/.local/lib/python3.10/site-packages/airflow/example_dags/example_xcom.py
[2025-04-27T00:10:27.958+0000] {processor.py:914} INFO - Processing file /home/airflow/.local/lib/python3.10/site-packages/airflow/example_dags/example_xcom.py for tasks to queue
[2025-04-27T00:10:27.963+0000] {logging_mixin.py:190} INFO - [2025-04-27T00:10:27.962+0000] {dagbag.py:588} INFO - Filling up the DagBag from /home/airflow/.local/lib/python3.10/site-packages/airflow/example_dags/example_xcom.py
[2025-04-27T00:10:27.979+0000] {processor.py:925} INFO - DAG(s) 'example_xcom' retrieved from /home/airflow/.local/lib/python3.10/site-packages/airflow/example_dags/example_xcom.py
[2025-04-27T00:10:28.012+0000] {logging_mixin.py:190} INFO - [2025-04-27T00:10:28.012+0000] {dag.py:3239} INFO - Sync 1 DAGs
[2025-04-27T00:10:28.049+0000] {logging_mixin.py:190} INFO - [2025-04-27T00:10:28.049+0000] {dag.py:4180} INFO - Setting next_dagrun for example_xcom to 2021-01-01 00:00:00+00:00, run_after=2021-01-01 00:00:00+00:00
[2025-04-27T00:10:28.080+0000] {processor.py:208} INFO - Processing /home/airflow/.local/lib/python3.10/site-packages/airflow/example_dags/example_xcom.py took 0.132 seconds
[2025-04-27T00:10:58.755+0000] {processor.py:186} INFO - Started process (PID=21694) to work on /home/airflow/.local/lib/python3.10/site-packages/airflow/example_dags/example_xcom.py
[2025-04-27T00:10:58.756+0000] {processor.py:914} INFO - Processing file /home/airflow/.local/lib/python3.10/site-packages/airflow/example_dags/example_xcom.py for tasks to queue
[2025-04-27T00:10:58.759+0000] {logging_mixin.py:190} INFO - [2025-04-27T00:10:58.759+0000] {dagbag.py:588} INFO - Filling up the DagBag from /home/airflow/.local/lib/python3.10/site-packages/airflow/example_dags/example_xcom.py
[2025-04-27T00:10:58.771+0000] {processor.py:925} INFO - DAG(s) 'example_xcom' retrieved from /home/airflow/.local/lib/python3.10/site-packages/airflow/example_dags/example_xcom.py
[2025-04-27T00:10:58.802+0000] {logging_mixin.py:190} INFO - [2025-04-27T00:10:58.801+0000] {dag.py:3239} INFO - Sync 1 DAGs
[2025-04-27T00:10:58.831+0000] {logging_mixin.py:190} INFO - [2025-04-27T00:10:58.831+0000] {dag.py:4180} INFO - Setting next_dagrun for example_xcom to 2021-01-01 00:00:00+00:00, run_after=2021-01-01 00:00:00+00:00
[2025-04-27T00:10:58.859+0000] {processor.py:208} INFO - Processing /home/airflow/.local/lib/python3.10/site-packages/airflow/example_dags/example_xcom.py took 0.112 seconds
[2025-04-27T00:11:29.089+0000] {processor.py:186} INFO - Started process (PID=21760) to work on /home/airflow/.local/lib/python3.10/site-packages/airflow/example_dags/example_xcom.py
[2025-04-27T00:11:29.090+0000] {processor.py:914} INFO - Processing file /home/airflow/.local/lib/python3.10/site-packages/airflow/example_dags/example_xcom.py for tasks to queue
[2025-04-27T00:11:29.093+0000] {logging_mixin.py:190} INFO - [2025-04-27T00:11:29.093+0000] {dagbag.py:588} INFO - Filling up the DagBag from /home/airflow/.local/lib/python3.10/site-packages/airflow/example_dags/example_xcom.py
[2025-04-27T00:11:29.103+0000] {processor.py:925} INFO - DAG(s) 'example_xcom' retrieved from /home/airflow/.local/lib/python3.10/site-packages/airflow/example_dags/example_xcom.py
[2025-04-27T00:11:29.127+0000] {logging_mixin.py:190} INFO - [2025-04-27T00:11:29.126+0000] {dag.py:3239} INFO - Sync 1 DAGs
[2025-04-27T00:11:29.151+0000] {logging_mixin.py:190} INFO - [2025-04-27T00:11:29.151+0000] {dag.py:4180} INFO - Setting next_dagrun for example_xcom to 2021-01-01 00:00:00+00:00, run_after=2021-01-01 00:00:00+00:00
[2025-04-27T00:11:29.169+0000] {processor.py:208} INFO - Processing /home/airflow/.local/lib/python3.10/site-packages/airflow/example_dags/example_xcom.py took 0.086 seconds
[2025-04-27T00:11:59.339+0000] {processor.py:186} INFO - Started process (PID=21826) to work on /home/airflow/.local/lib/python3.10/site-packages/airflow/example_dags/example_xcom.py
[2025-04-27T00:11:59.340+0000] {processor.py:914} INFO - Processing file /home/airflow/.local/lib/python3.10/site-packages/airflow/example_dags/example_xcom.py for tasks to queue
[2025-04-27T00:11:59.342+0000] {logging_mixin.py:190} INFO - [2025-04-27T00:11:59.341+0000] {dagbag.py:588} INFO - Filling up the DagBag from /home/airflow/.local/lib/python3.10/site-packages/airflow/example_dags/example_xcom.py
[2025-04-27T00:11:59.351+0000] {processor.py:925} INFO - DAG(s) 'example_xcom' retrieved from /home/airflow/.local/lib/python3.10/site-packages/airflow/example_dags/example_xcom.py
[2025-04-27T00:11:59.371+0000] {logging_mixin.py:190} INFO - [2025-04-27T00:11:59.371+0000] {dag.py:3239} INFO - Sync 1 DAGs
[2025-04-27T00:11:59.392+0000] {logging_mixin.py:190} INFO - [2025-04-27T00:11:59.392+0000] {dag.py:4180} INFO - Setting next_dagrun for example_xcom to 2021-01-01 00:00:00+00:00, run_after=2021-01-01 00:00:00+00:00
[2025-04-27T00:11:59.408+0000] {processor.py:208} INFO - Processing /home/airflow/.local/lib/python3.10/site-packages/airflow/example_dags/example_xcom.py took 0.076 seconds
[2025-04-27T00:12:30.288+0000] {processor.py:186} INFO - Started process (PID=21892) to work on /home/airflow/.local/lib/python3.10/site-packages/airflow/example_dags/example_xcom.py
[2025-04-27T00:12:30.290+0000] {processor.py:914} INFO - Processing file /home/airflow/.local/lib/python3.10/site-packages/airflow/example_dags/example_xcom.py for tasks to queue
[2025-04-27T00:12:30.292+0000] {logging_mixin.py:190} INFO - [2025-04-27T00:12:30.292+0000] {dagbag.py:588} INFO - Filling up the DagBag from /home/airflow/.local/lib/python3.10/site-packages/airflow/example_dags/example_xcom.py
[2025-04-27T00:12:30.302+0000] {processor.py:925} INFO - DAG(s) 'example_xcom' retrieved from /home/airflow/.local/lib/python3.10/site-packages/airflow/example_dags/example_xcom.py
[2025-04-27T00:12:30.324+0000] {logging_mixin.py:190} INFO - [2025-04-27T00:12:30.324+0000] {dag.py:3239} INFO - Sync 1 DAGs
[2025-04-27T00:12:30.350+0000] {logging_mixin.py:190} INFO - [2025-04-27T00:12:30.350+0000] {dag.py:4180} INFO - Setting next_dagrun for example_xcom to 2021-01-01 00:00:00+00:00, run_after=2021-01-01 00:00:00+00:00
[2025-04-27T00:12:30.371+0000] {processor.py:208} INFO - Processing /home/airflow/.local/lib/python3.10/site-packages/airflow/example_dags/example_xcom.py took 0.090 seconds
[2025-04-27T00:13:01.020+0000] {processor.py:186} INFO - Started process (PID=21958) to work on /home/airflow/.local/lib/python3.10/site-packages/airflow/example_dags/example_xcom.py
[2025-04-27T00:13:01.021+0000] {processor.py:914} INFO - Processing file /home/airflow/.local/lib/python3.10/site-packages/airflow/example_dags/example_xcom.py for tasks to queue
[2025-04-27T00:13:01.023+0000] {logging_mixin.py:190} INFO - [2025-04-27T00:13:01.023+0000] {dagbag.py:588} INFO - Filling up the DagBag from /home/airflow/.local/lib/python3.10/site-packages/airflow/example_dags/example_xcom.py
[2025-04-27T00:13:01.035+0000] {processor.py:925} INFO - DAG(s) 'example_xcom' retrieved from /home/airflow/.local/lib/python3.10/site-packages/airflow/example_dags/example_xcom.py
[2025-04-27T00:13:01.057+0000] {logging_mixin.py:190} INFO - [2025-04-27T00:13:01.057+0000] {dag.py:3239} INFO - Sync 1 DAGs
[2025-04-27T00:13:01.082+0000] {logging_mixin.py:190} INFO - [2025-04-27T00:13:01.082+0000] {dag.py:4180} INFO - Setting next_dagrun for example_xcom to 2021-01-01 00:00:00+00:00, run_after=2021-01-01 00:00:00+00:00
[2025-04-27T00:13:01.105+0000] {processor.py:208} INFO - Processing /home/airflow/.local/lib/python3.10/site-packages/airflow/example_dags/example_xcom.py took 0.091 seconds
[2025-04-27T00:13:31.324+0000] {processor.py:186} INFO - Started process (PID=22024) to work on /home/airflow/.local/lib/python3.10/site-packages/airflow/example_dags/example_xcom.py
[2025-04-27T00:13:31.325+0000] {processor.py:914} INFO - Processing file /home/airflow/.local/lib/python3.10/site-packages/airflow/example_dags/example_xcom.py for tasks to queue
[2025-04-27T00:13:31.327+0000] {logging_mixin.py:190} INFO - [2025-04-27T00:13:31.327+0000] {dagbag.py:588} INFO - Filling up the DagBag from /home/airflow/.local/lib/python3.10/site-packages/airflow/example_dags/example_xcom.py
[2025-04-27T00:13:31.336+0000] {processor.py:925} INFO - DAG(s) 'example_xcom' retrieved from /home/airflow/.local/lib/python3.10/site-packages/airflow/example_dags/example_xcom.py
[2025-04-27T00:13:31.357+0000] {logging_mixin.py:190} INFO - [2025-04-27T00:13:31.356+0000] {dag.py:3239} INFO - Sync 1 DAGs
[2025-04-27T00:13:31.379+0000] {logging_mixin.py:190} INFO - [2025-04-27T00:13:31.379+0000] {dag.py:4180} INFO - Setting next_dagrun for example_xcom to 2021-01-01 00:00:00+00:00, run_after=2021-01-01 00:00:00+00:00
[2025-04-27T00:13:31.396+0000] {processor.py:208} INFO - Processing /home/airflow/.local/lib/python3.10/site-packages/airflow/example_dags/example_xcom.py took 0.077 seconds
[2025-04-27T00:14:01.888+0000] {processor.py:186} INFO - Started process (PID=22091) to work on /home/airflow/.local/lib/python3.10/site-packages/airflow/example_dags/example_xcom.py
[2025-04-27T00:14:01.889+0000] {processor.py:914} INFO - Processing file /home/airflow/.local/lib/python3.10/site-packages/airflow/example_dags/example_xcom.py for tasks to queue
[2025-04-27T00:14:01.892+0000] {logging_mixin.py:190} INFO - [2025-04-27T00:14:01.891+0000] {dagbag.py:588} INFO - Filling up the DagBag from /home/airflow/.local/lib/python3.10/site-packages/airflow/example_dags/example_xcom.py
[2025-04-27T00:14:01.902+0000] {processor.py:925} INFO - DAG(s) 'example_xcom' retrieved from /home/airflow/.local/lib/python3.10/site-packages/airflow/example_dags/example_xcom.py
[2025-04-27T00:14:01.925+0000] {logging_mixin.py:190} INFO - [2025-04-27T00:14:01.924+0000] {dag.py:3239} INFO - Sync 1 DAGs
[2025-04-27T00:14:01.953+0000] {logging_mixin.py:190} INFO - [2025-04-27T00:14:01.952+0000] {dag.py:4180} INFO - Setting next_dagrun for example_xcom to 2021-01-01 00:00:00+00:00, run_after=2021-01-01 00:00:00+00:00
[2025-04-27T00:14:01.974+0000] {processor.py:208} INFO - Processing /home/airflow/.local/lib/python3.10/site-packages/airflow/example_dags/example_xcom.py took 0.093 seconds
[2025-04-27T00:14:32.526+0000] {processor.py:186} INFO - Started process (PID=22157) to work on /home/airflow/.local/lib/python3.10/site-packages/airflow/example_dags/example_xcom.py
[2025-04-27T00:14:32.528+0000] {processor.py:914} INFO - Processing file /home/airflow/.local/lib/python3.10/site-packages/airflow/example_dags/example_xcom.py for tasks to queue
[2025-04-27T00:14:32.532+0000] {logging_mixin.py:190} INFO - [2025-04-27T00:14:32.531+0000] {dagbag.py:588} INFO - Filling up the DagBag from /home/airflow/.local/lib/python3.10/site-packages/airflow/example_dags/example_xcom.py
[2025-04-27T00:14:32.542+0000] {processor.py:925} INFO - DAG(s) 'example_xcom' retrieved from /home/airflow/.local/lib/python3.10/site-packages/airflow/example_dags/example_xcom.py
[2025-04-27T00:14:32.570+0000] {logging_mixin.py:190} INFO - [2025-04-27T00:14:32.570+0000] {dag.py:3239} INFO - Sync 1 DAGs
[2025-04-27T00:14:32.599+0000] {logging_mixin.py:190} INFO - [2025-04-27T00:14:32.599+0000] {dag.py:4180} INFO - Setting next_dagrun for example_xcom to 2021-01-01 00:00:00+00:00, run_after=2021-01-01 00:00:00+00:00
[2025-04-27T00:14:32.620+0000] {processor.py:208} INFO - Processing /home/airflow/.local/lib/python3.10/site-packages/airflow/example_dags/example_xcom.py took 0.102 seconds
[2025-04-27T00:15:03.101+0000] {processor.py:186} INFO - Started process (PID=22223) to work on /home/airflow/.local/lib/python3.10/site-packages/airflow/example_dags/example_xcom.py
[2025-04-27T00:15:03.102+0000] {processor.py:914} INFO - Processing file /home/airflow/.local/lib/python3.10/site-packages/airflow/example_dags/example_xcom.py for tasks to queue
[2025-04-27T00:15:03.105+0000] {logging_mixin.py:190} INFO - [2025-04-27T00:15:03.105+0000] {dagbag.py:588} INFO - Filling up the DagBag from /home/airflow/.local/lib/python3.10/site-packages/airflow/example_dags/example_xcom.py
[2025-04-27T00:15:03.117+0000] {processor.py:925} INFO - DAG(s) 'example_xcom' retrieved from /home/airflow/.local/lib/python3.10/site-packages/airflow/example_dags/example_xcom.py
[2025-04-27T00:15:03.140+0000] {logging_mixin.py:190} INFO - [2025-04-27T00:15:03.140+0000] {dag.py:3239} INFO - Sync 1 DAGs
[2025-04-27T00:15:03.166+0000] {logging_mixin.py:190} INFO - [2025-04-27T00:15:03.165+0000] {dag.py:4180} INFO - Setting next_dagrun for example_xcom to 2021-01-01 00:00:00+00:00, run_after=2021-01-01 00:00:00+00:00
[2025-04-27T00:15:03.187+0000] {processor.py:208} INFO - Processing /home/airflow/.local/lib/python3.10/site-packages/airflow/example_dags/example_xcom.py took 0.093 seconds
[2025-04-27T00:15:33.272+0000] {processor.py:186} INFO - Started process (PID=22289) to work on /home/airflow/.local/lib/python3.10/site-packages/airflow/example_dags/example_xcom.py
[2025-04-27T00:15:33.273+0000] {processor.py:914} INFO - Processing file /home/airflow/.local/lib/python3.10/site-packages/airflow/example_dags/example_xcom.py for tasks to queue
[2025-04-27T00:15:33.275+0000] {logging_mixin.py:190} INFO - [2025-04-27T00:15:33.275+0000] {dagbag.py:588} INFO - Filling up the DagBag from /home/airflow/.local/lib/python3.10/site-packages/airflow/example_dags/example_xcom.py
[2025-04-27T00:15:33.284+0000] {processor.py:925} INFO - DAG(s) 'example_xcom' retrieved from /home/airflow/.local/lib/python3.10/site-packages/airflow/example_dags/example_xcom.py
[2025-04-27T00:15:33.306+0000] {logging_mixin.py:190} INFO - [2025-04-27T00:15:33.306+0000] {dag.py:3239} INFO - Sync 1 DAGs
[2025-04-27T00:15:33.331+0000] {logging_mixin.py:190} INFO - [2025-04-27T00:15:33.330+0000] {dag.py:4180} INFO - Setting next_dagrun for example_xcom to 2021-01-01 00:00:00+00:00, run_after=2021-01-01 00:00:00+00:00
[2025-04-27T00:15:33.353+0000] {processor.py:208} INFO - Processing /home/airflow/.local/lib/python3.10/site-packages/airflow/example_dags/example_xcom.py took 0.087 seconds
[2025-04-27T00:16:03.888+0000] {processor.py:186} INFO - Started process (PID=22355) to work on /home/airflow/.local/lib/python3.10/site-packages/airflow/example_dags/example_xcom.py
[2025-04-27T00:16:03.889+0000] {processor.py:914} INFO - Processing file /home/airflow/.local/lib/python3.10/site-packages/airflow/example_dags/example_xcom.py for tasks to queue
[2025-04-27T00:16:03.892+0000] {logging_mixin.py:190} INFO - [2025-04-27T00:16:03.892+0000] {dagbag.py:588} INFO - Filling up the DagBag from /home/airflow/.local/lib/python3.10/site-packages/airflow/example_dags/example_xcom.py
[2025-04-27T00:16:03.907+0000] {processor.py:925} INFO - DAG(s) 'example_xcom' retrieved from /home/airflow/.local/lib/python3.10/site-packages/airflow/example_dags/example_xcom.py
[2025-04-27T00:16:03.932+0000] {logging_mixin.py:190} INFO - [2025-04-27T00:16:03.932+0000] {dag.py:3239} INFO - Sync 1 DAGs
[2025-04-27T00:16:03.961+0000] {logging_mixin.py:190} INFO - [2025-04-27T00:16:03.960+0000] {dag.py:4180} INFO - Setting next_dagrun for example_xcom to 2021-01-01 00:00:00+00:00, run_after=2021-01-01 00:00:00+00:00
[2025-04-27T00:16:03.987+0000] {processor.py:208} INFO - Processing /home/airflow/.local/lib/python3.10/site-packages/airflow/example_dags/example_xcom.py took 0.107 seconds
[2025-04-27T00:16:34.607+0000] {processor.py:186} INFO - Started process (PID=22421) to work on /home/airflow/.local/lib/python3.10/site-packages/airflow/example_dags/example_xcom.py
[2025-04-27T00:16:34.609+0000] {processor.py:914} INFO - Processing file /home/airflow/.local/lib/python3.10/site-packages/airflow/example_dags/example_xcom.py for tasks to queue
[2025-04-27T00:16:34.611+0000] {logging_mixin.py:190} INFO - [2025-04-27T00:16:34.611+0000] {dagbag.py:588} INFO - Filling up the DagBag from /home/airflow/.local/lib/python3.10/site-packages/airflow/example_dags/example_xcom.py
[2025-04-27T00:16:34.619+0000] {processor.py:925} INFO - DAG(s) 'example_xcom' retrieved from /home/airflow/.local/lib/python3.10/site-packages/airflow/example_dags/example_xcom.py
[2025-04-27T00:16:34.639+0000] {logging_mixin.py:190} INFO - [2025-04-27T00:16:34.638+0000] {dag.py:3239} INFO - Sync 1 DAGs
[2025-04-27T00:16:34.660+0000] {logging_mixin.py:190} INFO - [2025-04-27T00:16:34.659+0000] {dag.py:4180} INFO - Setting next_dagrun for example_xcom to 2021-01-01 00:00:00+00:00, run_after=2021-01-01 00:00:00+00:00
[2025-04-27T00:16:34.675+0000] {processor.py:208} INFO - Processing /home/airflow/.local/lib/python3.10/site-packages/airflow/example_dags/example_xcom.py took 0.073 seconds
[2025-04-27T00:17:05.450+0000] {processor.py:186} INFO - Started process (PID=22487) to work on /home/airflow/.local/lib/python3.10/site-packages/airflow/example_dags/example_xcom.py
[2025-04-27T00:17:05.452+0000] {processor.py:914} INFO - Processing file /home/airflow/.local/lib/python3.10/site-packages/airflow/example_dags/example_xcom.py for tasks to queue
[2025-04-27T00:17:05.455+0000] {logging_mixin.py:190} INFO - [2025-04-27T00:17:05.455+0000] {dagbag.py:588} INFO - Filling up the DagBag from /home/airflow/.local/lib/python3.10/site-packages/airflow/example_dags/example_xcom.py
[2025-04-27T00:17:05.474+0000] {processor.py:925} INFO - DAG(s) 'example_xcom' retrieved from /home/airflow/.local/lib/python3.10/site-packages/airflow/example_dags/example_xcom.py
[2025-04-27T00:17:05.503+0000] {logging_mixin.py:190} INFO - [2025-04-27T00:17:05.503+0000] {dag.py:3239} INFO - Sync 1 DAGs
[2025-04-27T00:17:05.542+0000] {logging_mixin.py:190} INFO - [2025-04-27T00:17:05.541+0000] {dag.py:4180} INFO - Setting next_dagrun for example_xcom to 2021-01-01 00:00:00+00:00, run_after=2021-01-01 00:00:00+00:00
[2025-04-27T00:17:05.568+0000] {processor.py:208} INFO - Processing /home/airflow/.local/lib/python3.10/site-packages/airflow/example_dags/example_xcom.py took 0.135 seconds
[2025-04-27T00:17:35.638+0000] {processor.py:186} INFO - Started process (PID=22553) to work on /home/airflow/.local/lib/python3.10/site-packages/airflow/example_dags/example_xcom.py
[2025-04-27T00:17:35.640+0000] {processor.py:914} INFO - Processing file /home/airflow/.local/lib/python3.10/site-packages/airflow/example_dags/example_xcom.py for tasks to queue
[2025-04-27T00:17:35.642+0000] {logging_mixin.py:190} INFO - [2025-04-27T00:17:35.642+0000] {dagbag.py:588} INFO - Filling up the DagBag from /home/airflow/.local/lib/python3.10/site-packages/airflow/example_dags/example_xcom.py
[2025-04-27T00:17:35.653+0000] {processor.py:925} INFO - DAG(s) 'example_xcom' retrieved from /home/airflow/.local/lib/python3.10/site-packages/airflow/example_dags/example_xcom.py
[2025-04-27T00:17:35.677+0000] {logging_mixin.py:190} INFO - [2025-04-27T00:17:35.676+0000] {dag.py:3239} INFO - Sync 1 DAGs
[2025-04-27T00:17:35.703+0000] {logging_mixin.py:190} INFO - [2025-04-27T00:17:35.702+0000] {dag.py:4180} INFO - Setting next_dagrun for example_xcom to 2021-01-01 00:00:00+00:00, run_after=2021-01-01 00:00:00+00:00
[2025-04-27T00:17:35.731+0000] {processor.py:208} INFO - Processing /home/airflow/.local/lib/python3.10/site-packages/airflow/example_dags/example_xcom.py took 0.100 seconds
[2025-04-27T00:18:06.318+0000] {processor.py:186} INFO - Started process (PID=22619) to work on /home/airflow/.local/lib/python3.10/site-packages/airflow/example_dags/example_xcom.py
[2025-04-27T00:18:06.320+0000] {processor.py:914} INFO - Processing file /home/airflow/.local/lib/python3.10/site-packages/airflow/example_dags/example_xcom.py for tasks to queue
[2025-04-27T00:18:06.323+0000] {logging_mixin.py:190} INFO - [2025-04-27T00:18:06.322+0000] {dagbag.py:588} INFO - Filling up the DagBag from /home/airflow/.local/lib/python3.10/site-packages/airflow/example_dags/example_xcom.py
[2025-04-27T00:18:06.333+0000] {processor.py:925} INFO - DAG(s) 'example_xcom' retrieved from /home/airflow/.local/lib/python3.10/site-packages/airflow/example_dags/example_xcom.py
[2025-04-27T00:18:06.358+0000] {logging_mixin.py:190} INFO - [2025-04-27T00:18:06.358+0000] {dag.py:3239} INFO - Sync 1 DAGs
[2025-04-27T00:18:06.385+0000] {logging_mixin.py:190} INFO - [2025-04-27T00:18:06.384+0000] {dag.py:4180} INFO - Setting next_dagrun for example_xcom to 2021-01-01 00:00:00+00:00, run_after=2021-01-01 00:00:00+00:00
[2025-04-27T00:18:06.406+0000] {processor.py:208} INFO - Processing /home/airflow/.local/lib/python3.10/site-packages/airflow/example_dags/example_xcom.py took 0.096 seconds
[2025-04-27T00:18:36.702+0000] {processor.py:186} INFO - Started process (PID=22685) to work on /home/airflow/.local/lib/python3.10/site-packages/airflow/example_dags/example_xcom.py
[2025-04-27T00:18:36.703+0000] {processor.py:914} INFO - Processing file /home/airflow/.local/lib/python3.10/site-packages/airflow/example_dags/example_xcom.py for tasks to queue
[2025-04-27T00:18:36.706+0000] {logging_mixin.py:190} INFO - [2025-04-27T00:18:36.705+0000] {dagbag.py:588} INFO - Filling up the DagBag from /home/airflow/.local/lib/python3.10/site-packages/airflow/example_dags/example_xcom.py
[2025-04-27T00:18:36.717+0000] {processor.py:925} INFO - DAG(s) 'example_xcom' retrieved from /home/airflow/.local/lib/python3.10/site-packages/airflow/example_dags/example_xcom.py
[2025-04-27T00:18:36.744+0000] {logging_mixin.py:190} INFO - [2025-04-27T00:18:36.744+0000] {dag.py:3239} INFO - Sync 1 DAGs
[2025-04-27T00:18:36.772+0000] {logging_mixin.py:190} INFO - [2025-04-27T00:18:36.772+0000] {dag.py:4180} INFO - Setting next_dagrun for example_xcom to 2021-01-01 00:00:00+00:00, run_after=2021-01-01 00:00:00+00:00
[2025-04-27T00:18:36.799+0000] {processor.py:208} INFO - Processing /home/airflow/.local/lib/python3.10/site-packages/airflow/example_dags/example_xcom.py took 0.105 seconds
[2025-04-27T00:19:06.970+0000] {processor.py:186} INFO - Started process (PID=22751) to work on /home/airflow/.local/lib/python3.10/site-packages/airflow/example_dags/example_xcom.py
[2025-04-27T00:19:06.971+0000] {processor.py:914} INFO - Processing file /home/airflow/.local/lib/python3.10/site-packages/airflow/example_dags/example_xcom.py for tasks to queue
[2025-04-27T00:19:06.974+0000] {logging_mixin.py:190} INFO - [2025-04-27T00:19:06.973+0000] {dagbag.py:588} INFO - Filling up the DagBag from /home/airflow/.local/lib/python3.10/site-packages/airflow/example_dags/example_xcom.py
[2025-04-27T00:19:06.984+0000] {processor.py:925} INFO - DAG(s) 'example_xcom' retrieved from /home/airflow/.local/lib/python3.10/site-packages/airflow/example_dags/example_xcom.py
[2025-04-27T00:19:07.007+0000] {logging_mixin.py:190} INFO - [2025-04-27T00:19:07.006+0000] {dag.py:3239} INFO - Sync 1 DAGs
[2025-04-27T00:19:07.034+0000] {logging_mixin.py:190} INFO - [2025-04-27T00:19:07.033+0000] {dag.py:4180} INFO - Setting next_dagrun for example_xcom to 2021-01-01 00:00:00+00:00, run_after=2021-01-01 00:00:00+00:00
[2025-04-27T00:19:07.058+0000] {processor.py:208} INFO - Processing /home/airflow/.local/lib/python3.10/site-packages/airflow/example_dags/example_xcom.py took 0.095 seconds
[2025-04-27T00:19:37.205+0000] {processor.py:186} INFO - Started process (PID=22817) to work on /home/airflow/.local/lib/python3.10/site-packages/airflow/example_dags/example_xcom.py
[2025-04-27T00:19:37.206+0000] {processor.py:914} INFO - Processing file /home/airflow/.local/lib/python3.10/site-packages/airflow/example_dags/example_xcom.py for tasks to queue
[2025-04-27T00:19:37.208+0000] {logging_mixin.py:190} INFO - [2025-04-27T00:19:37.208+0000] {dagbag.py:588} INFO - Filling up the DagBag from /home/airflow/.local/lib/python3.10/site-packages/airflow/example_dags/example_xcom.py
[2025-04-27T00:19:37.217+0000] {processor.py:925} INFO - DAG(s) 'example_xcom' retrieved from /home/airflow/.local/lib/python3.10/site-packages/airflow/example_dags/example_xcom.py
[2025-04-27T00:19:37.238+0000] {logging_mixin.py:190} INFO - [2025-04-27T00:19:37.238+0000] {dag.py:3239} INFO - Sync 1 DAGs
[2025-04-27T00:19:37.260+0000] {logging_mixin.py:190} INFO - [2025-04-27T00:19:37.259+0000] {dag.py:4180} INFO - Setting next_dagrun for example_xcom to 2021-01-01 00:00:00+00:00, run_after=2021-01-01 00:00:00+00:00
[2025-04-27T00:19:37.278+0000] {processor.py:208} INFO - Processing /home/airflow/.local/lib/python3.10/site-packages/airflow/example_dags/example_xcom.py took 0.079 seconds
[2025-04-27T00:20:08.111+0000] {processor.py:186} INFO - Started process (PID=22883) to work on /home/airflow/.local/lib/python3.10/site-packages/airflow/example_dags/example_xcom.py
[2025-04-27T00:20:08.112+0000] {processor.py:914} INFO - Processing file /home/airflow/.local/lib/python3.10/site-packages/airflow/example_dags/example_xcom.py for tasks to queue
[2025-04-27T00:20:08.114+0000] {logging_mixin.py:190} INFO - [2025-04-27T00:20:08.113+0000] {dagbag.py:588} INFO - Filling up the DagBag from /home/airflow/.local/lib/python3.10/site-packages/airflow/example_dags/example_xcom.py
[2025-04-27T00:20:08.123+0000] {processor.py:925} INFO - DAG(s) 'example_xcom' retrieved from /home/airflow/.local/lib/python3.10/site-packages/airflow/example_dags/example_xcom.py
[2025-04-27T00:20:08.144+0000] {logging_mixin.py:190} INFO - [2025-04-27T00:20:08.143+0000] {dag.py:3239} INFO - Sync 1 DAGs
[2025-04-27T00:20:08.169+0000] {logging_mixin.py:190} INFO - [2025-04-27T00:20:08.168+0000] {dag.py:4180} INFO - Setting next_dagrun for example_xcom to 2021-01-01 00:00:00+00:00, run_after=2021-01-01 00:00:00+00:00
[2025-04-27T00:20:08.189+0000] {processor.py:208} INFO - Processing /home/airflow/.local/lib/python3.10/site-packages/airflow/example_dags/example_xcom.py took 0.084 seconds
[2025-04-27T00:20:38.565+0000] {processor.py:186} INFO - Started process (PID=22949) to work on /home/airflow/.local/lib/python3.10/site-packages/airflow/example_dags/example_xcom.py
[2025-04-27T00:20:38.567+0000] {processor.py:914} INFO - Processing file /home/airflow/.local/lib/python3.10/site-packages/airflow/example_dags/example_xcom.py for tasks to queue
[2025-04-27T00:20:38.570+0000] {logging_mixin.py:190} INFO - [2025-04-27T00:20:38.570+0000] {dagbag.py:588} INFO - Filling up the DagBag from /home/airflow/.local/lib/python3.10/site-packages/airflow/example_dags/example_xcom.py
[2025-04-27T00:20:38.584+0000] {processor.py:925} INFO - DAG(s) 'example_xcom' retrieved from /home/airflow/.local/lib/python3.10/site-packages/airflow/example_dags/example_xcom.py
[2025-04-27T00:20:38.614+0000] {logging_mixin.py:190} INFO - [2025-04-27T00:20:38.614+0000] {dag.py:3239} INFO - Sync 1 DAGs
[2025-04-27T00:20:38.648+0000] {logging_mixin.py:190} INFO - [2025-04-27T00:20:38.648+0000] {dag.py:4180} INFO - Setting next_dagrun for example_xcom to 2021-01-01 00:00:00+00:00, run_after=2021-01-01 00:00:00+00:00
[2025-04-27T00:20:38.680+0000] {processor.py:208} INFO - Processing /home/airflow/.local/lib/python3.10/site-packages/airflow/example_dags/example_xcom.py took 0.124 seconds
[2025-04-27T00:21:09.544+0000] {processor.py:186} INFO - Started process (PID=23015) to work on /home/airflow/.local/lib/python3.10/site-packages/airflow/example_dags/example_xcom.py
[2025-04-27T00:21:09.546+0000] {processor.py:914} INFO - Processing file /home/airflow/.local/lib/python3.10/site-packages/airflow/example_dags/example_xcom.py for tasks to queue
[2025-04-27T00:21:09.548+0000] {logging_mixin.py:190} INFO - [2025-04-27T00:21:09.548+0000] {dagbag.py:588} INFO - Filling up the DagBag from /home/airflow/.local/lib/python3.10/site-packages/airflow/example_dags/example_xcom.py
[2025-04-27T00:21:09.559+0000] {processor.py:925} INFO - DAG(s) 'example_xcom' retrieved from /home/airflow/.local/lib/python3.10/site-packages/airflow/example_dags/example_xcom.py
[2025-04-27T00:21:09.581+0000] {logging_mixin.py:190} INFO - [2025-04-27T00:21:09.581+0000] {dag.py:3239} INFO - Sync 1 DAGs
[2025-04-27T00:21:09.607+0000] {logging_mixin.py:190} INFO - [2025-04-27T00:21:09.607+0000] {dag.py:4180} INFO - Setting next_dagrun for example_xcom to 2021-01-01 00:00:00+00:00, run_after=2021-01-01 00:00:00+00:00
[2025-04-27T00:21:09.633+0000] {processor.py:208} INFO - Processing /home/airflow/.local/lib/python3.10/site-packages/airflow/example_dags/example_xcom.py took 0.097 seconds
[2025-04-27T00:21:41.149+0000] {processor.py:186} INFO - Started process (PID=23081) to work on /home/airflow/.local/lib/python3.10/site-packages/airflow/example_dags/example_xcom.py
[2025-04-27T00:21:41.151+0000] {processor.py:914} INFO - Processing file /home/airflow/.local/lib/python3.10/site-packages/airflow/example_dags/example_xcom.py for tasks to queue
[2025-04-27T00:21:41.155+0000] {logging_mixin.py:190} INFO - [2025-04-27T00:21:41.154+0000] {dagbag.py:588} INFO - Filling up the DagBag from /home/airflow/.local/lib/python3.10/site-packages/airflow/example_dags/example_xcom.py
[2025-04-27T00:21:41.167+0000] {processor.py:925} INFO - DAG(s) 'example_xcom' retrieved from /home/airflow/.local/lib/python3.10/site-packages/airflow/example_dags/example_xcom.py
[2025-04-27T00:21:41.193+0000] {logging_mixin.py:190} INFO - [2025-04-27T00:21:41.193+0000] {dag.py:3239} INFO - Sync 1 DAGs
[2025-04-27T00:21:41.216+0000] {logging_mixin.py:190} INFO - [2025-04-27T00:21:41.215+0000] {dag.py:4180} INFO - Setting next_dagrun for example_xcom to 2021-01-01 00:00:00+00:00, run_after=2021-01-01 00:00:00+00:00
[2025-04-27T00:21:41.232+0000] {processor.py:208} INFO - Processing /home/airflow/.local/lib/python3.10/site-packages/airflow/example_dags/example_xcom.py took 0.092 seconds
[2025-04-27T00:22:11.549+0000] {processor.py:186} INFO - Started process (PID=23147) to work on /home/airflow/.local/lib/python3.10/site-packages/airflow/example_dags/example_xcom.py
[2025-04-27T00:22:11.551+0000] {processor.py:914} INFO - Processing file /home/airflow/.local/lib/python3.10/site-packages/airflow/example_dags/example_xcom.py for tasks to queue
[2025-04-27T00:22:11.554+0000] {logging_mixin.py:190} INFO - [2025-04-27T00:22:11.554+0000] {dagbag.py:588} INFO - Filling up the DagBag from /home/airflow/.local/lib/python3.10/site-packages/airflow/example_dags/example_xcom.py
[2025-04-27T00:22:11.564+0000] {processor.py:925} INFO - DAG(s) 'example_xcom' retrieved from /home/airflow/.local/lib/python3.10/site-packages/airflow/example_dags/example_xcom.py
[2025-04-27T00:22:11.588+0000] {logging_mixin.py:190} INFO - [2025-04-27T00:22:11.587+0000] {dag.py:3239} INFO - Sync 1 DAGs
[2025-04-27T00:22:11.614+0000] {logging_mixin.py:190} INFO - [2025-04-27T00:22:11.613+0000] {dag.py:4180} INFO - Setting next_dagrun for example_xcom to 2021-01-01 00:00:00+00:00, run_after=2021-01-01 00:00:00+00:00
[2025-04-27T00:22:11.636+0000] {processor.py:208} INFO - Processing /home/airflow/.local/lib/python3.10/site-packages/airflow/example_dags/example_xcom.py took 0.093 seconds
[2025-04-27T00:22:41.908+0000] {processor.py:186} INFO - Started process (PID=23213) to work on /home/airflow/.local/lib/python3.10/site-packages/airflow/example_dags/example_xcom.py
[2025-04-27T00:22:41.909+0000] {processor.py:914} INFO - Processing file /home/airflow/.local/lib/python3.10/site-packages/airflow/example_dags/example_xcom.py for tasks to queue
[2025-04-27T00:22:41.911+0000] {logging_mixin.py:190} INFO - [2025-04-27T00:22:41.911+0000] {dagbag.py:588} INFO - Filling up the DagBag from /home/airflow/.local/lib/python3.10/site-packages/airflow/example_dags/example_xcom.py
[2025-04-27T00:22:41.920+0000] {processor.py:925} INFO - DAG(s) 'example_xcom' retrieved from /home/airflow/.local/lib/python3.10/site-packages/airflow/example_dags/example_xcom.py
[2025-04-27T00:22:41.941+0000] {logging_mixin.py:190} INFO - [2025-04-27T00:22:41.941+0000] {dag.py:3239} INFO - Sync 1 DAGs
[2025-04-27T00:22:41.964+0000] {logging_mixin.py:190} INFO - [2025-04-27T00:22:41.964+0000] {dag.py:4180} INFO - Setting next_dagrun for example_xcom to 2021-01-01 00:00:00+00:00, run_after=2021-01-01 00:00:00+00:00
[2025-04-27T00:22:41.981+0000] {processor.py:208} INFO - Processing /home/airflow/.local/lib/python3.10/site-packages/airflow/example_dags/example_xcom.py took 0.080 seconds
[2025-04-27T00:23:13.597+0000] {processor.py:186} INFO - Started process (PID=23279) to work on /home/airflow/.local/lib/python3.10/site-packages/airflow/example_dags/example_xcom.py
[2025-04-27T00:23:13.598+0000] {processor.py:914} INFO - Processing file /home/airflow/.local/lib/python3.10/site-packages/airflow/example_dags/example_xcom.py for tasks to queue
[2025-04-27T00:23:13.601+0000] {logging_mixin.py:190} INFO - [2025-04-27T00:23:13.601+0000] {dagbag.py:588} INFO - Filling up the DagBag from /home/airflow/.local/lib/python3.10/site-packages/airflow/example_dags/example_xcom.py
[2025-04-27T00:23:13.610+0000] {processor.py:925} INFO - DAG(s) 'example_xcom' retrieved from /home/airflow/.local/lib/python3.10/site-packages/airflow/example_dags/example_xcom.py
[2025-04-27T00:23:13.630+0000] {logging_mixin.py:190} INFO - [2025-04-27T00:23:13.630+0000] {dag.py:3239} INFO - Sync 1 DAGs
[2025-04-27T00:23:13.654+0000] {logging_mixin.py:190} INFO - [2025-04-27T00:23:13.653+0000] {dag.py:4180} INFO - Setting next_dagrun for example_xcom to 2021-01-01 00:00:00+00:00, run_after=2021-01-01 00:00:00+00:00
[2025-04-27T00:23:13.673+0000] {processor.py:208} INFO - Processing /home/airflow/.local/lib/python3.10/site-packages/airflow/example_dags/example_xcom.py took 0.082 seconds
[2025-04-27T00:23:44.536+0000] {processor.py:186} INFO - Started process (PID=23345) to work on /home/airflow/.local/lib/python3.10/site-packages/airflow/example_dags/example_xcom.py
[2025-04-27T00:23:44.537+0000] {processor.py:914} INFO - Processing file /home/airflow/.local/lib/python3.10/site-packages/airflow/example_dags/example_xcom.py for tasks to queue
[2025-04-27T00:23:44.540+0000] {logging_mixin.py:190} INFO - [2025-04-27T00:23:44.540+0000] {dagbag.py:588} INFO - Filling up the DagBag from /home/airflow/.local/lib/python3.10/site-packages/airflow/example_dags/example_xcom.py
[2025-04-27T00:23:44.550+0000] {processor.py:925} INFO - DAG(s) 'example_xcom' retrieved from /home/airflow/.local/lib/python3.10/site-packages/airflow/example_dags/example_xcom.py
[2025-04-27T00:23:44.571+0000] {logging_mixin.py:190} INFO - [2025-04-27T00:23:44.571+0000] {dag.py:3239} INFO - Sync 1 DAGs
[2025-04-27T00:23:44.594+0000] {logging_mixin.py:190} INFO - [2025-04-27T00:23:44.594+0000] {dag.py:4180} INFO - Setting next_dagrun for example_xcom to 2021-01-01 00:00:00+00:00, run_after=2021-01-01 00:00:00+00:00
[2025-04-27T00:23:44.614+0000] {processor.py:208} INFO - Processing /home/airflow/.local/lib/python3.10/site-packages/airflow/example_dags/example_xcom.py took 0.084 seconds
[2025-04-27T00:24:15.495+0000] {processor.py:186} INFO - Started process (PID=23411) to work on /home/airflow/.local/lib/python3.10/site-packages/airflow/example_dags/example_xcom.py
[2025-04-27T00:24:15.496+0000] {processor.py:914} INFO - Processing file /home/airflow/.local/lib/python3.10/site-packages/airflow/example_dags/example_xcom.py for tasks to queue
[2025-04-27T00:24:15.499+0000] {logging_mixin.py:190} INFO - [2025-04-27T00:24:15.499+0000] {dagbag.py:588} INFO - Filling up the DagBag from /home/airflow/.local/lib/python3.10/site-packages/airflow/example_dags/example_xcom.py
[2025-04-27T00:24:15.508+0000] {processor.py:925} INFO - DAG(s) 'example_xcom' retrieved from /home/airflow/.local/lib/python3.10/site-packages/airflow/example_dags/example_xcom.py
[2025-04-27T00:24:15.531+0000] {logging_mixin.py:190} INFO - [2025-04-27T00:24:15.530+0000] {dag.py:3239} INFO - Sync 1 DAGs
[2025-04-27T00:24:15.556+0000] {logging_mixin.py:190} INFO - [2025-04-27T00:24:15.556+0000] {dag.py:4180} INFO - Setting next_dagrun for example_xcom to 2021-01-01 00:00:00+00:00, run_after=2021-01-01 00:00:00+00:00
[2025-04-27T00:24:15.578+0000] {processor.py:208} INFO - Processing /home/airflow/.local/lib/python3.10/site-packages/airflow/example_dags/example_xcom.py took 0.092 seconds
[2025-04-27T00:24:46.322+0000] {processor.py:186} INFO - Started process (PID=23477) to work on /home/airflow/.local/lib/python3.10/site-packages/airflow/example_dags/example_xcom.py
[2025-04-27T00:24:46.323+0000] {processor.py:914} INFO - Processing file /home/airflow/.local/lib/python3.10/site-packages/airflow/example_dags/example_xcom.py for tasks to queue
[2025-04-27T00:24:46.326+0000] {logging_mixin.py:190} INFO - [2025-04-27T00:24:46.326+0000] {dagbag.py:588} INFO - Filling up the DagBag from /home/airflow/.local/lib/python3.10/site-packages/airflow/example_dags/example_xcom.py
[2025-04-27T00:24:46.336+0000] {processor.py:925} INFO - DAG(s) 'example_xcom' retrieved from /home/airflow/.local/lib/python3.10/site-packages/airflow/example_dags/example_xcom.py
[2025-04-27T00:24:46.361+0000] {logging_mixin.py:190} INFO - [2025-04-27T00:24:46.360+0000] {dag.py:3239} INFO - Sync 1 DAGs
[2025-04-27T00:24:46.389+0000] {logging_mixin.py:190} INFO - [2025-04-27T00:24:46.388+0000] {dag.py:4180} INFO - Setting next_dagrun for example_xcom to 2021-01-01 00:00:00+00:00, run_after=2021-01-01 00:00:00+00:00
[2025-04-27T00:24:46.408+0000] {processor.py:208} INFO - Processing /home/airflow/.local/lib/python3.10/site-packages/airflow/example_dags/example_xcom.py took 0.092 seconds
[2025-04-27T00:25:17.785+0000] {processor.py:186} INFO - Started process (PID=23542) to work on /home/airflow/.local/lib/python3.10/site-packages/airflow/example_dags/example_xcom.py
[2025-04-27T00:25:17.786+0000] {processor.py:914} INFO - Processing file /home/airflow/.local/lib/python3.10/site-packages/airflow/example_dags/example_xcom.py for tasks to queue
[2025-04-27T00:25:17.788+0000] {logging_mixin.py:190} INFO - [2025-04-27T00:25:17.788+0000] {dagbag.py:588} INFO - Filling up the DagBag from /home/airflow/.local/lib/python3.10/site-packages/airflow/example_dags/example_xcom.py
[2025-04-27T00:25:17.797+0000] {processor.py:925} INFO - DAG(s) 'example_xcom' retrieved from /home/airflow/.local/lib/python3.10/site-packages/airflow/example_dags/example_xcom.py
[2025-04-27T00:25:17.819+0000] {logging_mixin.py:190} INFO - [2025-04-27T00:25:17.819+0000] {dag.py:3239} INFO - Sync 1 DAGs
[2025-04-27T00:25:17.843+0000] {logging_mixin.py:190} INFO - [2025-04-27T00:25:17.843+0000] {dag.py:4180} INFO - Setting next_dagrun for example_xcom to 2021-01-01 00:00:00+00:00, run_after=2021-01-01 00:00:00+00:00
[2025-04-27T00:25:17.863+0000] {processor.py:208} INFO - Processing /home/airflow/.local/lib/python3.10/site-packages/airflow/example_dags/example_xcom.py took 0.085 seconds
