[2025-04-27T00:00:14.172+0000] {processor.py:186} INFO - Started process (PID=20295) to work on /home/airflow/.local/lib/python3.10/site-packages/airflow/example_dags/example_latest_only_with_trigger.py
[2025-04-27T00:00:14.173+0000] {processor.py:914} INFO - Processing file /home/airflow/.local/lib/python3.10/site-packages/airflow/example_dags/example_latest_only_with_trigger.py for tasks to queue
[2025-04-27T00:00:14.175+0000] {logging_mixin.py:190} INFO - [2025-04-27T00:00:14.175+0000] {dagbag.py:588} INFO - Filling up the DagBag from /home/airflow/.local/lib/python3.10/site-packages/airflow/example_dags/example_latest_only_with_trigger.py
[2025-04-27T00:00:14.184+0000] {processor.py:925} INFO - DAG(s) 'latest_only_with_trigger' retrieved from /home/airflow/.local/lib/python3.10/site-packages/airflow/example_dags/example_latest_only_with_trigger.py
[2025-04-27T00:00:14.207+0000] {logging_mixin.py:190} INFO - [2025-04-27T00:00:14.207+0000] {dag.py:3239} INFO - Sync 1 DAGs
[2025-04-27T00:00:14.233+0000] {logging_mixin.py:190} INFO - [2025-04-27T00:00:14.233+0000] {dag.py:4180} INFO - Setting next_dagrun for latest_only_with_trigger to 2025-04-26 20:00:00+00:00, run_after=2025-04-27 00:00:00+00:00
[2025-04-27T00:00:14.255+0000] {processor.py:208} INFO - Processing /home/airflow/.local/lib/python3.10/site-packages/airflow/example_dags/example_latest_only_with_trigger.py took 0.092 seconds
[2025-04-27T00:00:44.610+0000] {processor.py:186} INFO - Started process (PID=20361) to work on /home/airflow/.local/lib/python3.10/site-packages/airflow/example_dags/example_latest_only_with_trigger.py
[2025-04-27T00:00:44.611+0000] {processor.py:914} INFO - Processing file /home/airflow/.local/lib/python3.10/site-packages/airflow/example_dags/example_latest_only_with_trigger.py for tasks to queue
[2025-04-27T00:00:44.613+0000] {logging_mixin.py:190} INFO - [2025-04-27T00:00:44.613+0000] {dagbag.py:588} INFO - Filling up the DagBag from /home/airflow/.local/lib/python3.10/site-packages/airflow/example_dags/example_latest_only_with_trigger.py
[2025-04-27T00:00:44.620+0000] {processor.py:925} INFO - DAG(s) 'latest_only_with_trigger' retrieved from /home/airflow/.local/lib/python3.10/site-packages/airflow/example_dags/example_latest_only_with_trigger.py
[2025-04-27T00:00:44.642+0000] {logging_mixin.py:190} INFO - [2025-04-27T00:00:44.642+0000] {dag.py:3239} INFO - Sync 1 DAGs
[2025-04-27T00:00:44.665+0000] {logging_mixin.py:190} INFO - [2025-04-27T00:00:44.665+0000] {dag.py:4180} INFO - Setting next_dagrun for latest_only_with_trigger to 2025-04-26 20:00:00+00:00, run_after=2025-04-27 00:00:00+00:00
[2025-04-27T00:00:44.681+0000] {processor.py:208} INFO - Processing /home/airflow/.local/lib/python3.10/site-packages/airflow/example_dags/example_latest_only_with_trigger.py took 0.077 seconds
[2025-04-27T00:01:15.284+0000] {processor.py:186} INFO - Started process (PID=20427) to work on /home/airflow/.local/lib/python3.10/site-packages/airflow/example_dags/example_latest_only_with_trigger.py
[2025-04-27T00:01:15.285+0000] {processor.py:914} INFO - Processing file /home/airflow/.local/lib/python3.10/site-packages/airflow/example_dags/example_latest_only_with_trigger.py for tasks to queue
[2025-04-27T00:01:15.287+0000] {logging_mixin.py:190} INFO - [2025-04-27T00:01:15.287+0000] {dagbag.py:588} INFO - Filling up the DagBag from /home/airflow/.local/lib/python3.10/site-packages/airflow/example_dags/example_latest_only_with_trigger.py
[2025-04-27T00:01:15.294+0000] {processor.py:925} INFO - DAG(s) 'latest_only_with_trigger' retrieved from /home/airflow/.local/lib/python3.10/site-packages/airflow/example_dags/example_latest_only_with_trigger.py
[2025-04-27T00:01:15.314+0000] {logging_mixin.py:190} INFO - [2025-04-27T00:01:15.313+0000] {dag.py:3239} INFO - Sync 1 DAGs
[2025-04-27T00:01:15.340+0000] {logging_mixin.py:190} INFO - [2025-04-27T00:01:15.340+0000] {dag.py:4180} INFO - Setting next_dagrun for latest_only_with_trigger to 2025-04-26 20:00:00+00:00, run_after=2025-04-27 00:00:00+00:00
[2025-04-27T00:01:15.359+0000] {processor.py:208} INFO - Processing /home/airflow/.local/lib/python3.10/site-packages/airflow/example_dags/example_latest_only_with_trigger.py took 0.081 seconds
[2025-04-27T00:01:45.939+0000] {processor.py:186} INFO - Started process (PID=20494) to work on /home/airflow/.local/lib/python3.10/site-packages/airflow/example_dags/example_latest_only_with_trigger.py
[2025-04-27T00:01:45.940+0000] {processor.py:914} INFO - Processing file /home/airflow/.local/lib/python3.10/site-packages/airflow/example_dags/example_latest_only_with_trigger.py for tasks to queue
[2025-04-27T00:01:45.943+0000] {logging_mixin.py:190} INFO - [2025-04-27T00:01:45.943+0000] {dagbag.py:588} INFO - Filling up the DagBag from /home/airflow/.local/lib/python3.10/site-packages/airflow/example_dags/example_latest_only_with_trigger.py
[2025-04-27T00:01:45.953+0000] {processor.py:925} INFO - DAG(s) 'latest_only_with_trigger' retrieved from /home/airflow/.local/lib/python3.10/site-packages/airflow/example_dags/example_latest_only_with_trigger.py
[2025-04-27T00:01:45.977+0000] {logging_mixin.py:190} INFO - [2025-04-27T00:01:45.976+0000] {dag.py:3239} INFO - Sync 1 DAGs
[2025-04-27T00:01:46.012+0000] {logging_mixin.py:190} INFO - [2025-04-27T00:01:46.011+0000] {dag.py:4180} INFO - Setting next_dagrun for latest_only_with_trigger to 2025-04-26 20:00:00+00:00, run_after=2025-04-27 00:00:00+00:00
[2025-04-27T00:01:46.039+0000] {processor.py:208} INFO - Processing /home/airflow/.local/lib/python3.10/site-packages/airflow/example_dags/example_latest_only_with_trigger.py took 0.109 seconds
[2025-04-27T00:02:16.221+0000] {processor.py:186} INFO - Started process (PID=20560) to work on /home/airflow/.local/lib/python3.10/site-packages/airflow/example_dags/example_latest_only_with_trigger.py
[2025-04-27T00:02:16.222+0000] {processor.py:914} INFO - Processing file /home/airflow/.local/lib/python3.10/site-packages/airflow/example_dags/example_latest_only_with_trigger.py for tasks to queue
[2025-04-27T00:02:16.224+0000] {logging_mixin.py:190} INFO - [2025-04-27T00:02:16.224+0000] {dagbag.py:588} INFO - Filling up the DagBag from /home/airflow/.local/lib/python3.10/site-packages/airflow/example_dags/example_latest_only_with_trigger.py
[2025-04-27T00:02:16.233+0000] {processor.py:925} INFO - DAG(s) 'latest_only_with_trigger' retrieved from /home/airflow/.local/lib/python3.10/site-packages/airflow/example_dags/example_latest_only_with_trigger.py
[2025-04-27T00:02:16.256+0000] {logging_mixin.py:190} INFO - [2025-04-27T00:02:16.256+0000] {dag.py:3239} INFO - Sync 1 DAGs
[2025-04-27T00:02:16.281+0000] {logging_mixin.py:190} INFO - [2025-04-27T00:02:16.281+0000] {dag.py:4180} INFO - Setting next_dagrun for latest_only_with_trigger to 2025-04-26 20:00:00+00:00, run_after=2025-04-27 00:00:00+00:00
[2025-04-27T00:02:16.299+0000] {processor.py:208} INFO - Processing /home/airflow/.local/lib/python3.10/site-packages/airflow/example_dags/example_latest_only_with_trigger.py took 0.086 seconds
[2025-04-27T00:02:47.757+0000] {processor.py:186} INFO - Started process (PID=20633) to work on /home/airflow/.local/lib/python3.10/site-packages/airflow/example_dags/example_latest_only_with_trigger.py
[2025-04-27T00:02:47.758+0000] {processor.py:914} INFO - Processing file /home/airflow/.local/lib/python3.10/site-packages/airflow/example_dags/example_latest_only_with_trigger.py for tasks to queue
[2025-04-27T00:02:47.761+0000] {logging_mixin.py:190} INFO - [2025-04-27T00:02:47.761+0000] {dagbag.py:588} INFO - Filling up the DagBag from /home/airflow/.local/lib/python3.10/site-packages/airflow/example_dags/example_latest_only_with_trigger.py
[2025-04-27T00:02:47.770+0000] {processor.py:925} INFO - DAG(s) 'latest_only_with_trigger' retrieved from /home/airflow/.local/lib/python3.10/site-packages/airflow/example_dags/example_latest_only_with_trigger.py
[2025-04-27T00:02:47.793+0000] {logging_mixin.py:190} INFO - [2025-04-27T00:02:47.793+0000] {dag.py:3239} INFO - Sync 1 DAGs
[2025-04-27T00:02:47.822+0000] {logging_mixin.py:190} INFO - [2025-04-27T00:02:47.821+0000] {dag.py:4180} INFO - Setting next_dagrun for latest_only_with_trigger to 2025-04-26 20:00:00+00:00, run_after=2025-04-27 00:00:00+00:00
[2025-04-27T00:02:47.845+0000] {processor.py:208} INFO - Processing /home/airflow/.local/lib/python3.10/site-packages/airflow/example_dags/example_latest_only_with_trigger.py took 0.094 seconds
[2025-04-27T00:03:18.471+0000] {processor.py:186} INFO - Started process (PID=20699) to work on /home/airflow/.local/lib/python3.10/site-packages/airflow/example_dags/example_latest_only_with_trigger.py
[2025-04-27T00:03:18.473+0000] {processor.py:914} INFO - Processing file /home/airflow/.local/lib/python3.10/site-packages/airflow/example_dags/example_latest_only_with_trigger.py for tasks to queue
[2025-04-27T00:03:18.475+0000] {logging_mixin.py:190} INFO - [2025-04-27T00:03:18.475+0000] {dagbag.py:588} INFO - Filling up the DagBag from /home/airflow/.local/lib/python3.10/site-packages/airflow/example_dags/example_latest_only_with_trigger.py
[2025-04-27T00:03:18.486+0000] {processor.py:925} INFO - DAG(s) 'latest_only_with_trigger' retrieved from /home/airflow/.local/lib/python3.10/site-packages/airflow/example_dags/example_latest_only_with_trigger.py
[2025-04-27T00:03:18.513+0000] {logging_mixin.py:190} INFO - [2025-04-27T00:03:18.512+0000] {dag.py:3239} INFO - Sync 1 DAGs
[2025-04-27T00:03:18.542+0000] {logging_mixin.py:190} INFO - [2025-04-27T00:03:18.542+0000] {dag.py:4180} INFO - Setting next_dagrun for latest_only_with_trigger to 2025-04-26 20:00:00+00:00, run_after=2025-04-27 00:00:00+00:00
[2025-04-27T00:03:18.565+0000] {processor.py:208} INFO - Processing /home/airflow/.local/lib/python3.10/site-packages/airflow/example_dags/example_latest_only_with_trigger.py took 0.101 seconds
[2025-04-27T00:03:48.940+0000] {processor.py:186} INFO - Started process (PID=20765) to work on /home/airflow/.local/lib/python3.10/site-packages/airflow/example_dags/example_latest_only_with_trigger.py
[2025-04-27T00:03:48.941+0000] {processor.py:914} INFO - Processing file /home/airflow/.local/lib/python3.10/site-packages/airflow/example_dags/example_latest_only_with_trigger.py for tasks to queue
[2025-04-27T00:03:48.943+0000] {logging_mixin.py:190} INFO - [2025-04-27T00:03:48.943+0000] {dagbag.py:588} INFO - Filling up the DagBag from /home/airflow/.local/lib/python3.10/site-packages/airflow/example_dags/example_latest_only_with_trigger.py
[2025-04-27T00:03:48.951+0000] {processor.py:925} INFO - DAG(s) 'latest_only_with_trigger' retrieved from /home/airflow/.local/lib/python3.10/site-packages/airflow/example_dags/example_latest_only_with_trigger.py
[2025-04-27T00:03:48.972+0000] {logging_mixin.py:190} INFO - [2025-04-27T00:03:48.972+0000] {dag.py:3239} INFO - Sync 1 DAGs
[2025-04-27T00:03:48.996+0000] {logging_mixin.py:190} INFO - [2025-04-27T00:03:48.996+0000] {dag.py:4180} INFO - Setting next_dagrun for latest_only_with_trigger to 2025-04-26 20:00:00+00:00, run_after=2025-04-27 00:00:00+00:00
[2025-04-27T00:03:49.016+0000] {processor.py:208} INFO - Processing /home/airflow/.local/lib/python3.10/site-packages/airflow/example_dags/example_latest_only_with_trigger.py took 0.083 seconds
[2025-04-27T00:04:19.798+0000] {processor.py:186} INFO - Started process (PID=20831) to work on /home/airflow/.local/lib/python3.10/site-packages/airflow/example_dags/example_latest_only_with_trigger.py
[2025-04-27T00:04:19.799+0000] {processor.py:914} INFO - Processing file /home/airflow/.local/lib/python3.10/site-packages/airflow/example_dags/example_latest_only_with_trigger.py for tasks to queue
[2025-04-27T00:04:19.801+0000] {logging_mixin.py:190} INFO - [2025-04-27T00:04:19.801+0000] {dagbag.py:588} INFO - Filling up the DagBag from /home/airflow/.local/lib/python3.10/site-packages/airflow/example_dags/example_latest_only_with_trigger.py
[2025-04-27T00:04:19.809+0000] {processor.py:925} INFO - DAG(s) 'latest_only_with_trigger' retrieved from /home/airflow/.local/lib/python3.10/site-packages/airflow/example_dags/example_latest_only_with_trigger.py
[2025-04-27T00:04:19.830+0000] {logging_mixin.py:190} INFO - [2025-04-27T00:04:19.829+0000] {dag.py:3239} INFO - Sync 1 DAGs
[2025-04-27T00:04:19.853+0000] {logging_mixin.py:190} INFO - [2025-04-27T00:04:19.853+0000] {dag.py:4180} INFO - Setting next_dagrun for latest_only_with_trigger to 2025-04-26 20:00:00+00:00, run_after=2025-04-27 00:00:00+00:00
[2025-04-27T00:04:19.872+0000] {processor.py:208} INFO - Processing /home/airflow/.local/lib/python3.10/site-packages/airflow/example_dags/example_latest_only_with_trigger.py took 0.080 seconds
[2025-04-27T00:04:50.375+0000] {processor.py:186} INFO - Started process (PID=20897) to work on /home/airflow/.local/lib/python3.10/site-packages/airflow/example_dags/example_latest_only_with_trigger.py
[2025-04-27T00:04:50.376+0000] {processor.py:914} INFO - Processing file /home/airflow/.local/lib/python3.10/site-packages/airflow/example_dags/example_latest_only_with_trigger.py for tasks to queue
[2025-04-27T00:04:50.379+0000] {logging_mixin.py:190} INFO - [2025-04-27T00:04:50.378+0000] {dagbag.py:588} INFO - Filling up the DagBag from /home/airflow/.local/lib/python3.10/site-packages/airflow/example_dags/example_latest_only_with_trigger.py
[2025-04-27T00:04:50.387+0000] {processor.py:925} INFO - DAG(s) 'latest_only_with_trigger' retrieved from /home/airflow/.local/lib/python3.10/site-packages/airflow/example_dags/example_latest_only_with_trigger.py
[2025-04-27T00:04:50.416+0000] {logging_mixin.py:190} INFO - [2025-04-27T00:04:50.416+0000] {dag.py:3239} INFO - Sync 1 DAGs
[2025-04-27T00:04:50.443+0000] {logging_mixin.py:190} INFO - [2025-04-27T00:04:50.442+0000] {dag.py:4180} INFO - Setting next_dagrun for latest_only_with_trigger to 2025-04-26 20:00:00+00:00, run_after=2025-04-27 00:00:00+00:00
[2025-04-27T00:04:50.467+0000] {processor.py:208} INFO - Processing /home/airflow/.local/lib/python3.10/site-packages/airflow/example_dags/example_latest_only_with_trigger.py took 0.098 seconds
[2025-04-27T00:05:21.415+0000] {processor.py:186} INFO - Started process (PID=20969) to work on /home/airflow/.local/lib/python3.10/site-packages/airflow/example_dags/example_latest_only_with_trigger.py
[2025-04-27T00:05:21.416+0000] {processor.py:914} INFO - Processing file /home/airflow/.local/lib/python3.10/site-packages/airflow/example_dags/example_latest_only_with_trigger.py for tasks to queue
[2025-04-27T00:05:21.418+0000] {logging_mixin.py:190} INFO - [2025-04-27T00:05:21.418+0000] {dagbag.py:588} INFO - Filling up the DagBag from /home/airflow/.local/lib/python3.10/site-packages/airflow/example_dags/example_latest_only_with_trigger.py
[2025-04-27T00:05:21.425+0000] {processor.py:925} INFO - DAG(s) 'latest_only_with_trigger' retrieved from /home/airflow/.local/lib/python3.10/site-packages/airflow/example_dags/example_latest_only_with_trigger.py
[2025-04-27T00:05:21.445+0000] {logging_mixin.py:190} INFO - [2025-04-27T00:05:21.445+0000] {dag.py:3239} INFO - Sync 1 DAGs
[2025-04-27T00:05:21.467+0000] {logging_mixin.py:190} INFO - [2025-04-27T00:05:21.467+0000] {dag.py:4180} INFO - Setting next_dagrun for latest_only_with_trigger to 2025-04-26 20:00:00+00:00, run_after=2025-04-27 00:00:00+00:00
[2025-04-27T00:05:21.486+0000] {processor.py:208} INFO - Processing /home/airflow/.local/lib/python3.10/site-packages/airflow/example_dags/example_latest_only_with_trigger.py took 0.077 seconds
[2025-04-27T00:05:52.230+0000] {processor.py:186} INFO - Started process (PID=21035) to work on /home/airflow/.local/lib/python3.10/site-packages/airflow/example_dags/example_latest_only_with_trigger.py
[2025-04-27T00:05:52.231+0000] {processor.py:914} INFO - Processing file /home/airflow/.local/lib/python3.10/site-packages/airflow/example_dags/example_latest_only_with_trigger.py for tasks to queue
[2025-04-27T00:05:52.233+0000] {logging_mixin.py:190} INFO - [2025-04-27T00:05:52.233+0000] {dagbag.py:588} INFO - Filling up the DagBag from /home/airflow/.local/lib/python3.10/site-packages/airflow/example_dags/example_latest_only_with_trigger.py
[2025-04-27T00:05:52.241+0000] {processor.py:925} INFO - DAG(s) 'latest_only_with_trigger' retrieved from /home/airflow/.local/lib/python3.10/site-packages/airflow/example_dags/example_latest_only_with_trigger.py
[2025-04-27T00:05:52.263+0000] {logging_mixin.py:190} INFO - [2025-04-27T00:05:52.262+0000] {dag.py:3239} INFO - Sync 1 DAGs
[2025-04-27T00:05:52.285+0000] {logging_mixin.py:190} INFO - [2025-04-27T00:05:52.285+0000] {dag.py:4180} INFO - Setting next_dagrun for latest_only_with_trigger to 2025-04-26 20:00:00+00:00, run_after=2025-04-27 00:00:00+00:00
[2025-04-27T00:05:52.302+0000] {processor.py:208} INFO - Processing /home/airflow/.local/lib/python3.10/site-packages/airflow/example_dags/example_latest_only_with_trigger.py took 0.078 seconds
[2025-04-27T00:06:23.563+0000] {processor.py:186} INFO - Started process (PID=21102) to work on /home/airflow/.local/lib/python3.10/site-packages/airflow/example_dags/example_latest_only_with_trigger.py
[2025-04-27T00:06:23.564+0000] {processor.py:914} INFO - Processing file /home/airflow/.local/lib/python3.10/site-packages/airflow/example_dags/example_latest_only_with_trigger.py for tasks to queue
[2025-04-27T00:06:23.566+0000] {logging_mixin.py:190} INFO - [2025-04-27T00:06:23.566+0000] {dagbag.py:588} INFO - Filling up the DagBag from /home/airflow/.local/lib/python3.10/site-packages/airflow/example_dags/example_latest_only_with_trigger.py
[2025-04-27T00:06:23.574+0000] {processor.py:925} INFO - DAG(s) 'latest_only_with_trigger' retrieved from /home/airflow/.local/lib/python3.10/site-packages/airflow/example_dags/example_latest_only_with_trigger.py
[2025-04-27T00:06:23.596+0000] {logging_mixin.py:190} INFO - [2025-04-27T00:06:23.595+0000] {dag.py:3239} INFO - Sync 1 DAGs
[2025-04-27T00:06:23.621+0000] {logging_mixin.py:190} INFO - [2025-04-27T00:06:23.621+0000] {dag.py:4180} INFO - Setting next_dagrun for latest_only_with_trigger to 2025-04-26 20:00:00+00:00, run_after=2025-04-27 00:00:00+00:00
[2025-04-27T00:06:23.640+0000] {processor.py:208} INFO - Processing /home/airflow/.local/lib/python3.10/site-packages/airflow/example_dags/example_latest_only_with_trigger.py took 0.084 seconds
[2025-04-27T00:06:54.415+0000] {processor.py:186} INFO - Started process (PID=21167) to work on /home/airflow/.local/lib/python3.10/site-packages/airflow/example_dags/example_latest_only_with_trigger.py
[2025-04-27T00:06:54.416+0000] {processor.py:914} INFO - Processing file /home/airflow/.local/lib/python3.10/site-packages/airflow/example_dags/example_latest_only_with_trigger.py for tasks to queue
[2025-04-27T00:06:54.419+0000] {logging_mixin.py:190} INFO - [2025-04-27T00:06:54.418+0000] {dagbag.py:588} INFO - Filling up the DagBag from /home/airflow/.local/lib/python3.10/site-packages/airflow/example_dags/example_latest_only_with_trigger.py
[2025-04-27T00:06:54.426+0000] {processor.py:925} INFO - DAG(s) 'latest_only_with_trigger' retrieved from /home/airflow/.local/lib/python3.10/site-packages/airflow/example_dags/example_latest_only_with_trigger.py
[2025-04-27T00:06:54.447+0000] {logging_mixin.py:190} INFO - [2025-04-27T00:06:54.446+0000] {dag.py:3239} INFO - Sync 1 DAGs
[2025-04-27T00:06:54.469+0000] {logging_mixin.py:190} INFO - [2025-04-27T00:06:54.469+0000] {dag.py:4180} INFO - Setting next_dagrun for latest_only_with_trigger to 2025-04-26 20:00:00+00:00, run_after=2025-04-27 00:00:00+00:00
[2025-04-27T00:06:54.486+0000] {processor.py:208} INFO - Processing /home/airflow/.local/lib/python3.10/site-packages/airflow/example_dags/example_latest_only_with_trigger.py took 0.078 seconds
[2025-04-27T00:07:24.717+0000] {processor.py:186} INFO - Started process (PID=21234) to work on /home/airflow/.local/lib/python3.10/site-packages/airflow/example_dags/example_latest_only_with_trigger.py
[2025-04-27T00:07:24.718+0000] {processor.py:914} INFO - Processing file /home/airflow/.local/lib/python3.10/site-packages/airflow/example_dags/example_latest_only_with_trigger.py for tasks to queue
[2025-04-27T00:07:24.721+0000] {logging_mixin.py:190} INFO - [2025-04-27T00:07:24.721+0000] {dagbag.py:588} INFO - Filling up the DagBag from /home/airflow/.local/lib/python3.10/site-packages/airflow/example_dags/example_latest_only_with_trigger.py
[2025-04-27T00:07:24.727+0000] {processor.py:925} INFO - DAG(s) 'latest_only_with_trigger' retrieved from /home/airflow/.local/lib/python3.10/site-packages/airflow/example_dags/example_latest_only_with_trigger.py
[2025-04-27T00:07:24.751+0000] {logging_mixin.py:190} INFO - [2025-04-27T00:07:24.750+0000] {dag.py:3239} INFO - Sync 1 DAGs
[2025-04-27T00:07:24.777+0000] {logging_mixin.py:190} INFO - [2025-04-27T00:07:24.777+0000] {dag.py:4180} INFO - Setting next_dagrun for latest_only_with_trigger to 2025-04-26 20:00:00+00:00, run_after=2025-04-27 00:00:00+00:00
[2025-04-27T00:07:24.797+0000] {processor.py:208} INFO - Processing /home/airflow/.local/lib/python3.10/site-packages/airflow/example_dags/example_latest_only_with_trigger.py took 0.086 seconds
[2025-04-27T00:07:54.933+0000] {processor.py:186} INFO - Started process (PID=21299) to work on /home/airflow/.local/lib/python3.10/site-packages/airflow/example_dags/example_latest_only_with_trigger.py
[2025-04-27T00:07:54.934+0000] {processor.py:914} INFO - Processing file /home/airflow/.local/lib/python3.10/site-packages/airflow/example_dags/example_latest_only_with_trigger.py for tasks to queue
[2025-04-27T00:07:54.937+0000] {logging_mixin.py:190} INFO - [2025-04-27T00:07:54.936+0000] {dagbag.py:588} INFO - Filling up the DagBag from /home/airflow/.local/lib/python3.10/site-packages/airflow/example_dags/example_latest_only_with_trigger.py
[2025-04-27T00:07:54.944+0000] {processor.py:925} INFO - DAG(s) 'latest_only_with_trigger' retrieved from /home/airflow/.local/lib/python3.10/site-packages/airflow/example_dags/example_latest_only_with_trigger.py
[2025-04-27T00:07:54.967+0000] {logging_mixin.py:190} INFO - [2025-04-27T00:07:54.966+0000] {dag.py:3239} INFO - Sync 1 DAGs
[2025-04-27T00:07:54.990+0000] {logging_mixin.py:190} INFO - [2025-04-27T00:07:54.990+0000] {dag.py:4180} INFO - Setting next_dagrun for latest_only_with_trigger to 2025-04-26 20:00:00+00:00, run_after=2025-04-27 00:00:00+00:00
[2025-04-27T00:07:55.011+0000] {processor.py:208} INFO - Processing /home/airflow/.local/lib/python3.10/site-packages/airflow/example_dags/example_latest_only_with_trigger.py took 0.085 seconds
[2025-04-27T00:08:25.633+0000] {processor.py:186} INFO - Started process (PID=21365) to work on /home/airflow/.local/lib/python3.10/site-packages/airflow/example_dags/example_latest_only_with_trigger.py
[2025-04-27T00:08:25.634+0000] {processor.py:914} INFO - Processing file /home/airflow/.local/lib/python3.10/site-packages/airflow/example_dags/example_latest_only_with_trigger.py for tasks to queue
[2025-04-27T00:08:25.636+0000] {logging_mixin.py:190} INFO - [2025-04-27T00:08:25.636+0000] {dagbag.py:588} INFO - Filling up the DagBag from /home/airflow/.local/lib/python3.10/site-packages/airflow/example_dags/example_latest_only_with_trigger.py
[2025-04-27T00:08:25.644+0000] {processor.py:925} INFO - DAG(s) 'latest_only_with_trigger' retrieved from /home/airflow/.local/lib/python3.10/site-packages/airflow/example_dags/example_latest_only_with_trigger.py
[2025-04-27T00:08:25.663+0000] {logging_mixin.py:190} INFO - [2025-04-27T00:08:25.663+0000] {dag.py:3239} INFO - Sync 1 DAGs
[2025-04-27T00:08:25.683+0000] {logging_mixin.py:190} INFO - [2025-04-27T00:08:25.683+0000] {dag.py:4180} INFO - Setting next_dagrun for latest_only_with_trigger to 2025-04-26 20:00:00+00:00, run_after=2025-04-27 00:00:00+00:00
[2025-04-27T00:08:25.700+0000] {processor.py:208} INFO - Processing /home/airflow/.local/lib/python3.10/site-packages/airflow/example_dags/example_latest_only_with_trigger.py took 0.072 seconds
[2025-04-27T00:08:56.332+0000] {processor.py:186} INFO - Started process (PID=21431) to work on /home/airflow/.local/lib/python3.10/site-packages/airflow/example_dags/example_latest_only_with_trigger.py
[2025-04-27T00:08:56.333+0000] {processor.py:914} INFO - Processing file /home/airflow/.local/lib/python3.10/site-packages/airflow/example_dags/example_latest_only_with_trigger.py for tasks to queue
[2025-04-27T00:08:56.337+0000] {logging_mixin.py:190} INFO - [2025-04-27T00:08:56.337+0000] {dagbag.py:588} INFO - Filling up the DagBag from /home/airflow/.local/lib/python3.10/site-packages/airflow/example_dags/example_latest_only_with_trigger.py
[2025-04-27T00:08:56.347+0000] {processor.py:925} INFO - DAG(s) 'latest_only_with_trigger' retrieved from /home/airflow/.local/lib/python3.10/site-packages/airflow/example_dags/example_latest_only_with_trigger.py
[2025-04-27T00:08:56.375+0000] {logging_mixin.py:190} INFO - [2025-04-27T00:08:56.375+0000] {dag.py:3239} INFO - Sync 1 DAGs
[2025-04-27T00:08:56.414+0000] {logging_mixin.py:190} INFO - [2025-04-27T00:08:56.414+0000] {dag.py:4180} INFO - Setting next_dagrun for latest_only_with_trigger to 2025-04-26 20:00:00+00:00, run_after=2025-04-27 00:00:00+00:00
[2025-04-27T00:08:56.446+0000] {processor.py:208} INFO - Processing /home/airflow/.local/lib/python3.10/site-packages/airflow/example_dags/example_latest_only_with_trigger.py took 0.124 seconds
[2025-04-27T00:09:26.825+0000] {processor.py:186} INFO - Started process (PID=21497) to work on /home/airflow/.local/lib/python3.10/site-packages/airflow/example_dags/example_latest_only_with_trigger.py
[2025-04-27T00:09:26.827+0000] {processor.py:914} INFO - Processing file /home/airflow/.local/lib/python3.10/site-packages/airflow/example_dags/example_latest_only_with_trigger.py for tasks to queue
[2025-04-27T00:09:26.830+0000] {logging_mixin.py:190} INFO - [2025-04-27T00:09:26.829+0000] {dagbag.py:588} INFO - Filling up the DagBag from /home/airflow/.local/lib/python3.10/site-packages/airflow/example_dags/example_latest_only_with_trigger.py
[2025-04-27T00:09:26.839+0000] {processor.py:925} INFO - DAG(s) 'latest_only_with_trigger' retrieved from /home/airflow/.local/lib/python3.10/site-packages/airflow/example_dags/example_latest_only_with_trigger.py
[2025-04-27T00:09:26.862+0000] {logging_mixin.py:190} INFO - [2025-04-27T00:09:26.861+0000] {dag.py:3239} INFO - Sync 1 DAGs
[2025-04-27T00:09:26.888+0000] {logging_mixin.py:190} INFO - [2025-04-27T00:09:26.888+0000] {dag.py:4180} INFO - Setting next_dagrun for latest_only_with_trigger to 2025-04-26 20:00:00+00:00, run_after=2025-04-27 00:00:00+00:00
[2025-04-27T00:09:26.909+0000] {processor.py:208} INFO - Processing /home/airflow/.local/lib/python3.10/site-packages/airflow/example_dags/example_latest_only_with_trigger.py took 0.090 seconds
[2025-04-27T00:09:57.204+0000] {processor.py:186} INFO - Started process (PID=21563) to work on /home/airflow/.local/lib/python3.10/site-packages/airflow/example_dags/example_latest_only_with_trigger.py
[2025-04-27T00:09:57.206+0000] {processor.py:914} INFO - Processing file /home/airflow/.local/lib/python3.10/site-packages/airflow/example_dags/example_latest_only_with_trigger.py for tasks to queue
[2025-04-27T00:09:57.208+0000] {logging_mixin.py:190} INFO - [2025-04-27T00:09:57.208+0000] {dagbag.py:588} INFO - Filling up the DagBag from /home/airflow/.local/lib/python3.10/site-packages/airflow/example_dags/example_latest_only_with_trigger.py
[2025-04-27T00:09:57.217+0000] {processor.py:925} INFO - DAG(s) 'latest_only_with_trigger' retrieved from /home/airflow/.local/lib/python3.10/site-packages/airflow/example_dags/example_latest_only_with_trigger.py
[2025-04-27T00:09:57.244+0000] {logging_mixin.py:190} INFO - [2025-04-27T00:09:57.244+0000] {dag.py:3239} INFO - Sync 1 DAGs
[2025-04-27T00:09:57.276+0000] {logging_mixin.py:190} INFO - [2025-04-27T00:09:57.276+0000] {dag.py:4180} INFO - Setting next_dagrun for latest_only_with_trigger to 2025-04-26 20:00:00+00:00, run_after=2025-04-27 00:00:00+00:00
[2025-04-27T00:09:57.299+0000] {processor.py:208} INFO - Processing /home/airflow/.local/lib/python3.10/site-packages/airflow/example_dags/example_latest_only_with_trigger.py took 0.101 seconds
[2025-04-27T00:10:27.990+0000] {processor.py:186} INFO - Started process (PID=21629) to work on /home/airflow/.local/lib/python3.10/site-packages/airflow/example_dags/example_latest_only_with_trigger.py
[2025-04-27T00:10:27.992+0000] {processor.py:914} INFO - Processing file /home/airflow/.local/lib/python3.10/site-packages/airflow/example_dags/example_latest_only_with_trigger.py for tasks to queue
[2025-04-27T00:10:27.996+0000] {logging_mixin.py:190} INFO - [2025-04-27T00:10:27.996+0000] {dagbag.py:588} INFO - Filling up the DagBag from /home/airflow/.local/lib/python3.10/site-packages/airflow/example_dags/example_latest_only_with_trigger.py
[2025-04-27T00:10:28.012+0000] {processor.py:925} INFO - DAG(s) 'latest_only_with_trigger' retrieved from /home/airflow/.local/lib/python3.10/site-packages/airflow/example_dags/example_latest_only_with_trigger.py
[2025-04-27T00:10:28.049+0000] {logging_mixin.py:190} INFO - [2025-04-27T00:10:28.048+0000] {dag.py:3239} INFO - Sync 1 DAGs
[2025-04-27T00:10:28.085+0000] {logging_mixin.py:190} INFO - [2025-04-27T00:10:28.085+0000] {dag.py:4180} INFO - Setting next_dagrun for latest_only_with_trigger to 2025-04-26 20:00:00+00:00, run_after=2025-04-27 00:00:00+00:00
[2025-04-27T00:10:28.112+0000] {processor.py:208} INFO - Processing /home/airflow/.local/lib/python3.10/site-packages/airflow/example_dags/example_latest_only_with_trigger.py took 0.133 seconds
[2025-04-27T00:10:58.914+0000] {processor.py:186} INFO - Started process (PID=21695) to work on /home/airflow/.local/lib/python3.10/site-packages/airflow/example_dags/example_latest_only_with_trigger.py
[2025-04-27T00:10:58.915+0000] {processor.py:914} INFO - Processing file /home/airflow/.local/lib/python3.10/site-packages/airflow/example_dags/example_latest_only_with_trigger.py for tasks to queue
[2025-04-27T00:10:58.918+0000] {logging_mixin.py:190} INFO - [2025-04-27T00:10:58.917+0000] {dagbag.py:588} INFO - Filling up the DagBag from /home/airflow/.local/lib/python3.10/site-packages/airflow/example_dags/example_latest_only_with_trigger.py
[2025-04-27T00:10:58.926+0000] {processor.py:925} INFO - DAG(s) 'latest_only_with_trigger' retrieved from /home/airflow/.local/lib/python3.10/site-packages/airflow/example_dags/example_latest_only_with_trigger.py
[2025-04-27T00:10:58.953+0000] {logging_mixin.py:190} INFO - [2025-04-27T00:10:58.953+0000] {dag.py:3239} INFO - Sync 1 DAGs
[2025-04-27T00:10:58.981+0000] {logging_mixin.py:190} INFO - [2025-04-27T00:10:58.980+0000] {dag.py:4180} INFO - Setting next_dagrun for latest_only_with_trigger to 2025-04-26 20:00:00+00:00, run_after=2025-04-27 00:00:00+00:00
[2025-04-27T00:10:59.011+0000] {processor.py:208} INFO - Processing /home/airflow/.local/lib/python3.10/site-packages/airflow/example_dags/example_latest_only_with_trigger.py took 0.103 seconds
[2025-04-27T00:11:29.208+0000] {processor.py:186} INFO - Started process (PID=21761) to work on /home/airflow/.local/lib/python3.10/site-packages/airflow/example_dags/example_latest_only_with_trigger.py
[2025-04-27T00:11:29.209+0000] {processor.py:914} INFO - Processing file /home/airflow/.local/lib/python3.10/site-packages/airflow/example_dags/example_latest_only_with_trigger.py for tasks to queue
[2025-04-27T00:11:29.211+0000] {logging_mixin.py:190} INFO - [2025-04-27T00:11:29.211+0000] {dagbag.py:588} INFO - Filling up the DagBag from /home/airflow/.local/lib/python3.10/site-packages/airflow/example_dags/example_latest_only_with_trigger.py
[2025-04-27T00:11:29.218+0000] {processor.py:925} INFO - DAG(s) 'latest_only_with_trigger' retrieved from /home/airflow/.local/lib/python3.10/site-packages/airflow/example_dags/example_latest_only_with_trigger.py
[2025-04-27T00:11:29.238+0000] {logging_mixin.py:190} INFO - [2025-04-27T00:11:29.238+0000] {dag.py:3239} INFO - Sync 1 DAGs
[2025-04-27T00:11:29.264+0000] {logging_mixin.py:190} INFO - [2025-04-27T00:11:29.264+0000] {dag.py:4180} INFO - Setting next_dagrun for latest_only_with_trigger to 2025-04-26 20:00:00+00:00, run_after=2025-04-27 00:00:00+00:00
[2025-04-27T00:11:29.282+0000] {processor.py:208} INFO - Processing /home/airflow/.local/lib/python3.10/site-packages/airflow/example_dags/example_latest_only_with_trigger.py took 0.080 seconds
[2025-04-27T00:11:59.441+0000] {processor.py:186} INFO - Started process (PID=21827) to work on /home/airflow/.local/lib/python3.10/site-packages/airflow/example_dags/example_latest_only_with_trigger.py
[2025-04-27T00:11:59.442+0000] {processor.py:914} INFO - Processing file /home/airflow/.local/lib/python3.10/site-packages/airflow/example_dags/example_latest_only_with_trigger.py for tasks to queue
[2025-04-27T00:11:59.445+0000] {logging_mixin.py:190} INFO - [2025-04-27T00:11:59.444+0000] {dagbag.py:588} INFO - Filling up the DagBag from /home/airflow/.local/lib/python3.10/site-packages/airflow/example_dags/example_latest_only_with_trigger.py
[2025-04-27T00:11:59.452+0000] {processor.py:925} INFO - DAG(s) 'latest_only_with_trigger' retrieved from /home/airflow/.local/lib/python3.10/site-packages/airflow/example_dags/example_latest_only_with_trigger.py
[2025-04-27T00:11:59.471+0000] {logging_mixin.py:190} INFO - [2025-04-27T00:11:59.471+0000] {dag.py:3239} INFO - Sync 1 DAGs
[2025-04-27T00:11:59.493+0000] {logging_mixin.py:190} INFO - [2025-04-27T00:11:59.492+0000] {dag.py:4180} INFO - Setting next_dagrun for latest_only_with_trigger to 2025-04-26 20:00:00+00:00, run_after=2025-04-27 00:00:00+00:00
[2025-04-27T00:11:59.509+0000] {processor.py:208} INFO - Processing /home/airflow/.local/lib/python3.10/site-packages/airflow/example_dags/example_latest_only_with_trigger.py took 0.074 seconds
[2025-04-27T00:12:30.385+0000] {processor.py:186} INFO - Started process (PID=21893) to work on /home/airflow/.local/lib/python3.10/site-packages/airflow/example_dags/example_latest_only_with_trigger.py
[2025-04-27T00:12:30.386+0000] {processor.py:914} INFO - Processing file /home/airflow/.local/lib/python3.10/site-packages/airflow/example_dags/example_latest_only_with_trigger.py for tasks to queue
[2025-04-27T00:12:30.389+0000] {logging_mixin.py:190} INFO - [2025-04-27T00:12:30.389+0000] {dagbag.py:588} INFO - Filling up the DagBag from /home/airflow/.local/lib/python3.10/site-packages/airflow/example_dags/example_latest_only_with_trigger.py
[2025-04-27T00:12:30.396+0000] {processor.py:925} INFO - DAG(s) 'latest_only_with_trigger' retrieved from /home/airflow/.local/lib/python3.10/site-packages/airflow/example_dags/example_latest_only_with_trigger.py
[2025-04-27T00:12:30.415+0000] {logging_mixin.py:190} INFO - [2025-04-27T00:12:30.415+0000] {dag.py:3239} INFO - Sync 1 DAGs
[2025-04-27T00:12:30.440+0000] {logging_mixin.py:190} INFO - [2025-04-27T00:12:30.439+0000] {dag.py:4180} INFO - Setting next_dagrun for latest_only_with_trigger to 2025-04-26 20:00:00+00:00, run_after=2025-04-27 00:00:00+00:00
[2025-04-27T00:12:30.458+0000] {processor.py:208} INFO - Processing /home/airflow/.local/lib/python3.10/site-packages/airflow/example_dags/example_latest_only_with_trigger.py took 0.080 seconds
[2025-04-27T00:13:01.153+0000] {processor.py:186} INFO - Started process (PID=21959) to work on /home/airflow/.local/lib/python3.10/site-packages/airflow/example_dags/example_latest_only_with_trigger.py
[2025-04-27T00:13:01.154+0000] {processor.py:914} INFO - Processing file /home/airflow/.local/lib/python3.10/site-packages/airflow/example_dags/example_latest_only_with_trigger.py for tasks to queue
[2025-04-27T00:13:01.156+0000] {logging_mixin.py:190} INFO - [2025-04-27T00:13:01.156+0000] {dagbag.py:588} INFO - Filling up the DagBag from /home/airflow/.local/lib/python3.10/site-packages/airflow/example_dags/example_latest_only_with_trigger.py
[2025-04-27T00:13:01.164+0000] {processor.py:925} INFO - DAG(s) 'latest_only_with_trigger' retrieved from /home/airflow/.local/lib/python3.10/site-packages/airflow/example_dags/example_latest_only_with_trigger.py
[2025-04-27T00:13:01.185+0000] {logging_mixin.py:190} INFO - [2025-04-27T00:13:01.185+0000] {dag.py:3239} INFO - Sync 1 DAGs
[2025-04-27T00:13:01.209+0000] {logging_mixin.py:190} INFO - [2025-04-27T00:13:01.209+0000] {dag.py:4180} INFO - Setting next_dagrun for latest_only_with_trigger to 2025-04-26 20:00:00+00:00, run_after=2025-04-27 00:00:00+00:00
[2025-04-27T00:13:01.227+0000] {processor.py:208} INFO - Processing /home/airflow/.local/lib/python3.10/site-packages/airflow/example_dags/example_latest_only_with_trigger.py took 0.081 seconds
[2025-04-27T00:13:31.438+0000] {processor.py:186} INFO - Started process (PID=22025) to work on /home/airflow/.local/lib/python3.10/site-packages/airflow/example_dags/example_latest_only_with_trigger.py
[2025-04-27T00:13:31.439+0000] {processor.py:914} INFO - Processing file /home/airflow/.local/lib/python3.10/site-packages/airflow/example_dags/example_latest_only_with_trigger.py for tasks to queue
[2025-04-27T00:13:31.442+0000] {logging_mixin.py:190} INFO - [2025-04-27T00:13:31.441+0000] {dagbag.py:588} INFO - Filling up the DagBag from /home/airflow/.local/lib/python3.10/site-packages/airflow/example_dags/example_latest_only_with_trigger.py
[2025-04-27T00:13:31.449+0000] {processor.py:925} INFO - DAG(s) 'latest_only_with_trigger' retrieved from /home/airflow/.local/lib/python3.10/site-packages/airflow/example_dags/example_latest_only_with_trigger.py
[2025-04-27T00:13:31.469+0000] {logging_mixin.py:190} INFO - [2025-04-27T00:13:31.469+0000] {dag.py:3239} INFO - Sync 1 DAGs
[2025-04-27T00:13:31.492+0000] {logging_mixin.py:190} INFO - [2025-04-27T00:13:31.492+0000] {dag.py:4180} INFO - Setting next_dagrun for latest_only_with_trigger to 2025-04-26 20:00:00+00:00, run_after=2025-04-27 00:00:00+00:00
[2025-04-27T00:13:31.510+0000] {processor.py:208} INFO - Processing /home/airflow/.local/lib/python3.10/site-packages/airflow/example_dags/example_latest_only_with_trigger.py took 0.078 seconds
[2025-04-27T00:14:01.921+0000] {processor.py:186} INFO - Started process (PID=22092) to work on /home/airflow/.local/lib/python3.10/site-packages/airflow/example_dags/example_latest_only_with_trigger.py
[2025-04-27T00:14:01.922+0000] {processor.py:914} INFO - Processing file /home/airflow/.local/lib/python3.10/site-packages/airflow/example_dags/example_latest_only_with_trigger.py for tasks to queue
[2025-04-27T00:14:01.924+0000] {logging_mixin.py:190} INFO - [2025-04-27T00:14:01.924+0000] {dagbag.py:588} INFO - Filling up the DagBag from /home/airflow/.local/lib/python3.10/site-packages/airflow/example_dags/example_latest_only_with_trigger.py
[2025-04-27T00:14:01.934+0000] {processor.py:925} INFO - DAG(s) 'latest_only_with_trigger' retrieved from /home/airflow/.local/lib/python3.10/site-packages/airflow/example_dags/example_latest_only_with_trigger.py
[2025-04-27T00:14:01.960+0000] {logging_mixin.py:190} INFO - [2025-04-27T00:14:01.959+0000] {dag.py:3239} INFO - Sync 1 DAGs
[2025-04-27T00:14:01.989+0000] {logging_mixin.py:190} INFO - [2025-04-27T00:14:01.988+0000] {dag.py:4180} INFO - Setting next_dagrun for latest_only_with_trigger to 2025-04-26 20:00:00+00:00, run_after=2025-04-27 00:00:00+00:00
[2025-04-27T00:14:02.014+0000] {processor.py:208} INFO - Processing /home/airflow/.local/lib/python3.10/site-packages/airflow/example_dags/example_latest_only_with_trigger.py took 0.099 seconds
[2025-04-27T00:14:32.670+0000] {processor.py:186} INFO - Started process (PID=22158) to work on /home/airflow/.local/lib/python3.10/site-packages/airflow/example_dags/example_latest_only_with_trigger.py
[2025-04-27T00:14:32.671+0000] {processor.py:914} INFO - Processing file /home/airflow/.local/lib/python3.10/site-packages/airflow/example_dags/example_latest_only_with_trigger.py for tasks to queue
[2025-04-27T00:14:32.674+0000] {logging_mixin.py:190} INFO - [2025-04-27T00:14:32.673+0000] {dagbag.py:588} INFO - Filling up the DagBag from /home/airflow/.local/lib/python3.10/site-packages/airflow/example_dags/example_latest_only_with_trigger.py
[2025-04-27T00:14:32.682+0000] {processor.py:925} INFO - DAG(s) 'latest_only_with_trigger' retrieved from /home/airflow/.local/lib/python3.10/site-packages/airflow/example_dags/example_latest_only_with_trigger.py
[2025-04-27T00:14:32.704+0000] {logging_mixin.py:190} INFO - [2025-04-27T00:14:32.704+0000] {dag.py:3239} INFO - Sync 1 DAGs
[2025-04-27T00:14:32.732+0000] {logging_mixin.py:190} INFO - [2025-04-27T00:14:32.731+0000] {dag.py:4180} INFO - Setting next_dagrun for latest_only_with_trigger to 2025-04-26 20:00:00+00:00, run_after=2025-04-27 00:00:00+00:00
[2025-04-27T00:14:32.758+0000] {processor.py:208} INFO - Processing /home/airflow/.local/lib/python3.10/site-packages/airflow/example_dags/example_latest_only_with_trigger.py took 0.095 seconds
[2025-04-27T00:15:03.106+0000] {processor.py:186} INFO - Started process (PID=22224) to work on /home/airflow/.local/lib/python3.10/site-packages/airflow/example_dags/example_latest_only_with_trigger.py
[2025-04-27T00:15:03.107+0000] {processor.py:914} INFO - Processing file /home/airflow/.local/lib/python3.10/site-packages/airflow/example_dags/example_latest_only_with_trigger.py for tasks to queue
[2025-04-27T00:15:03.110+0000] {logging_mixin.py:190} INFO - [2025-04-27T00:15:03.110+0000] {dagbag.py:588} INFO - Filling up the DagBag from /home/airflow/.local/lib/python3.10/site-packages/airflow/example_dags/example_latest_only_with_trigger.py
[2025-04-27T00:15:03.119+0000] {processor.py:925} INFO - DAG(s) 'latest_only_with_trigger' retrieved from /home/airflow/.local/lib/python3.10/site-packages/airflow/example_dags/example_latest_only_with_trigger.py
[2025-04-27T00:15:03.141+0000] {logging_mixin.py:190} INFO - [2025-04-27T00:15:03.141+0000] {dag.py:3239} INFO - Sync 1 DAGs
[2025-04-27T00:15:03.166+0000] {logging_mixin.py:190} INFO - [2025-04-27T00:15:03.166+0000] {dag.py:4180} INFO - Setting next_dagrun for latest_only_with_trigger to 2025-04-26 20:00:00+00:00, run_after=2025-04-27 00:00:00+00:00
[2025-04-27T00:15:03.187+0000] {processor.py:208} INFO - Processing /home/airflow/.local/lib/python3.10/site-packages/airflow/example_dags/example_latest_only_with_trigger.py took 0.089 seconds
[2025-04-27T00:15:33.357+0000] {processor.py:186} INFO - Started process (PID=22290) to work on /home/airflow/.local/lib/python3.10/site-packages/airflow/example_dags/example_latest_only_with_trigger.py
[2025-04-27T00:15:33.358+0000] {processor.py:914} INFO - Processing file /home/airflow/.local/lib/python3.10/site-packages/airflow/example_dags/example_latest_only_with_trigger.py for tasks to queue
[2025-04-27T00:15:33.360+0000] {logging_mixin.py:190} INFO - [2025-04-27T00:15:33.360+0000] {dagbag.py:588} INFO - Filling up the DagBag from /home/airflow/.local/lib/python3.10/site-packages/airflow/example_dags/example_latest_only_with_trigger.py
[2025-04-27T00:15:33.368+0000] {processor.py:925} INFO - DAG(s) 'latest_only_with_trigger' retrieved from /home/airflow/.local/lib/python3.10/site-packages/airflow/example_dags/example_latest_only_with_trigger.py
[2025-04-27T00:15:33.389+0000] {logging_mixin.py:190} INFO - [2025-04-27T00:15:33.389+0000] {dag.py:3239} INFO - Sync 1 DAGs
[2025-04-27T00:15:33.415+0000] {logging_mixin.py:190} INFO - [2025-04-27T00:15:33.415+0000] {dag.py:4180} INFO - Setting next_dagrun for latest_only_with_trigger to 2025-04-26 20:00:00+00:00, run_after=2025-04-27 00:00:00+00:00
[2025-04-27T00:15:33.442+0000] {processor.py:208} INFO - Processing /home/airflow/.local/lib/python3.10/site-packages/airflow/example_dags/example_latest_only_with_trigger.py took 0.092 seconds
[2025-04-27T00:16:03.918+0000] {processor.py:186} INFO - Started process (PID=22356) to work on /home/airflow/.local/lib/python3.10/site-packages/airflow/example_dags/example_latest_only_with_trigger.py
[2025-04-27T00:16:03.920+0000] {processor.py:914} INFO - Processing file /home/airflow/.local/lib/python3.10/site-packages/airflow/example_dags/example_latest_only_with_trigger.py for tasks to queue
[2025-04-27T00:16:03.922+0000] {logging_mixin.py:190} INFO - [2025-04-27T00:16:03.922+0000] {dagbag.py:588} INFO - Filling up the DagBag from /home/airflow/.local/lib/python3.10/site-packages/airflow/example_dags/example_latest_only_with_trigger.py
[2025-04-27T00:16:03.932+0000] {processor.py:925} INFO - DAG(s) 'latest_only_with_trigger' retrieved from /home/airflow/.local/lib/python3.10/site-packages/airflow/example_dags/example_latest_only_with_trigger.py
[2025-04-27T00:16:03.956+0000] {logging_mixin.py:190} INFO - [2025-04-27T00:16:03.956+0000] {dag.py:3239} INFO - Sync 1 DAGs
[2025-04-27T00:16:03.997+0000] {logging_mixin.py:190} INFO - [2025-04-27T00:16:03.997+0000] {dag.py:4180} INFO - Setting next_dagrun for latest_only_with_trigger to 2025-04-26 20:00:00+00:00, run_after=2025-04-27 00:00:00+00:00
[2025-04-27T00:16:04.025+0000] {processor.py:208} INFO - Processing /home/airflow/.local/lib/python3.10/site-packages/airflow/example_dags/example_latest_only_with_trigger.py took 0.115 seconds
[2025-04-27T00:16:34.716+0000] {processor.py:186} INFO - Started process (PID=22422) to work on /home/airflow/.local/lib/python3.10/site-packages/airflow/example_dags/example_latest_only_with_trigger.py
[2025-04-27T00:16:34.717+0000] {processor.py:914} INFO - Processing file /home/airflow/.local/lib/python3.10/site-packages/airflow/example_dags/example_latest_only_with_trigger.py for tasks to queue
[2025-04-27T00:16:34.720+0000] {logging_mixin.py:190} INFO - [2025-04-27T00:16:34.719+0000] {dagbag.py:588} INFO - Filling up the DagBag from /home/airflow/.local/lib/python3.10/site-packages/airflow/example_dags/example_latest_only_with_trigger.py
[2025-04-27T00:16:34.726+0000] {processor.py:925} INFO - DAG(s) 'latest_only_with_trigger' retrieved from /home/airflow/.local/lib/python3.10/site-packages/airflow/example_dags/example_latest_only_with_trigger.py
[2025-04-27T00:16:34.746+0000] {logging_mixin.py:190} INFO - [2025-04-27T00:16:34.745+0000] {dag.py:3239} INFO - Sync 1 DAGs
[2025-04-27T00:16:34.767+0000] {logging_mixin.py:190} INFO - [2025-04-27T00:16:34.767+0000] {dag.py:4180} INFO - Setting next_dagrun for latest_only_with_trigger to 2025-04-26 20:00:00+00:00, run_after=2025-04-27 00:00:00+00:00
[2025-04-27T00:16:34.782+0000] {processor.py:208} INFO - Processing /home/airflow/.local/lib/python3.10/site-packages/airflow/example_dags/example_latest_only_with_trigger.py took 0.072 seconds
[2025-04-27T00:17:05.497+0000] {processor.py:186} INFO - Started process (PID=22488) to work on /home/airflow/.local/lib/python3.10/site-packages/airflow/example_dags/example_latest_only_with_trigger.py
[2025-04-27T00:17:05.499+0000] {processor.py:914} INFO - Processing file /home/airflow/.local/lib/python3.10/site-packages/airflow/example_dags/example_latest_only_with_trigger.py for tasks to queue
[2025-04-27T00:17:05.502+0000] {logging_mixin.py:190} INFO - [2025-04-27T00:17:05.501+0000] {dagbag.py:588} INFO - Filling up the DagBag from /home/airflow/.local/lib/python3.10/site-packages/airflow/example_dags/example_latest_only_with_trigger.py
[2025-04-27T00:17:05.511+0000] {processor.py:925} INFO - DAG(s) 'latest_only_with_trigger' retrieved from /home/airflow/.local/lib/python3.10/site-packages/airflow/example_dags/example_latest_only_with_trigger.py
[2025-04-27T00:17:05.546+0000] {logging_mixin.py:190} INFO - [2025-04-27T00:17:05.546+0000] {dag.py:3239} INFO - Sync 1 DAGs
[2025-04-27T00:17:05.576+0000] {logging_mixin.py:190} INFO - [2025-04-27T00:17:05.576+0000] {dag.py:4180} INFO - Setting next_dagrun for latest_only_with_trigger to 2025-04-26 20:00:00+00:00, run_after=2025-04-27 00:00:00+00:00
[2025-04-27T00:17:05.601+0000] {processor.py:208} INFO - Processing /home/airflow/.local/lib/python3.10/site-packages/airflow/example_dags/example_latest_only_with_trigger.py took 0.111 seconds
[2025-04-27T00:17:35.671+0000] {processor.py:186} INFO - Started process (PID=22554) to work on /home/airflow/.local/lib/python3.10/site-packages/airflow/example_dags/example_latest_only_with_trigger.py
[2025-04-27T00:17:35.672+0000] {processor.py:914} INFO - Processing file /home/airflow/.local/lib/python3.10/site-packages/airflow/example_dags/example_latest_only_with_trigger.py for tasks to queue
[2025-04-27T00:17:35.674+0000] {logging_mixin.py:190} INFO - [2025-04-27T00:17:35.674+0000] {dagbag.py:588} INFO - Filling up the DagBag from /home/airflow/.local/lib/python3.10/site-packages/airflow/example_dags/example_latest_only_with_trigger.py
[2025-04-27T00:17:35.682+0000] {processor.py:925} INFO - DAG(s) 'latest_only_with_trigger' retrieved from /home/airflow/.local/lib/python3.10/site-packages/airflow/example_dags/example_latest_only_with_trigger.py
[2025-04-27T00:17:35.707+0000] {logging_mixin.py:190} INFO - [2025-04-27T00:17:35.706+0000] {dag.py:3239} INFO - Sync 1 DAGs
[2025-04-27T00:17:35.739+0000] {logging_mixin.py:190} INFO - [2025-04-27T00:17:35.739+0000] {dag.py:4180} INFO - Setting next_dagrun for latest_only_with_trigger to 2025-04-26 20:00:00+00:00, run_after=2025-04-27 00:00:00+00:00
[2025-04-27T00:17:35.768+0000] {processor.py:208} INFO - Processing /home/airflow/.local/lib/python3.10/site-packages/airflow/example_dags/example_latest_only_with_trigger.py took 0.103 seconds
[2025-04-27T00:18:06.442+0000] {processor.py:186} INFO - Started process (PID=22620) to work on /home/airflow/.local/lib/python3.10/site-packages/airflow/example_dags/example_latest_only_with_trigger.py
[2025-04-27T00:18:06.443+0000] {processor.py:914} INFO - Processing file /home/airflow/.local/lib/python3.10/site-packages/airflow/example_dags/example_latest_only_with_trigger.py for tasks to queue
[2025-04-27T00:18:06.445+0000] {logging_mixin.py:190} INFO - [2025-04-27T00:18:06.445+0000] {dagbag.py:588} INFO - Filling up the DagBag from /home/airflow/.local/lib/python3.10/site-packages/airflow/example_dags/example_latest_only_with_trigger.py
[2025-04-27T00:18:06.453+0000] {processor.py:925} INFO - DAG(s) 'latest_only_with_trigger' retrieved from /home/airflow/.local/lib/python3.10/site-packages/airflow/example_dags/example_latest_only_with_trigger.py
[2025-04-27T00:18:06.473+0000] {logging_mixin.py:190} INFO - [2025-04-27T00:18:06.472+0000] {dag.py:3239} INFO - Sync 1 DAGs
[2025-04-27T00:18:06.496+0000] {logging_mixin.py:190} INFO - [2025-04-27T00:18:06.496+0000] {dag.py:4180} INFO - Setting next_dagrun for latest_only_with_trigger to 2025-04-26 20:00:00+00:00, run_after=2025-04-27 00:00:00+00:00
[2025-04-27T00:18:06.515+0000] {processor.py:208} INFO - Processing /home/airflow/.local/lib/python3.10/site-packages/airflow/example_dags/example_latest_only_with_trigger.py took 0.080 seconds
[2025-04-27T00:18:36.810+0000] {processor.py:186} INFO - Started process (PID=22686) to work on /home/airflow/.local/lib/python3.10/site-packages/airflow/example_dags/example_latest_only_with_trigger.py
[2025-04-27T00:18:36.812+0000] {processor.py:914} INFO - Processing file /home/airflow/.local/lib/python3.10/site-packages/airflow/example_dags/example_latest_only_with_trigger.py for tasks to queue
[2025-04-27T00:18:36.815+0000] {logging_mixin.py:190} INFO - [2025-04-27T00:18:36.815+0000] {dagbag.py:588} INFO - Filling up the DagBag from /home/airflow/.local/lib/python3.10/site-packages/airflow/example_dags/example_latest_only_with_trigger.py
[2025-04-27T00:18:36.825+0000] {processor.py:925} INFO - DAG(s) 'latest_only_with_trigger' retrieved from /home/airflow/.local/lib/python3.10/site-packages/airflow/example_dags/example_latest_only_with_trigger.py
[2025-04-27T00:18:36.853+0000] {logging_mixin.py:190} INFO - [2025-04-27T00:18:36.853+0000] {dag.py:3239} INFO - Sync 1 DAGs
[2025-04-27T00:18:36.884+0000] {logging_mixin.py:190} INFO - [2025-04-27T00:18:36.884+0000] {dag.py:4180} INFO - Setting next_dagrun for latest_only_with_trigger to 2025-04-26 20:00:00+00:00, run_after=2025-04-27 00:00:00+00:00
[2025-04-27T00:18:36.908+0000] {processor.py:208} INFO - Processing /home/airflow/.local/lib/python3.10/site-packages/airflow/example_dags/example_latest_only_with_trigger.py took 0.105 seconds
[2025-04-27T00:19:07.098+0000] {processor.py:186} INFO - Started process (PID=22752) to work on /home/airflow/.local/lib/python3.10/site-packages/airflow/example_dags/example_latest_only_with_trigger.py
[2025-04-27T00:19:07.099+0000] {processor.py:914} INFO - Processing file /home/airflow/.local/lib/python3.10/site-packages/airflow/example_dags/example_latest_only_with_trigger.py for tasks to queue
[2025-04-27T00:19:07.101+0000] {logging_mixin.py:190} INFO - [2025-04-27T00:19:07.101+0000] {dagbag.py:588} INFO - Filling up the DagBag from /home/airflow/.local/lib/python3.10/site-packages/airflow/example_dags/example_latest_only_with_trigger.py
[2025-04-27T00:19:07.109+0000] {processor.py:925} INFO - DAG(s) 'latest_only_with_trigger' retrieved from /home/airflow/.local/lib/python3.10/site-packages/airflow/example_dags/example_latest_only_with_trigger.py
[2025-04-27T00:19:07.129+0000] {logging_mixin.py:190} INFO - [2025-04-27T00:19:07.129+0000] {dag.py:3239} INFO - Sync 1 DAGs
[2025-04-27T00:19:07.154+0000] {logging_mixin.py:190} INFO - [2025-04-27T00:19:07.153+0000] {dag.py:4180} INFO - Setting next_dagrun for latest_only_with_trigger to 2025-04-26 20:00:00+00:00, run_after=2025-04-27 00:00:00+00:00
[2025-04-27T00:19:07.171+0000] {processor.py:208} INFO - Processing /home/airflow/.local/lib/python3.10/site-packages/airflow/example_dags/example_latest_only_with_trigger.py took 0.080 seconds
[2025-04-27T00:19:37.296+0000] {processor.py:186} INFO - Started process (PID=22818) to work on /home/airflow/.local/lib/python3.10/site-packages/airflow/example_dags/example_latest_only_with_trigger.py
[2025-04-27T00:19:37.297+0000] {processor.py:914} INFO - Processing file /home/airflow/.local/lib/python3.10/site-packages/airflow/example_dags/example_latest_only_with_trigger.py for tasks to queue
[2025-04-27T00:19:37.299+0000] {logging_mixin.py:190} INFO - [2025-04-27T00:19:37.299+0000] {dagbag.py:588} INFO - Filling up the DagBag from /home/airflow/.local/lib/python3.10/site-packages/airflow/example_dags/example_latest_only_with_trigger.py
[2025-04-27T00:19:37.307+0000] {processor.py:925} INFO - DAG(s) 'latest_only_with_trigger' retrieved from /home/airflow/.local/lib/python3.10/site-packages/airflow/example_dags/example_latest_only_with_trigger.py
[2025-04-27T00:19:37.331+0000] {logging_mixin.py:190} INFO - [2025-04-27T00:19:37.331+0000] {dag.py:3239} INFO - Sync 1 DAGs
[2025-04-27T00:19:37.360+0000] {logging_mixin.py:190} INFO - [2025-04-27T00:19:37.360+0000] {dag.py:4180} INFO - Setting next_dagrun for latest_only_with_trigger to 2025-04-26 20:00:00+00:00, run_after=2025-04-27 00:00:00+00:00
[2025-04-27T00:19:37.376+0000] {processor.py:208} INFO - Processing /home/airflow/.local/lib/python3.10/site-packages/airflow/example_dags/example_latest_only_with_trigger.py took 0.086 seconds
[2025-04-27T00:20:08.232+0000] {processor.py:186} INFO - Started process (PID=22884) to work on /home/airflow/.local/lib/python3.10/site-packages/airflow/example_dags/example_latest_only_with_trigger.py
[2025-04-27T00:20:08.233+0000] {processor.py:914} INFO - Processing file /home/airflow/.local/lib/python3.10/site-packages/airflow/example_dags/example_latest_only_with_trigger.py for tasks to queue
[2025-04-27T00:20:08.235+0000] {logging_mixin.py:190} INFO - [2025-04-27T00:20:08.235+0000] {dagbag.py:588} INFO - Filling up the DagBag from /home/airflow/.local/lib/python3.10/site-packages/airflow/example_dags/example_latest_only_with_trigger.py
[2025-04-27T00:20:08.243+0000] {processor.py:925} INFO - DAG(s) 'latest_only_with_trigger' retrieved from /home/airflow/.local/lib/python3.10/site-packages/airflow/example_dags/example_latest_only_with_trigger.py
[2025-04-27T00:20:08.263+0000] {logging_mixin.py:190} INFO - [2025-04-27T00:20:08.263+0000] {dag.py:3239} INFO - Sync 1 DAGs
[2025-04-27T00:20:08.285+0000] {logging_mixin.py:190} INFO - [2025-04-27T00:20:08.285+0000] {dag.py:4180} INFO - Setting next_dagrun for latest_only_with_trigger to 2025-04-26 20:00:00+00:00, run_after=2025-04-27 00:00:00+00:00
[2025-04-27T00:20:08.302+0000] {processor.py:208} INFO - Processing /home/airflow/.local/lib/python3.10/site-packages/airflow/example_dags/example_latest_only_with_trigger.py took 0.077 seconds
[2025-04-27T00:20:38.736+0000] {processor.py:186} INFO - Started process (PID=22950) to work on /home/airflow/.local/lib/python3.10/site-packages/airflow/example_dags/example_latest_only_with_trigger.py
[2025-04-27T00:20:38.738+0000] {processor.py:914} INFO - Processing file /home/airflow/.local/lib/python3.10/site-packages/airflow/example_dags/example_latest_only_with_trigger.py for tasks to queue
[2025-04-27T00:20:38.740+0000] {logging_mixin.py:190} INFO - [2025-04-27T00:20:38.740+0000] {dagbag.py:588} INFO - Filling up the DagBag from /home/airflow/.local/lib/python3.10/site-packages/airflow/example_dags/example_latest_only_with_trigger.py
[2025-04-27T00:20:38.749+0000] {processor.py:925} INFO - DAG(s) 'latest_only_with_trigger' retrieved from /home/airflow/.local/lib/python3.10/site-packages/airflow/example_dags/example_latest_only_with_trigger.py
[2025-04-27T00:20:38.777+0000] {logging_mixin.py:190} INFO - [2025-04-27T00:20:38.776+0000] {dag.py:3239} INFO - Sync 1 DAGs
[2025-04-27T00:20:38.807+0000] {logging_mixin.py:190} INFO - [2025-04-27T00:20:38.807+0000] {dag.py:4180} INFO - Setting next_dagrun for latest_only_with_trigger to 2025-04-26 20:00:00+00:00, run_after=2025-04-27 00:00:00+00:00
[2025-04-27T00:20:38.834+0000] {processor.py:208} INFO - Processing /home/airflow/.local/lib/python3.10/site-packages/airflow/example_dags/example_latest_only_with_trigger.py took 0.107 seconds
[2025-04-27T00:21:09.564+0000] {processor.py:186} INFO - Started process (PID=23016) to work on /home/airflow/.local/lib/python3.10/site-packages/airflow/example_dags/example_latest_only_with_trigger.py
[2025-04-27T00:21:09.566+0000] {processor.py:914} INFO - Processing file /home/airflow/.local/lib/python3.10/site-packages/airflow/example_dags/example_latest_only_with_trigger.py for tasks to queue
[2025-04-27T00:21:09.569+0000] {logging_mixin.py:190} INFO - [2025-04-27T00:21:09.568+0000] {dagbag.py:588} INFO - Filling up the DagBag from /home/airflow/.local/lib/python3.10/site-packages/airflow/example_dags/example_latest_only_with_trigger.py
[2025-04-27T00:21:09.577+0000] {processor.py:925} INFO - DAG(s) 'latest_only_with_trigger' retrieved from /home/airflow/.local/lib/python3.10/site-packages/airflow/example_dags/example_latest_only_with_trigger.py
[2025-04-27T00:21:09.600+0000] {logging_mixin.py:190} INFO - [2025-04-27T00:21:09.600+0000] {dag.py:3239} INFO - Sync 1 DAGs
[2025-04-27T00:21:09.628+0000] {logging_mixin.py:190} INFO - [2025-04-27T00:21:09.627+0000] {dag.py:4180} INFO - Setting next_dagrun for latest_only_with_trigger to 2025-04-26 20:00:00+00:00, run_after=2025-04-27 00:00:00+00:00
[2025-04-27T00:21:09.651+0000] {processor.py:208} INFO - Processing /home/airflow/.local/lib/python3.10/site-packages/airflow/example_dags/example_latest_only_with_trigger.py took 0.094 seconds
[2025-04-27T00:21:41.158+0000] {processor.py:186} INFO - Started process (PID=23082) to work on /home/airflow/.local/lib/python3.10/site-packages/airflow/example_dags/example_latest_only_with_trigger.py
[2025-04-27T00:21:41.159+0000] {processor.py:914} INFO - Processing file /home/airflow/.local/lib/python3.10/site-packages/airflow/example_dags/example_latest_only_with_trigger.py for tasks to queue
[2025-04-27T00:21:41.164+0000] {logging_mixin.py:190} INFO - [2025-04-27T00:21:41.163+0000] {dagbag.py:588} INFO - Filling up the DagBag from /home/airflow/.local/lib/python3.10/site-packages/airflow/example_dags/example_latest_only_with_trigger.py
[2025-04-27T00:21:41.173+0000] {processor.py:925} INFO - DAG(s) 'latest_only_with_trigger' retrieved from /home/airflow/.local/lib/python3.10/site-packages/airflow/example_dags/example_latest_only_with_trigger.py
[2025-04-27T00:21:41.199+0000] {logging_mixin.py:190} INFO - [2025-04-27T00:21:41.198+0000] {dag.py:3239} INFO - Sync 1 DAGs
[2025-04-27T00:21:41.220+0000] {logging_mixin.py:190} INFO - [2025-04-27T00:21:41.220+0000] {dag.py:4180} INFO - Setting next_dagrun for latest_only_with_trigger to 2025-04-26 20:00:00+00:00, run_after=2025-04-27 00:00:00+00:00
[2025-04-27T00:21:41.236+0000] {processor.py:208} INFO - Processing /home/airflow/.local/lib/python3.10/site-packages/airflow/example_dags/example_latest_only_with_trigger.py took 0.087 seconds
[2025-04-27T00:22:11.681+0000] {processor.py:186} INFO - Started process (PID=23148) to work on /home/airflow/.local/lib/python3.10/site-packages/airflow/example_dags/example_latest_only_with_trigger.py
[2025-04-27T00:22:11.682+0000] {processor.py:914} INFO - Processing file /home/airflow/.local/lib/python3.10/site-packages/airflow/example_dags/example_latest_only_with_trigger.py for tasks to queue
[2025-04-27T00:22:11.685+0000] {logging_mixin.py:190} INFO - [2025-04-27T00:22:11.684+0000] {dagbag.py:588} INFO - Filling up the DagBag from /home/airflow/.local/lib/python3.10/site-packages/airflow/example_dags/example_latest_only_with_trigger.py
[2025-04-27T00:22:11.693+0000] {processor.py:925} INFO - DAG(s) 'latest_only_with_trigger' retrieved from /home/airflow/.local/lib/python3.10/site-packages/airflow/example_dags/example_latest_only_with_trigger.py
[2025-04-27T00:22:11.713+0000] {logging_mixin.py:190} INFO - [2025-04-27T00:22:11.713+0000] {dag.py:3239} INFO - Sync 1 DAGs
[2025-04-27T00:22:11.738+0000] {logging_mixin.py:190} INFO - [2025-04-27T00:22:11.738+0000] {dag.py:4180} INFO - Setting next_dagrun for latest_only_with_trigger to 2025-04-26 20:00:00+00:00, run_after=2025-04-27 00:00:00+00:00
[2025-04-27T00:22:11.758+0000] {processor.py:208} INFO - Processing /home/airflow/.local/lib/python3.10/site-packages/airflow/example_dags/example_latest_only_with_trigger.py took 0.085 seconds
[2025-04-27T00:22:42.021+0000] {processor.py:186} INFO - Started process (PID=23214) to work on /home/airflow/.local/lib/python3.10/site-packages/airflow/example_dags/example_latest_only_with_trigger.py
[2025-04-27T00:22:42.022+0000] {processor.py:914} INFO - Processing file /home/airflow/.local/lib/python3.10/site-packages/airflow/example_dags/example_latest_only_with_trigger.py for tasks to queue
[2025-04-27T00:22:42.025+0000] {logging_mixin.py:190} INFO - [2025-04-27T00:22:42.025+0000] {dagbag.py:588} INFO - Filling up the DagBag from /home/airflow/.local/lib/python3.10/site-packages/airflow/example_dags/example_latest_only_with_trigger.py
[2025-04-27T00:22:42.033+0000] {processor.py:925} INFO - DAG(s) 'latest_only_with_trigger' retrieved from /home/airflow/.local/lib/python3.10/site-packages/airflow/example_dags/example_latest_only_with_trigger.py
[2025-04-27T00:22:42.055+0000] {logging_mixin.py:190} INFO - [2025-04-27T00:22:42.055+0000] {dag.py:3239} INFO - Sync 1 DAGs
[2025-04-27T00:22:42.080+0000] {logging_mixin.py:190} INFO - [2025-04-27T00:22:42.080+0000] {dag.py:4180} INFO - Setting next_dagrun for latest_only_with_trigger to 2025-04-26 20:00:00+00:00, run_after=2025-04-27 00:00:00+00:00
[2025-04-27T00:22:42.100+0000] {processor.py:208} INFO - Processing /home/airflow/.local/lib/python3.10/site-packages/airflow/example_dags/example_latest_only_with_trigger.py took 0.084 seconds
[2025-04-27T00:23:13.601+0000] {processor.py:186} INFO - Started process (PID=23280) to work on /home/airflow/.local/lib/python3.10/site-packages/airflow/example_dags/example_latest_only_with_trigger.py
[2025-04-27T00:23:13.602+0000] {processor.py:914} INFO - Processing file /home/airflow/.local/lib/python3.10/site-packages/airflow/example_dags/example_latest_only_with_trigger.py for tasks to queue
[2025-04-27T00:23:13.604+0000] {logging_mixin.py:190} INFO - [2025-04-27T00:23:13.604+0000] {dagbag.py:588} INFO - Filling up the DagBag from /home/airflow/.local/lib/python3.10/site-packages/airflow/example_dags/example_latest_only_with_trigger.py
[2025-04-27T00:23:13.611+0000] {processor.py:925} INFO - DAG(s) 'latest_only_with_trigger' retrieved from /home/airflow/.local/lib/python3.10/site-packages/airflow/example_dags/example_latest_only_with_trigger.py
[2025-04-27T00:23:13.630+0000] {logging_mixin.py:190} INFO - [2025-04-27T00:23:13.630+0000] {dag.py:3239} INFO - Sync 1 DAGs
[2025-04-27T00:23:13.654+0000] {logging_mixin.py:190} INFO - [2025-04-27T00:23:13.654+0000] {dag.py:4180} INFO - Setting next_dagrun for latest_only_with_trigger to 2025-04-26 20:00:00+00:00, run_after=2025-04-27 00:00:00+00:00
[2025-04-27T00:23:13.673+0000] {processor.py:208} INFO - Processing /home/airflow/.local/lib/python3.10/site-packages/airflow/example_dags/example_latest_only_with_trigger.py took 0.078 seconds
[2025-04-27T00:23:44.664+0000] {processor.py:186} INFO - Started process (PID=23346) to work on /home/airflow/.local/lib/python3.10/site-packages/airflow/example_dags/example_latest_only_with_trigger.py
[2025-04-27T00:23:44.665+0000] {processor.py:914} INFO - Processing file /home/airflow/.local/lib/python3.10/site-packages/airflow/example_dags/example_latest_only_with_trigger.py for tasks to queue
[2025-04-27T00:23:44.668+0000] {logging_mixin.py:190} INFO - [2025-04-27T00:23:44.667+0000] {dagbag.py:588} INFO - Filling up the DagBag from /home/airflow/.local/lib/python3.10/site-packages/airflow/example_dags/example_latest_only_with_trigger.py
[2025-04-27T00:23:44.675+0000] {processor.py:925} INFO - DAG(s) 'latest_only_with_trigger' retrieved from /home/airflow/.local/lib/python3.10/site-packages/airflow/example_dags/example_latest_only_with_trigger.py
[2025-04-27T00:23:44.696+0000] {logging_mixin.py:190} INFO - [2025-04-27T00:23:44.696+0000] {dag.py:3239} INFO - Sync 1 DAGs
[2025-04-27T00:23:44.719+0000] {logging_mixin.py:190} INFO - [2025-04-27T00:23:44.718+0000] {dag.py:4180} INFO - Setting next_dagrun for latest_only_with_trigger to 2025-04-26 20:00:00+00:00, run_after=2025-04-27 00:00:00+00:00
[2025-04-27T00:23:44.739+0000] {processor.py:208} INFO - Processing /home/airflow/.local/lib/python3.10/site-packages/airflow/example_dags/example_latest_only_with_trigger.py took 0.082 seconds
[2025-04-27T00:24:15.618+0000] {processor.py:186} INFO - Started process (PID=23412) to work on /home/airflow/.local/lib/python3.10/site-packages/airflow/example_dags/example_latest_only_with_trigger.py
[2025-04-27T00:24:15.619+0000] {processor.py:914} INFO - Processing file /home/airflow/.local/lib/python3.10/site-packages/airflow/example_dags/example_latest_only_with_trigger.py for tasks to queue
[2025-04-27T00:24:15.622+0000] {logging_mixin.py:190} INFO - [2025-04-27T00:24:15.621+0000] {dagbag.py:588} INFO - Filling up the DagBag from /home/airflow/.local/lib/python3.10/site-packages/airflow/example_dags/example_latest_only_with_trigger.py
[2025-04-27T00:24:15.629+0000] {processor.py:925} INFO - DAG(s) 'latest_only_with_trigger' retrieved from /home/airflow/.local/lib/python3.10/site-packages/airflow/example_dags/example_latest_only_with_trigger.py
[2025-04-27T00:24:15.652+0000] {logging_mixin.py:190} INFO - [2025-04-27T00:24:15.652+0000] {dag.py:3239} INFO - Sync 1 DAGs
[2025-04-27T00:24:15.679+0000] {logging_mixin.py:190} INFO - [2025-04-27T00:24:15.679+0000] {dag.py:4180} INFO - Setting next_dagrun for latest_only_with_trigger to 2025-04-26 20:00:00+00:00, run_after=2025-04-27 00:00:00+00:00
[2025-04-27T00:24:15.701+0000] {processor.py:208} INFO - Processing /home/airflow/.local/lib/python3.10/site-packages/airflow/example_dags/example_latest_only_with_trigger.py took 0.090 seconds
[2025-04-27T00:24:46.459+0000] {processor.py:186} INFO - Started process (PID=23478) to work on /home/airflow/.local/lib/python3.10/site-packages/airflow/example_dags/example_latest_only_with_trigger.py
[2025-04-27T00:24:46.460+0000] {processor.py:914} INFO - Processing file /home/airflow/.local/lib/python3.10/site-packages/airflow/example_dags/example_latest_only_with_trigger.py for tasks to queue
[2025-04-27T00:24:46.463+0000] {logging_mixin.py:190} INFO - [2025-04-27T00:24:46.463+0000] {dagbag.py:588} INFO - Filling up the DagBag from /home/airflow/.local/lib/python3.10/site-packages/airflow/example_dags/example_latest_only_with_trigger.py
[2025-04-27T00:24:46.472+0000] {processor.py:925} INFO - DAG(s) 'latest_only_with_trigger' retrieved from /home/airflow/.local/lib/python3.10/site-packages/airflow/example_dags/example_latest_only_with_trigger.py
[2025-04-27T00:24:46.497+0000] {logging_mixin.py:190} INFO - [2025-04-27T00:24:46.497+0000] {dag.py:3239} INFO - Sync 1 DAGs
[2025-04-27T00:24:46.526+0000] {logging_mixin.py:190} INFO - [2025-04-27T00:24:46.526+0000] {dag.py:4180} INFO - Setting next_dagrun for latest_only_with_trigger to 2025-04-26 20:00:00+00:00, run_after=2025-04-27 00:00:00+00:00
[2025-04-27T00:24:46.555+0000] {processor.py:208} INFO - Processing /home/airflow/.local/lib/python3.10/site-packages/airflow/example_dags/example_latest_only_with_trigger.py took 0.105 seconds
[2025-04-27T00:25:17.789+0000] {processor.py:186} INFO - Started process (PID=23543) to work on /home/airflow/.local/lib/python3.10/site-packages/airflow/example_dags/example_latest_only_with_trigger.py
[2025-04-27T00:25:17.790+0000] {processor.py:914} INFO - Processing file /home/airflow/.local/lib/python3.10/site-packages/airflow/example_dags/example_latest_only_with_trigger.py for tasks to queue
[2025-04-27T00:25:17.792+0000] {logging_mixin.py:190} INFO - [2025-04-27T00:25:17.792+0000] {dagbag.py:588} INFO - Filling up the DagBag from /home/airflow/.local/lib/python3.10/site-packages/airflow/example_dags/example_latest_only_with_trigger.py
[2025-04-27T00:25:17.799+0000] {processor.py:925} INFO - DAG(s) 'latest_only_with_trigger' retrieved from /home/airflow/.local/lib/python3.10/site-packages/airflow/example_dags/example_latest_only_with_trigger.py
[2025-04-27T00:25:17.819+0000] {logging_mixin.py:190} INFO - [2025-04-27T00:25:17.819+0000] {dag.py:3239} INFO - Sync 1 DAGs
[2025-04-27T00:25:17.844+0000] {logging_mixin.py:190} INFO - [2025-04-27T00:25:17.844+0000] {dag.py:4180} INFO - Setting next_dagrun for latest_only_with_trigger to 2025-04-26 20:00:00+00:00, run_after=2025-04-27 00:00:00+00:00
[2025-04-27T00:25:17.863+0000] {processor.py:208} INFO - Processing /home/airflow/.local/lib/python3.10/site-packages/airflow/example_dags/example_latest_only_with_trigger.py took 0.080 seconds
