[2025-04-27T00:00:15.362+0000] {processor.py:186} INFO - Started process (PID=20307) to work on /home/airflow/.local/lib/python3.10/site-packages/airflow/example_dags/example_complex.py
[2025-04-27T00:00:15.364+0000] {processor.py:914} INFO - Processing file /home/airflow/.local/lib/python3.10/site-packages/airflow/example_dags/example_complex.py for tasks to queue
[2025-04-27T00:00:15.366+0000] {logging_mixin.py:190} INFO - [2025-04-27T00:00:15.366+0000] {dagbag.py:588} INFO - Filling up the DagBag from /home/airflow/.local/lib/python3.10/site-packages/airflow/example_dags/example_complex.py
[2025-04-27T00:00:15.380+0000] {processor.py:925} INFO - DAG(s) 'example_complex' retrieved from /home/airflow/.local/lib/python3.10/site-packages/airflow/example_dags/example_complex.py
[2025-04-27T00:00:15.416+0000] {logging_mixin.py:190} INFO - [2025-04-27T00:00:15.416+0000] {dag.py:3239} INFO - Sync 1 DAGs
[2025-04-27T00:00:15.435+0000] {logging_mixin.py:190} INFO - [2025-04-27T00:00:15.434+0000] {dag.py:4180} INFO - Setting next_dagrun for example_complex to None, run_after=None
[2025-04-27T00:00:15.456+0000] {processor.py:208} INFO - Processing /home/airflow/.local/lib/python3.10/site-packages/airflow/example_dags/example_complex.py took 0.101 seconds
[2025-04-27T00:00:45.651+0000] {processor.py:186} INFO - Started process (PID=20373) to work on /home/airflow/.local/lib/python3.10/site-packages/airflow/example_dags/example_complex.py
[2025-04-27T00:00:45.653+0000] {processor.py:914} INFO - Processing file /home/airflow/.local/lib/python3.10/site-packages/airflow/example_dags/example_complex.py for tasks to queue
[2025-04-27T00:00:45.655+0000] {logging_mixin.py:190} INFO - [2025-04-27T00:00:45.655+0000] {dagbag.py:588} INFO - Filling up the DagBag from /home/airflow/.local/lib/python3.10/site-packages/airflow/example_dags/example_complex.py
[2025-04-27T00:00:45.668+0000] {processor.py:925} INFO - DAG(s) 'example_complex' retrieved from /home/airflow/.local/lib/python3.10/site-packages/airflow/example_dags/example_complex.py
[2025-04-27T00:00:45.700+0000] {logging_mixin.py:190} INFO - [2025-04-27T00:00:45.700+0000] {dag.py:3239} INFO - Sync 1 DAGs
[2025-04-27T00:00:45.714+0000] {logging_mixin.py:190} INFO - [2025-04-27T00:00:45.714+0000] {dag.py:4180} INFO - Setting next_dagrun for example_complex to None, run_after=None
[2025-04-27T00:00:45.733+0000] {processor.py:208} INFO - Processing /home/airflow/.local/lib/python3.10/site-packages/airflow/example_dags/example_complex.py took 0.088 seconds
[2025-04-27T00:01:15.982+0000] {processor.py:186} INFO - Started process (PID=20438) to work on /home/airflow/.local/lib/python3.10/site-packages/airflow/example_dags/example_complex.py
[2025-04-27T00:01:15.983+0000] {processor.py:914} INFO - Processing file /home/airflow/.local/lib/python3.10/site-packages/airflow/example_dags/example_complex.py for tasks to queue
[2025-04-27T00:01:15.985+0000] {logging_mixin.py:190} INFO - [2025-04-27T00:01:15.985+0000] {dagbag.py:588} INFO - Filling up the DagBag from /home/airflow/.local/lib/python3.10/site-packages/airflow/example_dags/example_complex.py
[2025-04-27T00:01:15.999+0000] {processor.py:925} INFO - DAG(s) 'example_complex' retrieved from /home/airflow/.local/lib/python3.10/site-packages/airflow/example_dags/example_complex.py
[2025-04-27T00:01:16.034+0000] {logging_mixin.py:190} INFO - [2025-04-27T00:01:16.034+0000] {dag.py:3239} INFO - Sync 1 DAGs
[2025-04-27T00:01:16.051+0000] {logging_mixin.py:190} INFO - [2025-04-27T00:01:16.050+0000] {dag.py:4180} INFO - Setting next_dagrun for example_complex to None, run_after=None
[2025-04-27T00:01:16.071+0000] {processor.py:208} INFO - Processing /home/airflow/.local/lib/python3.10/site-packages/airflow/example_dags/example_complex.py took 0.096 seconds
[2025-04-27T00:01:46.598+0000] {processor.py:186} INFO - Started process (PID=20501) to work on /home/airflow/.local/lib/python3.10/site-packages/airflow/example_dags/example_complex.py
[2025-04-27T00:01:46.599+0000] {processor.py:914} INFO - Processing file /home/airflow/.local/lib/python3.10/site-packages/airflow/example_dags/example_complex.py for tasks to queue
[2025-04-27T00:01:46.602+0000] {logging_mixin.py:190} INFO - [2025-04-27T00:01:46.601+0000] {dagbag.py:588} INFO - Filling up the DagBag from /home/airflow/.local/lib/python3.10/site-packages/airflow/example_dags/example_complex.py
[2025-04-27T00:01:46.617+0000] {processor.py:925} INFO - DAG(s) 'example_complex' retrieved from /home/airflow/.local/lib/python3.10/site-packages/airflow/example_dags/example_complex.py
[2025-04-27T00:01:46.659+0000] {logging_mixin.py:190} INFO - [2025-04-27T00:01:46.658+0000] {dag.py:3239} INFO - Sync 1 DAGs
[2025-04-27T00:01:46.678+0000] {logging_mixin.py:190} INFO - [2025-04-27T00:01:46.677+0000] {dag.py:4180} INFO - Setting next_dagrun for example_complex to None, run_after=None
[2025-04-27T00:01:46.702+0000] {processor.py:208} INFO - Processing /home/airflow/.local/lib/python3.10/site-packages/airflow/example_dags/example_complex.py took 0.112 seconds
[2025-04-27T00:02:16.848+0000] {processor.py:186} INFO - Started process (PID=20567) to work on /home/airflow/.local/lib/python3.10/site-packages/airflow/example_dags/example_complex.py
[2025-04-27T00:02:16.849+0000] {processor.py:914} INFO - Processing file /home/airflow/.local/lib/python3.10/site-packages/airflow/example_dags/example_complex.py for tasks to queue
[2025-04-27T00:02:16.852+0000] {logging_mixin.py:190} INFO - [2025-04-27T00:02:16.851+0000] {dagbag.py:588} INFO - Filling up the DagBag from /home/airflow/.local/lib/python3.10/site-packages/airflow/example_dags/example_complex.py
[2025-04-27T00:02:16.866+0000] {processor.py:925} INFO - DAG(s) 'example_complex' retrieved from /home/airflow/.local/lib/python3.10/site-packages/airflow/example_dags/example_complex.py
[2025-04-27T00:02:16.899+0000] {logging_mixin.py:190} INFO - [2025-04-27T00:02:16.899+0000] {dag.py:3239} INFO - Sync 1 DAGs
[2025-04-27T00:02:16.914+0000] {logging_mixin.py:190} INFO - [2025-04-27T00:02:16.914+0000] {dag.py:4180} INFO - Setting next_dagrun for example_complex to None, run_after=None
[2025-04-27T00:02:16.935+0000] {processor.py:208} INFO - Processing /home/airflow/.local/lib/python3.10/site-packages/airflow/example_dags/example_complex.py took 0.094 seconds
[2025-04-27T00:02:47.422+0000] {processor.py:186} INFO - Started process (PID=20628) to work on /home/airflow/.local/lib/python3.10/site-packages/airflow/example_dags/example_complex.py
[2025-04-27T00:02:47.423+0000] {processor.py:914} INFO - Processing file /home/airflow/.local/lib/python3.10/site-packages/airflow/example_dags/example_complex.py for tasks to queue
[2025-04-27T00:02:47.426+0000] {logging_mixin.py:190} INFO - [2025-04-27T00:02:47.425+0000] {dagbag.py:588} INFO - Filling up the DagBag from /home/airflow/.local/lib/python3.10/site-packages/airflow/example_dags/example_complex.py
[2025-04-27T00:02:47.439+0000] {processor.py:925} INFO - DAG(s) 'example_complex' retrieved from /home/airflow/.local/lib/python3.10/site-packages/airflow/example_dags/example_complex.py
[2025-04-27T00:02:47.474+0000] {logging_mixin.py:190} INFO - [2025-04-27T00:02:47.473+0000] {dag.py:3239} INFO - Sync 1 DAGs
[2025-04-27T00:02:47.489+0000] {logging_mixin.py:190} INFO - [2025-04-27T00:02:47.489+0000] {dag.py:4180} INFO - Setting next_dagrun for example_complex to None, run_after=None
[2025-04-27T00:02:47.510+0000] {processor.py:208} INFO - Processing /home/airflow/.local/lib/python3.10/site-packages/airflow/example_dags/example_complex.py took 0.094 seconds
[2025-04-27T00:03:17.967+0000] {processor.py:186} INFO - Started process (PID=20692) to work on /home/airflow/.local/lib/python3.10/site-packages/airflow/example_dags/example_complex.py
[2025-04-27T00:03:17.968+0000] {processor.py:914} INFO - Processing file /home/airflow/.local/lib/python3.10/site-packages/airflow/example_dags/example_complex.py for tasks to queue
[2025-04-27T00:03:17.971+0000] {logging_mixin.py:190} INFO - [2025-04-27T00:03:17.970+0000] {dagbag.py:588} INFO - Filling up the DagBag from /home/airflow/.local/lib/python3.10/site-packages/airflow/example_dags/example_complex.py
[2025-04-27T00:03:17.984+0000] {processor.py:925} INFO - DAG(s) 'example_complex' retrieved from /home/airflow/.local/lib/python3.10/site-packages/airflow/example_dags/example_complex.py
[2025-04-27T00:03:18.026+0000] {logging_mixin.py:190} INFO - [2025-04-27T00:03:18.025+0000] {dag.py:3239} INFO - Sync 1 DAGs
[2025-04-27T00:03:18.043+0000] {logging_mixin.py:190} INFO - [2025-04-27T00:03:18.043+0000] {dag.py:4180} INFO - Setting next_dagrun for example_complex to None, run_after=None
[2025-04-27T00:03:18.066+0000] {processor.py:208} INFO - Processing /home/airflow/.local/lib/python3.10/site-packages/airflow/example_dags/example_complex.py took 0.106 seconds
[2025-04-27T00:03:48.280+0000] {processor.py:186} INFO - Started process (PID=20758) to work on /home/airflow/.local/lib/python3.10/site-packages/airflow/example_dags/example_complex.py
[2025-04-27T00:03:48.282+0000] {processor.py:914} INFO - Processing file /home/airflow/.local/lib/python3.10/site-packages/airflow/example_dags/example_complex.py for tasks to queue
[2025-04-27T00:03:48.284+0000] {logging_mixin.py:190} INFO - [2025-04-27T00:03:48.284+0000] {dagbag.py:588} INFO - Filling up the DagBag from /home/airflow/.local/lib/python3.10/site-packages/airflow/example_dags/example_complex.py
[2025-04-27T00:03:48.299+0000] {processor.py:925} INFO - DAG(s) 'example_complex' retrieved from /home/airflow/.local/lib/python3.10/site-packages/airflow/example_dags/example_complex.py
[2025-04-27T00:03:48.336+0000] {logging_mixin.py:190} INFO - [2025-04-27T00:03:48.335+0000] {dag.py:3239} INFO - Sync 1 DAGs
[2025-04-27T00:03:48.350+0000] {logging_mixin.py:190} INFO - [2025-04-27T00:03:48.349+0000] {dag.py:4180} INFO - Setting next_dagrun for example_complex to None, run_after=None
[2025-04-27T00:03:48.368+0000] {processor.py:208} INFO - Processing /home/airflow/.local/lib/python3.10/site-packages/airflow/example_dags/example_complex.py took 0.094 seconds
[2025-04-27T00:04:19.079+0000] {processor.py:186} INFO - Started process (PID=20823) to work on /home/airflow/.local/lib/python3.10/site-packages/airflow/example_dags/example_complex.py
[2025-04-27T00:04:19.080+0000] {processor.py:914} INFO - Processing file /home/airflow/.local/lib/python3.10/site-packages/airflow/example_dags/example_complex.py for tasks to queue
[2025-04-27T00:04:19.082+0000] {logging_mixin.py:190} INFO - [2025-04-27T00:04:19.082+0000] {dagbag.py:588} INFO - Filling up the DagBag from /home/airflow/.local/lib/python3.10/site-packages/airflow/example_dags/example_complex.py
[2025-04-27T00:04:19.094+0000] {processor.py:925} INFO - DAG(s) 'example_complex' retrieved from /home/airflow/.local/lib/python3.10/site-packages/airflow/example_dags/example_complex.py
[2025-04-27T00:04:19.126+0000] {logging_mixin.py:190} INFO - [2025-04-27T00:04:19.126+0000] {dag.py:3239} INFO - Sync 1 DAGs
[2025-04-27T00:04:19.142+0000] {logging_mixin.py:190} INFO - [2025-04-27T00:04:19.142+0000] {dag.py:4180} INFO - Setting next_dagrun for example_complex to None, run_after=None
[2025-04-27T00:04:19.161+0000] {processor.py:208} INFO - Processing /home/airflow/.local/lib/python3.10/site-packages/airflow/example_dags/example_complex.py took 0.089 seconds
[2025-04-27T00:04:49.389+0000] {processor.py:186} INFO - Started process (PID=20888) to work on /home/airflow/.local/lib/python3.10/site-packages/airflow/example_dags/example_complex.py
[2025-04-27T00:04:49.390+0000] {processor.py:914} INFO - Processing file /home/airflow/.local/lib/python3.10/site-packages/airflow/example_dags/example_complex.py for tasks to queue
[2025-04-27T00:04:49.392+0000] {logging_mixin.py:190} INFO - [2025-04-27T00:04:49.392+0000] {dagbag.py:588} INFO - Filling up the DagBag from /home/airflow/.local/lib/python3.10/site-packages/airflow/example_dags/example_complex.py
[2025-04-27T00:04:49.405+0000] {processor.py:925} INFO - DAG(s) 'example_complex' retrieved from /home/airflow/.local/lib/python3.10/site-packages/airflow/example_dags/example_complex.py
[2025-04-27T00:04:49.437+0000] {logging_mixin.py:190} INFO - [2025-04-27T00:04:49.437+0000] {dag.py:3239} INFO - Sync 1 DAGs
[2025-04-27T00:04:49.451+0000] {logging_mixin.py:190} INFO - [2025-04-27T00:04:49.451+0000] {dag.py:4180} INFO - Setting next_dagrun for example_complex to None, run_after=None
[2025-04-27T00:04:49.468+0000] {processor.py:208} INFO - Processing /home/airflow/.local/lib/python3.10/site-packages/airflow/example_dags/example_complex.py took 0.085 seconds
[2025-04-27T00:05:20.559+0000] {processor.py:186} INFO - Started process (PID=20954) to work on /home/airflow/.local/lib/python3.10/site-packages/airflow/example_dags/example_complex.py
[2025-04-27T00:05:20.560+0000] {processor.py:914} INFO - Processing file /home/airflow/.local/lib/python3.10/site-packages/airflow/example_dags/example_complex.py for tasks to queue
[2025-04-27T00:05:20.562+0000] {logging_mixin.py:190} INFO - [2025-04-27T00:05:20.562+0000] {dagbag.py:588} INFO - Filling up the DagBag from /home/airflow/.local/lib/python3.10/site-packages/airflow/example_dags/example_complex.py
[2025-04-27T00:05:20.575+0000] {processor.py:925} INFO - DAG(s) 'example_complex' retrieved from /home/airflow/.local/lib/python3.10/site-packages/airflow/example_dags/example_complex.py
[2025-04-27T00:05:20.614+0000] {logging_mixin.py:190} INFO - [2025-04-27T00:05:20.614+0000] {dag.py:3239} INFO - Sync 1 DAGs
[2025-04-27T00:05:20.635+0000] {logging_mixin.py:190} INFO - [2025-04-27T00:05:20.635+0000] {dag.py:4180} INFO - Setting next_dagrun for example_complex to None, run_after=None
[2025-04-27T00:05:20.660+0000] {processor.py:208} INFO - Processing /home/airflow/.local/lib/python3.10/site-packages/airflow/example_dags/example_complex.py took 0.109 seconds
[2025-04-27T00:05:51.366+0000] {processor.py:186} INFO - Started process (PID=21026) to work on /home/airflow/.local/lib/python3.10/site-packages/airflow/example_dags/example_complex.py
[2025-04-27T00:05:51.367+0000] {processor.py:914} INFO - Processing file /home/airflow/.local/lib/python3.10/site-packages/airflow/example_dags/example_complex.py for tasks to queue
[2025-04-27T00:05:51.369+0000] {logging_mixin.py:190} INFO - [2025-04-27T00:05:51.369+0000] {dagbag.py:588} INFO - Filling up the DagBag from /home/airflow/.local/lib/python3.10/site-packages/airflow/example_dags/example_complex.py
[2025-04-27T00:05:51.381+0000] {processor.py:925} INFO - DAG(s) 'example_complex' retrieved from /home/airflow/.local/lib/python3.10/site-packages/airflow/example_dags/example_complex.py
[2025-04-27T00:05:51.412+0000] {logging_mixin.py:190} INFO - [2025-04-27T00:05:51.412+0000] {dag.py:3239} INFO - Sync 1 DAGs
[2025-04-27T00:05:51.425+0000] {logging_mixin.py:190} INFO - [2025-04-27T00:05:51.424+0000] {dag.py:4180} INFO - Setting next_dagrun for example_complex to None, run_after=None
[2025-04-27T00:05:51.443+0000] {processor.py:208} INFO - Processing /home/airflow/.local/lib/python3.10/site-packages/airflow/example_dags/example_complex.py took 0.084 seconds
[2025-04-27T00:06:22.382+0000] {processor.py:186} INFO - Started process (PID=21092) to work on /home/airflow/.local/lib/python3.10/site-packages/airflow/example_dags/example_complex.py
[2025-04-27T00:06:22.384+0000] {processor.py:914} INFO - Processing file /home/airflow/.local/lib/python3.10/site-packages/airflow/example_dags/example_complex.py for tasks to queue
[2025-04-27T00:06:22.386+0000] {logging_mixin.py:190} INFO - [2025-04-27T00:06:22.386+0000] {dagbag.py:588} INFO - Filling up the DagBag from /home/airflow/.local/lib/python3.10/site-packages/airflow/example_dags/example_complex.py
[2025-04-27T00:06:22.400+0000] {processor.py:925} INFO - DAG(s) 'example_complex' retrieved from /home/airflow/.local/lib/python3.10/site-packages/airflow/example_dags/example_complex.py
[2025-04-27T00:06:22.441+0000] {logging_mixin.py:190} INFO - [2025-04-27T00:06:22.440+0000] {dag.py:3239} INFO - Sync 1 DAGs
[2025-04-27T00:06:22.459+0000] {logging_mixin.py:190} INFO - [2025-04-27T00:06:22.458+0000] {dag.py:4180} INFO - Setting next_dagrun for example_complex to None, run_after=None
[2025-04-27T00:06:22.482+0000] {processor.py:208} INFO - Processing /home/airflow/.local/lib/python3.10/site-packages/airflow/example_dags/example_complex.py took 0.107 seconds
[2025-04-27T00:06:52.545+0000] {processor.py:186} INFO - Started process (PID=21157) to work on /home/airflow/.local/lib/python3.10/site-packages/airflow/example_dags/example_complex.py
[2025-04-27T00:06:52.547+0000] {processor.py:914} INFO - Processing file /home/airflow/.local/lib/python3.10/site-packages/airflow/example_dags/example_complex.py for tasks to queue
[2025-04-27T00:06:52.549+0000] {logging_mixin.py:190} INFO - [2025-04-27T00:06:52.549+0000] {dagbag.py:588} INFO - Filling up the DagBag from /home/airflow/.local/lib/python3.10/site-packages/airflow/example_dags/example_complex.py
[2025-04-27T00:06:52.563+0000] {processor.py:925} INFO - DAG(s) 'example_complex' retrieved from /home/airflow/.local/lib/python3.10/site-packages/airflow/example_dags/example_complex.py
[2025-04-27T00:06:52.597+0000] {logging_mixin.py:190} INFO - [2025-04-27T00:06:52.596+0000] {dag.py:3239} INFO - Sync 1 DAGs
[2025-04-27T00:06:52.614+0000] {logging_mixin.py:190} INFO - [2025-04-27T00:06:52.614+0000] {dag.py:4180} INFO - Setting next_dagrun for example_complex to None, run_after=None
[2025-04-27T00:06:52.633+0000] {processor.py:208} INFO - Processing /home/airflow/.local/lib/python3.10/site-packages/airflow/example_dags/example_complex.py took 0.095 seconds
[2025-04-27T00:07:22.895+0000] {processor.py:186} INFO - Started process (PID=21224) to work on /home/airflow/.local/lib/python3.10/site-packages/airflow/example_dags/example_complex.py
[2025-04-27T00:07:22.896+0000] {processor.py:914} INFO - Processing file /home/airflow/.local/lib/python3.10/site-packages/airflow/example_dags/example_complex.py for tasks to queue
[2025-04-27T00:07:22.898+0000] {logging_mixin.py:190} INFO - [2025-04-27T00:07:22.898+0000] {dagbag.py:588} INFO - Filling up the DagBag from /home/airflow/.local/lib/python3.10/site-packages/airflow/example_dags/example_complex.py
[2025-04-27T00:07:22.910+0000] {processor.py:925} INFO - DAG(s) 'example_complex' retrieved from /home/airflow/.local/lib/python3.10/site-packages/airflow/example_dags/example_complex.py
[2025-04-27T00:07:22.942+0000] {logging_mixin.py:190} INFO - [2025-04-27T00:07:22.942+0000] {dag.py:3239} INFO - Sync 1 DAGs
[2025-04-27T00:07:22.956+0000] {logging_mixin.py:190} INFO - [2025-04-27T00:07:22.956+0000] {dag.py:4180} INFO - Setting next_dagrun for example_complex to None, run_after=None
[2025-04-27T00:07:22.973+0000] {processor.py:208} INFO - Processing /home/airflow/.local/lib/python3.10/site-packages/airflow/example_dags/example_complex.py took 0.083 seconds
[2025-04-27T00:07:53.051+0000] {processor.py:186} INFO - Started process (PID=21290) to work on /home/airflow/.local/lib/python3.10/site-packages/airflow/example_dags/example_complex.py
[2025-04-27T00:07:53.052+0000] {processor.py:914} INFO - Processing file /home/airflow/.local/lib/python3.10/site-packages/airflow/example_dags/example_complex.py for tasks to queue
[2025-04-27T00:07:53.055+0000] {logging_mixin.py:190} INFO - [2025-04-27T00:07:53.054+0000] {dagbag.py:588} INFO - Filling up the DagBag from /home/airflow/.local/lib/python3.10/site-packages/airflow/example_dags/example_complex.py
[2025-04-27T00:07:53.069+0000] {processor.py:925} INFO - DAG(s) 'example_complex' retrieved from /home/airflow/.local/lib/python3.10/site-packages/airflow/example_dags/example_complex.py
[2025-04-27T00:07:53.103+0000] {logging_mixin.py:190} INFO - [2025-04-27T00:07:53.102+0000] {dag.py:3239} INFO - Sync 1 DAGs
[2025-04-27T00:07:53.117+0000] {logging_mixin.py:190} INFO - [2025-04-27T00:07:53.116+0000] {dag.py:4180} INFO - Setting next_dagrun for example_complex to None, run_after=None
[2025-04-27T00:07:53.139+0000] {processor.py:208} INFO - Processing /home/airflow/.local/lib/python3.10/site-packages/airflow/example_dags/example_complex.py took 0.094 seconds
[2025-04-27T00:08:24.054+0000] {processor.py:186} INFO - Started process (PID=21356) to work on /home/airflow/.local/lib/python3.10/site-packages/airflow/example_dags/example_complex.py
[2025-04-27T00:08:24.055+0000] {processor.py:914} INFO - Processing file /home/airflow/.local/lib/python3.10/site-packages/airflow/example_dags/example_complex.py for tasks to queue
[2025-04-27T00:08:24.057+0000] {logging_mixin.py:190} INFO - [2025-04-27T00:08:24.057+0000] {dagbag.py:588} INFO - Filling up the DagBag from /home/airflow/.local/lib/python3.10/site-packages/airflow/example_dags/example_complex.py
[2025-04-27T00:08:24.070+0000] {processor.py:925} INFO - DAG(s) 'example_complex' retrieved from /home/airflow/.local/lib/python3.10/site-packages/airflow/example_dags/example_complex.py
[2025-04-27T00:08:24.101+0000] {logging_mixin.py:190} INFO - [2025-04-27T00:08:24.100+0000] {dag.py:3239} INFO - Sync 1 DAGs
[2025-04-27T00:08:24.115+0000] {logging_mixin.py:190} INFO - [2025-04-27T00:08:24.114+0000] {dag.py:4180} INFO - Setting next_dagrun for example_complex to None, run_after=None
[2025-04-27T00:08:24.134+0000] {processor.py:208} INFO - Processing /home/airflow/.local/lib/python3.10/site-packages/airflow/example_dags/example_complex.py took 0.085 seconds
[2025-04-27T00:08:54.607+0000] {processor.py:186} INFO - Started process (PID=21422) to work on /home/airflow/.local/lib/python3.10/site-packages/airflow/example_dags/example_complex.py
[2025-04-27T00:08:54.608+0000] {processor.py:914} INFO - Processing file /home/airflow/.local/lib/python3.10/site-packages/airflow/example_dags/example_complex.py for tasks to queue
[2025-04-27T00:08:54.610+0000] {logging_mixin.py:190} INFO - [2025-04-27T00:08:54.610+0000] {dagbag.py:588} INFO - Filling up the DagBag from /home/airflow/.local/lib/python3.10/site-packages/airflow/example_dags/example_complex.py
[2025-04-27T00:08:54.622+0000] {processor.py:925} INFO - DAG(s) 'example_complex' retrieved from /home/airflow/.local/lib/python3.10/site-packages/airflow/example_dags/example_complex.py
[2025-04-27T00:08:54.658+0000] {logging_mixin.py:190} INFO - [2025-04-27T00:08:54.657+0000] {dag.py:3239} INFO - Sync 1 DAGs
[2025-04-27T00:08:54.675+0000] {logging_mixin.py:190} INFO - [2025-04-27T00:08:54.675+0000] {dag.py:4180} INFO - Setting next_dagrun for example_complex to None, run_after=None
[2025-04-27T00:08:54.697+0000] {processor.py:208} INFO - Processing /home/airflow/.local/lib/python3.10/site-packages/airflow/example_dags/example_complex.py took 0.096 seconds
[2025-04-27T00:09:25.245+0000] {processor.py:186} INFO - Started process (PID=21488) to work on /home/airflow/.local/lib/python3.10/site-packages/airflow/example_dags/example_complex.py
[2025-04-27T00:09:25.246+0000] {processor.py:914} INFO - Processing file /home/airflow/.local/lib/python3.10/site-packages/airflow/example_dags/example_complex.py for tasks to queue
[2025-04-27T00:09:25.248+0000] {logging_mixin.py:190} INFO - [2025-04-27T00:09:25.248+0000] {dagbag.py:588} INFO - Filling up the DagBag from /home/airflow/.local/lib/python3.10/site-packages/airflow/example_dags/example_complex.py
[2025-04-27T00:09:25.265+0000] {processor.py:925} INFO - DAG(s) 'example_complex' retrieved from /home/airflow/.local/lib/python3.10/site-packages/airflow/example_dags/example_complex.py
[2025-04-27T00:09:25.297+0000] {logging_mixin.py:190} INFO - [2025-04-27T00:09:25.297+0000] {dag.py:3239} INFO - Sync 1 DAGs
[2025-04-27T00:09:25.313+0000] {logging_mixin.py:190} INFO - [2025-04-27T00:09:25.313+0000] {dag.py:4180} INFO - Setting next_dagrun for example_complex to None, run_after=None
[2025-04-27T00:09:25.333+0000] {processor.py:208} INFO - Processing /home/airflow/.local/lib/python3.10/site-packages/airflow/example_dags/example_complex.py took 0.094 seconds
[2025-04-27T00:09:56.267+0000] {processor.py:186} INFO - Started process (PID=21554) to work on /home/airflow/.local/lib/python3.10/site-packages/airflow/example_dags/example_complex.py
[2025-04-27T00:09:56.268+0000] {processor.py:914} INFO - Processing file /home/airflow/.local/lib/python3.10/site-packages/airflow/example_dags/example_complex.py for tasks to queue
[2025-04-27T00:09:56.271+0000] {logging_mixin.py:190} INFO - [2025-04-27T00:09:56.270+0000] {dagbag.py:588} INFO - Filling up the DagBag from /home/airflow/.local/lib/python3.10/site-packages/airflow/example_dags/example_complex.py
[2025-04-27T00:09:56.285+0000] {processor.py:925} INFO - DAG(s) 'example_complex' retrieved from /home/airflow/.local/lib/python3.10/site-packages/airflow/example_dags/example_complex.py
[2025-04-27T00:09:56.324+0000] {logging_mixin.py:190} INFO - [2025-04-27T00:09:56.324+0000] {dag.py:3239} INFO - Sync 1 DAGs
[2025-04-27T00:09:56.344+0000] {logging_mixin.py:190} INFO - [2025-04-27T00:09:56.344+0000] {dag.py:4180} INFO - Setting next_dagrun for example_complex to None, run_after=None
[2025-04-27T00:09:56.369+0000] {processor.py:208} INFO - Processing /home/airflow/.local/lib/python3.10/site-packages/airflow/example_dags/example_complex.py took 0.109 seconds
[2025-04-27T00:10:27.057+0000] {processor.py:186} INFO - Started process (PID=21620) to work on /home/airflow/.local/lib/python3.10/site-packages/airflow/example_dags/example_complex.py
[2025-04-27T00:10:27.065+0000] {processor.py:914} INFO - Processing file /home/airflow/.local/lib/python3.10/site-packages/airflow/example_dags/example_complex.py for tasks to queue
[2025-04-27T00:10:27.070+0000] {logging_mixin.py:190} INFO - [2025-04-27T00:10:27.069+0000] {dagbag.py:588} INFO - Filling up the DagBag from /home/airflow/.local/lib/python3.10/site-packages/airflow/example_dags/example_complex.py
[2025-04-27T00:10:27.094+0000] {processor.py:925} INFO - DAG(s) 'example_complex' retrieved from /home/airflow/.local/lib/python3.10/site-packages/airflow/example_dags/example_complex.py
[2025-04-27T00:10:27.139+0000] {logging_mixin.py:190} INFO - [2025-04-27T00:10:27.138+0000] {dag.py:3239} INFO - Sync 1 DAGs
[2025-04-27T00:10:27.161+0000] {logging_mixin.py:190} INFO - [2025-04-27T00:10:27.161+0000] {dag.py:4180} INFO - Setting next_dagrun for example_complex to None, run_after=None
[2025-04-27T00:10:27.198+0000] {processor.py:208} INFO - Processing /home/airflow/.local/lib/python3.10/site-packages/airflow/example_dags/example_complex.py took 0.151 seconds
[2025-04-27T00:10:57.964+0000] {processor.py:186} INFO - Started process (PID=21686) to work on /home/airflow/.local/lib/python3.10/site-packages/airflow/example_dags/example_complex.py
[2025-04-27T00:10:57.965+0000] {processor.py:914} INFO - Processing file /home/airflow/.local/lib/python3.10/site-packages/airflow/example_dags/example_complex.py for tasks to queue
[2025-04-27T00:10:57.968+0000] {logging_mixin.py:190} INFO - [2025-04-27T00:10:57.968+0000] {dagbag.py:588} INFO - Filling up the DagBag from /home/airflow/.local/lib/python3.10/site-packages/airflow/example_dags/example_complex.py
[2025-04-27T00:10:57.982+0000] {processor.py:925} INFO - DAG(s) 'example_complex' retrieved from /home/airflow/.local/lib/python3.10/site-packages/airflow/example_dags/example_complex.py
[2025-04-27T00:10:58.015+0000] {logging_mixin.py:190} INFO - [2025-04-27T00:10:58.015+0000] {dag.py:3239} INFO - Sync 1 DAGs
[2025-04-27T00:10:58.030+0000] {logging_mixin.py:190} INFO - [2025-04-27T00:10:58.030+0000] {dag.py:4180} INFO - Setting next_dagrun for example_complex to None, run_after=None
[2025-04-27T00:10:58.054+0000] {processor.py:208} INFO - Processing /home/airflow/.local/lib/python3.10/site-packages/airflow/example_dags/example_complex.py took 0.097 seconds
[2025-04-27T00:11:28.417+0000] {processor.py:186} INFO - Started process (PID=21752) to work on /home/airflow/.local/lib/python3.10/site-packages/airflow/example_dags/example_complex.py
[2025-04-27T00:11:28.418+0000] {processor.py:914} INFO - Processing file /home/airflow/.local/lib/python3.10/site-packages/airflow/example_dags/example_complex.py for tasks to queue
[2025-04-27T00:11:28.420+0000] {logging_mixin.py:190} INFO - [2025-04-27T00:11:28.420+0000] {dagbag.py:588} INFO - Filling up the DagBag from /home/airflow/.local/lib/python3.10/site-packages/airflow/example_dags/example_complex.py
[2025-04-27T00:11:28.434+0000] {processor.py:925} INFO - DAG(s) 'example_complex' retrieved from /home/airflow/.local/lib/python3.10/site-packages/airflow/example_dags/example_complex.py
[2025-04-27T00:11:28.472+0000] {logging_mixin.py:190} INFO - [2025-04-27T00:11:28.472+0000] {dag.py:3239} INFO - Sync 1 DAGs
[2025-04-27T00:11:28.488+0000] {logging_mixin.py:190} INFO - [2025-04-27T00:11:28.488+0000] {dag.py:4180} INFO - Setting next_dagrun for example_complex to None, run_after=None
[2025-04-27T00:11:28.516+0000] {processor.py:208} INFO - Processing /home/airflow/.local/lib/python3.10/site-packages/airflow/example_dags/example_complex.py took 0.106 seconds
[2025-04-27T00:11:58.891+0000] {processor.py:186} INFO - Started process (PID=21818) to work on /home/airflow/.local/lib/python3.10/site-packages/airflow/example_dags/example_complex.py
[2025-04-27T00:11:58.892+0000] {processor.py:914} INFO - Processing file /home/airflow/.local/lib/python3.10/site-packages/airflow/example_dags/example_complex.py for tasks to queue
[2025-04-27T00:11:58.894+0000] {logging_mixin.py:190} INFO - [2025-04-27T00:11:58.894+0000] {dagbag.py:588} INFO - Filling up the DagBag from /home/airflow/.local/lib/python3.10/site-packages/airflow/example_dags/example_complex.py
[2025-04-27T00:11:58.906+0000] {processor.py:925} INFO - DAG(s) 'example_complex' retrieved from /home/airflow/.local/lib/python3.10/site-packages/airflow/example_dags/example_complex.py
[2025-04-27T00:11:58.936+0000] {logging_mixin.py:190} INFO - [2025-04-27T00:11:58.935+0000] {dag.py:3239} INFO - Sync 1 DAGs
[2025-04-27T00:11:58.949+0000] {logging_mixin.py:190} INFO - [2025-04-27T00:11:58.949+0000] {dag.py:4180} INFO - Setting next_dagrun for example_complex to None, run_after=None
[2025-04-27T00:11:58.966+0000] {processor.py:208} INFO - Processing /home/airflow/.local/lib/python3.10/site-packages/airflow/example_dags/example_complex.py took 0.080 seconds
[2025-04-27T00:12:29.781+0000] {processor.py:186} INFO - Started process (PID=21884) to work on /home/airflow/.local/lib/python3.10/site-packages/airflow/example_dags/example_complex.py
[2025-04-27T00:12:29.782+0000] {processor.py:914} INFO - Processing file /home/airflow/.local/lib/python3.10/site-packages/airflow/example_dags/example_complex.py for tasks to queue
[2025-04-27T00:12:29.784+0000] {logging_mixin.py:190} INFO - [2025-04-27T00:12:29.784+0000] {dagbag.py:588} INFO - Filling up the DagBag from /home/airflow/.local/lib/python3.10/site-packages/airflow/example_dags/example_complex.py
[2025-04-27T00:12:29.797+0000] {processor.py:925} INFO - DAG(s) 'example_complex' retrieved from /home/airflow/.local/lib/python3.10/site-packages/airflow/example_dags/example_complex.py
[2025-04-27T00:12:29.831+0000] {logging_mixin.py:190} INFO - [2025-04-27T00:12:29.831+0000] {dag.py:3239} INFO - Sync 1 DAGs
[2025-04-27T00:12:29.850+0000] {logging_mixin.py:190} INFO - [2025-04-27T00:12:29.849+0000] {dag.py:4180} INFO - Setting next_dagrun for example_complex to None, run_after=None
[2025-04-27T00:12:29.873+0000] {processor.py:208} INFO - Processing /home/airflow/.local/lib/python3.10/site-packages/airflow/example_dags/example_complex.py took 0.098 seconds
[2025-04-27T00:13:00.437+0000] {processor.py:186} INFO - Started process (PID=21950) to work on /home/airflow/.local/lib/python3.10/site-packages/airflow/example_dags/example_complex.py
[2025-04-27T00:13:00.438+0000] {processor.py:914} INFO - Processing file /home/airflow/.local/lib/python3.10/site-packages/airflow/example_dags/example_complex.py for tasks to queue
[2025-04-27T00:13:00.440+0000] {logging_mixin.py:190} INFO - [2025-04-27T00:13:00.440+0000] {dagbag.py:588} INFO - Filling up the DagBag from /home/airflow/.local/lib/python3.10/site-packages/airflow/example_dags/example_complex.py
[2025-04-27T00:13:00.454+0000] {processor.py:925} INFO - DAG(s) 'example_complex' retrieved from /home/airflow/.local/lib/python3.10/site-packages/airflow/example_dags/example_complex.py
[2025-04-27T00:13:00.488+0000] {logging_mixin.py:190} INFO - [2025-04-27T00:13:00.488+0000] {dag.py:3239} INFO - Sync 1 DAGs
[2025-04-27T00:13:00.501+0000] {logging_mixin.py:190} INFO - [2025-04-27T00:13:00.501+0000] {dag.py:4180} INFO - Setting next_dagrun for example_complex to None, run_after=None
[2025-04-27T00:13:00.521+0000] {processor.py:208} INFO - Processing /home/airflow/.local/lib/python3.10/site-packages/airflow/example_dags/example_complex.py took 0.090 seconds
[2025-04-27T00:13:30.747+0000] {processor.py:186} INFO - Started process (PID=22016) to work on /home/airflow/.local/lib/python3.10/site-packages/airflow/example_dags/example_complex.py
[2025-04-27T00:13:30.748+0000] {processor.py:914} INFO - Processing file /home/airflow/.local/lib/python3.10/site-packages/airflow/example_dags/example_complex.py for tasks to queue
[2025-04-27T00:13:30.750+0000] {logging_mixin.py:190} INFO - [2025-04-27T00:13:30.750+0000] {dagbag.py:588} INFO - Filling up the DagBag from /home/airflow/.local/lib/python3.10/site-packages/airflow/example_dags/example_complex.py
[2025-04-27T00:13:30.763+0000] {processor.py:925} INFO - DAG(s) 'example_complex' retrieved from /home/airflow/.local/lib/python3.10/site-packages/airflow/example_dags/example_complex.py
[2025-04-27T00:13:30.797+0000] {logging_mixin.py:190} INFO - [2025-04-27T00:13:30.797+0000] {dag.py:3239} INFO - Sync 1 DAGs
[2025-04-27T00:13:30.811+0000] {logging_mixin.py:190} INFO - [2025-04-27T00:13:30.810+0000] {dag.py:4180} INFO - Setting next_dagrun for example_complex to None, run_after=None
[2025-04-27T00:13:30.829+0000] {processor.py:208} INFO - Processing /home/airflow/.local/lib/python3.10/site-packages/airflow/example_dags/example_complex.py took 0.090 seconds
[2025-04-27T00:14:01.250+0000] {processor.py:186} INFO - Started process (PID=22083) to work on /home/airflow/.local/lib/python3.10/site-packages/airflow/example_dags/example_complex.py
[2025-04-27T00:14:01.251+0000] {processor.py:914} INFO - Processing file /home/airflow/.local/lib/python3.10/site-packages/airflow/example_dags/example_complex.py for tasks to queue
[2025-04-27T00:14:01.254+0000] {logging_mixin.py:190} INFO - [2025-04-27T00:14:01.254+0000] {dagbag.py:588} INFO - Filling up the DagBag from /home/airflow/.local/lib/python3.10/site-packages/airflow/example_dags/example_complex.py
[2025-04-27T00:14:01.269+0000] {processor.py:925} INFO - DAG(s) 'example_complex' retrieved from /home/airflow/.local/lib/python3.10/site-packages/airflow/example_dags/example_complex.py
[2025-04-27T00:14:01.305+0000] {logging_mixin.py:190} INFO - [2025-04-27T00:14:01.304+0000] {dag.py:3239} INFO - Sync 1 DAGs
[2025-04-27T00:14:01.320+0000] {logging_mixin.py:190} INFO - [2025-04-27T00:14:01.320+0000] {dag.py:4180} INFO - Setting next_dagrun for example_complex to None, run_after=None
[2025-04-27T00:14:01.340+0000] {processor.py:208} INFO - Processing /home/airflow/.local/lib/python3.10/site-packages/airflow/example_dags/example_complex.py took 0.096 seconds
[2025-04-27T00:14:31.885+0000] {processor.py:186} INFO - Started process (PID=22149) to work on /home/airflow/.local/lib/python3.10/site-packages/airflow/example_dags/example_complex.py
[2025-04-27T00:14:31.886+0000] {processor.py:914} INFO - Processing file /home/airflow/.local/lib/python3.10/site-packages/airflow/example_dags/example_complex.py for tasks to queue
[2025-04-27T00:14:31.888+0000] {logging_mixin.py:190} INFO - [2025-04-27T00:14:31.887+0000] {dagbag.py:588} INFO - Filling up the DagBag from /home/airflow/.local/lib/python3.10/site-packages/airflow/example_dags/example_complex.py
[2025-04-27T00:14:31.900+0000] {processor.py:925} INFO - DAG(s) 'example_complex' retrieved from /home/airflow/.local/lib/python3.10/site-packages/airflow/example_dags/example_complex.py
[2025-04-27T00:14:31.933+0000] {logging_mixin.py:190} INFO - [2025-04-27T00:14:31.933+0000] {dag.py:3239} INFO - Sync 1 DAGs
[2025-04-27T00:14:31.949+0000] {logging_mixin.py:190} INFO - [2025-04-27T00:14:31.949+0000] {dag.py:4180} INFO - Setting next_dagrun for example_complex to None, run_after=None
[2025-04-27T00:14:31.968+0000] {processor.py:208} INFO - Processing /home/airflow/.local/lib/python3.10/site-packages/airflow/example_dags/example_complex.py took 0.088 seconds
[2025-04-27T00:15:02.481+0000] {processor.py:186} INFO - Started process (PID=22215) to work on /home/airflow/.local/lib/python3.10/site-packages/airflow/example_dags/example_complex.py
[2025-04-27T00:15:02.483+0000] {processor.py:914} INFO - Processing file /home/airflow/.local/lib/python3.10/site-packages/airflow/example_dags/example_complex.py for tasks to queue
[2025-04-27T00:15:02.485+0000] {logging_mixin.py:190} INFO - [2025-04-27T00:15:02.485+0000] {dagbag.py:588} INFO - Filling up the DagBag from /home/airflow/.local/lib/python3.10/site-packages/airflow/example_dags/example_complex.py
[2025-04-27T00:15:02.498+0000] {processor.py:925} INFO - DAG(s) 'example_complex' retrieved from /home/airflow/.local/lib/python3.10/site-packages/airflow/example_dags/example_complex.py
[2025-04-27T00:15:02.531+0000] {logging_mixin.py:190} INFO - [2025-04-27T00:15:02.530+0000] {dag.py:3239} INFO - Sync 1 DAGs
[2025-04-27T00:15:02.548+0000] {logging_mixin.py:190} INFO - [2025-04-27T00:15:02.548+0000] {dag.py:4180} INFO - Setting next_dagrun for example_complex to None, run_after=None
[2025-04-27T00:15:02.572+0000] {processor.py:208} INFO - Processing /home/airflow/.local/lib/python3.10/site-packages/airflow/example_dags/example_complex.py took 0.097 seconds
[2025-04-27T00:15:32.668+0000] {processor.py:186} INFO - Started process (PID=22281) to work on /home/airflow/.local/lib/python3.10/site-packages/airflow/example_dags/example_complex.py
[2025-04-27T00:15:32.669+0000] {processor.py:914} INFO - Processing file /home/airflow/.local/lib/python3.10/site-packages/airflow/example_dags/example_complex.py for tasks to queue
[2025-04-27T00:15:32.671+0000] {logging_mixin.py:190} INFO - [2025-04-27T00:15:32.671+0000] {dagbag.py:588} INFO - Filling up the DagBag from /home/airflow/.local/lib/python3.10/site-packages/airflow/example_dags/example_complex.py
[2025-04-27T00:15:32.684+0000] {processor.py:925} INFO - DAG(s) 'example_complex' retrieved from /home/airflow/.local/lib/python3.10/site-packages/airflow/example_dags/example_complex.py
[2025-04-27T00:15:32.717+0000] {logging_mixin.py:190} INFO - [2025-04-27T00:15:32.716+0000] {dag.py:3239} INFO - Sync 1 DAGs
[2025-04-27T00:15:32.731+0000] {logging_mixin.py:190} INFO - [2025-04-27T00:15:32.730+0000] {dag.py:4180} INFO - Setting next_dagrun for example_complex to None, run_after=None
[2025-04-27T00:15:32.749+0000] {processor.py:208} INFO - Processing /home/airflow/.local/lib/python3.10/site-packages/airflow/example_dags/example_complex.py took 0.088 seconds
[2025-04-27T00:16:03.028+0000] {processor.py:186} INFO - Started process (PID=22347) to work on /home/airflow/.local/lib/python3.10/site-packages/airflow/example_dags/example_complex.py
[2025-04-27T00:16:03.030+0000] {processor.py:914} INFO - Processing file /home/airflow/.local/lib/python3.10/site-packages/airflow/example_dags/example_complex.py for tasks to queue
[2025-04-27T00:16:03.038+0000] {logging_mixin.py:190} INFO - [2025-04-27T00:16:03.038+0000] {dagbag.py:588} INFO - Filling up the DagBag from /home/airflow/.local/lib/python3.10/site-packages/airflow/example_dags/example_complex.py
[2025-04-27T00:16:03.058+0000] {processor.py:925} INFO - DAG(s) 'example_complex' retrieved from /home/airflow/.local/lib/python3.10/site-packages/airflow/example_dags/example_complex.py
[2025-04-27T00:16:03.111+0000] {logging_mixin.py:190} INFO - [2025-04-27T00:16:03.110+0000] {dag.py:3239} INFO - Sync 1 DAGs
[2025-04-27T00:16:03.144+0000] {logging_mixin.py:190} INFO - [2025-04-27T00:16:03.143+0000] {dag.py:4180} INFO - Setting next_dagrun for example_complex to None, run_after=None
[2025-04-27T00:16:03.181+0000] {processor.py:208} INFO - Processing /home/airflow/.local/lib/python3.10/site-packages/airflow/example_dags/example_complex.py took 0.175 seconds
[2025-04-27T00:16:34.057+0000] {processor.py:186} INFO - Started process (PID=22413) to work on /home/airflow/.local/lib/python3.10/site-packages/airflow/example_dags/example_complex.py
[2025-04-27T00:16:34.059+0000] {processor.py:914} INFO - Processing file /home/airflow/.local/lib/python3.10/site-packages/airflow/example_dags/example_complex.py for tasks to queue
[2025-04-27T00:16:34.061+0000] {logging_mixin.py:190} INFO - [2025-04-27T00:16:34.061+0000] {dagbag.py:588} INFO - Filling up the DagBag from /home/airflow/.local/lib/python3.10/site-packages/airflow/example_dags/example_complex.py
[2025-04-27T00:16:34.074+0000] {processor.py:925} INFO - DAG(s) 'example_complex' retrieved from /home/airflow/.local/lib/python3.10/site-packages/airflow/example_dags/example_complex.py
[2025-04-27T00:16:34.107+0000] {logging_mixin.py:190} INFO - [2025-04-27T00:16:34.107+0000] {dag.py:3239} INFO - Sync 1 DAGs
[2025-04-27T00:16:34.121+0000] {logging_mixin.py:190} INFO - [2025-04-27T00:16:34.121+0000] {dag.py:4180} INFO - Setting next_dagrun for example_complex to None, run_after=None
[2025-04-27T00:16:34.141+0000] {processor.py:208} INFO - Processing /home/airflow/.local/lib/python3.10/site-packages/airflow/example_dags/example_complex.py took 0.090 seconds
[2025-04-27T00:17:04.762+0000] {processor.py:186} INFO - Started process (PID=22479) to work on /home/airflow/.local/lib/python3.10/site-packages/airflow/example_dags/example_complex.py
[2025-04-27T00:17:04.763+0000] {processor.py:914} INFO - Processing file /home/airflow/.local/lib/python3.10/site-packages/airflow/example_dags/example_complex.py for tasks to queue
[2025-04-27T00:17:04.766+0000] {logging_mixin.py:190} INFO - [2025-04-27T00:17:04.765+0000] {dagbag.py:588} INFO - Filling up the DagBag from /home/airflow/.local/lib/python3.10/site-packages/airflow/example_dags/example_complex.py
[2025-04-27T00:17:04.780+0000] {processor.py:925} INFO - DAG(s) 'example_complex' retrieved from /home/airflow/.local/lib/python3.10/site-packages/airflow/example_dags/example_complex.py
[2025-04-27T00:17:04.815+0000] {logging_mixin.py:190} INFO - [2025-04-27T00:17:04.815+0000] {dag.py:3239} INFO - Sync 1 DAGs
[2025-04-27T00:17:04.830+0000] {logging_mixin.py:190} INFO - [2025-04-27T00:17:04.830+0000] {dag.py:4180} INFO - Setting next_dagrun for example_complex to None, run_after=None
[2025-04-27T00:17:04.853+0000] {processor.py:208} INFO - Processing /home/airflow/.local/lib/python3.10/site-packages/airflow/example_dags/example_complex.py took 0.098 seconds
[2025-04-27T00:17:34.962+0000] {processor.py:186} INFO - Started process (PID=22545) to work on /home/airflow/.local/lib/python3.10/site-packages/airflow/example_dags/example_complex.py
[2025-04-27T00:17:34.964+0000] {processor.py:914} INFO - Processing file /home/airflow/.local/lib/python3.10/site-packages/airflow/example_dags/example_complex.py for tasks to queue
[2025-04-27T00:17:34.967+0000] {logging_mixin.py:190} INFO - [2025-04-27T00:17:34.966+0000] {dagbag.py:588} INFO - Filling up the DagBag from /home/airflow/.local/lib/python3.10/site-packages/airflow/example_dags/example_complex.py
[2025-04-27T00:17:34.980+0000] {processor.py:925} INFO - DAG(s) 'example_complex' retrieved from /home/airflow/.local/lib/python3.10/site-packages/airflow/example_dags/example_complex.py
[2025-04-27T00:17:35.018+0000] {logging_mixin.py:190} INFO - [2025-04-27T00:17:35.018+0000] {dag.py:3239} INFO - Sync 1 DAGs
[2025-04-27T00:17:35.036+0000] {logging_mixin.py:190} INFO - [2025-04-27T00:17:35.036+0000] {dag.py:4180} INFO - Setting next_dagrun for example_complex to None, run_after=None
[2025-04-27T00:17:35.066+0000] {processor.py:208} INFO - Processing /home/airflow/.local/lib/python3.10/site-packages/airflow/example_dags/example_complex.py took 0.111 seconds
[2025-04-27T00:18:05.849+0000] {processor.py:186} INFO - Started process (PID=22611) to work on /home/airflow/.local/lib/python3.10/site-packages/airflow/example_dags/example_complex.py
[2025-04-27T00:18:05.850+0000] {processor.py:914} INFO - Processing file /home/airflow/.local/lib/python3.10/site-packages/airflow/example_dags/example_complex.py for tasks to queue
[2025-04-27T00:18:05.852+0000] {logging_mixin.py:190} INFO - [2025-04-27T00:18:05.852+0000] {dagbag.py:588} INFO - Filling up the DagBag from /home/airflow/.local/lib/python3.10/site-packages/airflow/example_dags/example_complex.py
[2025-04-27T00:18:05.864+0000] {processor.py:925} INFO - DAG(s) 'example_complex' retrieved from /home/airflow/.local/lib/python3.10/site-packages/airflow/example_dags/example_complex.py
[2025-04-27T00:18:05.894+0000] {logging_mixin.py:190} INFO - [2025-04-27T00:18:05.894+0000] {dag.py:3239} INFO - Sync 1 DAGs
[2025-04-27T00:18:05.906+0000] {logging_mixin.py:190} INFO - [2025-04-27T00:18:05.906+0000] {dag.py:4180} INFO - Setting next_dagrun for example_complex to None, run_after=None
[2025-04-27T00:18:05.925+0000] {processor.py:208} INFO - Processing /home/airflow/.local/lib/python3.10/site-packages/airflow/example_dags/example_complex.py took 0.081 seconds
[2025-04-27T00:18:36.050+0000] {processor.py:186} INFO - Started process (PID=22677) to work on /home/airflow/.local/lib/python3.10/site-packages/airflow/example_dags/example_complex.py
[2025-04-27T00:18:36.052+0000] {processor.py:914} INFO - Processing file /home/airflow/.local/lib/python3.10/site-packages/airflow/example_dags/example_complex.py for tasks to queue
[2025-04-27T00:18:36.054+0000] {logging_mixin.py:190} INFO - [2025-04-27T00:18:36.054+0000] {dagbag.py:588} INFO - Filling up the DagBag from /home/airflow/.local/lib/python3.10/site-packages/airflow/example_dags/example_complex.py
[2025-04-27T00:18:36.067+0000] {processor.py:925} INFO - DAG(s) 'example_complex' retrieved from /home/airflow/.local/lib/python3.10/site-packages/airflow/example_dags/example_complex.py
[2025-04-27T00:18:36.098+0000] {logging_mixin.py:190} INFO - [2025-04-27T00:18:36.098+0000] {dag.py:3239} INFO - Sync 1 DAGs
[2025-04-27T00:18:36.112+0000] {logging_mixin.py:190} INFO - [2025-04-27T00:18:36.112+0000] {dag.py:4180} INFO - Setting next_dagrun for example_complex to None, run_after=None
[2025-04-27T00:18:36.132+0000] {processor.py:208} INFO - Processing /home/airflow/.local/lib/python3.10/site-packages/airflow/example_dags/example_complex.py took 0.087 seconds
[2025-04-27T00:19:06.280+0000] {processor.py:186} INFO - Started process (PID=22743) to work on /home/airflow/.local/lib/python3.10/site-packages/airflow/example_dags/example_complex.py
[2025-04-27T00:19:06.282+0000] {processor.py:914} INFO - Processing file /home/airflow/.local/lib/python3.10/site-packages/airflow/example_dags/example_complex.py for tasks to queue
[2025-04-27T00:19:06.285+0000] {logging_mixin.py:190} INFO - [2025-04-27T00:19:06.285+0000] {dagbag.py:588} INFO - Filling up the DagBag from /home/airflow/.local/lib/python3.10/site-packages/airflow/example_dags/example_complex.py
[2025-04-27T00:19:06.306+0000] {processor.py:925} INFO - DAG(s) 'example_complex' retrieved from /home/airflow/.local/lib/python3.10/site-packages/airflow/example_dags/example_complex.py
[2025-04-27T00:19:06.345+0000] {logging_mixin.py:190} INFO - [2025-04-27T00:19:06.344+0000] {dag.py:3239} INFO - Sync 1 DAGs
[2025-04-27T00:19:06.360+0000] {logging_mixin.py:190} INFO - [2025-04-27T00:19:06.360+0000] {dag.py:4180} INFO - Setting next_dagrun for example_complex to None, run_after=None
[2025-04-27T00:19:06.381+0000] {processor.py:208} INFO - Processing /home/airflow/.local/lib/python3.10/site-packages/airflow/example_dags/example_complex.py took 0.111 seconds
[2025-04-27T00:19:36.724+0000] {processor.py:186} INFO - Started process (PID=22809) to work on /home/airflow/.local/lib/python3.10/site-packages/airflow/example_dags/example_complex.py
[2025-04-27T00:19:36.725+0000] {processor.py:914} INFO - Processing file /home/airflow/.local/lib/python3.10/site-packages/airflow/example_dags/example_complex.py for tasks to queue
[2025-04-27T00:19:36.727+0000] {logging_mixin.py:190} INFO - [2025-04-27T00:19:36.727+0000] {dagbag.py:588} INFO - Filling up the DagBag from /home/airflow/.local/lib/python3.10/site-packages/airflow/example_dags/example_complex.py
[2025-04-27T00:19:36.744+0000] {processor.py:925} INFO - DAG(s) 'example_complex' retrieved from /home/airflow/.local/lib/python3.10/site-packages/airflow/example_dags/example_complex.py
[2025-04-27T00:19:36.778+0000] {logging_mixin.py:190} INFO - [2025-04-27T00:19:36.777+0000] {dag.py:3239} INFO - Sync 1 DAGs
[2025-04-27T00:19:36.794+0000] {logging_mixin.py:190} INFO - [2025-04-27T00:19:36.794+0000] {dag.py:4180} INFO - Setting next_dagrun for example_complex to None, run_after=None
[2025-04-27T00:19:36.815+0000] {processor.py:208} INFO - Processing /home/airflow/.local/lib/python3.10/site-packages/airflow/example_dags/example_complex.py took 0.098 seconds
[2025-04-27T00:20:07.526+0000] {processor.py:186} INFO - Started process (PID=22875) to work on /home/airflow/.local/lib/python3.10/site-packages/airflow/example_dags/example_complex.py
[2025-04-27T00:20:07.527+0000] {processor.py:914} INFO - Processing file /home/airflow/.local/lib/python3.10/site-packages/airflow/example_dags/example_complex.py for tasks to queue
[2025-04-27T00:20:07.530+0000] {logging_mixin.py:190} INFO - [2025-04-27T00:20:07.529+0000] {dagbag.py:588} INFO - Filling up the DagBag from /home/airflow/.local/lib/python3.10/site-packages/airflow/example_dags/example_complex.py
[2025-04-27T00:20:07.542+0000] {processor.py:925} INFO - DAG(s) 'example_complex' retrieved from /home/airflow/.local/lib/python3.10/site-packages/airflow/example_dags/example_complex.py
[2025-04-27T00:20:07.573+0000] {logging_mixin.py:190} INFO - [2025-04-27T00:20:07.573+0000] {dag.py:3239} INFO - Sync 1 DAGs
[2025-04-27T00:20:07.586+0000] {logging_mixin.py:190} INFO - [2025-04-27T00:20:07.585+0000] {dag.py:4180} INFO - Setting next_dagrun for example_complex to None, run_after=None
[2025-04-27T00:20:07.604+0000] {processor.py:208} INFO - Processing /home/airflow/.local/lib/python3.10/site-packages/airflow/example_dags/example_complex.py took 0.084 seconds
[2025-04-27T00:20:37.780+0000] {processor.py:186} INFO - Started process (PID=22941) to work on /home/airflow/.local/lib/python3.10/site-packages/airflow/example_dags/example_complex.py
[2025-04-27T00:20:37.781+0000] {processor.py:914} INFO - Processing file /home/airflow/.local/lib/python3.10/site-packages/airflow/example_dags/example_complex.py for tasks to queue
[2025-04-27T00:20:37.783+0000] {logging_mixin.py:190} INFO - [2025-04-27T00:20:37.783+0000] {dagbag.py:588} INFO - Filling up the DagBag from /home/airflow/.local/lib/python3.10/site-packages/airflow/example_dags/example_complex.py
[2025-04-27T00:20:37.800+0000] {processor.py:925} INFO - DAG(s) 'example_complex' retrieved from /home/airflow/.local/lib/python3.10/site-packages/airflow/example_dags/example_complex.py
[2025-04-27T00:20:37.836+0000] {logging_mixin.py:190} INFO - [2025-04-27T00:20:37.836+0000] {dag.py:3239} INFO - Sync 1 DAGs
[2025-04-27T00:20:37.853+0000] {logging_mixin.py:190} INFO - [2025-04-27T00:20:37.853+0000] {dag.py:4180} INFO - Setting next_dagrun for example_complex to None, run_after=None
[2025-04-27T00:20:37.876+0000] {processor.py:208} INFO - Processing /home/airflow/.local/lib/python3.10/site-packages/airflow/example_dags/example_complex.py took 0.103 seconds
[2025-04-27T00:21:08.759+0000] {processor.py:186} INFO - Started process (PID=23006) to work on /home/airflow/.local/lib/python3.10/site-packages/airflow/example_dags/example_complex.py
[2025-04-27T00:21:08.761+0000] {processor.py:914} INFO - Processing file /home/airflow/.local/lib/python3.10/site-packages/airflow/example_dags/example_complex.py for tasks to queue
[2025-04-27T00:21:08.765+0000] {logging_mixin.py:190} INFO - [2025-04-27T00:21:08.764+0000] {dagbag.py:588} INFO - Filling up the DagBag from /home/airflow/.local/lib/python3.10/site-packages/airflow/example_dags/example_complex.py
[2025-04-27T00:21:08.787+0000] {processor.py:925} INFO - DAG(s) 'example_complex' retrieved from /home/airflow/.local/lib/python3.10/site-packages/airflow/example_dags/example_complex.py
[2025-04-27T00:21:08.839+0000] {logging_mixin.py:190} INFO - [2025-04-27T00:21:08.838+0000] {dag.py:3239} INFO - Sync 1 DAGs
[2025-04-27T00:21:08.862+0000] {logging_mixin.py:190} INFO - [2025-04-27T00:21:08.862+0000] {dag.py:4180} INFO - Setting next_dagrun for example_complex to None, run_after=None
[2025-04-27T00:21:08.884+0000] {processor.py:208} INFO - Processing /home/airflow/.local/lib/python3.10/site-packages/airflow/example_dags/example_complex.py took 0.133 seconds
[2025-04-27T00:21:39.555+0000] {processor.py:186} INFO - Started process (PID=23068) to work on /home/airflow/.local/lib/python3.10/site-packages/airflow/example_dags/example_complex.py
[2025-04-27T00:21:39.556+0000] {processor.py:914} INFO - Processing file /home/airflow/.local/lib/python3.10/site-packages/airflow/example_dags/example_complex.py for tasks to queue
[2025-04-27T00:21:39.559+0000] {logging_mixin.py:190} INFO - [2025-04-27T00:21:39.558+0000] {dagbag.py:588} INFO - Filling up the DagBag from /home/airflow/.local/lib/python3.10/site-packages/airflow/example_dags/example_complex.py
[2025-04-27T00:21:39.574+0000] {processor.py:925} INFO - DAG(s) 'example_complex' retrieved from /home/airflow/.local/lib/python3.10/site-packages/airflow/example_dags/example_complex.py
[2025-04-27T00:21:39.620+0000] {logging_mixin.py:190} INFO - [2025-04-27T00:21:39.619+0000] {dag.py:3239} INFO - Sync 1 DAGs
[2025-04-27T00:21:39.644+0000] {logging_mixin.py:190} INFO - [2025-04-27T00:21:39.643+0000] {dag.py:4180} INFO - Setting next_dagrun for example_complex to None, run_after=None
[2025-04-27T00:21:39.683+0000] {processor.py:208} INFO - Processing /home/airflow/.local/lib/python3.10/site-packages/airflow/example_dags/example_complex.py took 0.136 seconds
[2025-04-27T00:22:10.158+0000] {processor.py:186} INFO - Started process (PID=23134) to work on /home/airflow/.local/lib/python3.10/site-packages/airflow/example_dags/example_complex.py
[2025-04-27T00:22:10.159+0000] {processor.py:914} INFO - Processing file /home/airflow/.local/lib/python3.10/site-packages/airflow/example_dags/example_complex.py for tasks to queue
[2025-04-27T00:22:10.162+0000] {logging_mixin.py:190} INFO - [2025-04-27T00:22:10.161+0000] {dagbag.py:588} INFO - Filling up the DagBag from /home/airflow/.local/lib/python3.10/site-packages/airflow/example_dags/example_complex.py
[2025-04-27T00:22:10.174+0000] {processor.py:925} INFO - DAG(s) 'example_complex' retrieved from /home/airflow/.local/lib/python3.10/site-packages/airflow/example_dags/example_complex.py
[2025-04-27T00:22:10.206+0000] {logging_mixin.py:190} INFO - [2025-04-27T00:22:10.206+0000] {dag.py:3239} INFO - Sync 1 DAGs
[2025-04-27T00:22:10.223+0000] {logging_mixin.py:190} INFO - [2025-04-27T00:22:10.222+0000] {dag.py:4180} INFO - Setting next_dagrun for example_complex to None, run_after=None
[2025-04-27T00:22:10.245+0000] {processor.py:208} INFO - Processing /home/airflow/.local/lib/python3.10/site-packages/airflow/example_dags/example_complex.py took 0.093 seconds
[2025-04-27T00:22:40.694+0000] {processor.py:186} INFO - Started process (PID=23199) to work on /home/airflow/.local/lib/python3.10/site-packages/airflow/example_dags/example_complex.py
[2025-04-27T00:22:40.695+0000] {processor.py:914} INFO - Processing file /home/airflow/.local/lib/python3.10/site-packages/airflow/example_dags/example_complex.py for tasks to queue
[2025-04-27T00:22:40.697+0000] {logging_mixin.py:190} INFO - [2025-04-27T00:22:40.696+0000] {dagbag.py:588} INFO - Filling up the DagBag from /home/airflow/.local/lib/python3.10/site-packages/airflow/example_dags/example_complex.py
[2025-04-27T00:22:40.708+0000] {processor.py:925} INFO - DAG(s) 'example_complex' retrieved from /home/airflow/.local/lib/python3.10/site-packages/airflow/example_dags/example_complex.py
[2025-04-27T00:22:40.738+0000] {logging_mixin.py:190} INFO - [2025-04-27T00:22:40.738+0000] {dag.py:3239} INFO - Sync 1 DAGs
[2025-04-27T00:22:40.753+0000] {logging_mixin.py:190} INFO - [2025-04-27T00:22:40.753+0000] {dag.py:4180} INFO - Setting next_dagrun for example_complex to None, run_after=None
[2025-04-27T00:22:40.771+0000] {processor.py:208} INFO - Processing /home/airflow/.local/lib/python3.10/site-packages/airflow/example_dags/example_complex.py took 0.082 seconds
[2025-04-27T00:23:11.562+0000] {processor.py:186} INFO - Started process (PID=23263) to work on /home/airflow/.local/lib/python3.10/site-packages/airflow/example_dags/example_complex.py
[2025-04-27T00:23:11.563+0000] {processor.py:914} INFO - Processing file /home/airflow/.local/lib/python3.10/site-packages/airflow/example_dags/example_complex.py for tasks to queue
[2025-04-27T00:23:11.565+0000] {logging_mixin.py:190} INFO - [2025-04-27T00:23:11.565+0000] {dagbag.py:588} INFO - Filling up the DagBag from /home/airflow/.local/lib/python3.10/site-packages/airflow/example_dags/example_complex.py
[2025-04-27T00:23:11.582+0000] {processor.py:925} INFO - DAG(s) 'example_complex' retrieved from /home/airflow/.local/lib/python3.10/site-packages/airflow/example_dags/example_complex.py
[2025-04-27T00:23:11.614+0000] {logging_mixin.py:190} INFO - [2025-04-27T00:23:11.614+0000] {dag.py:3239} INFO - Sync 1 DAGs
[2025-04-27T00:23:11.629+0000] {logging_mixin.py:190} INFO - [2025-04-27T00:23:11.629+0000] {dag.py:4180} INFO - Setting next_dagrun for example_complex to None, run_after=None
[2025-04-27T00:23:11.649+0000] {processor.py:208} INFO - Processing /home/airflow/.local/lib/python3.10/site-packages/airflow/example_dags/example_complex.py took 0.093 seconds
[2025-04-27T00:23:42.115+0000] {processor.py:186} INFO - Started process (PID=23329) to work on /home/airflow/.local/lib/python3.10/site-packages/airflow/example_dags/example_complex.py
[2025-04-27T00:23:42.116+0000] {processor.py:914} INFO - Processing file /home/airflow/.local/lib/python3.10/site-packages/airflow/example_dags/example_complex.py for tasks to queue
[2025-04-27T00:23:42.118+0000] {logging_mixin.py:190} INFO - [2025-04-27T00:23:42.118+0000] {dagbag.py:588} INFO - Filling up the DagBag from /home/airflow/.local/lib/python3.10/site-packages/airflow/example_dags/example_complex.py
[2025-04-27T00:23:42.130+0000] {processor.py:925} INFO - DAG(s) 'example_complex' retrieved from /home/airflow/.local/lib/python3.10/site-packages/airflow/example_dags/example_complex.py
[2025-04-27T00:23:42.162+0000] {logging_mixin.py:190} INFO - [2025-04-27T00:23:42.162+0000] {dag.py:3239} INFO - Sync 1 DAGs
[2025-04-27T00:23:42.175+0000] {logging_mixin.py:190} INFO - [2025-04-27T00:23:42.175+0000] {dag.py:4180} INFO - Setting next_dagrun for example_complex to None, run_after=None
[2025-04-27T00:23:42.192+0000] {processor.py:208} INFO - Processing /home/airflow/.local/lib/python3.10/site-packages/airflow/example_dags/example_complex.py took 0.082 seconds
[2025-04-27T00:24:12.534+0000] {processor.py:186} INFO - Started process (PID=23394) to work on /home/airflow/.local/lib/python3.10/site-packages/airflow/example_dags/example_complex.py
[2025-04-27T00:24:12.535+0000] {processor.py:914} INFO - Processing file /home/airflow/.local/lib/python3.10/site-packages/airflow/example_dags/example_complex.py for tasks to queue
[2025-04-27T00:24:12.537+0000] {logging_mixin.py:190} INFO - [2025-04-27T00:24:12.536+0000] {dagbag.py:588} INFO - Filling up the DagBag from /home/airflow/.local/lib/python3.10/site-packages/airflow/example_dags/example_complex.py
[2025-04-27T00:24:12.551+0000] {processor.py:925} INFO - DAG(s) 'example_complex' retrieved from /home/airflow/.local/lib/python3.10/site-packages/airflow/example_dags/example_complex.py
[2025-04-27T00:24:12.582+0000] {logging_mixin.py:190} INFO - [2025-04-27T00:24:12.582+0000] {dag.py:3239} INFO - Sync 1 DAGs
[2025-04-27T00:24:12.595+0000] {logging_mixin.py:190} INFO - [2025-04-27T00:24:12.595+0000] {dag.py:4180} INFO - Setting next_dagrun for example_complex to None, run_after=None
[2025-04-27T00:24:12.613+0000] {processor.py:208} INFO - Processing /home/airflow/.local/lib/python3.10/site-packages/airflow/example_dags/example_complex.py took 0.085 seconds
[2025-04-27T00:24:43.209+0000] {processor.py:186} INFO - Started process (PID=23460) to work on /home/airflow/.local/lib/python3.10/site-packages/airflow/example_dags/example_complex.py
[2025-04-27T00:24:43.210+0000] {processor.py:914} INFO - Processing file /home/airflow/.local/lib/python3.10/site-packages/airflow/example_dags/example_complex.py for tasks to queue
[2025-04-27T00:24:43.212+0000] {logging_mixin.py:190} INFO - [2025-04-27T00:24:43.212+0000] {dagbag.py:588} INFO - Filling up the DagBag from /home/airflow/.local/lib/python3.10/site-packages/airflow/example_dags/example_complex.py
[2025-04-27T00:24:43.225+0000] {processor.py:925} INFO - DAG(s) 'example_complex' retrieved from /home/airflow/.local/lib/python3.10/site-packages/airflow/example_dags/example_complex.py
[2025-04-27T00:24:43.260+0000] {logging_mixin.py:190} INFO - [2025-04-27T00:24:43.260+0000] {dag.py:3239} INFO - Sync 1 DAGs
[2025-04-27T00:24:43.275+0000] {logging_mixin.py:190} INFO - [2025-04-27T00:24:43.275+0000] {dag.py:4180} INFO - Setting next_dagrun for example_complex to None, run_after=None
[2025-04-27T00:24:43.296+0000] {processor.py:208} INFO - Processing /home/airflow/.local/lib/python3.10/site-packages/airflow/example_dags/example_complex.py took 0.093 seconds
[2025-04-27T00:25:13.388+0000] {processor.py:186} INFO - Started process (PID=23525) to work on /home/airflow/.local/lib/python3.10/site-packages/airflow/example_dags/example_complex.py
[2025-04-27T00:25:13.389+0000] {processor.py:914} INFO - Processing file /home/airflow/.local/lib/python3.10/site-packages/airflow/example_dags/example_complex.py for tasks to queue
[2025-04-27T00:25:13.391+0000] {logging_mixin.py:190} INFO - [2025-04-27T00:25:13.391+0000] {dagbag.py:588} INFO - Filling up the DagBag from /home/airflow/.local/lib/python3.10/site-packages/airflow/example_dags/example_complex.py
[2025-04-27T00:25:13.405+0000] {processor.py:925} INFO - DAG(s) 'example_complex' retrieved from /home/airflow/.local/lib/python3.10/site-packages/airflow/example_dags/example_complex.py
[2025-04-27T00:25:13.436+0000] {logging_mixin.py:190} INFO - [2025-04-27T00:25:13.436+0000] {dag.py:3239} INFO - Sync 1 DAGs
[2025-04-27T00:25:13.449+0000] {logging_mixin.py:190} INFO - [2025-04-27T00:25:13.449+0000] {dag.py:4180} INFO - Setting next_dagrun for example_complex to None, run_after=None
[2025-04-27T00:25:13.467+0000] {processor.py:208} INFO - Processing /home/airflow/.local/lib/python3.10/site-packages/airflow/example_dags/example_complex.py took 0.085 seconds
