[2025-04-27T00:00:14.466+0000] {processor.py:186} INFO - Started process (PID=20299) to work on /home/airflow/.local/lib/python3.10/site-packages/airflow/example_dags/example_bash_operator.py
[2025-04-27T00:00:14.468+0000] {processor.py:914} INFO - Processing file /home/airflow/.local/lib/python3.10/site-packages/airflow/example_dags/example_bash_operator.py for tasks to queue
[2025-04-27T00:00:14.470+0000] {logging_mixin.py:190} INFO - [2025-04-27T00:00:14.470+0000] {dagbag.py:588} INFO - Filling up the DagBag from /home/airflow/.local/lib/python3.10/site-packages/airflow/example_dags/example_bash_operator.py
[2025-04-27T00:00:14.485+0000] {processor.py:925} INFO - DAG(s) 'example_bash_operator' retrieved from /home/airflow/.local/lib/python3.10/site-packages/airflow/example_dags/example_bash_operator.py
[2025-04-27T00:00:14.519+0000] {logging_mixin.py:190} INFO - [2025-04-27T00:00:14.519+0000] {dag.py:3239} INFO - Sync 1 DAGs
[2025-04-27T00:00:14.553+0000] {logging_mixin.py:190} INFO - [2025-04-27T00:00:14.553+0000] {dag.py:4180} INFO - Setting next_dagrun for example_bash_operator to 2025-04-26 00:00:00+00:00, run_after=2025-04-27 00:00:00+00:00
[2025-04-27T00:00:14.577+0000] {processor.py:208} INFO - Processing /home/airflow/.local/lib/python3.10/site-packages/airflow/example_dags/example_bash_operator.py took 0.117 seconds
[2025-04-27T00:00:45.111+0000] {processor.py:186} INFO - Started process (PID=20365) to work on /home/airflow/.local/lib/python3.10/site-packages/airflow/example_dags/example_bash_operator.py
[2025-04-27T00:00:45.112+0000] {processor.py:914} INFO - Processing file /home/airflow/.local/lib/python3.10/site-packages/airflow/example_dags/example_bash_operator.py for tasks to queue
[2025-04-27T00:00:45.114+0000] {logging_mixin.py:190} INFO - [2025-04-27T00:00:45.114+0000] {dagbag.py:588} INFO - Filling up the DagBag from /home/airflow/.local/lib/python3.10/site-packages/airflow/example_dags/example_bash_operator.py
[2025-04-27T00:00:45.127+0000] {processor.py:925} INFO - DAG(s) 'example_bash_operator' retrieved from /home/airflow/.local/lib/python3.10/site-packages/airflow/example_dags/example_bash_operator.py
[2025-04-27T00:00:45.157+0000] {logging_mixin.py:190} INFO - [2025-04-27T00:00:45.156+0000] {dag.py:3239} INFO - Sync 1 DAGs
[2025-04-27T00:00:45.182+0000] {logging_mixin.py:190} INFO - [2025-04-27T00:00:45.182+0000] {dag.py:4180} INFO - Setting next_dagrun for example_bash_operator to 2025-04-26 00:00:00+00:00, run_after=2025-04-27 00:00:00+00:00
[2025-04-27T00:00:45.200+0000] {processor.py:208} INFO - Processing /home/airflow/.local/lib/python3.10/site-packages/airflow/example_dags/example_bash_operator.py took 0.095 seconds
[2025-04-27T00:01:15.649+0000] {processor.py:186} INFO - Started process (PID=20432) to work on /home/airflow/.local/lib/python3.10/site-packages/airflow/example_dags/example_bash_operator.py
[2025-04-27T00:01:15.650+0000] {processor.py:914} INFO - Processing file /home/airflow/.local/lib/python3.10/site-packages/airflow/example_dags/example_bash_operator.py for tasks to queue
[2025-04-27T00:01:15.653+0000] {logging_mixin.py:190} INFO - [2025-04-27T00:01:15.652+0000] {dagbag.py:588} INFO - Filling up the DagBag from /home/airflow/.local/lib/python3.10/site-packages/airflow/example_dags/example_bash_operator.py
[2025-04-27T00:01:15.668+0000] {processor.py:925} INFO - DAG(s) 'example_bash_operator' retrieved from /home/airflow/.local/lib/python3.10/site-packages/airflow/example_dags/example_bash_operator.py
[2025-04-27T00:01:15.696+0000] {logging_mixin.py:190} INFO - [2025-04-27T00:01:15.696+0000] {dag.py:3239} INFO - Sync 1 DAGs
[2025-04-27T00:01:15.723+0000] {logging_mixin.py:190} INFO - [2025-04-27T00:01:15.722+0000] {dag.py:4180} INFO - Setting next_dagrun for example_bash_operator to 2025-04-26 00:00:00+00:00, run_after=2025-04-27 00:00:00+00:00
[2025-04-27T00:01:15.744+0000] {processor.py:208} INFO - Processing /home/airflow/.local/lib/python3.10/site-packages/airflow/example_dags/example_bash_operator.py took 0.102 seconds
[2025-04-27T00:01:46.992+0000] {processor.py:186} INFO - Started process (PID=20506) to work on /home/airflow/.local/lib/python3.10/site-packages/airflow/example_dags/example_bash_operator.py
[2025-04-27T00:01:46.994+0000] {processor.py:914} INFO - Processing file /home/airflow/.local/lib/python3.10/site-packages/airflow/example_dags/example_bash_operator.py for tasks to queue
[2025-04-27T00:01:46.997+0000] {logging_mixin.py:190} INFO - [2025-04-27T00:01:46.996+0000] {dagbag.py:588} INFO - Filling up the DagBag from /home/airflow/.local/lib/python3.10/site-packages/airflow/example_dags/example_bash_operator.py
[2025-04-27T00:01:47.014+0000] {processor.py:925} INFO - DAG(s) 'example_bash_operator' retrieved from /home/airflow/.local/lib/python3.10/site-packages/airflow/example_dags/example_bash_operator.py
[2025-04-27T00:01:47.059+0000] {logging_mixin.py:190} INFO - [2025-04-27T00:01:47.059+0000] {dag.py:3239} INFO - Sync 1 DAGs
[2025-04-27T00:01:47.088+0000] {logging_mixin.py:190} INFO - [2025-04-27T00:01:47.088+0000] {dag.py:4180} INFO - Setting next_dagrun for example_bash_operator to 2025-04-26 00:00:00+00:00, run_after=2025-04-27 00:00:00+00:00
[2025-04-27T00:01:47.110+0000] {processor.py:208} INFO - Processing /home/airflow/.local/lib/python3.10/site-packages/airflow/example_dags/example_bash_operator.py took 0.125 seconds
[2025-04-27T00:02:17.233+0000] {processor.py:186} INFO - Started process (PID=20572) to work on /home/airflow/.local/lib/python3.10/site-packages/airflow/example_dags/example_bash_operator.py
[2025-04-27T00:02:17.234+0000] {processor.py:914} INFO - Processing file /home/airflow/.local/lib/python3.10/site-packages/airflow/example_dags/example_bash_operator.py for tasks to queue
[2025-04-27T00:02:17.236+0000] {logging_mixin.py:190} INFO - [2025-04-27T00:02:17.236+0000] {dagbag.py:588} INFO - Filling up the DagBag from /home/airflow/.local/lib/python3.10/site-packages/airflow/example_dags/example_bash_operator.py
[2025-04-27T00:02:17.251+0000] {processor.py:925} INFO - DAG(s) 'example_bash_operator' retrieved from /home/airflow/.local/lib/python3.10/site-packages/airflow/example_dags/example_bash_operator.py
[2025-04-27T00:02:17.280+0000] {logging_mixin.py:190} INFO - [2025-04-27T00:02:17.280+0000] {dag.py:3239} INFO - Sync 1 DAGs
[2025-04-27T00:02:17.306+0000] {logging_mixin.py:190} INFO - [2025-04-27T00:02:17.306+0000] {dag.py:4180} INFO - Setting next_dagrun for example_bash_operator to 2025-04-26 00:00:00+00:00, run_after=2025-04-27 00:00:00+00:00
[2025-04-27T00:02:17.325+0000] {processor.py:208} INFO - Processing /home/airflow/.local/lib/python3.10/site-packages/airflow/example_dags/example_bash_operator.py took 0.098 seconds
[2025-04-27T00:02:48.164+0000] {processor.py:186} INFO - Started process (PID=20638) to work on /home/airflow/.local/lib/python3.10/site-packages/airflow/example_dags/example_bash_operator.py
[2025-04-27T00:02:48.165+0000] {processor.py:914} INFO - Processing file /home/airflow/.local/lib/python3.10/site-packages/airflow/example_dags/example_bash_operator.py for tasks to queue
[2025-04-27T00:02:48.167+0000] {logging_mixin.py:190} INFO - [2025-04-27T00:02:48.167+0000] {dagbag.py:588} INFO - Filling up the DagBag from /home/airflow/.local/lib/python3.10/site-packages/airflow/example_dags/example_bash_operator.py
[2025-04-27T00:02:48.181+0000] {processor.py:925} INFO - DAG(s) 'example_bash_operator' retrieved from /home/airflow/.local/lib/python3.10/site-packages/airflow/example_dags/example_bash_operator.py
[2025-04-27T00:02:48.216+0000] {logging_mixin.py:190} INFO - [2025-04-27T00:02:48.215+0000] {dag.py:3239} INFO - Sync 1 DAGs
[2025-04-27T00:02:48.243+0000] {logging_mixin.py:190} INFO - [2025-04-27T00:02:48.242+0000] {dag.py:4180} INFO - Setting next_dagrun for example_bash_operator to 2025-04-26 00:00:00+00:00, run_after=2025-04-27 00:00:00+00:00
[2025-04-27T00:02:48.262+0000] {processor.py:208} INFO - Processing /home/airflow/.local/lib/python3.10/site-packages/airflow/example_dags/example_bash_operator.py took 0.104 seconds
[2025-04-27T00:03:18.772+0000] {processor.py:186} INFO - Started process (PID=20703) to work on /home/airflow/.local/lib/python3.10/site-packages/airflow/example_dags/example_bash_operator.py
[2025-04-27T00:03:18.774+0000] {processor.py:914} INFO - Processing file /home/airflow/.local/lib/python3.10/site-packages/airflow/example_dags/example_bash_operator.py for tasks to queue
[2025-04-27T00:03:18.776+0000] {logging_mixin.py:190} INFO - [2025-04-27T00:03:18.776+0000] {dagbag.py:588} INFO - Filling up the DagBag from /home/airflow/.local/lib/python3.10/site-packages/airflow/example_dags/example_bash_operator.py
[2025-04-27T00:03:18.790+0000] {processor.py:925} INFO - DAG(s) 'example_bash_operator' retrieved from /home/airflow/.local/lib/python3.10/site-packages/airflow/example_dags/example_bash_operator.py
[2025-04-27T00:03:18.820+0000] {logging_mixin.py:190} INFO - [2025-04-27T00:03:18.820+0000] {dag.py:3239} INFO - Sync 1 DAGs
[2025-04-27T00:03:18.845+0000] {logging_mixin.py:190} INFO - [2025-04-27T00:03:18.845+0000] {dag.py:4180} INFO - Setting next_dagrun for example_bash_operator to 2025-04-26 00:00:00+00:00, run_after=2025-04-27 00:00:00+00:00
[2025-04-27T00:03:18.867+0000] {processor.py:208} INFO - Processing /home/airflow/.local/lib/python3.10/site-packages/airflow/example_dags/example_bash_operator.py took 0.101 seconds
[2025-04-27T00:03:49.205+0000] {processor.py:186} INFO - Started process (PID=20769) to work on /home/airflow/.local/lib/python3.10/site-packages/airflow/example_dags/example_bash_operator.py
[2025-04-27T00:03:49.207+0000] {processor.py:914} INFO - Processing file /home/airflow/.local/lib/python3.10/site-packages/airflow/example_dags/example_bash_operator.py for tasks to queue
[2025-04-27T00:03:49.211+0000] {logging_mixin.py:190} INFO - [2025-04-27T00:03:49.211+0000] {dagbag.py:588} INFO - Filling up the DagBag from /home/airflow/.local/lib/python3.10/site-packages/airflow/example_dags/example_bash_operator.py
[2025-04-27T00:03:49.235+0000] {processor.py:925} INFO - DAG(s) 'example_bash_operator' retrieved from /home/airflow/.local/lib/python3.10/site-packages/airflow/example_dags/example_bash_operator.py
[2025-04-27T00:03:49.274+0000] {logging_mixin.py:190} INFO - [2025-04-27T00:03:49.274+0000] {dag.py:3239} INFO - Sync 1 DAGs
[2025-04-27T00:03:49.306+0000] {logging_mixin.py:190} INFO - [2025-04-27T00:03:49.306+0000] {dag.py:4180} INFO - Setting next_dagrun for example_bash_operator to 2025-04-26 00:00:00+00:00, run_after=2025-04-27 00:00:00+00:00
[2025-04-27T00:03:49.334+0000] {processor.py:208} INFO - Processing /home/airflow/.local/lib/python3.10/site-packages/airflow/example_dags/example_bash_operator.py took 0.137 seconds
[2025-04-27T00:04:20.125+0000] {processor.py:186} INFO - Started process (PID=20835) to work on /home/airflow/.local/lib/python3.10/site-packages/airflow/example_dags/example_bash_operator.py
[2025-04-27T00:04:20.126+0000] {processor.py:914} INFO - Processing file /home/airflow/.local/lib/python3.10/site-packages/airflow/example_dags/example_bash_operator.py for tasks to queue
[2025-04-27T00:04:20.128+0000] {logging_mixin.py:190} INFO - [2025-04-27T00:04:20.128+0000] {dagbag.py:588} INFO - Filling up the DagBag from /home/airflow/.local/lib/python3.10/site-packages/airflow/example_dags/example_bash_operator.py
[2025-04-27T00:04:20.145+0000] {processor.py:925} INFO - DAG(s) 'example_bash_operator' retrieved from /home/airflow/.local/lib/python3.10/site-packages/airflow/example_dags/example_bash_operator.py
[2025-04-27T00:04:20.175+0000] {logging_mixin.py:190} INFO - [2025-04-27T00:04:20.175+0000] {dag.py:3239} INFO - Sync 1 DAGs
[2025-04-27T00:04:20.199+0000] {logging_mixin.py:190} INFO - [2025-04-27T00:04:20.199+0000] {dag.py:4180} INFO - Setting next_dagrun for example_bash_operator to 2025-04-26 00:00:00+00:00, run_after=2025-04-27 00:00:00+00:00
[2025-04-27T00:04:20.217+0000] {processor.py:208} INFO - Processing /home/airflow/.local/lib/python3.10/site-packages/airflow/example_dags/example_bash_operator.py took 0.099 seconds
[2025-04-27T00:04:50.641+0000] {processor.py:186} INFO - Started process (PID=20901) to work on /home/airflow/.local/lib/python3.10/site-packages/airflow/example_dags/example_bash_operator.py
[2025-04-27T00:04:50.642+0000] {processor.py:914} INFO - Processing file /home/airflow/.local/lib/python3.10/site-packages/airflow/example_dags/example_bash_operator.py for tasks to queue
[2025-04-27T00:04:50.645+0000] {logging_mixin.py:190} INFO - [2025-04-27T00:04:50.645+0000] {dagbag.py:588} INFO - Filling up the DagBag from /home/airflow/.local/lib/python3.10/site-packages/airflow/example_dags/example_bash_operator.py
[2025-04-27T00:04:50.659+0000] {processor.py:925} INFO - DAG(s) 'example_bash_operator' retrieved from /home/airflow/.local/lib/python3.10/site-packages/airflow/example_dags/example_bash_operator.py
[2025-04-27T00:04:50.688+0000] {logging_mixin.py:190} INFO - [2025-04-27T00:04:50.688+0000] {dag.py:3239} INFO - Sync 1 DAGs
[2025-04-27T00:04:50.715+0000] {logging_mixin.py:190} INFO - [2025-04-27T00:04:50.715+0000] {dag.py:4180} INFO - Setting next_dagrun for example_bash_operator to 2025-04-26 00:00:00+00:00, run_after=2025-04-27 00:00:00+00:00
[2025-04-27T00:04:50.738+0000] {processor.py:208} INFO - Processing /home/airflow/.local/lib/python3.10/site-packages/airflow/example_dags/example_bash_operator.py took 0.104 seconds
[2025-04-27T00:05:21.700+0000] {processor.py:186} INFO - Started process (PID=20973) to work on /home/airflow/.local/lib/python3.10/site-packages/airflow/example_dags/example_bash_operator.py
[2025-04-27T00:05:21.701+0000] {processor.py:914} INFO - Processing file /home/airflow/.local/lib/python3.10/site-packages/airflow/example_dags/example_bash_operator.py for tasks to queue
[2025-04-27T00:05:21.703+0000] {logging_mixin.py:190} INFO - [2025-04-27T00:05:21.703+0000] {dagbag.py:588} INFO - Filling up the DagBag from /home/airflow/.local/lib/python3.10/site-packages/airflow/example_dags/example_bash_operator.py
[2025-04-27T00:05:21.715+0000] {processor.py:925} INFO - DAG(s) 'example_bash_operator' retrieved from /home/airflow/.local/lib/python3.10/site-packages/airflow/example_dags/example_bash_operator.py
[2025-04-27T00:05:21.742+0000] {logging_mixin.py:190} INFO - [2025-04-27T00:05:21.742+0000] {dag.py:3239} INFO - Sync 1 DAGs
[2025-04-27T00:05:21.765+0000] {logging_mixin.py:190} INFO - [2025-04-27T00:05:21.765+0000] {dag.py:4180} INFO - Setting next_dagrun for example_bash_operator to 2025-04-26 00:00:00+00:00, run_after=2025-04-27 00:00:00+00:00
[2025-04-27T00:05:21.784+0000] {processor.py:208} INFO - Processing /home/airflow/.local/lib/python3.10/site-packages/airflow/example_dags/example_bash_operator.py took 0.091 seconds
[2025-04-27T00:05:52.657+0000] {processor.py:186} INFO - Started process (PID=21039) to work on /home/airflow/.local/lib/python3.10/site-packages/airflow/example_dags/example_bash_operator.py
[2025-04-27T00:05:52.658+0000] {processor.py:914} INFO - Processing file /home/airflow/.local/lib/python3.10/site-packages/airflow/example_dags/example_bash_operator.py for tasks to queue
[2025-04-27T00:05:52.661+0000] {logging_mixin.py:190} INFO - [2025-04-27T00:05:52.660+0000] {dagbag.py:588} INFO - Filling up the DagBag from /home/airflow/.local/lib/python3.10/site-packages/airflow/example_dags/example_bash_operator.py
[2025-04-27T00:05:52.673+0000] {processor.py:925} INFO - DAG(s) 'example_bash_operator' retrieved from /home/airflow/.local/lib/python3.10/site-packages/airflow/example_dags/example_bash_operator.py
[2025-04-27T00:05:52.699+0000] {logging_mixin.py:190} INFO - [2025-04-27T00:05:52.698+0000] {dag.py:3239} INFO - Sync 1 DAGs
[2025-04-27T00:05:52.722+0000] {logging_mixin.py:190} INFO - [2025-04-27T00:05:52.722+0000] {dag.py:4180} INFO - Setting next_dagrun for example_bash_operator to 2025-04-26 00:00:00+00:00, run_after=2025-04-27 00:00:00+00:00
[2025-04-27T00:05:52.741+0000] {processor.py:208} INFO - Processing /home/airflow/.local/lib/python3.10/site-packages/airflow/example_dags/example_bash_operator.py took 0.090 seconds
[2025-04-27T00:06:24.017+0000] {processor.py:186} INFO - Started process (PID=21106) to work on /home/airflow/.local/lib/python3.10/site-packages/airflow/example_dags/example_bash_operator.py
[2025-04-27T00:06:24.018+0000] {processor.py:914} INFO - Processing file /home/airflow/.local/lib/python3.10/site-packages/airflow/example_dags/example_bash_operator.py for tasks to queue
[2025-04-27T00:06:24.021+0000] {logging_mixin.py:190} INFO - [2025-04-27T00:06:24.021+0000] {dagbag.py:588} INFO - Filling up the DagBag from /home/airflow/.local/lib/python3.10/site-packages/airflow/example_dags/example_bash_operator.py
[2025-04-27T00:06:24.035+0000] {processor.py:925} INFO - DAG(s) 'example_bash_operator' retrieved from /home/airflow/.local/lib/python3.10/site-packages/airflow/example_dags/example_bash_operator.py
[2025-04-27T00:06:24.068+0000] {logging_mixin.py:190} INFO - [2025-04-27T00:06:24.067+0000] {dag.py:3239} INFO - Sync 1 DAGs
[2025-04-27T00:06:24.094+0000] {logging_mixin.py:190} INFO - [2025-04-27T00:06:24.093+0000] {dag.py:4180} INFO - Setting next_dagrun for example_bash_operator to 2025-04-26 00:00:00+00:00, run_after=2025-04-27 00:00:00+00:00
[2025-04-27T00:06:24.113+0000] {processor.py:208} INFO - Processing /home/airflow/.local/lib/python3.10/site-packages/airflow/example_dags/example_bash_operator.py took 0.102 seconds
[2025-04-27T00:06:54.957+0000] {processor.py:186} INFO - Started process (PID=21172) to work on /home/airflow/.local/lib/python3.10/site-packages/airflow/example_dags/example_bash_operator.py
[2025-04-27T00:06:54.959+0000] {processor.py:914} INFO - Processing file /home/airflow/.local/lib/python3.10/site-packages/airflow/example_dags/example_bash_operator.py for tasks to queue
[2025-04-27T00:06:54.962+0000] {logging_mixin.py:190} INFO - [2025-04-27T00:06:54.961+0000] {dagbag.py:588} INFO - Filling up the DagBag from /home/airflow/.local/lib/python3.10/site-packages/airflow/example_dags/example_bash_operator.py
[2025-04-27T00:06:54.974+0000] {processor.py:925} INFO - DAG(s) 'example_bash_operator' retrieved from /home/airflow/.local/lib/python3.10/site-packages/airflow/example_dags/example_bash_operator.py
[2025-04-27T00:06:55.001+0000] {logging_mixin.py:190} INFO - [2025-04-27T00:06:55.001+0000] {dag.py:3239} INFO - Sync 1 DAGs
[2025-04-27T00:06:55.026+0000] {logging_mixin.py:190} INFO - [2025-04-27T00:06:55.026+0000] {dag.py:4180} INFO - Setting next_dagrun for example_bash_operator to 2025-04-26 00:00:00+00:00, run_after=2025-04-27 00:00:00+00:00
[2025-04-27T00:06:55.044+0000] {processor.py:208} INFO - Processing /home/airflow/.local/lib/python3.10/site-packages/airflow/example_dags/example_bash_operator.py took 0.092 seconds
[2025-04-27T00:07:25.266+0000] {processor.py:186} INFO - Started process (PID=21239) to work on /home/airflow/.local/lib/python3.10/site-packages/airflow/example_dags/example_bash_operator.py
[2025-04-27T00:07:25.267+0000] {processor.py:914} INFO - Processing file /home/airflow/.local/lib/python3.10/site-packages/airflow/example_dags/example_bash_operator.py for tasks to queue
[2025-04-27T00:07:25.270+0000] {logging_mixin.py:190} INFO - [2025-04-27T00:07:25.269+0000] {dagbag.py:588} INFO - Filling up the DagBag from /home/airflow/.local/lib/python3.10/site-packages/airflow/example_dags/example_bash_operator.py
[2025-04-27T00:07:25.282+0000] {processor.py:925} INFO - DAG(s) 'example_bash_operator' retrieved from /home/airflow/.local/lib/python3.10/site-packages/airflow/example_dags/example_bash_operator.py
[2025-04-27T00:07:25.311+0000] {logging_mixin.py:190} INFO - [2025-04-27T00:07:25.311+0000] {dag.py:3239} INFO - Sync 1 DAGs
[2025-04-27T00:07:25.335+0000] {logging_mixin.py:190} INFO - [2025-04-27T00:07:25.335+0000] {dag.py:4180} INFO - Setting next_dagrun for example_bash_operator to 2025-04-26 00:00:00+00:00, run_after=2025-04-27 00:00:00+00:00
[2025-04-27T00:07:25.356+0000] {processor.py:208} INFO - Processing /home/airflow/.local/lib/python3.10/site-packages/airflow/example_dags/example_bash_operator.py took 0.096 seconds
[2025-04-27T00:07:55.489+0000] {processor.py:186} INFO - Started process (PID=21304) to work on /home/airflow/.local/lib/python3.10/site-packages/airflow/example_dags/example_bash_operator.py
[2025-04-27T00:07:55.490+0000] {processor.py:914} INFO - Processing file /home/airflow/.local/lib/python3.10/site-packages/airflow/example_dags/example_bash_operator.py for tasks to queue
[2025-04-27T00:07:55.492+0000] {logging_mixin.py:190} INFO - [2025-04-27T00:07:55.492+0000] {dagbag.py:588} INFO - Filling up the DagBag from /home/airflow/.local/lib/python3.10/site-packages/airflow/example_dags/example_bash_operator.py
[2025-04-27T00:07:55.504+0000] {processor.py:925} INFO - DAG(s) 'example_bash_operator' retrieved from /home/airflow/.local/lib/python3.10/site-packages/airflow/example_dags/example_bash_operator.py
[2025-04-27T00:07:55.530+0000] {logging_mixin.py:190} INFO - [2025-04-27T00:07:55.530+0000] {dag.py:3239} INFO - Sync 1 DAGs
[2025-04-27T00:07:55.555+0000] {logging_mixin.py:190} INFO - [2025-04-27T00:07:55.554+0000] {dag.py:4180} INFO - Setting next_dagrun for example_bash_operator to 2025-04-26 00:00:00+00:00, run_after=2025-04-27 00:00:00+00:00
[2025-04-27T00:07:55.573+0000] {processor.py:208} INFO - Processing /home/airflow/.local/lib/python3.10/site-packages/airflow/example_dags/example_bash_operator.py took 0.090 seconds
[2025-04-27T00:08:25.953+0000] {processor.py:186} INFO - Started process (PID=21369) to work on /home/airflow/.local/lib/python3.10/site-packages/airflow/example_dags/example_bash_operator.py
[2025-04-27T00:08:25.955+0000] {processor.py:914} INFO - Processing file /home/airflow/.local/lib/python3.10/site-packages/airflow/example_dags/example_bash_operator.py for tasks to queue
[2025-04-27T00:08:25.957+0000] {logging_mixin.py:190} INFO - [2025-04-27T00:08:25.957+0000] {dagbag.py:588} INFO - Filling up the DagBag from /home/airflow/.local/lib/python3.10/site-packages/airflow/example_dags/example_bash_operator.py
[2025-04-27T00:08:25.970+0000] {processor.py:925} INFO - DAG(s) 'example_bash_operator' retrieved from /home/airflow/.local/lib/python3.10/site-packages/airflow/example_dags/example_bash_operator.py
[2025-04-27T00:08:25.996+0000] {logging_mixin.py:190} INFO - [2025-04-27T00:08:25.996+0000] {dag.py:3239} INFO - Sync 1 DAGs
[2025-04-27T00:08:26.019+0000] {logging_mixin.py:190} INFO - [2025-04-27T00:08:26.019+0000] {dag.py:4180} INFO - Setting next_dagrun for example_bash_operator to 2025-04-26 00:00:00+00:00, run_after=2025-04-27 00:00:00+00:00
[2025-04-27T00:08:26.036+0000] {processor.py:208} INFO - Processing /home/airflow/.local/lib/python3.10/site-packages/airflow/example_dags/example_bash_operator.py took 0.089 seconds
[2025-04-27T00:08:56.740+0000] {processor.py:186} INFO - Started process (PID=21435) to work on /home/airflow/.local/lib/python3.10/site-packages/airflow/example_dags/example_bash_operator.py
[2025-04-27T00:08:56.742+0000] {processor.py:914} INFO - Processing file /home/airflow/.local/lib/python3.10/site-packages/airflow/example_dags/example_bash_operator.py for tasks to queue
[2025-04-27T00:08:56.745+0000] {logging_mixin.py:190} INFO - [2025-04-27T00:08:56.744+0000] {dagbag.py:588} INFO - Filling up the DagBag from /home/airflow/.local/lib/python3.10/site-packages/airflow/example_dags/example_bash_operator.py
[2025-04-27T00:08:56.758+0000] {processor.py:925} INFO - DAG(s) 'example_bash_operator' retrieved from /home/airflow/.local/lib/python3.10/site-packages/airflow/example_dags/example_bash_operator.py
[2025-04-27T00:08:56.791+0000] {logging_mixin.py:190} INFO - [2025-04-27T00:08:56.790+0000] {dag.py:3239} INFO - Sync 1 DAGs
[2025-04-27T00:08:56.815+0000] {logging_mixin.py:190} INFO - [2025-04-27T00:08:56.814+0000] {dag.py:4180} INFO - Setting next_dagrun for example_bash_operator to 2025-04-26 00:00:00+00:00, run_after=2025-04-27 00:00:00+00:00
[2025-04-27T00:08:56.835+0000] {processor.py:208} INFO - Processing /home/airflow/.local/lib/python3.10/site-packages/airflow/example_dags/example_bash_operator.py took 0.101 seconds
[2025-04-27T00:09:27.105+0000] {processor.py:186} INFO - Started process (PID=21501) to work on /home/airflow/.local/lib/python3.10/site-packages/airflow/example_dags/example_bash_operator.py
[2025-04-27T00:09:27.106+0000] {processor.py:914} INFO - Processing file /home/airflow/.local/lib/python3.10/site-packages/airflow/example_dags/example_bash_operator.py for tasks to queue
[2025-04-27T00:09:27.109+0000] {logging_mixin.py:190} INFO - [2025-04-27T00:09:27.109+0000] {dagbag.py:588} INFO - Filling up the DagBag from /home/airflow/.local/lib/python3.10/site-packages/airflow/example_dags/example_bash_operator.py
[2025-04-27T00:09:27.127+0000] {processor.py:925} INFO - DAG(s) 'example_bash_operator' retrieved from /home/airflow/.local/lib/python3.10/site-packages/airflow/example_dags/example_bash_operator.py
[2025-04-27T00:09:27.159+0000] {logging_mixin.py:190} INFO - [2025-04-27T00:09:27.159+0000] {dag.py:3239} INFO - Sync 1 DAGs
[2025-04-27T00:09:27.185+0000] {logging_mixin.py:190} INFO - [2025-04-27T00:09:27.185+0000] {dag.py:4180} INFO - Setting next_dagrun for example_bash_operator to 2025-04-26 00:00:00+00:00, run_after=2025-04-27 00:00:00+00:00
[2025-04-27T00:09:27.204+0000] {processor.py:208} INFO - Processing /home/airflow/.local/lib/python3.10/site-packages/airflow/example_dags/example_bash_operator.py took 0.107 seconds
[2025-04-27T00:09:57.631+0000] {processor.py:186} INFO - Started process (PID=21567) to work on /home/airflow/.local/lib/python3.10/site-packages/airflow/example_dags/example_bash_operator.py
[2025-04-27T00:09:57.632+0000] {processor.py:914} INFO - Processing file /home/airflow/.local/lib/python3.10/site-packages/airflow/example_dags/example_bash_operator.py for tasks to queue
[2025-04-27T00:09:57.637+0000] {logging_mixin.py:190} INFO - [2025-04-27T00:09:57.636+0000] {dagbag.py:588} INFO - Filling up the DagBag from /home/airflow/.local/lib/python3.10/site-packages/airflow/example_dags/example_bash_operator.py
[2025-04-27T00:09:57.658+0000] {processor.py:925} INFO - DAG(s) 'example_bash_operator' retrieved from /home/airflow/.local/lib/python3.10/site-packages/airflow/example_dags/example_bash_operator.py
[2025-04-27T00:09:57.704+0000] {logging_mixin.py:190} INFO - [2025-04-27T00:09:57.703+0000] {dag.py:3239} INFO - Sync 1 DAGs
[2025-04-27T00:09:57.740+0000] {logging_mixin.py:190} INFO - [2025-04-27T00:09:57.740+0000] {dag.py:4180} INFO - Setting next_dagrun for example_bash_operator to 2025-04-26 00:00:00+00:00, run_after=2025-04-27 00:00:00+00:00
[2025-04-27T00:09:57.767+0000] {processor.py:208} INFO - Processing /home/airflow/.local/lib/python3.10/site-packages/airflow/example_dags/example_bash_operator.py took 0.148 seconds
[2025-04-27T00:10:28.330+0000] {processor.py:186} INFO - Started process (PID=21633) to work on /home/airflow/.local/lib/python3.10/site-packages/airflow/example_dags/example_bash_operator.py
[2025-04-27T00:10:28.332+0000] {processor.py:914} INFO - Processing file /home/airflow/.local/lib/python3.10/site-packages/airflow/example_dags/example_bash_operator.py for tasks to queue
[2025-04-27T00:10:28.336+0000] {logging_mixin.py:190} INFO - [2025-04-27T00:10:28.335+0000] {dagbag.py:588} INFO - Filling up the DagBag from /home/airflow/.local/lib/python3.10/site-packages/airflow/example_dags/example_bash_operator.py
[2025-04-27T00:10:28.357+0000] {processor.py:925} INFO - DAG(s) 'example_bash_operator' retrieved from /home/airflow/.local/lib/python3.10/site-packages/airflow/example_dags/example_bash_operator.py
[2025-04-27T00:10:28.397+0000] {logging_mixin.py:190} INFO - [2025-04-27T00:10:28.397+0000] {dag.py:3239} INFO - Sync 1 DAGs
[2025-04-27T00:10:28.428+0000] {logging_mixin.py:190} INFO - [2025-04-27T00:10:28.428+0000] {dag.py:4180} INFO - Setting next_dagrun for example_bash_operator to 2025-04-26 00:00:00+00:00, run_after=2025-04-27 00:00:00+00:00
[2025-04-27T00:10:28.457+0000] {processor.py:208} INFO - Processing /home/airflow/.local/lib/python3.10/site-packages/airflow/example_dags/example_bash_operator.py took 0.135 seconds
[2025-04-27T00:10:59.270+0000] {processor.py:186} INFO - Started process (PID=21699) to work on /home/airflow/.local/lib/python3.10/site-packages/airflow/example_dags/example_bash_operator.py
[2025-04-27T00:10:59.272+0000] {processor.py:914} INFO - Processing file /home/airflow/.local/lib/python3.10/site-packages/airflow/example_dags/example_bash_operator.py for tasks to queue
[2025-04-27T00:10:59.275+0000] {logging_mixin.py:190} INFO - [2025-04-27T00:10:59.275+0000] {dagbag.py:588} INFO - Filling up the DagBag from /home/airflow/.local/lib/python3.10/site-packages/airflow/example_dags/example_bash_operator.py
[2025-04-27T00:10:59.291+0000] {processor.py:925} INFO - DAG(s) 'example_bash_operator' retrieved from /home/airflow/.local/lib/python3.10/site-packages/airflow/example_dags/example_bash_operator.py
[2025-04-27T00:10:59.324+0000] {logging_mixin.py:190} INFO - [2025-04-27T00:10:59.323+0000] {dag.py:3239} INFO - Sync 1 DAGs
[2025-04-27T00:10:59.352+0000] {logging_mixin.py:190} INFO - [2025-04-27T00:10:59.352+0000] {dag.py:4180} INFO - Setting next_dagrun for example_bash_operator to 2025-04-26 00:00:00+00:00, run_after=2025-04-27 00:00:00+00:00
[2025-04-27T00:10:59.376+0000] {processor.py:208} INFO - Processing /home/airflow/.local/lib/python3.10/site-packages/airflow/example_dags/example_bash_operator.py took 0.117 seconds
[2025-04-27T00:11:29.442+0000] {processor.py:186} INFO - Started process (PID=21764) to work on /home/airflow/.local/lib/python3.10/site-packages/airflow/example_dags/example_bash_operator.py
[2025-04-27T00:11:29.443+0000] {processor.py:914} INFO - Processing file /home/airflow/.local/lib/python3.10/site-packages/airflow/example_dags/example_bash_operator.py for tasks to queue
[2025-04-27T00:11:29.446+0000] {logging_mixin.py:190} INFO - [2025-04-27T00:11:29.446+0000] {dagbag.py:588} INFO - Filling up the DagBag from /home/airflow/.local/lib/python3.10/site-packages/airflow/example_dags/example_bash_operator.py
[2025-04-27T00:11:29.459+0000] {processor.py:925} INFO - DAG(s) 'example_bash_operator' retrieved from /home/airflow/.local/lib/python3.10/site-packages/airflow/example_dags/example_bash_operator.py
[2025-04-27T00:11:29.487+0000] {logging_mixin.py:190} INFO - [2025-04-27T00:11:29.487+0000] {dag.py:3239} INFO - Sync 1 DAGs
[2025-04-27T00:11:29.511+0000] {logging_mixin.py:190} INFO - [2025-04-27T00:11:29.511+0000] {dag.py:4180} INFO - Setting next_dagrun for example_bash_operator to 2025-04-26 00:00:00+00:00, run_after=2025-04-27 00:00:00+00:00
[2025-04-27T00:11:29.528+0000] {processor.py:208} INFO - Processing /home/airflow/.local/lib/python3.10/site-packages/airflow/example_dags/example_bash_operator.py took 0.092 seconds
[2025-04-27T00:11:59.662+0000] {processor.py:186} INFO - Started process (PID=21830) to work on /home/airflow/.local/lib/python3.10/site-packages/airflow/example_dags/example_bash_operator.py
[2025-04-27T00:11:59.663+0000] {processor.py:914} INFO - Processing file /home/airflow/.local/lib/python3.10/site-packages/airflow/example_dags/example_bash_operator.py for tasks to queue
[2025-04-27T00:11:59.665+0000] {logging_mixin.py:190} INFO - [2025-04-27T00:11:59.665+0000] {dagbag.py:588} INFO - Filling up the DagBag from /home/airflow/.local/lib/python3.10/site-packages/airflow/example_dags/example_bash_operator.py
[2025-04-27T00:11:59.677+0000] {processor.py:925} INFO - DAG(s) 'example_bash_operator' retrieved from /home/airflow/.local/lib/python3.10/site-packages/airflow/example_dags/example_bash_operator.py
[2025-04-27T00:11:59.703+0000] {logging_mixin.py:190} INFO - [2025-04-27T00:11:59.703+0000] {dag.py:3239} INFO - Sync 1 DAGs
[2025-04-27T00:11:59.726+0000] {logging_mixin.py:190} INFO - [2025-04-27T00:11:59.726+0000] {dag.py:4180} INFO - Setting next_dagrun for example_bash_operator to 2025-04-26 00:00:00+00:00, run_after=2025-04-27 00:00:00+00:00
[2025-04-27T00:11:59.745+0000] {processor.py:208} INFO - Processing /home/airflow/.local/lib/python3.10/site-packages/airflow/example_dags/example_bash_operator.py took 0.089 seconds
[2025-04-27T00:12:30.618+0000] {processor.py:186} INFO - Started process (PID=21897) to work on /home/airflow/.local/lib/python3.10/site-packages/airflow/example_dags/example_bash_operator.py
[2025-04-27T00:12:30.619+0000] {processor.py:914} INFO - Processing file /home/airflow/.local/lib/python3.10/site-packages/airflow/example_dags/example_bash_operator.py for tasks to queue
[2025-04-27T00:12:30.622+0000] {logging_mixin.py:190} INFO - [2025-04-27T00:12:30.622+0000] {dagbag.py:588} INFO - Filling up the DagBag from /home/airflow/.local/lib/python3.10/site-packages/airflow/example_dags/example_bash_operator.py
[2025-04-27T00:12:30.635+0000] {processor.py:925} INFO - DAG(s) 'example_bash_operator' retrieved from /home/airflow/.local/lib/python3.10/site-packages/airflow/example_dags/example_bash_operator.py
[2025-04-27T00:12:30.662+0000] {logging_mixin.py:190} INFO - [2025-04-27T00:12:30.661+0000] {dag.py:3239} INFO - Sync 1 DAGs
[2025-04-27T00:12:30.685+0000] {logging_mixin.py:190} INFO - [2025-04-27T00:12:30.685+0000] {dag.py:4180} INFO - Setting next_dagrun for example_bash_operator to 2025-04-26 00:00:00+00:00, run_after=2025-04-27 00:00:00+00:00
[2025-04-27T00:12:30.702+0000] {processor.py:208} INFO - Processing /home/airflow/.local/lib/python3.10/site-packages/airflow/example_dags/example_bash_operator.py took 0.090 seconds
[2025-04-27T00:13:01.410+0000] {processor.py:186} INFO - Started process (PID=21963) to work on /home/airflow/.local/lib/python3.10/site-packages/airflow/example_dags/example_bash_operator.py
[2025-04-27T00:13:01.411+0000] {processor.py:914} INFO - Processing file /home/airflow/.local/lib/python3.10/site-packages/airflow/example_dags/example_bash_operator.py for tasks to queue
[2025-04-27T00:13:01.414+0000] {logging_mixin.py:190} INFO - [2025-04-27T00:13:01.413+0000] {dagbag.py:588} INFO - Filling up the DagBag from /home/airflow/.local/lib/python3.10/site-packages/airflow/example_dags/example_bash_operator.py
[2025-04-27T00:13:01.427+0000] {processor.py:925} INFO - DAG(s) 'example_bash_operator' retrieved from /home/airflow/.local/lib/python3.10/site-packages/airflow/example_dags/example_bash_operator.py
[2025-04-27T00:13:01.457+0000] {logging_mixin.py:190} INFO - [2025-04-27T00:13:01.457+0000] {dag.py:3239} INFO - Sync 1 DAGs
[2025-04-27T00:13:01.482+0000] {logging_mixin.py:190} INFO - [2025-04-27T00:13:01.482+0000] {dag.py:4180} INFO - Setting next_dagrun for example_bash_operator to 2025-04-26 00:00:00+00:00, run_after=2025-04-27 00:00:00+00:00
[2025-04-27T00:13:01.498+0000] {processor.py:208} INFO - Processing /home/airflow/.local/lib/python3.10/site-packages/airflow/example_dags/example_bash_operator.py took 0.094 seconds
[2025-04-27T00:13:31.666+0000] {processor.py:186} INFO - Started process (PID=22028) to work on /home/airflow/.local/lib/python3.10/site-packages/airflow/example_dags/example_bash_operator.py
[2025-04-27T00:13:31.667+0000] {processor.py:914} INFO - Processing file /home/airflow/.local/lib/python3.10/site-packages/airflow/example_dags/example_bash_operator.py for tasks to queue
[2025-04-27T00:13:31.669+0000] {logging_mixin.py:190} INFO - [2025-04-27T00:13:31.669+0000] {dagbag.py:588} INFO - Filling up the DagBag from /home/airflow/.local/lib/python3.10/site-packages/airflow/example_dags/example_bash_operator.py
[2025-04-27T00:13:31.683+0000] {processor.py:925} INFO - DAG(s) 'example_bash_operator' retrieved from /home/airflow/.local/lib/python3.10/site-packages/airflow/example_dags/example_bash_operator.py
[2025-04-27T00:13:31.711+0000] {logging_mixin.py:190} INFO - [2025-04-27T00:13:31.710+0000] {dag.py:3239} INFO - Sync 1 DAGs
[2025-04-27T00:13:31.733+0000] {logging_mixin.py:190} INFO - [2025-04-27T00:13:31.733+0000] {dag.py:4180} INFO - Setting next_dagrun for example_bash_operator to 2025-04-26 00:00:00+00:00, run_after=2025-04-27 00:00:00+00:00
[2025-04-27T00:13:31.750+0000] {processor.py:208} INFO - Processing /home/airflow/.local/lib/python3.10/site-packages/airflow/example_dags/example_bash_operator.py took 0.092 seconds
[2025-04-27T00:14:02.158+0000] {processor.py:186} INFO - Started process (PID=22095) to work on /home/airflow/.local/lib/python3.10/site-packages/airflow/example_dags/example_bash_operator.py
[2025-04-27T00:14:02.159+0000] {processor.py:914} INFO - Processing file /home/airflow/.local/lib/python3.10/site-packages/airflow/example_dags/example_bash_operator.py for tasks to queue
[2025-04-27T00:14:02.163+0000] {logging_mixin.py:190} INFO - [2025-04-27T00:14:02.163+0000] {dagbag.py:588} INFO - Filling up the DagBag from /home/airflow/.local/lib/python3.10/site-packages/airflow/example_dags/example_bash_operator.py
[2025-04-27T00:14:02.180+0000] {processor.py:925} INFO - DAG(s) 'example_bash_operator' retrieved from /home/airflow/.local/lib/python3.10/site-packages/airflow/example_dags/example_bash_operator.py
[2025-04-27T00:14:02.212+0000] {logging_mixin.py:190} INFO - [2025-04-27T00:14:02.212+0000] {dag.py:3239} INFO - Sync 1 DAGs
[2025-04-27T00:14:02.248+0000] {logging_mixin.py:190} INFO - [2025-04-27T00:14:02.247+0000] {dag.py:4180} INFO - Setting next_dagrun for example_bash_operator to 2025-04-26 00:00:00+00:00, run_after=2025-04-27 00:00:00+00:00
[2025-04-27T00:14:02.275+0000] {processor.py:208} INFO - Processing /home/airflow/.local/lib/python3.10/site-packages/airflow/example_dags/example_bash_operator.py took 0.125 seconds
[2025-04-27T00:14:32.932+0000] {processor.py:186} INFO - Started process (PID=22161) to work on /home/airflow/.local/lib/python3.10/site-packages/airflow/example_dags/example_bash_operator.py
[2025-04-27T00:14:32.933+0000] {processor.py:914} INFO - Processing file /home/airflow/.local/lib/python3.10/site-packages/airflow/example_dags/example_bash_operator.py for tasks to queue
[2025-04-27T00:14:32.936+0000] {logging_mixin.py:190} INFO - [2025-04-27T00:14:32.936+0000] {dagbag.py:588} INFO - Filling up the DagBag from /home/airflow/.local/lib/python3.10/site-packages/airflow/example_dags/example_bash_operator.py
[2025-04-27T00:14:32.952+0000] {processor.py:925} INFO - DAG(s) 'example_bash_operator' retrieved from /home/airflow/.local/lib/python3.10/site-packages/airflow/example_dags/example_bash_operator.py
[2025-04-27T00:14:32.980+0000] {logging_mixin.py:190} INFO - [2025-04-27T00:14:32.980+0000] {dag.py:3239} INFO - Sync 1 DAGs
[2025-04-27T00:14:33.005+0000] {logging_mixin.py:190} INFO - [2025-04-27T00:14:33.004+0000] {dag.py:4180} INFO - Setting next_dagrun for example_bash_operator to 2025-04-26 00:00:00+00:00, run_after=2025-04-27 00:00:00+00:00
[2025-04-27T00:14:33.021+0000] {processor.py:208} INFO - Processing /home/airflow/.local/lib/python3.10/site-packages/airflow/example_dags/example_bash_operator.py took 0.097 seconds
[2025-04-27T00:15:03.646+0000] {processor.py:186} INFO - Started process (PID=22228) to work on /home/airflow/.local/lib/python3.10/site-packages/airflow/example_dags/example_bash_operator.py
[2025-04-27T00:15:03.647+0000] {processor.py:914} INFO - Processing file /home/airflow/.local/lib/python3.10/site-packages/airflow/example_dags/example_bash_operator.py for tasks to queue
[2025-04-27T00:15:03.649+0000] {logging_mixin.py:190} INFO - [2025-04-27T00:15:03.649+0000] {dagbag.py:588} INFO - Filling up the DagBag from /home/airflow/.local/lib/python3.10/site-packages/airflow/example_dags/example_bash_operator.py
[2025-04-27T00:15:03.662+0000] {processor.py:925} INFO - DAG(s) 'example_bash_operator' retrieved from /home/airflow/.local/lib/python3.10/site-packages/airflow/example_dags/example_bash_operator.py
[2025-04-27T00:15:03.688+0000] {logging_mixin.py:190} INFO - [2025-04-27T00:15:03.687+0000] {dag.py:3239} INFO - Sync 1 DAGs
[2025-04-27T00:15:03.711+0000] {logging_mixin.py:190} INFO - [2025-04-27T00:15:03.711+0000] {dag.py:4180} INFO - Setting next_dagrun for example_bash_operator to 2025-04-26 00:00:00+00:00, run_after=2025-04-27 00:00:00+00:00
[2025-04-27T00:15:03.729+0000] {processor.py:208} INFO - Processing /home/airflow/.local/lib/python3.10/site-packages/airflow/example_dags/example_bash_operator.py took 0.090 seconds
[2025-04-27T00:15:34.553+0000] {processor.py:186} INFO - Started process (PID=22294) to work on /home/airflow/.local/lib/python3.10/site-packages/airflow/example_dags/example_bash_operator.py
[2025-04-27T00:15:34.554+0000] {processor.py:914} INFO - Processing file /home/airflow/.local/lib/python3.10/site-packages/airflow/example_dags/example_bash_operator.py for tasks to queue
[2025-04-27T00:15:34.557+0000] {logging_mixin.py:190} INFO - [2025-04-27T00:15:34.556+0000] {dagbag.py:588} INFO - Filling up the DagBag from /home/airflow/.local/lib/python3.10/site-packages/airflow/example_dags/example_bash_operator.py
[2025-04-27T00:15:34.572+0000] {processor.py:925} INFO - DAG(s) 'example_bash_operator' retrieved from /home/airflow/.local/lib/python3.10/site-packages/airflow/example_dags/example_bash_operator.py
[2025-04-27T00:15:34.605+0000] {logging_mixin.py:190} INFO - [2025-04-27T00:15:34.605+0000] {dag.py:3239} INFO - Sync 1 DAGs
[2025-04-27T00:15:34.632+0000] {logging_mixin.py:190} INFO - [2025-04-27T00:15:34.632+0000] {dag.py:4180} INFO - Setting next_dagrun for example_bash_operator to 2025-04-26 00:00:00+00:00, run_after=2025-04-27 00:00:00+00:00
[2025-04-27T00:15:34.657+0000] {processor.py:208} INFO - Processing /home/airflow/.local/lib/python3.10/site-packages/airflow/example_dags/example_bash_operator.py took 0.113 seconds
[2025-04-27T00:16:05.222+0000] {processor.py:186} INFO - Started process (PID=22360) to work on /home/airflow/.local/lib/python3.10/site-packages/airflow/example_dags/example_bash_operator.py
[2025-04-27T00:16:05.223+0000] {processor.py:914} INFO - Processing file /home/airflow/.local/lib/python3.10/site-packages/airflow/example_dags/example_bash_operator.py for tasks to queue
[2025-04-27T00:16:05.228+0000] {logging_mixin.py:190} INFO - [2025-04-27T00:16:05.227+0000] {dagbag.py:588} INFO - Filling up the DagBag from /home/airflow/.local/lib/python3.10/site-packages/airflow/example_dags/example_bash_operator.py
[2025-04-27T00:16:05.252+0000] {processor.py:925} INFO - DAG(s) 'example_bash_operator' retrieved from /home/airflow/.local/lib/python3.10/site-packages/airflow/example_dags/example_bash_operator.py
[2025-04-27T00:16:05.290+0000] {logging_mixin.py:190} INFO - [2025-04-27T00:16:05.290+0000] {dag.py:3239} INFO - Sync 1 DAGs
[2025-04-27T00:16:05.324+0000] {logging_mixin.py:190} INFO - [2025-04-27T00:16:05.324+0000] {dag.py:4180} INFO - Setting next_dagrun for example_bash_operator to 2025-04-26 00:00:00+00:00, run_after=2025-04-27 00:00:00+00:00
[2025-04-27T00:16:05.358+0000] {processor.py:208} INFO - Processing /home/airflow/.local/lib/python3.10/site-packages/airflow/example_dags/example_bash_operator.py took 0.148 seconds
[2025-04-27T00:16:35.848+0000] {processor.py:186} INFO - Started process (PID=22426) to work on /home/airflow/.local/lib/python3.10/site-packages/airflow/example_dags/example_bash_operator.py
[2025-04-27T00:16:35.849+0000] {processor.py:914} INFO - Processing file /home/airflow/.local/lib/python3.10/site-packages/airflow/example_dags/example_bash_operator.py for tasks to queue
[2025-04-27T00:16:35.851+0000] {logging_mixin.py:190} INFO - [2025-04-27T00:16:35.851+0000] {dagbag.py:588} INFO - Filling up the DagBag from /home/airflow/.local/lib/python3.10/site-packages/airflow/example_dags/example_bash_operator.py
[2025-04-27T00:16:35.864+0000] {processor.py:925} INFO - DAG(s) 'example_bash_operator' retrieved from /home/airflow/.local/lib/python3.10/site-packages/airflow/example_dags/example_bash_operator.py
[2025-04-27T00:16:35.892+0000] {logging_mixin.py:190} INFO - [2025-04-27T00:16:35.892+0000] {dag.py:3239} INFO - Sync 1 DAGs
[2025-04-27T00:16:35.915+0000] {logging_mixin.py:190} INFO - [2025-04-27T00:16:35.915+0000] {dag.py:4180} INFO - Setting next_dagrun for example_bash_operator to 2025-04-26 00:00:00+00:00, run_after=2025-04-27 00:00:00+00:00
[2025-04-27T00:16:35.935+0000] {processor.py:208} INFO - Processing /home/airflow/.local/lib/python3.10/site-packages/airflow/example_dags/example_bash_operator.py took 0.093 seconds
[2025-04-27T00:17:06.769+0000] {processor.py:186} INFO - Started process (PID=22492) to work on /home/airflow/.local/lib/python3.10/site-packages/airflow/example_dags/example_bash_operator.py
[2025-04-27T00:17:06.770+0000] {processor.py:914} INFO - Processing file /home/airflow/.local/lib/python3.10/site-packages/airflow/example_dags/example_bash_operator.py for tasks to queue
[2025-04-27T00:17:06.774+0000] {logging_mixin.py:190} INFO - [2025-04-27T00:17:06.773+0000] {dagbag.py:588} INFO - Filling up the DagBag from /home/airflow/.local/lib/python3.10/site-packages/airflow/example_dags/example_bash_operator.py
[2025-04-27T00:17:06.789+0000] {processor.py:925} INFO - DAG(s) 'example_bash_operator' retrieved from /home/airflow/.local/lib/python3.10/site-packages/airflow/example_dags/example_bash_operator.py
[2025-04-27T00:17:06.821+0000] {logging_mixin.py:190} INFO - [2025-04-27T00:17:06.820+0000] {dag.py:3239} INFO - Sync 1 DAGs
[2025-04-27T00:17:06.852+0000] {logging_mixin.py:190} INFO - [2025-04-27T00:17:06.852+0000] {dag.py:4180} INFO - Setting next_dagrun for example_bash_operator to 2025-04-26 00:00:00+00:00, run_after=2025-04-27 00:00:00+00:00
[2025-04-27T00:17:06.877+0000] {processor.py:208} INFO - Processing /home/airflow/.local/lib/python3.10/site-packages/airflow/example_dags/example_bash_operator.py took 0.117 seconds
[2025-04-27T00:17:36.929+0000] {processor.py:186} INFO - Started process (PID=22557) to work on /home/airflow/.local/lib/python3.10/site-packages/airflow/example_dags/example_bash_operator.py
[2025-04-27T00:17:36.930+0000] {processor.py:914} INFO - Processing file /home/airflow/.local/lib/python3.10/site-packages/airflow/example_dags/example_bash_operator.py for tasks to queue
[2025-04-27T00:17:36.932+0000] {logging_mixin.py:190} INFO - [2025-04-27T00:17:36.932+0000] {dagbag.py:588} INFO - Filling up the DagBag from /home/airflow/.local/lib/python3.10/site-packages/airflow/example_dags/example_bash_operator.py
[2025-04-27T00:17:36.946+0000] {processor.py:925} INFO - DAG(s) 'example_bash_operator' retrieved from /home/airflow/.local/lib/python3.10/site-packages/airflow/example_dags/example_bash_operator.py
[2025-04-27T00:17:36.976+0000] {logging_mixin.py:190} INFO - [2025-04-27T00:17:36.975+0000] {dag.py:3239} INFO - Sync 1 DAGs
[2025-04-27T00:17:37.005+0000] {logging_mixin.py:190} INFO - [2025-04-27T00:17:37.004+0000] {dag.py:4180} INFO - Setting next_dagrun for example_bash_operator to 2025-04-26 00:00:00+00:00, run_after=2025-04-27 00:00:00+00:00
[2025-04-27T00:17:37.028+0000] {processor.py:208} INFO - Processing /home/airflow/.local/lib/python3.10/site-packages/airflow/example_dags/example_bash_operator.py took 0.106 seconds
[2025-04-27T00:18:07.755+0000] {processor.py:186} INFO - Started process (PID=22624) to work on /home/airflow/.local/lib/python3.10/site-packages/airflow/example_dags/example_bash_operator.py
[2025-04-27T00:18:07.756+0000] {processor.py:914} INFO - Processing file /home/airflow/.local/lib/python3.10/site-packages/airflow/example_dags/example_bash_operator.py for tasks to queue
[2025-04-27T00:18:07.762+0000] {logging_mixin.py:190} INFO - [2025-04-27T00:18:07.761+0000] {dagbag.py:588} INFO - Filling up the DagBag from /home/airflow/.local/lib/python3.10/site-packages/airflow/example_dags/example_bash_operator.py
[2025-04-27T00:18:07.789+0000] {processor.py:925} INFO - DAG(s) 'example_bash_operator' retrieved from /home/airflow/.local/lib/python3.10/site-packages/airflow/example_dags/example_bash_operator.py
[2025-04-27T00:18:07.841+0000] {logging_mixin.py:190} INFO - [2025-04-27T00:18:07.841+0000] {dag.py:3239} INFO - Sync 1 DAGs
[2025-04-27T00:18:07.890+0000] {logging_mixin.py:190} INFO - [2025-04-27T00:18:07.890+0000] {dag.py:4180} INFO - Setting next_dagrun for example_bash_operator to 2025-04-26 00:00:00+00:00, run_after=2025-04-27 00:00:00+00:00
[2025-04-27T00:18:07.926+0000] {processor.py:208} INFO - Processing /home/airflow/.local/lib/python3.10/site-packages/airflow/example_dags/example_bash_operator.py took 0.181 seconds
[2025-04-27T00:18:38.000+0000] {processor.py:186} INFO - Started process (PID=22689) to work on /home/airflow/.local/lib/python3.10/site-packages/airflow/example_dags/example_bash_operator.py
[2025-04-27T00:18:38.001+0000] {processor.py:914} INFO - Processing file /home/airflow/.local/lib/python3.10/site-packages/airflow/example_dags/example_bash_operator.py for tasks to queue
[2025-04-27T00:18:38.004+0000] {logging_mixin.py:190} INFO - [2025-04-27T00:18:38.004+0000] {dagbag.py:588} INFO - Filling up the DagBag from /home/airflow/.local/lib/python3.10/site-packages/airflow/example_dags/example_bash_operator.py
[2025-04-27T00:18:38.017+0000] {processor.py:925} INFO - DAG(s) 'example_bash_operator' retrieved from /home/airflow/.local/lib/python3.10/site-packages/airflow/example_dags/example_bash_operator.py
[2025-04-27T00:18:38.047+0000] {logging_mixin.py:190} INFO - [2025-04-27T00:18:38.047+0000] {dag.py:3239} INFO - Sync 1 DAGs
[2025-04-27T00:18:38.075+0000] {logging_mixin.py:190} INFO - [2025-04-27T00:18:38.075+0000] {dag.py:4180} INFO - Setting next_dagrun for example_bash_operator to 2025-04-26 00:00:00+00:00, run_after=2025-04-27 00:00:00+00:00
[2025-04-27T00:18:38.105+0000] {processor.py:208} INFO - Processing /home/airflow/.local/lib/python3.10/site-packages/airflow/example_dags/example_bash_operator.py took 0.110 seconds
[2025-04-27T00:19:08.339+0000] {processor.py:186} INFO - Started process (PID=22755) to work on /home/airflow/.local/lib/python3.10/site-packages/airflow/example_dags/example_bash_operator.py
[2025-04-27T00:19:08.340+0000] {processor.py:914} INFO - Processing file /home/airflow/.local/lib/python3.10/site-packages/airflow/example_dags/example_bash_operator.py for tasks to queue
[2025-04-27T00:19:08.343+0000] {logging_mixin.py:190} INFO - [2025-04-27T00:19:08.343+0000] {dagbag.py:588} INFO - Filling up the DagBag from /home/airflow/.local/lib/python3.10/site-packages/airflow/example_dags/example_bash_operator.py
[2025-04-27T00:19:08.355+0000] {processor.py:925} INFO - DAG(s) 'example_bash_operator' retrieved from /home/airflow/.local/lib/python3.10/site-packages/airflow/example_dags/example_bash_operator.py
[2025-04-27T00:19:08.380+0000] {logging_mixin.py:190} INFO - [2025-04-27T00:19:08.380+0000] {dag.py:3239} INFO - Sync 1 DAGs
[2025-04-27T00:19:08.402+0000] {logging_mixin.py:190} INFO - [2025-04-27T00:19:08.401+0000] {dag.py:4180} INFO - Setting next_dagrun for example_bash_operator to 2025-04-26 00:00:00+00:00, run_after=2025-04-27 00:00:00+00:00
[2025-04-27T00:19:08.417+0000] {processor.py:208} INFO - Processing /home/airflow/.local/lib/python3.10/site-packages/airflow/example_dags/example_bash_operator.py took 0.083 seconds
[2025-04-27T00:19:38.527+0000] {processor.py:186} INFO - Started process (PID=22821) to work on /home/airflow/.local/lib/python3.10/site-packages/airflow/example_dags/example_bash_operator.py
[2025-04-27T00:19:38.528+0000] {processor.py:914} INFO - Processing file /home/airflow/.local/lib/python3.10/site-packages/airflow/example_dags/example_bash_operator.py for tasks to queue
[2025-04-27T00:19:38.530+0000] {logging_mixin.py:190} INFO - [2025-04-27T00:19:38.530+0000] {dagbag.py:588} INFO - Filling up the DagBag from /home/airflow/.local/lib/python3.10/site-packages/airflow/example_dags/example_bash_operator.py
[2025-04-27T00:19:38.542+0000] {processor.py:925} INFO - DAG(s) 'example_bash_operator' retrieved from /home/airflow/.local/lib/python3.10/site-packages/airflow/example_dags/example_bash_operator.py
[2025-04-27T00:19:38.568+0000] {logging_mixin.py:190} INFO - [2025-04-27T00:19:38.568+0000] {dag.py:3239} INFO - Sync 1 DAGs
[2025-04-27T00:19:38.589+0000] {logging_mixin.py:190} INFO - [2025-04-27T00:19:38.589+0000] {dag.py:4180} INFO - Setting next_dagrun for example_bash_operator to 2025-04-26 00:00:00+00:00, run_after=2025-04-27 00:00:00+00:00
[2025-04-27T00:19:38.605+0000] {processor.py:208} INFO - Processing /home/airflow/.local/lib/python3.10/site-packages/airflow/example_dags/example_bash_operator.py took 0.083 seconds
[2025-04-27T00:20:09.477+0000] {processor.py:186} INFO - Started process (PID=22887) to work on /home/airflow/.local/lib/python3.10/site-packages/airflow/example_dags/example_bash_operator.py
[2025-04-27T00:20:09.478+0000] {processor.py:914} INFO - Processing file /home/airflow/.local/lib/python3.10/site-packages/airflow/example_dags/example_bash_operator.py for tasks to queue
[2025-04-27T00:20:09.481+0000] {logging_mixin.py:190} INFO - [2025-04-27T00:20:09.480+0000] {dagbag.py:588} INFO - Filling up the DagBag from /home/airflow/.local/lib/python3.10/site-packages/airflow/example_dags/example_bash_operator.py
[2025-04-27T00:20:09.497+0000] {processor.py:925} INFO - DAG(s) 'example_bash_operator' retrieved from /home/airflow/.local/lib/python3.10/site-packages/airflow/example_dags/example_bash_operator.py
[2025-04-27T00:20:09.527+0000] {logging_mixin.py:190} INFO - [2025-04-27T00:20:09.526+0000] {dag.py:3239} INFO - Sync 1 DAGs
[2025-04-27T00:20:09.552+0000] {logging_mixin.py:190} INFO - [2025-04-27T00:20:09.551+0000] {dag.py:4180} INFO - Setting next_dagrun for example_bash_operator to 2025-04-26 00:00:00+00:00, run_after=2025-04-27 00:00:00+00:00
[2025-04-27T00:20:09.568+0000] {processor.py:208} INFO - Processing /home/airflow/.local/lib/python3.10/site-packages/airflow/example_dags/example_bash_operator.py took 0.098 seconds
[2025-04-27T00:20:40.136+0000] {processor.py:186} INFO - Started process (PID=22953) to work on /home/airflow/.local/lib/python3.10/site-packages/airflow/example_dags/example_bash_operator.py
[2025-04-27T00:20:40.138+0000] {processor.py:914} INFO - Processing file /home/airflow/.local/lib/python3.10/site-packages/airflow/example_dags/example_bash_operator.py for tasks to queue
[2025-04-27T00:20:40.142+0000] {logging_mixin.py:190} INFO - [2025-04-27T00:20:40.142+0000] {dagbag.py:588} INFO - Filling up the DagBag from /home/airflow/.local/lib/python3.10/site-packages/airflow/example_dags/example_bash_operator.py
[2025-04-27T00:20:40.157+0000] {processor.py:925} INFO - DAG(s) 'example_bash_operator' retrieved from /home/airflow/.local/lib/python3.10/site-packages/airflow/example_dags/example_bash_operator.py
[2025-04-27T00:20:40.188+0000] {logging_mixin.py:190} INFO - [2025-04-27T00:20:40.188+0000] {dag.py:3239} INFO - Sync 1 DAGs
[2025-04-27T00:20:40.215+0000] {logging_mixin.py:190} INFO - [2025-04-27T00:20:40.214+0000] {dag.py:4180} INFO - Setting next_dagrun for example_bash_operator to 2025-04-26 00:00:00+00:00, run_after=2025-04-27 00:00:00+00:00
[2025-04-27T00:20:40.235+0000] {processor.py:208} INFO - Processing /home/airflow/.local/lib/python3.10/site-packages/airflow/example_dags/example_bash_operator.py took 0.111 seconds
[2025-04-27T00:21:10.803+0000] {processor.py:186} INFO - Started process (PID=23019) to work on /home/airflow/.local/lib/python3.10/site-packages/airflow/example_dags/example_bash_operator.py
[2025-04-27T00:21:10.804+0000] {processor.py:914} INFO - Processing file /home/airflow/.local/lib/python3.10/site-packages/airflow/example_dags/example_bash_operator.py for tasks to queue
[2025-04-27T00:21:10.807+0000] {logging_mixin.py:190} INFO - [2025-04-27T00:21:10.807+0000] {dagbag.py:588} INFO - Filling up the DagBag from /home/airflow/.local/lib/python3.10/site-packages/airflow/example_dags/example_bash_operator.py
[2025-04-27T00:21:10.820+0000] {processor.py:925} INFO - DAG(s) 'example_bash_operator' retrieved from /home/airflow/.local/lib/python3.10/site-packages/airflow/example_dags/example_bash_operator.py
[2025-04-27T00:21:10.847+0000] {logging_mixin.py:190} INFO - [2025-04-27T00:21:10.847+0000] {dag.py:3239} INFO - Sync 1 DAGs
[2025-04-27T00:21:10.874+0000] {logging_mixin.py:190} INFO - [2025-04-27T00:21:10.873+0000] {dag.py:4180} INFO - Setting next_dagrun for example_bash_operator to 2025-04-26 00:00:00+00:00, run_after=2025-04-27 00:00:00+00:00
[2025-04-27T00:21:10.892+0000] {processor.py:208} INFO - Processing /home/airflow/.local/lib/python3.10/site-packages/airflow/example_dags/example_bash_operator.py took 0.095 seconds
[2025-04-27T00:21:41.493+0000] {processor.py:186} INFO - Started process (PID=23085) to work on /home/airflow/.local/lib/python3.10/site-packages/airflow/example_dags/example_bash_operator.py
[2025-04-27T00:21:41.501+0000] {processor.py:914} INFO - Processing file /home/airflow/.local/lib/python3.10/site-packages/airflow/example_dags/example_bash_operator.py for tasks to queue
[2025-04-27T00:21:41.505+0000] {logging_mixin.py:190} INFO - [2025-04-27T00:21:41.505+0000] {dagbag.py:588} INFO - Filling up the DagBag from /home/airflow/.local/lib/python3.10/site-packages/airflow/example_dags/example_bash_operator.py
[2025-04-27T00:21:41.520+0000] {processor.py:925} INFO - DAG(s) 'example_bash_operator' retrieved from /home/airflow/.local/lib/python3.10/site-packages/airflow/example_dags/example_bash_operator.py
[2025-04-27T00:21:41.555+0000] {logging_mixin.py:190} INFO - [2025-04-27T00:21:41.554+0000] {dag.py:3239} INFO - Sync 1 DAGs
[2025-04-27T00:21:41.585+0000] {logging_mixin.py:190} INFO - [2025-04-27T00:21:41.584+0000] {dag.py:4180} INFO - Setting next_dagrun for example_bash_operator to 2025-04-26 00:00:00+00:00, run_after=2025-04-27 00:00:00+00:00
[2025-04-27T00:21:41.607+0000] {processor.py:208} INFO - Processing /home/airflow/.local/lib/python3.10/site-packages/airflow/example_dags/example_bash_operator.py took 0.122 seconds
[2025-04-27T00:22:11.880+0000] {processor.py:186} INFO - Started process (PID=23151) to work on /home/airflow/.local/lib/python3.10/site-packages/airflow/example_dags/example_bash_operator.py
[2025-04-27T00:22:11.881+0000] {processor.py:914} INFO - Processing file /home/airflow/.local/lib/python3.10/site-packages/airflow/example_dags/example_bash_operator.py for tasks to queue
[2025-04-27T00:22:11.884+0000] {logging_mixin.py:190} INFO - [2025-04-27T00:22:11.884+0000] {dagbag.py:588} INFO - Filling up the DagBag from /home/airflow/.local/lib/python3.10/site-packages/airflow/example_dags/example_bash_operator.py
[2025-04-27T00:22:11.897+0000] {processor.py:925} INFO - DAG(s) 'example_bash_operator' retrieved from /home/airflow/.local/lib/python3.10/site-packages/airflow/example_dags/example_bash_operator.py
[2025-04-27T00:22:11.923+0000] {logging_mixin.py:190} INFO - [2025-04-27T00:22:11.923+0000] {dag.py:3239} INFO - Sync 1 DAGs
[2025-04-27T00:22:11.948+0000] {logging_mixin.py:190} INFO - [2025-04-27T00:22:11.948+0000] {dag.py:4180} INFO - Setting next_dagrun for example_bash_operator to 2025-04-26 00:00:00+00:00, run_after=2025-04-27 00:00:00+00:00
[2025-04-27T00:22:11.966+0000] {processor.py:208} INFO - Processing /home/airflow/.local/lib/python3.10/site-packages/airflow/example_dags/example_bash_operator.py took 0.093 seconds
[2025-04-27T00:22:42.367+0000] {processor.py:186} INFO - Started process (PID=23217) to work on /home/airflow/.local/lib/python3.10/site-packages/airflow/example_dags/example_bash_operator.py
[2025-04-27T00:22:42.368+0000] {processor.py:914} INFO - Processing file /home/airflow/.local/lib/python3.10/site-packages/airflow/example_dags/example_bash_operator.py for tasks to queue
[2025-04-27T00:22:42.371+0000] {logging_mixin.py:190} INFO - [2025-04-27T00:22:42.371+0000] {dagbag.py:588} INFO - Filling up the DagBag from /home/airflow/.local/lib/python3.10/site-packages/airflow/example_dags/example_bash_operator.py
[2025-04-27T00:22:42.384+0000] {processor.py:925} INFO - DAG(s) 'example_bash_operator' retrieved from /home/airflow/.local/lib/python3.10/site-packages/airflow/example_dags/example_bash_operator.py
[2025-04-27T00:22:42.414+0000] {logging_mixin.py:190} INFO - [2025-04-27T00:22:42.413+0000] {dag.py:3239} INFO - Sync 1 DAGs
[2025-04-27T00:22:42.440+0000] {logging_mixin.py:190} INFO - [2025-04-27T00:22:42.440+0000] {dag.py:4180} INFO - Setting next_dagrun for example_bash_operator to 2025-04-26 00:00:00+00:00, run_after=2025-04-27 00:00:00+00:00
[2025-04-27T00:22:42.457+0000] {processor.py:208} INFO - Processing /home/airflow/.local/lib/python3.10/site-packages/airflow/example_dags/example_bash_operator.py took 0.096 seconds
[2025-04-27T00:23:13.826+0000] {processor.py:186} INFO - Started process (PID=23283) to work on /home/airflow/.local/lib/python3.10/site-packages/airflow/example_dags/example_bash_operator.py
[2025-04-27T00:23:13.827+0000] {processor.py:914} INFO - Processing file /home/airflow/.local/lib/python3.10/site-packages/airflow/example_dags/example_bash_operator.py for tasks to queue
[2025-04-27T00:23:13.830+0000] {logging_mixin.py:190} INFO - [2025-04-27T00:23:13.829+0000] {dagbag.py:588} INFO - Filling up the DagBag from /home/airflow/.local/lib/python3.10/site-packages/airflow/example_dags/example_bash_operator.py
[2025-04-27T00:23:13.843+0000] {processor.py:925} INFO - DAG(s) 'example_bash_operator' retrieved from /home/airflow/.local/lib/python3.10/site-packages/airflow/example_dags/example_bash_operator.py
[2025-04-27T00:23:13.875+0000] {logging_mixin.py:190} INFO - [2025-04-27T00:23:13.875+0000] {dag.py:3239} INFO - Sync 1 DAGs
[2025-04-27T00:23:13.899+0000] {logging_mixin.py:190} INFO - [2025-04-27T00:23:13.899+0000] {dag.py:4180} INFO - Setting next_dagrun for example_bash_operator to 2025-04-26 00:00:00+00:00, run_after=2025-04-27 00:00:00+00:00
[2025-04-27T00:23:13.918+0000] {processor.py:208} INFO - Processing /home/airflow/.local/lib/python3.10/site-packages/airflow/example_dags/example_bash_operator.py took 0.098 seconds
[2025-04-27T00:23:44.900+0000] {processor.py:186} INFO - Started process (PID=23349) to work on /home/airflow/.local/lib/python3.10/site-packages/airflow/example_dags/example_bash_operator.py
[2025-04-27T00:23:44.902+0000] {processor.py:914} INFO - Processing file /home/airflow/.local/lib/python3.10/site-packages/airflow/example_dags/example_bash_operator.py for tasks to queue
[2025-04-27T00:23:44.904+0000] {logging_mixin.py:190} INFO - [2025-04-27T00:23:44.904+0000] {dagbag.py:588} INFO - Filling up the DagBag from /home/airflow/.local/lib/python3.10/site-packages/airflow/example_dags/example_bash_operator.py
[2025-04-27T00:23:44.920+0000] {processor.py:925} INFO - DAG(s) 'example_bash_operator' retrieved from /home/airflow/.local/lib/python3.10/site-packages/airflow/example_dags/example_bash_operator.py
[2025-04-27T00:23:44.960+0000] {logging_mixin.py:190} INFO - [2025-04-27T00:23:44.959+0000] {dag.py:3239} INFO - Sync 1 DAGs
[2025-04-27T00:23:44.994+0000] {logging_mixin.py:190} INFO - [2025-04-27T00:23:44.994+0000] {dag.py:4180} INFO - Setting next_dagrun for example_bash_operator to 2025-04-26 00:00:00+00:00, run_after=2025-04-27 00:00:00+00:00
[2025-04-27T00:23:45.028+0000] {processor.py:208} INFO - Processing /home/airflow/.local/lib/python3.10/site-packages/airflow/example_dags/example_bash_operator.py took 0.136 seconds
[2025-04-27T00:24:15.938+0000] {processor.py:186} INFO - Started process (PID=23415) to work on /home/airflow/.local/lib/python3.10/site-packages/airflow/example_dags/example_bash_operator.py
[2025-04-27T00:24:15.939+0000] {processor.py:914} INFO - Processing file /home/airflow/.local/lib/python3.10/site-packages/airflow/example_dags/example_bash_operator.py for tasks to queue
[2025-04-27T00:24:15.943+0000] {logging_mixin.py:190} INFO - [2025-04-27T00:24:15.943+0000] {dagbag.py:588} INFO - Filling up the DagBag from /home/airflow/.local/lib/python3.10/site-packages/airflow/example_dags/example_bash_operator.py
[2025-04-27T00:24:15.959+0000] {processor.py:925} INFO - DAG(s) 'example_bash_operator' retrieved from /home/airflow/.local/lib/python3.10/site-packages/airflow/example_dags/example_bash_operator.py
[2025-04-27T00:24:15.992+0000] {logging_mixin.py:190} INFO - [2025-04-27T00:24:15.992+0000] {dag.py:3239} INFO - Sync 1 DAGs
[2025-04-27T00:24:16.019+0000] {logging_mixin.py:190} INFO - [2025-04-27T00:24:16.018+0000] {dag.py:4180} INFO - Setting next_dagrun for example_bash_operator to 2025-04-26 00:00:00+00:00, run_after=2025-04-27 00:00:00+00:00
[2025-04-27T00:24:16.041+0000] {processor.py:208} INFO - Processing /home/airflow/.local/lib/python3.10/site-packages/airflow/example_dags/example_bash_operator.py took 0.110 seconds
[2025-04-27T00:24:46.801+0000] {processor.py:186} INFO - Started process (PID=23481) to work on /home/airflow/.local/lib/python3.10/site-packages/airflow/example_dags/example_bash_operator.py
[2025-04-27T00:24:46.802+0000] {processor.py:914} INFO - Processing file /home/airflow/.local/lib/python3.10/site-packages/airflow/example_dags/example_bash_operator.py for tasks to queue
[2025-04-27T00:24:46.805+0000] {logging_mixin.py:190} INFO - [2025-04-27T00:24:46.805+0000] {dagbag.py:588} INFO - Filling up the DagBag from /home/airflow/.local/lib/python3.10/site-packages/airflow/example_dags/example_bash_operator.py
[2025-04-27T00:24:46.818+0000] {processor.py:925} INFO - DAG(s) 'example_bash_operator' retrieved from /home/airflow/.local/lib/python3.10/site-packages/airflow/example_dags/example_bash_operator.py
[2025-04-27T00:24:46.850+0000] {logging_mixin.py:190} INFO - [2025-04-27T00:24:46.849+0000] {dag.py:3239} INFO - Sync 1 DAGs
[2025-04-27T00:24:46.876+0000] {logging_mixin.py:190} INFO - [2025-04-27T00:24:46.876+0000] {dag.py:4180} INFO - Setting next_dagrun for example_bash_operator to 2025-04-26 00:00:00+00:00, run_after=2025-04-27 00:00:00+00:00
[2025-04-27T00:24:46.896+0000] {processor.py:208} INFO - Processing /home/airflow/.local/lib/python3.10/site-packages/airflow/example_dags/example_bash_operator.py took 0.102 seconds
[2025-04-27T00:25:18.137+0000] {processor.py:186} INFO - Started process (PID=23547) to work on /home/airflow/.local/lib/python3.10/site-packages/airflow/example_dags/example_bash_operator.py
[2025-04-27T00:25:18.138+0000] {processor.py:914} INFO - Processing file /home/airflow/.local/lib/python3.10/site-packages/airflow/example_dags/example_bash_operator.py for tasks to queue
[2025-04-27T00:25:18.141+0000] {logging_mixin.py:190} INFO - [2025-04-27T00:25:18.141+0000] {dagbag.py:588} INFO - Filling up the DagBag from /home/airflow/.local/lib/python3.10/site-packages/airflow/example_dags/example_bash_operator.py
[2025-04-27T00:25:18.154+0000] {processor.py:925} INFO - DAG(s) 'example_bash_operator' retrieved from /home/airflow/.local/lib/python3.10/site-packages/airflow/example_dags/example_bash_operator.py
[2025-04-27T00:25:18.183+0000] {logging_mixin.py:190} INFO - [2025-04-27T00:25:18.183+0000] {dag.py:3239} INFO - Sync 1 DAGs
[2025-04-27T00:25:18.212+0000] {logging_mixin.py:190} INFO - [2025-04-27T00:25:18.211+0000] {dag.py:4180} INFO - Setting next_dagrun for example_bash_operator to 2025-04-26 00:00:00+00:00, run_after=2025-04-27 00:00:00+00:00
[2025-04-27T00:25:18.232+0000] {processor.py:208} INFO - Processing /home/airflow/.local/lib/python3.10/site-packages/airflow/example_dags/example_bash_operator.py took 0.101 seconds
