[2025-04-27T00:00:13.244+0000] {processor.py:186} INFO - Started process (PID=20283) to work on /home/airflow/.local/lib/python3.10/site-packages/airflow/example_dags/example_setup_teardown_taskflow.py
[2025-04-27T00:00:13.245+0000] {processor.py:914} INFO - Processing file /home/airflow/.local/lib/python3.10/site-packages/airflow/example_dags/example_setup_teardown_taskflow.py for tasks to queue
[2025-04-27T00:00:13.247+0000] {logging_mixin.py:190} INFO - [2025-04-27T00:00:13.247+0000] {dagbag.py:588} INFO - Filling up the DagBag from /home/airflow/.local/lib/python3.10/site-packages/airflow/example_dags/example_setup_teardown_taskflow.py
[2025-04-27T00:00:13.258+0000] {processor.py:925} INFO - DAG(s) 'example_setup_teardown_taskflow' retrieved from /home/airflow/.local/lib/python3.10/site-packages/airflow/example_dags/example_setup_teardown_taskflow.py
[2025-04-27T00:00:13.281+0000] {logging_mixin.py:190} INFO - [2025-04-27T00:00:13.281+0000] {dag.py:3239} INFO - Sync 1 DAGs
[2025-04-27T00:00:13.296+0000] {logging_mixin.py:190} INFO - [2025-04-27T00:00:13.295+0000] {dag.py:4180} INFO - Setting next_dagrun for example_setup_teardown_taskflow to None, run_after=None
[2025-04-27T00:00:13.317+0000] {processor.py:208} INFO - Processing /home/airflow/.local/lib/python3.10/site-packages/airflow/example_dags/example_setup_teardown_taskflow.py took 0.080 seconds
[2025-04-27T00:00:43.709+0000] {processor.py:186} INFO - Started process (PID=20349) to work on /home/airflow/.local/lib/python3.10/site-packages/airflow/example_dags/example_setup_teardown_taskflow.py
[2025-04-27T00:00:43.710+0000] {processor.py:914} INFO - Processing file /home/airflow/.local/lib/python3.10/site-packages/airflow/example_dags/example_setup_teardown_taskflow.py for tasks to queue
[2025-04-27T00:00:43.713+0000] {logging_mixin.py:190} INFO - [2025-04-27T00:00:43.712+0000] {dagbag.py:588} INFO - Filling up the DagBag from /home/airflow/.local/lib/python3.10/site-packages/airflow/example_dags/example_setup_teardown_taskflow.py
[2025-04-27T00:00:43.723+0000] {processor.py:925} INFO - DAG(s) 'example_setup_teardown_taskflow' retrieved from /home/airflow/.local/lib/python3.10/site-packages/airflow/example_dags/example_setup_teardown_taskflow.py
[2025-04-27T00:00:43.748+0000] {logging_mixin.py:190} INFO - [2025-04-27T00:00:43.748+0000] {dag.py:3239} INFO - Sync 1 DAGs
[2025-04-27T00:00:43.763+0000] {logging_mixin.py:190} INFO - [2025-04-27T00:00:43.763+0000] {dag.py:4180} INFO - Setting next_dagrun for example_setup_teardown_taskflow to None, run_after=None
[2025-04-27T00:00:43.785+0000] {processor.py:208} INFO - Processing /home/airflow/.local/lib/python3.10/site-packages/airflow/example_dags/example_setup_teardown_taskflow.py took 0.082 seconds
[2025-04-27T00:01:14.449+0000] {processor.py:186} INFO - Started process (PID=20415) to work on /home/airflow/.local/lib/python3.10/site-packages/airflow/example_dags/example_setup_teardown_taskflow.py
[2025-04-27T00:01:14.450+0000] {processor.py:914} INFO - Processing file /home/airflow/.local/lib/python3.10/site-packages/airflow/example_dags/example_setup_teardown_taskflow.py for tasks to queue
[2025-04-27T00:01:14.453+0000] {logging_mixin.py:190} INFO - [2025-04-27T00:01:14.453+0000] {dagbag.py:588} INFO - Filling up the DagBag from /home/airflow/.local/lib/python3.10/site-packages/airflow/example_dags/example_setup_teardown_taskflow.py
[2025-04-27T00:01:14.465+0000] {processor.py:925} INFO - DAG(s) 'example_setup_teardown_taskflow' retrieved from /home/airflow/.local/lib/python3.10/site-packages/airflow/example_dags/example_setup_teardown_taskflow.py
[2025-04-27T00:01:14.490+0000] {logging_mixin.py:190} INFO - [2025-04-27T00:01:14.489+0000] {dag.py:3239} INFO - Sync 1 DAGs
[2025-04-27T00:01:14.505+0000] {logging_mixin.py:190} INFO - [2025-04-27T00:01:14.504+0000] {dag.py:4180} INFO - Setting next_dagrun for example_setup_teardown_taskflow to None, run_after=None
[2025-04-27T00:01:14.527+0000] {processor.py:208} INFO - Processing /home/airflow/.local/lib/python3.10/site-packages/airflow/example_dags/example_setup_teardown_taskflow.py took 0.085 seconds
[2025-04-27T00:01:44.703+0000] {processor.py:186} INFO - Started process (PID=20481) to work on /home/airflow/.local/lib/python3.10/site-packages/airflow/example_dags/example_setup_teardown_taskflow.py
[2025-04-27T00:01:44.704+0000] {processor.py:914} INFO - Processing file /home/airflow/.local/lib/python3.10/site-packages/airflow/example_dags/example_setup_teardown_taskflow.py for tasks to queue
[2025-04-27T00:01:44.706+0000] {logging_mixin.py:190} INFO - [2025-04-27T00:01:44.706+0000] {dagbag.py:588} INFO - Filling up the DagBag from /home/airflow/.local/lib/python3.10/site-packages/airflow/example_dags/example_setup_teardown_taskflow.py
[2025-04-27T00:01:44.717+0000] {processor.py:925} INFO - DAG(s) 'example_setup_teardown_taskflow' retrieved from /home/airflow/.local/lib/python3.10/site-packages/airflow/example_dags/example_setup_teardown_taskflow.py
[2025-04-27T00:01:44.738+0000] {logging_mixin.py:190} INFO - [2025-04-27T00:01:44.738+0000] {dag.py:3239} INFO - Sync 1 DAGs
[2025-04-27T00:01:44.752+0000] {logging_mixin.py:190} INFO - [2025-04-27T00:01:44.752+0000] {dag.py:4180} INFO - Setting next_dagrun for example_setup_teardown_taskflow to None, run_after=None
[2025-04-27T00:01:44.771+0000] {processor.py:208} INFO - Processing /home/airflow/.local/lib/python3.10/site-packages/airflow/example_dags/example_setup_teardown_taskflow.py took 0.074 seconds
[2025-04-27T00:02:14.888+0000] {processor.py:186} INFO - Started process (PID=20547) to work on /home/airflow/.local/lib/python3.10/site-packages/airflow/example_dags/example_setup_teardown_taskflow.py
[2025-04-27T00:02:14.889+0000] {processor.py:914} INFO - Processing file /home/airflow/.local/lib/python3.10/site-packages/airflow/example_dags/example_setup_teardown_taskflow.py for tasks to queue
[2025-04-27T00:02:14.893+0000] {logging_mixin.py:190} INFO - [2025-04-27T00:02:14.893+0000] {dagbag.py:588} INFO - Filling up the DagBag from /home/airflow/.local/lib/python3.10/site-packages/airflow/example_dags/example_setup_teardown_taskflow.py
[2025-04-27T00:02:14.905+0000] {processor.py:925} INFO - DAG(s) 'example_setup_teardown_taskflow' retrieved from /home/airflow/.local/lib/python3.10/site-packages/airflow/example_dags/example_setup_teardown_taskflow.py
[2025-04-27T00:02:14.929+0000] {logging_mixin.py:190} INFO - [2025-04-27T00:02:14.929+0000] {dag.py:3239} INFO - Sync 1 DAGs
[2025-04-27T00:02:14.947+0000] {logging_mixin.py:190} INFO - [2025-04-27T00:02:14.946+0000] {dag.py:4180} INFO - Setting next_dagrun for example_setup_teardown_taskflow to None, run_after=None
[2025-04-27T00:02:14.967+0000] {processor.py:208} INFO - Processing /home/airflow/.local/lib/python3.10/site-packages/airflow/example_dags/example_setup_teardown_taskflow.py took 0.087 seconds
[2025-04-27T00:02:45.063+0000] {processor.py:186} INFO - Started process (PID=20612) to work on /home/airflow/.local/lib/python3.10/site-packages/airflow/example_dags/example_setup_teardown_taskflow.py
[2025-04-27T00:02:45.065+0000] {processor.py:914} INFO - Processing file /home/airflow/.local/lib/python3.10/site-packages/airflow/example_dags/example_setup_teardown_taskflow.py for tasks to queue
[2025-04-27T00:02:45.067+0000] {logging_mixin.py:190} INFO - [2025-04-27T00:02:45.067+0000] {dagbag.py:588} INFO - Filling up the DagBag from /home/airflow/.local/lib/python3.10/site-packages/airflow/example_dags/example_setup_teardown_taskflow.py
[2025-04-27T00:02:45.077+0000] {processor.py:925} INFO - DAG(s) 'example_setup_teardown_taskflow' retrieved from /home/airflow/.local/lib/python3.10/site-packages/airflow/example_dags/example_setup_teardown_taskflow.py
[2025-04-27T00:02:45.098+0000] {logging_mixin.py:190} INFO - [2025-04-27T00:02:45.098+0000] {dag.py:3239} INFO - Sync 1 DAGs
[2025-04-27T00:02:45.112+0000] {logging_mixin.py:190} INFO - [2025-04-27T00:02:45.112+0000] {dag.py:4180} INFO - Setting next_dagrun for example_setup_teardown_taskflow to None, run_after=None
[2025-04-27T00:02:45.128+0000] {processor.py:208} INFO - Processing /home/airflow/.local/lib/python3.10/site-packages/airflow/example_dags/example_setup_teardown_taskflow.py took 0.072 seconds
[2025-04-27T00:03:15.432+0000] {processor.py:186} INFO - Started process (PID=20678) to work on /home/airflow/.local/lib/python3.10/site-packages/airflow/example_dags/example_setup_teardown_taskflow.py
[2025-04-27T00:03:15.433+0000] {processor.py:914} INFO - Processing file /home/airflow/.local/lib/python3.10/site-packages/airflow/example_dags/example_setup_teardown_taskflow.py for tasks to queue
[2025-04-27T00:03:15.436+0000] {logging_mixin.py:190} INFO - [2025-04-27T00:03:15.436+0000] {dagbag.py:588} INFO - Filling up the DagBag from /home/airflow/.local/lib/python3.10/site-packages/airflow/example_dags/example_setup_teardown_taskflow.py
[2025-04-27T00:03:15.448+0000] {processor.py:925} INFO - DAG(s) 'example_setup_teardown_taskflow' retrieved from /home/airflow/.local/lib/python3.10/site-packages/airflow/example_dags/example_setup_teardown_taskflow.py
[2025-04-27T00:03:15.475+0000] {logging_mixin.py:190} INFO - [2025-04-27T00:03:15.475+0000] {dag.py:3239} INFO - Sync 1 DAGs
[2025-04-27T00:03:15.492+0000] {logging_mixin.py:190} INFO - [2025-04-27T00:03:15.492+0000] {dag.py:4180} INFO - Setting next_dagrun for example_setup_teardown_taskflow to None, run_after=None
[2025-04-27T00:03:15.516+0000] {processor.py:208} INFO - Processing /home/airflow/.local/lib/python3.10/site-packages/airflow/example_dags/example_setup_teardown_taskflow.py took 0.091 seconds
[2025-04-27T00:03:45.569+0000] {processor.py:186} INFO - Started process (PID=20743) to work on /home/airflow/.local/lib/python3.10/site-packages/airflow/example_dags/example_setup_teardown_taskflow.py
[2025-04-27T00:03:45.570+0000] {processor.py:914} INFO - Processing file /home/airflow/.local/lib/python3.10/site-packages/airflow/example_dags/example_setup_teardown_taskflow.py for tasks to queue
[2025-04-27T00:03:45.573+0000] {logging_mixin.py:190} INFO - [2025-04-27T00:03:45.572+0000] {dagbag.py:588} INFO - Filling up the DagBag from /home/airflow/.local/lib/python3.10/site-packages/airflow/example_dags/example_setup_teardown_taskflow.py
[2025-04-27T00:03:45.583+0000] {processor.py:925} INFO - DAG(s) 'example_setup_teardown_taskflow' retrieved from /home/airflow/.local/lib/python3.10/site-packages/airflow/example_dags/example_setup_teardown_taskflow.py
[2025-04-27T00:03:45.606+0000] {logging_mixin.py:190} INFO - [2025-04-27T00:03:45.605+0000] {dag.py:3239} INFO - Sync 1 DAGs
[2025-04-27T00:03:45.620+0000] {logging_mixin.py:190} INFO - [2025-04-27T00:03:45.619+0000] {dag.py:4180} INFO - Setting next_dagrun for example_setup_teardown_taskflow to None, run_after=None
[2025-04-27T00:03:45.641+0000] {processor.py:208} INFO - Processing /home/airflow/.local/lib/python3.10/site-packages/airflow/example_dags/example_setup_teardown_taskflow.py took 0.078 seconds
[2025-04-27T00:04:15.762+0000] {processor.py:186} INFO - Started process (PID=20809) to work on /home/airflow/.local/lib/python3.10/site-packages/airflow/example_dags/example_setup_teardown_taskflow.py
[2025-04-27T00:04:15.763+0000] {processor.py:914} INFO - Processing file /home/airflow/.local/lib/python3.10/site-packages/airflow/example_dags/example_setup_teardown_taskflow.py for tasks to queue
[2025-04-27T00:04:15.766+0000] {logging_mixin.py:190} INFO - [2025-04-27T00:04:15.765+0000] {dagbag.py:588} INFO - Filling up the DagBag from /home/airflow/.local/lib/python3.10/site-packages/airflow/example_dags/example_setup_teardown_taskflow.py
[2025-04-27T00:04:15.775+0000] {processor.py:925} INFO - DAG(s) 'example_setup_teardown_taskflow' retrieved from /home/airflow/.local/lib/python3.10/site-packages/airflow/example_dags/example_setup_teardown_taskflow.py
[2025-04-27T00:04:15.795+0000] {logging_mixin.py:190} INFO - [2025-04-27T00:04:15.795+0000] {dag.py:3239} INFO - Sync 1 DAGs
[2025-04-27T00:04:15.808+0000] {logging_mixin.py:190} INFO - [2025-04-27T00:04:15.808+0000] {dag.py:4180} INFO - Setting next_dagrun for example_setup_teardown_taskflow to None, run_after=None
[2025-04-27T00:04:15.826+0000] {processor.py:208} INFO - Processing /home/airflow/.local/lib/python3.10/site-packages/airflow/example_dags/example_setup_teardown_taskflow.py took 0.069 seconds
[2025-04-27T00:04:46.245+0000] {processor.py:186} INFO - Started process (PID=20875) to work on /home/airflow/.local/lib/python3.10/site-packages/airflow/example_dags/example_setup_teardown_taskflow.py
[2025-04-27T00:04:46.246+0000] {processor.py:914} INFO - Processing file /home/airflow/.local/lib/python3.10/site-packages/airflow/example_dags/example_setup_teardown_taskflow.py for tasks to queue
[2025-04-27T00:04:46.249+0000] {logging_mixin.py:190} INFO - [2025-04-27T00:04:46.249+0000] {dagbag.py:588} INFO - Filling up the DagBag from /home/airflow/.local/lib/python3.10/site-packages/airflow/example_dags/example_setup_teardown_taskflow.py
[2025-04-27T00:04:46.261+0000] {processor.py:925} INFO - DAG(s) 'example_setup_teardown_taskflow' retrieved from /home/airflow/.local/lib/python3.10/site-packages/airflow/example_dags/example_setup_teardown_taskflow.py
[2025-04-27T00:04:46.285+0000] {logging_mixin.py:190} INFO - [2025-04-27T00:04:46.285+0000] {dag.py:3239} INFO - Sync 1 DAGs
[2025-04-27T00:04:46.301+0000] {logging_mixin.py:190} INFO - [2025-04-27T00:04:46.301+0000] {dag.py:4180} INFO - Setting next_dagrun for example_setup_teardown_taskflow to None, run_after=None
[2025-04-27T00:04:46.321+0000] {processor.py:208} INFO - Processing /home/airflow/.local/lib/python3.10/site-packages/airflow/example_dags/example_setup_teardown_taskflow.py took 0.086 seconds
[2025-04-27T00:05:17.181+0000] {processor.py:186} INFO - Started process (PID=20941) to work on /home/airflow/.local/lib/python3.10/site-packages/airflow/example_dags/example_setup_teardown_taskflow.py
[2025-04-27T00:05:17.182+0000] {processor.py:914} INFO - Processing file /home/airflow/.local/lib/python3.10/site-packages/airflow/example_dags/example_setup_teardown_taskflow.py for tasks to queue
[2025-04-27T00:05:17.184+0000] {logging_mixin.py:190} INFO - [2025-04-27T00:05:17.184+0000] {dagbag.py:588} INFO - Filling up the DagBag from /home/airflow/.local/lib/python3.10/site-packages/airflow/example_dags/example_setup_teardown_taskflow.py
[2025-04-27T00:05:17.196+0000] {processor.py:925} INFO - DAG(s) 'example_setup_teardown_taskflow' retrieved from /home/airflow/.local/lib/python3.10/site-packages/airflow/example_dags/example_setup_teardown_taskflow.py
[2025-04-27T00:05:17.218+0000] {logging_mixin.py:190} INFO - [2025-04-27T00:05:17.218+0000] {dag.py:3239} INFO - Sync 1 DAGs
[2025-04-27T00:05:17.232+0000] {logging_mixin.py:190} INFO - [2025-04-27T00:05:17.232+0000] {dag.py:4180} INFO - Setting next_dagrun for example_setup_teardown_taskflow to None, run_after=None
[2025-04-27T00:05:17.252+0000] {processor.py:208} INFO - Processing /home/airflow/.local/lib/python3.10/site-packages/airflow/example_dags/example_setup_teardown_taskflow.py took 0.078 seconds
[2025-04-27T00:05:47.466+0000] {processor.py:186} INFO - Started process (PID=21007) to work on /home/airflow/.local/lib/python3.10/site-packages/airflow/example_dags/example_setup_teardown_taskflow.py
[2025-04-27T00:05:47.468+0000] {processor.py:914} INFO - Processing file /home/airflow/.local/lib/python3.10/site-packages/airflow/example_dags/example_setup_teardown_taskflow.py for tasks to queue
[2025-04-27T00:05:47.471+0000] {logging_mixin.py:190} INFO - [2025-04-27T00:05:47.471+0000] {dagbag.py:588} INFO - Filling up the DagBag from /home/airflow/.local/lib/python3.10/site-packages/airflow/example_dags/example_setup_teardown_taskflow.py
[2025-04-27T00:05:47.481+0000] {processor.py:925} INFO - DAG(s) 'example_setup_teardown_taskflow' retrieved from /home/airflow/.local/lib/python3.10/site-packages/airflow/example_dags/example_setup_teardown_taskflow.py
[2025-04-27T00:05:47.500+0000] {logging_mixin.py:190} INFO - [2025-04-27T00:05:47.500+0000] {dag.py:3239} INFO - Sync 1 DAGs
[2025-04-27T00:05:47.513+0000] {logging_mixin.py:190} INFO - [2025-04-27T00:05:47.513+0000] {dag.py:4180} INFO - Setting next_dagrun for example_setup_teardown_taskflow to None, run_after=None
[2025-04-27T00:05:47.528+0000] {processor.py:208} INFO - Processing /home/airflow/.local/lib/python3.10/site-packages/airflow/example_dags/example_setup_teardown_taskflow.py took 0.067 seconds
[2025-04-27T00:06:18.415+0000] {processor.py:186} INFO - Started process (PID=21073) to work on /home/airflow/.local/lib/python3.10/site-packages/airflow/example_dags/example_setup_teardown_taskflow.py
[2025-04-27T00:06:18.416+0000] {processor.py:914} INFO - Processing file /home/airflow/.local/lib/python3.10/site-packages/airflow/example_dags/example_setup_teardown_taskflow.py for tasks to queue
[2025-04-27T00:06:18.418+0000] {logging_mixin.py:190} INFO - [2025-04-27T00:06:18.418+0000] {dagbag.py:588} INFO - Filling up the DagBag from /home/airflow/.local/lib/python3.10/site-packages/airflow/example_dags/example_setup_teardown_taskflow.py
[2025-04-27T00:06:18.430+0000] {processor.py:925} INFO - DAG(s) 'example_setup_teardown_taskflow' retrieved from /home/airflow/.local/lib/python3.10/site-packages/airflow/example_dags/example_setup_teardown_taskflow.py
[2025-04-27T00:06:18.458+0000] {logging_mixin.py:190} INFO - [2025-04-27T00:06:18.458+0000] {dag.py:3239} INFO - Sync 1 DAGs
[2025-04-27T00:06:18.474+0000] {logging_mixin.py:190} INFO - [2025-04-27T00:06:18.474+0000] {dag.py:4180} INFO - Setting next_dagrun for example_setup_teardown_taskflow to None, run_after=None
[2025-04-27T00:06:18.496+0000] {processor.py:208} INFO - Processing /home/airflow/.local/lib/python3.10/site-packages/airflow/example_dags/example_setup_teardown_taskflow.py took 0.089 seconds
[2025-04-27T00:06:48.657+0000] {processor.py:186} INFO - Started process (PID=21139) to work on /home/airflow/.local/lib/python3.10/site-packages/airflow/example_dags/example_setup_teardown_taskflow.py
[2025-04-27T00:06:48.658+0000] {processor.py:914} INFO - Processing file /home/airflow/.local/lib/python3.10/site-packages/airflow/example_dags/example_setup_teardown_taskflow.py for tasks to queue
[2025-04-27T00:06:48.660+0000] {logging_mixin.py:190} INFO - [2025-04-27T00:06:48.660+0000] {dagbag.py:588} INFO - Filling up the DagBag from /home/airflow/.local/lib/python3.10/site-packages/airflow/example_dags/example_setup_teardown_taskflow.py
[2025-04-27T00:06:48.672+0000] {processor.py:925} INFO - DAG(s) 'example_setup_teardown_taskflow' retrieved from /home/airflow/.local/lib/python3.10/site-packages/airflow/example_dags/example_setup_teardown_taskflow.py
[2025-04-27T00:06:48.695+0000] {logging_mixin.py:190} INFO - [2025-04-27T00:06:48.695+0000] {dag.py:3239} INFO - Sync 1 DAGs
[2025-04-27T00:06:48.710+0000] {logging_mixin.py:190} INFO - [2025-04-27T00:06:48.710+0000] {dag.py:4180} INFO - Setting next_dagrun for example_setup_teardown_taskflow to None, run_after=None
[2025-04-27T00:06:48.729+0000] {processor.py:208} INFO - Processing /home/airflow/.local/lib/python3.10/site-packages/airflow/example_dags/example_setup_teardown_taskflow.py took 0.079 seconds
[2025-04-27T00:07:18.913+0000] {processor.py:186} INFO - Started process (PID=21205) to work on /home/airflow/.local/lib/python3.10/site-packages/airflow/example_dags/example_setup_teardown_taskflow.py
[2025-04-27T00:07:18.914+0000] {processor.py:914} INFO - Processing file /home/airflow/.local/lib/python3.10/site-packages/airflow/example_dags/example_setup_teardown_taskflow.py for tasks to queue
[2025-04-27T00:07:18.916+0000] {logging_mixin.py:190} INFO - [2025-04-27T00:07:18.916+0000] {dagbag.py:588} INFO - Filling up the DagBag from /home/airflow/.local/lib/python3.10/site-packages/airflow/example_dags/example_setup_teardown_taskflow.py
[2025-04-27T00:07:18.928+0000] {processor.py:925} INFO - DAG(s) 'example_setup_teardown_taskflow' retrieved from /home/airflow/.local/lib/python3.10/site-packages/airflow/example_dags/example_setup_teardown_taskflow.py
[2025-04-27T00:07:18.953+0000] {logging_mixin.py:190} INFO - [2025-04-27T00:07:18.952+0000] {dag.py:3239} INFO - Sync 1 DAGs
[2025-04-27T00:07:18.966+0000] {logging_mixin.py:190} INFO - [2025-04-27T00:07:18.966+0000] {dag.py:4180} INFO - Setting next_dagrun for example_setup_teardown_taskflow to None, run_after=None
[2025-04-27T00:07:18.981+0000] {processor.py:208} INFO - Processing /home/airflow/.local/lib/python3.10/site-packages/airflow/example_dags/example_setup_teardown_taskflow.py took 0.076 seconds
[2025-04-27T00:07:49.236+0000] {processor.py:186} INFO - Started process (PID=21272) to work on /home/airflow/.local/lib/python3.10/site-packages/airflow/example_dags/example_setup_teardown_taskflow.py
[2025-04-27T00:07:49.238+0000] {processor.py:914} INFO - Processing file /home/airflow/.local/lib/python3.10/site-packages/airflow/example_dags/example_setup_teardown_taskflow.py for tasks to queue
[2025-04-27T00:07:49.242+0000] {logging_mixin.py:190} INFO - [2025-04-27T00:07:49.241+0000] {dagbag.py:588} INFO - Filling up the DagBag from /home/airflow/.local/lib/python3.10/site-packages/airflow/example_dags/example_setup_teardown_taskflow.py
[2025-04-27T00:07:49.256+0000] {processor.py:925} INFO - DAG(s) 'example_setup_teardown_taskflow' retrieved from /home/airflow/.local/lib/python3.10/site-packages/airflow/example_dags/example_setup_teardown_taskflow.py
[2025-04-27T00:07:49.278+0000] {logging_mixin.py:190} INFO - [2025-04-27T00:07:49.278+0000] {dag.py:3239} INFO - Sync 1 DAGs
[2025-04-27T00:07:49.293+0000] {logging_mixin.py:190} INFO - [2025-04-27T00:07:49.293+0000] {dag.py:4180} INFO - Setting next_dagrun for example_setup_teardown_taskflow to None, run_after=None
[2025-04-27T00:07:49.313+0000] {processor.py:208} INFO - Processing /home/airflow/.local/lib/python3.10/site-packages/airflow/example_dags/example_setup_teardown_taskflow.py took 0.084 seconds
[2025-04-27T00:08:20.291+0000] {processor.py:186} INFO - Started process (PID=21338) to work on /home/airflow/.local/lib/python3.10/site-packages/airflow/example_dags/example_setup_teardown_taskflow.py
[2025-04-27T00:08:20.292+0000] {processor.py:914} INFO - Processing file /home/airflow/.local/lib/python3.10/site-packages/airflow/example_dags/example_setup_teardown_taskflow.py for tasks to queue
[2025-04-27T00:08:20.295+0000] {logging_mixin.py:190} INFO - [2025-04-27T00:08:20.294+0000] {dagbag.py:588} INFO - Filling up the DagBag from /home/airflow/.local/lib/python3.10/site-packages/airflow/example_dags/example_setup_teardown_taskflow.py
[2025-04-27T00:08:20.305+0000] {processor.py:925} INFO - DAG(s) 'example_setup_teardown_taskflow' retrieved from /home/airflow/.local/lib/python3.10/site-packages/airflow/example_dags/example_setup_teardown_taskflow.py
[2025-04-27T00:08:20.327+0000] {logging_mixin.py:190} INFO - [2025-04-27T00:08:20.327+0000] {dag.py:3239} INFO - Sync 1 DAGs
[2025-04-27T00:08:20.341+0000] {logging_mixin.py:190} INFO - [2025-04-27T00:08:20.341+0000] {dag.py:4180} INFO - Setting next_dagrun for example_setup_teardown_taskflow to None, run_after=None
[2025-04-27T00:08:20.360+0000] {processor.py:208} INFO - Processing /home/airflow/.local/lib/python3.10/site-packages/airflow/example_dags/example_setup_teardown_taskflow.py took 0.075 seconds
[2025-04-27T00:08:50.741+0000] {processor.py:186} INFO - Started process (PID=21404) to work on /home/airflow/.local/lib/python3.10/site-packages/airflow/example_dags/example_setup_teardown_taskflow.py
[2025-04-27T00:08:50.742+0000] {processor.py:914} INFO - Processing file /home/airflow/.local/lib/python3.10/site-packages/airflow/example_dags/example_setup_teardown_taskflow.py for tasks to queue
[2025-04-27T00:08:50.744+0000] {logging_mixin.py:190} INFO - [2025-04-27T00:08:50.744+0000] {dagbag.py:588} INFO - Filling up the DagBag from /home/airflow/.local/lib/python3.10/site-packages/airflow/example_dags/example_setup_teardown_taskflow.py
[2025-04-27T00:08:50.755+0000] {processor.py:925} INFO - DAG(s) 'example_setup_teardown_taskflow' retrieved from /home/airflow/.local/lib/python3.10/site-packages/airflow/example_dags/example_setup_teardown_taskflow.py
[2025-04-27T00:08:50.778+0000] {logging_mixin.py:190} INFO - [2025-04-27T00:08:50.778+0000] {dag.py:3239} INFO - Sync 1 DAGs
[2025-04-27T00:08:50.792+0000] {logging_mixin.py:190} INFO - [2025-04-27T00:08:50.792+0000] {dag.py:4180} INFO - Setting next_dagrun for example_setup_teardown_taskflow to None, run_after=None
[2025-04-27T00:08:50.808+0000] {processor.py:208} INFO - Processing /home/airflow/.local/lib/python3.10/site-packages/airflow/example_dags/example_setup_teardown_taskflow.py took 0.074 seconds
[2025-04-27T00:09:21.052+0000] {processor.py:186} INFO - Started process (PID=21470) to work on /home/airflow/.local/lib/python3.10/site-packages/airflow/example_dags/example_setup_teardown_taskflow.py
[2025-04-27T00:09:21.053+0000] {processor.py:914} INFO - Processing file /home/airflow/.local/lib/python3.10/site-packages/airflow/example_dags/example_setup_teardown_taskflow.py for tasks to queue
[2025-04-27T00:09:21.057+0000] {logging_mixin.py:190} INFO - [2025-04-27T00:09:21.056+0000] {dagbag.py:588} INFO - Filling up the DagBag from /home/airflow/.local/lib/python3.10/site-packages/airflow/example_dags/example_setup_teardown_taskflow.py
[2025-04-27T00:09:21.073+0000] {processor.py:925} INFO - DAG(s) 'example_setup_teardown_taskflow' retrieved from /home/airflow/.local/lib/python3.10/site-packages/airflow/example_dags/example_setup_teardown_taskflow.py
[2025-04-27T00:09:21.105+0000] {logging_mixin.py:190} INFO - [2025-04-27T00:09:21.105+0000] {dag.py:3239} INFO - Sync 1 DAGs
[2025-04-27T00:09:21.122+0000] {logging_mixin.py:190} INFO - [2025-04-27T00:09:21.122+0000] {dag.py:4180} INFO - Setting next_dagrun for example_setup_teardown_taskflow to None, run_after=None
[2025-04-27T00:09:21.153+0000] {processor.py:208} INFO - Processing /home/airflow/.local/lib/python3.10/site-packages/airflow/example_dags/example_setup_teardown_taskflow.py took 0.111 seconds
[2025-04-27T00:09:52.121+0000] {processor.py:186} INFO - Started process (PID=21542) to work on /home/airflow/.local/lib/python3.10/site-packages/airflow/example_dags/example_setup_teardown_taskflow.py
[2025-04-27T00:09:52.123+0000] {processor.py:914} INFO - Processing file /home/airflow/.local/lib/python3.10/site-packages/airflow/example_dags/example_setup_teardown_taskflow.py for tasks to queue
[2025-04-27T00:09:52.127+0000] {logging_mixin.py:190} INFO - [2025-04-27T00:09:52.126+0000] {dagbag.py:588} INFO - Filling up the DagBag from /home/airflow/.local/lib/python3.10/site-packages/airflow/example_dags/example_setup_teardown_taskflow.py
[2025-04-27T00:09:52.145+0000] {processor.py:925} INFO - DAG(s) 'example_setup_teardown_taskflow' retrieved from /home/airflow/.local/lib/python3.10/site-packages/airflow/example_dags/example_setup_teardown_taskflow.py
[2025-04-27T00:09:52.180+0000] {logging_mixin.py:190} INFO - [2025-04-27T00:09:52.180+0000] {dag.py:3239} INFO - Sync 1 DAGs
[2025-04-27T00:09:52.201+0000] {logging_mixin.py:190} INFO - [2025-04-27T00:09:52.200+0000] {dag.py:4180} INFO - Setting next_dagrun for example_setup_teardown_taskflow to None, run_after=None
[2025-04-27T00:09:52.237+0000] {processor.py:208} INFO - Processing /home/airflow/.local/lib/python3.10/site-packages/airflow/example_dags/example_setup_teardown_taskflow.py took 0.125 seconds
[2025-04-27T00:10:22.340+0000] {processor.py:186} INFO - Started process (PID=21607) to work on /home/airflow/.local/lib/python3.10/site-packages/airflow/example_dags/example_setup_teardown_taskflow.py
[2025-04-27T00:10:22.343+0000] {processor.py:914} INFO - Processing file /home/airflow/.local/lib/python3.10/site-packages/airflow/example_dags/example_setup_teardown_taskflow.py for tasks to queue
[2025-04-27T00:10:22.347+0000] {logging_mixin.py:190} INFO - [2025-04-27T00:10:22.346+0000] {dagbag.py:588} INFO - Filling up the DagBag from /home/airflow/.local/lib/python3.10/site-packages/airflow/example_dags/example_setup_teardown_taskflow.py
[2025-04-27T00:10:22.362+0000] {processor.py:925} INFO - DAG(s) 'example_setup_teardown_taskflow' retrieved from /home/airflow/.local/lib/python3.10/site-packages/airflow/example_dags/example_setup_teardown_taskflow.py
[2025-04-27T00:10:22.388+0000] {logging_mixin.py:190} INFO - [2025-04-27T00:10:22.388+0000] {dag.py:3239} INFO - Sync 1 DAGs
[2025-04-27T00:10:22.407+0000] {logging_mixin.py:190} INFO - [2025-04-27T00:10:22.406+0000] {dag.py:4180} INFO - Setting next_dagrun for example_setup_teardown_taskflow to None, run_after=None
[2025-04-27T00:10:22.429+0000] {processor.py:208} INFO - Processing /home/airflow/.local/lib/python3.10/site-packages/airflow/example_dags/example_setup_teardown_taskflow.py took 0.099 seconds
[2025-04-27T00:10:52.869+0000] {processor.py:186} INFO - Started process (PID=21673) to work on /home/airflow/.local/lib/python3.10/site-packages/airflow/example_dags/example_setup_teardown_taskflow.py
[2025-04-27T00:10:52.871+0000] {processor.py:914} INFO - Processing file /home/airflow/.local/lib/python3.10/site-packages/airflow/example_dags/example_setup_teardown_taskflow.py for tasks to queue
[2025-04-27T00:10:52.873+0000] {logging_mixin.py:190} INFO - [2025-04-27T00:10:52.873+0000] {dagbag.py:588} INFO - Filling up the DagBag from /home/airflow/.local/lib/python3.10/site-packages/airflow/example_dags/example_setup_teardown_taskflow.py
[2025-04-27T00:10:52.884+0000] {processor.py:925} INFO - DAG(s) 'example_setup_teardown_taskflow' retrieved from /home/airflow/.local/lib/python3.10/site-packages/airflow/example_dags/example_setup_teardown_taskflow.py
[2025-04-27T00:10:52.905+0000] {logging_mixin.py:190} INFO - [2025-04-27T00:10:52.905+0000] {dag.py:3239} INFO - Sync 1 DAGs
[2025-04-27T00:10:52.919+0000] {logging_mixin.py:190} INFO - [2025-04-27T00:10:52.918+0000] {dag.py:4180} INFO - Setting next_dagrun for example_setup_teardown_taskflow to None, run_after=None
[2025-04-27T00:10:52.940+0000] {processor.py:208} INFO - Processing /home/airflow/.local/lib/python3.10/site-packages/airflow/example_dags/example_setup_teardown_taskflow.py took 0.077 seconds
[2025-04-27T00:11:23.454+0000] {processor.py:186} INFO - Started process (PID=21739) to work on /home/airflow/.local/lib/python3.10/site-packages/airflow/example_dags/example_setup_teardown_taskflow.py
[2025-04-27T00:11:23.455+0000] {processor.py:914} INFO - Processing file /home/airflow/.local/lib/python3.10/site-packages/airflow/example_dags/example_setup_teardown_taskflow.py for tasks to queue
[2025-04-27T00:11:23.457+0000] {logging_mixin.py:190} INFO - [2025-04-27T00:11:23.457+0000] {dagbag.py:588} INFO - Filling up the DagBag from /home/airflow/.local/lib/python3.10/site-packages/airflow/example_dags/example_setup_teardown_taskflow.py
[2025-04-27T00:11:23.468+0000] {processor.py:925} INFO - DAG(s) 'example_setup_teardown_taskflow' retrieved from /home/airflow/.local/lib/python3.10/site-packages/airflow/example_dags/example_setup_teardown_taskflow.py
[2025-04-27T00:11:23.491+0000] {logging_mixin.py:190} INFO - [2025-04-27T00:11:23.490+0000] {dag.py:3239} INFO - Sync 1 DAGs
[2025-04-27T00:11:23.504+0000] {logging_mixin.py:190} INFO - [2025-04-27T00:11:23.504+0000] {dag.py:4180} INFO - Setting next_dagrun for example_setup_teardown_taskflow to None, run_after=None
[2025-04-27T00:11:23.525+0000] {processor.py:208} INFO - Processing /home/airflow/.local/lib/python3.10/site-packages/airflow/example_dags/example_setup_teardown_taskflow.py took 0.077 seconds
[2025-04-27T00:11:53.700+0000] {processor.py:186} INFO - Started process (PID=21805) to work on /home/airflow/.local/lib/python3.10/site-packages/airflow/example_dags/example_setup_teardown_taskflow.py
[2025-04-27T00:11:53.701+0000] {processor.py:914} INFO - Processing file /home/airflow/.local/lib/python3.10/site-packages/airflow/example_dags/example_setup_teardown_taskflow.py for tasks to queue
[2025-04-27T00:11:53.703+0000] {logging_mixin.py:190} INFO - [2025-04-27T00:11:53.703+0000] {dagbag.py:588} INFO - Filling up the DagBag from /home/airflow/.local/lib/python3.10/site-packages/airflow/example_dags/example_setup_teardown_taskflow.py
[2025-04-27T00:11:53.712+0000] {processor.py:925} INFO - DAG(s) 'example_setup_teardown_taskflow' retrieved from /home/airflow/.local/lib/python3.10/site-packages/airflow/example_dags/example_setup_teardown_taskflow.py
[2025-04-27T00:11:53.731+0000] {logging_mixin.py:190} INFO - [2025-04-27T00:11:53.731+0000] {dag.py:3239} INFO - Sync 1 DAGs
[2025-04-27T00:11:53.748+0000] {logging_mixin.py:190} INFO - [2025-04-27T00:11:53.748+0000] {dag.py:4180} INFO - Setting next_dagrun for example_setup_teardown_taskflow to None, run_after=None
[2025-04-27T00:11:53.765+0000] {processor.py:208} INFO - Processing /home/airflow/.local/lib/python3.10/site-packages/airflow/example_dags/example_setup_teardown_taskflow.py took 0.070 seconds
[2025-04-27T00:12:23.956+0000] {processor.py:186} INFO - Started process (PID=21871) to work on /home/airflow/.local/lib/python3.10/site-packages/airflow/example_dags/example_setup_teardown_taskflow.py
[2025-04-27T00:12:23.957+0000] {processor.py:914} INFO - Processing file /home/airflow/.local/lib/python3.10/site-packages/airflow/example_dags/example_setup_teardown_taskflow.py for tasks to queue
[2025-04-27T00:12:23.960+0000] {logging_mixin.py:190} INFO - [2025-04-27T00:12:23.960+0000] {dagbag.py:588} INFO - Filling up the DagBag from /home/airflow/.local/lib/python3.10/site-packages/airflow/example_dags/example_setup_teardown_taskflow.py
[2025-04-27T00:12:23.973+0000] {processor.py:925} INFO - DAG(s) 'example_setup_teardown_taskflow' retrieved from /home/airflow/.local/lib/python3.10/site-packages/airflow/example_dags/example_setup_teardown_taskflow.py
[2025-04-27T00:12:23.997+0000] {logging_mixin.py:190} INFO - [2025-04-27T00:12:23.996+0000] {dag.py:3239} INFO - Sync 1 DAGs
[2025-04-27T00:12:24.012+0000] {logging_mixin.py:190} INFO - [2025-04-27T00:12:24.012+0000] {dag.py:4180} INFO - Setting next_dagrun for example_setup_teardown_taskflow to None, run_after=None
[2025-04-27T00:12:24.032+0000] {processor.py:208} INFO - Processing /home/airflow/.local/lib/python3.10/site-packages/airflow/example_dags/example_setup_teardown_taskflow.py took 0.082 seconds
[2025-04-27T00:12:54.654+0000] {processor.py:186} INFO - Started process (PID=21937) to work on /home/airflow/.local/lib/python3.10/site-packages/airflow/example_dags/example_setup_teardown_taskflow.py
[2025-04-27T00:12:54.655+0000] {processor.py:914} INFO - Processing file /home/airflow/.local/lib/python3.10/site-packages/airflow/example_dags/example_setup_teardown_taskflow.py for tasks to queue
[2025-04-27T00:12:54.658+0000] {logging_mixin.py:190} INFO - [2025-04-27T00:12:54.657+0000] {dagbag.py:588} INFO - Filling up the DagBag from /home/airflow/.local/lib/python3.10/site-packages/airflow/example_dags/example_setup_teardown_taskflow.py
[2025-04-27T00:12:54.669+0000] {processor.py:925} INFO - DAG(s) 'example_setup_teardown_taskflow' retrieved from /home/airflow/.local/lib/python3.10/site-packages/airflow/example_dags/example_setup_teardown_taskflow.py
[2025-04-27T00:12:54.691+0000] {logging_mixin.py:190} INFO - [2025-04-27T00:12:54.691+0000] {dag.py:3239} INFO - Sync 1 DAGs
[2025-04-27T00:12:54.704+0000] {logging_mixin.py:190} INFO - [2025-04-27T00:12:54.704+0000] {dag.py:4180} INFO - Setting next_dagrun for example_setup_teardown_taskflow to None, run_after=None
[2025-04-27T00:12:54.721+0000] {processor.py:208} INFO - Processing /home/airflow/.local/lib/python3.10/site-packages/airflow/example_dags/example_setup_teardown_taskflow.py took 0.072 seconds
[2025-04-27T00:13:25.059+0000] {processor.py:186} INFO - Started process (PID=22003) to work on /home/airflow/.local/lib/python3.10/site-packages/airflow/example_dags/example_setup_teardown_taskflow.py
[2025-04-27T00:13:25.060+0000] {processor.py:914} INFO - Processing file /home/airflow/.local/lib/python3.10/site-packages/airflow/example_dags/example_setup_teardown_taskflow.py for tasks to queue
[2025-04-27T00:13:25.062+0000] {logging_mixin.py:190} INFO - [2025-04-27T00:13:25.062+0000] {dagbag.py:588} INFO - Filling up the DagBag from /home/airflow/.local/lib/python3.10/site-packages/airflow/example_dags/example_setup_teardown_taskflow.py
[2025-04-27T00:13:25.072+0000] {processor.py:925} INFO - DAG(s) 'example_setup_teardown_taskflow' retrieved from /home/airflow/.local/lib/python3.10/site-packages/airflow/example_dags/example_setup_teardown_taskflow.py
[2025-04-27T00:13:25.093+0000] {logging_mixin.py:190} INFO - [2025-04-27T00:13:25.092+0000] {dag.py:3239} INFO - Sync 1 DAGs
[2025-04-27T00:13:25.106+0000] {logging_mixin.py:190} INFO - [2025-04-27T00:13:25.106+0000] {dag.py:4180} INFO - Setting next_dagrun for example_setup_teardown_taskflow to None, run_after=None
[2025-04-27T00:13:25.124+0000] {processor.py:208} INFO - Processing /home/airflow/.local/lib/python3.10/site-packages/airflow/example_dags/example_setup_teardown_taskflow.py took 0.071 seconds
[2025-04-27T00:13:55.301+0000] {processor.py:186} INFO - Started process (PID=22070) to work on /home/airflow/.local/lib/python3.10/site-packages/airflow/example_dags/example_setup_teardown_taskflow.py
[2025-04-27T00:13:55.302+0000] {processor.py:914} INFO - Processing file /home/airflow/.local/lib/python3.10/site-packages/airflow/example_dags/example_setup_teardown_taskflow.py for tasks to queue
[2025-04-27T00:13:55.304+0000] {logging_mixin.py:190} INFO - [2025-04-27T00:13:55.303+0000] {dagbag.py:588} INFO - Filling up the DagBag from /home/airflow/.local/lib/python3.10/site-packages/airflow/example_dags/example_setup_teardown_taskflow.py
[2025-04-27T00:13:55.314+0000] {processor.py:925} INFO - DAG(s) 'example_setup_teardown_taskflow' retrieved from /home/airflow/.local/lib/python3.10/site-packages/airflow/example_dags/example_setup_teardown_taskflow.py
[2025-04-27T00:13:55.335+0000] {logging_mixin.py:190} INFO - [2025-04-27T00:13:55.335+0000] {dag.py:3239} INFO - Sync 1 DAGs
[2025-04-27T00:13:55.348+0000] {logging_mixin.py:190} INFO - [2025-04-27T00:13:55.348+0000] {dag.py:4180} INFO - Setting next_dagrun for example_setup_teardown_taskflow to None, run_after=None
[2025-04-27T00:13:55.364+0000] {processor.py:208} INFO - Processing /home/airflow/.local/lib/python3.10/site-packages/airflow/example_dags/example_setup_teardown_taskflow.py took 0.069 seconds
[2025-04-27T00:14:25.964+0000] {processor.py:186} INFO - Started process (PID=22136) to work on /home/airflow/.local/lib/python3.10/site-packages/airflow/example_dags/example_setup_teardown_taskflow.py
[2025-04-27T00:14:25.965+0000] {processor.py:914} INFO - Processing file /home/airflow/.local/lib/python3.10/site-packages/airflow/example_dags/example_setup_teardown_taskflow.py for tasks to queue
[2025-04-27T00:14:25.968+0000] {logging_mixin.py:190} INFO - [2025-04-27T00:14:25.967+0000] {dagbag.py:588} INFO - Filling up the DagBag from /home/airflow/.local/lib/python3.10/site-packages/airflow/example_dags/example_setup_teardown_taskflow.py
[2025-04-27T00:14:25.978+0000] {processor.py:925} INFO - DAG(s) 'example_setup_teardown_taskflow' retrieved from /home/airflow/.local/lib/python3.10/site-packages/airflow/example_dags/example_setup_teardown_taskflow.py
[2025-04-27T00:14:25.999+0000] {logging_mixin.py:190} INFO - [2025-04-27T00:14:25.999+0000] {dag.py:3239} INFO - Sync 1 DAGs
[2025-04-27T00:14:26.014+0000] {logging_mixin.py:190} INFO - [2025-04-27T00:14:26.014+0000] {dag.py:4180} INFO - Setting next_dagrun for example_setup_teardown_taskflow to None, run_after=None
[2025-04-27T00:14:26.033+0000] {processor.py:208} INFO - Processing /home/airflow/.local/lib/python3.10/site-packages/airflow/example_dags/example_setup_teardown_taskflow.py took 0.075 seconds
[2025-04-27T00:14:56.344+0000] {processor.py:186} INFO - Started process (PID=22202) to work on /home/airflow/.local/lib/python3.10/site-packages/airflow/example_dags/example_setup_teardown_taskflow.py
[2025-04-27T00:14:56.346+0000] {processor.py:914} INFO - Processing file /home/airflow/.local/lib/python3.10/site-packages/airflow/example_dags/example_setup_teardown_taskflow.py for tasks to queue
[2025-04-27T00:14:56.350+0000] {logging_mixin.py:190} INFO - [2025-04-27T00:14:56.349+0000] {dagbag.py:588} INFO - Filling up the DagBag from /home/airflow/.local/lib/python3.10/site-packages/airflow/example_dags/example_setup_teardown_taskflow.py
[2025-04-27T00:14:56.376+0000] {processor.py:925} INFO - DAG(s) 'example_setup_teardown_taskflow' retrieved from /home/airflow/.local/lib/python3.10/site-packages/airflow/example_dags/example_setup_teardown_taskflow.py
[2025-04-27T00:14:56.420+0000] {logging_mixin.py:190} INFO - [2025-04-27T00:14:56.419+0000] {dag.py:3239} INFO - Sync 1 DAGs
[2025-04-27T00:14:56.452+0000] {logging_mixin.py:190} INFO - [2025-04-27T00:14:56.451+0000] {dag.py:4180} INFO - Setting next_dagrun for example_setup_teardown_taskflow to None, run_after=None
[2025-04-27T00:14:56.489+0000] {processor.py:208} INFO - Processing /home/airflow/.local/lib/python3.10/site-packages/airflow/example_dags/example_setup_teardown_taskflow.py took 0.158 seconds
[2025-04-27T00:15:26.617+0000] {processor.py:186} INFO - Started process (PID=22268) to work on /home/airflow/.local/lib/python3.10/site-packages/airflow/example_dags/example_setup_teardown_taskflow.py
[2025-04-27T00:15:26.618+0000] {processor.py:914} INFO - Processing file /home/airflow/.local/lib/python3.10/site-packages/airflow/example_dags/example_setup_teardown_taskflow.py for tasks to queue
[2025-04-27T00:15:26.621+0000] {logging_mixin.py:190} INFO - [2025-04-27T00:15:26.621+0000] {dagbag.py:588} INFO - Filling up the DagBag from /home/airflow/.local/lib/python3.10/site-packages/airflow/example_dags/example_setup_teardown_taskflow.py
[2025-04-27T00:15:26.633+0000] {processor.py:925} INFO - DAG(s) 'example_setup_teardown_taskflow' retrieved from /home/airflow/.local/lib/python3.10/site-packages/airflow/example_dags/example_setup_teardown_taskflow.py
[2025-04-27T00:15:26.661+0000] {logging_mixin.py:190} INFO - [2025-04-27T00:15:26.660+0000] {dag.py:3239} INFO - Sync 1 DAGs
[2025-04-27T00:15:26.686+0000] {logging_mixin.py:190} INFO - [2025-04-27T00:15:26.685+0000] {dag.py:4180} INFO - Setting next_dagrun for example_setup_teardown_taskflow to None, run_after=None
[2025-04-27T00:15:26.712+0000] {processor.py:208} INFO - Processing /home/airflow/.local/lib/python3.10/site-packages/airflow/example_dags/example_setup_teardown_taskflow.py took 0.102 seconds
[2025-04-27T00:15:57.674+0000] {processor.py:186} INFO - Started process (PID=22334) to work on /home/airflow/.local/lib/python3.10/site-packages/airflow/example_dags/example_setup_teardown_taskflow.py
[2025-04-27T00:15:57.676+0000] {processor.py:914} INFO - Processing file /home/airflow/.local/lib/python3.10/site-packages/airflow/example_dags/example_setup_teardown_taskflow.py for tasks to queue
[2025-04-27T00:15:57.679+0000] {logging_mixin.py:190} INFO - [2025-04-27T00:15:57.679+0000] {dagbag.py:588} INFO - Filling up the DagBag from /home/airflow/.local/lib/python3.10/site-packages/airflow/example_dags/example_setup_teardown_taskflow.py
[2025-04-27T00:15:57.693+0000] {processor.py:925} INFO - DAG(s) 'example_setup_teardown_taskflow' retrieved from /home/airflow/.local/lib/python3.10/site-packages/airflow/example_dags/example_setup_teardown_taskflow.py
[2025-04-27T00:15:57.722+0000] {logging_mixin.py:190} INFO - [2025-04-27T00:15:57.721+0000] {dag.py:3239} INFO - Sync 1 DAGs
[2025-04-27T00:15:57.749+0000] {logging_mixin.py:190} INFO - [2025-04-27T00:15:57.749+0000] {dag.py:4180} INFO - Setting next_dagrun for example_setup_teardown_taskflow to None, run_after=None
[2025-04-27T00:15:57.776+0000] {processor.py:208} INFO - Processing /home/airflow/.local/lib/python3.10/site-packages/airflow/example_dags/example_setup_teardown_taskflow.py took 0.110 seconds
[2025-04-27T00:16:28.004+0000] {processor.py:186} INFO - Started process (PID=22400) to work on /home/airflow/.local/lib/python3.10/site-packages/airflow/example_dags/example_setup_teardown_taskflow.py
[2025-04-27T00:16:28.006+0000] {processor.py:914} INFO - Processing file /home/airflow/.local/lib/python3.10/site-packages/airflow/example_dags/example_setup_teardown_taskflow.py for tasks to queue
[2025-04-27T00:16:28.008+0000] {logging_mixin.py:190} INFO - [2025-04-27T00:16:28.008+0000] {dagbag.py:588} INFO - Filling up the DagBag from /home/airflow/.local/lib/python3.10/site-packages/airflow/example_dags/example_setup_teardown_taskflow.py
[2025-04-27T00:16:28.021+0000] {processor.py:925} INFO - DAG(s) 'example_setup_teardown_taskflow' retrieved from /home/airflow/.local/lib/python3.10/site-packages/airflow/example_dags/example_setup_teardown_taskflow.py
[2025-04-27T00:16:28.053+0000] {logging_mixin.py:190} INFO - [2025-04-27T00:16:28.053+0000] {dag.py:3239} INFO - Sync 1 DAGs
[2025-04-27T00:16:28.073+0000] {logging_mixin.py:190} INFO - [2025-04-27T00:16:28.072+0000] {dag.py:4180} INFO - Setting next_dagrun for example_setup_teardown_taskflow to None, run_after=None
[2025-04-27T00:16:28.107+0000] {processor.py:208} INFO - Processing /home/airflow/.local/lib/python3.10/site-packages/airflow/example_dags/example_setup_teardown_taskflow.py took 0.110 seconds
[2025-04-27T00:16:58.942+0000] {processor.py:186} INFO - Started process (PID=22466) to work on /home/airflow/.local/lib/python3.10/site-packages/airflow/example_dags/example_setup_teardown_taskflow.py
[2025-04-27T00:16:58.943+0000] {processor.py:914} INFO - Processing file /home/airflow/.local/lib/python3.10/site-packages/airflow/example_dags/example_setup_teardown_taskflow.py for tasks to queue
[2025-04-27T00:16:58.945+0000] {logging_mixin.py:190} INFO - [2025-04-27T00:16:58.945+0000] {dagbag.py:588} INFO - Filling up the DagBag from /home/airflow/.local/lib/python3.10/site-packages/airflow/example_dags/example_setup_teardown_taskflow.py
[2025-04-27T00:16:58.955+0000] {processor.py:925} INFO - DAG(s) 'example_setup_teardown_taskflow' retrieved from /home/airflow/.local/lib/python3.10/site-packages/airflow/example_dags/example_setup_teardown_taskflow.py
[2025-04-27T00:16:58.977+0000] {logging_mixin.py:190} INFO - [2025-04-27T00:16:58.976+0000] {dag.py:3239} INFO - Sync 1 DAGs
[2025-04-27T00:16:58.990+0000] {logging_mixin.py:190} INFO - [2025-04-27T00:16:58.989+0000] {dag.py:4180} INFO - Setting next_dagrun for example_setup_teardown_taskflow to None, run_after=None
[2025-04-27T00:16:59.007+0000] {processor.py:208} INFO - Processing /home/airflow/.local/lib/python3.10/site-packages/airflow/example_dags/example_setup_teardown_taskflow.py took 0.070 seconds
[2025-04-27T00:17:29.137+0000] {processor.py:186} INFO - Started process (PID=22532) to work on /home/airflow/.local/lib/python3.10/site-packages/airflow/example_dags/example_setup_teardown_taskflow.py
[2025-04-27T00:17:29.138+0000] {processor.py:914} INFO - Processing file /home/airflow/.local/lib/python3.10/site-packages/airflow/example_dags/example_setup_teardown_taskflow.py for tasks to queue
[2025-04-27T00:17:29.140+0000] {logging_mixin.py:190} INFO - [2025-04-27T00:17:29.140+0000] {dagbag.py:588} INFO - Filling up the DagBag from /home/airflow/.local/lib/python3.10/site-packages/airflow/example_dags/example_setup_teardown_taskflow.py
[2025-04-27T00:17:29.151+0000] {processor.py:925} INFO - DAG(s) 'example_setup_teardown_taskflow' retrieved from /home/airflow/.local/lib/python3.10/site-packages/airflow/example_dags/example_setup_teardown_taskflow.py
[2025-04-27T00:17:29.173+0000] {logging_mixin.py:190} INFO - [2025-04-27T00:17:29.172+0000] {dag.py:3239} INFO - Sync 1 DAGs
[2025-04-27T00:17:29.186+0000] {logging_mixin.py:190} INFO - [2025-04-27T00:17:29.186+0000] {dag.py:4180} INFO - Setting next_dagrun for example_setup_teardown_taskflow to None, run_after=None
[2025-04-27T00:17:29.203+0000] {processor.py:208} INFO - Processing /home/airflow/.local/lib/python3.10/site-packages/airflow/example_dags/example_setup_teardown_taskflow.py took 0.073 seconds
[2025-04-27T00:17:59.676+0000] {processor.py:186} INFO - Started process (PID=22598) to work on /home/airflow/.local/lib/python3.10/site-packages/airflow/example_dags/example_setup_teardown_taskflow.py
[2025-04-27T00:17:59.677+0000] {processor.py:914} INFO - Processing file /home/airflow/.local/lib/python3.10/site-packages/airflow/example_dags/example_setup_teardown_taskflow.py for tasks to queue
[2025-04-27T00:17:59.679+0000] {logging_mixin.py:190} INFO - [2025-04-27T00:17:59.679+0000] {dagbag.py:588} INFO - Filling up the DagBag from /home/airflow/.local/lib/python3.10/site-packages/airflow/example_dags/example_setup_teardown_taskflow.py
[2025-04-27T00:17:59.689+0000] {processor.py:925} INFO - DAG(s) 'example_setup_teardown_taskflow' retrieved from /home/airflow/.local/lib/python3.10/site-packages/airflow/example_dags/example_setup_teardown_taskflow.py
[2025-04-27T00:17:59.710+0000] {logging_mixin.py:190} INFO - [2025-04-27T00:17:59.709+0000] {dag.py:3239} INFO - Sync 1 DAGs
[2025-04-27T00:17:59.724+0000] {logging_mixin.py:190} INFO - [2025-04-27T00:17:59.724+0000] {dag.py:4180} INFO - Setting next_dagrun for example_setup_teardown_taskflow to None, run_after=None
[2025-04-27T00:17:59.745+0000] {processor.py:208} INFO - Processing /home/airflow/.local/lib/python3.10/site-packages/airflow/example_dags/example_setup_teardown_taskflow.py took 0.075 seconds
[2025-04-27T00:18:31.069+0000] {processor.py:186} INFO - Started process (PID=22663) to work on /home/airflow/.local/lib/python3.10/site-packages/airflow/example_dags/example_setup_teardown_taskflow.py
[2025-04-27T00:18:31.070+0000] {processor.py:914} INFO - Processing file /home/airflow/.local/lib/python3.10/site-packages/airflow/example_dags/example_setup_teardown_taskflow.py for tasks to queue
[2025-04-27T00:18:31.072+0000] {logging_mixin.py:190} INFO - [2025-04-27T00:18:31.072+0000] {dagbag.py:588} INFO - Filling up the DagBag from /home/airflow/.local/lib/python3.10/site-packages/airflow/example_dags/example_setup_teardown_taskflow.py
[2025-04-27T00:18:31.083+0000] {processor.py:925} INFO - DAG(s) 'example_setup_teardown_taskflow' retrieved from /home/airflow/.local/lib/python3.10/site-packages/airflow/example_dags/example_setup_teardown_taskflow.py
[2025-04-27T00:18:31.106+0000] {logging_mixin.py:190} INFO - [2025-04-27T00:18:31.106+0000] {dag.py:3239} INFO - Sync 1 DAGs
[2025-04-27T00:18:31.121+0000] {logging_mixin.py:190} INFO - [2025-04-27T00:18:31.120+0000] {dag.py:4180} INFO - Setting next_dagrun for example_setup_teardown_taskflow to None, run_after=None
[2025-04-27T00:18:31.142+0000] {processor.py:208} INFO - Processing /home/airflow/.local/lib/python3.10/site-packages/airflow/example_dags/example_setup_teardown_taskflow.py took 0.080 seconds
[2025-04-27T00:19:02.704+0000] {processor.py:186} INFO - Started process (PID=22729) to work on /home/airflow/.local/lib/python3.10/site-packages/airflow/example_dags/example_setup_teardown_taskflow.py
[2025-04-27T00:19:02.705+0000] {processor.py:914} INFO - Processing file /home/airflow/.local/lib/python3.10/site-packages/airflow/example_dags/example_setup_teardown_taskflow.py for tasks to queue
[2025-04-27T00:19:02.708+0000] {logging_mixin.py:190} INFO - [2025-04-27T00:19:02.707+0000] {dagbag.py:588} INFO - Filling up the DagBag from /home/airflow/.local/lib/python3.10/site-packages/airflow/example_dags/example_setup_teardown_taskflow.py
[2025-04-27T00:19:02.720+0000] {processor.py:925} INFO - DAG(s) 'example_setup_teardown_taskflow' retrieved from /home/airflow/.local/lib/python3.10/site-packages/airflow/example_dags/example_setup_teardown_taskflow.py
[2025-04-27T00:19:02.746+0000] {logging_mixin.py:190} INFO - [2025-04-27T00:19:02.746+0000] {dag.py:3239} INFO - Sync 1 DAGs
[2025-04-27T00:19:02.771+0000] {logging_mixin.py:190} INFO - [2025-04-27T00:19:02.771+0000] {dag.py:4180} INFO - Setting next_dagrun for example_setup_teardown_taskflow to None, run_after=None
[2025-04-27T00:19:02.802+0000] {processor.py:208} INFO - Processing /home/airflow/.local/lib/python3.10/site-packages/airflow/example_dags/example_setup_teardown_taskflow.py took 0.105 seconds
[2025-04-27T00:19:33.641+0000] {processor.py:186} INFO - Started process (PID=22797) to work on /home/airflow/.local/lib/python3.10/site-packages/airflow/example_dags/example_setup_teardown_taskflow.py
[2025-04-27T00:19:33.642+0000] {processor.py:914} INFO - Processing file /home/airflow/.local/lib/python3.10/site-packages/airflow/example_dags/example_setup_teardown_taskflow.py for tasks to queue
[2025-04-27T00:19:33.644+0000] {logging_mixin.py:190} INFO - [2025-04-27T00:19:33.644+0000] {dagbag.py:588} INFO - Filling up the DagBag from /home/airflow/.local/lib/python3.10/site-packages/airflow/example_dags/example_setup_teardown_taskflow.py
[2025-04-27T00:19:33.655+0000] {processor.py:925} INFO - DAG(s) 'example_setup_teardown_taskflow' retrieved from /home/airflow/.local/lib/python3.10/site-packages/airflow/example_dags/example_setup_teardown_taskflow.py
[2025-04-27T00:19:33.675+0000] {logging_mixin.py:190} INFO - [2025-04-27T00:19:33.674+0000] {dag.py:3239} INFO - Sync 1 DAGs
[2025-04-27T00:19:33.687+0000] {logging_mixin.py:190} INFO - [2025-04-27T00:19:33.687+0000] {dag.py:4180} INFO - Setting next_dagrun for example_setup_teardown_taskflow to None, run_after=None
[2025-04-27T00:19:33.702+0000] {processor.py:208} INFO - Processing /home/airflow/.local/lib/python3.10/site-packages/airflow/example_dags/example_setup_teardown_taskflow.py took 0.067 seconds
[2025-04-27T00:20:05.453+0000] {processor.py:186} INFO - Started process (PID=22863) to work on /home/airflow/.local/lib/python3.10/site-packages/airflow/example_dags/example_setup_teardown_taskflow.py
[2025-04-27T00:20:05.454+0000] {processor.py:914} INFO - Processing file /home/airflow/.local/lib/python3.10/site-packages/airflow/example_dags/example_setup_teardown_taskflow.py for tasks to queue
[2025-04-27T00:20:05.456+0000] {logging_mixin.py:190} INFO - [2025-04-27T00:20:05.456+0000] {dagbag.py:588} INFO - Filling up the DagBag from /home/airflow/.local/lib/python3.10/site-packages/airflow/example_dags/example_setup_teardown_taskflow.py
[2025-04-27T00:20:05.470+0000] {processor.py:925} INFO - DAG(s) 'example_setup_teardown_taskflow' retrieved from /home/airflow/.local/lib/python3.10/site-packages/airflow/example_dags/example_setup_teardown_taskflow.py
[2025-04-27T00:20:05.496+0000] {logging_mixin.py:190} INFO - [2025-04-27T00:20:05.495+0000] {dag.py:3239} INFO - Sync 1 DAGs
[2025-04-27T00:20:05.513+0000] {logging_mixin.py:190} INFO - [2025-04-27T00:20:05.513+0000] {dag.py:4180} INFO - Setting next_dagrun for example_setup_teardown_taskflow to None, run_after=None
[2025-04-27T00:20:05.533+0000] {processor.py:208} INFO - Processing /home/airflow/.local/lib/python3.10/site-packages/airflow/example_dags/example_setup_teardown_taskflow.py took 0.087 seconds
[2025-04-27T00:20:36.438+0000] {processor.py:186} INFO - Started process (PID=22929) to work on /home/airflow/.local/lib/python3.10/site-packages/airflow/example_dags/example_setup_teardown_taskflow.py
[2025-04-27T00:20:36.440+0000] {processor.py:914} INFO - Processing file /home/airflow/.local/lib/python3.10/site-packages/airflow/example_dags/example_setup_teardown_taskflow.py for tasks to queue
[2025-04-27T00:20:36.443+0000] {logging_mixin.py:190} INFO - [2025-04-27T00:20:36.443+0000] {dagbag.py:588} INFO - Filling up the DagBag from /home/airflow/.local/lib/python3.10/site-packages/airflow/example_dags/example_setup_teardown_taskflow.py
[2025-04-27T00:20:36.456+0000] {processor.py:925} INFO - DAG(s) 'example_setup_teardown_taskflow' retrieved from /home/airflow/.local/lib/python3.10/site-packages/airflow/example_dags/example_setup_teardown_taskflow.py
[2025-04-27T00:20:36.484+0000] {logging_mixin.py:190} INFO - [2025-04-27T00:20:36.483+0000] {dag.py:3239} INFO - Sync 1 DAGs
[2025-04-27T00:20:36.502+0000] {logging_mixin.py:190} INFO - [2025-04-27T00:20:36.501+0000] {dag.py:4180} INFO - Setting next_dagrun for example_setup_teardown_taskflow to None, run_after=None
[2025-04-27T00:20:36.521+0000] {processor.py:208} INFO - Processing /home/airflow/.local/lib/python3.10/site-packages/airflow/example_dags/example_setup_teardown_taskflow.py took 0.092 seconds
[2025-04-27T00:21:07.290+0000] {processor.py:186} INFO - Started process (PID=22995) to work on /home/airflow/.local/lib/python3.10/site-packages/airflow/example_dags/example_setup_teardown_taskflow.py
[2025-04-27T00:21:07.291+0000] {processor.py:914} INFO - Processing file /home/airflow/.local/lib/python3.10/site-packages/airflow/example_dags/example_setup_teardown_taskflow.py for tasks to queue
[2025-04-27T00:21:07.293+0000] {logging_mixin.py:190} INFO - [2025-04-27T00:21:07.293+0000] {dagbag.py:588} INFO - Filling up the DagBag from /home/airflow/.local/lib/python3.10/site-packages/airflow/example_dags/example_setup_teardown_taskflow.py
[2025-04-27T00:21:07.307+0000] {processor.py:925} INFO - DAG(s) 'example_setup_teardown_taskflow' retrieved from /home/airflow/.local/lib/python3.10/site-packages/airflow/example_dags/example_setup_teardown_taskflow.py
[2025-04-27T00:21:07.335+0000] {logging_mixin.py:190} INFO - [2025-04-27T00:21:07.335+0000] {dag.py:3239} INFO - Sync 1 DAGs
[2025-04-27T00:21:07.355+0000] {logging_mixin.py:190} INFO - [2025-04-27T00:21:07.355+0000] {dag.py:4180} INFO - Setting next_dagrun for example_setup_teardown_taskflow to None, run_after=None
[2025-04-27T00:21:07.379+0000] {processor.py:208} INFO - Processing /home/airflow/.local/lib/python3.10/site-packages/airflow/example_dags/example_setup_teardown_taskflow.py took 0.095 seconds
[2025-04-27T00:21:38.055+0000] {processor.py:186} INFO - Started process (PID=23060) to work on /home/airflow/.local/lib/python3.10/site-packages/airflow/example_dags/example_setup_teardown_taskflow.py
[2025-04-27T00:21:38.057+0000] {processor.py:914} INFO - Processing file /home/airflow/.local/lib/python3.10/site-packages/airflow/example_dags/example_setup_teardown_taskflow.py for tasks to queue
[2025-04-27T00:21:38.060+0000] {logging_mixin.py:190} INFO - [2025-04-27T00:21:38.059+0000] {dagbag.py:588} INFO - Filling up the DagBag from /home/airflow/.local/lib/python3.10/site-packages/airflow/example_dags/example_setup_teardown_taskflow.py
[2025-04-27T00:21:38.073+0000] {processor.py:925} INFO - DAG(s) 'example_setup_teardown_taskflow' retrieved from /home/airflow/.local/lib/python3.10/site-packages/airflow/example_dags/example_setup_teardown_taskflow.py
[2025-04-27T00:21:38.101+0000] {logging_mixin.py:190} INFO - [2025-04-27T00:21:38.101+0000] {dag.py:3239} INFO - Sync 1 DAGs
[2025-04-27T00:21:38.122+0000] {logging_mixin.py:190} INFO - [2025-04-27T00:21:38.122+0000] {dag.py:4180} INFO - Setting next_dagrun for example_setup_teardown_taskflow to None, run_after=None
[2025-04-27T00:21:38.146+0000] {processor.py:208} INFO - Processing /home/airflow/.local/lib/python3.10/site-packages/airflow/example_dags/example_setup_teardown_taskflow.py took 0.099 seconds
[2025-04-27T00:22:08.501+0000] {processor.py:186} INFO - Started process (PID=23125) to work on /home/airflow/.local/lib/python3.10/site-packages/airflow/example_dags/example_setup_teardown_taskflow.py
[2025-04-27T00:22:08.503+0000] {processor.py:914} INFO - Processing file /home/airflow/.local/lib/python3.10/site-packages/airflow/example_dags/example_setup_teardown_taskflow.py for tasks to queue
[2025-04-27T00:22:08.506+0000] {logging_mixin.py:190} INFO - [2025-04-27T00:22:08.506+0000] {dagbag.py:588} INFO - Filling up the DagBag from /home/airflow/.local/lib/python3.10/site-packages/airflow/example_dags/example_setup_teardown_taskflow.py
[2025-04-27T00:22:08.518+0000] {processor.py:925} INFO - DAG(s) 'example_setup_teardown_taskflow' retrieved from /home/airflow/.local/lib/python3.10/site-packages/airflow/example_dags/example_setup_teardown_taskflow.py
[2025-04-27T00:22:08.549+0000] {logging_mixin.py:190} INFO - [2025-04-27T00:22:08.548+0000] {dag.py:3239} INFO - Sync 1 DAGs
[2025-04-27T00:22:08.573+0000] {logging_mixin.py:190} INFO - [2025-04-27T00:22:08.572+0000] {dag.py:4180} INFO - Setting next_dagrun for example_setup_teardown_taskflow to None, run_after=None
[2025-04-27T00:22:08.597+0000] {processor.py:208} INFO - Processing /home/airflow/.local/lib/python3.10/site-packages/airflow/example_dags/example_setup_teardown_taskflow.py took 0.103 seconds
[2025-04-27T00:22:38.812+0000] {processor.py:186} INFO - Started process (PID=23191) to work on /home/airflow/.local/lib/python3.10/site-packages/airflow/example_dags/example_setup_teardown_taskflow.py
[2025-04-27T00:22:38.813+0000] {processor.py:914} INFO - Processing file /home/airflow/.local/lib/python3.10/site-packages/airflow/example_dags/example_setup_teardown_taskflow.py for tasks to queue
[2025-04-27T00:22:38.815+0000] {logging_mixin.py:190} INFO - [2025-04-27T00:22:38.815+0000] {dagbag.py:588} INFO - Filling up the DagBag from /home/airflow/.local/lib/python3.10/site-packages/airflow/example_dags/example_setup_teardown_taskflow.py
[2025-04-27T00:22:38.826+0000] {processor.py:925} INFO - DAG(s) 'example_setup_teardown_taskflow' retrieved from /home/airflow/.local/lib/python3.10/site-packages/airflow/example_dags/example_setup_teardown_taskflow.py
[2025-04-27T00:22:38.848+0000] {logging_mixin.py:190} INFO - [2025-04-27T00:22:38.848+0000] {dag.py:3239} INFO - Sync 1 DAGs
[2025-04-27T00:22:38.862+0000] {logging_mixin.py:190} INFO - [2025-04-27T00:22:38.862+0000] {dag.py:4180} INFO - Setting next_dagrun for example_setup_teardown_taskflow to None, run_after=None
[2025-04-27T00:22:38.878+0000] {processor.py:208} INFO - Processing /home/airflow/.local/lib/python3.10/site-packages/airflow/example_dags/example_setup_teardown_taskflow.py took 0.073 seconds
[2025-04-27T00:23:08.942+0000] {processor.py:186} INFO - Started process (PID=23257) to work on /home/airflow/.local/lib/python3.10/site-packages/airflow/example_dags/example_setup_teardown_taskflow.py
[2025-04-27T00:23:08.943+0000] {processor.py:914} INFO - Processing file /home/airflow/.local/lib/python3.10/site-packages/airflow/example_dags/example_setup_teardown_taskflow.py for tasks to queue
[2025-04-27T00:23:08.945+0000] {logging_mixin.py:190} INFO - [2025-04-27T00:23:08.945+0000] {dagbag.py:588} INFO - Filling up the DagBag from /home/airflow/.local/lib/python3.10/site-packages/airflow/example_dags/example_setup_teardown_taskflow.py
[2025-04-27T00:23:08.956+0000] {processor.py:925} INFO - DAG(s) 'example_setup_teardown_taskflow' retrieved from /home/airflow/.local/lib/python3.10/site-packages/airflow/example_dags/example_setup_teardown_taskflow.py
[2025-04-27T00:23:08.978+0000] {logging_mixin.py:190} INFO - [2025-04-27T00:23:08.978+0000] {dag.py:3239} INFO - Sync 1 DAGs
[2025-04-27T00:23:08.993+0000] {logging_mixin.py:190} INFO - [2025-04-27T00:23:08.993+0000] {dag.py:4180} INFO - Setting next_dagrun for example_setup_teardown_taskflow to None, run_after=None
[2025-04-27T00:23:09.013+0000] {processor.py:208} INFO - Processing /home/airflow/.local/lib/python3.10/site-packages/airflow/example_dags/example_setup_teardown_taskflow.py took 0.077 seconds
[2025-04-27T00:23:39.395+0000] {processor.py:186} INFO - Started process (PID=23323) to work on /home/airflow/.local/lib/python3.10/site-packages/airflow/example_dags/example_setup_teardown_taskflow.py
[2025-04-27T00:23:39.396+0000] {processor.py:914} INFO - Processing file /home/airflow/.local/lib/python3.10/site-packages/airflow/example_dags/example_setup_teardown_taskflow.py for tasks to queue
[2025-04-27T00:23:39.399+0000] {logging_mixin.py:190} INFO - [2025-04-27T00:23:39.398+0000] {dagbag.py:588} INFO - Filling up the DagBag from /home/airflow/.local/lib/python3.10/site-packages/airflow/example_dags/example_setup_teardown_taskflow.py
[2025-04-27T00:23:39.410+0000] {processor.py:925} INFO - DAG(s) 'example_setup_teardown_taskflow' retrieved from /home/airflow/.local/lib/python3.10/site-packages/airflow/example_dags/example_setup_teardown_taskflow.py
[2025-04-27T00:23:39.434+0000] {logging_mixin.py:190} INFO - [2025-04-27T00:23:39.433+0000] {dag.py:3239} INFO - Sync 1 DAGs
[2025-04-27T00:23:39.450+0000] {logging_mixin.py:190} INFO - [2025-04-27T00:23:39.449+0000] {dag.py:4180} INFO - Setting next_dagrun for example_setup_teardown_taskflow to None, run_after=None
[2025-04-27T00:23:39.470+0000] {processor.py:208} INFO - Processing /home/airflow/.local/lib/python3.10/site-packages/airflow/example_dags/example_setup_teardown_taskflow.py took 0.081 seconds
[2025-04-27T00:24:09.853+0000] {processor.py:186} INFO - Started process (PID=23389) to work on /home/airflow/.local/lib/python3.10/site-packages/airflow/example_dags/example_setup_teardown_taskflow.py
[2025-04-27T00:24:09.854+0000] {processor.py:914} INFO - Processing file /home/airflow/.local/lib/python3.10/site-packages/airflow/example_dags/example_setup_teardown_taskflow.py for tasks to queue
[2025-04-27T00:24:09.856+0000] {logging_mixin.py:190} INFO - [2025-04-27T00:24:09.856+0000] {dagbag.py:588} INFO - Filling up the DagBag from /home/airflow/.local/lib/python3.10/site-packages/airflow/example_dags/example_setup_teardown_taskflow.py
[2025-04-27T00:24:09.869+0000] {processor.py:925} INFO - DAG(s) 'example_setup_teardown_taskflow' retrieved from /home/airflow/.local/lib/python3.10/site-packages/airflow/example_dags/example_setup_teardown_taskflow.py
[2025-04-27T00:24:09.893+0000] {logging_mixin.py:190} INFO - [2025-04-27T00:24:09.893+0000] {dag.py:3239} INFO - Sync 1 DAGs
[2025-04-27T00:24:09.908+0000] {logging_mixin.py:190} INFO - [2025-04-27T00:24:09.907+0000] {dag.py:4180} INFO - Setting next_dagrun for example_setup_teardown_taskflow to None, run_after=None
[2025-04-27T00:24:09.928+0000] {processor.py:208} INFO - Processing /home/airflow/.local/lib/python3.10/site-packages/airflow/example_dags/example_setup_teardown_taskflow.py took 0.082 seconds
[2025-04-27T00:24:40.020+0000] {processor.py:186} INFO - Started process (PID=23455) to work on /home/airflow/.local/lib/python3.10/site-packages/airflow/example_dags/example_setup_teardown_taskflow.py
[2025-04-27T00:24:40.021+0000] {processor.py:914} INFO - Processing file /home/airflow/.local/lib/python3.10/site-packages/airflow/example_dags/example_setup_teardown_taskflow.py for tasks to queue
[2025-04-27T00:24:40.023+0000] {logging_mixin.py:190} INFO - [2025-04-27T00:24:40.023+0000] {dagbag.py:588} INFO - Filling up the DagBag from /home/airflow/.local/lib/python3.10/site-packages/airflow/example_dags/example_setup_teardown_taskflow.py
[2025-04-27T00:24:40.038+0000] {processor.py:925} INFO - DAG(s) 'example_setup_teardown_taskflow' retrieved from /home/airflow/.local/lib/python3.10/site-packages/airflow/example_dags/example_setup_teardown_taskflow.py
[2025-04-27T00:24:40.064+0000] {logging_mixin.py:190} INFO - [2025-04-27T00:24:40.064+0000] {dag.py:3239} INFO - Sync 1 DAGs
[2025-04-27T00:24:40.082+0000] {logging_mixin.py:190} INFO - [2025-04-27T00:24:40.082+0000] {dag.py:4180} INFO - Setting next_dagrun for example_setup_teardown_taskflow to None, run_after=None
[2025-04-27T00:24:40.105+0000] {processor.py:208} INFO - Processing /home/airflow/.local/lib/python3.10/site-packages/airflow/example_dags/example_setup_teardown_taskflow.py took 0.092 seconds
[2025-04-27T00:25:11.039+0000] {processor.py:186} INFO - Started process (PID=23521) to work on /home/airflow/.local/lib/python3.10/site-packages/airflow/example_dags/example_setup_teardown_taskflow.py
[2025-04-27T00:25:11.040+0000] {processor.py:914} INFO - Processing file /home/airflow/.local/lib/python3.10/site-packages/airflow/example_dags/example_setup_teardown_taskflow.py for tasks to queue
[2025-04-27T00:25:11.042+0000] {logging_mixin.py:190} INFO - [2025-04-27T00:25:11.042+0000] {dagbag.py:588} INFO - Filling up the DagBag from /home/airflow/.local/lib/python3.10/site-packages/airflow/example_dags/example_setup_teardown_taskflow.py
[2025-04-27T00:25:11.052+0000] {processor.py:925} INFO - DAG(s) 'example_setup_teardown_taskflow' retrieved from /home/airflow/.local/lib/python3.10/site-packages/airflow/example_dags/example_setup_teardown_taskflow.py
[2025-04-27T00:25:11.073+0000] {logging_mixin.py:190} INFO - [2025-04-27T00:25:11.073+0000] {dag.py:3239} INFO - Sync 1 DAGs
[2025-04-27T00:25:11.086+0000] {logging_mixin.py:190} INFO - [2025-04-27T00:25:11.086+0000] {dag.py:4180} INFO - Setting next_dagrun for example_setup_teardown_taskflow to None, run_after=None
[2025-04-27T00:25:11.105+0000] {processor.py:208} INFO - Processing /home/airflow/.local/lib/python3.10/site-packages/airflow/example_dags/example_setup_teardown_taskflow.py took 0.071 seconds
