[2025-04-27T00:00:15.516+0000] {processor.py:186} INFO - Started process (PID=20308) to work on /home/airflow/.local/lib/python3.10/site-packages/airflow/example_dags/example_task_group.py
[2025-04-27T00:00:15.517+0000] {processor.py:914} INFO - Processing file /home/airflow/.local/lib/python3.10/site-packages/airflow/example_dags/example_task_group.py for tasks to queue
[2025-04-27T00:00:15.520+0000] {logging_mixin.py:190} INFO - [2025-04-27T00:00:15.520+0000] {dagbag.py:588} INFO - Filling up the DagBag from /home/airflow/.local/lib/python3.10/site-packages/airflow/example_dags/example_task_group.py
[2025-04-27T00:00:15.535+0000] {processor.py:925} INFO - DAG(s) 'example_task_group' retrieved from /home/airflow/.local/lib/python3.10/site-packages/airflow/example_dags/example_task_group.py
[2025-04-27T00:00:15.570+0000] {logging_mixin.py:190} INFO - [2025-04-27T00:00:15.569+0000] {dag.py:3239} INFO - Sync 1 DAGs
[2025-04-27T00:00:15.591+0000] {logging_mixin.py:190} INFO - [2025-04-27T00:00:15.591+0000] {dag.py:4180} INFO - Setting next_dagrun for example_task_group to None, run_after=None
[2025-04-27T00:00:15.614+0000] {processor.py:208} INFO - Processing /home/airflow/.local/lib/python3.10/site-packages/airflow/example_dags/example_task_group.py took 0.106 seconds
[2025-04-27T00:00:45.766+0000] {processor.py:186} INFO - Started process (PID=20374) to work on /home/airflow/.local/lib/python3.10/site-packages/airflow/example_dags/example_task_group.py
[2025-04-27T00:00:45.767+0000] {processor.py:914} INFO - Processing file /home/airflow/.local/lib/python3.10/site-packages/airflow/example_dags/example_task_group.py for tasks to queue
[2025-04-27T00:00:45.769+0000] {logging_mixin.py:190} INFO - [2025-04-27T00:00:45.769+0000] {dagbag.py:588} INFO - Filling up the DagBag from /home/airflow/.local/lib/python3.10/site-packages/airflow/example_dags/example_task_group.py
[2025-04-27T00:00:45.778+0000] {processor.py:925} INFO - DAG(s) 'example_task_group' retrieved from /home/airflow/.local/lib/python3.10/site-packages/airflow/example_dags/example_task_group.py
[2025-04-27T00:00:45.800+0000] {logging_mixin.py:190} INFO - [2025-04-27T00:00:45.800+0000] {dag.py:3239} INFO - Sync 1 DAGs
[2025-04-27T00:00:45.817+0000] {logging_mixin.py:190} INFO - [2025-04-27T00:00:45.817+0000] {dag.py:4180} INFO - Setting next_dagrun for example_task_group to None, run_after=None
[2025-04-27T00:00:45.837+0000] {processor.py:208} INFO - Processing /home/airflow/.local/lib/python3.10/site-packages/airflow/example_dags/example_task_group.py took 0.077 seconds
[2025-04-27T00:01:16.088+0000] {processor.py:186} INFO - Started process (PID=20440) to work on /home/airflow/.local/lib/python3.10/site-packages/airflow/example_dags/example_task_group.py
[2025-04-27T00:01:16.090+0000] {processor.py:914} INFO - Processing file /home/airflow/.local/lib/python3.10/site-packages/airflow/example_dags/example_task_group.py for tasks to queue
[2025-04-27T00:01:16.093+0000] {logging_mixin.py:190} INFO - [2025-04-27T00:01:16.092+0000] {dagbag.py:588} INFO - Filling up the DagBag from /home/airflow/.local/lib/python3.10/site-packages/airflow/example_dags/example_task_group.py
[2025-04-27T00:01:16.101+0000] {processor.py:925} INFO - DAG(s) 'example_task_group' retrieved from /home/airflow/.local/lib/python3.10/site-packages/airflow/example_dags/example_task_group.py
[2025-04-27T00:01:16.123+0000] {logging_mixin.py:190} INFO - [2025-04-27T00:01:16.123+0000] {dag.py:3239} INFO - Sync 1 DAGs
[2025-04-27T00:01:16.138+0000] {logging_mixin.py:190} INFO - [2025-04-27T00:01:16.137+0000] {dag.py:4180} INFO - Setting next_dagrun for example_task_group to None, run_after=None
[2025-04-27T00:01:16.157+0000] {processor.py:208} INFO - Processing /home/airflow/.local/lib/python3.10/site-packages/airflow/example_dags/example_task_group.py took 0.075 seconds
[2025-04-27T00:01:46.712+0000] {processor.py:186} INFO - Started process (PID=20502) to work on /home/airflow/.local/lib/python3.10/site-packages/airflow/example_dags/example_task_group.py
[2025-04-27T00:01:46.713+0000] {processor.py:914} INFO - Processing file /home/airflow/.local/lib/python3.10/site-packages/airflow/example_dags/example_task_group.py for tasks to queue
[2025-04-27T00:01:46.716+0000] {logging_mixin.py:190} INFO - [2025-04-27T00:01:46.716+0000] {dagbag.py:588} INFO - Filling up the DagBag from /home/airflow/.local/lib/python3.10/site-packages/airflow/example_dags/example_task_group.py
[2025-04-27T00:01:46.726+0000] {processor.py:925} INFO - DAG(s) 'example_task_group' retrieved from /home/airflow/.local/lib/python3.10/site-packages/airflow/example_dags/example_task_group.py
[2025-04-27T00:01:46.759+0000] {logging_mixin.py:190} INFO - [2025-04-27T00:01:46.758+0000] {dag.py:3239} INFO - Sync 1 DAGs
[2025-04-27T00:01:46.776+0000] {logging_mixin.py:190} INFO - [2025-04-27T00:01:46.775+0000] {dag.py:4180} INFO - Setting next_dagrun for example_task_group to None, run_after=None
[2025-04-27T00:01:46.799+0000] {processor.py:208} INFO - Processing /home/airflow/.local/lib/python3.10/site-packages/airflow/example_dags/example_task_group.py took 0.094 seconds
[2025-04-27T00:02:16.975+0000] {processor.py:186} INFO - Started process (PID=20568) to work on /home/airflow/.local/lib/python3.10/site-packages/airflow/example_dags/example_task_group.py
[2025-04-27T00:02:16.976+0000] {processor.py:914} INFO - Processing file /home/airflow/.local/lib/python3.10/site-packages/airflow/example_dags/example_task_group.py for tasks to queue
[2025-04-27T00:02:16.979+0000] {logging_mixin.py:190} INFO - [2025-04-27T00:02:16.979+0000] {dagbag.py:588} INFO - Filling up the DagBag from /home/airflow/.local/lib/python3.10/site-packages/airflow/example_dags/example_task_group.py
[2025-04-27T00:02:16.989+0000] {processor.py:925} INFO - DAG(s) 'example_task_group' retrieved from /home/airflow/.local/lib/python3.10/site-packages/airflow/example_dags/example_task_group.py
[2025-04-27T00:02:17.012+0000] {logging_mixin.py:190} INFO - [2025-04-27T00:02:17.012+0000] {dag.py:3239} INFO - Sync 1 DAGs
[2025-04-27T00:02:17.027+0000] {logging_mixin.py:190} INFO - [2025-04-27T00:02:17.027+0000] {dag.py:4180} INFO - Setting next_dagrun for example_task_group to None, run_after=None
[2025-04-27T00:02:17.049+0000] {processor.py:208} INFO - Processing /home/airflow/.local/lib/python3.10/site-packages/airflow/example_dags/example_task_group.py took 0.081 seconds
[2025-04-27T00:02:47.491+0000] {processor.py:186} INFO - Started process (PID=20629) to work on /home/airflow/.local/lib/python3.10/site-packages/airflow/example_dags/example_task_group.py
[2025-04-27T00:02:47.492+0000] {processor.py:914} INFO - Processing file /home/airflow/.local/lib/python3.10/site-packages/airflow/example_dags/example_task_group.py for tasks to queue
[2025-04-27T00:02:47.495+0000] {logging_mixin.py:190} INFO - [2025-04-27T00:02:47.495+0000] {dagbag.py:588} INFO - Filling up the DagBag from /home/airflow/.local/lib/python3.10/site-packages/airflow/example_dags/example_task_group.py
[2025-04-27T00:02:47.505+0000] {processor.py:925} INFO - DAG(s) 'example_task_group' retrieved from /home/airflow/.local/lib/python3.10/site-packages/airflow/example_dags/example_task_group.py
[2025-04-27T00:02:47.529+0000] {logging_mixin.py:190} INFO - [2025-04-27T00:02:47.529+0000] {dag.py:3239} INFO - Sync 1 DAGs
[2025-04-27T00:02:47.545+0000] {logging_mixin.py:190} INFO - [2025-04-27T00:02:47.545+0000] {dag.py:4180} INFO - Setting next_dagrun for example_task_group to None, run_after=None
[2025-04-27T00:02:47.568+0000] {processor.py:208} INFO - Processing /home/airflow/.local/lib/python3.10/site-packages/airflow/example_dags/example_task_group.py took 0.083 seconds
[2025-04-27T00:03:18.056+0000] {processor.py:186} INFO - Started process (PID=20693) to work on /home/airflow/.local/lib/python3.10/site-packages/airflow/example_dags/example_task_group.py
[2025-04-27T00:03:18.057+0000] {processor.py:914} INFO - Processing file /home/airflow/.local/lib/python3.10/site-packages/airflow/example_dags/example_task_group.py for tasks to queue
[2025-04-27T00:03:18.060+0000] {logging_mixin.py:190} INFO - [2025-04-27T00:03:18.059+0000] {dagbag.py:588} INFO - Filling up the DagBag from /home/airflow/.local/lib/python3.10/site-packages/airflow/example_dags/example_task_group.py
[2025-04-27T00:03:18.069+0000] {processor.py:925} INFO - DAG(s) 'example_task_group' retrieved from /home/airflow/.local/lib/python3.10/site-packages/airflow/example_dags/example_task_group.py
[2025-04-27T00:03:18.098+0000] {logging_mixin.py:190} INFO - [2025-04-27T00:03:18.097+0000] {dag.py:3239} INFO - Sync 1 DAGs
[2025-04-27T00:03:18.117+0000] {logging_mixin.py:190} INFO - [2025-04-27T00:03:18.117+0000] {dag.py:4180} INFO - Setting next_dagrun for example_task_group to None, run_after=None
[2025-04-27T00:03:18.140+0000] {processor.py:208} INFO - Processing /home/airflow/.local/lib/python3.10/site-packages/airflow/example_dags/example_task_group.py took 0.091 seconds
[2025-04-27T00:03:48.409+0000] {processor.py:186} INFO - Started process (PID=20759) to work on /home/airflow/.local/lib/python3.10/site-packages/airflow/example_dags/example_task_group.py
[2025-04-27T00:03:48.410+0000] {processor.py:914} INFO - Processing file /home/airflow/.local/lib/python3.10/site-packages/airflow/example_dags/example_task_group.py for tasks to queue
[2025-04-27T00:03:48.413+0000] {logging_mixin.py:190} INFO - [2025-04-27T00:03:48.413+0000] {dagbag.py:588} INFO - Filling up the DagBag from /home/airflow/.local/lib/python3.10/site-packages/airflow/example_dags/example_task_group.py
[2025-04-27T00:03:48.421+0000] {processor.py:925} INFO - DAG(s) 'example_task_group' retrieved from /home/airflow/.local/lib/python3.10/site-packages/airflow/example_dags/example_task_group.py
[2025-04-27T00:03:48.443+0000] {logging_mixin.py:190} INFO - [2025-04-27T00:03:48.443+0000] {dag.py:3239} INFO - Sync 1 DAGs
[2025-04-27T00:03:48.459+0000] {logging_mixin.py:190} INFO - [2025-04-27T00:03:48.459+0000] {dag.py:4180} INFO - Setting next_dagrun for example_task_group to None, run_after=None
[2025-04-27T00:03:48.480+0000] {processor.py:208} INFO - Processing /home/airflow/.local/lib/python3.10/site-packages/airflow/example_dags/example_task_group.py took 0.076 seconds
[2025-04-27T00:04:19.200+0000] {processor.py:186} INFO - Started process (PID=20824) to work on /home/airflow/.local/lib/python3.10/site-packages/airflow/example_dags/example_task_group.py
[2025-04-27T00:04:19.201+0000] {processor.py:914} INFO - Processing file /home/airflow/.local/lib/python3.10/site-packages/airflow/example_dags/example_task_group.py for tasks to queue
[2025-04-27T00:04:19.204+0000] {logging_mixin.py:190} INFO - [2025-04-27T00:04:19.204+0000] {dagbag.py:588} INFO - Filling up the DagBag from /home/airflow/.local/lib/python3.10/site-packages/airflow/example_dags/example_task_group.py
[2025-04-27T00:04:19.213+0000] {processor.py:925} INFO - DAG(s) 'example_task_group' retrieved from /home/airflow/.local/lib/python3.10/site-packages/airflow/example_dags/example_task_group.py
[2025-04-27T00:04:19.236+0000] {logging_mixin.py:190} INFO - [2025-04-27T00:04:19.235+0000] {dag.py:3239} INFO - Sync 1 DAGs
[2025-04-27T00:04:19.250+0000] {logging_mixin.py:190} INFO - [2025-04-27T00:04:19.250+0000] {dag.py:4180} INFO - Setting next_dagrun for example_task_group to None, run_after=None
[2025-04-27T00:04:19.271+0000] {processor.py:208} INFO - Processing /home/airflow/.local/lib/python3.10/site-packages/airflow/example_dags/example_task_group.py took 0.077 seconds
[2025-04-27T00:04:49.515+0000] {processor.py:186} INFO - Started process (PID=20889) to work on /home/airflow/.local/lib/python3.10/site-packages/airflow/example_dags/example_task_group.py
[2025-04-27T00:04:49.516+0000] {processor.py:914} INFO - Processing file /home/airflow/.local/lib/python3.10/site-packages/airflow/example_dags/example_task_group.py for tasks to queue
[2025-04-27T00:04:49.518+0000] {logging_mixin.py:190} INFO - [2025-04-27T00:04:49.517+0000] {dagbag.py:588} INFO - Filling up the DagBag from /home/airflow/.local/lib/python3.10/site-packages/airflow/example_dags/example_task_group.py
[2025-04-27T00:04:49.525+0000] {processor.py:925} INFO - DAG(s) 'example_task_group' retrieved from /home/airflow/.local/lib/python3.10/site-packages/airflow/example_dags/example_task_group.py
[2025-04-27T00:04:49.550+0000] {logging_mixin.py:190} INFO - [2025-04-27T00:04:49.550+0000] {dag.py:3239} INFO - Sync 1 DAGs
[2025-04-27T00:04:49.564+0000] {logging_mixin.py:190} INFO - [2025-04-27T00:04:49.564+0000] {dag.py:4180} INFO - Setting next_dagrun for example_task_group to None, run_after=None
[2025-04-27T00:04:49.581+0000] {processor.py:208} INFO - Processing /home/airflow/.local/lib/python3.10/site-packages/airflow/example_dags/example_task_group.py took 0.073 seconds
[2025-04-27T00:05:20.697+0000] {processor.py:186} INFO - Started process (PID=20955) to work on /home/airflow/.local/lib/python3.10/site-packages/airflow/example_dags/example_task_group.py
[2025-04-27T00:05:20.698+0000] {processor.py:914} INFO - Processing file /home/airflow/.local/lib/python3.10/site-packages/airflow/example_dags/example_task_group.py for tasks to queue
[2025-04-27T00:05:20.701+0000] {logging_mixin.py:190} INFO - [2025-04-27T00:05:20.701+0000] {dagbag.py:588} INFO - Filling up the DagBag from /home/airflow/.local/lib/python3.10/site-packages/airflow/example_dags/example_task_group.py
[2025-04-27T00:05:20.709+0000] {processor.py:925} INFO - DAG(s) 'example_task_group' retrieved from /home/airflow/.local/lib/python3.10/site-packages/airflow/example_dags/example_task_group.py
[2025-04-27T00:05:20.732+0000] {logging_mixin.py:190} INFO - [2025-04-27T00:05:20.732+0000] {dag.py:3239} INFO - Sync 1 DAGs
[2025-04-27T00:05:20.748+0000] {logging_mixin.py:190} INFO - [2025-04-27T00:05:20.748+0000] {dag.py:4180} INFO - Setting next_dagrun for example_task_group to None, run_after=None
[2025-04-27T00:05:20.769+0000] {processor.py:208} INFO - Processing /home/airflow/.local/lib/python3.10/site-packages/airflow/example_dags/example_task_group.py took 0.081 seconds
[2025-04-27T00:05:51.479+0000] {processor.py:186} INFO - Started process (PID=21027) to work on /home/airflow/.local/lib/python3.10/site-packages/airflow/example_dags/example_task_group.py
[2025-04-27T00:05:51.480+0000] {processor.py:914} INFO - Processing file /home/airflow/.local/lib/python3.10/site-packages/airflow/example_dags/example_task_group.py for tasks to queue
[2025-04-27T00:05:51.482+0000] {logging_mixin.py:190} INFO - [2025-04-27T00:05:51.481+0000] {dagbag.py:588} INFO - Filling up the DagBag from /home/airflow/.local/lib/python3.10/site-packages/airflow/example_dags/example_task_group.py
[2025-04-27T00:05:51.489+0000] {processor.py:925} INFO - DAG(s) 'example_task_group' retrieved from /home/airflow/.local/lib/python3.10/site-packages/airflow/example_dags/example_task_group.py
[2025-04-27T00:05:51.508+0000] {logging_mixin.py:190} INFO - [2025-04-27T00:05:51.508+0000] {dag.py:3239} INFO - Sync 1 DAGs
[2025-04-27T00:05:51.522+0000] {logging_mixin.py:190} INFO - [2025-04-27T00:05:51.521+0000] {dag.py:4180} INFO - Setting next_dagrun for example_task_group to None, run_after=None
[2025-04-27T00:05:51.541+0000] {processor.py:208} INFO - Processing /home/airflow/.local/lib/python3.10/site-packages/airflow/example_dags/example_task_group.py took 0.068 seconds
[2025-04-27T00:06:22.526+0000] {processor.py:186} INFO - Started process (PID=21093) to work on /home/airflow/.local/lib/python3.10/site-packages/airflow/example_dags/example_task_group.py
[2025-04-27T00:06:22.528+0000] {processor.py:914} INFO - Processing file /home/airflow/.local/lib/python3.10/site-packages/airflow/example_dags/example_task_group.py for tasks to queue
[2025-04-27T00:06:22.531+0000] {logging_mixin.py:190} INFO - [2025-04-27T00:06:22.530+0000] {dagbag.py:588} INFO - Filling up the DagBag from /home/airflow/.local/lib/python3.10/site-packages/airflow/example_dags/example_task_group.py
[2025-04-27T00:06:22.541+0000] {processor.py:925} INFO - DAG(s) 'example_task_group' retrieved from /home/airflow/.local/lib/python3.10/site-packages/airflow/example_dags/example_task_group.py
[2025-04-27T00:06:22.566+0000] {logging_mixin.py:190} INFO - [2025-04-27T00:06:22.566+0000] {dag.py:3239} INFO - Sync 1 DAGs
[2025-04-27T00:06:22.582+0000] {logging_mixin.py:190} INFO - [2025-04-27T00:06:22.581+0000] {dag.py:4180} INFO - Setting next_dagrun for example_task_group to None, run_after=None
[2025-04-27T00:06:22.606+0000] {processor.py:208} INFO - Processing /home/airflow/.local/lib/python3.10/site-packages/airflow/example_dags/example_task_group.py took 0.087 seconds
[2025-04-27T00:06:52.682+0000] {processor.py:186} INFO - Started process (PID=21158) to work on /home/airflow/.local/lib/python3.10/site-packages/airflow/example_dags/example_task_group.py
[2025-04-27T00:06:52.683+0000] {processor.py:914} INFO - Processing file /home/airflow/.local/lib/python3.10/site-packages/airflow/example_dags/example_task_group.py for tasks to queue
[2025-04-27T00:06:52.686+0000] {logging_mixin.py:190} INFO - [2025-04-27T00:06:52.685+0000] {dagbag.py:588} INFO - Filling up the DagBag from /home/airflow/.local/lib/python3.10/site-packages/airflow/example_dags/example_task_group.py
[2025-04-27T00:06:52.695+0000] {processor.py:925} INFO - DAG(s) 'example_task_group' retrieved from /home/airflow/.local/lib/python3.10/site-packages/airflow/example_dags/example_task_group.py
[2025-04-27T00:06:52.717+0000] {logging_mixin.py:190} INFO - [2025-04-27T00:06:52.717+0000] {dag.py:3239} INFO - Sync 1 DAGs
[2025-04-27T00:06:52.732+0000] {logging_mixin.py:190} INFO - [2025-04-27T00:06:52.732+0000] {dag.py:4180} INFO - Setting next_dagrun for example_task_group to None, run_after=None
[2025-04-27T00:06:52.750+0000] {processor.py:208} INFO - Processing /home/airflow/.local/lib/python3.10/site-packages/airflow/example_dags/example_task_group.py took 0.074 seconds
[2025-04-27T00:07:22.999+0000] {processor.py:186} INFO - Started process (PID=21225) to work on /home/airflow/.local/lib/python3.10/site-packages/airflow/example_dags/example_task_group.py
[2025-04-27T00:07:23.000+0000] {processor.py:914} INFO - Processing file /home/airflow/.local/lib/python3.10/site-packages/airflow/example_dags/example_task_group.py for tasks to queue
[2025-04-27T00:07:23.002+0000] {logging_mixin.py:190} INFO - [2025-04-27T00:07:23.002+0000] {dagbag.py:588} INFO - Filling up the DagBag from /home/airflow/.local/lib/python3.10/site-packages/airflow/example_dags/example_task_group.py
[2025-04-27T00:07:23.011+0000] {processor.py:925} INFO - DAG(s) 'example_task_group' retrieved from /home/airflow/.local/lib/python3.10/site-packages/airflow/example_dags/example_task_group.py
[2025-04-27T00:07:23.031+0000] {logging_mixin.py:190} INFO - [2025-04-27T00:07:23.031+0000] {dag.py:3239} INFO - Sync 1 DAGs
[2025-04-27T00:07:23.046+0000] {logging_mixin.py:190} INFO - [2025-04-27T00:07:23.045+0000] {dag.py:4180} INFO - Setting next_dagrun for example_task_group to None, run_after=None
[2025-04-27T00:07:23.065+0000] {processor.py:208} INFO - Processing /home/airflow/.local/lib/python3.10/site-packages/airflow/example_dags/example_task_group.py took 0.071 seconds
[2025-04-27T00:07:53.172+0000] {processor.py:186} INFO - Started process (PID=21291) to work on /home/airflow/.local/lib/python3.10/site-packages/airflow/example_dags/example_task_group.py
[2025-04-27T00:07:53.174+0000] {processor.py:914} INFO - Processing file /home/airflow/.local/lib/python3.10/site-packages/airflow/example_dags/example_task_group.py for tasks to queue
[2025-04-27T00:07:53.176+0000] {logging_mixin.py:190} INFO - [2025-04-27T00:07:53.175+0000] {dagbag.py:588} INFO - Filling up the DagBag from /home/airflow/.local/lib/python3.10/site-packages/airflow/example_dags/example_task_group.py
[2025-04-27T00:07:53.186+0000] {processor.py:925} INFO - DAG(s) 'example_task_group' retrieved from /home/airflow/.local/lib/python3.10/site-packages/airflow/example_dags/example_task_group.py
[2025-04-27T00:07:53.207+0000] {logging_mixin.py:190} INFO - [2025-04-27T00:07:53.207+0000] {dag.py:3239} INFO - Sync 1 DAGs
[2025-04-27T00:07:53.221+0000] {logging_mixin.py:190} INFO - [2025-04-27T00:07:53.221+0000] {dag.py:4180} INFO - Setting next_dagrun for example_task_group to None, run_after=None
[2025-04-27T00:07:53.240+0000] {processor.py:208} INFO - Processing /home/airflow/.local/lib/python3.10/site-packages/airflow/example_dags/example_task_group.py took 0.075 seconds
[2025-04-27T00:08:24.161+0000] {processor.py:186} INFO - Started process (PID=21357) to work on /home/airflow/.local/lib/python3.10/site-packages/airflow/example_dags/example_task_group.py
[2025-04-27T00:08:24.162+0000] {processor.py:914} INFO - Processing file /home/airflow/.local/lib/python3.10/site-packages/airflow/example_dags/example_task_group.py for tasks to queue
[2025-04-27T00:08:24.165+0000] {logging_mixin.py:190} INFO - [2025-04-27T00:08:24.164+0000] {dagbag.py:588} INFO - Filling up the DagBag from /home/airflow/.local/lib/python3.10/site-packages/airflow/example_dags/example_task_group.py
[2025-04-27T00:08:24.174+0000] {processor.py:925} INFO - DAG(s) 'example_task_group' retrieved from /home/airflow/.local/lib/python3.10/site-packages/airflow/example_dags/example_task_group.py
[2025-04-27T00:08:24.195+0000] {logging_mixin.py:190} INFO - [2025-04-27T00:08:24.195+0000] {dag.py:3239} INFO - Sync 1 DAGs
[2025-04-27T00:08:24.210+0000] {logging_mixin.py:190} INFO - [2025-04-27T00:08:24.209+0000] {dag.py:4180} INFO - Setting next_dagrun for example_task_group to None, run_after=None
[2025-04-27T00:08:24.227+0000] {processor.py:208} INFO - Processing /home/airflow/.local/lib/python3.10/site-packages/airflow/example_dags/example_task_group.py took 0.072 seconds
[2025-04-27T00:08:54.729+0000] {processor.py:186} INFO - Started process (PID=21423) to work on /home/airflow/.local/lib/python3.10/site-packages/airflow/example_dags/example_task_group.py
[2025-04-27T00:08:54.731+0000] {processor.py:914} INFO - Processing file /home/airflow/.local/lib/python3.10/site-packages/airflow/example_dags/example_task_group.py for tasks to queue
[2025-04-27T00:08:54.733+0000] {logging_mixin.py:190} INFO - [2025-04-27T00:08:54.733+0000] {dagbag.py:588} INFO - Filling up the DagBag from /home/airflow/.local/lib/python3.10/site-packages/airflow/example_dags/example_task_group.py
[2025-04-27T00:08:54.743+0000] {processor.py:925} INFO - DAG(s) 'example_task_group' retrieved from /home/airflow/.local/lib/python3.10/site-packages/airflow/example_dags/example_task_group.py
[2025-04-27T00:08:54.769+0000] {logging_mixin.py:190} INFO - [2025-04-27T00:08:54.768+0000] {dag.py:3239} INFO - Sync 1 DAGs
[2025-04-27T00:08:54.784+0000] {logging_mixin.py:190} INFO - [2025-04-27T00:08:54.783+0000] {dag.py:4180} INFO - Setting next_dagrun for example_task_group to None, run_after=None
[2025-04-27T00:08:54.803+0000] {processor.py:208} INFO - Processing /home/airflow/.local/lib/python3.10/site-packages/airflow/example_dags/example_task_group.py took 0.080 seconds
[2025-04-27T00:09:25.362+0000] {processor.py:186} INFO - Started process (PID=21489) to work on /home/airflow/.local/lib/python3.10/site-packages/airflow/example_dags/example_task_group.py
[2025-04-27T00:09:25.363+0000] {processor.py:914} INFO - Processing file /home/airflow/.local/lib/python3.10/site-packages/airflow/example_dags/example_task_group.py for tasks to queue
[2025-04-27T00:09:25.365+0000] {logging_mixin.py:190} INFO - [2025-04-27T00:09:25.365+0000] {dagbag.py:588} INFO - Filling up the DagBag from /home/airflow/.local/lib/python3.10/site-packages/airflow/example_dags/example_task_group.py
[2025-04-27T00:09:25.375+0000] {processor.py:925} INFO - DAG(s) 'example_task_group' retrieved from /home/airflow/.local/lib/python3.10/site-packages/airflow/example_dags/example_task_group.py
[2025-04-27T00:09:25.399+0000] {logging_mixin.py:190} INFO - [2025-04-27T00:09:25.399+0000] {dag.py:3239} INFO - Sync 1 DAGs
[2025-04-27T00:09:25.413+0000] {logging_mixin.py:190} INFO - [2025-04-27T00:09:25.413+0000] {dag.py:4180} INFO - Setting next_dagrun for example_task_group to None, run_after=None
[2025-04-27T00:09:25.433+0000] {processor.py:208} INFO - Processing /home/airflow/.local/lib/python3.10/site-packages/airflow/example_dags/example_task_group.py took 0.077 seconds
[2025-04-27T00:09:56.411+0000] {processor.py:186} INFO - Started process (PID=21555) to work on /home/airflow/.local/lib/python3.10/site-packages/airflow/example_dags/example_task_group.py
[2025-04-27T00:09:56.412+0000] {processor.py:914} INFO - Processing file /home/airflow/.local/lib/python3.10/site-packages/airflow/example_dags/example_task_group.py for tasks to queue
[2025-04-27T00:09:56.416+0000] {logging_mixin.py:190} INFO - [2025-04-27T00:09:56.415+0000] {dagbag.py:588} INFO - Filling up the DagBag from /home/airflow/.local/lib/python3.10/site-packages/airflow/example_dags/example_task_group.py
[2025-04-27T00:09:56.429+0000] {processor.py:925} INFO - DAG(s) 'example_task_group' retrieved from /home/airflow/.local/lib/python3.10/site-packages/airflow/example_dags/example_task_group.py
[2025-04-27T00:09:56.456+0000] {logging_mixin.py:190} INFO - [2025-04-27T00:09:56.455+0000] {dag.py:3239} INFO - Sync 1 DAGs
[2025-04-27T00:09:56.471+0000] {logging_mixin.py:190} INFO - [2025-04-27T00:09:56.471+0000] {dag.py:4180} INFO - Setting next_dagrun for example_task_group to None, run_after=None
[2025-04-27T00:09:56.491+0000] {processor.py:208} INFO - Processing /home/airflow/.local/lib/python3.10/site-packages/airflow/example_dags/example_task_group.py took 0.088 seconds
[2025-04-27T00:10:27.246+0000] {processor.py:186} INFO - Started process (PID=21621) to work on /home/airflow/.local/lib/python3.10/site-packages/airflow/example_dags/example_task_group.py
[2025-04-27T00:10:27.248+0000] {processor.py:914} INFO - Processing file /home/airflow/.local/lib/python3.10/site-packages/airflow/example_dags/example_task_group.py for tasks to queue
[2025-04-27T00:10:27.252+0000] {logging_mixin.py:190} INFO - [2025-04-27T00:10:27.251+0000] {dagbag.py:588} INFO - Filling up the DagBag from /home/airflow/.local/lib/python3.10/site-packages/airflow/example_dags/example_task_group.py
[2025-04-27T00:10:27.273+0000] {processor.py:925} INFO - DAG(s) 'example_task_group' retrieved from /home/airflow/.local/lib/python3.10/site-packages/airflow/example_dags/example_task_group.py
[2025-04-27T00:10:27.311+0000] {logging_mixin.py:190} INFO - [2025-04-27T00:10:27.310+0000] {dag.py:3239} INFO - Sync 1 DAGs
[2025-04-27T00:10:27.329+0000] {logging_mixin.py:190} INFO - [2025-04-27T00:10:27.329+0000] {dag.py:4180} INFO - Setting next_dagrun for example_task_group to None, run_after=None
[2025-04-27T00:10:27.359+0000] {processor.py:208} INFO - Processing /home/airflow/.local/lib/python3.10/site-packages/airflow/example_dags/example_task_group.py took 0.121 seconds
[2025-04-27T00:10:58.080+0000] {processor.py:186} INFO - Started process (PID=21687) to work on /home/airflow/.local/lib/python3.10/site-packages/airflow/example_dags/example_task_group.py
[2025-04-27T00:10:58.081+0000] {processor.py:914} INFO - Processing file /home/airflow/.local/lib/python3.10/site-packages/airflow/example_dags/example_task_group.py for tasks to queue
[2025-04-27T00:10:58.083+0000] {logging_mixin.py:190} INFO - [2025-04-27T00:10:58.083+0000] {dagbag.py:588} INFO - Filling up the DagBag from /home/airflow/.local/lib/python3.10/site-packages/airflow/example_dags/example_task_group.py
[2025-04-27T00:10:58.092+0000] {processor.py:925} INFO - DAG(s) 'example_task_group' retrieved from /home/airflow/.local/lib/python3.10/site-packages/airflow/example_dags/example_task_group.py
[2025-04-27T00:10:58.116+0000] {logging_mixin.py:190} INFO - [2025-04-27T00:10:58.116+0000] {dag.py:3239} INFO - Sync 1 DAGs
[2025-04-27T00:10:58.130+0000] {logging_mixin.py:190} INFO - [2025-04-27T00:10:58.130+0000] {dag.py:4180} INFO - Setting next_dagrun for example_task_group to None, run_after=None
[2025-04-27T00:10:58.152+0000] {processor.py:208} INFO - Processing /home/airflow/.local/lib/python3.10/site-packages/airflow/example_dags/example_task_group.py took 0.079 seconds
[2025-04-27T00:11:28.546+0000] {processor.py:186} INFO - Started process (PID=21753) to work on /home/airflow/.local/lib/python3.10/site-packages/airflow/example_dags/example_task_group.py
[2025-04-27T00:11:28.547+0000] {processor.py:914} INFO - Processing file /home/airflow/.local/lib/python3.10/site-packages/airflow/example_dags/example_task_group.py for tasks to queue
[2025-04-27T00:11:28.550+0000] {logging_mixin.py:190} INFO - [2025-04-27T00:11:28.550+0000] {dagbag.py:588} INFO - Filling up the DagBag from /home/airflow/.local/lib/python3.10/site-packages/airflow/example_dags/example_task_group.py
[2025-04-27T00:11:28.558+0000] {processor.py:925} INFO - DAG(s) 'example_task_group' retrieved from /home/airflow/.local/lib/python3.10/site-packages/airflow/example_dags/example_task_group.py
[2025-04-27T00:11:28.580+0000] {logging_mixin.py:190} INFO - [2025-04-27T00:11:28.580+0000] {dag.py:3239} INFO - Sync 1 DAGs
[2025-04-27T00:11:28.595+0000] {logging_mixin.py:190} INFO - [2025-04-27T00:11:28.595+0000] {dag.py:4180} INFO - Setting next_dagrun for example_task_group to None, run_after=None
[2025-04-27T00:11:28.615+0000] {processor.py:208} INFO - Processing /home/airflow/.local/lib/python3.10/site-packages/airflow/example_dags/example_task_group.py took 0.075 seconds
[2025-04-27T00:11:58.987+0000] {processor.py:186} INFO - Started process (PID=21819) to work on /home/airflow/.local/lib/python3.10/site-packages/airflow/example_dags/example_task_group.py
[2025-04-27T00:11:58.988+0000] {processor.py:914} INFO - Processing file /home/airflow/.local/lib/python3.10/site-packages/airflow/example_dags/example_task_group.py for tasks to queue
[2025-04-27T00:11:58.990+0000] {logging_mixin.py:190} INFO - [2025-04-27T00:11:58.990+0000] {dagbag.py:588} INFO - Filling up the DagBag from /home/airflow/.local/lib/python3.10/site-packages/airflow/example_dags/example_task_group.py
[2025-04-27T00:11:58.997+0000] {processor.py:925} INFO - DAG(s) 'example_task_group' retrieved from /home/airflow/.local/lib/python3.10/site-packages/airflow/example_dags/example_task_group.py
[2025-04-27T00:11:59.017+0000] {logging_mixin.py:190} INFO - [2025-04-27T00:11:59.016+0000] {dag.py:3239} INFO - Sync 1 DAGs
[2025-04-27T00:11:59.031+0000] {logging_mixin.py:190} INFO - [2025-04-27T00:11:59.031+0000] {dag.py:4180} INFO - Setting next_dagrun for example_task_group to None, run_after=None
[2025-04-27T00:11:59.049+0000] {processor.py:208} INFO - Processing /home/airflow/.local/lib/python3.10/site-packages/airflow/example_dags/example_task_group.py took 0.068 seconds
[2025-04-27T00:12:29.898+0000] {processor.py:186} INFO - Started process (PID=21885) to work on /home/airflow/.local/lib/python3.10/site-packages/airflow/example_dags/example_task_group.py
[2025-04-27T00:12:29.899+0000] {processor.py:914} INFO - Processing file /home/airflow/.local/lib/python3.10/site-packages/airflow/example_dags/example_task_group.py for tasks to queue
[2025-04-27T00:12:29.902+0000] {logging_mixin.py:190} INFO - [2025-04-27T00:12:29.901+0000] {dagbag.py:588} INFO - Filling up the DagBag from /home/airflow/.local/lib/python3.10/site-packages/airflow/example_dags/example_task_group.py
[2025-04-27T00:12:29.910+0000] {processor.py:925} INFO - DAG(s) 'example_task_group' retrieved from /home/airflow/.local/lib/python3.10/site-packages/airflow/example_dags/example_task_group.py
[2025-04-27T00:12:29.933+0000] {logging_mixin.py:190} INFO - [2025-04-27T00:12:29.933+0000] {dag.py:3239} INFO - Sync 1 DAGs
[2025-04-27T00:12:29.949+0000] {logging_mixin.py:190} INFO - [2025-04-27T00:12:29.949+0000] {dag.py:4180} INFO - Setting next_dagrun for example_task_group to None, run_after=None
[2025-04-27T00:12:29.972+0000] {processor.py:208} INFO - Processing /home/airflow/.local/lib/python3.10/site-packages/airflow/example_dags/example_task_group.py took 0.082 seconds
[2025-04-27T00:13:00.543+0000] {processor.py:186} INFO - Started process (PID=21951) to work on /home/airflow/.local/lib/python3.10/site-packages/airflow/example_dags/example_task_group.py
[2025-04-27T00:13:00.544+0000] {processor.py:914} INFO - Processing file /home/airflow/.local/lib/python3.10/site-packages/airflow/example_dags/example_task_group.py for tasks to queue
[2025-04-27T00:13:00.547+0000] {logging_mixin.py:190} INFO - [2025-04-27T00:13:00.547+0000] {dagbag.py:588} INFO - Filling up the DagBag from /home/airflow/.local/lib/python3.10/site-packages/airflow/example_dags/example_task_group.py
[2025-04-27T00:13:00.556+0000] {processor.py:925} INFO - DAG(s) 'example_task_group' retrieved from /home/airflow/.local/lib/python3.10/site-packages/airflow/example_dags/example_task_group.py
[2025-04-27T00:13:00.580+0000] {logging_mixin.py:190} INFO - [2025-04-27T00:13:00.580+0000] {dag.py:3239} INFO - Sync 1 DAGs
[2025-04-27T00:13:00.595+0000] {logging_mixin.py:190} INFO - [2025-04-27T00:13:00.595+0000] {dag.py:4180} INFO - Setting next_dagrun for example_task_group to None, run_after=None
[2025-04-27T00:13:00.615+0000] {processor.py:208} INFO - Processing /home/airflow/.local/lib/python3.10/site-packages/airflow/example_dags/example_task_group.py took 0.078 seconds
[2025-04-27T00:13:30.857+0000] {processor.py:186} INFO - Started process (PID=22017) to work on /home/airflow/.local/lib/python3.10/site-packages/airflow/example_dags/example_task_group.py
[2025-04-27T00:13:30.858+0000] {processor.py:914} INFO - Processing file /home/airflow/.local/lib/python3.10/site-packages/airflow/example_dags/example_task_group.py for tasks to queue
[2025-04-27T00:13:30.861+0000] {logging_mixin.py:190} INFO - [2025-04-27T00:13:30.860+0000] {dagbag.py:588} INFO - Filling up the DagBag from /home/airflow/.local/lib/python3.10/site-packages/airflow/example_dags/example_task_group.py
[2025-04-27T00:13:30.869+0000] {processor.py:925} INFO - DAG(s) 'example_task_group' retrieved from /home/airflow/.local/lib/python3.10/site-packages/airflow/example_dags/example_task_group.py
[2025-04-27T00:13:30.890+0000] {logging_mixin.py:190} INFO - [2025-04-27T00:13:30.890+0000] {dag.py:3239} INFO - Sync 1 DAGs
[2025-04-27T00:13:30.905+0000] {logging_mixin.py:190} INFO - [2025-04-27T00:13:30.905+0000] {dag.py:4180} INFO - Setting next_dagrun for example_task_group to None, run_after=None
[2025-04-27T00:13:30.925+0000] {processor.py:208} INFO - Processing /home/airflow/.local/lib/python3.10/site-packages/airflow/example_dags/example_task_group.py took 0.073 seconds
[2025-04-27T00:14:01.377+0000] {processor.py:186} INFO - Started process (PID=22084) to work on /home/airflow/.local/lib/python3.10/site-packages/airflow/example_dags/example_task_group.py
[2025-04-27T00:14:01.378+0000] {processor.py:914} INFO - Processing file /home/airflow/.local/lib/python3.10/site-packages/airflow/example_dags/example_task_group.py for tasks to queue
[2025-04-27T00:14:01.380+0000] {logging_mixin.py:190} INFO - [2025-04-27T00:14:01.380+0000] {dagbag.py:588} INFO - Filling up the DagBag from /home/airflow/.local/lib/python3.10/site-packages/airflow/example_dags/example_task_group.py
[2025-04-27T00:14:01.389+0000] {processor.py:925} INFO - DAG(s) 'example_task_group' retrieved from /home/airflow/.local/lib/python3.10/site-packages/airflow/example_dags/example_task_group.py
[2025-04-27T00:14:01.412+0000] {logging_mixin.py:190} INFO - [2025-04-27T00:14:01.412+0000] {dag.py:3239} INFO - Sync 1 DAGs
[2025-04-27T00:14:01.427+0000] {logging_mixin.py:190} INFO - [2025-04-27T00:14:01.427+0000] {dag.py:4180} INFO - Setting next_dagrun for example_task_group to None, run_after=None
[2025-04-27T00:14:01.450+0000] {processor.py:208} INFO - Processing /home/airflow/.local/lib/python3.10/site-packages/airflow/example_dags/example_task_group.py took 0.079 seconds
[2025-04-27T00:14:31.996+0000] {processor.py:186} INFO - Started process (PID=22150) to work on /home/airflow/.local/lib/python3.10/site-packages/airflow/example_dags/example_task_group.py
[2025-04-27T00:14:31.997+0000] {processor.py:914} INFO - Processing file /home/airflow/.local/lib/python3.10/site-packages/airflow/example_dags/example_task_group.py for tasks to queue
[2025-04-27T00:14:31.999+0000] {logging_mixin.py:190} INFO - [2025-04-27T00:14:31.999+0000] {dagbag.py:588} INFO - Filling up the DagBag from /home/airflow/.local/lib/python3.10/site-packages/airflow/example_dags/example_task_group.py
[2025-04-27T00:14:32.009+0000] {processor.py:925} INFO - DAG(s) 'example_task_group' retrieved from /home/airflow/.local/lib/python3.10/site-packages/airflow/example_dags/example_task_group.py
[2025-04-27T00:14:32.030+0000] {logging_mixin.py:190} INFO - [2025-04-27T00:14:32.030+0000] {dag.py:3239} INFO - Sync 1 DAGs
[2025-04-27T00:14:32.045+0000] {logging_mixin.py:190} INFO - [2025-04-27T00:14:32.045+0000] {dag.py:4180} INFO - Setting next_dagrun for example_task_group to None, run_after=None
[2025-04-27T00:14:32.066+0000] {processor.py:208} INFO - Processing /home/airflow/.local/lib/python3.10/site-packages/airflow/example_dags/example_task_group.py took 0.076 seconds
[2025-04-27T00:15:02.601+0000] {processor.py:186} INFO - Started process (PID=22216) to work on /home/airflow/.local/lib/python3.10/site-packages/airflow/example_dags/example_task_group.py
[2025-04-27T00:15:02.602+0000] {processor.py:914} INFO - Processing file /home/airflow/.local/lib/python3.10/site-packages/airflow/example_dags/example_task_group.py for tasks to queue
[2025-04-27T00:15:02.605+0000] {logging_mixin.py:190} INFO - [2025-04-27T00:15:02.605+0000] {dagbag.py:588} INFO - Filling up the DagBag from /home/airflow/.local/lib/python3.10/site-packages/airflow/example_dags/example_task_group.py
[2025-04-27T00:15:02.614+0000] {processor.py:925} INFO - DAG(s) 'example_task_group' retrieved from /home/airflow/.local/lib/python3.10/site-packages/airflow/example_dags/example_task_group.py
[2025-04-27T00:15:02.636+0000] {logging_mixin.py:190} INFO - [2025-04-27T00:15:02.635+0000] {dag.py:3239} INFO - Sync 1 DAGs
[2025-04-27T00:15:02.651+0000] {logging_mixin.py:190} INFO - [2025-04-27T00:15:02.651+0000] {dag.py:4180} INFO - Setting next_dagrun for example_task_group to None, run_after=None
[2025-04-27T00:15:02.672+0000] {processor.py:208} INFO - Processing /home/airflow/.local/lib/python3.10/site-packages/airflow/example_dags/example_task_group.py took 0.077 seconds
[2025-04-27T00:15:32.780+0000] {processor.py:186} INFO - Started process (PID=22282) to work on /home/airflow/.local/lib/python3.10/site-packages/airflow/example_dags/example_task_group.py
[2025-04-27T00:15:32.781+0000] {processor.py:914} INFO - Processing file /home/airflow/.local/lib/python3.10/site-packages/airflow/example_dags/example_task_group.py for tasks to queue
[2025-04-27T00:15:32.783+0000] {logging_mixin.py:190} INFO - [2025-04-27T00:15:32.782+0000] {dagbag.py:588} INFO - Filling up the DagBag from /home/airflow/.local/lib/python3.10/site-packages/airflow/example_dags/example_task_group.py
[2025-04-27T00:15:32.790+0000] {processor.py:925} INFO - DAG(s) 'example_task_group' retrieved from /home/airflow/.local/lib/python3.10/site-packages/airflow/example_dags/example_task_group.py
[2025-04-27T00:15:32.810+0000] {logging_mixin.py:190} INFO - [2025-04-27T00:15:32.810+0000] {dag.py:3239} INFO - Sync 1 DAGs
[2025-04-27T00:15:32.824+0000] {logging_mixin.py:190} INFO - [2025-04-27T00:15:32.823+0000] {dag.py:4180} INFO - Setting next_dagrun for example_task_group to None, run_after=None
[2025-04-27T00:15:32.842+0000] {processor.py:208} INFO - Processing /home/airflow/.local/lib/python3.10/site-packages/airflow/example_dags/example_task_group.py took 0.068 seconds
[2025-04-27T00:16:03.231+0000] {processor.py:186} INFO - Started process (PID=22348) to work on /home/airflow/.local/lib/python3.10/site-packages/airflow/example_dags/example_task_group.py
[2025-04-27T00:16:03.233+0000] {processor.py:914} INFO - Processing file /home/airflow/.local/lib/python3.10/site-packages/airflow/example_dags/example_task_group.py for tasks to queue
[2025-04-27T00:16:03.238+0000] {logging_mixin.py:190} INFO - [2025-04-27T00:16:03.237+0000] {dagbag.py:588} INFO - Filling up the DagBag from /home/airflow/.local/lib/python3.10/site-packages/airflow/example_dags/example_task_group.py
[2025-04-27T00:16:03.249+0000] {processor.py:925} INFO - DAG(s) 'example_task_group' retrieved from /home/airflow/.local/lib/python3.10/site-packages/airflow/example_dags/example_task_group.py
[2025-04-27T00:16:03.282+0000] {logging_mixin.py:190} INFO - [2025-04-27T00:16:03.282+0000] {dag.py:3239} INFO - Sync 1 DAGs
[2025-04-27T00:16:03.305+0000] {logging_mixin.py:190} INFO - [2025-04-27T00:16:03.305+0000] {dag.py:4180} INFO - Setting next_dagrun for example_task_group to None, run_after=None
[2025-04-27T00:16:03.336+0000] {processor.py:208} INFO - Processing /home/airflow/.local/lib/python3.10/site-packages/airflow/example_dags/example_task_group.py took 0.113 seconds
[2025-04-27T00:16:34.162+0000] {processor.py:186} INFO - Started process (PID=22414) to work on /home/airflow/.local/lib/python3.10/site-packages/airflow/example_dags/example_task_group.py
[2025-04-27T00:16:34.163+0000] {processor.py:914} INFO - Processing file /home/airflow/.local/lib/python3.10/site-packages/airflow/example_dags/example_task_group.py for tasks to queue
[2025-04-27T00:16:34.165+0000] {logging_mixin.py:190} INFO - [2025-04-27T00:16:34.165+0000] {dagbag.py:588} INFO - Filling up the DagBag from /home/airflow/.local/lib/python3.10/site-packages/airflow/example_dags/example_task_group.py
[2025-04-27T00:16:34.173+0000] {processor.py:925} INFO - DAG(s) 'example_task_group' retrieved from /home/airflow/.local/lib/python3.10/site-packages/airflow/example_dags/example_task_group.py
[2025-04-27T00:16:34.193+0000] {logging_mixin.py:190} INFO - [2025-04-27T00:16:34.192+0000] {dag.py:3239} INFO - Sync 1 DAGs
[2025-04-27T00:16:34.206+0000] {logging_mixin.py:190} INFO - [2025-04-27T00:16:34.206+0000] {dag.py:4180} INFO - Setting next_dagrun for example_task_group to None, run_after=None
[2025-04-27T00:16:34.224+0000] {processor.py:208} INFO - Processing /home/airflow/.local/lib/python3.10/site-packages/airflow/example_dags/example_task_group.py took 0.069 seconds
[2025-04-27T00:17:04.890+0000] {processor.py:186} INFO - Started process (PID=22480) to work on /home/airflow/.local/lib/python3.10/site-packages/airflow/example_dags/example_task_group.py
[2025-04-27T00:17:04.891+0000] {processor.py:914} INFO - Processing file /home/airflow/.local/lib/python3.10/site-packages/airflow/example_dags/example_task_group.py for tasks to queue
[2025-04-27T00:17:04.895+0000] {logging_mixin.py:190} INFO - [2025-04-27T00:17:04.894+0000] {dagbag.py:588} INFO - Filling up the DagBag from /home/airflow/.local/lib/python3.10/site-packages/airflow/example_dags/example_task_group.py
[2025-04-27T00:17:04.904+0000] {processor.py:925} INFO - DAG(s) 'example_task_group' retrieved from /home/airflow/.local/lib/python3.10/site-packages/airflow/example_dags/example_task_group.py
[2025-04-27T00:17:04.931+0000] {logging_mixin.py:190} INFO - [2025-04-27T00:17:04.930+0000] {dag.py:3239} INFO - Sync 1 DAGs
[2025-04-27T00:17:04.949+0000] {logging_mixin.py:190} INFO - [2025-04-27T00:17:04.948+0000] {dag.py:4180} INFO - Setting next_dagrun for example_task_group to None, run_after=None
[2025-04-27T00:17:04.972+0000] {processor.py:208} INFO - Processing /home/airflow/.local/lib/python3.10/site-packages/airflow/example_dags/example_task_group.py took 0.088 seconds
[2025-04-27T00:17:35.094+0000] {processor.py:186} INFO - Started process (PID=22546) to work on /home/airflow/.local/lib/python3.10/site-packages/airflow/example_dags/example_task_group.py
[2025-04-27T00:17:35.095+0000] {processor.py:914} INFO - Processing file /home/airflow/.local/lib/python3.10/site-packages/airflow/example_dags/example_task_group.py for tasks to queue
[2025-04-27T00:17:35.097+0000] {logging_mixin.py:190} INFO - [2025-04-27T00:17:35.097+0000] {dagbag.py:588} INFO - Filling up the DagBag from /home/airflow/.local/lib/python3.10/site-packages/airflow/example_dags/example_task_group.py
[2025-04-27T00:17:35.106+0000] {processor.py:925} INFO - DAG(s) 'example_task_group' retrieved from /home/airflow/.local/lib/python3.10/site-packages/airflow/example_dags/example_task_group.py
[2025-04-27T00:17:35.129+0000] {logging_mixin.py:190} INFO - [2025-04-27T00:17:35.129+0000] {dag.py:3239} INFO - Sync 1 DAGs
[2025-04-27T00:17:35.144+0000] {logging_mixin.py:190} INFO - [2025-04-27T00:17:35.144+0000] {dag.py:4180} INFO - Setting next_dagrun for example_task_group to None, run_after=None
[2025-04-27T00:17:35.166+0000] {processor.py:208} INFO - Processing /home/airflow/.local/lib/python3.10/site-packages/airflow/example_dags/example_task_group.py took 0.079 seconds
[2025-04-27T00:18:05.951+0000] {processor.py:186} INFO - Started process (PID=22612) to work on /home/airflow/.local/lib/python3.10/site-packages/airflow/example_dags/example_task_group.py
[2025-04-27T00:18:05.952+0000] {processor.py:914} INFO - Processing file /home/airflow/.local/lib/python3.10/site-packages/airflow/example_dags/example_task_group.py for tasks to queue
[2025-04-27T00:18:05.955+0000] {logging_mixin.py:190} INFO - [2025-04-27T00:18:05.954+0000] {dagbag.py:588} INFO - Filling up the DagBag from /home/airflow/.local/lib/python3.10/site-packages/airflow/example_dags/example_task_group.py
[2025-04-27T00:18:05.962+0000] {processor.py:925} INFO - DAG(s) 'example_task_group' retrieved from /home/airflow/.local/lib/python3.10/site-packages/airflow/example_dags/example_task_group.py
[2025-04-27T00:18:05.983+0000] {logging_mixin.py:190} INFO - [2025-04-27T00:18:05.983+0000] {dag.py:3239} INFO - Sync 1 DAGs
[2025-04-27T00:18:05.997+0000] {logging_mixin.py:190} INFO - [2025-04-27T00:18:05.997+0000] {dag.py:4180} INFO - Setting next_dagrun for example_task_group to None, run_after=None
[2025-04-27T00:18:06.016+0000] {processor.py:208} INFO - Processing /home/airflow/.local/lib/python3.10/site-packages/airflow/example_dags/example_task_group.py took 0.070 seconds
[2025-04-27T00:18:36.167+0000] {processor.py:186} INFO - Started process (PID=22678) to work on /home/airflow/.local/lib/python3.10/site-packages/airflow/example_dags/example_task_group.py
[2025-04-27T00:18:36.168+0000] {processor.py:914} INFO - Processing file /home/airflow/.local/lib/python3.10/site-packages/airflow/example_dags/example_task_group.py for tasks to queue
[2025-04-27T00:18:36.170+0000] {logging_mixin.py:190} INFO - [2025-04-27T00:18:36.170+0000] {dagbag.py:588} INFO - Filling up the DagBag from /home/airflow/.local/lib/python3.10/site-packages/airflow/example_dags/example_task_group.py
[2025-04-27T00:18:36.179+0000] {processor.py:925} INFO - DAG(s) 'example_task_group' retrieved from /home/airflow/.local/lib/python3.10/site-packages/airflow/example_dags/example_task_group.py
[2025-04-27T00:18:36.199+0000] {logging_mixin.py:190} INFO - [2025-04-27T00:18:36.199+0000] {dag.py:3239} INFO - Sync 1 DAGs
[2025-04-27T00:18:36.213+0000] {logging_mixin.py:190} INFO - [2025-04-27T00:18:36.213+0000] {dag.py:4180} INFO - Setting next_dagrun for example_task_group to None, run_after=None
[2025-04-27T00:18:36.231+0000] {processor.py:208} INFO - Processing /home/airflow/.local/lib/python3.10/site-packages/airflow/example_dags/example_task_group.py took 0.070 seconds
[2025-04-27T00:19:06.411+0000] {processor.py:186} INFO - Started process (PID=22744) to work on /home/airflow/.local/lib/python3.10/site-packages/airflow/example_dags/example_task_group.py
[2025-04-27T00:19:06.412+0000] {processor.py:914} INFO - Processing file /home/airflow/.local/lib/python3.10/site-packages/airflow/example_dags/example_task_group.py for tasks to queue
[2025-04-27T00:19:06.415+0000] {logging_mixin.py:190} INFO - [2025-04-27T00:19:06.414+0000] {dagbag.py:588} INFO - Filling up the DagBag from /home/airflow/.local/lib/python3.10/site-packages/airflow/example_dags/example_task_group.py
[2025-04-27T00:19:06.423+0000] {processor.py:925} INFO - DAG(s) 'example_task_group' retrieved from /home/airflow/.local/lib/python3.10/site-packages/airflow/example_dags/example_task_group.py
[2025-04-27T00:19:06.451+0000] {logging_mixin.py:190} INFO - [2025-04-27T00:19:06.450+0000] {dag.py:3239} INFO - Sync 1 DAGs
[2025-04-27T00:19:06.470+0000] {logging_mixin.py:190} INFO - [2025-04-27T00:19:06.470+0000] {dag.py:4180} INFO - Setting next_dagrun for example_task_group to None, run_after=None
[2025-04-27T00:19:06.493+0000] {processor.py:208} INFO - Processing /home/airflow/.local/lib/python3.10/site-packages/airflow/example_dags/example_task_group.py took 0.089 seconds
[2025-04-27T00:19:36.837+0000] {processor.py:186} INFO - Started process (PID=22810) to work on /home/airflow/.local/lib/python3.10/site-packages/airflow/example_dags/example_task_group.py
[2025-04-27T00:19:36.838+0000] {processor.py:914} INFO - Processing file /home/airflow/.local/lib/python3.10/site-packages/airflow/example_dags/example_task_group.py for tasks to queue
[2025-04-27T00:19:36.841+0000] {logging_mixin.py:190} INFO - [2025-04-27T00:19:36.840+0000] {dagbag.py:588} INFO - Filling up the DagBag from /home/airflow/.local/lib/python3.10/site-packages/airflow/example_dags/example_task_group.py
[2025-04-27T00:19:36.850+0000] {processor.py:925} INFO - DAG(s) 'example_task_group' retrieved from /home/airflow/.local/lib/python3.10/site-packages/airflow/example_dags/example_task_group.py
[2025-04-27T00:19:36.875+0000] {logging_mixin.py:190} INFO - [2025-04-27T00:19:36.875+0000] {dag.py:3239} INFO - Sync 1 DAGs
[2025-04-27T00:19:36.888+0000] {logging_mixin.py:190} INFO - [2025-04-27T00:19:36.888+0000] {dag.py:4180} INFO - Setting next_dagrun for example_task_group to None, run_after=None
[2025-04-27T00:19:36.908+0000] {processor.py:208} INFO - Processing /home/airflow/.local/lib/python3.10/site-packages/airflow/example_dags/example_task_group.py took 0.078 seconds
[2025-04-27T00:20:07.631+0000] {processor.py:186} INFO - Started process (PID=22876) to work on /home/airflow/.local/lib/python3.10/site-packages/airflow/example_dags/example_task_group.py
[2025-04-27T00:20:07.632+0000] {processor.py:914} INFO - Processing file /home/airflow/.local/lib/python3.10/site-packages/airflow/example_dags/example_task_group.py for tasks to queue
[2025-04-27T00:20:07.634+0000] {logging_mixin.py:190} INFO - [2025-04-27T00:20:07.634+0000] {dagbag.py:588} INFO - Filling up the DagBag from /home/airflow/.local/lib/python3.10/site-packages/airflow/example_dags/example_task_group.py
[2025-04-27T00:20:07.643+0000] {processor.py:925} INFO - DAG(s) 'example_task_group' retrieved from /home/airflow/.local/lib/python3.10/site-packages/airflow/example_dags/example_task_group.py
[2025-04-27T00:20:07.664+0000] {logging_mixin.py:190} INFO - [2025-04-27T00:20:07.664+0000] {dag.py:3239} INFO - Sync 1 DAGs
[2025-04-27T00:20:07.678+0000] {logging_mixin.py:190} INFO - [2025-04-27T00:20:07.678+0000] {dag.py:4180} INFO - Setting next_dagrun for example_task_group to None, run_after=None
[2025-04-27T00:20:07.697+0000] {processor.py:208} INFO - Processing /home/airflow/.local/lib/python3.10/site-packages/airflow/example_dags/example_task_group.py took 0.072 seconds
[2025-04-27T00:20:37.898+0000] {processor.py:186} INFO - Started process (PID=22942) to work on /home/airflow/.local/lib/python3.10/site-packages/airflow/example_dags/example_task_group.py
[2025-04-27T00:20:37.899+0000] {processor.py:914} INFO - Processing file /home/airflow/.local/lib/python3.10/site-packages/airflow/example_dags/example_task_group.py for tasks to queue
[2025-04-27T00:20:37.902+0000] {logging_mixin.py:190} INFO - [2025-04-27T00:20:37.901+0000] {dagbag.py:588} INFO - Filling up the DagBag from /home/airflow/.local/lib/python3.10/site-packages/airflow/example_dags/example_task_group.py
[2025-04-27T00:20:37.912+0000] {processor.py:925} INFO - DAG(s) 'example_task_group' retrieved from /home/airflow/.local/lib/python3.10/site-packages/airflow/example_dags/example_task_group.py
[2025-04-27T00:20:37.935+0000] {logging_mixin.py:190} INFO - [2025-04-27T00:20:37.935+0000] {dag.py:3239} INFO - Sync 1 DAGs
[2025-04-27T00:20:37.952+0000] {logging_mixin.py:190} INFO - [2025-04-27T00:20:37.952+0000] {dag.py:4180} INFO - Setting next_dagrun for example_task_group to None, run_after=None
[2025-04-27T00:20:37.979+0000] {processor.py:208} INFO - Processing /home/airflow/.local/lib/python3.10/site-packages/airflow/example_dags/example_task_group.py took 0.088 seconds
[2025-04-27T00:21:08.945+0000] {processor.py:186} INFO - Started process (PID=23007) to work on /home/airflow/.local/lib/python3.10/site-packages/airflow/example_dags/example_task_group.py
[2025-04-27T00:21:08.947+0000] {processor.py:914} INFO - Processing file /home/airflow/.local/lib/python3.10/site-packages/airflow/example_dags/example_task_group.py for tasks to queue
[2025-04-27T00:21:08.952+0000] {logging_mixin.py:190} INFO - [2025-04-27T00:21:08.951+0000] {dagbag.py:588} INFO - Filling up the DagBag from /home/airflow/.local/lib/python3.10/site-packages/airflow/example_dags/example_task_group.py
[2025-04-27T00:21:08.967+0000] {processor.py:925} INFO - DAG(s) 'example_task_group' retrieved from /home/airflow/.local/lib/python3.10/site-packages/airflow/example_dags/example_task_group.py
[2025-04-27T00:21:09.004+0000] {logging_mixin.py:190} INFO - [2025-04-27T00:21:09.004+0000] {dag.py:3239} INFO - Sync 1 DAGs
[2025-04-27T00:21:09.026+0000] {logging_mixin.py:190} INFO - [2025-04-27T00:21:09.025+0000] {dag.py:4180} INFO - Setting next_dagrun for example_task_group to None, run_after=None
[2025-04-27T00:21:09.055+0000] {processor.py:208} INFO - Processing /home/airflow/.local/lib/python3.10/site-packages/airflow/example_dags/example_task_group.py took 0.120 seconds
[2025-04-27T00:21:39.771+0000] {processor.py:186} INFO - Started process (PID=23069) to work on /home/airflow/.local/lib/python3.10/site-packages/airflow/example_dags/example_task_group.py
[2025-04-27T00:21:39.773+0000] {processor.py:914} INFO - Processing file /home/airflow/.local/lib/python3.10/site-packages/airflow/example_dags/example_task_group.py for tasks to queue
[2025-04-27T00:21:39.778+0000] {logging_mixin.py:190} INFO - [2025-04-27T00:21:39.777+0000] {dagbag.py:588} INFO - Filling up the DagBag from /home/airflow/.local/lib/python3.10/site-packages/airflow/example_dags/example_task_group.py
[2025-04-27T00:21:39.792+0000] {processor.py:925} INFO - DAG(s) 'example_task_group' retrieved from /home/airflow/.local/lib/python3.10/site-packages/airflow/example_dags/example_task_group.py
[2025-04-27T00:21:39.822+0000] {logging_mixin.py:190} INFO - [2025-04-27T00:21:39.822+0000] {dag.py:3239} INFO - Sync 1 DAGs
[2025-04-27T00:21:39.842+0000] {logging_mixin.py:190} INFO - [2025-04-27T00:21:39.842+0000] {dag.py:4180} INFO - Setting next_dagrun for example_task_group to None, run_after=None
[2025-04-27T00:21:39.871+0000] {processor.py:208} INFO - Processing /home/airflow/.local/lib/python3.10/site-packages/airflow/example_dags/example_task_group.py took 0.116 seconds
[2025-04-27T00:22:10.289+0000] {processor.py:186} INFO - Started process (PID=23135) to work on /home/airflow/.local/lib/python3.10/site-packages/airflow/example_dags/example_task_group.py
[2025-04-27T00:22:10.290+0000] {processor.py:914} INFO - Processing file /home/airflow/.local/lib/python3.10/site-packages/airflow/example_dags/example_task_group.py for tasks to queue
[2025-04-27T00:22:10.292+0000] {logging_mixin.py:190} INFO - [2025-04-27T00:22:10.292+0000] {dagbag.py:588} INFO - Filling up the DagBag from /home/airflow/.local/lib/python3.10/site-packages/airflow/example_dags/example_task_group.py
[2025-04-27T00:22:10.301+0000] {processor.py:925} INFO - DAG(s) 'example_task_group' retrieved from /home/airflow/.local/lib/python3.10/site-packages/airflow/example_dags/example_task_group.py
[2025-04-27T00:22:10.324+0000] {logging_mixin.py:190} INFO - [2025-04-27T00:22:10.324+0000] {dag.py:3239} INFO - Sync 1 DAGs
[2025-04-27T00:22:10.340+0000] {logging_mixin.py:190} INFO - [2025-04-27T00:22:10.339+0000] {dag.py:4180} INFO - Setting next_dagrun for example_task_group to None, run_after=None
[2025-04-27T00:22:10.364+0000] {processor.py:208} INFO - Processing /home/airflow/.local/lib/python3.10/site-packages/airflow/example_dags/example_task_group.py took 0.081 seconds
[2025-04-27T00:22:40.809+0000] {processor.py:186} INFO - Started process (PID=23201) to work on /home/airflow/.local/lib/python3.10/site-packages/airflow/example_dags/example_task_group.py
[2025-04-27T00:22:40.810+0000] {processor.py:914} INFO - Processing file /home/airflow/.local/lib/python3.10/site-packages/airflow/example_dags/example_task_group.py for tasks to queue
[2025-04-27T00:22:40.812+0000] {logging_mixin.py:190} INFO - [2025-04-27T00:22:40.812+0000] {dagbag.py:588} INFO - Filling up the DagBag from /home/airflow/.local/lib/python3.10/site-packages/airflow/example_dags/example_task_group.py
[2025-04-27T00:22:40.821+0000] {processor.py:925} INFO - DAG(s) 'example_task_group' retrieved from /home/airflow/.local/lib/python3.10/site-packages/airflow/example_dags/example_task_group.py
[2025-04-27T00:22:40.843+0000] {logging_mixin.py:190} INFO - [2025-04-27T00:22:40.843+0000] {dag.py:3239} INFO - Sync 1 DAGs
[2025-04-27T00:22:40.857+0000] {logging_mixin.py:190} INFO - [2025-04-27T00:22:40.857+0000] {dag.py:4180} INFO - Setting next_dagrun for example_task_group to None, run_after=None
[2025-04-27T00:22:40.875+0000] {processor.py:208} INFO - Processing /home/airflow/.local/lib/python3.10/site-packages/airflow/example_dags/example_task_group.py took 0.071 seconds
[2025-04-27T00:23:11.687+0000] {processor.py:186} INFO - Started process (PID=23264) to work on /home/airflow/.local/lib/python3.10/site-packages/airflow/example_dags/example_task_group.py
[2025-04-27T00:23:11.688+0000] {processor.py:914} INFO - Processing file /home/airflow/.local/lib/python3.10/site-packages/airflow/example_dags/example_task_group.py for tasks to queue
[2025-04-27T00:23:11.691+0000] {logging_mixin.py:190} INFO - [2025-04-27T00:23:11.691+0000] {dagbag.py:588} INFO - Filling up the DagBag from /home/airflow/.local/lib/python3.10/site-packages/airflow/example_dags/example_task_group.py
[2025-04-27T00:23:11.699+0000] {processor.py:925} INFO - DAG(s) 'example_task_group' retrieved from /home/airflow/.local/lib/python3.10/site-packages/airflow/example_dags/example_task_group.py
[2025-04-27T00:23:11.722+0000] {logging_mixin.py:190} INFO - [2025-04-27T00:23:11.722+0000] {dag.py:3239} INFO - Sync 1 DAGs
[2025-04-27T00:23:11.738+0000] {logging_mixin.py:190} INFO - [2025-04-27T00:23:11.737+0000] {dag.py:4180} INFO - Setting next_dagrun for example_task_group to None, run_after=None
[2025-04-27T00:23:11.759+0000] {processor.py:208} INFO - Processing /home/airflow/.local/lib/python3.10/site-packages/airflow/example_dags/example_task_group.py took 0.078 seconds
[2025-04-27T00:23:42.229+0000] {processor.py:186} INFO - Started process (PID=23330) to work on /home/airflow/.local/lib/python3.10/site-packages/airflow/example_dags/example_task_group.py
[2025-04-27T00:23:42.230+0000] {processor.py:914} INFO - Processing file /home/airflow/.local/lib/python3.10/site-packages/airflow/example_dags/example_task_group.py for tasks to queue
[2025-04-27T00:23:42.232+0000] {logging_mixin.py:190} INFO - [2025-04-27T00:23:42.232+0000] {dagbag.py:588} INFO - Filling up the DagBag from /home/airflow/.local/lib/python3.10/site-packages/airflow/example_dags/example_task_group.py
[2025-04-27T00:23:42.240+0000] {processor.py:925} INFO - DAG(s) 'example_task_group' retrieved from /home/airflow/.local/lib/python3.10/site-packages/airflow/example_dags/example_task_group.py
[2025-04-27T00:23:42.261+0000] {logging_mixin.py:190} INFO - [2025-04-27T00:23:42.261+0000] {dag.py:3239} INFO - Sync 1 DAGs
[2025-04-27T00:23:42.274+0000] {logging_mixin.py:190} INFO - [2025-04-27T00:23:42.273+0000] {dag.py:4180} INFO - Setting next_dagrun for example_task_group to None, run_after=None
[2025-04-27T00:23:42.289+0000] {processor.py:208} INFO - Processing /home/airflow/.local/lib/python3.10/site-packages/airflow/example_dags/example_task_group.py took 0.066 seconds
[2025-04-27T00:24:12.638+0000] {processor.py:186} INFO - Started process (PID=23395) to work on /home/airflow/.local/lib/python3.10/site-packages/airflow/example_dags/example_task_group.py
[2025-04-27T00:24:12.639+0000] {processor.py:914} INFO - Processing file /home/airflow/.local/lib/python3.10/site-packages/airflow/example_dags/example_task_group.py for tasks to queue
[2025-04-27T00:24:12.641+0000] {logging_mixin.py:190} INFO - [2025-04-27T00:24:12.641+0000] {dagbag.py:588} INFO - Filling up the DagBag from /home/airflow/.local/lib/python3.10/site-packages/airflow/example_dags/example_task_group.py
[2025-04-27T00:24:12.649+0000] {processor.py:925} INFO - DAG(s) 'example_task_group' retrieved from /home/airflow/.local/lib/python3.10/site-packages/airflow/example_dags/example_task_group.py
[2025-04-27T00:24:12.670+0000] {logging_mixin.py:190} INFO - [2025-04-27T00:24:12.670+0000] {dag.py:3239} INFO - Sync 1 DAGs
[2025-04-27T00:24:12.684+0000] {logging_mixin.py:190} INFO - [2025-04-27T00:24:12.684+0000] {dag.py:4180} INFO - Setting next_dagrun for example_task_group to None, run_after=None
[2025-04-27T00:24:12.702+0000] {processor.py:208} INFO - Processing /home/airflow/.local/lib/python3.10/site-packages/airflow/example_dags/example_task_group.py took 0.071 seconds
[2025-04-27T00:24:43.344+0000] {processor.py:186} INFO - Started process (PID=23461) to work on /home/airflow/.local/lib/python3.10/site-packages/airflow/example_dags/example_task_group.py
[2025-04-27T00:24:43.346+0000] {processor.py:914} INFO - Processing file /home/airflow/.local/lib/python3.10/site-packages/airflow/example_dags/example_task_group.py for tasks to queue
[2025-04-27T00:24:43.350+0000] {logging_mixin.py:190} INFO - [2025-04-27T00:24:43.349+0000] {dagbag.py:588} INFO - Filling up the DagBag from /home/airflow/.local/lib/python3.10/site-packages/airflow/example_dags/example_task_group.py
[2025-04-27T00:24:43.361+0000] {processor.py:925} INFO - DAG(s) 'example_task_group' retrieved from /home/airflow/.local/lib/python3.10/site-packages/airflow/example_dags/example_task_group.py
[2025-04-27T00:24:43.387+0000] {logging_mixin.py:190} INFO - [2025-04-27T00:24:43.387+0000] {dag.py:3239} INFO - Sync 1 DAGs
[2025-04-27T00:24:43.404+0000] {logging_mixin.py:190} INFO - [2025-04-27T00:24:43.404+0000] {dag.py:4180} INFO - Setting next_dagrun for example_task_group to None, run_after=None
[2025-04-27T00:24:43.428+0000] {processor.py:208} INFO - Processing /home/airflow/.local/lib/python3.10/site-packages/airflow/example_dags/example_task_group.py took 0.092 seconds
[2025-04-27T00:25:13.514+0000] {processor.py:186} INFO - Started process (PID=23526) to work on /home/airflow/.local/lib/python3.10/site-packages/airflow/example_dags/example_task_group.py
[2025-04-27T00:25:13.516+0000] {processor.py:914} INFO - Processing file /home/airflow/.local/lib/python3.10/site-packages/airflow/example_dags/example_task_group.py for tasks to queue
[2025-04-27T00:25:13.518+0000] {logging_mixin.py:190} INFO - [2025-04-27T00:25:13.517+0000] {dagbag.py:588} INFO - Filling up the DagBag from /home/airflow/.local/lib/python3.10/site-packages/airflow/example_dags/example_task_group.py
[2025-04-27T00:25:13.526+0000] {processor.py:925} INFO - DAG(s) 'example_task_group' retrieved from /home/airflow/.local/lib/python3.10/site-packages/airflow/example_dags/example_task_group.py
[2025-04-27T00:25:13.546+0000] {logging_mixin.py:190} INFO - [2025-04-27T00:25:13.546+0000] {dag.py:3239} INFO - Sync 1 DAGs
[2025-04-27T00:25:13.559+0000] {logging_mixin.py:190} INFO - [2025-04-27T00:25:13.558+0000] {dag.py:4180} INFO - Setting next_dagrun for example_task_group to None, run_after=None
[2025-04-27T00:25:13.575+0000] {processor.py:208} INFO - Processing /home/airflow/.local/lib/python3.10/site-packages/airflow/example_dags/example_task_group.py took 0.067 seconds
