[2025-04-27T00:00:13.612+0000] {processor.py:186} INFO - Started process (PID=20289) to work on /home/airflow/.local/lib/python3.10/site-packages/airflow/example_dags/example_short_circuit_decorator.py
[2025-04-27T00:00:13.613+0000] {processor.py:914} INFO - Processing file /home/airflow/.local/lib/python3.10/site-packages/airflow/example_dags/example_short_circuit_decorator.py for tasks to queue
[2025-04-27T00:00:13.615+0000] {logging_mixin.py:190} INFO - [2025-04-27T00:00:13.615+0000] {dagbag.py:588} INFO - Filling up the DagBag from /home/airflow/.local/lib/python3.10/site-packages/airflow/example_dags/example_short_circuit_decorator.py
[2025-04-27T00:00:13.626+0000] {processor.py:925} INFO - DAG(s) 'example_short_circuit_decorator' retrieved from /home/airflow/.local/lib/python3.10/site-packages/airflow/example_dags/example_short_circuit_decorator.py
[2025-04-27T00:00:13.652+0000] {logging_mixin.py:190} INFO - [2025-04-27T00:00:13.651+0000] {dag.py:3239} INFO - Sync 1 DAGs
[2025-04-27T00:00:13.667+0000] {logging_mixin.py:190} INFO - [2025-04-27T00:00:13.667+0000] {dag.py:4180} INFO - Setting next_dagrun for example_short_circuit_decorator to None, run_after=None
[2025-04-27T00:00:13.687+0000] {processor.py:208} INFO - Processing /home/airflow/.local/lib/python3.10/site-packages/airflow/example_dags/example_short_circuit_decorator.py took 0.082 seconds
[2025-04-27T00:00:44.090+0000] {processor.py:186} INFO - Started process (PID=20355) to work on /home/airflow/.local/lib/python3.10/site-packages/airflow/example_dags/example_short_circuit_decorator.py
[2025-04-27T00:00:44.091+0000] {processor.py:914} INFO - Processing file /home/airflow/.local/lib/python3.10/site-packages/airflow/example_dags/example_short_circuit_decorator.py for tasks to queue
[2025-04-27T00:00:44.093+0000] {logging_mixin.py:190} INFO - [2025-04-27T00:00:44.093+0000] {dagbag.py:588} INFO - Filling up the DagBag from /home/airflow/.local/lib/python3.10/site-packages/airflow/example_dags/example_short_circuit_decorator.py
[2025-04-27T00:00:44.104+0000] {processor.py:925} INFO - DAG(s) 'example_short_circuit_decorator' retrieved from /home/airflow/.local/lib/python3.10/site-packages/airflow/example_dags/example_short_circuit_decorator.py
[2025-04-27T00:00:44.130+0000] {logging_mixin.py:190} INFO - [2025-04-27T00:00:44.130+0000] {dag.py:3239} INFO - Sync 1 DAGs
[2025-04-27T00:00:44.145+0000] {logging_mixin.py:190} INFO - [2025-04-27T00:00:44.145+0000] {dag.py:4180} INFO - Setting next_dagrun for example_short_circuit_decorator to None, run_after=None
[2025-04-27T00:00:44.169+0000] {processor.py:208} INFO - Processing /home/airflow/.local/lib/python3.10/site-packages/airflow/example_dags/example_short_circuit_decorator.py took 0.085 seconds
[2025-04-27T00:01:14.947+0000] {processor.py:186} INFO - Started process (PID=20421) to work on /home/airflow/.local/lib/python3.10/site-packages/airflow/example_dags/example_short_circuit_decorator.py
[2025-04-27T00:01:14.949+0000] {processor.py:914} INFO - Processing file /home/airflow/.local/lib/python3.10/site-packages/airflow/example_dags/example_short_circuit_decorator.py for tasks to queue
[2025-04-27T00:01:14.951+0000] {logging_mixin.py:190} INFO - [2025-04-27T00:01:14.951+0000] {dagbag.py:588} INFO - Filling up the DagBag from /home/airflow/.local/lib/python3.10/site-packages/airflow/example_dags/example_short_circuit_decorator.py
[2025-04-27T00:01:14.961+0000] {processor.py:925} INFO - DAG(s) 'example_short_circuit_decorator' retrieved from /home/airflow/.local/lib/python3.10/site-packages/airflow/example_dags/example_short_circuit_decorator.py
[2025-04-27T00:01:14.985+0000] {logging_mixin.py:190} INFO - [2025-04-27T00:01:14.985+0000] {dag.py:3239} INFO - Sync 1 DAGs
[2025-04-27T00:01:15.000+0000] {logging_mixin.py:190} INFO - [2025-04-27T00:01:15.000+0000] {dag.py:4180} INFO - Setting next_dagrun for example_short_circuit_decorator to None, run_after=None
[2025-04-27T00:01:15.019+0000] {processor.py:208} INFO - Processing /home/airflow/.local/lib/python3.10/site-packages/airflow/example_dags/example_short_circuit_decorator.py took 0.078 seconds
[2025-04-27T00:01:45.223+0000] {processor.py:186} INFO - Started process (PID=20487) to work on /home/airflow/.local/lib/python3.10/site-packages/airflow/example_dags/example_short_circuit_decorator.py
[2025-04-27T00:01:45.224+0000] {processor.py:914} INFO - Processing file /home/airflow/.local/lib/python3.10/site-packages/airflow/example_dags/example_short_circuit_decorator.py for tasks to queue
[2025-04-27T00:01:45.226+0000] {logging_mixin.py:190} INFO - [2025-04-27T00:01:45.226+0000] {dagbag.py:588} INFO - Filling up the DagBag from /home/airflow/.local/lib/python3.10/site-packages/airflow/example_dags/example_short_circuit_decorator.py
[2025-04-27T00:01:45.237+0000] {processor.py:925} INFO - DAG(s) 'example_short_circuit_decorator' retrieved from /home/airflow/.local/lib/python3.10/site-packages/airflow/example_dags/example_short_circuit_decorator.py
[2025-04-27T00:01:45.263+0000] {logging_mixin.py:190} INFO - [2025-04-27T00:01:45.262+0000] {dag.py:3239} INFO - Sync 1 DAGs
[2025-04-27T00:01:45.278+0000] {logging_mixin.py:190} INFO - [2025-04-27T00:01:45.277+0000] {dag.py:4180} INFO - Setting next_dagrun for example_short_circuit_decorator to None, run_after=None
[2025-04-27T00:01:45.297+0000] {processor.py:208} INFO - Processing /home/airflow/.local/lib/python3.10/site-packages/airflow/example_dags/example_short_circuit_decorator.py took 0.080 seconds
[2025-04-27T00:02:15.600+0000] {processor.py:186} INFO - Started process (PID=20553) to work on /home/airflow/.local/lib/python3.10/site-packages/airflow/example_dags/example_short_circuit_decorator.py
[2025-04-27T00:02:15.601+0000] {processor.py:914} INFO - Processing file /home/airflow/.local/lib/python3.10/site-packages/airflow/example_dags/example_short_circuit_decorator.py for tasks to queue
[2025-04-27T00:02:15.604+0000] {logging_mixin.py:190} INFO - [2025-04-27T00:02:15.604+0000] {dagbag.py:588} INFO - Filling up the DagBag from /home/airflow/.local/lib/python3.10/site-packages/airflow/example_dags/example_short_circuit_decorator.py
[2025-04-27T00:02:15.615+0000] {processor.py:925} INFO - DAG(s) 'example_short_circuit_decorator' retrieved from /home/airflow/.local/lib/python3.10/site-packages/airflow/example_dags/example_short_circuit_decorator.py
[2025-04-27T00:02:15.642+0000] {logging_mixin.py:190} INFO - [2025-04-27T00:02:15.642+0000] {dag.py:3239} INFO - Sync 1 DAGs
[2025-04-27T00:02:15.658+0000] {logging_mixin.py:190} INFO - [2025-04-27T00:02:15.658+0000] {dag.py:4180} INFO - Setting next_dagrun for example_short_circuit_decorator to None, run_after=None
[2025-04-27T00:02:15.685+0000] {processor.py:208} INFO - Processing /home/airflow/.local/lib/python3.10/site-packages/airflow/example_dags/example_short_circuit_decorator.py took 0.092 seconds
[2025-04-27T00:02:46.818+0000] {processor.py:186} INFO - Started process (PID=20620) to work on /home/airflow/.local/lib/python3.10/site-packages/airflow/example_dags/example_short_circuit_decorator.py
[2025-04-27T00:02:46.819+0000] {processor.py:914} INFO - Processing file /home/airflow/.local/lib/python3.10/site-packages/airflow/example_dags/example_short_circuit_decorator.py for tasks to queue
[2025-04-27T00:02:46.822+0000] {logging_mixin.py:190} INFO - [2025-04-27T00:02:46.821+0000] {dagbag.py:588} INFO - Filling up the DagBag from /home/airflow/.local/lib/python3.10/site-packages/airflow/example_dags/example_short_circuit_decorator.py
[2025-04-27T00:02:46.836+0000] {processor.py:925} INFO - DAG(s) 'example_short_circuit_decorator' retrieved from /home/airflow/.local/lib/python3.10/site-packages/airflow/example_dags/example_short_circuit_decorator.py
[2025-04-27T00:02:46.864+0000] {logging_mixin.py:190} INFO - [2025-04-27T00:02:46.864+0000] {dag.py:3239} INFO - Sync 1 DAGs
[2025-04-27T00:02:46.879+0000] {logging_mixin.py:190} INFO - [2025-04-27T00:02:46.879+0000] {dag.py:4180} INFO - Setting next_dagrun for example_short_circuit_decorator to None, run_after=None
[2025-04-27T00:02:46.900+0000] {processor.py:208} INFO - Processing /home/airflow/.local/lib/python3.10/site-packages/airflow/example_dags/example_short_circuit_decorator.py took 0.088 seconds
[2025-04-27T00:03:17.270+0000] {processor.py:186} INFO - Started process (PID=20686) to work on /home/airflow/.local/lib/python3.10/site-packages/airflow/example_dags/example_short_circuit_decorator.py
[2025-04-27T00:03:17.271+0000] {processor.py:914} INFO - Processing file /home/airflow/.local/lib/python3.10/site-packages/airflow/example_dags/example_short_circuit_decorator.py for tasks to queue
[2025-04-27T00:03:17.274+0000] {logging_mixin.py:190} INFO - [2025-04-27T00:03:17.273+0000] {dagbag.py:588} INFO - Filling up the DagBag from /home/airflow/.local/lib/python3.10/site-packages/airflow/example_dags/example_short_circuit_decorator.py
[2025-04-27T00:03:17.284+0000] {processor.py:925} INFO - DAG(s) 'example_short_circuit_decorator' retrieved from /home/airflow/.local/lib/python3.10/site-packages/airflow/example_dags/example_short_circuit_decorator.py
[2025-04-27T00:03:17.310+0000] {logging_mixin.py:190} INFO - [2025-04-27T00:03:17.309+0000] {dag.py:3239} INFO - Sync 1 DAGs
[2025-04-27T00:03:17.325+0000] {logging_mixin.py:190} INFO - [2025-04-27T00:03:17.325+0000] {dag.py:4180} INFO - Setting next_dagrun for example_short_circuit_decorator to None, run_after=None
[2025-04-27T00:03:17.346+0000] {processor.py:208} INFO - Processing /home/airflow/.local/lib/python3.10/site-packages/airflow/example_dags/example_short_circuit_decorator.py took 0.082 seconds
[2025-04-27T00:03:47.726+0000] {processor.py:186} INFO - Started process (PID=20751) to work on /home/airflow/.local/lib/python3.10/site-packages/airflow/example_dags/example_short_circuit_decorator.py
[2025-04-27T00:03:47.727+0000] {processor.py:914} INFO - Processing file /home/airflow/.local/lib/python3.10/site-packages/airflow/example_dags/example_short_circuit_decorator.py for tasks to queue
[2025-04-27T00:03:47.730+0000] {logging_mixin.py:190} INFO - [2025-04-27T00:03:47.729+0000] {dagbag.py:588} INFO - Filling up the DagBag from /home/airflow/.local/lib/python3.10/site-packages/airflow/example_dags/example_short_circuit_decorator.py
[2025-04-27T00:03:47.741+0000] {processor.py:925} INFO - DAG(s) 'example_short_circuit_decorator' retrieved from /home/airflow/.local/lib/python3.10/site-packages/airflow/example_dags/example_short_circuit_decorator.py
[2025-04-27T00:03:47.766+0000] {logging_mixin.py:190} INFO - [2025-04-27T00:03:47.766+0000] {dag.py:3239} INFO - Sync 1 DAGs
[2025-04-27T00:03:47.781+0000] {logging_mixin.py:190} INFO - [2025-04-27T00:03:47.781+0000] {dag.py:4180} INFO - Setting next_dagrun for example_short_circuit_decorator to None, run_after=None
[2025-04-27T00:03:47.800+0000] {processor.py:208} INFO - Processing /home/airflow/.local/lib/python3.10/site-packages/airflow/example_dags/example_short_circuit_decorator.py took 0.080 seconds
[2025-04-27T00:04:18.557+0000] {processor.py:186} INFO - Started process (PID=20817) to work on /home/airflow/.local/lib/python3.10/site-packages/airflow/example_dags/example_short_circuit_decorator.py
[2025-04-27T00:04:18.558+0000] {processor.py:914} INFO - Processing file /home/airflow/.local/lib/python3.10/site-packages/airflow/example_dags/example_short_circuit_decorator.py for tasks to queue
[2025-04-27T00:04:18.561+0000] {logging_mixin.py:190} INFO - [2025-04-27T00:04:18.561+0000] {dagbag.py:588} INFO - Filling up the DagBag from /home/airflow/.local/lib/python3.10/site-packages/airflow/example_dags/example_short_circuit_decorator.py
[2025-04-27T00:04:18.571+0000] {processor.py:925} INFO - DAG(s) 'example_short_circuit_decorator' retrieved from /home/airflow/.local/lib/python3.10/site-packages/airflow/example_dags/example_short_circuit_decorator.py
[2025-04-27T00:04:18.597+0000] {logging_mixin.py:190} INFO - [2025-04-27T00:04:18.596+0000] {dag.py:3239} INFO - Sync 1 DAGs
[2025-04-27T00:04:18.614+0000] {logging_mixin.py:190} INFO - [2025-04-27T00:04:18.613+0000] {dag.py:4180} INFO - Setting next_dagrun for example_short_circuit_decorator to None, run_after=None
[2025-04-27T00:04:18.635+0000] {processor.py:208} INFO - Processing /home/airflow/.local/lib/python3.10/site-packages/airflow/example_dags/example_short_circuit_decorator.py took 0.084 seconds
[2025-04-27T00:04:48.713+0000] {processor.py:186} INFO - Started process (PID=20882) to work on /home/airflow/.local/lib/python3.10/site-packages/airflow/example_dags/example_short_circuit_decorator.py
[2025-04-27T00:04:48.714+0000] {processor.py:914} INFO - Processing file /home/airflow/.local/lib/python3.10/site-packages/airflow/example_dags/example_short_circuit_decorator.py for tasks to queue
[2025-04-27T00:04:48.716+0000] {logging_mixin.py:190} INFO - [2025-04-27T00:04:48.716+0000] {dagbag.py:588} INFO - Filling up the DagBag from /home/airflow/.local/lib/python3.10/site-packages/airflow/example_dags/example_short_circuit_decorator.py
[2025-04-27T00:04:48.727+0000] {processor.py:925} INFO - DAG(s) 'example_short_circuit_decorator' retrieved from /home/airflow/.local/lib/python3.10/site-packages/airflow/example_dags/example_short_circuit_decorator.py
[2025-04-27T00:04:48.752+0000] {logging_mixin.py:190} INFO - [2025-04-27T00:04:48.752+0000] {dag.py:3239} INFO - Sync 1 DAGs
[2025-04-27T00:04:48.771+0000] {logging_mixin.py:190} INFO - [2025-04-27T00:04:48.771+0000] {dag.py:4180} INFO - Setting next_dagrun for example_short_circuit_decorator to None, run_after=None
[2025-04-27T00:04:48.798+0000] {processor.py:208} INFO - Processing /home/airflow/.local/lib/python3.10/site-packages/airflow/example_dags/example_short_circuit_decorator.py took 0.091 seconds
[2025-04-27T00:05:19.627+0000] {processor.py:186} INFO - Started process (PID=20949) to work on /home/airflow/.local/lib/python3.10/site-packages/airflow/example_dags/example_short_circuit_decorator.py
[2025-04-27T00:05:19.628+0000] {processor.py:914} INFO - Processing file /home/airflow/.local/lib/python3.10/site-packages/airflow/example_dags/example_short_circuit_decorator.py for tasks to queue
[2025-04-27T00:05:19.631+0000] {logging_mixin.py:190} INFO - [2025-04-27T00:05:19.631+0000] {dagbag.py:588} INFO - Filling up the DagBag from /home/airflow/.local/lib/python3.10/site-packages/airflow/example_dags/example_short_circuit_decorator.py
[2025-04-27T00:05:19.641+0000] {processor.py:925} INFO - DAG(s) 'example_short_circuit_decorator' retrieved from /home/airflow/.local/lib/python3.10/site-packages/airflow/example_dags/example_short_circuit_decorator.py
[2025-04-27T00:05:19.665+0000] {logging_mixin.py:190} INFO - [2025-04-27T00:05:19.664+0000] {dag.py:3239} INFO - Sync 1 DAGs
[2025-04-27T00:05:19.678+0000] {logging_mixin.py:190} INFO - [2025-04-27T00:05:19.678+0000] {dag.py:4180} INFO - Setting next_dagrun for example_short_circuit_decorator to None, run_after=None
[2025-04-27T00:05:19.697+0000] {processor.py:208} INFO - Processing /home/airflow/.local/lib/python3.10/site-packages/airflow/example_dags/example_short_circuit_decorator.py took 0.076 seconds
[2025-04-27T00:05:50.083+0000] {processor.py:186} INFO - Started process (PID=21015) to work on /home/airflow/.local/lib/python3.10/site-packages/airflow/example_dags/example_short_circuit_decorator.py
[2025-04-27T00:05:50.084+0000] {processor.py:914} INFO - Processing file /home/airflow/.local/lib/python3.10/site-packages/airflow/example_dags/example_short_circuit_decorator.py for tasks to queue
[2025-04-27T00:05:50.086+0000] {logging_mixin.py:190} INFO - [2025-04-27T00:05:50.086+0000] {dagbag.py:588} INFO - Filling up the DagBag from /home/airflow/.local/lib/python3.10/site-packages/airflow/example_dags/example_short_circuit_decorator.py
[2025-04-27T00:05:50.096+0000] {processor.py:925} INFO - DAG(s) 'example_short_circuit_decorator' retrieved from /home/airflow/.local/lib/python3.10/site-packages/airflow/example_dags/example_short_circuit_decorator.py
[2025-04-27T00:05:50.120+0000] {logging_mixin.py:190} INFO - [2025-04-27T00:05:50.119+0000] {dag.py:3239} INFO - Sync 1 DAGs
[2025-04-27T00:05:50.138+0000] {logging_mixin.py:190} INFO - [2025-04-27T00:05:50.137+0000] {dag.py:4180} INFO - Setting next_dagrun for example_short_circuit_decorator to None, run_after=None
[2025-04-27T00:05:50.158+0000] {processor.py:208} INFO - Processing /home/airflow/.local/lib/python3.10/site-packages/airflow/example_dags/example_short_circuit_decorator.py took 0.080 seconds
[2025-04-27T00:06:20.999+0000] {processor.py:186} INFO - Started process (PID=21081) to work on /home/airflow/.local/lib/python3.10/site-packages/airflow/example_dags/example_short_circuit_decorator.py
[2025-04-27T00:06:21.000+0000] {processor.py:914} INFO - Processing file /home/airflow/.local/lib/python3.10/site-packages/airflow/example_dags/example_short_circuit_decorator.py for tasks to queue
[2025-04-27T00:06:21.004+0000] {logging_mixin.py:190} INFO - [2025-04-27T00:06:21.004+0000] {dagbag.py:588} INFO - Filling up the DagBag from /home/airflow/.local/lib/python3.10/site-packages/airflow/example_dags/example_short_circuit_decorator.py
[2025-04-27T00:06:21.016+0000] {processor.py:925} INFO - DAG(s) 'example_short_circuit_decorator' retrieved from /home/airflow/.local/lib/python3.10/site-packages/airflow/example_dags/example_short_circuit_decorator.py
[2025-04-27T00:06:21.048+0000] {logging_mixin.py:190} INFO - [2025-04-27T00:06:21.048+0000] {dag.py:3239} INFO - Sync 1 DAGs
[2025-04-27T00:06:21.063+0000] {logging_mixin.py:190} INFO - [2025-04-27T00:06:21.062+0000] {dag.py:4180} INFO - Setting next_dagrun for example_short_circuit_decorator to None, run_after=None
[2025-04-27T00:06:21.084+0000] {processor.py:208} INFO - Processing /home/airflow/.local/lib/python3.10/site-packages/airflow/example_dags/example_short_circuit_decorator.py took 0.092 seconds
[2025-04-27T00:06:51.204+0000] {processor.py:186} INFO - Started process (PID=21153) to work on /home/airflow/.local/lib/python3.10/site-packages/airflow/example_dags/example_short_circuit_decorator.py
[2025-04-27T00:06:51.205+0000] {processor.py:914} INFO - Processing file /home/airflow/.local/lib/python3.10/site-packages/airflow/example_dags/example_short_circuit_decorator.py for tasks to queue
[2025-04-27T00:06:51.208+0000] {logging_mixin.py:190} INFO - [2025-04-27T00:06:51.207+0000] {dagbag.py:588} INFO - Filling up the DagBag from /home/airflow/.local/lib/python3.10/site-packages/airflow/example_dags/example_short_circuit_decorator.py
[2025-04-27T00:06:51.219+0000] {processor.py:925} INFO - DAG(s) 'example_short_circuit_decorator' retrieved from /home/airflow/.local/lib/python3.10/site-packages/airflow/example_dags/example_short_circuit_decorator.py
[2025-04-27T00:06:51.251+0000] {logging_mixin.py:190} INFO - [2025-04-27T00:06:51.251+0000] {dag.py:3239} INFO - Sync 1 DAGs
[2025-04-27T00:06:51.274+0000] {logging_mixin.py:190} INFO - [2025-04-27T00:06:51.273+0000] {dag.py:4180} INFO - Setting next_dagrun for example_short_circuit_decorator to None, run_after=None
[2025-04-27T00:06:51.299+0000] {processor.py:208} INFO - Processing /home/airflow/.local/lib/python3.10/site-packages/airflow/example_dags/example_short_circuit_decorator.py took 0.101 seconds
[2025-04-27T00:07:21.588+0000] {processor.py:186} INFO - Started process (PID=21220) to work on /home/airflow/.local/lib/python3.10/site-packages/airflow/example_dags/example_short_circuit_decorator.py
[2025-04-27T00:07:21.590+0000] {processor.py:914} INFO - Processing file /home/airflow/.local/lib/python3.10/site-packages/airflow/example_dags/example_short_circuit_decorator.py for tasks to queue
[2025-04-27T00:07:21.593+0000] {logging_mixin.py:190} INFO - [2025-04-27T00:07:21.592+0000] {dagbag.py:588} INFO - Filling up the DagBag from /home/airflow/.local/lib/python3.10/site-packages/airflow/example_dags/example_short_circuit_decorator.py
[2025-04-27T00:07:21.606+0000] {processor.py:925} INFO - DAG(s) 'example_short_circuit_decorator' retrieved from /home/airflow/.local/lib/python3.10/site-packages/airflow/example_dags/example_short_circuit_decorator.py
[2025-04-27T00:07:21.639+0000] {logging_mixin.py:190} INFO - [2025-04-27T00:07:21.638+0000] {dag.py:3239} INFO - Sync 1 DAGs
[2025-04-27T00:07:21.666+0000] {logging_mixin.py:190} INFO - [2025-04-27T00:07:21.666+0000] {dag.py:4180} INFO - Setting next_dagrun for example_short_circuit_decorator to None, run_after=None
[2025-04-27T00:07:21.701+0000] {processor.py:208} INFO - Processing /home/airflow/.local/lib/python3.10/site-packages/airflow/example_dags/example_short_circuit_decorator.py took 0.120 seconds
[2025-04-27T00:07:51.777+0000] {processor.py:186} INFO - Started process (PID=21286) to work on /home/airflow/.local/lib/python3.10/site-packages/airflow/example_dags/example_short_circuit_decorator.py
[2025-04-27T00:07:51.778+0000] {processor.py:914} INFO - Processing file /home/airflow/.local/lib/python3.10/site-packages/airflow/example_dags/example_short_circuit_decorator.py for tasks to queue
[2025-04-27T00:07:51.781+0000] {logging_mixin.py:190} INFO - [2025-04-27T00:07:51.780+0000] {dagbag.py:588} INFO - Filling up the DagBag from /home/airflow/.local/lib/python3.10/site-packages/airflow/example_dags/example_short_circuit_decorator.py
[2025-04-27T00:07:51.792+0000] {processor.py:925} INFO - DAG(s) 'example_short_circuit_decorator' retrieved from /home/airflow/.local/lib/python3.10/site-packages/airflow/example_dags/example_short_circuit_decorator.py
[2025-04-27T00:07:51.813+0000] {logging_mixin.py:190} INFO - [2025-04-27T00:07:51.813+0000] {dag.py:3239} INFO - Sync 1 DAGs
[2025-04-27T00:07:51.826+0000] {logging_mixin.py:190} INFO - [2025-04-27T00:07:51.826+0000] {dag.py:4180} INFO - Setting next_dagrun for example_short_circuit_decorator to None, run_after=None
[2025-04-27T00:07:51.843+0000] {processor.py:208} INFO - Processing /home/airflow/.local/lib/python3.10/site-packages/airflow/example_dags/example_short_circuit_decorator.py took 0.074 seconds
[2025-04-27T00:08:22.748+0000] {processor.py:186} INFO - Started process (PID=21352) to work on /home/airflow/.local/lib/python3.10/site-packages/airflow/example_dags/example_short_circuit_decorator.py
[2025-04-27T00:08:22.750+0000] {processor.py:914} INFO - Processing file /home/airflow/.local/lib/python3.10/site-packages/airflow/example_dags/example_short_circuit_decorator.py for tasks to queue
[2025-04-27T00:08:22.752+0000] {logging_mixin.py:190} INFO - [2025-04-27T00:08:22.752+0000] {dagbag.py:588} INFO - Filling up the DagBag from /home/airflow/.local/lib/python3.10/site-packages/airflow/example_dags/example_short_circuit_decorator.py
[2025-04-27T00:08:22.762+0000] {processor.py:925} INFO - DAG(s) 'example_short_circuit_decorator' retrieved from /home/airflow/.local/lib/python3.10/site-packages/airflow/example_dags/example_short_circuit_decorator.py
[2025-04-27T00:08:22.787+0000] {logging_mixin.py:190} INFO - [2025-04-27T00:08:22.786+0000] {dag.py:3239} INFO - Sync 1 DAGs
[2025-04-27T00:08:22.803+0000] {logging_mixin.py:190} INFO - [2025-04-27T00:08:22.803+0000] {dag.py:4180} INFO - Setting next_dagrun for example_short_circuit_decorator to None, run_after=None
[2025-04-27T00:08:22.825+0000] {processor.py:208} INFO - Processing /home/airflow/.local/lib/python3.10/site-packages/airflow/example_dags/example_short_circuit_decorator.py took 0.084 seconds
[2025-04-27T00:08:53.377+0000] {processor.py:186} INFO - Started process (PID=21418) to work on /home/airflow/.local/lib/python3.10/site-packages/airflow/example_dags/example_short_circuit_decorator.py
[2025-04-27T00:08:53.379+0000] {processor.py:914} INFO - Processing file /home/airflow/.local/lib/python3.10/site-packages/airflow/example_dags/example_short_circuit_decorator.py for tasks to queue
[2025-04-27T00:08:53.381+0000] {logging_mixin.py:190} INFO - [2025-04-27T00:08:53.381+0000] {dagbag.py:588} INFO - Filling up the DagBag from /home/airflow/.local/lib/python3.10/site-packages/airflow/example_dags/example_short_circuit_decorator.py
[2025-04-27T00:08:53.393+0000] {processor.py:925} INFO - DAG(s) 'example_short_circuit_decorator' retrieved from /home/airflow/.local/lib/python3.10/site-packages/airflow/example_dags/example_short_circuit_decorator.py
[2025-04-27T00:08:53.419+0000] {logging_mixin.py:190} INFO - [2025-04-27T00:08:53.419+0000] {dag.py:3239} INFO - Sync 1 DAGs
[2025-04-27T00:08:53.436+0000] {logging_mixin.py:190} INFO - [2025-04-27T00:08:53.436+0000] {dag.py:4180} INFO - Setting next_dagrun for example_short_circuit_decorator to None, run_after=None
[2025-04-27T00:08:53.459+0000] {processor.py:208} INFO - Processing /home/airflow/.local/lib/python3.10/site-packages/airflow/example_dags/example_short_circuit_decorator.py took 0.088 seconds
[2025-04-27T00:09:23.949+0000] {processor.py:186} INFO - Started process (PID=21484) to work on /home/airflow/.local/lib/python3.10/site-packages/airflow/example_dags/example_short_circuit_decorator.py
[2025-04-27T00:09:23.950+0000] {processor.py:914} INFO - Processing file /home/airflow/.local/lib/python3.10/site-packages/airflow/example_dags/example_short_circuit_decorator.py for tasks to queue
[2025-04-27T00:09:23.953+0000] {logging_mixin.py:190} INFO - [2025-04-27T00:09:23.953+0000] {dagbag.py:588} INFO - Filling up the DagBag from /home/airflow/.local/lib/python3.10/site-packages/airflow/example_dags/example_short_circuit_decorator.py
[2025-04-27T00:09:23.965+0000] {processor.py:925} INFO - DAG(s) 'example_short_circuit_decorator' retrieved from /home/airflow/.local/lib/python3.10/site-packages/airflow/example_dags/example_short_circuit_decorator.py
[2025-04-27T00:09:23.991+0000] {logging_mixin.py:190} INFO - [2025-04-27T00:09:23.991+0000] {dag.py:3239} INFO - Sync 1 DAGs
[2025-04-27T00:09:24.007+0000] {logging_mixin.py:190} INFO - [2025-04-27T00:09:24.006+0000] {dag.py:4180} INFO - Setting next_dagrun for example_short_circuit_decorator to None, run_after=None
[2025-04-27T00:09:24.031+0000] {processor.py:208} INFO - Processing /home/airflow/.local/lib/python3.10/site-packages/airflow/example_dags/example_short_circuit_decorator.py took 0.089 seconds
[2025-04-27T00:09:54.965+0000] {processor.py:186} INFO - Started process (PID=21550) to work on /home/airflow/.local/lib/python3.10/site-packages/airflow/example_dags/example_short_circuit_decorator.py
[2025-04-27T00:09:54.966+0000] {processor.py:914} INFO - Processing file /home/airflow/.local/lib/python3.10/site-packages/airflow/example_dags/example_short_circuit_decorator.py for tasks to queue
[2025-04-27T00:09:54.968+0000] {logging_mixin.py:190} INFO - [2025-04-27T00:09:54.968+0000] {dagbag.py:588} INFO - Filling up the DagBag from /home/airflow/.local/lib/python3.10/site-packages/airflow/example_dags/example_short_circuit_decorator.py
[2025-04-27T00:09:54.979+0000] {processor.py:925} INFO - DAG(s) 'example_short_circuit_decorator' retrieved from /home/airflow/.local/lib/python3.10/site-packages/airflow/example_dags/example_short_circuit_decorator.py
[2025-04-27T00:09:55.005+0000] {logging_mixin.py:190} INFO - [2025-04-27T00:09:55.005+0000] {dag.py:3239} INFO - Sync 1 DAGs
[2025-04-27T00:09:55.020+0000] {logging_mixin.py:190} INFO - [2025-04-27T00:09:55.020+0000] {dag.py:4180} INFO - Setting next_dagrun for example_short_circuit_decorator to None, run_after=None
[2025-04-27T00:09:55.045+0000] {processor.py:208} INFO - Processing /home/airflow/.local/lib/python3.10/site-packages/airflow/example_dags/example_short_circuit_decorator.py took 0.087 seconds
[2025-04-27T00:10:25.858+0000] {processor.py:186} INFO - Started process (PID=21616) to work on /home/airflow/.local/lib/python3.10/site-packages/airflow/example_dags/example_short_circuit_decorator.py
[2025-04-27T00:10:25.860+0000] {processor.py:914} INFO - Processing file /home/airflow/.local/lib/python3.10/site-packages/airflow/example_dags/example_short_circuit_decorator.py for tasks to queue
[2025-04-27T00:10:25.862+0000] {logging_mixin.py:190} INFO - [2025-04-27T00:10:25.862+0000] {dagbag.py:588} INFO - Filling up the DagBag from /home/airflow/.local/lib/python3.10/site-packages/airflow/example_dags/example_short_circuit_decorator.py
[2025-04-27T00:10:25.872+0000] {processor.py:925} INFO - DAG(s) 'example_short_circuit_decorator' retrieved from /home/airflow/.local/lib/python3.10/site-packages/airflow/example_dags/example_short_circuit_decorator.py
[2025-04-27T00:10:25.900+0000] {logging_mixin.py:190} INFO - [2025-04-27T00:10:25.900+0000] {dag.py:3239} INFO - Sync 1 DAGs
[2025-04-27T00:10:25.914+0000] {logging_mixin.py:190} INFO - [2025-04-27T00:10:25.914+0000] {dag.py:4180} INFO - Setting next_dagrun for example_short_circuit_decorator to None, run_after=None
[2025-04-27T00:10:25.935+0000] {processor.py:208} INFO - Processing /home/airflow/.local/lib/python3.10/site-packages/airflow/example_dags/example_short_circuit_decorator.py took 0.084 seconds
[2025-04-27T00:10:56.600+0000] {processor.py:186} INFO - Started process (PID=21682) to work on /home/airflow/.local/lib/python3.10/site-packages/airflow/example_dags/example_short_circuit_decorator.py
[2025-04-27T00:10:56.602+0000] {processor.py:914} INFO - Processing file /home/airflow/.local/lib/python3.10/site-packages/airflow/example_dags/example_short_circuit_decorator.py for tasks to queue
[2025-04-27T00:10:56.605+0000] {logging_mixin.py:190} INFO - [2025-04-27T00:10:56.605+0000] {dagbag.py:588} INFO - Filling up the DagBag from /home/airflow/.local/lib/python3.10/site-packages/airflow/example_dags/example_short_circuit_decorator.py
[2025-04-27T00:10:56.618+0000] {processor.py:925} INFO - DAG(s) 'example_short_circuit_decorator' retrieved from /home/airflow/.local/lib/python3.10/site-packages/airflow/example_dags/example_short_circuit_decorator.py
[2025-04-27T00:10:56.651+0000] {logging_mixin.py:190} INFO - [2025-04-27T00:10:56.651+0000] {dag.py:3239} INFO - Sync 1 DAGs
[2025-04-27T00:10:56.682+0000] {logging_mixin.py:190} INFO - [2025-04-27T00:10:56.681+0000] {dag.py:4180} INFO - Setting next_dagrun for example_short_circuit_decorator to None, run_after=None
[2025-04-27T00:10:56.713+0000] {processor.py:208} INFO - Processing /home/airflow/.local/lib/python3.10/site-packages/airflow/example_dags/example_short_circuit_decorator.py took 0.122 seconds
[2025-04-27T00:11:27.110+0000] {processor.py:186} INFO - Started process (PID=21748) to work on /home/airflow/.local/lib/python3.10/site-packages/airflow/example_dags/example_short_circuit_decorator.py
[2025-04-27T00:11:27.112+0000] {processor.py:914} INFO - Processing file /home/airflow/.local/lib/python3.10/site-packages/airflow/example_dags/example_short_circuit_decorator.py for tasks to queue
[2025-04-27T00:11:27.113+0000] {logging_mixin.py:190} INFO - [2025-04-27T00:11:27.113+0000] {dagbag.py:588} INFO - Filling up the DagBag from /home/airflow/.local/lib/python3.10/site-packages/airflow/example_dags/example_short_circuit_decorator.py
[2025-04-27T00:11:27.123+0000] {processor.py:925} INFO - DAG(s) 'example_short_circuit_decorator' retrieved from /home/airflow/.local/lib/python3.10/site-packages/airflow/example_dags/example_short_circuit_decorator.py
[2025-04-27T00:11:27.146+0000] {logging_mixin.py:190} INFO - [2025-04-27T00:11:27.146+0000] {dag.py:3239} INFO - Sync 1 DAGs
[2025-04-27T00:11:27.161+0000] {logging_mixin.py:190} INFO - [2025-04-27T00:11:27.160+0000] {dag.py:4180} INFO - Setting next_dagrun for example_short_circuit_decorator to None, run_after=None
[2025-04-27T00:11:27.180+0000] {processor.py:208} INFO - Processing /home/airflow/.local/lib/python3.10/site-packages/airflow/example_dags/example_short_circuit_decorator.py took 0.075 seconds
[2025-04-27T00:11:57.626+0000] {processor.py:186} INFO - Started process (PID=21814) to work on /home/airflow/.local/lib/python3.10/site-packages/airflow/example_dags/example_short_circuit_decorator.py
[2025-04-27T00:11:57.627+0000] {processor.py:914} INFO - Processing file /home/airflow/.local/lib/python3.10/site-packages/airflow/example_dags/example_short_circuit_decorator.py for tasks to queue
[2025-04-27T00:11:57.629+0000] {logging_mixin.py:190} INFO - [2025-04-27T00:11:57.629+0000] {dagbag.py:588} INFO - Filling up the DagBag from /home/airflow/.local/lib/python3.10/site-packages/airflow/example_dags/example_short_circuit_decorator.py
[2025-04-27T00:11:57.639+0000] {processor.py:925} INFO - DAG(s) 'example_short_circuit_decorator' retrieved from /home/airflow/.local/lib/python3.10/site-packages/airflow/example_dags/example_short_circuit_decorator.py
[2025-04-27T00:11:57.662+0000] {logging_mixin.py:190} INFO - [2025-04-27T00:11:57.661+0000] {dag.py:3239} INFO - Sync 1 DAGs
[2025-04-27T00:11:57.676+0000] {logging_mixin.py:190} INFO - [2025-04-27T00:11:57.675+0000] {dag.py:4180} INFO - Setting next_dagrun for example_short_circuit_decorator to None, run_after=None
[2025-04-27T00:11:57.695+0000] {processor.py:208} INFO - Processing /home/airflow/.local/lib/python3.10/site-packages/airflow/example_dags/example_short_circuit_decorator.py took 0.075 seconds
[2025-04-27T00:12:28.464+0000] {processor.py:186} INFO - Started process (PID=21880) to work on /home/airflow/.local/lib/python3.10/site-packages/airflow/example_dags/example_short_circuit_decorator.py
[2025-04-27T00:12:28.465+0000] {processor.py:914} INFO - Processing file /home/airflow/.local/lib/python3.10/site-packages/airflow/example_dags/example_short_circuit_decorator.py for tasks to queue
[2025-04-27T00:12:28.467+0000] {logging_mixin.py:190} INFO - [2025-04-27T00:12:28.467+0000] {dagbag.py:588} INFO - Filling up the DagBag from /home/airflow/.local/lib/python3.10/site-packages/airflow/example_dags/example_short_circuit_decorator.py
[2025-04-27T00:12:28.479+0000] {processor.py:925} INFO - DAG(s) 'example_short_circuit_decorator' retrieved from /home/airflow/.local/lib/python3.10/site-packages/airflow/example_dags/example_short_circuit_decorator.py
[2025-04-27T00:12:28.504+0000] {logging_mixin.py:190} INFO - [2025-04-27T00:12:28.503+0000] {dag.py:3239} INFO - Sync 1 DAGs
[2025-04-27T00:12:28.517+0000] {logging_mixin.py:190} INFO - [2025-04-27T00:12:28.517+0000] {dag.py:4180} INFO - Setting next_dagrun for example_short_circuit_decorator to None, run_after=None
[2025-04-27T00:12:28.542+0000] {processor.py:208} INFO - Processing /home/airflow/.local/lib/python3.10/site-packages/airflow/example_dags/example_short_circuit_decorator.py took 0.085 seconds
[2025-04-27T00:12:59.135+0000] {processor.py:186} INFO - Started process (PID=21946) to work on /home/airflow/.local/lib/python3.10/site-packages/airflow/example_dags/example_short_circuit_decorator.py
[2025-04-27T00:12:59.137+0000] {processor.py:914} INFO - Processing file /home/airflow/.local/lib/python3.10/site-packages/airflow/example_dags/example_short_circuit_decorator.py for tasks to queue
[2025-04-27T00:12:59.139+0000] {logging_mixin.py:190} INFO - [2025-04-27T00:12:59.139+0000] {dagbag.py:588} INFO - Filling up the DagBag from /home/airflow/.local/lib/python3.10/site-packages/airflow/example_dags/example_short_circuit_decorator.py
[2025-04-27T00:12:59.151+0000] {processor.py:925} INFO - DAG(s) 'example_short_circuit_decorator' retrieved from /home/airflow/.local/lib/python3.10/site-packages/airflow/example_dags/example_short_circuit_decorator.py
[2025-04-27T00:12:59.177+0000] {logging_mixin.py:190} INFO - [2025-04-27T00:12:59.177+0000] {dag.py:3239} INFO - Sync 1 DAGs
[2025-04-27T00:12:59.198+0000] {logging_mixin.py:190} INFO - [2025-04-27T00:12:59.197+0000] {dag.py:4180} INFO - Setting next_dagrun for example_short_circuit_decorator to None, run_after=None
[2025-04-27T00:12:59.223+0000] {processor.py:208} INFO - Processing /home/airflow/.local/lib/python3.10/site-packages/airflow/example_dags/example_short_circuit_decorator.py took 0.095 seconds
[2025-04-27T00:13:29.581+0000] {processor.py:186} INFO - Started process (PID=22012) to work on /home/airflow/.local/lib/python3.10/site-packages/airflow/example_dags/example_short_circuit_decorator.py
[2025-04-27T00:13:29.582+0000] {processor.py:914} INFO - Processing file /home/airflow/.local/lib/python3.10/site-packages/airflow/example_dags/example_short_circuit_decorator.py for tasks to queue
[2025-04-27T00:13:29.584+0000] {logging_mixin.py:190} INFO - [2025-04-27T00:13:29.584+0000] {dagbag.py:588} INFO - Filling up the DagBag from /home/airflow/.local/lib/python3.10/site-packages/airflow/example_dags/example_short_circuit_decorator.py
[2025-04-27T00:13:29.594+0000] {processor.py:925} INFO - DAG(s) 'example_short_circuit_decorator' retrieved from /home/airflow/.local/lib/python3.10/site-packages/airflow/example_dags/example_short_circuit_decorator.py
[2025-04-27T00:13:29.615+0000] {logging_mixin.py:190} INFO - [2025-04-27T00:13:29.615+0000] {dag.py:3239} INFO - Sync 1 DAGs
[2025-04-27T00:13:29.629+0000] {logging_mixin.py:190} INFO - [2025-04-27T00:13:29.629+0000] {dag.py:4180} INFO - Setting next_dagrun for example_short_circuit_decorator to None, run_after=None
[2025-04-27T00:13:29.649+0000] {processor.py:208} INFO - Processing /home/airflow/.local/lib/python3.10/site-packages/airflow/example_dags/example_short_circuit_decorator.py took 0.073 seconds
[2025-04-27T00:13:59.948+0000] {processor.py:186} INFO - Started process (PID=22079) to work on /home/airflow/.local/lib/python3.10/site-packages/airflow/example_dags/example_short_circuit_decorator.py
[2025-04-27T00:13:59.950+0000] {processor.py:914} INFO - Processing file /home/airflow/.local/lib/python3.10/site-packages/airflow/example_dags/example_short_circuit_decorator.py for tasks to queue
[2025-04-27T00:13:59.953+0000] {logging_mixin.py:190} INFO - [2025-04-27T00:13:59.953+0000] {dagbag.py:588} INFO - Filling up the DagBag from /home/airflow/.local/lib/python3.10/site-packages/airflow/example_dags/example_short_circuit_decorator.py
[2025-04-27T00:13:59.965+0000] {processor.py:925} INFO - DAG(s) 'example_short_circuit_decorator' retrieved from /home/airflow/.local/lib/python3.10/site-packages/airflow/example_dags/example_short_circuit_decorator.py
[2025-04-27T00:13:59.991+0000] {logging_mixin.py:190} INFO - [2025-04-27T00:13:59.991+0000] {dag.py:3239} INFO - Sync 1 DAGs
[2025-04-27T00:14:00.011+0000] {logging_mixin.py:190} INFO - [2025-04-27T00:14:00.010+0000] {dag.py:4180} INFO - Setting next_dagrun for example_short_circuit_decorator to None, run_after=None
[2025-04-27T00:14:00.038+0000] {processor.py:208} INFO - Processing /home/airflow/.local/lib/python3.10/site-packages/airflow/example_dags/example_short_circuit_decorator.py took 0.101 seconds
[2025-04-27T00:14:30.604+0000] {processor.py:186} INFO - Started process (PID=22145) to work on /home/airflow/.local/lib/python3.10/site-packages/airflow/example_dags/example_short_circuit_decorator.py
[2025-04-27T00:14:30.605+0000] {processor.py:914} INFO - Processing file /home/airflow/.local/lib/python3.10/site-packages/airflow/example_dags/example_short_circuit_decorator.py for tasks to queue
[2025-04-27T00:14:30.608+0000] {logging_mixin.py:190} INFO - [2025-04-27T00:14:30.607+0000] {dagbag.py:588} INFO - Filling up the DagBag from /home/airflow/.local/lib/python3.10/site-packages/airflow/example_dags/example_short_circuit_decorator.py
[2025-04-27T00:14:30.617+0000] {processor.py:925} INFO - DAG(s) 'example_short_circuit_decorator' retrieved from /home/airflow/.local/lib/python3.10/site-packages/airflow/example_dags/example_short_circuit_decorator.py
[2025-04-27T00:14:30.638+0000] {logging_mixin.py:190} INFO - [2025-04-27T00:14:30.638+0000] {dag.py:3239} INFO - Sync 1 DAGs
[2025-04-27T00:14:30.654+0000] {logging_mixin.py:190} INFO - [2025-04-27T00:14:30.653+0000] {dag.py:4180} INFO - Setting next_dagrun for example_short_circuit_decorator to None, run_after=None
[2025-04-27T00:14:30.675+0000] {processor.py:208} INFO - Processing /home/airflow/.local/lib/python3.10/site-packages/airflow/example_dags/example_short_circuit_decorator.py took 0.076 seconds
[2025-04-27T00:15:01.095+0000] {processor.py:186} INFO - Started process (PID=22211) to work on /home/airflow/.local/lib/python3.10/site-packages/airflow/example_dags/example_short_circuit_decorator.py
[2025-04-27T00:15:01.097+0000] {processor.py:914} INFO - Processing file /home/airflow/.local/lib/python3.10/site-packages/airflow/example_dags/example_short_circuit_decorator.py for tasks to queue
[2025-04-27T00:15:01.102+0000] {logging_mixin.py:190} INFO - [2025-04-27T00:15:01.101+0000] {dagbag.py:588} INFO - Filling up the DagBag from /home/airflow/.local/lib/python3.10/site-packages/airflow/example_dags/example_short_circuit_decorator.py
[2025-04-27T00:15:01.123+0000] {processor.py:925} INFO - DAG(s) 'example_short_circuit_decorator' retrieved from /home/airflow/.local/lib/python3.10/site-packages/airflow/example_dags/example_short_circuit_decorator.py
[2025-04-27T00:15:01.160+0000] {logging_mixin.py:190} INFO - [2025-04-27T00:15:01.160+0000] {dag.py:3239} INFO - Sync 1 DAGs
[2025-04-27T00:15:01.183+0000] {logging_mixin.py:190} INFO - [2025-04-27T00:15:01.182+0000] {dag.py:4180} INFO - Setting next_dagrun for example_short_circuit_decorator to None, run_after=None
[2025-04-27T00:15:01.210+0000] {processor.py:208} INFO - Processing /home/airflow/.local/lib/python3.10/site-packages/airflow/example_dags/example_short_circuit_decorator.py took 0.125 seconds
[2025-04-27T00:15:31.351+0000] {processor.py:186} INFO - Started process (PID=22277) to work on /home/airflow/.local/lib/python3.10/site-packages/airflow/example_dags/example_short_circuit_decorator.py
[2025-04-27T00:15:31.353+0000] {processor.py:914} INFO - Processing file /home/airflow/.local/lib/python3.10/site-packages/airflow/example_dags/example_short_circuit_decorator.py for tasks to queue
[2025-04-27T00:15:31.356+0000] {logging_mixin.py:190} INFO - [2025-04-27T00:15:31.356+0000] {dagbag.py:588} INFO - Filling up the DagBag from /home/airflow/.local/lib/python3.10/site-packages/airflow/example_dags/example_short_circuit_decorator.py
[2025-04-27T00:15:31.369+0000] {processor.py:925} INFO - DAG(s) 'example_short_circuit_decorator' retrieved from /home/airflow/.local/lib/python3.10/site-packages/airflow/example_dags/example_short_circuit_decorator.py
[2025-04-27T00:15:31.395+0000] {logging_mixin.py:190} INFO - [2025-04-27T00:15:31.394+0000] {dag.py:3239} INFO - Sync 1 DAGs
[2025-04-27T00:15:31.411+0000] {logging_mixin.py:190} INFO - [2025-04-27T00:15:31.411+0000] {dag.py:4180} INFO - Setting next_dagrun for example_short_circuit_decorator to None, run_after=None
[2025-04-27T00:15:31.439+0000] {processor.py:208} INFO - Processing /home/airflow/.local/lib/python3.10/site-packages/airflow/example_dags/example_short_circuit_decorator.py took 0.099 seconds
[2025-04-27T00:16:01.698+0000] {processor.py:186} INFO - Started process (PID=22343) to work on /home/airflow/.local/lib/python3.10/site-packages/airflow/example_dags/example_short_circuit_decorator.py
[2025-04-27T00:16:01.699+0000] {processor.py:914} INFO - Processing file /home/airflow/.local/lib/python3.10/site-packages/airflow/example_dags/example_short_circuit_decorator.py for tasks to queue
[2025-04-27T00:16:01.702+0000] {logging_mixin.py:190} INFO - [2025-04-27T00:16:01.702+0000] {dagbag.py:588} INFO - Filling up the DagBag from /home/airflow/.local/lib/python3.10/site-packages/airflow/example_dags/example_short_circuit_decorator.py
[2025-04-27T00:16:01.713+0000] {processor.py:925} INFO - DAG(s) 'example_short_circuit_decorator' retrieved from /home/airflow/.local/lib/python3.10/site-packages/airflow/example_dags/example_short_circuit_decorator.py
[2025-04-27T00:16:01.739+0000] {logging_mixin.py:190} INFO - [2025-04-27T00:16:01.739+0000] {dag.py:3239} INFO - Sync 1 DAGs
[2025-04-27T00:16:01.754+0000] {logging_mixin.py:190} INFO - [2025-04-27T00:16:01.754+0000] {dag.py:4180} INFO - Setting next_dagrun for example_short_circuit_decorator to None, run_after=None
[2025-04-27T00:16:01.777+0000] {processor.py:208} INFO - Processing /home/airflow/.local/lib/python3.10/site-packages/airflow/example_dags/example_short_circuit_decorator.py took 0.086 seconds
[2025-04-27T00:16:31.859+0000] {processor.py:186} INFO - Started process (PID=22409) to work on /home/airflow/.local/lib/python3.10/site-packages/airflow/example_dags/example_short_circuit_decorator.py
[2025-04-27T00:16:31.860+0000] {processor.py:914} INFO - Processing file /home/airflow/.local/lib/python3.10/site-packages/airflow/example_dags/example_short_circuit_decorator.py for tasks to queue
[2025-04-27T00:16:31.862+0000] {logging_mixin.py:190} INFO - [2025-04-27T00:16:31.862+0000] {dagbag.py:588} INFO - Filling up the DagBag from /home/airflow/.local/lib/python3.10/site-packages/airflow/example_dags/example_short_circuit_decorator.py
[2025-04-27T00:16:31.871+0000] {processor.py:925} INFO - DAG(s) 'example_short_circuit_decorator' retrieved from /home/airflow/.local/lib/python3.10/site-packages/airflow/example_dags/example_short_circuit_decorator.py
[2025-04-27T00:16:31.894+0000] {logging_mixin.py:190} INFO - [2025-04-27T00:16:31.894+0000] {dag.py:3239} INFO - Sync 1 DAGs
[2025-04-27T00:16:31.909+0000] {logging_mixin.py:190} INFO - [2025-04-27T00:16:31.908+0000] {dag.py:4180} INFO - Setting next_dagrun for example_short_circuit_decorator to None, run_after=None
[2025-04-27T00:16:31.931+0000] {processor.py:208} INFO - Processing /home/airflow/.local/lib/python3.10/site-packages/airflow/example_dags/example_short_circuit_decorator.py took 0.078 seconds
[2025-04-27T00:17:02.391+0000] {processor.py:186} INFO - Started process (PID=22475) to work on /home/airflow/.local/lib/python3.10/site-packages/airflow/example_dags/example_short_circuit_decorator.py
[2025-04-27T00:17:02.392+0000] {processor.py:914} INFO - Processing file /home/airflow/.local/lib/python3.10/site-packages/airflow/example_dags/example_short_circuit_decorator.py for tasks to queue
[2025-04-27T00:17:02.394+0000] {logging_mixin.py:190} INFO - [2025-04-27T00:17:02.394+0000] {dagbag.py:588} INFO - Filling up the DagBag from /home/airflow/.local/lib/python3.10/site-packages/airflow/example_dags/example_short_circuit_decorator.py
[2025-04-27T00:17:02.404+0000] {processor.py:925} INFO - DAG(s) 'example_short_circuit_decorator' retrieved from /home/airflow/.local/lib/python3.10/site-packages/airflow/example_dags/example_short_circuit_decorator.py
[2025-04-27T00:17:02.432+0000] {logging_mixin.py:190} INFO - [2025-04-27T00:17:02.432+0000] {dag.py:3239} INFO - Sync 1 DAGs
[2025-04-27T00:17:02.449+0000] {logging_mixin.py:190} INFO - [2025-04-27T00:17:02.449+0000] {dag.py:4180} INFO - Setting next_dagrun for example_short_circuit_decorator to None, run_after=None
[2025-04-27T00:17:02.474+0000] {processor.py:208} INFO - Processing /home/airflow/.local/lib/python3.10/site-packages/airflow/example_dags/example_short_circuit_decorator.py took 0.090 seconds
[2025-04-27T00:17:32.760+0000] {processor.py:186} INFO - Started process (PID=22541) to work on /home/airflow/.local/lib/python3.10/site-packages/airflow/example_dags/example_short_circuit_decorator.py
[2025-04-27T00:17:32.761+0000] {processor.py:914} INFO - Processing file /home/airflow/.local/lib/python3.10/site-packages/airflow/example_dags/example_short_circuit_decorator.py for tasks to queue
[2025-04-27T00:17:32.764+0000] {logging_mixin.py:190} INFO - [2025-04-27T00:17:32.763+0000] {dagbag.py:588} INFO - Filling up the DagBag from /home/airflow/.local/lib/python3.10/site-packages/airflow/example_dags/example_short_circuit_decorator.py
[2025-04-27T00:17:32.773+0000] {processor.py:925} INFO - DAG(s) 'example_short_circuit_decorator' retrieved from /home/airflow/.local/lib/python3.10/site-packages/airflow/example_dags/example_short_circuit_decorator.py
[2025-04-27T00:17:32.797+0000] {logging_mixin.py:190} INFO - [2025-04-27T00:17:32.797+0000] {dag.py:3239} INFO - Sync 1 DAGs
[2025-04-27T00:17:32.813+0000] {logging_mixin.py:190} INFO - [2025-04-27T00:17:32.813+0000] {dag.py:4180} INFO - Setting next_dagrun for example_short_circuit_decorator to None, run_after=None
[2025-04-27T00:17:32.838+0000] {processor.py:208} INFO - Processing /home/airflow/.local/lib/python3.10/site-packages/airflow/example_dags/example_short_circuit_decorator.py took 0.085 seconds
[2025-04-27T00:18:03.501+0000] {processor.py:186} INFO - Started process (PID=22607) to work on /home/airflow/.local/lib/python3.10/site-packages/airflow/example_dags/example_short_circuit_decorator.py
[2025-04-27T00:18:03.502+0000] {processor.py:914} INFO - Processing file /home/airflow/.local/lib/python3.10/site-packages/airflow/example_dags/example_short_circuit_decorator.py for tasks to queue
[2025-04-27T00:18:03.504+0000] {logging_mixin.py:190} INFO - [2025-04-27T00:18:03.504+0000] {dagbag.py:588} INFO - Filling up the DagBag from /home/airflow/.local/lib/python3.10/site-packages/airflow/example_dags/example_short_circuit_decorator.py
[2025-04-27T00:18:03.514+0000] {processor.py:925} INFO - DAG(s) 'example_short_circuit_decorator' retrieved from /home/airflow/.local/lib/python3.10/site-packages/airflow/example_dags/example_short_circuit_decorator.py
[2025-04-27T00:18:03.541+0000] {logging_mixin.py:190} INFO - [2025-04-27T00:18:03.541+0000] {dag.py:3239} INFO - Sync 1 DAGs
[2025-04-27T00:18:03.558+0000] {logging_mixin.py:190} INFO - [2025-04-27T00:18:03.557+0000] {dag.py:4180} INFO - Setting next_dagrun for example_short_circuit_decorator to None, run_after=None
[2025-04-27T00:18:03.578+0000] {processor.py:208} INFO - Processing /home/airflow/.local/lib/python3.10/site-packages/airflow/example_dags/example_short_circuit_decorator.py took 0.083 seconds
[2025-04-27T00:18:33.636+0000] {processor.py:186} INFO - Started process (PID=22672) to work on /home/airflow/.local/lib/python3.10/site-packages/airflow/example_dags/example_short_circuit_decorator.py
[2025-04-27T00:18:33.637+0000] {processor.py:914} INFO - Processing file /home/airflow/.local/lib/python3.10/site-packages/airflow/example_dags/example_short_circuit_decorator.py for tasks to queue
[2025-04-27T00:18:33.639+0000] {logging_mixin.py:190} INFO - [2025-04-27T00:18:33.639+0000] {dagbag.py:588} INFO - Filling up the DagBag from /home/airflow/.local/lib/python3.10/site-packages/airflow/example_dags/example_short_circuit_decorator.py
[2025-04-27T00:18:33.648+0000] {processor.py:925} INFO - DAG(s) 'example_short_circuit_decorator' retrieved from /home/airflow/.local/lib/python3.10/site-packages/airflow/example_dags/example_short_circuit_decorator.py
[2025-04-27T00:18:33.671+0000] {logging_mixin.py:190} INFO - [2025-04-27T00:18:33.671+0000] {dag.py:3239} INFO - Sync 1 DAGs
[2025-04-27T00:18:33.683+0000] {logging_mixin.py:190} INFO - [2025-04-27T00:18:33.683+0000] {dag.py:4180} INFO - Setting next_dagrun for example_short_circuit_decorator to None, run_after=None
[2025-04-27T00:18:33.700+0000] {processor.py:208} INFO - Processing /home/airflow/.local/lib/python3.10/site-packages/airflow/example_dags/example_short_circuit_decorator.py took 0.070 seconds
[2025-04-27T00:19:03.841+0000] {processor.py:186} INFO - Started process (PID=22738) to work on /home/airflow/.local/lib/python3.10/site-packages/airflow/example_dags/example_short_circuit_decorator.py
[2025-04-27T00:19:03.843+0000] {processor.py:914} INFO - Processing file /home/airflow/.local/lib/python3.10/site-packages/airflow/example_dags/example_short_circuit_decorator.py for tasks to queue
[2025-04-27T00:19:03.846+0000] {logging_mixin.py:190} INFO - [2025-04-27T00:19:03.846+0000] {dagbag.py:588} INFO - Filling up the DagBag from /home/airflow/.local/lib/python3.10/site-packages/airflow/example_dags/example_short_circuit_decorator.py
[2025-04-27T00:19:03.857+0000] {processor.py:925} INFO - DAG(s) 'example_short_circuit_decorator' retrieved from /home/airflow/.local/lib/python3.10/site-packages/airflow/example_dags/example_short_circuit_decorator.py
[2025-04-27T00:19:03.883+0000] {logging_mixin.py:190} INFO - [2025-04-27T00:19:03.883+0000] {dag.py:3239} INFO - Sync 1 DAGs
[2025-04-27T00:19:03.900+0000] {logging_mixin.py:190} INFO - [2025-04-27T00:19:03.899+0000] {dag.py:4180} INFO - Setting next_dagrun for example_short_circuit_decorator to None, run_after=None
[2025-04-27T00:19:03.920+0000] {processor.py:208} INFO - Processing /home/airflow/.local/lib/python3.10/site-packages/airflow/example_dags/example_short_circuit_decorator.py took 0.085 seconds
[2025-04-27T00:19:34.211+0000] {processor.py:186} INFO - Started process (PID=22804) to work on /home/airflow/.local/lib/python3.10/site-packages/airflow/example_dags/example_short_circuit_decorator.py
[2025-04-27T00:19:34.212+0000] {processor.py:914} INFO - Processing file /home/airflow/.local/lib/python3.10/site-packages/airflow/example_dags/example_short_circuit_decorator.py for tasks to queue
[2025-04-27T00:19:34.214+0000] {logging_mixin.py:190} INFO - [2025-04-27T00:19:34.214+0000] {dagbag.py:588} INFO - Filling up the DagBag from /home/airflow/.local/lib/python3.10/site-packages/airflow/example_dags/example_short_circuit_decorator.py
[2025-04-27T00:19:34.223+0000] {processor.py:925} INFO - DAG(s) 'example_short_circuit_decorator' retrieved from /home/airflow/.local/lib/python3.10/site-packages/airflow/example_dags/example_short_circuit_decorator.py
[2025-04-27T00:19:34.246+0000] {logging_mixin.py:190} INFO - [2025-04-27T00:19:34.246+0000] {dag.py:3239} INFO - Sync 1 DAGs
[2025-04-27T00:19:34.260+0000] {logging_mixin.py:190} INFO - [2025-04-27T00:19:34.260+0000] {dag.py:4180} INFO - Setting next_dagrun for example_short_circuit_decorator to None, run_after=None
[2025-04-27T00:19:34.277+0000] {processor.py:208} INFO - Processing /home/airflow/.local/lib/python3.10/site-packages/airflow/example_dags/example_short_circuit_decorator.py took 0.072 seconds
[2025-04-27T00:20:06.274+0000] {processor.py:186} INFO - Started process (PID=22871) to work on /home/airflow/.local/lib/python3.10/site-packages/airflow/example_dags/example_short_circuit_decorator.py
[2025-04-27T00:20:06.275+0000] {processor.py:914} INFO - Processing file /home/airflow/.local/lib/python3.10/site-packages/airflow/example_dags/example_short_circuit_decorator.py for tasks to queue
[2025-04-27T00:20:06.277+0000] {logging_mixin.py:190} INFO - [2025-04-27T00:20:06.277+0000] {dagbag.py:588} INFO - Filling up the DagBag from /home/airflow/.local/lib/python3.10/site-packages/airflow/example_dags/example_short_circuit_decorator.py
[2025-04-27T00:20:06.286+0000] {processor.py:925} INFO - DAG(s) 'example_short_circuit_decorator' retrieved from /home/airflow/.local/lib/python3.10/site-packages/airflow/example_dags/example_short_circuit_decorator.py
[2025-04-27T00:20:06.309+0000] {logging_mixin.py:190} INFO - [2025-04-27T00:20:06.308+0000] {dag.py:3239} INFO - Sync 1 DAGs
[2025-04-27T00:20:06.322+0000] {logging_mixin.py:190} INFO - [2025-04-27T00:20:06.321+0000] {dag.py:4180} INFO - Setting next_dagrun for example_short_circuit_decorator to None, run_after=None
[2025-04-27T00:20:06.339+0000] {processor.py:208} INFO - Processing /home/airflow/.local/lib/python3.10/site-packages/airflow/example_dags/example_short_circuit_decorator.py took 0.070 seconds
[2025-04-27T00:20:37.379+0000] {processor.py:186} INFO - Started process (PID=22937) to work on /home/airflow/.local/lib/python3.10/site-packages/airflow/example_dags/example_short_circuit_decorator.py
[2025-04-27T00:20:37.380+0000] {processor.py:914} INFO - Processing file /home/airflow/.local/lib/python3.10/site-packages/airflow/example_dags/example_short_circuit_decorator.py for tasks to queue
[2025-04-27T00:20:37.382+0000] {logging_mixin.py:190} INFO - [2025-04-27T00:20:37.382+0000] {dagbag.py:588} INFO - Filling up the DagBag from /home/airflow/.local/lib/python3.10/site-packages/airflow/example_dags/example_short_circuit_decorator.py
[2025-04-27T00:20:37.393+0000] {processor.py:925} INFO - DAG(s) 'example_short_circuit_decorator' retrieved from /home/airflow/.local/lib/python3.10/site-packages/airflow/example_dags/example_short_circuit_decorator.py
[2025-04-27T00:20:37.419+0000] {logging_mixin.py:190} INFO - [2025-04-27T00:20:37.419+0000] {dag.py:3239} INFO - Sync 1 DAGs
[2025-04-27T00:20:37.435+0000] {logging_mixin.py:190} INFO - [2025-04-27T00:20:37.434+0000] {dag.py:4180} INFO - Setting next_dagrun for example_short_circuit_decorator to None, run_after=None
[2025-04-27T00:20:37.457+0000] {processor.py:208} INFO - Processing /home/airflow/.local/lib/python3.10/site-packages/airflow/example_dags/example_short_circuit_decorator.py took 0.084 seconds
[2025-04-27T00:21:08.420+0000] {processor.py:186} INFO - Started process (PID=23003) to work on /home/airflow/.local/lib/python3.10/site-packages/airflow/example_dags/example_short_circuit_decorator.py
[2025-04-27T00:21:08.421+0000] {processor.py:914} INFO - Processing file /home/airflow/.local/lib/python3.10/site-packages/airflow/example_dags/example_short_circuit_decorator.py for tasks to queue
[2025-04-27T00:21:08.424+0000] {logging_mixin.py:190} INFO - [2025-04-27T00:21:08.423+0000] {dagbag.py:588} INFO - Filling up the DagBag from /home/airflow/.local/lib/python3.10/site-packages/airflow/example_dags/example_short_circuit_decorator.py
[2025-04-27T00:21:08.436+0000] {processor.py:925} INFO - DAG(s) 'example_short_circuit_decorator' retrieved from /home/airflow/.local/lib/python3.10/site-packages/airflow/example_dags/example_short_circuit_decorator.py
[2025-04-27T00:21:08.465+0000] {logging_mixin.py:190} INFO - [2025-04-27T00:21:08.464+0000] {dag.py:3239} INFO - Sync 1 DAGs
[2025-04-27T00:21:08.484+0000] {logging_mixin.py:190} INFO - [2025-04-27T00:21:08.483+0000] {dag.py:4180} INFO - Setting next_dagrun for example_short_circuit_decorator to None, run_after=None
[2025-04-27T00:21:08.510+0000] {processor.py:208} INFO - Processing /home/airflow/.local/lib/python3.10/site-packages/airflow/example_dags/example_short_circuit_decorator.py took 0.097 seconds
[2025-04-27T00:21:40.340+0000] {processor.py:186} INFO - Started process (PID=23075) to work on /home/airflow/.local/lib/python3.10/site-packages/airflow/example_dags/example_short_circuit_decorator.py
[2025-04-27T00:21:40.341+0000] {processor.py:914} INFO - Processing file /home/airflow/.local/lib/python3.10/site-packages/airflow/example_dags/example_short_circuit_decorator.py for tasks to queue
[2025-04-27T00:21:40.344+0000] {logging_mixin.py:190} INFO - [2025-04-27T00:21:40.344+0000] {dagbag.py:588} INFO - Filling up the DagBag from /home/airflow/.local/lib/python3.10/site-packages/airflow/example_dags/example_short_circuit_decorator.py
[2025-04-27T00:21:40.357+0000] {processor.py:925} INFO - DAG(s) 'example_short_circuit_decorator' retrieved from /home/airflow/.local/lib/python3.10/site-packages/airflow/example_dags/example_short_circuit_decorator.py
[2025-04-27T00:21:40.386+0000] {logging_mixin.py:190} INFO - [2025-04-27T00:21:40.386+0000] {dag.py:3239} INFO - Sync 1 DAGs
[2025-04-27T00:21:40.409+0000] {logging_mixin.py:190} INFO - [2025-04-27T00:21:40.408+0000] {dag.py:4180} INFO - Setting next_dagrun for example_short_circuit_decorator to None, run_after=None
[2025-04-27T00:21:40.442+0000] {processor.py:208} INFO - Processing /home/airflow/.local/lib/python3.10/site-packages/airflow/example_dags/example_short_circuit_decorator.py took 0.113 seconds
[2025-04-27T00:22:10.745+0000] {processor.py:186} INFO - Started process (PID=23140) to work on /home/airflow/.local/lib/python3.10/site-packages/airflow/example_dags/example_short_circuit_decorator.py
[2025-04-27T00:22:10.746+0000] {processor.py:914} INFO - Processing file /home/airflow/.local/lib/python3.10/site-packages/airflow/example_dags/example_short_circuit_decorator.py for tasks to queue
[2025-04-27T00:22:10.749+0000] {logging_mixin.py:190} INFO - [2025-04-27T00:22:10.748+0000] {dagbag.py:588} INFO - Filling up the DagBag from /home/airflow/.local/lib/python3.10/site-packages/airflow/example_dags/example_short_circuit_decorator.py
[2025-04-27T00:22:10.760+0000] {processor.py:925} INFO - DAG(s) 'example_short_circuit_decorator' retrieved from /home/airflow/.local/lib/python3.10/site-packages/airflow/example_dags/example_short_circuit_decorator.py
[2025-04-27T00:22:10.788+0000] {logging_mixin.py:190} INFO - [2025-04-27T00:22:10.788+0000] {dag.py:3239} INFO - Sync 1 DAGs
[2025-04-27T00:22:10.805+0000] {logging_mixin.py:190} INFO - [2025-04-27T00:22:10.804+0000] {dag.py:4180} INFO - Setting next_dagrun for example_short_circuit_decorator to None, run_after=None
[2025-04-27T00:22:10.825+0000] {processor.py:208} INFO - Processing /home/airflow/.local/lib/python3.10/site-packages/airflow/example_dags/example_short_circuit_decorator.py took 0.089 seconds
[2025-04-27T00:22:41.398+0000] {processor.py:186} INFO - Started process (PID=23207) to work on /home/airflow/.local/lib/python3.10/site-packages/airflow/example_dags/example_short_circuit_decorator.py
[2025-04-27T00:22:41.399+0000] {processor.py:914} INFO - Processing file /home/airflow/.local/lib/python3.10/site-packages/airflow/example_dags/example_short_circuit_decorator.py for tasks to queue
[2025-04-27T00:22:41.401+0000] {logging_mixin.py:190} INFO - [2025-04-27T00:22:41.401+0000] {dagbag.py:588} INFO - Filling up the DagBag from /home/airflow/.local/lib/python3.10/site-packages/airflow/example_dags/example_short_circuit_decorator.py
[2025-04-27T00:22:41.412+0000] {processor.py:925} INFO - DAG(s) 'example_short_circuit_decorator' retrieved from /home/airflow/.local/lib/python3.10/site-packages/airflow/example_dags/example_short_circuit_decorator.py
[2025-04-27T00:22:41.437+0000] {logging_mixin.py:190} INFO - [2025-04-27T00:22:41.437+0000] {dag.py:3239} INFO - Sync 1 DAGs
[2025-04-27T00:22:41.453+0000] {logging_mixin.py:190} INFO - [2025-04-27T00:22:41.453+0000] {dag.py:4180} INFO - Setting next_dagrun for example_short_circuit_decorator to None, run_after=None
[2025-04-27T00:22:41.473+0000] {processor.py:208} INFO - Processing /home/airflow/.local/lib/python3.10/site-packages/airflow/example_dags/example_short_circuit_decorator.py took 0.081 seconds
[2025-04-27T00:23:12.598+0000] {processor.py:186} INFO - Started process (PID=23273) to work on /home/airflow/.local/lib/python3.10/site-packages/airflow/example_dags/example_short_circuit_decorator.py
[2025-04-27T00:23:12.599+0000] {processor.py:914} INFO - Processing file /home/airflow/.local/lib/python3.10/site-packages/airflow/example_dags/example_short_circuit_decorator.py for tasks to queue
[2025-04-27T00:23:12.602+0000] {logging_mixin.py:190} INFO - [2025-04-27T00:23:12.601+0000] {dagbag.py:588} INFO - Filling up the DagBag from /home/airflow/.local/lib/python3.10/site-packages/airflow/example_dags/example_short_circuit_decorator.py
[2025-04-27T00:23:12.611+0000] {processor.py:925} INFO - DAG(s) 'example_short_circuit_decorator' retrieved from /home/airflow/.local/lib/python3.10/site-packages/airflow/example_dags/example_short_circuit_decorator.py
[2025-04-27T00:23:12.634+0000] {logging_mixin.py:190} INFO - [2025-04-27T00:23:12.634+0000] {dag.py:3239} INFO - Sync 1 DAGs
[2025-04-27T00:23:12.649+0000] {logging_mixin.py:190} INFO - [2025-04-27T00:23:12.649+0000] {dag.py:4180} INFO - Setting next_dagrun for example_short_circuit_decorator to None, run_after=None
[2025-04-27T00:23:12.667+0000] {processor.py:208} INFO - Processing /home/airflow/.local/lib/python3.10/site-packages/airflow/example_dags/example_short_circuit_decorator.py took 0.075 seconds
[2025-04-27T00:23:43.428+0000] {processor.py:186} INFO - Started process (PID=23339) to work on /home/airflow/.local/lib/python3.10/site-packages/airflow/example_dags/example_short_circuit_decorator.py
[2025-04-27T00:23:43.428+0000] {processor.py:914} INFO - Processing file /home/airflow/.local/lib/python3.10/site-packages/airflow/example_dags/example_short_circuit_decorator.py for tasks to queue
[2025-04-27T00:23:43.431+0000] {logging_mixin.py:190} INFO - [2025-04-27T00:23:43.430+0000] {dagbag.py:588} INFO - Filling up the DagBag from /home/airflow/.local/lib/python3.10/site-packages/airflow/example_dags/example_short_circuit_decorator.py
[2025-04-27T00:23:43.441+0000] {processor.py:925} INFO - DAG(s) 'example_short_circuit_decorator' retrieved from /home/airflow/.local/lib/python3.10/site-packages/airflow/example_dags/example_short_circuit_decorator.py
[2025-04-27T00:23:43.465+0000] {logging_mixin.py:190} INFO - [2025-04-27T00:23:43.465+0000] {dag.py:3239} INFO - Sync 1 DAGs
[2025-04-27T00:23:43.481+0000] {logging_mixin.py:190} INFO - [2025-04-27T00:23:43.481+0000] {dag.py:4180} INFO - Setting next_dagrun for example_short_circuit_decorator to None, run_after=None
[2025-04-27T00:23:43.502+0000] {processor.py:208} INFO - Processing /home/airflow/.local/lib/python3.10/site-packages/airflow/example_dags/example_short_circuit_decorator.py took 0.081 seconds
[2025-04-27T00:24:13.977+0000] {processor.py:186} INFO - Started process (PID=23405) to work on /home/airflow/.local/lib/python3.10/site-packages/airflow/example_dags/example_short_circuit_decorator.py
[2025-04-27T00:24:13.978+0000] {processor.py:914} INFO - Processing file /home/airflow/.local/lib/python3.10/site-packages/airflow/example_dags/example_short_circuit_decorator.py for tasks to queue
[2025-04-27T00:24:13.980+0000] {logging_mixin.py:190} INFO - [2025-04-27T00:24:13.980+0000] {dagbag.py:588} INFO - Filling up the DagBag from /home/airflow/.local/lib/python3.10/site-packages/airflow/example_dags/example_short_circuit_decorator.py
[2025-04-27T00:24:13.989+0000] {processor.py:925} INFO - DAG(s) 'example_short_circuit_decorator' retrieved from /home/airflow/.local/lib/python3.10/site-packages/airflow/example_dags/example_short_circuit_decorator.py
[2025-04-27T00:24:14.010+0000] {logging_mixin.py:190} INFO - [2025-04-27T00:24:14.010+0000] {dag.py:3239} INFO - Sync 1 DAGs
[2025-04-27T00:24:14.024+0000] {logging_mixin.py:190} INFO - [2025-04-27T00:24:14.023+0000] {dag.py:4180} INFO - Setting next_dagrun for example_short_circuit_decorator to None, run_after=None
[2025-04-27T00:24:14.041+0000] {processor.py:208} INFO - Processing /home/airflow/.local/lib/python3.10/site-packages/airflow/example_dags/example_short_circuit_decorator.py took 0.070 seconds
[2025-04-27T00:24:44.692+0000] {processor.py:186} INFO - Started process (PID=23471) to work on /home/airflow/.local/lib/python3.10/site-packages/airflow/example_dags/example_short_circuit_decorator.py
[2025-04-27T00:24:44.694+0000] {processor.py:914} INFO - Processing file /home/airflow/.local/lib/python3.10/site-packages/airflow/example_dags/example_short_circuit_decorator.py for tasks to queue
[2025-04-27T00:24:44.696+0000] {logging_mixin.py:190} INFO - [2025-04-27T00:24:44.696+0000] {dagbag.py:588} INFO - Filling up the DagBag from /home/airflow/.local/lib/python3.10/site-packages/airflow/example_dags/example_short_circuit_decorator.py
[2025-04-27T00:24:44.705+0000] {processor.py:925} INFO - DAG(s) 'example_short_circuit_decorator' retrieved from /home/airflow/.local/lib/python3.10/site-packages/airflow/example_dags/example_short_circuit_decorator.py
[2025-04-27T00:24:44.731+0000] {logging_mixin.py:190} INFO - [2025-04-27T00:24:44.731+0000] {dag.py:3239} INFO - Sync 1 DAGs
[2025-04-27T00:24:44.747+0000] {logging_mixin.py:190} INFO - [2025-04-27T00:24:44.746+0000] {dag.py:4180} INFO - Setting next_dagrun for example_short_circuit_decorator to None, run_after=None
[2025-04-27T00:24:44.770+0000] {processor.py:208} INFO - Processing /home/airflow/.local/lib/python3.10/site-packages/airflow/example_dags/example_short_circuit_decorator.py took 0.084 seconds
[2025-04-27T00:25:15.357+0000] {processor.py:186} INFO - Started process (PID=23537) to work on /home/airflow/.local/lib/python3.10/site-packages/airflow/example_dags/example_short_circuit_decorator.py
[2025-04-27T00:25:15.358+0000] {processor.py:914} INFO - Processing file /home/airflow/.local/lib/python3.10/site-packages/airflow/example_dags/example_short_circuit_decorator.py for tasks to queue
[2025-04-27T00:25:15.360+0000] {logging_mixin.py:190} INFO - [2025-04-27T00:25:15.360+0000] {dagbag.py:588} INFO - Filling up the DagBag from /home/airflow/.local/lib/python3.10/site-packages/airflow/example_dags/example_short_circuit_decorator.py
[2025-04-27T00:25:15.369+0000] {processor.py:925} INFO - DAG(s) 'example_short_circuit_decorator' retrieved from /home/airflow/.local/lib/python3.10/site-packages/airflow/example_dags/example_short_circuit_decorator.py
[2025-04-27T00:25:15.394+0000] {logging_mixin.py:190} INFO - [2025-04-27T00:25:15.394+0000] {dag.py:3239} INFO - Sync 1 DAGs
[2025-04-27T00:25:15.409+0000] {logging_mixin.py:190} INFO - [2025-04-27T00:25:15.408+0000] {dag.py:4180} INFO - Setting next_dagrun for example_short_circuit_decorator to None, run_after=None
[2025-04-27T00:25:15.430+0000] {processor.py:208} INFO - Processing /home/airflow/.local/lib/python3.10/site-packages/airflow/example_dags/example_short_circuit_decorator.py took 0.080 seconds
