[2025-04-27T00:00:14.772+0000] {processor.py:186} INFO - Started process (PID=20301) to work on /home/airflow/.local/lib/python3.10/site-packages/airflow/example_dags/example_sla_dag.py
[2025-04-27T00:00:14.774+0000] {processor.py:914} INFO - Processing file /home/airflow/.local/lib/python3.10/site-packages/airflow/example_dags/example_sla_dag.py for tasks to queue
[2025-04-27T00:00:14.776+0000] {logging_mixin.py:190} INFO - [2025-04-27T00:00:14.776+0000] {dagbag.py:588} INFO - Filling up the DagBag from /home/airflow/.local/lib/python3.10/site-packages/airflow/example_dags/example_sla_dag.py
[2025-04-27T00:00:14.788+0000] {processor.py:925} INFO - DAG(s) 'example_sla_dag' retrieved from /home/airflow/.local/lib/python3.10/site-packages/airflow/example_dags/example_sla_dag.py
[2025-04-27T00:00:14.808+0000] {logging_mixin.py:190} INFO - [2025-04-27T00:00:14.808+0000] {dag.py:3239} INFO - Sync 1 DAGs
[2025-04-27T00:00:14.836+0000] {logging_mixin.py:190} INFO - [2025-04-27T00:00:14.835+0000] {dag.py:4180} INFO - Setting next_dagrun for example_sla_dag to 2025-04-26 23:58:00+00:00, run_after=2025-04-27 00:00:00+00:00
[2025-04-27T00:00:14.858+0000] {processor.py:208} INFO - Processing /home/airflow/.local/lib/python3.10/site-packages/airflow/example_dags/example_sla_dag.py took 0.092 seconds
[2025-04-27T00:00:45.374+0000] {processor.py:186} INFO - Started process (PID=20368) to work on /home/airflow/.local/lib/python3.10/site-packages/airflow/example_dags/example_sla_dag.py
[2025-04-27T00:00:45.375+0000] {processor.py:914} INFO - Processing file /home/airflow/.local/lib/python3.10/site-packages/airflow/example_dags/example_sla_dag.py for tasks to queue
[2025-04-27T00:00:45.378+0000] {logging_mixin.py:190} INFO - [2025-04-27T00:00:45.378+0000] {dagbag.py:588} INFO - Filling up the DagBag from /home/airflow/.local/lib/python3.10/site-packages/airflow/example_dags/example_sla_dag.py
[2025-04-27T00:00:45.389+0000] {processor.py:925} INFO - DAG(s) 'example_sla_dag' retrieved from /home/airflow/.local/lib/python3.10/site-packages/airflow/example_dags/example_sla_dag.py
[2025-04-27T00:00:45.410+0000] {logging_mixin.py:190} INFO - [2025-04-27T00:00:45.409+0000] {dag.py:3239} INFO - Sync 1 DAGs
[2025-04-27T00:00:45.444+0000] {logging_mixin.py:190} INFO - [2025-04-27T00:00:45.444+0000] {dag.py:4180} INFO - Setting next_dagrun for example_sla_dag to 2025-04-26 23:58:00+00:00, run_after=2025-04-27 00:00:00+00:00
[2025-04-27T00:00:45.467+0000] {processor.py:208} INFO - Processing /home/airflow/.local/lib/python3.10/site-packages/airflow/example_dags/example_sla_dag.py took 0.100 seconds
[2025-04-27T00:01:15.765+0000] {processor.py:186} INFO - Started process (PID=20434) to work on /home/airflow/.local/lib/python3.10/site-packages/airflow/example_dags/example_sla_dag.py
[2025-04-27T00:01:15.766+0000] {processor.py:914} INFO - Processing file /home/airflow/.local/lib/python3.10/site-packages/airflow/example_dags/example_sla_dag.py for tasks to queue
[2025-04-27T00:01:15.769+0000] {logging_mixin.py:190} INFO - [2025-04-27T00:01:15.768+0000] {dagbag.py:588} INFO - Filling up the DagBag from /home/airflow/.local/lib/python3.10/site-packages/airflow/example_dags/example_sla_dag.py
[2025-04-27T00:01:15.778+0000] {processor.py:925} INFO - DAG(s) 'example_sla_dag' retrieved from /home/airflow/.local/lib/python3.10/site-packages/airflow/example_dags/example_sla_dag.py
[2025-04-27T00:01:15.799+0000] {logging_mixin.py:190} INFO - [2025-04-27T00:01:15.799+0000] {dag.py:3239} INFO - Sync 1 DAGs
[2025-04-27T00:01:15.832+0000] {logging_mixin.py:190} INFO - [2025-04-27T00:01:15.832+0000] {dag.py:4180} INFO - Setting next_dagrun for example_sla_dag to 2025-04-26 23:58:00+00:00, run_after=2025-04-27 00:00:00+00:00
[2025-04-27T00:01:15.856+0000] {processor.py:208} INFO - Processing /home/airflow/.local/lib/python3.10/site-packages/airflow/example_dags/example_sla_dag.py took 0.097 seconds
[2025-04-27T00:01:47.168+0000] {processor.py:186} INFO - Started process (PID=20507) to work on /home/airflow/.local/lib/python3.10/site-packages/airflow/example_dags/example_sla_dag.py
[2025-04-27T00:01:47.170+0000] {processor.py:914} INFO - Processing file /home/airflow/.local/lib/python3.10/site-packages/airflow/example_dags/example_sla_dag.py for tasks to queue
[2025-04-27T00:01:47.173+0000] {logging_mixin.py:190} INFO - [2025-04-27T00:01:47.173+0000] {dagbag.py:588} INFO - Filling up the DagBag from /home/airflow/.local/lib/python3.10/site-packages/airflow/example_dags/example_sla_dag.py
[2025-04-27T00:01:47.188+0000] {processor.py:925} INFO - DAG(s) 'example_sla_dag' retrieved from /home/airflow/.local/lib/python3.10/site-packages/airflow/example_dags/example_sla_dag.py
[2025-04-27T00:01:47.217+0000] {logging_mixin.py:190} INFO - [2025-04-27T00:01:47.217+0000] {dag.py:3239} INFO - Sync 1 DAGs
[2025-04-27T00:01:47.251+0000] {logging_mixin.py:190} INFO - [2025-04-27T00:01:47.251+0000] {dag.py:4180} INFO - Setting next_dagrun for example_sla_dag to 2025-04-26 23:58:00+00:00, run_after=2025-04-27 00:00:00+00:00
[2025-04-27T00:01:47.279+0000] {processor.py:208} INFO - Processing /home/airflow/.local/lib/python3.10/site-packages/airflow/example_dags/example_sla_dag.py took 0.118 seconds
[2025-04-27T00:02:17.372+0000] {processor.py:186} INFO - Started process (PID=20574) to work on /home/airflow/.local/lib/python3.10/site-packages/airflow/example_dags/example_sla_dag.py
[2025-04-27T00:02:17.374+0000] {processor.py:914} INFO - Processing file /home/airflow/.local/lib/python3.10/site-packages/airflow/example_dags/example_sla_dag.py for tasks to queue
[2025-04-27T00:02:17.376+0000] {logging_mixin.py:190} INFO - [2025-04-27T00:02:17.376+0000] {dagbag.py:588} INFO - Filling up the DagBag from /home/airflow/.local/lib/python3.10/site-packages/airflow/example_dags/example_sla_dag.py
[2025-04-27T00:02:17.388+0000] {processor.py:925} INFO - DAG(s) 'example_sla_dag' retrieved from /home/airflow/.local/lib/python3.10/site-packages/airflow/example_dags/example_sla_dag.py
[2025-04-27T00:02:17.407+0000] {logging_mixin.py:190} INFO - [2025-04-27T00:02:17.407+0000] {dag.py:3239} INFO - Sync 1 DAGs
[2025-04-27T00:02:17.433+0000] {logging_mixin.py:190} INFO - [2025-04-27T00:02:17.433+0000] {dag.py:4180} INFO - Setting next_dagrun for example_sla_dag to 2025-04-27 00:00:00+00:00, run_after=2025-04-27 00:02:00+00:00
[2025-04-27T00:02:17.451+0000] {processor.py:208} INFO - Processing /home/airflow/.local/lib/python3.10/site-packages/airflow/example_dags/example_sla_dag.py took 0.086 seconds
[2025-04-27T00:02:48.303+0000] {processor.py:186} INFO - Started process (PID=20639) to work on /home/airflow/.local/lib/python3.10/site-packages/airflow/example_dags/example_sla_dag.py
[2025-04-27T00:02:48.304+0000] {processor.py:914} INFO - Processing file /home/airflow/.local/lib/python3.10/site-packages/airflow/example_dags/example_sla_dag.py for tasks to queue
[2025-04-27T00:02:48.306+0000] {logging_mixin.py:190} INFO - [2025-04-27T00:02:48.306+0000] {dagbag.py:588} INFO - Filling up the DagBag from /home/airflow/.local/lib/python3.10/site-packages/airflow/example_dags/example_sla_dag.py
[2025-04-27T00:02:48.318+0000] {processor.py:925} INFO - DAG(s) 'example_sla_dag' retrieved from /home/airflow/.local/lib/python3.10/site-packages/airflow/example_dags/example_sla_dag.py
[2025-04-27T00:02:48.337+0000] {logging_mixin.py:190} INFO - [2025-04-27T00:02:48.337+0000] {dag.py:3239} INFO - Sync 1 DAGs
[2025-04-27T00:02:48.364+0000] {logging_mixin.py:190} INFO - [2025-04-27T00:02:48.364+0000] {dag.py:4180} INFO - Setting next_dagrun for example_sla_dag to 2025-04-27 00:00:00+00:00, run_after=2025-04-27 00:02:00+00:00
[2025-04-27T00:02:48.384+0000] {processor.py:208} INFO - Processing /home/airflow/.local/lib/python3.10/site-packages/airflow/example_dags/example_sla_dag.py took 0.088 seconds
[2025-04-27T00:03:19.048+0000] {processor.py:186} INFO - Started process (PID=20705) to work on /home/airflow/.local/lib/python3.10/site-packages/airflow/example_dags/example_sla_dag.py
[2025-04-27T00:03:19.050+0000] {processor.py:914} INFO - Processing file /home/airflow/.local/lib/python3.10/site-packages/airflow/example_dags/example_sla_dag.py for tasks to queue
[2025-04-27T00:03:19.054+0000] {logging_mixin.py:190} INFO - [2025-04-27T00:03:19.054+0000] {dagbag.py:588} INFO - Filling up the DagBag from /home/airflow/.local/lib/python3.10/site-packages/airflow/example_dags/example_sla_dag.py
[2025-04-27T00:03:19.066+0000] {processor.py:925} INFO - DAG(s) 'example_sla_dag' retrieved from /home/airflow/.local/lib/python3.10/site-packages/airflow/example_dags/example_sla_dag.py
[2025-04-27T00:03:19.087+0000] {logging_mixin.py:190} INFO - [2025-04-27T00:03:19.087+0000] {dag.py:3239} INFO - Sync 1 DAGs
[2025-04-27T00:03:19.120+0000] {logging_mixin.py:190} INFO - [2025-04-27T00:03:19.120+0000] {dag.py:4180} INFO - Setting next_dagrun for example_sla_dag to 2025-04-27 00:00:00+00:00, run_after=2025-04-27 00:02:00+00:00
[2025-04-27T00:03:19.149+0000] {processor.py:208} INFO - Processing /home/airflow/.local/lib/python3.10/site-packages/airflow/example_dags/example_sla_dag.py took 0.110 seconds
[2025-04-27T00:03:49.515+0000] {processor.py:186} INFO - Started process (PID=20771) to work on /home/airflow/.local/lib/python3.10/site-packages/airflow/example_dags/example_sla_dag.py
[2025-04-27T00:03:49.516+0000] {processor.py:914} INFO - Processing file /home/airflow/.local/lib/python3.10/site-packages/airflow/example_dags/example_sla_dag.py for tasks to queue
[2025-04-27T00:03:49.520+0000] {logging_mixin.py:190} INFO - [2025-04-27T00:03:49.519+0000] {dagbag.py:588} INFO - Filling up the DagBag from /home/airflow/.local/lib/python3.10/site-packages/airflow/example_dags/example_sla_dag.py
[2025-04-27T00:03:49.533+0000] {processor.py:925} INFO - DAG(s) 'example_sla_dag' retrieved from /home/airflow/.local/lib/python3.10/site-packages/airflow/example_dags/example_sla_dag.py
[2025-04-27T00:03:49.556+0000] {logging_mixin.py:190} INFO - [2025-04-27T00:03:49.556+0000] {dag.py:3239} INFO - Sync 1 DAGs
[2025-04-27T00:03:49.595+0000] {logging_mixin.py:190} INFO - [2025-04-27T00:03:49.595+0000] {dag.py:4180} INFO - Setting next_dagrun for example_sla_dag to 2025-04-27 00:00:00+00:00, run_after=2025-04-27 00:02:00+00:00
[2025-04-27T00:03:49.620+0000] {processor.py:208} INFO - Processing /home/airflow/.local/lib/python3.10/site-packages/airflow/example_dags/example_sla_dag.py took 0.112 seconds
[2025-04-27T00:04:20.293+0000] {processor.py:186} INFO - Started process (PID=20837) to work on /home/airflow/.local/lib/python3.10/site-packages/airflow/example_dags/example_sla_dag.py
[2025-04-27T00:04:20.294+0000] {processor.py:914} INFO - Processing file /home/airflow/.local/lib/python3.10/site-packages/airflow/example_dags/example_sla_dag.py for tasks to queue
[2025-04-27T00:04:20.296+0000] {logging_mixin.py:190} INFO - [2025-04-27T00:04:20.296+0000] {dagbag.py:588} INFO - Filling up the DagBag from /home/airflow/.local/lib/python3.10/site-packages/airflow/example_dags/example_sla_dag.py
[2025-04-27T00:04:20.305+0000] {processor.py:925} INFO - DAG(s) 'example_sla_dag' retrieved from /home/airflow/.local/lib/python3.10/site-packages/airflow/example_dags/example_sla_dag.py
[2025-04-27T00:04:20.323+0000] {logging_mixin.py:190} INFO - [2025-04-27T00:04:20.323+0000] {dag.py:3239} INFO - Sync 1 DAGs
[2025-04-27T00:04:20.348+0000] {logging_mixin.py:190} INFO - [2025-04-27T00:04:20.348+0000] {dag.py:4180} INFO - Setting next_dagrun for example_sla_dag to 2025-04-27 00:02:00+00:00, run_after=2025-04-27 00:04:00+00:00
[2025-04-27T00:04:20.368+0000] {processor.py:208} INFO - Processing /home/airflow/.local/lib/python3.10/site-packages/airflow/example_dags/example_sla_dag.py took 0.080 seconds
[2025-04-27T00:04:50.906+0000] {processor.py:186} INFO - Started process (PID=20909) to work on /home/airflow/.local/lib/python3.10/site-packages/airflow/example_dags/example_sla_dag.py
[2025-04-27T00:04:50.907+0000] {processor.py:914} INFO - Processing file /home/airflow/.local/lib/python3.10/site-packages/airflow/example_dags/example_sla_dag.py for tasks to queue
[2025-04-27T00:04:50.911+0000] {logging_mixin.py:190} INFO - [2025-04-27T00:04:50.910+0000] {dagbag.py:588} INFO - Filling up the DagBag from /home/airflow/.local/lib/python3.10/site-packages/airflow/example_dags/example_sla_dag.py
[2025-04-27T00:04:50.921+0000] {processor.py:925} INFO - DAG(s) 'example_sla_dag' retrieved from /home/airflow/.local/lib/python3.10/site-packages/airflow/example_dags/example_sla_dag.py
[2025-04-27T00:04:50.941+0000] {logging_mixin.py:190} INFO - [2025-04-27T00:04:50.940+0000] {dag.py:3239} INFO - Sync 1 DAGs
[2025-04-27T00:04:50.967+0000] {logging_mixin.py:190} INFO - [2025-04-27T00:04:50.967+0000] {dag.py:4180} INFO - Setting next_dagrun for example_sla_dag to 2025-04-27 00:02:00+00:00, run_after=2025-04-27 00:04:00+00:00
[2025-04-27T00:04:50.987+0000] {processor.py:208} INFO - Processing /home/airflow/.local/lib/python3.10/site-packages/airflow/example_dags/example_sla_dag.py took 0.088 seconds
[2025-04-27T00:05:21.825+0000] {processor.py:186} INFO - Started process (PID=20975) to work on /home/airflow/.local/lib/python3.10/site-packages/airflow/example_dags/example_sla_dag.py
[2025-04-27T00:05:21.826+0000] {processor.py:914} INFO - Processing file /home/airflow/.local/lib/python3.10/site-packages/airflow/example_dags/example_sla_dag.py for tasks to queue
[2025-04-27T00:05:21.828+0000] {logging_mixin.py:190} INFO - [2025-04-27T00:05:21.828+0000] {dagbag.py:588} INFO - Filling up the DagBag from /home/airflow/.local/lib/python3.10/site-packages/airflow/example_dags/example_sla_dag.py
[2025-04-27T00:05:21.838+0000] {processor.py:925} INFO - DAG(s) 'example_sla_dag' retrieved from /home/airflow/.local/lib/python3.10/site-packages/airflow/example_dags/example_sla_dag.py
[2025-04-27T00:05:21.856+0000] {logging_mixin.py:190} INFO - [2025-04-27T00:05:21.855+0000] {dag.py:3239} INFO - Sync 1 DAGs
[2025-04-27T00:05:21.880+0000] {logging_mixin.py:190} INFO - [2025-04-27T00:05:21.880+0000] {dag.py:4180} INFO - Setting next_dagrun for example_sla_dag to 2025-04-27 00:02:00+00:00, run_after=2025-04-27 00:04:00+00:00
[2025-04-27T00:05:21.899+0000] {processor.py:208} INFO - Processing /home/airflow/.local/lib/python3.10/site-packages/airflow/example_dags/example_sla_dag.py took 0.080 seconds
[2025-04-27T00:05:52.827+0000] {processor.py:186} INFO - Started process (PID=21041) to work on /home/airflow/.local/lib/python3.10/site-packages/airflow/example_dags/example_sla_dag.py
[2025-04-27T00:05:52.829+0000] {processor.py:914} INFO - Processing file /home/airflow/.local/lib/python3.10/site-packages/airflow/example_dags/example_sla_dag.py for tasks to queue
[2025-04-27T00:05:52.831+0000] {logging_mixin.py:190} INFO - [2025-04-27T00:05:52.831+0000] {dagbag.py:588} INFO - Filling up the DagBag from /home/airflow/.local/lib/python3.10/site-packages/airflow/example_dags/example_sla_dag.py
[2025-04-27T00:05:52.842+0000] {processor.py:925} INFO - DAG(s) 'example_sla_dag' retrieved from /home/airflow/.local/lib/python3.10/site-packages/airflow/example_dags/example_sla_dag.py
[2025-04-27T00:05:52.863+0000] {logging_mixin.py:190} INFO - [2025-04-27T00:05:52.863+0000] {dag.py:3239} INFO - Sync 1 DAGs
[2025-04-27T00:05:52.892+0000] {logging_mixin.py:190} INFO - [2025-04-27T00:05:52.892+0000] {dag.py:4180} INFO - Setting next_dagrun for example_sla_dag to 2025-04-27 00:02:00+00:00, run_after=2025-04-27 00:04:00+00:00
[2025-04-27T00:05:52.911+0000] {processor.py:208} INFO - Processing /home/airflow/.local/lib/python3.10/site-packages/airflow/example_dags/example_sla_dag.py took 0.090 seconds
[2025-04-27T00:06:24.154+0000] {processor.py:186} INFO - Started process (PID=21108) to work on /home/airflow/.local/lib/python3.10/site-packages/airflow/example_dags/example_sla_dag.py
[2025-04-27T00:06:24.156+0000] {processor.py:914} INFO - Processing file /home/airflow/.local/lib/python3.10/site-packages/airflow/example_dags/example_sla_dag.py for tasks to queue
[2025-04-27T00:06:24.159+0000] {logging_mixin.py:190} INFO - [2025-04-27T00:06:24.158+0000] {dagbag.py:588} INFO - Filling up the DagBag from /home/airflow/.local/lib/python3.10/site-packages/airflow/example_dags/example_sla_dag.py
[2025-04-27T00:06:24.169+0000] {processor.py:925} INFO - DAG(s) 'example_sla_dag' retrieved from /home/airflow/.local/lib/python3.10/site-packages/airflow/example_dags/example_sla_dag.py
[2025-04-27T00:06:24.189+0000] {logging_mixin.py:190} INFO - [2025-04-27T00:06:24.188+0000] {dag.py:3239} INFO - Sync 1 DAGs
[2025-04-27T00:06:24.216+0000] {logging_mixin.py:190} INFO - [2025-04-27T00:06:24.215+0000] {dag.py:4180} INFO - Setting next_dagrun for example_sla_dag to 2025-04-27 00:04:00+00:00, run_after=2025-04-27 00:06:00+00:00
[2025-04-27T00:06:24.238+0000] {processor.py:208} INFO - Processing /home/airflow/.local/lib/python3.10/site-packages/airflow/example_dags/example_sla_dag.py took 0.090 seconds
[2025-04-27T00:06:55.177+0000] {processor.py:186} INFO - Started process (PID=21174) to work on /home/airflow/.local/lib/python3.10/site-packages/airflow/example_dags/example_sla_dag.py
[2025-04-27T00:06:55.178+0000] {processor.py:914} INFO - Processing file /home/airflow/.local/lib/python3.10/site-packages/airflow/example_dags/example_sla_dag.py for tasks to queue
[2025-04-27T00:06:55.180+0000] {logging_mixin.py:190} INFO - [2025-04-27T00:06:55.180+0000] {dagbag.py:588} INFO - Filling up the DagBag from /home/airflow/.local/lib/python3.10/site-packages/airflow/example_dags/example_sla_dag.py
[2025-04-27T00:06:55.190+0000] {processor.py:925} INFO - DAG(s) 'example_sla_dag' retrieved from /home/airflow/.local/lib/python3.10/site-packages/airflow/example_dags/example_sla_dag.py
[2025-04-27T00:06:55.208+0000] {logging_mixin.py:190} INFO - [2025-04-27T00:06:55.208+0000] {dag.py:3239} INFO - Sync 1 DAGs
[2025-04-27T00:06:55.234+0000] {logging_mixin.py:190} INFO - [2025-04-27T00:06:55.234+0000] {dag.py:4180} INFO - Setting next_dagrun for example_sla_dag to 2025-04-27 00:04:00+00:00, run_after=2025-04-27 00:06:00+00:00
[2025-04-27T00:06:55.254+0000] {processor.py:208} INFO - Processing /home/airflow/.local/lib/python3.10/site-packages/airflow/example_dags/example_sla_dag.py took 0.083 seconds
[2025-04-27T00:07:25.540+0000] {processor.py:186} INFO - Started process (PID=21241) to work on /home/airflow/.local/lib/python3.10/site-packages/airflow/example_dags/example_sla_dag.py
[2025-04-27T00:07:25.541+0000] {processor.py:914} INFO - Processing file /home/airflow/.local/lib/python3.10/site-packages/airflow/example_dags/example_sla_dag.py for tasks to queue
[2025-04-27T00:07:25.545+0000] {logging_mixin.py:190} INFO - [2025-04-27T00:07:25.544+0000] {dagbag.py:588} INFO - Filling up the DagBag from /home/airflow/.local/lib/python3.10/site-packages/airflow/example_dags/example_sla_dag.py
[2025-04-27T00:07:25.559+0000] {processor.py:925} INFO - DAG(s) 'example_sla_dag' retrieved from /home/airflow/.local/lib/python3.10/site-packages/airflow/example_dags/example_sla_dag.py
[2025-04-27T00:07:25.586+0000] {logging_mixin.py:190} INFO - [2025-04-27T00:07:25.585+0000] {dag.py:3239} INFO - Sync 1 DAGs
[2025-04-27T00:07:25.616+0000] {logging_mixin.py:190} INFO - [2025-04-27T00:07:25.616+0000] {dag.py:4180} INFO - Setting next_dagrun for example_sla_dag to 2025-04-27 00:04:00+00:00, run_after=2025-04-27 00:06:00+00:00
[2025-04-27T00:07:25.640+0000] {processor.py:208} INFO - Processing /home/airflow/.local/lib/python3.10/site-packages/airflow/example_dags/example_sla_dag.py took 0.108 seconds
[2025-04-27T00:07:55.730+0000] {processor.py:186} INFO - Started process (PID=21306) to work on /home/airflow/.local/lib/python3.10/site-packages/airflow/example_dags/example_sla_dag.py
[2025-04-27T00:07:55.731+0000] {processor.py:914} INFO - Processing file /home/airflow/.local/lib/python3.10/site-packages/airflow/example_dags/example_sla_dag.py for tasks to queue
[2025-04-27T00:07:55.734+0000] {logging_mixin.py:190} INFO - [2025-04-27T00:07:55.734+0000] {dagbag.py:588} INFO - Filling up the DagBag from /home/airflow/.local/lib/python3.10/site-packages/airflow/example_dags/example_sla_dag.py
[2025-04-27T00:07:55.743+0000] {processor.py:925} INFO - DAG(s) 'example_sla_dag' retrieved from /home/airflow/.local/lib/python3.10/site-packages/airflow/example_dags/example_sla_dag.py
[2025-04-27T00:07:55.763+0000] {logging_mixin.py:190} INFO - [2025-04-27T00:07:55.763+0000] {dag.py:3239} INFO - Sync 1 DAGs
[2025-04-27T00:07:55.787+0000] {logging_mixin.py:190} INFO - [2025-04-27T00:07:55.787+0000] {dag.py:4180} INFO - Setting next_dagrun for example_sla_dag to 2025-04-27 00:04:00+00:00, run_after=2025-04-27 00:06:00+00:00
[2025-04-27T00:07:55.804+0000] {processor.py:208} INFO - Processing /home/airflow/.local/lib/python3.10/site-packages/airflow/example_dags/example_sla_dag.py took 0.080 seconds
[2025-04-27T00:08:26.114+0000] {processor.py:186} INFO - Started process (PID=21371) to work on /home/airflow/.local/lib/python3.10/site-packages/airflow/example_dags/example_sla_dag.py
[2025-04-27T00:08:26.115+0000] {processor.py:914} INFO - Processing file /home/airflow/.local/lib/python3.10/site-packages/airflow/example_dags/example_sla_dag.py for tasks to queue
[2025-04-27T00:08:26.117+0000] {logging_mixin.py:190} INFO - [2025-04-27T00:08:26.117+0000] {dagbag.py:588} INFO - Filling up the DagBag from /home/airflow/.local/lib/python3.10/site-packages/airflow/example_dags/example_sla_dag.py
[2025-04-27T00:08:26.127+0000] {processor.py:925} INFO - DAG(s) 'example_sla_dag' retrieved from /home/airflow/.local/lib/python3.10/site-packages/airflow/example_dags/example_sla_dag.py
[2025-04-27T00:08:26.146+0000] {logging_mixin.py:190} INFO - [2025-04-27T00:08:26.146+0000] {dag.py:3239} INFO - Sync 1 DAGs
[2025-04-27T00:08:26.173+0000] {logging_mixin.py:190} INFO - [2025-04-27T00:08:26.173+0000] {dag.py:4180} INFO - Setting next_dagrun for example_sla_dag to 2025-04-27 00:06:00+00:00, run_after=2025-04-27 00:08:00+00:00
[2025-04-27T00:08:26.193+0000] {processor.py:208} INFO - Processing /home/airflow/.local/lib/python3.10/site-packages/airflow/example_dags/example_sla_dag.py took 0.086 seconds
[2025-04-27T00:08:56.873+0000] {processor.py:186} INFO - Started process (PID=21437) to work on /home/airflow/.local/lib/python3.10/site-packages/airflow/example_dags/example_sla_dag.py
[2025-04-27T00:08:56.874+0000] {processor.py:914} INFO - Processing file /home/airflow/.local/lib/python3.10/site-packages/airflow/example_dags/example_sla_dag.py for tasks to queue
[2025-04-27T00:08:56.877+0000] {logging_mixin.py:190} INFO - [2025-04-27T00:08:56.877+0000] {dagbag.py:588} INFO - Filling up the DagBag from /home/airflow/.local/lib/python3.10/site-packages/airflow/example_dags/example_sla_dag.py
[2025-04-27T00:08:56.887+0000] {processor.py:925} INFO - DAG(s) 'example_sla_dag' retrieved from /home/airflow/.local/lib/python3.10/site-packages/airflow/example_dags/example_sla_dag.py
[2025-04-27T00:08:56.906+0000] {logging_mixin.py:190} INFO - [2025-04-27T00:08:56.906+0000] {dag.py:3239} INFO - Sync 1 DAGs
[2025-04-27T00:08:56.934+0000] {logging_mixin.py:190} INFO - [2025-04-27T00:08:56.934+0000] {dag.py:4180} INFO - Setting next_dagrun for example_sla_dag to 2025-04-27 00:06:00+00:00, run_after=2025-04-27 00:08:00+00:00
[2025-04-27T00:08:56.954+0000] {processor.py:208} INFO - Processing /home/airflow/.local/lib/python3.10/site-packages/airflow/example_dags/example_sla_dag.py took 0.087 seconds
[2025-04-27T00:09:27.331+0000] {processor.py:186} INFO - Started process (PID=21503) to work on /home/airflow/.local/lib/python3.10/site-packages/airflow/example_dags/example_sla_dag.py
[2025-04-27T00:09:27.333+0000] {processor.py:914} INFO - Processing file /home/airflow/.local/lib/python3.10/site-packages/airflow/example_dags/example_sla_dag.py for tasks to queue
[2025-04-27T00:09:27.337+0000] {logging_mixin.py:190} INFO - [2025-04-27T00:09:27.337+0000] {dagbag.py:588} INFO - Filling up the DagBag from /home/airflow/.local/lib/python3.10/site-packages/airflow/example_dags/example_sla_dag.py
[2025-04-27T00:09:27.350+0000] {processor.py:925} INFO - DAG(s) 'example_sla_dag' retrieved from /home/airflow/.local/lib/python3.10/site-packages/airflow/example_dags/example_sla_dag.py
[2025-04-27T00:09:27.374+0000] {logging_mixin.py:190} INFO - [2025-04-27T00:09:27.374+0000] {dag.py:3239} INFO - Sync 1 DAGs
[2025-04-27T00:09:27.420+0000] {logging_mixin.py:190} INFO - [2025-04-27T00:09:27.419+0000] {dag.py:4180} INFO - Setting next_dagrun for example_sla_dag to 2025-04-27 00:06:00+00:00, run_after=2025-04-27 00:08:00+00:00
[2025-04-27T00:09:27.447+0000] {processor.py:208} INFO - Processing /home/airflow/.local/lib/python3.10/site-packages/airflow/example_dags/example_sla_dag.py took 0.124 seconds
[2025-04-27T00:09:57.950+0000] {processor.py:186} INFO - Started process (PID=21570) to work on /home/airflow/.local/lib/python3.10/site-packages/airflow/example_dags/example_sla_dag.py
[2025-04-27T00:09:57.952+0000] {processor.py:914} INFO - Processing file /home/airflow/.local/lib/python3.10/site-packages/airflow/example_dags/example_sla_dag.py for tasks to queue
[2025-04-27T00:09:57.956+0000] {logging_mixin.py:190} INFO - [2025-04-27T00:09:57.955+0000] {dagbag.py:588} INFO - Filling up the DagBag from /home/airflow/.local/lib/python3.10/site-packages/airflow/example_dags/example_sla_dag.py
[2025-04-27T00:09:57.968+0000] {processor.py:925} INFO - DAG(s) 'example_sla_dag' retrieved from /home/airflow/.local/lib/python3.10/site-packages/airflow/example_dags/example_sla_dag.py
[2025-04-27T00:09:57.992+0000] {logging_mixin.py:190} INFO - [2025-04-27T00:09:57.992+0000] {dag.py:3239} INFO - Sync 1 DAGs
[2025-04-27T00:09:58.024+0000] {logging_mixin.py:190} INFO - [2025-04-27T00:09:58.024+0000] {dag.py:4180} INFO - Setting next_dagrun for example_sla_dag to 2025-04-27 00:06:00+00:00, run_after=2025-04-27 00:08:00+00:00
[2025-04-27T00:09:58.046+0000] {processor.py:208} INFO - Processing /home/airflow/.local/lib/python3.10/site-packages/airflow/example_dags/example_sla_dag.py took 0.103 seconds
[2025-04-27T00:10:28.656+0000] {processor.py:186} INFO - Started process (PID=21635) to work on /home/airflow/.local/lib/python3.10/site-packages/airflow/example_dags/example_sla_dag.py
[2025-04-27T00:10:28.657+0000] {processor.py:914} INFO - Processing file /home/airflow/.local/lib/python3.10/site-packages/airflow/example_dags/example_sla_dag.py for tasks to queue
[2025-04-27T00:10:28.661+0000] {logging_mixin.py:190} INFO - [2025-04-27T00:10:28.660+0000] {dagbag.py:588} INFO - Filling up the DagBag from /home/airflow/.local/lib/python3.10/site-packages/airflow/example_dags/example_sla_dag.py
[2025-04-27T00:10:28.674+0000] {processor.py:925} INFO - DAG(s) 'example_sla_dag' retrieved from /home/airflow/.local/lib/python3.10/site-packages/airflow/example_dags/example_sla_dag.py
[2025-04-27T00:10:28.695+0000] {logging_mixin.py:190} INFO - [2025-04-27T00:10:28.694+0000] {dag.py:3239} INFO - Sync 1 DAGs
[2025-04-27T00:10:28.724+0000] {logging_mixin.py:190} INFO - [2025-04-27T00:10:28.724+0000] {dag.py:4180} INFO - Setting next_dagrun for example_sla_dag to 2025-04-27 00:08:00+00:00, run_after=2025-04-27 00:10:00+00:00
[2025-04-27T00:10:28.747+0000] {processor.py:208} INFO - Processing /home/airflow/.local/lib/python3.10/site-packages/airflow/example_dags/example_sla_dag.py took 0.100 seconds
[2025-04-27T00:10:59.481+0000] {processor.py:186} INFO - Started process (PID=21701) to work on /home/airflow/.local/lib/python3.10/site-packages/airflow/example_dags/example_sla_dag.py
[2025-04-27T00:10:59.482+0000] {processor.py:914} INFO - Processing file /home/airflow/.local/lib/python3.10/site-packages/airflow/example_dags/example_sla_dag.py for tasks to queue
[2025-04-27T00:10:59.485+0000] {logging_mixin.py:190} INFO - [2025-04-27T00:10:59.485+0000] {dagbag.py:588} INFO - Filling up the DagBag from /home/airflow/.local/lib/python3.10/site-packages/airflow/example_dags/example_sla_dag.py
[2025-04-27T00:10:59.496+0000] {processor.py:925} INFO - DAG(s) 'example_sla_dag' retrieved from /home/airflow/.local/lib/python3.10/site-packages/airflow/example_dags/example_sla_dag.py
[2025-04-27T00:10:59.520+0000] {logging_mixin.py:190} INFO - [2025-04-27T00:10:59.519+0000] {dag.py:3239} INFO - Sync 1 DAGs
[2025-04-27T00:10:59.551+0000] {logging_mixin.py:190} INFO - [2025-04-27T00:10:59.551+0000] {dag.py:4180} INFO - Setting next_dagrun for example_sla_dag to 2025-04-27 00:08:00+00:00, run_after=2025-04-27 00:10:00+00:00
[2025-04-27T00:10:59.574+0000] {processor.py:208} INFO - Processing /home/airflow/.local/lib/python3.10/site-packages/airflow/example_dags/example_sla_dag.py took 0.100 seconds
[2025-04-27T00:11:29.695+0000] {processor.py:186} INFO - Started process (PID=21767) to work on /home/airflow/.local/lib/python3.10/site-packages/airflow/example_dags/example_sla_dag.py
[2025-04-27T00:11:29.697+0000] {processor.py:914} INFO - Processing file /home/airflow/.local/lib/python3.10/site-packages/airflow/example_dags/example_sla_dag.py for tasks to queue
[2025-04-27T00:11:29.699+0000] {logging_mixin.py:190} INFO - [2025-04-27T00:11:29.699+0000] {dagbag.py:588} INFO - Filling up the DagBag from /home/airflow/.local/lib/python3.10/site-packages/airflow/example_dags/example_sla_dag.py
[2025-04-27T00:11:29.708+0000] {processor.py:925} INFO - DAG(s) 'example_sla_dag' retrieved from /home/airflow/.local/lib/python3.10/site-packages/airflow/example_dags/example_sla_dag.py
[2025-04-27T00:11:29.727+0000] {logging_mixin.py:190} INFO - [2025-04-27T00:11:29.727+0000] {dag.py:3239} INFO - Sync 1 DAGs
[2025-04-27T00:11:29.753+0000] {logging_mixin.py:190} INFO - [2025-04-27T00:11:29.753+0000] {dag.py:4180} INFO - Setting next_dagrun for example_sla_dag to 2025-04-27 00:08:00+00:00, run_after=2025-04-27 00:10:00+00:00
[2025-04-27T00:11:29.771+0000] {processor.py:208} INFO - Processing /home/airflow/.local/lib/python3.10/site-packages/airflow/example_dags/example_sla_dag.py took 0.081 seconds
[2025-04-27T00:11:59.918+0000] {processor.py:186} INFO - Started process (PID=21833) to work on /home/airflow/.local/lib/python3.10/site-packages/airflow/example_dags/example_sla_dag.py
[2025-04-27T00:11:59.919+0000] {processor.py:914} INFO - Processing file /home/airflow/.local/lib/python3.10/site-packages/airflow/example_dags/example_sla_dag.py for tasks to queue
[2025-04-27T00:11:59.921+0000] {logging_mixin.py:190} INFO - [2025-04-27T00:11:59.921+0000] {dagbag.py:588} INFO - Filling up the DagBag from /home/airflow/.local/lib/python3.10/site-packages/airflow/example_dags/example_sla_dag.py
[2025-04-27T00:11:59.931+0000] {processor.py:925} INFO - DAG(s) 'example_sla_dag' retrieved from /home/airflow/.local/lib/python3.10/site-packages/airflow/example_dags/example_sla_dag.py
[2025-04-27T00:11:59.952+0000] {logging_mixin.py:190} INFO - [2025-04-27T00:11:59.952+0000] {dag.py:3239} INFO - Sync 1 DAGs
[2025-04-27T00:11:59.979+0000] {logging_mixin.py:190} INFO - [2025-04-27T00:11:59.979+0000] {dag.py:4180} INFO - Setting next_dagrun for example_sla_dag to 2025-04-27 00:08:00+00:00, run_after=2025-04-27 00:10:00+00:00
[2025-04-27T00:11:59.996+0000] {processor.py:208} INFO - Processing /home/airflow/.local/lib/python3.10/site-packages/airflow/example_dags/example_sla_dag.py took 0.084 seconds
[2025-04-27T00:12:30.790+0000] {processor.py:186} INFO - Started process (PID=21899) to work on /home/airflow/.local/lib/python3.10/site-packages/airflow/example_dags/example_sla_dag.py
[2025-04-27T00:12:30.790+0000] {processor.py:914} INFO - Processing file /home/airflow/.local/lib/python3.10/site-packages/airflow/example_dags/example_sla_dag.py for tasks to queue
[2025-04-27T00:12:30.793+0000] {logging_mixin.py:190} INFO - [2025-04-27T00:12:30.793+0000] {dagbag.py:588} INFO - Filling up the DagBag from /home/airflow/.local/lib/python3.10/site-packages/airflow/example_dags/example_sla_dag.py
[2025-04-27T00:12:30.802+0000] {processor.py:925} INFO - DAG(s) 'example_sla_dag' retrieved from /home/airflow/.local/lib/python3.10/site-packages/airflow/example_dags/example_sla_dag.py
[2025-04-27T00:12:30.821+0000] {logging_mixin.py:190} INFO - [2025-04-27T00:12:30.821+0000] {dag.py:3239} INFO - Sync 1 DAGs
[2025-04-27T00:12:30.847+0000] {logging_mixin.py:190} INFO - [2025-04-27T00:12:30.846+0000] {dag.py:4180} INFO - Setting next_dagrun for example_sla_dag to 2025-04-27 00:10:00+00:00, run_after=2025-04-27 00:12:00+00:00
[2025-04-27T00:12:30.865+0000] {processor.py:208} INFO - Processing /home/airflow/.local/lib/python3.10/site-packages/airflow/example_dags/example_sla_dag.py took 0.082 seconds
[2025-04-27T00:13:01.665+0000] {processor.py:186} INFO - Started process (PID=21965) to work on /home/airflow/.local/lib/python3.10/site-packages/airflow/example_dags/example_sla_dag.py
[2025-04-27T00:13:01.666+0000] {processor.py:914} INFO - Processing file /home/airflow/.local/lib/python3.10/site-packages/airflow/example_dags/example_sla_dag.py for tasks to queue
[2025-04-27T00:13:01.669+0000] {logging_mixin.py:190} INFO - [2025-04-27T00:13:01.669+0000] {dagbag.py:588} INFO - Filling up the DagBag from /home/airflow/.local/lib/python3.10/site-packages/airflow/example_dags/example_sla_dag.py
[2025-04-27T00:13:01.680+0000] {processor.py:925} INFO - DAG(s) 'example_sla_dag' retrieved from /home/airflow/.local/lib/python3.10/site-packages/airflow/example_dags/example_sla_dag.py
[2025-04-27T00:13:01.698+0000] {logging_mixin.py:190} INFO - [2025-04-27T00:13:01.698+0000] {dag.py:3239} INFO - Sync 1 DAGs
[2025-04-27T00:13:01.724+0000] {logging_mixin.py:190} INFO - [2025-04-27T00:13:01.724+0000] {dag.py:4180} INFO - Setting next_dagrun for example_sla_dag to 2025-04-27 00:10:00+00:00, run_after=2025-04-27 00:12:00+00:00
[2025-04-27T00:13:01.744+0000] {processor.py:208} INFO - Processing /home/airflow/.local/lib/python3.10/site-packages/airflow/example_dags/example_sla_dag.py took 0.085 seconds
[2025-04-27T00:13:31.906+0000] {processor.py:186} INFO - Started process (PID=22031) to work on /home/airflow/.local/lib/python3.10/site-packages/airflow/example_dags/example_sla_dag.py
[2025-04-27T00:13:31.907+0000] {processor.py:914} INFO - Processing file /home/airflow/.local/lib/python3.10/site-packages/airflow/example_dags/example_sla_dag.py for tasks to queue
[2025-04-27T00:13:31.909+0000] {logging_mixin.py:190} INFO - [2025-04-27T00:13:31.909+0000] {dagbag.py:588} INFO - Filling up the DagBag from /home/airflow/.local/lib/python3.10/site-packages/airflow/example_dags/example_sla_dag.py
[2025-04-27T00:13:31.918+0000] {processor.py:925} INFO - DAG(s) 'example_sla_dag' retrieved from /home/airflow/.local/lib/python3.10/site-packages/airflow/example_dags/example_sla_dag.py
[2025-04-27T00:13:31.937+0000] {logging_mixin.py:190} INFO - [2025-04-27T00:13:31.937+0000] {dag.py:3239} INFO - Sync 1 DAGs
[2025-04-27T00:13:31.964+0000] {logging_mixin.py:190} INFO - [2025-04-27T00:13:31.963+0000] {dag.py:4180} INFO - Setting next_dagrun for example_sla_dag to 2025-04-27 00:10:00+00:00, run_after=2025-04-27 00:12:00+00:00
[2025-04-27T00:13:31.982+0000] {processor.py:208} INFO - Processing /home/airflow/.local/lib/python3.10/site-packages/airflow/example_dags/example_sla_dag.py took 0.081 seconds
[2025-04-27T00:14:02.336+0000] {processor.py:186} INFO - Started process (PID=22097) to work on /home/airflow/.local/lib/python3.10/site-packages/airflow/example_dags/example_sla_dag.py
[2025-04-27T00:14:02.338+0000] {processor.py:914} INFO - Processing file /home/airflow/.local/lib/python3.10/site-packages/airflow/example_dags/example_sla_dag.py for tasks to queue
[2025-04-27T00:14:02.342+0000] {logging_mixin.py:190} INFO - [2025-04-27T00:14:02.341+0000] {dagbag.py:588} INFO - Filling up the DagBag from /home/airflow/.local/lib/python3.10/site-packages/airflow/example_dags/example_sla_dag.py
[2025-04-27T00:14:02.354+0000] {processor.py:925} INFO - DAG(s) 'example_sla_dag' retrieved from /home/airflow/.local/lib/python3.10/site-packages/airflow/example_dags/example_sla_dag.py
[2025-04-27T00:14:02.376+0000] {logging_mixin.py:190} INFO - [2025-04-27T00:14:02.375+0000] {dag.py:3239} INFO - Sync 1 DAGs
[2025-04-27T00:14:02.408+0000] {logging_mixin.py:190} INFO - [2025-04-27T00:14:02.408+0000] {dag.py:4180} INFO - Setting next_dagrun for example_sla_dag to 2025-04-27 00:12:00+00:00, run_after=2025-04-27 00:14:00+00:00
[2025-04-27T00:14:02.430+0000] {processor.py:208} INFO - Processing /home/airflow/.local/lib/python3.10/site-packages/airflow/example_dags/example_sla_dag.py took 0.103 seconds
[2025-04-27T00:14:33.184+0000] {processor.py:186} INFO - Started process (PID=22164) to work on /home/airflow/.local/lib/python3.10/site-packages/airflow/example_dags/example_sla_dag.py
[2025-04-27T00:14:33.185+0000] {processor.py:914} INFO - Processing file /home/airflow/.local/lib/python3.10/site-packages/airflow/example_dags/example_sla_dag.py for tasks to queue
[2025-04-27T00:14:33.188+0000] {logging_mixin.py:190} INFO - [2025-04-27T00:14:33.187+0000] {dagbag.py:588} INFO - Filling up the DagBag from /home/airflow/.local/lib/python3.10/site-packages/airflow/example_dags/example_sla_dag.py
[2025-04-27T00:14:33.197+0000] {processor.py:925} INFO - DAG(s) 'example_sla_dag' retrieved from /home/airflow/.local/lib/python3.10/site-packages/airflow/example_dags/example_sla_dag.py
[2025-04-27T00:14:33.218+0000] {logging_mixin.py:190} INFO - [2025-04-27T00:14:33.217+0000] {dag.py:3239} INFO - Sync 1 DAGs
[2025-04-27T00:14:33.245+0000] {logging_mixin.py:190} INFO - [2025-04-27T00:14:33.245+0000] {dag.py:4180} INFO - Setting next_dagrun for example_sla_dag to 2025-04-27 00:12:00+00:00, run_after=2025-04-27 00:14:00+00:00
[2025-04-27T00:14:33.264+0000] {processor.py:208} INFO - Processing /home/airflow/.local/lib/python3.10/site-packages/airflow/example_dags/example_sla_dag.py took 0.086 seconds
[2025-04-27T00:15:03.755+0000] {processor.py:186} INFO - Started process (PID=22230) to work on /home/airflow/.local/lib/python3.10/site-packages/airflow/example_dags/example_sla_dag.py
[2025-04-27T00:15:03.756+0000] {processor.py:914} INFO - Processing file /home/airflow/.local/lib/python3.10/site-packages/airflow/example_dags/example_sla_dag.py for tasks to queue
[2025-04-27T00:15:03.760+0000] {logging_mixin.py:190} INFO - [2025-04-27T00:15:03.760+0000] {dagbag.py:588} INFO - Filling up the DagBag from /home/airflow/.local/lib/python3.10/site-packages/airflow/example_dags/example_sla_dag.py
[2025-04-27T00:15:03.770+0000] {processor.py:925} INFO - DAG(s) 'example_sla_dag' retrieved from /home/airflow/.local/lib/python3.10/site-packages/airflow/example_dags/example_sla_dag.py
[2025-04-27T00:15:03.790+0000] {logging_mixin.py:190} INFO - [2025-04-27T00:15:03.790+0000] {dag.py:3239} INFO - Sync 1 DAGs
[2025-04-27T00:15:03.818+0000] {logging_mixin.py:190} INFO - [2025-04-27T00:15:03.818+0000] {dag.py:4180} INFO - Setting next_dagrun for example_sla_dag to 2025-04-27 00:12:00+00:00, run_after=2025-04-27 00:14:00+00:00
[2025-04-27T00:15:03.839+0000] {processor.py:208} INFO - Processing /home/airflow/.local/lib/python3.10/site-packages/airflow/example_dags/example_sla_dag.py took 0.091 seconds
[2025-04-27T00:15:34.833+0000] {processor.py:186} INFO - Started process (PID=22296) to work on /home/airflow/.local/lib/python3.10/site-packages/airflow/example_dags/example_sla_dag.py
[2025-04-27T00:15:34.834+0000] {processor.py:914} INFO - Processing file /home/airflow/.local/lib/python3.10/site-packages/airflow/example_dags/example_sla_dag.py for tasks to queue
[2025-04-27T00:15:34.839+0000] {logging_mixin.py:190} INFO - [2025-04-27T00:15:34.839+0000] {dagbag.py:588} INFO - Filling up the DagBag from /home/airflow/.local/lib/python3.10/site-packages/airflow/example_dags/example_sla_dag.py
[2025-04-27T00:15:34.853+0000] {processor.py:925} INFO - DAG(s) 'example_sla_dag' retrieved from /home/airflow/.local/lib/python3.10/site-packages/airflow/example_dags/example_sla_dag.py
[2025-04-27T00:15:34.875+0000] {logging_mixin.py:190} INFO - [2025-04-27T00:15:34.875+0000] {dag.py:3239} INFO - Sync 1 DAGs
[2025-04-27T00:15:34.907+0000] {logging_mixin.py:190} INFO - [2025-04-27T00:15:34.907+0000] {dag.py:4180} INFO - Setting next_dagrun for example_sla_dag to 2025-04-27 00:12:00+00:00, run_after=2025-04-27 00:14:00+00:00
[2025-04-27T00:15:34.928+0000] {processor.py:208} INFO - Processing /home/airflow/.local/lib/python3.10/site-packages/airflow/example_dags/example_sla_dag.py took 0.104 seconds
[2025-04-27T00:16:05.525+0000] {processor.py:186} INFO - Started process (PID=22362) to work on /home/airflow/.local/lib/python3.10/site-packages/airflow/example_dags/example_sla_dag.py
[2025-04-27T00:16:05.527+0000] {processor.py:914} INFO - Processing file /home/airflow/.local/lib/python3.10/site-packages/airflow/example_dags/example_sla_dag.py for tasks to queue
[2025-04-27T00:16:05.531+0000] {logging_mixin.py:190} INFO - [2025-04-27T00:16:05.530+0000] {dagbag.py:588} INFO - Filling up the DagBag from /home/airflow/.local/lib/python3.10/site-packages/airflow/example_dags/example_sla_dag.py
[2025-04-27T00:16:05.544+0000] {processor.py:925} INFO - DAG(s) 'example_sla_dag' retrieved from /home/airflow/.local/lib/python3.10/site-packages/airflow/example_dags/example_sla_dag.py
[2025-04-27T00:16:05.569+0000] {logging_mixin.py:190} INFO - [2025-04-27T00:16:05.568+0000] {dag.py:3239} INFO - Sync 1 DAGs
[2025-04-27T00:16:05.600+0000] {logging_mixin.py:190} INFO - [2025-04-27T00:16:05.599+0000] {dag.py:4180} INFO - Setting next_dagrun for example_sla_dag to 2025-04-27 00:14:00+00:00, run_after=2025-04-27 00:16:00+00:00
[2025-04-27T00:16:05.624+0000] {processor.py:208} INFO - Processing /home/airflow/.local/lib/python3.10/site-packages/airflow/example_dags/example_sla_dag.py took 0.106 seconds
[2025-04-27T00:16:36.045+0000] {processor.py:186} INFO - Started process (PID=22428) to work on /home/airflow/.local/lib/python3.10/site-packages/airflow/example_dags/example_sla_dag.py
[2025-04-27T00:16:36.046+0000] {processor.py:914} INFO - Processing file /home/airflow/.local/lib/python3.10/site-packages/airflow/example_dags/example_sla_dag.py for tasks to queue
[2025-04-27T00:16:36.048+0000] {logging_mixin.py:190} INFO - [2025-04-27T00:16:36.048+0000] {dagbag.py:588} INFO - Filling up the DagBag from /home/airflow/.local/lib/python3.10/site-packages/airflow/example_dags/example_sla_dag.py
[2025-04-27T00:16:36.059+0000] {processor.py:925} INFO - DAG(s) 'example_sla_dag' retrieved from /home/airflow/.local/lib/python3.10/site-packages/airflow/example_dags/example_sla_dag.py
[2025-04-27T00:16:36.078+0000] {logging_mixin.py:190} INFO - [2025-04-27T00:16:36.078+0000] {dag.py:3239} INFO - Sync 1 DAGs
[2025-04-27T00:16:36.105+0000] {logging_mixin.py:190} INFO - [2025-04-27T00:16:36.105+0000] {dag.py:4180} INFO - Setting next_dagrun for example_sla_dag to 2025-04-27 00:14:00+00:00, run_after=2025-04-27 00:16:00+00:00
[2025-04-27T00:16:36.123+0000] {processor.py:208} INFO - Processing /home/airflow/.local/lib/python3.10/site-packages/airflow/example_dags/example_sla_dag.py took 0.085 seconds
[2025-04-27T00:17:07.056+0000] {processor.py:186} INFO - Started process (PID=22494) to work on /home/airflow/.local/lib/python3.10/site-packages/airflow/example_dags/example_sla_dag.py
[2025-04-27T00:17:07.057+0000] {processor.py:914} INFO - Processing file /home/airflow/.local/lib/python3.10/site-packages/airflow/example_dags/example_sla_dag.py for tasks to queue
[2025-04-27T00:17:07.061+0000] {logging_mixin.py:190} INFO - [2025-04-27T00:17:07.061+0000] {dagbag.py:588} INFO - Filling up the DagBag from /home/airflow/.local/lib/python3.10/site-packages/airflow/example_dags/example_sla_dag.py
[2025-04-27T00:17:07.072+0000] {processor.py:925} INFO - DAG(s) 'example_sla_dag' retrieved from /home/airflow/.local/lib/python3.10/site-packages/airflow/example_dags/example_sla_dag.py
[2025-04-27T00:17:07.092+0000] {logging_mixin.py:190} INFO - [2025-04-27T00:17:07.092+0000] {dag.py:3239} INFO - Sync 1 DAGs
[2025-04-27T00:17:07.121+0000] {logging_mixin.py:190} INFO - [2025-04-27T00:17:07.121+0000] {dag.py:4180} INFO - Setting next_dagrun for example_sla_dag to 2025-04-27 00:14:00+00:00, run_after=2025-04-27 00:16:00+00:00
[2025-04-27T00:17:07.145+0000] {processor.py:208} INFO - Processing /home/airflow/.local/lib/python3.10/site-packages/airflow/example_dags/example_sla_dag.py took 0.096 seconds
[2025-04-27T00:17:37.224+0000] {processor.py:186} INFO - Started process (PID=22560) to work on /home/airflow/.local/lib/python3.10/site-packages/airflow/example_dags/example_sla_dag.py
[2025-04-27T00:17:37.225+0000] {processor.py:914} INFO - Processing file /home/airflow/.local/lib/python3.10/site-packages/airflow/example_dags/example_sla_dag.py for tasks to queue
[2025-04-27T00:17:37.229+0000] {logging_mixin.py:190} INFO - [2025-04-27T00:17:37.229+0000] {dagbag.py:588} INFO - Filling up the DagBag from /home/airflow/.local/lib/python3.10/site-packages/airflow/example_dags/example_sla_dag.py
[2025-04-27T00:17:37.243+0000] {processor.py:925} INFO - DAG(s) 'example_sla_dag' retrieved from /home/airflow/.local/lib/python3.10/site-packages/airflow/example_dags/example_sla_dag.py
[2025-04-27T00:17:37.267+0000] {logging_mixin.py:190} INFO - [2025-04-27T00:17:37.267+0000] {dag.py:3239} INFO - Sync 1 DAGs
[2025-04-27T00:17:37.299+0000] {logging_mixin.py:190} INFO - [2025-04-27T00:17:37.298+0000] {dag.py:4180} INFO - Setting next_dagrun for example_sla_dag to 2025-04-27 00:14:00+00:00, run_after=2025-04-27 00:16:00+00:00
[2025-04-27T00:17:37.323+0000] {processor.py:208} INFO - Processing /home/airflow/.local/lib/python3.10/site-packages/airflow/example_dags/example_sla_dag.py took 0.107 seconds
[2025-04-27T00:18:08.176+0000] {processor.py:186} INFO - Started process (PID=22626) to work on /home/airflow/.local/lib/python3.10/site-packages/airflow/example_dags/example_sla_dag.py
[2025-04-27T00:18:08.177+0000] {processor.py:914} INFO - Processing file /home/airflow/.local/lib/python3.10/site-packages/airflow/example_dags/example_sla_dag.py for tasks to queue
[2025-04-27T00:18:08.182+0000] {logging_mixin.py:190} INFO - [2025-04-27T00:18:08.181+0000] {dagbag.py:588} INFO - Filling up the DagBag from /home/airflow/.local/lib/python3.10/site-packages/airflow/example_dags/example_sla_dag.py
[2025-04-27T00:18:08.197+0000] {processor.py:925} INFO - DAG(s) 'example_sla_dag' retrieved from /home/airflow/.local/lib/python3.10/site-packages/airflow/example_dags/example_sla_dag.py
[2025-04-27T00:18:08.219+0000] {logging_mixin.py:190} INFO - [2025-04-27T00:18:08.219+0000] {dag.py:3239} INFO - Sync 1 DAGs
[2025-04-27T00:18:08.256+0000] {logging_mixin.py:190} INFO - [2025-04-27T00:18:08.256+0000] {dag.py:4180} INFO - Setting next_dagrun for example_sla_dag to 2025-04-27 00:16:00+00:00, run_after=2025-04-27 00:18:00+00:00
[2025-04-27T00:18:08.283+0000] {processor.py:208} INFO - Processing /home/airflow/.local/lib/python3.10/site-packages/airflow/example_dags/example_sla_dag.py took 0.121 seconds
[2025-04-27T00:18:39.238+0000] {processor.py:186} INFO - Started process (PID=22692) to work on /home/airflow/.local/lib/python3.10/site-packages/airflow/example_dags/example_sla_dag.py
[2025-04-27T00:18:39.239+0000] {processor.py:914} INFO - Processing file /home/airflow/.local/lib/python3.10/site-packages/airflow/example_dags/example_sla_dag.py for tasks to queue
[2025-04-27T00:18:39.242+0000] {logging_mixin.py:190} INFO - [2025-04-27T00:18:39.242+0000] {dagbag.py:588} INFO - Filling up the DagBag from /home/airflow/.local/lib/python3.10/site-packages/airflow/example_dags/example_sla_dag.py
[2025-04-27T00:18:39.255+0000] {processor.py:925} INFO - DAG(s) 'example_sla_dag' retrieved from /home/airflow/.local/lib/python3.10/site-packages/airflow/example_dags/example_sla_dag.py
[2025-04-27T00:18:39.277+0000] {logging_mixin.py:190} INFO - [2025-04-27T00:18:39.277+0000] {dag.py:3239} INFO - Sync 1 DAGs
[2025-04-27T00:18:39.307+0000] {logging_mixin.py:190} INFO - [2025-04-27T00:18:39.307+0000] {dag.py:4180} INFO - Setting next_dagrun for example_sla_dag to 2025-04-27 00:16:00+00:00, run_after=2025-04-27 00:18:00+00:00
[2025-04-27T00:18:39.328+0000] {processor.py:208} INFO - Processing /home/airflow/.local/lib/python3.10/site-packages/airflow/example_dags/example_sla_dag.py took 0.097 seconds
[2025-04-27T00:19:09.743+0000] {processor.py:186} INFO - Started process (PID=22758) to work on /home/airflow/.local/lib/python3.10/site-packages/airflow/example_dags/example_sla_dag.py
[2025-04-27T00:19:09.744+0000] {processor.py:914} INFO - Processing file /home/airflow/.local/lib/python3.10/site-packages/airflow/example_dags/example_sla_dag.py for tasks to queue
[2025-04-27T00:19:09.747+0000] {logging_mixin.py:190} INFO - [2025-04-27T00:19:09.746+0000] {dagbag.py:588} INFO - Filling up the DagBag from /home/airflow/.local/lib/python3.10/site-packages/airflow/example_dags/example_sla_dag.py
[2025-04-27T00:19:09.756+0000] {processor.py:925} INFO - DAG(s) 'example_sla_dag' retrieved from /home/airflow/.local/lib/python3.10/site-packages/airflow/example_dags/example_sla_dag.py
[2025-04-27T00:19:09.774+0000] {logging_mixin.py:190} INFO - [2025-04-27T00:19:09.774+0000] {dag.py:3239} INFO - Sync 1 DAGs
[2025-04-27T00:19:09.799+0000] {logging_mixin.py:190} INFO - [2025-04-27T00:19:09.799+0000] {dag.py:4180} INFO - Setting next_dagrun for example_sla_dag to 2025-04-27 00:16:00+00:00, run_after=2025-04-27 00:18:00+00:00
[2025-04-27T00:19:09.817+0000] {processor.py:208} INFO - Processing /home/airflow/.local/lib/python3.10/site-packages/airflow/example_dags/example_sla_dag.py took 0.082 seconds
[2025-04-27T00:19:40.679+0000] {processor.py:186} INFO - Started process (PID=22824) to work on /home/airflow/.local/lib/python3.10/site-packages/airflow/example_dags/example_sla_dag.py
[2025-04-27T00:19:40.681+0000] {processor.py:914} INFO - Processing file /home/airflow/.local/lib/python3.10/site-packages/airflow/example_dags/example_sla_dag.py for tasks to queue
[2025-04-27T00:19:40.683+0000] {logging_mixin.py:190} INFO - [2025-04-27T00:19:40.682+0000] {dagbag.py:588} INFO - Filling up the DagBag from /home/airflow/.local/lib/python3.10/site-packages/airflow/example_dags/example_sla_dag.py
[2025-04-27T00:19:40.693+0000] {processor.py:925} INFO - DAG(s) 'example_sla_dag' retrieved from /home/airflow/.local/lib/python3.10/site-packages/airflow/example_dags/example_sla_dag.py
[2025-04-27T00:19:40.718+0000] {logging_mixin.py:190} INFO - [2025-04-27T00:19:40.717+0000] {dag.py:3239} INFO - Sync 1 DAGs
[2025-04-27T00:19:40.753+0000] {logging_mixin.py:190} INFO - [2025-04-27T00:19:40.752+0000] {dag.py:4180} INFO - Setting next_dagrun for example_sla_dag to 2025-04-27 00:16:00+00:00, run_after=2025-04-27 00:18:00+00:00
[2025-04-27T00:19:40.777+0000] {processor.py:208} INFO - Processing /home/airflow/.local/lib/python3.10/site-packages/airflow/example_dags/example_sla_dag.py took 0.104 seconds
[2025-04-27T00:20:11.634+0000] {processor.py:186} INFO - Started process (PID=22890) to work on /home/airflow/.local/lib/python3.10/site-packages/airflow/example_dags/example_sla_dag.py
[2025-04-27T00:20:11.634+0000] {processor.py:914} INFO - Processing file /home/airflow/.local/lib/python3.10/site-packages/airflow/example_dags/example_sla_dag.py for tasks to queue
[2025-04-27T00:20:11.637+0000] {logging_mixin.py:190} INFO - [2025-04-27T00:20:11.637+0000] {dagbag.py:588} INFO - Filling up the DagBag from /home/airflow/.local/lib/python3.10/site-packages/airflow/example_dags/example_sla_dag.py
[2025-04-27T00:20:11.646+0000] {processor.py:925} INFO - DAG(s) 'example_sla_dag' retrieved from /home/airflow/.local/lib/python3.10/site-packages/airflow/example_dags/example_sla_dag.py
[2025-04-27T00:20:11.664+0000] {logging_mixin.py:190} INFO - [2025-04-27T00:20:11.664+0000] {dag.py:3239} INFO - Sync 1 DAGs
[2025-04-27T00:20:11.688+0000] {logging_mixin.py:190} INFO - [2025-04-27T00:20:11.688+0000] {dag.py:4180} INFO - Setting next_dagrun for example_sla_dag to 2025-04-27 00:18:00+00:00, run_after=2025-04-27 00:20:00+00:00
[2025-04-27T00:20:11.704+0000] {processor.py:208} INFO - Processing /home/airflow/.local/lib/python3.10/site-packages/airflow/example_dags/example_sla_dag.py took 0.076 seconds
[2025-04-27T00:20:42.316+0000] {processor.py:186} INFO - Started process (PID=22956) to work on /home/airflow/.local/lib/python3.10/site-packages/airflow/example_dags/example_sla_dag.py
[2025-04-27T00:20:42.317+0000] {processor.py:914} INFO - Processing file /home/airflow/.local/lib/python3.10/site-packages/airflow/example_dags/example_sla_dag.py for tasks to queue
[2025-04-27T00:20:42.319+0000] {logging_mixin.py:190} INFO - [2025-04-27T00:20:42.319+0000] {dagbag.py:588} INFO - Filling up the DagBag from /home/airflow/.local/lib/python3.10/site-packages/airflow/example_dags/example_sla_dag.py
[2025-04-27T00:20:42.328+0000] {processor.py:925} INFO - DAG(s) 'example_sla_dag' retrieved from /home/airflow/.local/lib/python3.10/site-packages/airflow/example_dags/example_sla_dag.py
[2025-04-27T00:20:42.350+0000] {logging_mixin.py:190} INFO - [2025-04-27T00:20:42.350+0000] {dag.py:3239} INFO - Sync 1 DAGs
[2025-04-27T00:20:42.384+0000] {logging_mixin.py:190} INFO - [2025-04-27T00:20:42.383+0000] {dag.py:4180} INFO - Setting next_dagrun for example_sla_dag to 2025-04-27 00:18:00+00:00, run_after=2025-04-27 00:20:00+00:00
[2025-04-27T00:20:42.404+0000] {processor.py:208} INFO - Processing /home/airflow/.local/lib/python3.10/site-packages/airflow/example_dags/example_sla_dag.py took 0.094 seconds
[2025-04-27T00:21:12.965+0000] {processor.py:186} INFO - Started process (PID=23022) to work on /home/airflow/.local/lib/python3.10/site-packages/airflow/example_dags/example_sla_dag.py
[2025-04-27T00:21:12.966+0000] {processor.py:914} INFO - Processing file /home/airflow/.local/lib/python3.10/site-packages/airflow/example_dags/example_sla_dag.py for tasks to queue
[2025-04-27T00:21:12.968+0000] {logging_mixin.py:190} INFO - [2025-04-27T00:21:12.968+0000] {dagbag.py:588} INFO - Filling up the DagBag from /home/airflow/.local/lib/python3.10/site-packages/airflow/example_dags/example_sla_dag.py
[2025-04-27T00:21:12.978+0000] {processor.py:925} INFO - DAG(s) 'example_sla_dag' retrieved from /home/airflow/.local/lib/python3.10/site-packages/airflow/example_dags/example_sla_dag.py
[2025-04-27T00:21:13.005+0000] {logging_mixin.py:190} INFO - [2025-04-27T00:21:13.004+0000] {dag.py:3239} INFO - Sync 1 DAGs
[2025-04-27T00:21:13.041+0000] {logging_mixin.py:190} INFO - [2025-04-27T00:21:13.041+0000] {dag.py:4180} INFO - Setting next_dagrun for example_sla_dag to 2025-04-27 00:18:00+00:00, run_after=2025-04-27 00:20:00+00:00
[2025-04-27T00:21:13.063+0000] {processor.py:208} INFO - Processing /home/airflow/.local/lib/python3.10/site-packages/airflow/example_dags/example_sla_dag.py took 0.104 seconds
[2025-04-27T00:21:43.540+0000] {processor.py:186} INFO - Started process (PID=23088) to work on /home/airflow/.local/lib/python3.10/site-packages/airflow/example_dags/example_sla_dag.py
[2025-04-27T00:21:43.541+0000] {processor.py:914} INFO - Processing file /home/airflow/.local/lib/python3.10/site-packages/airflow/example_dags/example_sla_dag.py for tasks to queue
[2025-04-27T00:21:43.544+0000] {logging_mixin.py:190} INFO - [2025-04-27T00:21:43.544+0000] {dagbag.py:588} INFO - Filling up the DagBag from /home/airflow/.local/lib/python3.10/site-packages/airflow/example_dags/example_sla_dag.py
[2025-04-27T00:21:43.554+0000] {processor.py:925} INFO - DAG(s) 'example_sla_dag' retrieved from /home/airflow/.local/lib/python3.10/site-packages/airflow/example_dags/example_sla_dag.py
[2025-04-27T00:21:43.576+0000] {logging_mixin.py:190} INFO - [2025-04-27T00:21:43.575+0000] {dag.py:3239} INFO - Sync 1 DAGs
[2025-04-27T00:21:43.609+0000] {logging_mixin.py:190} INFO - [2025-04-27T00:21:43.608+0000] {dag.py:4180} INFO - Setting next_dagrun for example_sla_dag to 2025-04-27 00:18:00+00:00, run_after=2025-04-27 00:20:00+00:00
[2025-04-27T00:21:43.639+0000] {processor.py:208} INFO - Processing /home/airflow/.local/lib/python3.10/site-packages/airflow/example_dags/example_sla_dag.py took 0.106 seconds
[2025-04-27T00:22:14.034+0000] {processor.py:186} INFO - Started process (PID=23154) to work on /home/airflow/.local/lib/python3.10/site-packages/airflow/example_dags/example_sla_dag.py
[2025-04-27T00:22:14.035+0000] {processor.py:914} INFO - Processing file /home/airflow/.local/lib/python3.10/site-packages/airflow/example_dags/example_sla_dag.py for tasks to queue
[2025-04-27T00:22:14.038+0000] {logging_mixin.py:190} INFO - [2025-04-27T00:22:14.037+0000] {dagbag.py:588} INFO - Filling up the DagBag from /home/airflow/.local/lib/python3.10/site-packages/airflow/example_dags/example_sla_dag.py
[2025-04-27T00:22:14.048+0000] {processor.py:925} INFO - DAG(s) 'example_sla_dag' retrieved from /home/airflow/.local/lib/python3.10/site-packages/airflow/example_dags/example_sla_dag.py
[2025-04-27T00:22:14.070+0000] {logging_mixin.py:190} INFO - [2025-04-27T00:22:14.069+0000] {dag.py:3239} INFO - Sync 1 DAGs
[2025-04-27T00:22:14.095+0000] {logging_mixin.py:190} INFO - [2025-04-27T00:22:14.095+0000] {dag.py:4180} INFO - Setting next_dagrun for example_sla_dag to 2025-04-27 00:20:00+00:00, run_after=2025-04-27 00:22:00+00:00
[2025-04-27T00:22:14.116+0000] {processor.py:208} INFO - Processing /home/airflow/.local/lib/python3.10/site-packages/airflow/example_dags/example_sla_dag.py took 0.088 seconds
[2025-04-27T00:22:44.588+0000] {processor.py:186} INFO - Started process (PID=23220) to work on /home/airflow/.local/lib/python3.10/site-packages/airflow/example_dags/example_sla_dag.py
[2025-04-27T00:22:44.589+0000] {processor.py:914} INFO - Processing file /home/airflow/.local/lib/python3.10/site-packages/airflow/example_dags/example_sla_dag.py for tasks to queue
[2025-04-27T00:22:44.591+0000] {logging_mixin.py:190} INFO - [2025-04-27T00:22:44.591+0000] {dagbag.py:588} INFO - Filling up the DagBag from /home/airflow/.local/lib/python3.10/site-packages/airflow/example_dags/example_sla_dag.py
[2025-04-27T00:22:44.602+0000] {processor.py:925} INFO - DAG(s) 'example_sla_dag' retrieved from /home/airflow/.local/lib/python3.10/site-packages/airflow/example_dags/example_sla_dag.py
[2025-04-27T00:22:44.621+0000] {logging_mixin.py:190} INFO - [2025-04-27T00:22:44.620+0000] {dag.py:3239} INFO - Sync 1 DAGs
[2025-04-27T00:22:44.647+0000] {logging_mixin.py:190} INFO - [2025-04-27T00:22:44.647+0000] {dag.py:4180} INFO - Setting next_dagrun for example_sla_dag to 2025-04-27 00:20:00+00:00, run_after=2025-04-27 00:22:00+00:00
[2025-04-27T00:22:44.668+0000] {processor.py:208} INFO - Processing /home/airflow/.local/lib/python3.10/site-packages/airflow/example_dags/example_sla_dag.py took 0.087 seconds
[2025-04-27T00:23:14.987+0000] {processor.py:186} INFO - Started process (PID=23286) to work on /home/airflow/.local/lib/python3.10/site-packages/airflow/example_dags/example_sla_dag.py
[2025-04-27T00:23:14.988+0000] {processor.py:914} INFO - Processing file /home/airflow/.local/lib/python3.10/site-packages/airflow/example_dags/example_sla_dag.py for tasks to queue
[2025-04-27T00:23:14.990+0000] {logging_mixin.py:190} INFO - [2025-04-27T00:23:14.990+0000] {dagbag.py:588} INFO - Filling up the DagBag from /home/airflow/.local/lib/python3.10/site-packages/airflow/example_dags/example_sla_dag.py
[2025-04-27T00:23:15.000+0000] {processor.py:925} INFO - DAG(s) 'example_sla_dag' retrieved from /home/airflow/.local/lib/python3.10/site-packages/airflow/example_dags/example_sla_dag.py
[2025-04-27T00:23:15.018+0000] {logging_mixin.py:190} INFO - [2025-04-27T00:23:15.017+0000] {dag.py:3239} INFO - Sync 1 DAGs
[2025-04-27T00:23:15.042+0000] {logging_mixin.py:190} INFO - [2025-04-27T00:23:15.041+0000] {dag.py:4180} INFO - Setting next_dagrun for example_sla_dag to 2025-04-27 00:20:00+00:00, run_after=2025-04-27 00:22:00+00:00
[2025-04-27T00:23:15.060+0000] {processor.py:208} INFO - Processing /home/airflow/.local/lib/python3.10/site-packages/airflow/example_dags/example_sla_dag.py took 0.078 seconds
[2025-04-27T00:23:46.073+0000] {processor.py:186} INFO - Started process (PID=23352) to work on /home/airflow/.local/lib/python3.10/site-packages/airflow/example_dags/example_sla_dag.py
[2025-04-27T00:23:46.074+0000] {processor.py:914} INFO - Processing file /home/airflow/.local/lib/python3.10/site-packages/airflow/example_dags/example_sla_dag.py for tasks to queue
[2025-04-27T00:23:46.076+0000] {logging_mixin.py:190} INFO - [2025-04-27T00:23:46.076+0000] {dagbag.py:588} INFO - Filling up the DagBag from /home/airflow/.local/lib/python3.10/site-packages/airflow/example_dags/example_sla_dag.py
[2025-04-27T00:23:46.085+0000] {processor.py:925} INFO - DAG(s) 'example_sla_dag' retrieved from /home/airflow/.local/lib/python3.10/site-packages/airflow/example_dags/example_sla_dag.py
[2025-04-27T00:23:46.103+0000] {logging_mixin.py:190} INFO - [2025-04-27T00:23:46.103+0000] {dag.py:3239} INFO - Sync 1 DAGs
[2025-04-27T00:23:46.128+0000] {logging_mixin.py:190} INFO - [2025-04-27T00:23:46.128+0000] {dag.py:4180} INFO - Setting next_dagrun for example_sla_dag to 2025-04-27 00:20:00+00:00, run_after=2025-04-27 00:22:00+00:00
[2025-04-27T00:23:46.148+0000] {processor.py:208} INFO - Processing /home/airflow/.local/lib/python3.10/site-packages/airflow/example_dags/example_sla_dag.py took 0.080 seconds
[2025-04-27T00:24:17.112+0000] {processor.py:186} INFO - Started process (PID=23418) to work on /home/airflow/.local/lib/python3.10/site-packages/airflow/example_dags/example_sla_dag.py
[2025-04-27T00:24:17.113+0000] {processor.py:914} INFO - Processing file /home/airflow/.local/lib/python3.10/site-packages/airflow/example_dags/example_sla_dag.py for tasks to queue
[2025-04-27T00:24:17.115+0000] {logging_mixin.py:190} INFO - [2025-04-27T00:24:17.115+0000] {dagbag.py:588} INFO - Filling up the DagBag from /home/airflow/.local/lib/python3.10/site-packages/airflow/example_dags/example_sla_dag.py
[2025-04-27T00:24:17.128+0000] {processor.py:925} INFO - DAG(s) 'example_sla_dag' retrieved from /home/airflow/.local/lib/python3.10/site-packages/airflow/example_dags/example_sla_dag.py
[2025-04-27T00:24:17.151+0000] {logging_mixin.py:190} INFO - [2025-04-27T00:24:17.151+0000] {dag.py:3239} INFO - Sync 1 DAGs
[2025-04-27T00:24:17.180+0000] {logging_mixin.py:190} INFO - [2025-04-27T00:24:17.180+0000] {dag.py:4180} INFO - Setting next_dagrun for example_sla_dag to 2025-04-27 00:22:00+00:00, run_after=2025-04-27 00:24:00+00:00
[2025-04-27T00:24:17.202+0000] {processor.py:208} INFO - Processing /home/airflow/.local/lib/python3.10/site-packages/airflow/example_dags/example_sla_dag.py took 0.099 seconds
[2025-04-27T00:24:48.139+0000] {processor.py:186} INFO - Started process (PID=23485) to work on /home/airflow/.local/lib/python3.10/site-packages/airflow/example_dags/example_sla_dag.py
[2025-04-27T00:24:48.140+0000] {processor.py:914} INFO - Processing file /home/airflow/.local/lib/python3.10/site-packages/airflow/example_dags/example_sla_dag.py for tasks to queue
[2025-04-27T00:24:48.144+0000] {logging_mixin.py:190} INFO - [2025-04-27T00:24:48.143+0000] {dagbag.py:588} INFO - Filling up the DagBag from /home/airflow/.local/lib/python3.10/site-packages/airflow/example_dags/example_sla_dag.py
[2025-04-27T00:24:48.158+0000] {processor.py:925} INFO - DAG(s) 'example_sla_dag' retrieved from /home/airflow/.local/lib/python3.10/site-packages/airflow/example_dags/example_sla_dag.py
[2025-04-27T00:24:48.184+0000] {logging_mixin.py:190} INFO - [2025-04-27T00:24:48.184+0000] {dag.py:3239} INFO - Sync 1 DAGs
[2025-04-27T00:24:48.214+0000] {logging_mixin.py:190} INFO - [2025-04-27T00:24:48.214+0000] {dag.py:4180} INFO - Setting next_dagrun for example_sla_dag to 2025-04-27 00:22:00+00:00, run_after=2025-04-27 00:24:00+00:00
[2025-04-27T00:24:48.238+0000] {processor.py:208} INFO - Processing /home/airflow/.local/lib/python3.10/site-packages/airflow/example_dags/example_sla_dag.py took 0.107 seconds
[2025-04-27T00:25:18.520+0000] {processor.py:186} INFO - Started process (PID=23550) to work on /home/airflow/.local/lib/python3.10/site-packages/airflow/example_dags/example_sla_dag.py
[2025-04-27T00:25:18.521+0000] {processor.py:914} INFO - Processing file /home/airflow/.local/lib/python3.10/site-packages/airflow/example_dags/example_sla_dag.py for tasks to queue
[2025-04-27T00:25:18.523+0000] {logging_mixin.py:190} INFO - [2025-04-27T00:25:18.523+0000] {dagbag.py:588} INFO - Filling up the DagBag from /home/airflow/.local/lib/python3.10/site-packages/airflow/example_dags/example_sla_dag.py
[2025-04-27T00:25:18.533+0000] {processor.py:925} INFO - DAG(s) 'example_sla_dag' retrieved from /home/airflow/.local/lib/python3.10/site-packages/airflow/example_dags/example_sla_dag.py
[2025-04-27T00:25:18.550+0000] {logging_mixin.py:190} INFO - [2025-04-27T00:25:18.550+0000] {dag.py:3239} INFO - Sync 1 DAGs
[2025-04-27T00:25:18.574+0000] {logging_mixin.py:190} INFO - [2025-04-27T00:25:18.574+0000] {dag.py:4180} INFO - Setting next_dagrun for example_sla_dag to 2025-04-27 00:22:00+00:00, run_after=2025-04-27 00:24:00+00:00
[2025-04-27T00:25:18.591+0000] {processor.py:208} INFO - Processing /home/airflow/.local/lib/python3.10/site-packages/airflow/example_dags/example_sla_dag.py took 0.077 seconds
