[2025-04-27T00:00:12.251+0000] {processor.py:186} INFO - Started process (PID=20269) to work on /home/airflow/.local/lib/python3.10/site-packages/airflow/example_dags/example_dynamic_task_mapping.py
[2025-04-27T00:00:12.252+0000] {processor.py:914} INFO - Processing file /home/airflow/.local/lib/python3.10/site-packages/airflow/example_dags/example_dynamic_task_mapping.py for tasks to queue
[2025-04-27T00:00:12.255+0000] {logging_mixin.py:190} INFO - [2025-04-27T00:00:12.255+0000] {dagbag.py:588} INFO - Filling up the DagBag from /home/airflow/.local/lib/python3.10/site-packages/airflow/example_dags/example_dynamic_task_mapping.py
[2025-04-27T00:00:12.264+0000] {processor.py:925} INFO - DAG(s) 'example_dynamic_task_mapping' retrieved from /home/airflow/.local/lib/python3.10/site-packages/airflow/example_dags/example_dynamic_task_mapping.py
[2025-04-27T00:00:12.283+0000] {logging_mixin.py:190} INFO - [2025-04-27T00:00:12.283+0000] {dag.py:3239} INFO - Sync 1 DAGs
[2025-04-27T00:00:12.298+0000] {logging_mixin.py:190} INFO - [2025-04-27T00:00:12.298+0000] {dag.py:4180} INFO - Setting next_dagrun for example_dynamic_task_mapping to None, run_after=None
[2025-04-27T00:00:12.317+0000] {processor.py:208} INFO - Processing /home/airflow/.local/lib/python3.10/site-packages/airflow/example_dags/example_dynamic_task_mapping.py took 0.072 seconds
[2025-04-27T00:00:42.668+0000] {processor.py:186} INFO - Started process (PID=20335) to work on /home/airflow/.local/lib/python3.10/site-packages/airflow/example_dags/example_dynamic_task_mapping.py
[2025-04-27T00:00:42.669+0000] {processor.py:914} INFO - Processing file /home/airflow/.local/lib/python3.10/site-packages/airflow/example_dags/example_dynamic_task_mapping.py for tasks to queue
[2025-04-27T00:00:42.672+0000] {logging_mixin.py:190} INFO - [2025-04-27T00:00:42.671+0000] {dagbag.py:588} INFO - Filling up the DagBag from /home/airflow/.local/lib/python3.10/site-packages/airflow/example_dags/example_dynamic_task_mapping.py
[2025-04-27T00:00:42.679+0000] {processor.py:925} INFO - DAG(s) 'example_dynamic_task_mapping' retrieved from /home/airflow/.local/lib/python3.10/site-packages/airflow/example_dags/example_dynamic_task_mapping.py
[2025-04-27T00:00:42.698+0000] {logging_mixin.py:190} INFO - [2025-04-27T00:00:42.698+0000] {dag.py:3239} INFO - Sync 1 DAGs
[2025-04-27T00:00:42.712+0000] {logging_mixin.py:190} INFO - [2025-04-27T00:00:42.711+0000] {dag.py:4180} INFO - Setting next_dagrun for example_dynamic_task_mapping to None, run_after=None
[2025-04-27T00:00:42.731+0000] {processor.py:208} INFO - Processing /home/airflow/.local/lib/python3.10/site-packages/airflow/example_dags/example_dynamic_task_mapping.py took 0.068 seconds
[2025-04-27T00:01:13.147+0000] {processor.py:186} INFO - Started process (PID=20401) to work on /home/airflow/.local/lib/python3.10/site-packages/airflow/example_dags/example_dynamic_task_mapping.py
[2025-04-27T00:01:13.149+0000] {processor.py:914} INFO - Processing file /home/airflow/.local/lib/python3.10/site-packages/airflow/example_dags/example_dynamic_task_mapping.py for tasks to queue
[2025-04-27T00:01:13.151+0000] {logging_mixin.py:190} INFO - [2025-04-27T00:01:13.151+0000] {dagbag.py:588} INFO - Filling up the DagBag from /home/airflow/.local/lib/python3.10/site-packages/airflow/example_dags/example_dynamic_task_mapping.py
[2025-04-27T00:01:13.160+0000] {processor.py:925} INFO - DAG(s) 'example_dynamic_task_mapping' retrieved from /home/airflow/.local/lib/python3.10/site-packages/airflow/example_dags/example_dynamic_task_mapping.py
[2025-04-27T00:01:13.185+0000] {logging_mixin.py:190} INFO - [2025-04-27T00:01:13.185+0000] {dag.py:3239} INFO - Sync 1 DAGs
[2025-04-27T00:01:13.202+0000] {logging_mixin.py:190} INFO - [2025-04-27T00:01:13.202+0000] {dag.py:4180} INFO - Setting next_dagrun for example_dynamic_task_mapping to None, run_after=None
[2025-04-27T00:01:13.223+0000] {processor.py:208} INFO - Processing /home/airflow/.local/lib/python3.10/site-packages/airflow/example_dags/example_dynamic_task_mapping.py took 0.084 seconds
[2025-04-27T00:01:43.347+0000] {processor.py:186} INFO - Started process (PID=20466) to work on /home/airflow/.local/lib/python3.10/site-packages/airflow/example_dags/example_dynamic_task_mapping.py
[2025-04-27T00:01:43.348+0000] {processor.py:914} INFO - Processing file /home/airflow/.local/lib/python3.10/site-packages/airflow/example_dags/example_dynamic_task_mapping.py for tasks to queue
[2025-04-27T00:01:43.350+0000] {logging_mixin.py:190} INFO - [2025-04-27T00:01:43.350+0000] {dagbag.py:588} INFO - Filling up the DagBag from /home/airflow/.local/lib/python3.10/site-packages/airflow/example_dags/example_dynamic_task_mapping.py
[2025-04-27T00:01:43.358+0000] {processor.py:925} INFO - DAG(s) 'example_dynamic_task_mapping' retrieved from /home/airflow/.local/lib/python3.10/site-packages/airflow/example_dags/example_dynamic_task_mapping.py
[2025-04-27T00:01:43.376+0000] {logging_mixin.py:190} INFO - [2025-04-27T00:01:43.376+0000] {dag.py:3239} INFO - Sync 1 DAGs
[2025-04-27T00:01:43.390+0000] {logging_mixin.py:190} INFO - [2025-04-27T00:01:43.389+0000] {dag.py:4180} INFO - Setting next_dagrun for example_dynamic_task_mapping to None, run_after=None
[2025-04-27T00:01:43.407+0000] {processor.py:208} INFO - Processing /home/airflow/.local/lib/python3.10/site-packages/airflow/example_dags/example_dynamic_task_mapping.py took 0.066 seconds
[2025-04-27T00:02:13.704+0000] {processor.py:186} INFO - Started process (PID=20532) to work on /home/airflow/.local/lib/python3.10/site-packages/airflow/example_dags/example_dynamic_task_mapping.py
[2025-04-27T00:02:13.705+0000] {processor.py:914} INFO - Processing file /home/airflow/.local/lib/python3.10/site-packages/airflow/example_dags/example_dynamic_task_mapping.py for tasks to queue
[2025-04-27T00:02:13.708+0000] {logging_mixin.py:190} INFO - [2025-04-27T00:02:13.707+0000] {dagbag.py:588} INFO - Filling up the DagBag from /home/airflow/.local/lib/python3.10/site-packages/airflow/example_dags/example_dynamic_task_mapping.py
[2025-04-27T00:02:13.715+0000] {processor.py:925} INFO - DAG(s) 'example_dynamic_task_mapping' retrieved from /home/airflow/.local/lib/python3.10/site-packages/airflow/example_dags/example_dynamic_task_mapping.py
[2025-04-27T00:02:13.734+0000] {logging_mixin.py:190} INFO - [2025-04-27T00:02:13.734+0000] {dag.py:3239} INFO - Sync 1 DAGs
[2025-04-27T00:02:13.749+0000] {logging_mixin.py:190} INFO - [2025-04-27T00:02:13.749+0000] {dag.py:4180} INFO - Setting next_dagrun for example_dynamic_task_mapping to None, run_after=None
[2025-04-27T00:02:13.768+0000] {processor.py:208} INFO - Processing /home/airflow/.local/lib/python3.10/site-packages/airflow/example_dags/example_dynamic_task_mapping.py took 0.070 seconds
[2025-04-27T00:02:43.884+0000] {processor.py:186} INFO - Started process (PID=20598) to work on /home/airflow/.local/lib/python3.10/site-packages/airflow/example_dags/example_dynamic_task_mapping.py
[2025-04-27T00:02:43.885+0000] {processor.py:914} INFO - Processing file /home/airflow/.local/lib/python3.10/site-packages/airflow/example_dags/example_dynamic_task_mapping.py for tasks to queue
[2025-04-27T00:02:43.888+0000] {logging_mixin.py:190} INFO - [2025-04-27T00:02:43.888+0000] {dagbag.py:588} INFO - Filling up the DagBag from /home/airflow/.local/lib/python3.10/site-packages/airflow/example_dags/example_dynamic_task_mapping.py
[2025-04-27T00:02:43.897+0000] {processor.py:925} INFO - DAG(s) 'example_dynamic_task_mapping' retrieved from /home/airflow/.local/lib/python3.10/site-packages/airflow/example_dags/example_dynamic_task_mapping.py
[2025-04-27T00:02:43.924+0000] {logging_mixin.py:190} INFO - [2025-04-27T00:02:43.924+0000] {dag.py:3239} INFO - Sync 1 DAGs
[2025-04-27T00:02:43.948+0000] {logging_mixin.py:190} INFO - [2025-04-27T00:02:43.947+0000] {dag.py:4180} INFO - Setting next_dagrun for example_dynamic_task_mapping to None, run_after=None
[2025-04-27T00:02:43.973+0000] {processor.py:208} INFO - Processing /home/airflow/.local/lib/python3.10/site-packages/airflow/example_dags/example_dynamic_task_mapping.py took 0.095 seconds
[2025-04-27T00:03:14.100+0000] {processor.py:186} INFO - Started process (PID=20663) to work on /home/airflow/.local/lib/python3.10/site-packages/airflow/example_dags/example_dynamic_task_mapping.py
[2025-04-27T00:03:14.102+0000] {processor.py:914} INFO - Processing file /home/airflow/.local/lib/python3.10/site-packages/airflow/example_dags/example_dynamic_task_mapping.py for tasks to queue
[2025-04-27T00:03:14.104+0000] {logging_mixin.py:190} INFO - [2025-04-27T00:03:14.104+0000] {dagbag.py:588} INFO - Filling up the DagBag from /home/airflow/.local/lib/python3.10/site-packages/airflow/example_dags/example_dynamic_task_mapping.py
[2025-04-27T00:03:14.112+0000] {processor.py:925} INFO - DAG(s) 'example_dynamic_task_mapping' retrieved from /home/airflow/.local/lib/python3.10/site-packages/airflow/example_dags/example_dynamic_task_mapping.py
[2025-04-27T00:03:14.131+0000] {logging_mixin.py:190} INFO - [2025-04-27T00:03:14.131+0000] {dag.py:3239} INFO - Sync 1 DAGs
[2025-04-27T00:03:14.145+0000] {logging_mixin.py:190} INFO - [2025-04-27T00:03:14.144+0000] {dag.py:4180} INFO - Setting next_dagrun for example_dynamic_task_mapping to None, run_after=None
[2025-04-27T00:03:14.162+0000] {processor.py:208} INFO - Processing /home/airflow/.local/lib/python3.10/site-packages/airflow/example_dags/example_dynamic_task_mapping.py took 0.071 seconds
[2025-04-27T00:03:44.341+0000] {processor.py:186} INFO - Started process (PID=20729) to work on /home/airflow/.local/lib/python3.10/site-packages/airflow/example_dags/example_dynamic_task_mapping.py
[2025-04-27T00:03:44.342+0000] {processor.py:914} INFO - Processing file /home/airflow/.local/lib/python3.10/site-packages/airflow/example_dags/example_dynamic_task_mapping.py for tasks to queue
[2025-04-27T00:03:44.345+0000] {logging_mixin.py:190} INFO - [2025-04-27T00:03:44.345+0000] {dagbag.py:588} INFO - Filling up the DagBag from /home/airflow/.local/lib/python3.10/site-packages/airflow/example_dags/example_dynamic_task_mapping.py
[2025-04-27T00:03:44.353+0000] {processor.py:925} INFO - DAG(s) 'example_dynamic_task_mapping' retrieved from /home/airflow/.local/lib/python3.10/site-packages/airflow/example_dags/example_dynamic_task_mapping.py
[2025-04-27T00:03:44.371+0000] {logging_mixin.py:190} INFO - [2025-04-27T00:03:44.371+0000] {dag.py:3239} INFO - Sync 1 DAGs
[2025-04-27T00:03:44.385+0000] {logging_mixin.py:190} INFO - [2025-04-27T00:03:44.385+0000] {dag.py:4180} INFO - Setting next_dagrun for example_dynamic_task_mapping to None, run_after=None
[2025-04-27T00:03:44.401+0000] {processor.py:208} INFO - Processing /home/airflow/.local/lib/python3.10/site-packages/airflow/example_dags/example_dynamic_task_mapping.py took 0.066 seconds
[2025-04-27T00:04:14.823+0000] {processor.py:186} INFO - Started process (PID=20795) to work on /home/airflow/.local/lib/python3.10/site-packages/airflow/example_dags/example_dynamic_task_mapping.py
[2025-04-27T00:04:14.824+0000] {processor.py:914} INFO - Processing file /home/airflow/.local/lib/python3.10/site-packages/airflow/example_dags/example_dynamic_task_mapping.py for tasks to queue
[2025-04-27T00:04:14.825+0000] {logging_mixin.py:190} INFO - [2025-04-27T00:04:14.825+0000] {dagbag.py:588} INFO - Filling up the DagBag from /home/airflow/.local/lib/python3.10/site-packages/airflow/example_dags/example_dynamic_task_mapping.py
[2025-04-27T00:04:14.833+0000] {processor.py:925} INFO - DAG(s) 'example_dynamic_task_mapping' retrieved from /home/airflow/.local/lib/python3.10/site-packages/airflow/example_dags/example_dynamic_task_mapping.py
[2025-04-27T00:04:14.851+0000] {logging_mixin.py:190} INFO - [2025-04-27T00:04:14.851+0000] {dag.py:3239} INFO - Sync 1 DAGs
[2025-04-27T00:04:14.865+0000] {logging_mixin.py:190} INFO - [2025-04-27T00:04:14.865+0000] {dag.py:4180} INFO - Setting next_dagrun for example_dynamic_task_mapping to None, run_after=None
[2025-04-27T00:04:14.881+0000] {processor.py:208} INFO - Processing /home/airflow/.local/lib/python3.10/site-packages/airflow/example_dags/example_dynamic_task_mapping.py took 0.064 seconds
[2025-04-27T00:04:45.085+0000] {processor.py:186} INFO - Started process (PID=20861) to work on /home/airflow/.local/lib/python3.10/site-packages/airflow/example_dags/example_dynamic_task_mapping.py
[2025-04-27T00:04:45.086+0000] {processor.py:914} INFO - Processing file /home/airflow/.local/lib/python3.10/site-packages/airflow/example_dags/example_dynamic_task_mapping.py for tasks to queue
[2025-04-27T00:04:45.088+0000] {logging_mixin.py:190} INFO - [2025-04-27T00:04:45.088+0000] {dagbag.py:588} INFO - Filling up the DagBag from /home/airflow/.local/lib/python3.10/site-packages/airflow/example_dags/example_dynamic_task_mapping.py
[2025-04-27T00:04:45.098+0000] {processor.py:925} INFO - DAG(s) 'example_dynamic_task_mapping' retrieved from /home/airflow/.local/lib/python3.10/site-packages/airflow/example_dags/example_dynamic_task_mapping.py
[2025-04-27T00:04:45.118+0000] {logging_mixin.py:190} INFO - [2025-04-27T00:04:45.118+0000] {dag.py:3239} INFO - Sync 1 DAGs
[2025-04-27T00:04:45.135+0000] {logging_mixin.py:190} INFO - [2025-04-27T00:04:45.135+0000] {dag.py:4180} INFO - Setting next_dagrun for example_dynamic_task_mapping to None, run_after=None
[2025-04-27T00:04:45.157+0000] {processor.py:208} INFO - Processing /home/airflow/.local/lib/python3.10/site-packages/airflow/example_dags/example_dynamic_task_mapping.py took 0.079 seconds
[2025-04-27T00:05:15.249+0000] {processor.py:186} INFO - Started process (PID=20927) to work on /home/airflow/.local/lib/python3.10/site-packages/airflow/example_dags/example_dynamic_task_mapping.py
[2025-04-27T00:05:15.250+0000] {processor.py:914} INFO - Processing file /home/airflow/.local/lib/python3.10/site-packages/airflow/example_dags/example_dynamic_task_mapping.py for tasks to queue
[2025-04-27T00:05:15.252+0000] {logging_mixin.py:190} INFO - [2025-04-27T00:05:15.252+0000] {dagbag.py:588} INFO - Filling up the DagBag from /home/airflow/.local/lib/python3.10/site-packages/airflow/example_dags/example_dynamic_task_mapping.py
[2025-04-27T00:05:15.260+0000] {processor.py:925} INFO - DAG(s) 'example_dynamic_task_mapping' retrieved from /home/airflow/.local/lib/python3.10/site-packages/airflow/example_dags/example_dynamic_task_mapping.py
[2025-04-27T00:05:15.278+0000] {logging_mixin.py:190} INFO - [2025-04-27T00:05:15.278+0000] {dag.py:3239} INFO - Sync 1 DAGs
[2025-04-27T00:05:15.292+0000] {logging_mixin.py:190} INFO - [2025-04-27T00:05:15.292+0000] {dag.py:4180} INFO - Setting next_dagrun for example_dynamic_task_mapping to None, run_after=None
[2025-04-27T00:05:15.307+0000] {processor.py:208} INFO - Processing /home/airflow/.local/lib/python3.10/site-packages/airflow/example_dags/example_dynamic_task_mapping.py took 0.064 seconds
[2025-04-27T00:05:45.728+0000] {processor.py:186} INFO - Started process (PID=20993) to work on /home/airflow/.local/lib/python3.10/site-packages/airflow/example_dags/example_dynamic_task_mapping.py
[2025-04-27T00:05:45.729+0000] {processor.py:914} INFO - Processing file /home/airflow/.local/lib/python3.10/site-packages/airflow/example_dags/example_dynamic_task_mapping.py for tasks to queue
[2025-04-27T00:05:45.732+0000] {logging_mixin.py:190} INFO - [2025-04-27T00:05:45.731+0000] {dagbag.py:588} INFO - Filling up the DagBag from /home/airflow/.local/lib/python3.10/site-packages/airflow/example_dags/example_dynamic_task_mapping.py
[2025-04-27T00:05:45.741+0000] {processor.py:925} INFO - DAG(s) 'example_dynamic_task_mapping' retrieved from /home/airflow/.local/lib/python3.10/site-packages/airflow/example_dags/example_dynamic_task_mapping.py
[2025-04-27T00:05:45.760+0000] {logging_mixin.py:190} INFO - [2025-04-27T00:05:45.759+0000] {dag.py:3239} INFO - Sync 1 DAGs
[2025-04-27T00:05:45.773+0000] {logging_mixin.py:190} INFO - [2025-04-27T00:05:45.772+0000] {dag.py:4180} INFO - Setting next_dagrun for example_dynamic_task_mapping to None, run_after=None
[2025-04-27T00:05:45.789+0000] {processor.py:208} INFO - Processing /home/airflow/.local/lib/python3.10/site-packages/airflow/example_dags/example_dynamic_task_mapping.py took 0.067 seconds
[2025-04-27T00:06:16.361+0000] {processor.py:186} INFO - Started process (PID=21059) to work on /home/airflow/.local/lib/python3.10/site-packages/airflow/example_dags/example_dynamic_task_mapping.py
[2025-04-27T00:06:16.363+0000] {processor.py:914} INFO - Processing file /home/airflow/.local/lib/python3.10/site-packages/airflow/example_dags/example_dynamic_task_mapping.py for tasks to queue
[2025-04-27T00:06:16.365+0000] {logging_mixin.py:190} INFO - [2025-04-27T00:06:16.365+0000] {dagbag.py:588} INFO - Filling up the DagBag from /home/airflow/.local/lib/python3.10/site-packages/airflow/example_dags/example_dynamic_task_mapping.py
[2025-04-27T00:06:16.373+0000] {processor.py:925} INFO - DAG(s) 'example_dynamic_task_mapping' retrieved from /home/airflow/.local/lib/python3.10/site-packages/airflow/example_dags/example_dynamic_task_mapping.py
[2025-04-27T00:06:16.393+0000] {logging_mixin.py:190} INFO - [2025-04-27T00:06:16.392+0000] {dag.py:3239} INFO - Sync 1 DAGs
[2025-04-27T00:06:16.407+0000] {logging_mixin.py:190} INFO - [2025-04-27T00:06:16.407+0000] {dag.py:4180} INFO - Setting next_dagrun for example_dynamic_task_mapping to None, run_after=None
[2025-04-27T00:06:16.426+0000] {processor.py:208} INFO - Processing /home/airflow/.local/lib/python3.10/site-packages/airflow/example_dags/example_dynamic_task_mapping.py took 0.073 seconds
[2025-04-27T00:06:46.605+0000] {processor.py:186} INFO - Started process (PID=21125) to work on /home/airflow/.local/lib/python3.10/site-packages/airflow/example_dags/example_dynamic_task_mapping.py
[2025-04-27T00:06:46.606+0000] {processor.py:914} INFO - Processing file /home/airflow/.local/lib/python3.10/site-packages/airflow/example_dags/example_dynamic_task_mapping.py for tasks to queue
[2025-04-27T00:06:46.608+0000] {logging_mixin.py:190} INFO - [2025-04-27T00:06:46.608+0000] {dagbag.py:588} INFO - Filling up the DagBag from /home/airflow/.local/lib/python3.10/site-packages/airflow/example_dags/example_dynamic_task_mapping.py
[2025-04-27T00:06:46.616+0000] {processor.py:925} INFO - DAG(s) 'example_dynamic_task_mapping' retrieved from /home/airflow/.local/lib/python3.10/site-packages/airflow/example_dags/example_dynamic_task_mapping.py
[2025-04-27T00:06:46.636+0000] {logging_mixin.py:190} INFO - [2025-04-27T00:06:46.635+0000] {dag.py:3239} INFO - Sync 1 DAGs
[2025-04-27T00:06:46.651+0000] {logging_mixin.py:190} INFO - [2025-04-27T00:06:46.650+0000] {dag.py:4180} INFO - Setting next_dagrun for example_dynamic_task_mapping to None, run_after=None
[2025-04-27T00:06:46.669+0000] {processor.py:208} INFO - Processing /home/airflow/.local/lib/python3.10/site-packages/airflow/example_dags/example_dynamic_task_mapping.py took 0.070 seconds
[2025-04-27T00:07:16.790+0000] {processor.py:186} INFO - Started process (PID=21191) to work on /home/airflow/.local/lib/python3.10/site-packages/airflow/example_dags/example_dynamic_task_mapping.py
[2025-04-27T00:07:16.791+0000] {processor.py:914} INFO - Processing file /home/airflow/.local/lib/python3.10/site-packages/airflow/example_dags/example_dynamic_task_mapping.py for tasks to queue
[2025-04-27T00:07:16.794+0000] {logging_mixin.py:190} INFO - [2025-04-27T00:07:16.793+0000] {dagbag.py:588} INFO - Filling up the DagBag from /home/airflow/.local/lib/python3.10/site-packages/airflow/example_dags/example_dynamic_task_mapping.py
[2025-04-27T00:07:16.802+0000] {processor.py:925} INFO - DAG(s) 'example_dynamic_task_mapping' retrieved from /home/airflow/.local/lib/python3.10/site-packages/airflow/example_dags/example_dynamic_task_mapping.py
[2025-04-27T00:07:16.823+0000] {logging_mixin.py:190} INFO - [2025-04-27T00:07:16.823+0000] {dag.py:3239} INFO - Sync 1 DAGs
[2025-04-27T00:07:16.838+0000] {logging_mixin.py:190} INFO - [2025-04-27T00:07:16.838+0000] {dag.py:4180} INFO - Setting next_dagrun for example_dynamic_task_mapping to None, run_after=None
[2025-04-27T00:07:16.860+0000] {processor.py:208} INFO - Processing /home/airflow/.local/lib/python3.10/site-packages/airflow/example_dags/example_dynamic_task_mapping.py took 0.077 seconds
[2025-04-27T00:07:46.975+0000] {processor.py:186} INFO - Started process (PID=21258) to work on /home/airflow/.local/lib/python3.10/site-packages/airflow/example_dags/example_dynamic_task_mapping.py
[2025-04-27T00:07:46.976+0000] {processor.py:914} INFO - Processing file /home/airflow/.local/lib/python3.10/site-packages/airflow/example_dags/example_dynamic_task_mapping.py for tasks to queue
[2025-04-27T00:07:46.978+0000] {logging_mixin.py:190} INFO - [2025-04-27T00:07:46.978+0000] {dagbag.py:588} INFO - Filling up the DagBag from /home/airflow/.local/lib/python3.10/site-packages/airflow/example_dags/example_dynamic_task_mapping.py
[2025-04-27T00:07:46.985+0000] {processor.py:925} INFO - DAG(s) 'example_dynamic_task_mapping' retrieved from /home/airflow/.local/lib/python3.10/site-packages/airflow/example_dags/example_dynamic_task_mapping.py
[2025-04-27T00:07:47.002+0000] {logging_mixin.py:190} INFO - [2025-04-27T00:07:47.002+0000] {dag.py:3239} INFO - Sync 1 DAGs
[2025-04-27T00:07:47.015+0000] {logging_mixin.py:190} INFO - [2025-04-27T00:07:47.014+0000] {dag.py:4180} INFO - Setting next_dagrun for example_dynamic_task_mapping to None, run_after=None
[2025-04-27T00:07:47.032+0000] {processor.py:208} INFO - Processing /home/airflow/.local/lib/python3.10/site-packages/airflow/example_dags/example_dynamic_task_mapping.py took 0.061 seconds
[2025-04-27T00:08:17.245+0000] {processor.py:186} INFO - Started process (PID=21324) to work on /home/airflow/.local/lib/python3.10/site-packages/airflow/example_dags/example_dynamic_task_mapping.py
[2025-04-27T00:08:17.246+0000] {processor.py:914} INFO - Processing file /home/airflow/.local/lib/python3.10/site-packages/airflow/example_dags/example_dynamic_task_mapping.py for tasks to queue
[2025-04-27T00:08:17.248+0000] {logging_mixin.py:190} INFO - [2025-04-27T00:08:17.248+0000] {dagbag.py:588} INFO - Filling up the DagBag from /home/airflow/.local/lib/python3.10/site-packages/airflow/example_dags/example_dynamic_task_mapping.py
[2025-04-27T00:08:17.256+0000] {processor.py:925} INFO - DAG(s) 'example_dynamic_task_mapping' retrieved from /home/airflow/.local/lib/python3.10/site-packages/airflow/example_dags/example_dynamic_task_mapping.py
[2025-04-27T00:08:17.274+0000] {logging_mixin.py:190} INFO - [2025-04-27T00:08:17.273+0000] {dag.py:3239} INFO - Sync 1 DAGs
[2025-04-27T00:08:17.287+0000] {logging_mixin.py:190} INFO - [2025-04-27T00:08:17.287+0000] {dag.py:4180} INFO - Setting next_dagrun for example_dynamic_task_mapping to None, run_after=None
[2025-04-27T00:08:17.305+0000] {processor.py:208} INFO - Processing /home/airflow/.local/lib/python3.10/site-packages/airflow/example_dags/example_dynamic_task_mapping.py took 0.065 seconds
[2025-04-27T00:08:47.672+0000] {processor.py:186} INFO - Started process (PID=21390) to work on /home/airflow/.local/lib/python3.10/site-packages/airflow/example_dags/example_dynamic_task_mapping.py
[2025-04-27T00:08:47.673+0000] {processor.py:914} INFO - Processing file /home/airflow/.local/lib/python3.10/site-packages/airflow/example_dags/example_dynamic_task_mapping.py for tasks to queue
[2025-04-27T00:08:47.676+0000] {logging_mixin.py:190} INFO - [2025-04-27T00:08:47.675+0000] {dagbag.py:588} INFO - Filling up the DagBag from /home/airflow/.local/lib/python3.10/site-packages/airflow/example_dags/example_dynamic_task_mapping.py
[2025-04-27T00:08:47.686+0000] {processor.py:925} INFO - DAG(s) 'example_dynamic_task_mapping' retrieved from /home/airflow/.local/lib/python3.10/site-packages/airflow/example_dags/example_dynamic_task_mapping.py
[2025-04-27T00:08:47.709+0000] {logging_mixin.py:190} INFO - [2025-04-27T00:08:47.709+0000] {dag.py:3239} INFO - Sync 1 DAGs
[2025-04-27T00:08:47.727+0000] {logging_mixin.py:190} INFO - [2025-04-27T00:08:47.726+0000] {dag.py:4180} INFO - Setting next_dagrun for example_dynamic_task_mapping to None, run_after=None
[2025-04-27T00:08:47.754+0000] {processor.py:208} INFO - Processing /home/airflow/.local/lib/python3.10/site-packages/airflow/example_dags/example_dynamic_task_mapping.py took 0.090 seconds
[2025-04-27T00:09:17.858+0000] {processor.py:186} INFO - Started process (PID=21456) to work on /home/airflow/.local/lib/python3.10/site-packages/airflow/example_dags/example_dynamic_task_mapping.py
[2025-04-27T00:09:17.859+0000] {processor.py:914} INFO - Processing file /home/airflow/.local/lib/python3.10/site-packages/airflow/example_dags/example_dynamic_task_mapping.py for tasks to queue
[2025-04-27T00:09:17.862+0000] {logging_mixin.py:190} INFO - [2025-04-27T00:09:17.862+0000] {dagbag.py:588} INFO - Filling up the DagBag from /home/airflow/.local/lib/python3.10/site-packages/airflow/example_dags/example_dynamic_task_mapping.py
[2025-04-27T00:09:17.871+0000] {processor.py:925} INFO - DAG(s) 'example_dynamic_task_mapping' retrieved from /home/airflow/.local/lib/python3.10/site-packages/airflow/example_dags/example_dynamic_task_mapping.py
[2025-04-27T00:09:17.893+0000] {logging_mixin.py:190} INFO - [2025-04-27T00:09:17.893+0000] {dag.py:3239} INFO - Sync 1 DAGs
[2025-04-27T00:09:17.912+0000] {logging_mixin.py:190} INFO - [2025-04-27T00:09:17.911+0000] {dag.py:4180} INFO - Setting next_dagrun for example_dynamic_task_mapping to None, run_after=None
[2025-04-27T00:09:17.934+0000] {processor.py:208} INFO - Processing /home/airflow/.local/lib/python3.10/site-packages/airflow/example_dags/example_dynamic_task_mapping.py took 0.083 seconds
[2025-04-27T00:09:48.356+0000] {processor.py:186} INFO - Started process (PID=21522) to work on /home/airflow/.local/lib/python3.10/site-packages/airflow/example_dags/example_dynamic_task_mapping.py
[2025-04-27T00:09:48.357+0000] {processor.py:914} INFO - Processing file /home/airflow/.local/lib/python3.10/site-packages/airflow/example_dags/example_dynamic_task_mapping.py for tasks to queue
[2025-04-27T00:09:48.359+0000] {logging_mixin.py:190} INFO - [2025-04-27T00:09:48.359+0000] {dagbag.py:588} INFO - Filling up the DagBag from /home/airflow/.local/lib/python3.10/site-packages/airflow/example_dags/example_dynamic_task_mapping.py
[2025-04-27T00:09:48.369+0000] {processor.py:925} INFO - DAG(s) 'example_dynamic_task_mapping' retrieved from /home/airflow/.local/lib/python3.10/site-packages/airflow/example_dags/example_dynamic_task_mapping.py
[2025-04-27T00:09:48.389+0000] {logging_mixin.py:190} INFO - [2025-04-27T00:09:48.389+0000] {dag.py:3239} INFO - Sync 1 DAGs
[2025-04-27T00:09:48.407+0000] {logging_mixin.py:190} INFO - [2025-04-27T00:09:48.407+0000] {dag.py:4180} INFO - Setting next_dagrun for example_dynamic_task_mapping to None, run_after=None
[2025-04-27T00:09:48.436+0000] {processor.py:208} INFO - Processing /home/airflow/.local/lib/python3.10/site-packages/airflow/example_dags/example_dynamic_task_mapping.py took 0.088 seconds
[2025-04-27T00:10:18.617+0000] {processor.py:186} INFO - Started process (PID=21588) to work on /home/airflow/.local/lib/python3.10/site-packages/airflow/example_dags/example_dynamic_task_mapping.py
[2025-04-27T00:10:18.619+0000] {processor.py:914} INFO - Processing file /home/airflow/.local/lib/python3.10/site-packages/airflow/example_dags/example_dynamic_task_mapping.py for tasks to queue
[2025-04-27T00:10:18.621+0000] {logging_mixin.py:190} INFO - [2025-04-27T00:10:18.621+0000] {dagbag.py:588} INFO - Filling up the DagBag from /home/airflow/.local/lib/python3.10/site-packages/airflow/example_dags/example_dynamic_task_mapping.py
[2025-04-27T00:10:18.630+0000] {processor.py:925} INFO - DAG(s) 'example_dynamic_task_mapping' retrieved from /home/airflow/.local/lib/python3.10/site-packages/airflow/example_dags/example_dynamic_task_mapping.py
[2025-04-27T00:10:18.649+0000] {logging_mixin.py:190} INFO - [2025-04-27T00:10:18.649+0000] {dag.py:3239} INFO - Sync 1 DAGs
[2025-04-27T00:10:18.664+0000] {logging_mixin.py:190} INFO - [2025-04-27T00:10:18.663+0000] {dag.py:4180} INFO - Setting next_dagrun for example_dynamic_task_mapping to None, run_after=None
[2025-04-27T00:10:18.681+0000] {processor.py:208} INFO - Processing /home/airflow/.local/lib/python3.10/site-packages/airflow/example_dags/example_dynamic_task_mapping.py took 0.070 seconds
[2025-04-27T00:10:49.109+0000] {processor.py:186} INFO - Started process (PID=21654) to work on /home/airflow/.local/lib/python3.10/site-packages/airflow/example_dags/example_dynamic_task_mapping.py
[2025-04-27T00:10:49.111+0000] {processor.py:914} INFO - Processing file /home/airflow/.local/lib/python3.10/site-packages/airflow/example_dags/example_dynamic_task_mapping.py for tasks to queue
[2025-04-27T00:10:49.114+0000] {logging_mixin.py:190} INFO - [2025-04-27T00:10:49.114+0000] {dagbag.py:588} INFO - Filling up the DagBag from /home/airflow/.local/lib/python3.10/site-packages/airflow/example_dags/example_dynamic_task_mapping.py
[2025-04-27T00:10:49.128+0000] {processor.py:925} INFO - DAG(s) 'example_dynamic_task_mapping' retrieved from /home/airflow/.local/lib/python3.10/site-packages/airflow/example_dags/example_dynamic_task_mapping.py
[2025-04-27T00:10:49.148+0000] {logging_mixin.py:190} INFO - [2025-04-27T00:10:49.148+0000] {dag.py:3239} INFO - Sync 1 DAGs
[2025-04-27T00:10:49.165+0000] {logging_mixin.py:190} INFO - [2025-04-27T00:10:49.165+0000] {dag.py:4180} INFO - Setting next_dagrun for example_dynamic_task_mapping to None, run_after=None
[2025-04-27T00:10:49.183+0000] {processor.py:208} INFO - Processing /home/airflow/.local/lib/python3.10/site-packages/airflow/example_dags/example_dynamic_task_mapping.py took 0.080 seconds
[2025-04-27T00:11:19.647+0000] {processor.py:186} INFO - Started process (PID=21720) to work on /home/airflow/.local/lib/python3.10/site-packages/airflow/example_dags/example_dynamic_task_mapping.py
[2025-04-27T00:11:19.649+0000] {processor.py:914} INFO - Processing file /home/airflow/.local/lib/python3.10/site-packages/airflow/example_dags/example_dynamic_task_mapping.py for tasks to queue
[2025-04-27T00:11:19.652+0000] {logging_mixin.py:190} INFO - [2025-04-27T00:11:19.652+0000] {dagbag.py:588} INFO - Filling up the DagBag from /home/airflow/.local/lib/python3.10/site-packages/airflow/example_dags/example_dynamic_task_mapping.py
[2025-04-27T00:11:19.661+0000] {processor.py:925} INFO - DAG(s) 'example_dynamic_task_mapping' retrieved from /home/airflow/.local/lib/python3.10/site-packages/airflow/example_dags/example_dynamic_task_mapping.py
[2025-04-27T00:11:19.682+0000] {logging_mixin.py:190} INFO - [2025-04-27T00:11:19.682+0000] {dag.py:3239} INFO - Sync 1 DAGs
[2025-04-27T00:11:19.696+0000] {logging_mixin.py:190} INFO - [2025-04-27T00:11:19.696+0000] {dag.py:4180} INFO - Setting next_dagrun for example_dynamic_task_mapping to None, run_after=None
[2025-04-27T00:11:19.715+0000] {processor.py:208} INFO - Processing /home/airflow/.local/lib/python3.10/site-packages/airflow/example_dags/example_dynamic_task_mapping.py took 0.076 seconds
[2025-04-27T00:11:49.810+0000] {processor.py:186} INFO - Started process (PID=21786) to work on /home/airflow/.local/lib/python3.10/site-packages/airflow/example_dags/example_dynamic_task_mapping.py
[2025-04-27T00:11:49.811+0000] {processor.py:914} INFO - Processing file /home/airflow/.local/lib/python3.10/site-packages/airflow/example_dags/example_dynamic_task_mapping.py for tasks to queue
[2025-04-27T00:11:49.813+0000] {logging_mixin.py:190} INFO - [2025-04-27T00:11:49.813+0000] {dagbag.py:588} INFO - Filling up the DagBag from /home/airflow/.local/lib/python3.10/site-packages/airflow/example_dags/example_dynamic_task_mapping.py
[2025-04-27T00:11:49.820+0000] {processor.py:925} INFO - DAG(s) 'example_dynamic_task_mapping' retrieved from /home/airflow/.local/lib/python3.10/site-packages/airflow/example_dags/example_dynamic_task_mapping.py
[2025-04-27T00:11:49.838+0000] {logging_mixin.py:190} INFO - [2025-04-27T00:11:49.838+0000] {dag.py:3239} INFO - Sync 1 DAGs
[2025-04-27T00:11:49.853+0000] {logging_mixin.py:190} INFO - [2025-04-27T00:11:49.853+0000] {dag.py:4180} INFO - Setting next_dagrun for example_dynamic_task_mapping to None, run_after=None
[2025-04-27T00:11:49.868+0000] {processor.py:208} INFO - Processing /home/airflow/.local/lib/python3.10/site-packages/airflow/example_dags/example_dynamic_task_mapping.py took 0.064 seconds
[2025-04-27T00:12:20.193+0000] {processor.py:186} INFO - Started process (PID=21852) to work on /home/airflow/.local/lib/python3.10/site-packages/airflow/example_dags/example_dynamic_task_mapping.py
[2025-04-27T00:12:20.194+0000] {processor.py:914} INFO - Processing file /home/airflow/.local/lib/python3.10/site-packages/airflow/example_dags/example_dynamic_task_mapping.py for tasks to queue
[2025-04-27T00:12:20.197+0000] {logging_mixin.py:190} INFO - [2025-04-27T00:12:20.196+0000] {dagbag.py:588} INFO - Filling up the DagBag from /home/airflow/.local/lib/python3.10/site-packages/airflow/example_dags/example_dynamic_task_mapping.py
[2025-04-27T00:12:20.205+0000] {processor.py:925} INFO - DAG(s) 'example_dynamic_task_mapping' retrieved from /home/airflow/.local/lib/python3.10/site-packages/airflow/example_dags/example_dynamic_task_mapping.py
[2025-04-27T00:12:20.224+0000] {logging_mixin.py:190} INFO - [2025-04-27T00:12:20.224+0000] {dag.py:3239} INFO - Sync 1 DAGs
[2025-04-27T00:12:20.239+0000] {logging_mixin.py:190} INFO - [2025-04-27T00:12:20.239+0000] {dag.py:4180} INFO - Setting next_dagrun for example_dynamic_task_mapping to None, run_after=None
[2025-04-27T00:12:20.260+0000] {processor.py:208} INFO - Processing /home/airflow/.local/lib/python3.10/site-packages/airflow/example_dags/example_dynamic_task_mapping.py took 0.073 seconds
[2025-04-27T00:12:50.695+0000] {processor.py:186} INFO - Started process (PID=21918) to work on /home/airflow/.local/lib/python3.10/site-packages/airflow/example_dags/example_dynamic_task_mapping.py
[2025-04-27T00:12:50.696+0000] {processor.py:914} INFO - Processing file /home/airflow/.local/lib/python3.10/site-packages/airflow/example_dags/example_dynamic_task_mapping.py for tasks to queue
[2025-04-27T00:12:50.699+0000] {logging_mixin.py:190} INFO - [2025-04-27T00:12:50.699+0000] {dagbag.py:588} INFO - Filling up the DagBag from /home/airflow/.local/lib/python3.10/site-packages/airflow/example_dags/example_dynamic_task_mapping.py
[2025-04-27T00:12:50.707+0000] {processor.py:925} INFO - DAG(s) 'example_dynamic_task_mapping' retrieved from /home/airflow/.local/lib/python3.10/site-packages/airflow/example_dags/example_dynamic_task_mapping.py
[2025-04-27T00:12:50.725+0000] {logging_mixin.py:190} INFO - [2025-04-27T00:12:50.724+0000] {dag.py:3239} INFO - Sync 1 DAGs
[2025-04-27T00:12:50.739+0000] {logging_mixin.py:190} INFO - [2025-04-27T00:12:50.739+0000] {dag.py:4180} INFO - Setting next_dagrun for example_dynamic_task_mapping to None, run_after=None
[2025-04-27T00:12:50.757+0000] {processor.py:208} INFO - Processing /home/airflow/.local/lib/python3.10/site-packages/airflow/example_dags/example_dynamic_task_mapping.py took 0.068 seconds
[2025-04-27T00:13:21.174+0000] {processor.py:186} INFO - Started process (PID=21984) to work on /home/airflow/.local/lib/python3.10/site-packages/airflow/example_dags/example_dynamic_task_mapping.py
[2025-04-27T00:13:21.175+0000] {processor.py:914} INFO - Processing file /home/airflow/.local/lib/python3.10/site-packages/airflow/example_dags/example_dynamic_task_mapping.py for tasks to queue
[2025-04-27T00:13:21.177+0000] {logging_mixin.py:190} INFO - [2025-04-27T00:13:21.177+0000] {dagbag.py:588} INFO - Filling up the DagBag from /home/airflow/.local/lib/python3.10/site-packages/airflow/example_dags/example_dynamic_task_mapping.py
[2025-04-27T00:13:21.186+0000] {processor.py:925} INFO - DAG(s) 'example_dynamic_task_mapping' retrieved from /home/airflow/.local/lib/python3.10/site-packages/airflow/example_dags/example_dynamic_task_mapping.py
[2025-04-27T00:13:21.206+0000] {logging_mixin.py:190} INFO - [2025-04-27T00:13:21.205+0000] {dag.py:3239} INFO - Sync 1 DAGs
[2025-04-27T00:13:21.221+0000] {logging_mixin.py:190} INFO - [2025-04-27T00:13:21.220+0000] {dag.py:4180} INFO - Setting next_dagrun for example_dynamic_task_mapping to None, run_after=None
[2025-04-27T00:13:21.240+0000] {processor.py:208} INFO - Processing /home/airflow/.local/lib/python3.10/site-packages/airflow/example_dags/example_dynamic_task_mapping.py took 0.073 seconds
[2025-04-27T00:13:51.486+0000] {processor.py:186} INFO - Started process (PID=22050) to work on /home/airflow/.local/lib/python3.10/site-packages/airflow/example_dags/example_dynamic_task_mapping.py
[2025-04-27T00:13:51.487+0000] {processor.py:914} INFO - Processing file /home/airflow/.local/lib/python3.10/site-packages/airflow/example_dags/example_dynamic_task_mapping.py for tasks to queue
[2025-04-27T00:13:51.490+0000] {logging_mixin.py:190} INFO - [2025-04-27T00:13:51.489+0000] {dagbag.py:588} INFO - Filling up the DagBag from /home/airflow/.local/lib/python3.10/site-packages/airflow/example_dags/example_dynamic_task_mapping.py
[2025-04-27T00:13:51.498+0000] {processor.py:925} INFO - DAG(s) 'example_dynamic_task_mapping' retrieved from /home/airflow/.local/lib/python3.10/site-packages/airflow/example_dags/example_dynamic_task_mapping.py
[2025-04-27T00:13:51.520+0000] {logging_mixin.py:190} INFO - [2025-04-27T00:13:51.520+0000] {dag.py:3239} INFO - Sync 1 DAGs
[2025-04-27T00:13:51.538+0000] {logging_mixin.py:190} INFO - [2025-04-27T00:13:51.538+0000] {dag.py:4180} INFO - Setting next_dagrun for example_dynamic_task_mapping to None, run_after=None
[2025-04-27T00:13:51.558+0000] {processor.py:208} INFO - Processing /home/airflow/.local/lib/python3.10/site-packages/airflow/example_dags/example_dynamic_task_mapping.py took 0.079 seconds
[2025-04-27T00:14:21.984+0000] {processor.py:186} INFO - Started process (PID=22123) to work on /home/airflow/.local/lib/python3.10/site-packages/airflow/example_dags/example_dynamic_task_mapping.py
[2025-04-27T00:14:21.985+0000] {processor.py:914} INFO - Processing file /home/airflow/.local/lib/python3.10/site-packages/airflow/example_dags/example_dynamic_task_mapping.py for tasks to queue
[2025-04-27T00:14:21.988+0000] {logging_mixin.py:190} INFO - [2025-04-27T00:14:21.988+0000] {dagbag.py:588} INFO - Filling up the DagBag from /home/airflow/.local/lib/python3.10/site-packages/airflow/example_dags/example_dynamic_task_mapping.py
[2025-04-27T00:14:21.998+0000] {processor.py:925} INFO - DAG(s) 'example_dynamic_task_mapping' retrieved from /home/airflow/.local/lib/python3.10/site-packages/airflow/example_dags/example_dynamic_task_mapping.py
[2025-04-27T00:14:22.022+0000] {logging_mixin.py:190} INFO - [2025-04-27T00:14:22.021+0000] {dag.py:3239} INFO - Sync 1 DAGs
[2025-04-27T00:14:22.040+0000] {logging_mixin.py:190} INFO - [2025-04-27T00:14:22.040+0000] {dag.py:4180} INFO - Setting next_dagrun for example_dynamic_task_mapping to None, run_after=None
[2025-04-27T00:14:22.065+0000] {processor.py:208} INFO - Processing /home/airflow/.local/lib/python3.10/site-packages/airflow/example_dags/example_dynamic_task_mapping.py took 0.089 seconds
[2025-04-27T00:14:52.716+0000] {processor.py:186} INFO - Started process (PID=22188) to work on /home/airflow/.local/lib/python3.10/site-packages/airflow/example_dags/example_dynamic_task_mapping.py
[2025-04-27T00:14:52.717+0000] {processor.py:914} INFO - Processing file /home/airflow/.local/lib/python3.10/site-packages/airflow/example_dags/example_dynamic_task_mapping.py for tasks to queue
[2025-04-27T00:14:52.719+0000] {logging_mixin.py:190} INFO - [2025-04-27T00:14:52.719+0000] {dagbag.py:588} INFO - Filling up the DagBag from /home/airflow/.local/lib/python3.10/site-packages/airflow/example_dags/example_dynamic_task_mapping.py
[2025-04-27T00:14:52.728+0000] {processor.py:925} INFO - DAG(s) 'example_dynamic_task_mapping' retrieved from /home/airflow/.local/lib/python3.10/site-packages/airflow/example_dags/example_dynamic_task_mapping.py
[2025-04-27T00:14:52.747+0000] {logging_mixin.py:190} INFO - [2025-04-27T00:14:52.747+0000] {dag.py:3239} INFO - Sync 1 DAGs
[2025-04-27T00:14:52.761+0000] {logging_mixin.py:190} INFO - [2025-04-27T00:14:52.761+0000] {dag.py:4180} INFO - Setting next_dagrun for example_dynamic_task_mapping to None, run_after=None
[2025-04-27T00:14:52.779+0000] {processor.py:208} INFO - Processing /home/airflow/.local/lib/python3.10/site-packages/airflow/example_dags/example_dynamic_task_mapping.py took 0.069 seconds
[2025-04-27T00:15:22.975+0000] {processor.py:186} INFO - Started process (PID=22253) to work on /home/airflow/.local/lib/python3.10/site-packages/airflow/example_dags/example_dynamic_task_mapping.py
[2025-04-27T00:15:22.976+0000] {processor.py:914} INFO - Processing file /home/airflow/.local/lib/python3.10/site-packages/airflow/example_dags/example_dynamic_task_mapping.py for tasks to queue
[2025-04-27T00:15:22.980+0000] {logging_mixin.py:190} INFO - [2025-04-27T00:15:22.979+0000] {dagbag.py:588} INFO - Filling up the DagBag from /home/airflow/.local/lib/python3.10/site-packages/airflow/example_dags/example_dynamic_task_mapping.py
[2025-04-27T00:15:22.990+0000] {processor.py:925} INFO - DAG(s) 'example_dynamic_task_mapping' retrieved from /home/airflow/.local/lib/python3.10/site-packages/airflow/example_dags/example_dynamic_task_mapping.py
[2025-04-27T00:15:23.015+0000] {logging_mixin.py:190} INFO - [2025-04-27T00:15:23.015+0000] {dag.py:3239} INFO - Sync 1 DAGs
[2025-04-27T00:15:23.034+0000] {logging_mixin.py:190} INFO - [2025-04-27T00:15:23.034+0000] {dag.py:4180} INFO - Setting next_dagrun for example_dynamic_task_mapping to None, run_after=None
[2025-04-27T00:15:23.060+0000] {processor.py:208} INFO - Processing /home/airflow/.local/lib/python3.10/site-packages/airflow/example_dags/example_dynamic_task_mapping.py took 0.093 seconds
[2025-04-27T00:15:54.063+0000] {processor.py:186} INFO - Started process (PID=22319) to work on /home/airflow/.local/lib/python3.10/site-packages/airflow/example_dags/example_dynamic_task_mapping.py
[2025-04-27T00:15:54.065+0000] {processor.py:914} INFO - Processing file /home/airflow/.local/lib/python3.10/site-packages/airflow/example_dags/example_dynamic_task_mapping.py for tasks to queue
[2025-04-27T00:15:54.068+0000] {logging_mixin.py:190} INFO - [2025-04-27T00:15:54.067+0000] {dagbag.py:588} INFO - Filling up the DagBag from /home/airflow/.local/lib/python3.10/site-packages/airflow/example_dags/example_dynamic_task_mapping.py
[2025-04-27T00:15:54.077+0000] {processor.py:925} INFO - DAG(s) 'example_dynamic_task_mapping' retrieved from /home/airflow/.local/lib/python3.10/site-packages/airflow/example_dags/example_dynamic_task_mapping.py
[2025-04-27T00:15:54.102+0000] {logging_mixin.py:190} INFO - [2025-04-27T00:15:54.102+0000] {dag.py:3239} INFO - Sync 1 DAGs
[2025-04-27T00:15:54.121+0000] {logging_mixin.py:190} INFO - [2025-04-27T00:15:54.121+0000] {dag.py:4180} INFO - Setting next_dagrun for example_dynamic_task_mapping to None, run_after=None
[2025-04-27T00:15:54.151+0000] {processor.py:208} INFO - Processing /home/airflow/.local/lib/python3.10/site-packages/airflow/example_dags/example_dynamic_task_mapping.py took 0.095 seconds
[2025-04-27T00:16:24.465+0000] {processor.py:186} INFO - Started process (PID=22384) to work on /home/airflow/.local/lib/python3.10/site-packages/airflow/example_dags/example_dynamic_task_mapping.py
[2025-04-27T00:16:24.466+0000] {processor.py:914} INFO - Processing file /home/airflow/.local/lib/python3.10/site-packages/airflow/example_dags/example_dynamic_task_mapping.py for tasks to queue
[2025-04-27T00:16:24.469+0000] {logging_mixin.py:190} INFO - [2025-04-27T00:16:24.469+0000] {dagbag.py:588} INFO - Filling up the DagBag from /home/airflow/.local/lib/python3.10/site-packages/airflow/example_dags/example_dynamic_task_mapping.py
[2025-04-27T00:16:24.481+0000] {processor.py:925} INFO - DAG(s) 'example_dynamic_task_mapping' retrieved from /home/airflow/.local/lib/python3.10/site-packages/airflow/example_dags/example_dynamic_task_mapping.py
[2025-04-27T00:16:24.505+0000] {logging_mixin.py:190} INFO - [2025-04-27T00:16:24.505+0000] {dag.py:3239} INFO - Sync 1 DAGs
[2025-04-27T00:16:24.521+0000] {logging_mixin.py:190} INFO - [2025-04-27T00:16:24.520+0000] {dag.py:4180} INFO - Setting next_dagrun for example_dynamic_task_mapping to None, run_after=None
[2025-04-27T00:16:24.547+0000] {processor.py:208} INFO - Processing /home/airflow/.local/lib/python3.10/site-packages/airflow/example_dags/example_dynamic_task_mapping.py took 0.090 seconds
[2025-04-27T00:16:54.634+0000] {processor.py:186} INFO - Started process (PID=22450) to work on /home/airflow/.local/lib/python3.10/site-packages/airflow/example_dags/example_dynamic_task_mapping.py
[2025-04-27T00:16:54.635+0000] {processor.py:914} INFO - Processing file /home/airflow/.local/lib/python3.10/site-packages/airflow/example_dags/example_dynamic_task_mapping.py for tasks to queue
[2025-04-27T00:16:54.637+0000] {logging_mixin.py:190} INFO - [2025-04-27T00:16:54.637+0000] {dagbag.py:588} INFO - Filling up the DagBag from /home/airflow/.local/lib/python3.10/site-packages/airflow/example_dags/example_dynamic_task_mapping.py
[2025-04-27T00:16:54.645+0000] {processor.py:925} INFO - DAG(s) 'example_dynamic_task_mapping' retrieved from /home/airflow/.local/lib/python3.10/site-packages/airflow/example_dags/example_dynamic_task_mapping.py
[2025-04-27T00:16:54.663+0000] {logging_mixin.py:190} INFO - [2025-04-27T00:16:54.663+0000] {dag.py:3239} INFO - Sync 1 DAGs
[2025-04-27T00:16:54.676+0000] {logging_mixin.py:190} INFO - [2025-04-27T00:16:54.676+0000] {dag.py:4180} INFO - Setting next_dagrun for example_dynamic_task_mapping to None, run_after=None
[2025-04-27T00:16:54.698+0000] {processor.py:208} INFO - Processing /home/airflow/.local/lib/python3.10/site-packages/airflow/example_dags/example_dynamic_task_mapping.py took 0.070 seconds
[2025-04-27T00:17:25.724+0000] {processor.py:186} INFO - Started process (PID=22516) to work on /home/airflow/.local/lib/python3.10/site-packages/airflow/example_dags/example_dynamic_task_mapping.py
[2025-04-27T00:17:25.726+0000] {processor.py:914} INFO - Processing file /home/airflow/.local/lib/python3.10/site-packages/airflow/example_dags/example_dynamic_task_mapping.py for tasks to queue
[2025-04-27T00:17:25.731+0000] {logging_mixin.py:190} INFO - [2025-04-27T00:17:25.730+0000] {dagbag.py:588} INFO - Filling up the DagBag from /home/airflow/.local/lib/python3.10/site-packages/airflow/example_dags/example_dynamic_task_mapping.py
[2025-04-27T00:17:25.742+0000] {processor.py:925} INFO - DAG(s) 'example_dynamic_task_mapping' retrieved from /home/airflow/.local/lib/python3.10/site-packages/airflow/example_dags/example_dynamic_task_mapping.py
[2025-04-27T00:17:25.763+0000] {logging_mixin.py:190} INFO - [2025-04-27T00:17:25.763+0000] {dag.py:3239} INFO - Sync 1 DAGs
[2025-04-27T00:17:25.778+0000] {logging_mixin.py:190} INFO - [2025-04-27T00:17:25.778+0000] {dag.py:4180} INFO - Setting next_dagrun for example_dynamic_task_mapping to None, run_after=None
[2025-04-27T00:17:25.799+0000] {processor.py:208} INFO - Processing /home/airflow/.local/lib/python3.10/site-packages/airflow/example_dags/example_dynamic_task_mapping.py took 0.084 seconds
[2025-04-27T00:17:56.160+0000] {processor.py:186} INFO - Started process (PID=22582) to work on /home/airflow/.local/lib/python3.10/site-packages/airflow/example_dags/example_dynamic_task_mapping.py
[2025-04-27T00:17:56.162+0000] {processor.py:914} INFO - Processing file /home/airflow/.local/lib/python3.10/site-packages/airflow/example_dags/example_dynamic_task_mapping.py for tasks to queue
[2025-04-27T00:17:56.165+0000] {logging_mixin.py:190} INFO - [2025-04-27T00:17:56.164+0000] {dagbag.py:588} INFO - Filling up the DagBag from /home/airflow/.local/lib/python3.10/site-packages/airflow/example_dags/example_dynamic_task_mapping.py
[2025-04-27T00:17:56.175+0000] {processor.py:925} INFO - DAG(s) 'example_dynamic_task_mapping' retrieved from /home/airflow/.local/lib/python3.10/site-packages/airflow/example_dags/example_dynamic_task_mapping.py
[2025-04-27T00:17:56.196+0000] {logging_mixin.py:190} INFO - [2025-04-27T00:17:56.196+0000] {dag.py:3239} INFO - Sync 1 DAGs
[2025-04-27T00:17:56.212+0000] {logging_mixin.py:190} INFO - [2025-04-27T00:17:56.211+0000] {dag.py:4180} INFO - Setting next_dagrun for example_dynamic_task_mapping to None, run_after=None
[2025-04-27T00:17:56.232+0000] {processor.py:208} INFO - Processing /home/airflow/.local/lib/python3.10/site-packages/airflow/example_dags/example_dynamic_task_mapping.py took 0.080 seconds
[2025-04-27T00:18:26.700+0000] {processor.py:186} INFO - Started process (PID=22648) to work on /home/airflow/.local/lib/python3.10/site-packages/airflow/example_dags/example_dynamic_task_mapping.py
[2025-04-27T00:18:26.701+0000] {processor.py:914} INFO - Processing file /home/airflow/.local/lib/python3.10/site-packages/airflow/example_dags/example_dynamic_task_mapping.py for tasks to queue
[2025-04-27T00:18:26.704+0000] {logging_mixin.py:190} INFO - [2025-04-27T00:18:26.704+0000] {dagbag.py:588} INFO - Filling up the DagBag from /home/airflow/.local/lib/python3.10/site-packages/airflow/example_dags/example_dynamic_task_mapping.py
[2025-04-27T00:18:26.715+0000] {processor.py:925} INFO - DAG(s) 'example_dynamic_task_mapping' retrieved from /home/airflow/.local/lib/python3.10/site-packages/airflow/example_dags/example_dynamic_task_mapping.py
[2025-04-27T00:18:26.738+0000] {logging_mixin.py:190} INFO - [2025-04-27T00:18:26.738+0000] {dag.py:3239} INFO - Sync 1 DAGs
[2025-04-27T00:18:26.763+0000] {logging_mixin.py:190} INFO - [2025-04-27T00:18:26.763+0000] {dag.py:4180} INFO - Setting next_dagrun for example_dynamic_task_mapping to None, run_after=None
[2025-04-27T00:18:26.815+0000] {processor.py:208} INFO - Processing /home/airflow/.local/lib/python3.10/site-packages/airflow/example_dags/example_dynamic_task_mapping.py took 0.125 seconds
[2025-04-27T00:18:57.146+0000] {processor.py:186} INFO - Started process (PID=22714) to work on /home/airflow/.local/lib/python3.10/site-packages/airflow/example_dags/example_dynamic_task_mapping.py
[2025-04-27T00:18:57.147+0000] {processor.py:914} INFO - Processing file /home/airflow/.local/lib/python3.10/site-packages/airflow/example_dags/example_dynamic_task_mapping.py for tasks to queue
[2025-04-27T00:18:57.151+0000] {logging_mixin.py:190} INFO - [2025-04-27T00:18:57.150+0000] {dagbag.py:588} INFO - Filling up the DagBag from /home/airflow/.local/lib/python3.10/site-packages/airflow/example_dags/example_dynamic_task_mapping.py
[2025-04-27T00:18:57.163+0000] {processor.py:925} INFO - DAG(s) 'example_dynamic_task_mapping' retrieved from /home/airflow/.local/lib/python3.10/site-packages/airflow/example_dags/example_dynamic_task_mapping.py
[2025-04-27T00:18:57.182+0000] {logging_mixin.py:190} INFO - [2025-04-27T00:18:57.182+0000] {dag.py:3239} INFO - Sync 1 DAGs
[2025-04-27T00:18:57.198+0000] {logging_mixin.py:190} INFO - [2025-04-27T00:18:57.198+0000] {dag.py:4180} INFO - Setting next_dagrun for example_dynamic_task_mapping to None, run_after=None
[2025-04-27T00:18:57.222+0000] {processor.py:208} INFO - Processing /home/airflow/.local/lib/python3.10/site-packages/airflow/example_dags/example_dynamic_task_mapping.py took 0.084 seconds
[2025-04-27T00:19:27.320+0000] {processor.py:186} INFO - Started process (PID=22780) to work on /home/airflow/.local/lib/python3.10/site-packages/airflow/example_dags/example_dynamic_task_mapping.py
[2025-04-27T00:19:27.321+0000] {processor.py:914} INFO - Processing file /home/airflow/.local/lib/python3.10/site-packages/airflow/example_dags/example_dynamic_task_mapping.py for tasks to queue
[2025-04-27T00:19:27.324+0000] {logging_mixin.py:190} INFO - [2025-04-27T00:19:27.324+0000] {dagbag.py:588} INFO - Filling up the DagBag from /home/airflow/.local/lib/python3.10/site-packages/airflow/example_dags/example_dynamic_task_mapping.py
[2025-04-27T00:19:27.334+0000] {processor.py:925} INFO - DAG(s) 'example_dynamic_task_mapping' retrieved from /home/airflow/.local/lib/python3.10/site-packages/airflow/example_dags/example_dynamic_task_mapping.py
[2025-04-27T00:19:27.353+0000] {logging_mixin.py:190} INFO - [2025-04-27T00:19:27.353+0000] {dag.py:3239} INFO - Sync 1 DAGs
[2025-04-27T00:19:27.367+0000] {logging_mixin.py:190} INFO - [2025-04-27T00:19:27.367+0000] {dag.py:4180} INFO - Setting next_dagrun for example_dynamic_task_mapping to None, run_after=None
[2025-04-27T00:19:27.385+0000] {processor.py:208} INFO - Processing /home/airflow/.local/lib/python3.10/site-packages/airflow/example_dags/example_dynamic_task_mapping.py took 0.074 seconds
[2025-04-27T00:19:57.542+0000] {processor.py:186} INFO - Started process (PID=22846) to work on /home/airflow/.local/lib/python3.10/site-packages/airflow/example_dags/example_dynamic_task_mapping.py
[2025-04-27T00:19:57.543+0000] {processor.py:914} INFO - Processing file /home/airflow/.local/lib/python3.10/site-packages/airflow/example_dags/example_dynamic_task_mapping.py for tasks to queue
[2025-04-27T00:19:57.546+0000] {logging_mixin.py:190} INFO - [2025-04-27T00:19:57.545+0000] {dagbag.py:588} INFO - Filling up the DagBag from /home/airflow/.local/lib/python3.10/site-packages/airflow/example_dags/example_dynamic_task_mapping.py
[2025-04-27T00:19:57.554+0000] {processor.py:925} INFO - DAG(s) 'example_dynamic_task_mapping' retrieved from /home/airflow/.local/lib/python3.10/site-packages/airflow/example_dags/example_dynamic_task_mapping.py
[2025-04-27T00:19:57.572+0000] {logging_mixin.py:190} INFO - [2025-04-27T00:19:57.572+0000] {dag.py:3239} INFO - Sync 1 DAGs
[2025-04-27T00:19:57.584+0000] {logging_mixin.py:190} INFO - [2025-04-27T00:19:57.584+0000] {dag.py:4180} INFO - Setting next_dagrun for example_dynamic_task_mapping to None, run_after=None
[2025-04-27T00:19:57.605+0000] {processor.py:208} INFO - Processing /home/airflow/.local/lib/python3.10/site-packages/airflow/example_dags/example_dynamic_task_mapping.py took 0.070 seconds
[2025-04-27T00:20:28.276+0000] {processor.py:186} INFO - Started process (PID=22912) to work on /home/airflow/.local/lib/python3.10/site-packages/airflow/example_dags/example_dynamic_task_mapping.py
[2025-04-27T00:20:28.277+0000] {processor.py:914} INFO - Processing file /home/airflow/.local/lib/python3.10/site-packages/airflow/example_dags/example_dynamic_task_mapping.py for tasks to queue
[2025-04-27T00:20:28.280+0000] {logging_mixin.py:190} INFO - [2025-04-27T00:20:28.279+0000] {dagbag.py:588} INFO - Filling up the DagBag from /home/airflow/.local/lib/python3.10/site-packages/airflow/example_dags/example_dynamic_task_mapping.py
[2025-04-27T00:20:28.289+0000] {processor.py:925} INFO - DAG(s) 'example_dynamic_task_mapping' retrieved from /home/airflow/.local/lib/python3.10/site-packages/airflow/example_dags/example_dynamic_task_mapping.py
[2025-04-27T00:20:28.309+0000] {logging_mixin.py:190} INFO - [2025-04-27T00:20:28.309+0000] {dag.py:3239} INFO - Sync 1 DAGs
[2025-04-27T00:20:28.324+0000] {logging_mixin.py:190} INFO - [2025-04-27T00:20:28.323+0000] {dag.py:4180} INFO - Setting next_dagrun for example_dynamic_task_mapping to None, run_after=None
[2025-04-27T00:20:28.347+0000] {processor.py:208} INFO - Processing /home/airflow/.local/lib/python3.10/site-packages/airflow/example_dags/example_dynamic_task_mapping.py took 0.077 seconds
[2025-04-27T00:20:59.328+0000] {processor.py:186} INFO - Started process (PID=22978) to work on /home/airflow/.local/lib/python3.10/site-packages/airflow/example_dags/example_dynamic_task_mapping.py
[2025-04-27T00:20:59.331+0000] {processor.py:914} INFO - Processing file /home/airflow/.local/lib/python3.10/site-packages/airflow/example_dags/example_dynamic_task_mapping.py for tasks to queue
[2025-04-27T00:20:59.340+0000] {logging_mixin.py:190} INFO - [2025-04-27T00:20:59.339+0000] {dagbag.py:588} INFO - Filling up the DagBag from /home/airflow/.local/lib/python3.10/site-packages/airflow/example_dags/example_dynamic_task_mapping.py
[2025-04-27T00:20:59.355+0000] {processor.py:925} INFO - DAG(s) 'example_dynamic_task_mapping' retrieved from /home/airflow/.local/lib/python3.10/site-packages/airflow/example_dags/example_dynamic_task_mapping.py
[2025-04-27T00:20:59.380+0000] {logging_mixin.py:190} INFO - [2025-04-27T00:20:59.380+0000] {dag.py:3239} INFO - Sync 1 DAGs
[2025-04-27T00:20:59.403+0000] {logging_mixin.py:190} INFO - [2025-04-27T00:20:59.403+0000] {dag.py:4180} INFO - Setting next_dagrun for example_dynamic_task_mapping to None, run_after=None
[2025-04-27T00:20:59.428+0000] {processor.py:208} INFO - Processing /home/airflow/.local/lib/python3.10/site-packages/airflow/example_dags/example_dynamic_task_mapping.py took 0.112 seconds
[2025-04-27T00:21:29.904+0000] {processor.py:186} INFO - Started process (PID=23044) to work on /home/airflow/.local/lib/python3.10/site-packages/airflow/example_dags/example_dynamic_task_mapping.py
[2025-04-27T00:21:29.905+0000] {processor.py:914} INFO - Processing file /home/airflow/.local/lib/python3.10/site-packages/airflow/example_dags/example_dynamic_task_mapping.py for tasks to queue
[2025-04-27T00:21:29.908+0000] {logging_mixin.py:190} INFO - [2025-04-27T00:21:29.907+0000] {dagbag.py:588} INFO - Filling up the DagBag from /home/airflow/.local/lib/python3.10/site-packages/airflow/example_dags/example_dynamic_task_mapping.py
[2025-04-27T00:21:29.915+0000] {processor.py:925} INFO - DAG(s) 'example_dynamic_task_mapping' retrieved from /home/airflow/.local/lib/python3.10/site-packages/airflow/example_dags/example_dynamic_task_mapping.py
[2025-04-27T00:21:29.933+0000] {logging_mixin.py:190} INFO - [2025-04-27T00:21:29.933+0000] {dag.py:3239} INFO - Sync 1 DAGs
[2025-04-27T00:21:29.947+0000] {logging_mixin.py:190} INFO - [2025-04-27T00:21:29.947+0000] {dag.py:4180} INFO - Setting next_dagrun for example_dynamic_task_mapping to None, run_after=None
[2025-04-27T00:21:29.965+0000] {processor.py:208} INFO - Processing /home/airflow/.local/lib/python3.10/site-packages/airflow/example_dags/example_dynamic_task_mapping.py took 0.067 seconds
[2025-04-27T00:22:00.688+0000] {processor.py:186} INFO - Started process (PID=23110) to work on /home/airflow/.local/lib/python3.10/site-packages/airflow/example_dags/example_dynamic_task_mapping.py
[2025-04-27T00:22:00.690+0000] {processor.py:914} INFO - Processing file /home/airflow/.local/lib/python3.10/site-packages/airflow/example_dags/example_dynamic_task_mapping.py for tasks to queue
[2025-04-27T00:22:00.692+0000] {logging_mixin.py:190} INFO - [2025-04-27T00:22:00.692+0000] {dagbag.py:588} INFO - Filling up the DagBag from /home/airflow/.local/lib/python3.10/site-packages/airflow/example_dags/example_dynamic_task_mapping.py
[2025-04-27T00:22:00.702+0000] {processor.py:925} INFO - DAG(s) 'example_dynamic_task_mapping' retrieved from /home/airflow/.local/lib/python3.10/site-packages/airflow/example_dags/example_dynamic_task_mapping.py
[2025-04-27T00:22:00.723+0000] {logging_mixin.py:190} INFO - [2025-04-27T00:22:00.723+0000] {dag.py:3239} INFO - Sync 1 DAGs
[2025-04-27T00:22:00.741+0000] {logging_mixin.py:190} INFO - [2025-04-27T00:22:00.741+0000] {dag.py:4180} INFO - Setting next_dagrun for example_dynamic_task_mapping to None, run_after=None
[2025-04-27T00:22:00.763+0000] {processor.py:208} INFO - Processing /home/airflow/.local/lib/python3.10/site-packages/airflow/example_dags/example_dynamic_task_mapping.py took 0.080 seconds
[2025-04-27T00:22:31.693+0000] {processor.py:186} INFO - Started process (PID=23176) to work on /home/airflow/.local/lib/python3.10/site-packages/airflow/example_dags/example_dynamic_task_mapping.py
[2025-04-27T00:22:31.693+0000] {processor.py:914} INFO - Processing file /home/airflow/.local/lib/python3.10/site-packages/airflow/example_dags/example_dynamic_task_mapping.py for tasks to queue
[2025-04-27T00:22:31.695+0000] {logging_mixin.py:190} INFO - [2025-04-27T00:22:31.695+0000] {dagbag.py:588} INFO - Filling up the DagBag from /home/airflow/.local/lib/python3.10/site-packages/airflow/example_dags/example_dynamic_task_mapping.py
[2025-04-27T00:22:31.703+0000] {processor.py:925} INFO - DAG(s) 'example_dynamic_task_mapping' retrieved from /home/airflow/.local/lib/python3.10/site-packages/airflow/example_dags/example_dynamic_task_mapping.py
[2025-04-27T00:22:31.722+0000] {logging_mixin.py:190} INFO - [2025-04-27T00:22:31.722+0000] {dag.py:3239} INFO - Sync 1 DAGs
[2025-04-27T00:22:31.738+0000] {logging_mixin.py:190} INFO - [2025-04-27T00:22:31.737+0000] {dag.py:4180} INFO - Setting next_dagrun for example_dynamic_task_mapping to None, run_after=None
[2025-04-27T00:22:31.758+0000] {processor.py:208} INFO - Processing /home/airflow/.local/lib/python3.10/site-packages/airflow/example_dags/example_dynamic_task_mapping.py took 0.072 seconds
[2025-04-27T00:23:02.132+0000] {processor.py:186} INFO - Started process (PID=23242) to work on /home/airflow/.local/lib/python3.10/site-packages/airflow/example_dags/example_dynamic_task_mapping.py
[2025-04-27T00:23:02.133+0000] {processor.py:914} INFO - Processing file /home/airflow/.local/lib/python3.10/site-packages/airflow/example_dags/example_dynamic_task_mapping.py for tasks to queue
[2025-04-27T00:23:02.136+0000] {logging_mixin.py:190} INFO - [2025-04-27T00:23:02.135+0000] {dagbag.py:588} INFO - Filling up the DagBag from /home/airflow/.local/lib/python3.10/site-packages/airflow/example_dags/example_dynamic_task_mapping.py
[2025-04-27T00:23:02.144+0000] {processor.py:925} INFO - DAG(s) 'example_dynamic_task_mapping' retrieved from /home/airflow/.local/lib/python3.10/site-packages/airflow/example_dags/example_dynamic_task_mapping.py
[2025-04-27T00:23:02.165+0000] {logging_mixin.py:190} INFO - [2025-04-27T00:23:02.164+0000] {dag.py:3239} INFO - Sync 1 DAGs
[2025-04-27T00:23:02.180+0000] {logging_mixin.py:190} INFO - [2025-04-27T00:23:02.180+0000] {dag.py:4180} INFO - Setting next_dagrun for example_dynamic_task_mapping to None, run_after=None
[2025-04-27T00:23:02.197+0000] {processor.py:208} INFO - Processing /home/airflow/.local/lib/python3.10/site-packages/airflow/example_dags/example_dynamic_task_mapping.py took 0.072 seconds
[2025-04-27T00:23:33.567+0000] {processor.py:186} INFO - Started process (PID=23308) to work on /home/airflow/.local/lib/python3.10/site-packages/airflow/example_dags/example_dynamic_task_mapping.py
[2025-04-27T00:23:33.568+0000] {processor.py:914} INFO - Processing file /home/airflow/.local/lib/python3.10/site-packages/airflow/example_dags/example_dynamic_task_mapping.py for tasks to queue
[2025-04-27T00:23:33.570+0000] {logging_mixin.py:190} INFO - [2025-04-27T00:23:33.570+0000] {dagbag.py:588} INFO - Filling up the DagBag from /home/airflow/.local/lib/python3.10/site-packages/airflow/example_dags/example_dynamic_task_mapping.py
[2025-04-27T00:23:33.578+0000] {processor.py:925} INFO - DAG(s) 'example_dynamic_task_mapping' retrieved from /home/airflow/.local/lib/python3.10/site-packages/airflow/example_dags/example_dynamic_task_mapping.py
[2025-04-27T00:23:33.595+0000] {logging_mixin.py:190} INFO - [2025-04-27T00:23:33.595+0000] {dag.py:3239} INFO - Sync 1 DAGs
[2025-04-27T00:23:33.609+0000] {logging_mixin.py:190} INFO - [2025-04-27T00:23:33.609+0000] {dag.py:4180} INFO - Setting next_dagrun for example_dynamic_task_mapping to None, run_after=None
[2025-04-27T00:23:33.624+0000] {processor.py:208} INFO - Processing /home/airflow/.local/lib/python3.10/site-packages/airflow/example_dags/example_dynamic_task_mapping.py took 0.063 seconds
[2025-04-27T00:24:04.665+0000] {processor.py:186} INFO - Started process (PID=23374) to work on /home/airflow/.local/lib/python3.10/site-packages/airflow/example_dags/example_dynamic_task_mapping.py
[2025-04-27T00:24:04.666+0000] {processor.py:914} INFO - Processing file /home/airflow/.local/lib/python3.10/site-packages/airflow/example_dags/example_dynamic_task_mapping.py for tasks to queue
[2025-04-27T00:24:04.669+0000] {logging_mixin.py:190} INFO - [2025-04-27T00:24:04.668+0000] {dagbag.py:588} INFO - Filling up the DagBag from /home/airflow/.local/lib/python3.10/site-packages/airflow/example_dags/example_dynamic_task_mapping.py
[2025-04-27T00:24:04.676+0000] {processor.py:925} INFO - DAG(s) 'example_dynamic_task_mapping' retrieved from /home/airflow/.local/lib/python3.10/site-packages/airflow/example_dags/example_dynamic_task_mapping.py
[2025-04-27T00:24:04.696+0000] {logging_mixin.py:190} INFO - [2025-04-27T00:24:04.695+0000] {dag.py:3239} INFO - Sync 1 DAGs
[2025-04-27T00:24:04.710+0000] {logging_mixin.py:190} INFO - [2025-04-27T00:24:04.710+0000] {dag.py:4180} INFO - Setting next_dagrun for example_dynamic_task_mapping to None, run_after=None
[2025-04-27T00:24:04.728+0000] {processor.py:208} INFO - Processing /home/airflow/.local/lib/python3.10/site-packages/airflow/example_dags/example_dynamic_task_mapping.py took 0.069 seconds
[2025-04-27T00:24:35.958+0000] {processor.py:186} INFO - Started process (PID=23440) to work on /home/airflow/.local/lib/python3.10/site-packages/airflow/example_dags/example_dynamic_task_mapping.py
[2025-04-27T00:24:35.959+0000] {processor.py:914} INFO - Processing file /home/airflow/.local/lib/python3.10/site-packages/airflow/example_dags/example_dynamic_task_mapping.py for tasks to queue
[2025-04-27T00:24:35.961+0000] {logging_mixin.py:190} INFO - [2025-04-27T00:24:35.961+0000] {dagbag.py:588} INFO - Filling up the DagBag from /home/airflow/.local/lib/python3.10/site-packages/airflow/example_dags/example_dynamic_task_mapping.py
[2025-04-27T00:24:35.970+0000] {processor.py:925} INFO - DAG(s) 'example_dynamic_task_mapping' retrieved from /home/airflow/.local/lib/python3.10/site-packages/airflow/example_dags/example_dynamic_task_mapping.py
[2025-04-27T00:24:35.989+0000] {logging_mixin.py:190} INFO - [2025-04-27T00:24:35.989+0000] {dag.py:3239} INFO - Sync 1 DAGs
[2025-04-27T00:24:36.005+0000] {logging_mixin.py:190} INFO - [2025-04-27T00:24:36.004+0000] {dag.py:4180} INFO - Setting next_dagrun for example_dynamic_task_mapping to None, run_after=None
[2025-04-27T00:24:36.022+0000] {processor.py:208} INFO - Processing /home/airflow/.local/lib/python3.10/site-packages/airflow/example_dags/example_dynamic_task_mapping.py took 0.070 seconds
[2025-04-27T00:25:06.936+0000] {processor.py:186} INFO - Started process (PID=23506) to work on /home/airflow/.local/lib/python3.10/site-packages/airflow/example_dags/example_dynamic_task_mapping.py
[2025-04-27T00:25:06.937+0000] {processor.py:914} INFO - Processing file /home/airflow/.local/lib/python3.10/site-packages/airflow/example_dags/example_dynamic_task_mapping.py for tasks to queue
[2025-04-27T00:25:06.939+0000] {logging_mixin.py:190} INFO - [2025-04-27T00:25:06.939+0000] {dagbag.py:588} INFO - Filling up the DagBag from /home/airflow/.local/lib/python3.10/site-packages/airflow/example_dags/example_dynamic_task_mapping.py
[2025-04-27T00:25:06.947+0000] {processor.py:925} INFO - DAG(s) 'example_dynamic_task_mapping' retrieved from /home/airflow/.local/lib/python3.10/site-packages/airflow/example_dags/example_dynamic_task_mapping.py
[2025-04-27T00:25:06.968+0000] {logging_mixin.py:190} INFO - [2025-04-27T00:25:06.968+0000] {dag.py:3239} INFO - Sync 1 DAGs
[2025-04-27T00:25:06.985+0000] {logging_mixin.py:190} INFO - [2025-04-27T00:25:06.984+0000] {dag.py:4180} INFO - Setting next_dagrun for example_dynamic_task_mapping to None, run_after=None
[2025-04-27T00:25:07.010+0000] {processor.py:208} INFO - Processing /home/airflow/.local/lib/python3.10/site-packages/airflow/example_dags/example_dynamic_task_mapping.py took 0.081 seconds
