[2025-04-27T00:00:12.297+0000] {processor.py:186} INFO - Started process (PID=20270) to work on /home/airflow/.local/lib/python3.10/site-packages/airflow/example_dags/tutorial_objectstorage.py
[2025-04-27T00:00:12.298+0000] {processor.py:914} INFO - Processing file /home/airflow/.local/lib/python3.10/site-packages/airflow/example_dags/tutorial_objectstorage.py for tasks to queue
[2025-04-27T00:00:12.300+0000] {logging_mixin.py:190} INFO - [2025-04-27T00:00:12.300+0000] {dagbag.py:588} INFO - Filling up the DagBag from /home/airflow/.local/lib/python3.10/site-packages/airflow/example_dags/tutorial_objectstorage.py
[2025-04-27T00:00:12.310+0000] {processor.py:925} INFO - DAG(s) 'tutorial_objectstorage' retrieved from /home/airflow/.local/lib/python3.10/site-packages/airflow/example_dags/tutorial_objectstorage.py
[2025-04-27T00:00:12.330+0000] {logging_mixin.py:190} INFO - [2025-04-27T00:00:12.330+0000] {dag.py:3239} INFO - Sync 1 DAGs
[2025-04-27T00:00:12.346+0000] {logging_mixin.py:190} INFO - [2025-04-27T00:00:12.346+0000] {dag.py:4180} INFO - Setting next_dagrun for tutorial_objectstorage to None, run_after=None
[2025-04-27T00:00:12.366+0000] {processor.py:208} INFO - Processing /home/airflow/.local/lib/python3.10/site-packages/airflow/example_dags/tutorial_objectstorage.py took 0.075 seconds
[2025-04-27T00:00:42.734+0000] {processor.py:186} INFO - Started process (PID=20336) to work on /home/airflow/.local/lib/python3.10/site-packages/airflow/example_dags/tutorial_objectstorage.py
[2025-04-27T00:00:42.735+0000] {processor.py:914} INFO - Processing file /home/airflow/.local/lib/python3.10/site-packages/airflow/example_dags/tutorial_objectstorage.py for tasks to queue
[2025-04-27T00:00:42.739+0000] {logging_mixin.py:190} INFO - [2025-04-27T00:00:42.738+0000] {dagbag.py:588} INFO - Filling up the DagBag from /home/airflow/.local/lib/python3.10/site-packages/airflow/example_dags/tutorial_objectstorage.py
[2025-04-27T00:00:42.749+0000] {processor.py:925} INFO - DAG(s) 'tutorial_objectstorage' retrieved from /home/airflow/.local/lib/python3.10/site-packages/airflow/example_dags/tutorial_objectstorage.py
[2025-04-27T00:00:42.771+0000] {logging_mixin.py:190} INFO - [2025-04-27T00:00:42.771+0000] {dag.py:3239} INFO - Sync 1 DAGs
[2025-04-27T00:00:42.785+0000] {logging_mixin.py:190} INFO - [2025-04-27T00:00:42.785+0000] {dag.py:4180} INFO - Setting next_dagrun for tutorial_objectstorage to None, run_after=None
[2025-04-27T00:00:42.805+0000] {processor.py:208} INFO - Processing /home/airflow/.local/lib/python3.10/site-packages/airflow/example_dags/tutorial_objectstorage.py took 0.077 seconds
[2025-04-27T00:01:13.267+0000] {processor.py:186} INFO - Started process (PID=20402) to work on /home/airflow/.local/lib/python3.10/site-packages/airflow/example_dags/tutorial_objectstorage.py
[2025-04-27T00:01:13.268+0000] {processor.py:914} INFO - Processing file /home/airflow/.local/lib/python3.10/site-packages/airflow/example_dags/tutorial_objectstorage.py for tasks to queue
[2025-04-27T00:01:13.271+0000] {logging_mixin.py:190} INFO - [2025-04-27T00:01:13.271+0000] {dagbag.py:588} INFO - Filling up the DagBag from /home/airflow/.local/lib/python3.10/site-packages/airflow/example_dags/tutorial_objectstorage.py
[2025-04-27T00:01:13.283+0000] {processor.py:925} INFO - DAG(s) 'tutorial_objectstorage' retrieved from /home/airflow/.local/lib/python3.10/site-packages/airflow/example_dags/tutorial_objectstorage.py
[2025-04-27T00:01:13.307+0000] {logging_mixin.py:190} INFO - [2025-04-27T00:01:13.307+0000] {dag.py:3239} INFO - Sync 1 DAGs
[2025-04-27T00:01:13.325+0000] {logging_mixin.py:190} INFO - [2025-04-27T00:01:13.325+0000] {dag.py:4180} INFO - Setting next_dagrun for tutorial_objectstorage to None, run_after=None
[2025-04-27T00:01:13.348+0000] {processor.py:208} INFO - Processing /home/airflow/.local/lib/python3.10/site-packages/airflow/example_dags/tutorial_objectstorage.py took 0.089 seconds
[2025-04-27T00:01:43.459+0000] {processor.py:186} INFO - Started process (PID=20468) to work on /home/airflow/.local/lib/python3.10/site-packages/airflow/example_dags/tutorial_objectstorage.py
[2025-04-27T00:01:43.460+0000] {processor.py:914} INFO - Processing file /home/airflow/.local/lib/python3.10/site-packages/airflow/example_dags/tutorial_objectstorage.py for tasks to queue
[2025-04-27T00:01:43.462+0000] {logging_mixin.py:190} INFO - [2025-04-27T00:01:43.462+0000] {dagbag.py:588} INFO - Filling up the DagBag from /home/airflow/.local/lib/python3.10/site-packages/airflow/example_dags/tutorial_objectstorage.py
[2025-04-27T00:01:43.471+0000] {processor.py:925} INFO - DAG(s) 'tutorial_objectstorage' retrieved from /home/airflow/.local/lib/python3.10/site-packages/airflow/example_dags/tutorial_objectstorage.py
[2025-04-27T00:01:43.490+0000] {logging_mixin.py:190} INFO - [2025-04-27T00:01:43.490+0000] {dag.py:3239} INFO - Sync 1 DAGs
[2025-04-27T00:01:43.504+0000] {logging_mixin.py:190} INFO - [2025-04-27T00:01:43.503+0000] {dag.py:4180} INFO - Setting next_dagrun for tutorial_objectstorage to None, run_after=None
[2025-04-27T00:01:43.521+0000] {processor.py:208} INFO - Processing /home/airflow/.local/lib/python3.10/site-packages/airflow/example_dags/tutorial_objectstorage.py took 0.069 seconds
[2025-04-27T00:02:13.745+0000] {processor.py:186} INFO - Started process (PID=20533) to work on /home/airflow/.local/lib/python3.10/site-packages/airflow/example_dags/tutorial_objectstorage.py
[2025-04-27T00:02:13.746+0000] {processor.py:914} INFO - Processing file /home/airflow/.local/lib/python3.10/site-packages/airflow/example_dags/tutorial_objectstorage.py for tasks to queue
[2025-04-27T00:02:13.748+0000] {logging_mixin.py:190} INFO - [2025-04-27T00:02:13.748+0000] {dagbag.py:588} INFO - Filling up the DagBag from /home/airflow/.local/lib/python3.10/site-packages/airflow/example_dags/tutorial_objectstorage.py
[2025-04-27T00:02:13.758+0000] {processor.py:925} INFO - DAG(s) 'tutorial_objectstorage' retrieved from /home/airflow/.local/lib/python3.10/site-packages/airflow/example_dags/tutorial_objectstorage.py
[2025-04-27T00:02:13.776+0000] {logging_mixin.py:190} INFO - [2025-04-27T00:02:13.776+0000] {dag.py:3239} INFO - Sync 1 DAGs
[2025-04-27T00:02:13.792+0000] {logging_mixin.py:190} INFO - [2025-04-27T00:02:13.791+0000] {dag.py:4180} INFO - Setting next_dagrun for tutorial_objectstorage to None, run_after=None
[2025-04-27T00:02:13.810+0000] {processor.py:208} INFO - Processing /home/airflow/.local/lib/python3.10/site-packages/airflow/example_dags/tutorial_objectstorage.py took 0.072 seconds
[2025-04-27T00:02:44.020+0000] {processor.py:186} INFO - Started process (PID=20599) to work on /home/airflow/.local/lib/python3.10/site-packages/airflow/example_dags/tutorial_objectstorage.py
[2025-04-27T00:02:44.021+0000] {processor.py:914} INFO - Processing file /home/airflow/.local/lib/python3.10/site-packages/airflow/example_dags/tutorial_objectstorage.py for tasks to queue
[2025-04-27T00:02:44.023+0000] {logging_mixin.py:190} INFO - [2025-04-27T00:02:44.023+0000] {dagbag.py:588} INFO - Filling up the DagBag from /home/airflow/.local/lib/python3.10/site-packages/airflow/example_dags/tutorial_objectstorage.py
[2025-04-27T00:02:44.033+0000] {processor.py:925} INFO - DAG(s) 'tutorial_objectstorage' retrieved from /home/airflow/.local/lib/python3.10/site-packages/airflow/example_dags/tutorial_objectstorage.py
[2025-04-27T00:02:44.055+0000] {logging_mixin.py:190} INFO - [2025-04-27T00:02:44.055+0000] {dag.py:3239} INFO - Sync 1 DAGs
[2025-04-27T00:02:44.071+0000] {logging_mixin.py:190} INFO - [2025-04-27T00:02:44.071+0000] {dag.py:4180} INFO - Setting next_dagrun for tutorial_objectstorage to None, run_after=None
[2025-04-27T00:02:44.093+0000] {processor.py:208} INFO - Processing /home/airflow/.local/lib/python3.10/site-packages/airflow/example_dags/tutorial_objectstorage.py took 0.079 seconds
[2025-04-27T00:03:14.209+0000] {processor.py:186} INFO - Started process (PID=20664) to work on /home/airflow/.local/lib/python3.10/site-packages/airflow/example_dags/tutorial_objectstorage.py
[2025-04-27T00:03:14.210+0000] {processor.py:914} INFO - Processing file /home/airflow/.local/lib/python3.10/site-packages/airflow/example_dags/tutorial_objectstorage.py for tasks to queue
[2025-04-27T00:03:14.212+0000] {logging_mixin.py:190} INFO - [2025-04-27T00:03:14.212+0000] {dagbag.py:588} INFO - Filling up the DagBag from /home/airflow/.local/lib/python3.10/site-packages/airflow/example_dags/tutorial_objectstorage.py
[2025-04-27T00:03:14.222+0000] {processor.py:925} INFO - DAG(s) 'tutorial_objectstorage' retrieved from /home/airflow/.local/lib/python3.10/site-packages/airflow/example_dags/tutorial_objectstorage.py
[2025-04-27T00:03:14.240+0000] {logging_mixin.py:190} INFO - [2025-04-27T00:03:14.240+0000] {dag.py:3239} INFO - Sync 1 DAGs
[2025-04-27T00:03:14.255+0000] {logging_mixin.py:190} INFO - [2025-04-27T00:03:14.254+0000] {dag.py:4180} INFO - Setting next_dagrun for tutorial_objectstorage to None, run_after=None
[2025-04-27T00:03:14.275+0000] {processor.py:208} INFO - Processing /home/airflow/.local/lib/python3.10/site-packages/airflow/example_dags/tutorial_objectstorage.py took 0.073 seconds
[2025-04-27T00:03:44.369+0000] {processor.py:186} INFO - Started process (PID=20730) to work on /home/airflow/.local/lib/python3.10/site-packages/airflow/example_dags/tutorial_objectstorage.py
[2025-04-27T00:03:44.370+0000] {processor.py:914} INFO - Processing file /home/airflow/.local/lib/python3.10/site-packages/airflow/example_dags/tutorial_objectstorage.py for tasks to queue
[2025-04-27T00:03:44.373+0000] {logging_mixin.py:190} INFO - [2025-04-27T00:03:44.372+0000] {dagbag.py:588} INFO - Filling up the DagBag from /home/airflow/.local/lib/python3.10/site-packages/airflow/example_dags/tutorial_objectstorage.py
[2025-04-27T00:03:44.381+0000] {processor.py:925} INFO - DAG(s) 'tutorial_objectstorage' retrieved from /home/airflow/.local/lib/python3.10/site-packages/airflow/example_dags/tutorial_objectstorage.py
[2025-04-27T00:03:44.398+0000] {logging_mixin.py:190} INFO - [2025-04-27T00:03:44.398+0000] {dag.py:3239} INFO - Sync 1 DAGs
[2025-04-27T00:03:44.412+0000] {logging_mixin.py:190} INFO - [2025-04-27T00:03:44.412+0000] {dag.py:4180} INFO - Setting next_dagrun for tutorial_objectstorage to None, run_after=None
[2025-04-27T00:03:44.429+0000] {processor.py:208} INFO - Processing /home/airflow/.local/lib/python3.10/site-packages/airflow/example_dags/tutorial_objectstorage.py took 0.067 seconds
[2025-04-27T00:04:14.845+0000] {processor.py:186} INFO - Started process (PID=20796) to work on /home/airflow/.local/lib/python3.10/site-packages/airflow/example_dags/tutorial_objectstorage.py
[2025-04-27T00:04:14.846+0000] {processor.py:914} INFO - Processing file /home/airflow/.local/lib/python3.10/site-packages/airflow/example_dags/tutorial_objectstorage.py for tasks to queue
[2025-04-27T00:04:14.848+0000] {logging_mixin.py:190} INFO - [2025-04-27T00:04:14.848+0000] {dagbag.py:588} INFO - Filling up the DagBag from /home/airflow/.local/lib/python3.10/site-packages/airflow/example_dags/tutorial_objectstorage.py
[2025-04-27T00:04:14.857+0000] {processor.py:925} INFO - DAG(s) 'tutorial_objectstorage' retrieved from /home/airflow/.local/lib/python3.10/site-packages/airflow/example_dags/tutorial_objectstorage.py
[2025-04-27T00:04:14.875+0000] {logging_mixin.py:190} INFO - [2025-04-27T00:04:14.874+0000] {dag.py:3239} INFO - Sync 1 DAGs
[2025-04-27T00:04:14.888+0000] {logging_mixin.py:190} INFO - [2025-04-27T00:04:14.888+0000] {dag.py:4180} INFO - Setting next_dagrun for tutorial_objectstorage to None, run_after=None
[2025-04-27T00:04:14.905+0000] {processor.py:208} INFO - Processing /home/airflow/.local/lib/python3.10/site-packages/airflow/example_dags/tutorial_objectstorage.py took 0.066 seconds
[2025-04-27T00:04:45.112+0000] {processor.py:186} INFO - Started process (PID=20862) to work on /home/airflow/.local/lib/python3.10/site-packages/airflow/example_dags/tutorial_objectstorage.py
[2025-04-27T00:04:45.113+0000] {processor.py:914} INFO - Processing file /home/airflow/.local/lib/python3.10/site-packages/airflow/example_dags/tutorial_objectstorage.py for tasks to queue
[2025-04-27T00:04:45.115+0000] {logging_mixin.py:190} INFO - [2025-04-27T00:04:45.115+0000] {dagbag.py:588} INFO - Filling up the DagBag from /home/airflow/.local/lib/python3.10/site-packages/airflow/example_dags/tutorial_objectstorage.py
[2025-04-27T00:04:45.124+0000] {processor.py:925} INFO - DAG(s) 'tutorial_objectstorage' retrieved from /home/airflow/.local/lib/python3.10/site-packages/airflow/example_dags/tutorial_objectstorage.py
[2025-04-27T00:04:45.146+0000] {logging_mixin.py:190} INFO - [2025-04-27T00:04:45.146+0000] {dag.py:3239} INFO - Sync 1 DAGs
[2025-04-27T00:04:45.163+0000] {logging_mixin.py:190} INFO - [2025-04-27T00:04:45.163+0000] {dag.py:4180} INFO - Setting next_dagrun for tutorial_objectstorage to None, run_after=None
[2025-04-27T00:04:45.184+0000] {processor.py:208} INFO - Processing /home/airflow/.local/lib/python3.10/site-packages/airflow/example_dags/tutorial_objectstorage.py took 0.079 seconds
[2025-04-27T00:05:15.255+0000] {processor.py:186} INFO - Started process (PID=20928) to work on /home/airflow/.local/lib/python3.10/site-packages/airflow/example_dags/tutorial_objectstorage.py
[2025-04-27T00:05:15.256+0000] {processor.py:914} INFO - Processing file /home/airflow/.local/lib/python3.10/site-packages/airflow/example_dags/tutorial_objectstorage.py for tasks to queue
[2025-04-27T00:05:15.258+0000] {logging_mixin.py:190} INFO - [2025-04-27T00:05:15.257+0000] {dagbag.py:588} INFO - Filling up the DagBag from /home/airflow/.local/lib/python3.10/site-packages/airflow/example_dags/tutorial_objectstorage.py
[2025-04-27T00:05:15.266+0000] {processor.py:925} INFO - DAG(s) 'tutorial_objectstorage' retrieved from /home/airflow/.local/lib/python3.10/site-packages/airflow/example_dags/tutorial_objectstorage.py
[2025-04-27T00:05:15.284+0000] {logging_mixin.py:190} INFO - [2025-04-27T00:05:15.284+0000] {dag.py:3239} INFO - Sync 1 DAGs
[2025-04-27T00:05:15.297+0000] {logging_mixin.py:190} INFO - [2025-04-27T00:05:15.297+0000] {dag.py:4180} INFO - Setting next_dagrun for tutorial_objectstorage to None, run_after=None
[2025-04-27T00:05:15.314+0000] {processor.py:208} INFO - Processing /home/airflow/.local/lib/python3.10/site-packages/airflow/example_dags/tutorial_objectstorage.py took 0.065 seconds
[2025-04-27T00:05:45.749+0000] {processor.py:186} INFO - Started process (PID=20994) to work on /home/airflow/.local/lib/python3.10/site-packages/airflow/example_dags/tutorial_objectstorage.py
[2025-04-27T00:05:45.750+0000] {processor.py:914} INFO - Processing file /home/airflow/.local/lib/python3.10/site-packages/airflow/example_dags/tutorial_objectstorage.py for tasks to queue
[2025-04-27T00:05:45.752+0000] {logging_mixin.py:190} INFO - [2025-04-27T00:05:45.751+0000] {dagbag.py:588} INFO - Filling up the DagBag from /home/airflow/.local/lib/python3.10/site-packages/airflow/example_dags/tutorial_objectstorage.py
[2025-04-27T00:05:45.759+0000] {processor.py:925} INFO - DAG(s) 'tutorial_objectstorage' retrieved from /home/airflow/.local/lib/python3.10/site-packages/airflow/example_dags/tutorial_objectstorage.py
[2025-04-27T00:05:45.777+0000] {logging_mixin.py:190} INFO - [2025-04-27T00:05:45.777+0000] {dag.py:3239} INFO - Sync 1 DAGs
[2025-04-27T00:05:45.790+0000] {logging_mixin.py:190} INFO - [2025-04-27T00:05:45.789+0000] {dag.py:4180} INFO - Setting next_dagrun for tutorial_objectstorage to None, run_after=None
[2025-04-27T00:05:45.806+0000] {processor.py:208} INFO - Processing /home/airflow/.local/lib/python3.10/site-packages/airflow/example_dags/tutorial_objectstorage.py took 0.064 seconds
[2025-04-27T00:06:16.389+0000] {processor.py:186} INFO - Started process (PID=21060) to work on /home/airflow/.local/lib/python3.10/site-packages/airflow/example_dags/tutorial_objectstorage.py
[2025-04-27T00:06:16.390+0000] {processor.py:914} INFO - Processing file /home/airflow/.local/lib/python3.10/site-packages/airflow/example_dags/tutorial_objectstorage.py for tasks to queue
[2025-04-27T00:06:16.392+0000] {logging_mixin.py:190} INFO - [2025-04-27T00:06:16.392+0000] {dagbag.py:588} INFO - Filling up the DagBag from /home/airflow/.local/lib/python3.10/site-packages/airflow/example_dags/tutorial_objectstorage.py
[2025-04-27T00:06:16.402+0000] {processor.py:925} INFO - DAG(s) 'tutorial_objectstorage' retrieved from /home/airflow/.local/lib/python3.10/site-packages/airflow/example_dags/tutorial_objectstorage.py
[2025-04-27T00:06:16.423+0000] {logging_mixin.py:190} INFO - [2025-04-27T00:06:16.423+0000] {dag.py:3239} INFO - Sync 1 DAGs
[2025-04-27T00:06:16.439+0000] {logging_mixin.py:190} INFO - [2025-04-27T00:06:16.438+0000] {dag.py:4180} INFO - Setting next_dagrun for tutorial_objectstorage to None, run_after=None
[2025-04-27T00:06:16.461+0000] {processor.py:208} INFO - Processing /home/airflow/.local/lib/python3.10/site-packages/airflow/example_dags/tutorial_objectstorage.py took 0.078 seconds
[2025-04-27T00:06:46.631+0000] {processor.py:186} INFO - Started process (PID=21126) to work on /home/airflow/.local/lib/python3.10/site-packages/airflow/example_dags/tutorial_objectstorage.py
[2025-04-27T00:06:46.632+0000] {processor.py:914} INFO - Processing file /home/airflow/.local/lib/python3.10/site-packages/airflow/example_dags/tutorial_objectstorage.py for tasks to queue
[2025-04-27T00:06:46.634+0000] {logging_mixin.py:190} INFO - [2025-04-27T00:06:46.634+0000] {dagbag.py:588} INFO - Filling up the DagBag from /home/airflow/.local/lib/python3.10/site-packages/airflow/example_dags/tutorial_objectstorage.py
[2025-04-27T00:06:46.644+0000] {processor.py:925} INFO - DAG(s) 'tutorial_objectstorage' retrieved from /home/airflow/.local/lib/python3.10/site-packages/airflow/example_dags/tutorial_objectstorage.py
[2025-04-27T00:06:46.664+0000] {logging_mixin.py:190} INFO - [2025-04-27T00:06:46.663+0000] {dag.py:3239} INFO - Sync 1 DAGs
[2025-04-27T00:06:46.678+0000] {logging_mixin.py:190} INFO - [2025-04-27T00:06:46.677+0000] {dag.py:4180} INFO - Setting next_dagrun for tutorial_objectstorage to None, run_after=None
[2025-04-27T00:06:46.697+0000] {processor.py:208} INFO - Processing /home/airflow/.local/lib/python3.10/site-packages/airflow/example_dags/tutorial_objectstorage.py took 0.073 seconds
[2025-04-27T00:07:16.906+0000] {processor.py:186} INFO - Started process (PID=21192) to work on /home/airflow/.local/lib/python3.10/site-packages/airflow/example_dags/tutorial_objectstorage.py
[2025-04-27T00:07:16.907+0000] {processor.py:914} INFO - Processing file /home/airflow/.local/lib/python3.10/site-packages/airflow/example_dags/tutorial_objectstorage.py for tasks to queue
[2025-04-27T00:07:16.909+0000] {logging_mixin.py:190} INFO - [2025-04-27T00:07:16.909+0000] {dagbag.py:588} INFO - Filling up the DagBag from /home/airflow/.local/lib/python3.10/site-packages/airflow/example_dags/tutorial_objectstorage.py
[2025-04-27T00:07:16.919+0000] {processor.py:925} INFO - DAG(s) 'tutorial_objectstorage' retrieved from /home/airflow/.local/lib/python3.10/site-packages/airflow/example_dags/tutorial_objectstorage.py
[2025-04-27T00:07:16.942+0000] {logging_mixin.py:190} INFO - [2025-04-27T00:07:16.942+0000] {dag.py:3239} INFO - Sync 1 DAGs
[2025-04-27T00:07:16.958+0000] {logging_mixin.py:190} INFO - [2025-04-27T00:07:16.957+0000] {dag.py:4180} INFO - Setting next_dagrun for tutorial_objectstorage to None, run_after=None
[2025-04-27T00:07:16.977+0000] {processor.py:208} INFO - Processing /home/airflow/.local/lib/python3.10/site-packages/airflow/example_dags/tutorial_objectstorage.py took 0.078 seconds
[2025-04-27T00:07:47.075+0000] {processor.py:186} INFO - Started process (PID=21259) to work on /home/airflow/.local/lib/python3.10/site-packages/airflow/example_dags/tutorial_objectstorage.py
[2025-04-27T00:07:47.076+0000] {processor.py:914} INFO - Processing file /home/airflow/.local/lib/python3.10/site-packages/airflow/example_dags/tutorial_objectstorage.py for tasks to queue
[2025-04-27T00:07:47.078+0000] {logging_mixin.py:190} INFO - [2025-04-27T00:07:47.077+0000] {dagbag.py:588} INFO - Filling up the DagBag from /home/airflow/.local/lib/python3.10/site-packages/airflow/example_dags/tutorial_objectstorage.py
[2025-04-27T00:07:47.086+0000] {processor.py:925} INFO - DAG(s) 'tutorial_objectstorage' retrieved from /home/airflow/.local/lib/python3.10/site-packages/airflow/example_dags/tutorial_objectstorage.py
[2025-04-27T00:07:47.104+0000] {logging_mixin.py:190} INFO - [2025-04-27T00:07:47.103+0000] {dag.py:3239} INFO - Sync 1 DAGs
[2025-04-27T00:07:47.117+0000] {logging_mixin.py:190} INFO - [2025-04-27T00:07:47.117+0000] {dag.py:4180} INFO - Setting next_dagrun for tutorial_objectstorage to None, run_after=None
[2025-04-27T00:07:47.136+0000] {processor.py:208} INFO - Processing /home/airflow/.local/lib/python3.10/site-packages/airflow/example_dags/tutorial_objectstorage.py took 0.067 seconds
[2025-04-27T00:08:17.270+0000] {processor.py:186} INFO - Started process (PID=21325) to work on /home/airflow/.local/lib/python3.10/site-packages/airflow/example_dags/tutorial_objectstorage.py
[2025-04-27T00:08:17.271+0000] {processor.py:914} INFO - Processing file /home/airflow/.local/lib/python3.10/site-packages/airflow/example_dags/tutorial_objectstorage.py for tasks to queue
[2025-04-27T00:08:17.273+0000] {logging_mixin.py:190} INFO - [2025-04-27T00:08:17.273+0000] {dagbag.py:588} INFO - Filling up the DagBag from /home/airflow/.local/lib/python3.10/site-packages/airflow/example_dags/tutorial_objectstorage.py
[2025-04-27T00:08:17.284+0000] {processor.py:925} INFO - DAG(s) 'tutorial_objectstorage' retrieved from /home/airflow/.local/lib/python3.10/site-packages/airflow/example_dags/tutorial_objectstorage.py
[2025-04-27T00:08:17.302+0000] {logging_mixin.py:190} INFO - [2025-04-27T00:08:17.302+0000] {dag.py:3239} INFO - Sync 1 DAGs
[2025-04-27T00:08:17.317+0000] {logging_mixin.py:190} INFO - [2025-04-27T00:08:17.316+0000] {dag.py:4180} INFO - Setting next_dagrun for tutorial_objectstorage to None, run_after=None
[2025-04-27T00:08:17.336+0000] {processor.py:208} INFO - Processing /home/airflow/.local/lib/python3.10/site-packages/airflow/example_dags/tutorial_objectstorage.py took 0.072 seconds
[2025-04-27T00:08:47.704+0000] {processor.py:186} INFO - Started process (PID=21391) to work on /home/airflow/.local/lib/python3.10/site-packages/airflow/example_dags/tutorial_objectstorage.py
[2025-04-27T00:08:47.705+0000] {processor.py:914} INFO - Processing file /home/airflow/.local/lib/python3.10/site-packages/airflow/example_dags/tutorial_objectstorage.py for tasks to queue
[2025-04-27T00:08:47.708+0000] {logging_mixin.py:190} INFO - [2025-04-27T00:08:47.707+0000] {dagbag.py:588} INFO - Filling up the DagBag from /home/airflow/.local/lib/python3.10/site-packages/airflow/example_dags/tutorial_objectstorage.py
[2025-04-27T00:08:47.719+0000] {processor.py:925} INFO - DAG(s) 'tutorial_objectstorage' retrieved from /home/airflow/.local/lib/python3.10/site-packages/airflow/example_dags/tutorial_objectstorage.py
[2025-04-27T00:08:47.745+0000] {logging_mixin.py:190} INFO - [2025-04-27T00:08:47.744+0000] {dag.py:3239} INFO - Sync 1 DAGs
[2025-04-27T00:08:47.763+0000] {logging_mixin.py:190} INFO - [2025-04-27T00:08:47.763+0000] {dag.py:4180} INFO - Setting next_dagrun for tutorial_objectstorage to None, run_after=None
[2025-04-27T00:08:47.790+0000] {processor.py:208} INFO - Processing /home/airflow/.local/lib/python3.10/site-packages/airflow/example_dags/tutorial_objectstorage.py took 0.093 seconds
[2025-04-27T00:09:17.978+0000] {processor.py:186} INFO - Started process (PID=21457) to work on /home/airflow/.local/lib/python3.10/site-packages/airflow/example_dags/tutorial_objectstorage.py
[2025-04-27T00:09:17.979+0000] {processor.py:914} INFO - Processing file /home/airflow/.local/lib/python3.10/site-packages/airflow/example_dags/tutorial_objectstorage.py for tasks to queue
[2025-04-27T00:09:17.982+0000] {logging_mixin.py:190} INFO - [2025-04-27T00:09:17.982+0000] {dagbag.py:588} INFO - Filling up the DagBag from /home/airflow/.local/lib/python3.10/site-packages/airflow/example_dags/tutorial_objectstorage.py
[2025-04-27T00:09:17.993+0000] {processor.py:925} INFO - DAG(s) 'tutorial_objectstorage' retrieved from /home/airflow/.local/lib/python3.10/site-packages/airflow/example_dags/tutorial_objectstorage.py
[2025-04-27T00:09:18.020+0000] {logging_mixin.py:190} INFO - [2025-04-27T00:09:18.020+0000] {dag.py:3239} INFO - Sync 1 DAGs
[2025-04-27T00:09:18.039+0000] {logging_mixin.py:190} INFO - [2025-04-27T00:09:18.039+0000] {dag.py:4180} INFO - Setting next_dagrun for tutorial_objectstorage to None, run_after=None
[2025-04-27T00:09:18.070+0000] {processor.py:208} INFO - Processing /home/airflow/.local/lib/python3.10/site-packages/airflow/example_dags/tutorial_objectstorage.py took 0.100 seconds
[2025-04-27T00:09:48.384+0000] {processor.py:186} INFO - Started process (PID=21523) to work on /home/airflow/.local/lib/python3.10/site-packages/airflow/example_dags/tutorial_objectstorage.py
[2025-04-27T00:09:48.385+0000] {processor.py:914} INFO - Processing file /home/airflow/.local/lib/python3.10/site-packages/airflow/example_dags/tutorial_objectstorage.py for tasks to queue
[2025-04-27T00:09:48.387+0000] {logging_mixin.py:190} INFO - [2025-04-27T00:09:48.387+0000] {dagbag.py:588} INFO - Filling up the DagBag from /home/airflow/.local/lib/python3.10/site-packages/airflow/example_dags/tutorial_objectstorage.py
[2025-04-27T00:09:48.398+0000] {processor.py:925} INFO - DAG(s) 'tutorial_objectstorage' retrieved from /home/airflow/.local/lib/python3.10/site-packages/airflow/example_dags/tutorial_objectstorage.py
[2025-04-27T00:09:48.426+0000] {logging_mixin.py:190} INFO - [2025-04-27T00:09:48.426+0000] {dag.py:3239} INFO - Sync 1 DAGs
[2025-04-27T00:09:48.443+0000] {logging_mixin.py:190} INFO - [2025-04-27T00:09:48.443+0000] {dag.py:4180} INFO - Setting next_dagrun for tutorial_objectstorage to None, run_after=None
[2025-04-27T00:09:48.466+0000] {processor.py:208} INFO - Processing /home/airflow/.local/lib/python3.10/site-packages/airflow/example_dags/tutorial_objectstorage.py took 0.089 seconds
[2025-04-27T00:10:18.650+0000] {processor.py:186} INFO - Started process (PID=21589) to work on /home/airflow/.local/lib/python3.10/site-packages/airflow/example_dags/tutorial_objectstorage.py
[2025-04-27T00:10:18.651+0000] {processor.py:914} INFO - Processing file /home/airflow/.local/lib/python3.10/site-packages/airflow/example_dags/tutorial_objectstorage.py for tasks to queue
[2025-04-27T00:10:18.653+0000] {logging_mixin.py:190} INFO - [2025-04-27T00:10:18.653+0000] {dagbag.py:588} INFO - Filling up the DagBag from /home/airflow/.local/lib/python3.10/site-packages/airflow/example_dags/tutorial_objectstorage.py
[2025-04-27T00:10:18.662+0000] {processor.py:925} INFO - DAG(s) 'tutorial_objectstorage' retrieved from /home/airflow/.local/lib/python3.10/site-packages/airflow/example_dags/tutorial_objectstorage.py
[2025-04-27T00:10:18.680+0000] {logging_mixin.py:190} INFO - [2025-04-27T00:10:18.680+0000] {dag.py:3239} INFO - Sync 1 DAGs
[2025-04-27T00:10:18.695+0000] {logging_mixin.py:190} INFO - [2025-04-27T00:10:18.695+0000] {dag.py:4180} INFO - Setting next_dagrun for tutorial_objectstorage to None, run_after=None
[2025-04-27T00:10:18.715+0000] {processor.py:208} INFO - Processing /home/airflow/.local/lib/python3.10/site-packages/airflow/example_dags/tutorial_objectstorage.py took 0.072 seconds
[2025-04-27T00:10:49.140+0000] {processor.py:186} INFO - Started process (PID=21655) to work on /home/airflow/.local/lib/python3.10/site-packages/airflow/example_dags/tutorial_objectstorage.py
[2025-04-27T00:10:49.141+0000] {processor.py:914} INFO - Processing file /home/airflow/.local/lib/python3.10/site-packages/airflow/example_dags/tutorial_objectstorage.py for tasks to queue
[2025-04-27T00:10:49.143+0000] {logging_mixin.py:190} INFO - [2025-04-27T00:10:49.143+0000] {dagbag.py:588} INFO - Filling up the DagBag from /home/airflow/.local/lib/python3.10/site-packages/airflow/example_dags/tutorial_objectstorage.py
[2025-04-27T00:10:49.153+0000] {processor.py:925} INFO - DAG(s) 'tutorial_objectstorage' retrieved from /home/airflow/.local/lib/python3.10/site-packages/airflow/example_dags/tutorial_objectstorage.py
[2025-04-27T00:10:49.173+0000] {logging_mixin.py:190} INFO - [2025-04-27T00:10:49.172+0000] {dag.py:3239} INFO - Sync 1 DAGs
[2025-04-27T00:10:49.186+0000] {logging_mixin.py:190} INFO - [2025-04-27T00:10:49.186+0000] {dag.py:4180} INFO - Setting next_dagrun for tutorial_objectstorage to None, run_after=None
[2025-04-27T00:10:49.204+0000] {processor.py:208} INFO - Processing /home/airflow/.local/lib/python3.10/site-packages/airflow/example_dags/tutorial_objectstorage.py took 0.071 seconds
[2025-04-27T00:11:19.673+0000] {processor.py:186} INFO - Started process (PID=21721) to work on /home/airflow/.local/lib/python3.10/site-packages/airflow/example_dags/tutorial_objectstorage.py
[2025-04-27T00:11:19.674+0000] {processor.py:914} INFO - Processing file /home/airflow/.local/lib/python3.10/site-packages/airflow/example_dags/tutorial_objectstorage.py for tasks to queue
[2025-04-27T00:11:19.676+0000] {logging_mixin.py:190} INFO - [2025-04-27T00:11:19.676+0000] {dagbag.py:588} INFO - Filling up the DagBag from /home/airflow/.local/lib/python3.10/site-packages/airflow/example_dags/tutorial_objectstorage.py
[2025-04-27T00:11:19.685+0000] {processor.py:925} INFO - DAG(s) 'tutorial_objectstorage' retrieved from /home/airflow/.local/lib/python3.10/site-packages/airflow/example_dags/tutorial_objectstorage.py
[2025-04-27T00:11:19.706+0000] {logging_mixin.py:190} INFO - [2025-04-27T00:11:19.705+0000] {dag.py:3239} INFO - Sync 1 DAGs
[2025-04-27T00:11:19.720+0000] {logging_mixin.py:190} INFO - [2025-04-27T00:11:19.720+0000] {dag.py:4180} INFO - Setting next_dagrun for tutorial_objectstorage to None, run_after=None
[2025-04-27T00:11:19.742+0000] {processor.py:208} INFO - Processing /home/airflow/.local/lib/python3.10/site-packages/airflow/example_dags/tutorial_objectstorage.py took 0.076 seconds
[2025-04-27T00:11:49.832+0000] {processor.py:186} INFO - Started process (PID=21787) to work on /home/airflow/.local/lib/python3.10/site-packages/airflow/example_dags/tutorial_objectstorage.py
[2025-04-27T00:11:49.833+0000] {processor.py:914} INFO - Processing file /home/airflow/.local/lib/python3.10/site-packages/airflow/example_dags/tutorial_objectstorage.py for tasks to queue
[2025-04-27T00:11:49.835+0000] {logging_mixin.py:190} INFO - [2025-04-27T00:11:49.835+0000] {dagbag.py:588} INFO - Filling up the DagBag from /home/airflow/.local/lib/python3.10/site-packages/airflow/example_dags/tutorial_objectstorage.py
[2025-04-27T00:11:49.844+0000] {processor.py:925} INFO - DAG(s) 'tutorial_objectstorage' retrieved from /home/airflow/.local/lib/python3.10/site-packages/airflow/example_dags/tutorial_objectstorage.py
[2025-04-27T00:11:49.862+0000] {logging_mixin.py:190} INFO - [2025-04-27T00:11:49.861+0000] {dag.py:3239} INFO - Sync 1 DAGs
[2025-04-27T00:11:49.874+0000] {logging_mixin.py:190} INFO - [2025-04-27T00:11:49.874+0000] {dag.py:4180} INFO - Setting next_dagrun for tutorial_objectstorage to None, run_after=None
[2025-04-27T00:11:49.891+0000] {processor.py:208} INFO - Processing /home/airflow/.local/lib/python3.10/site-packages/airflow/example_dags/tutorial_objectstorage.py took 0.065 seconds
[2025-04-27T00:12:20.217+0000] {processor.py:186} INFO - Started process (PID=21853) to work on /home/airflow/.local/lib/python3.10/site-packages/airflow/example_dags/tutorial_objectstorage.py
[2025-04-27T00:12:20.218+0000] {processor.py:914} INFO - Processing file /home/airflow/.local/lib/python3.10/site-packages/airflow/example_dags/tutorial_objectstorage.py for tasks to queue
[2025-04-27T00:12:20.220+0000] {logging_mixin.py:190} INFO - [2025-04-27T00:12:20.220+0000] {dagbag.py:588} INFO - Filling up the DagBag from /home/airflow/.local/lib/python3.10/site-packages/airflow/example_dags/tutorial_objectstorage.py
[2025-04-27T00:12:20.229+0000] {processor.py:925} INFO - DAG(s) 'tutorial_objectstorage' retrieved from /home/airflow/.local/lib/python3.10/site-packages/airflow/example_dags/tutorial_objectstorage.py
[2025-04-27T00:12:20.250+0000] {logging_mixin.py:190} INFO - [2025-04-27T00:12:20.250+0000] {dag.py:3239} INFO - Sync 1 DAGs
[2025-04-27T00:12:20.266+0000] {logging_mixin.py:190} INFO - [2025-04-27T00:12:20.265+0000] {dag.py:4180} INFO - Setting next_dagrun for tutorial_objectstorage to None, run_after=None
[2025-04-27T00:12:20.285+0000] {processor.py:208} INFO - Processing /home/airflow/.local/lib/python3.10/site-packages/airflow/example_dags/tutorial_objectstorage.py took 0.075 seconds
[2025-04-27T00:12:50.720+0000] {processor.py:186} INFO - Started process (PID=21919) to work on /home/airflow/.local/lib/python3.10/site-packages/airflow/example_dags/tutorial_objectstorage.py
[2025-04-27T00:12:50.721+0000] {processor.py:914} INFO - Processing file /home/airflow/.local/lib/python3.10/site-packages/airflow/example_dags/tutorial_objectstorage.py for tasks to queue
[2025-04-27T00:12:50.723+0000] {logging_mixin.py:190} INFO - [2025-04-27T00:12:50.723+0000] {dagbag.py:588} INFO - Filling up the DagBag from /home/airflow/.local/lib/python3.10/site-packages/airflow/example_dags/tutorial_objectstorage.py
[2025-04-27T00:12:50.733+0000] {processor.py:925} INFO - DAG(s) 'tutorial_objectstorage' retrieved from /home/airflow/.local/lib/python3.10/site-packages/airflow/example_dags/tutorial_objectstorage.py
[2025-04-27T00:12:50.751+0000] {logging_mixin.py:190} INFO - [2025-04-27T00:12:50.751+0000] {dag.py:3239} INFO - Sync 1 DAGs
[2025-04-27T00:12:50.765+0000] {logging_mixin.py:190} INFO - [2025-04-27T00:12:50.765+0000] {dag.py:4180} INFO - Setting next_dagrun for tutorial_objectstorage to None, run_after=None
[2025-04-27T00:12:50.785+0000] {processor.py:208} INFO - Processing /home/airflow/.local/lib/python3.10/site-packages/airflow/example_dags/tutorial_objectstorage.py took 0.071 seconds
[2025-04-27T00:13:21.198+0000] {processor.py:186} INFO - Started process (PID=21985) to work on /home/airflow/.local/lib/python3.10/site-packages/airflow/example_dags/tutorial_objectstorage.py
[2025-04-27T00:13:21.199+0000] {processor.py:914} INFO - Processing file /home/airflow/.local/lib/python3.10/site-packages/airflow/example_dags/tutorial_objectstorage.py for tasks to queue
[2025-04-27T00:13:21.202+0000] {logging_mixin.py:190} INFO - [2025-04-27T00:13:21.201+0000] {dagbag.py:588} INFO - Filling up the DagBag from /home/airflow/.local/lib/python3.10/site-packages/airflow/example_dags/tutorial_objectstorage.py
[2025-04-27T00:13:21.211+0000] {processor.py:925} INFO - DAG(s) 'tutorial_objectstorage' retrieved from /home/airflow/.local/lib/python3.10/site-packages/airflow/example_dags/tutorial_objectstorage.py
[2025-04-27T00:13:21.231+0000] {logging_mixin.py:190} INFO - [2025-04-27T00:13:21.231+0000] {dag.py:3239} INFO - Sync 1 DAGs
[2025-04-27T00:13:21.245+0000] {logging_mixin.py:190} INFO - [2025-04-27T00:13:21.245+0000] {dag.py:4180} INFO - Setting next_dagrun for tutorial_objectstorage to None, run_after=None
[2025-04-27T00:13:21.264+0000] {processor.py:208} INFO - Processing /home/airflow/.local/lib/python3.10/site-packages/airflow/example_dags/tutorial_objectstorage.py took 0.072 seconds
[2025-04-27T00:13:51.513+0000] {processor.py:186} INFO - Started process (PID=22051) to work on /home/airflow/.local/lib/python3.10/site-packages/airflow/example_dags/tutorial_objectstorage.py
[2025-04-27T00:13:51.514+0000] {processor.py:914} INFO - Processing file /home/airflow/.local/lib/python3.10/site-packages/airflow/example_dags/tutorial_objectstorage.py for tasks to queue
[2025-04-27T00:13:51.516+0000] {logging_mixin.py:190} INFO - [2025-04-27T00:13:51.516+0000] {dagbag.py:588} INFO - Filling up the DagBag from /home/airflow/.local/lib/python3.10/site-packages/airflow/example_dags/tutorial_objectstorage.py
[2025-04-27T00:13:51.528+0000] {processor.py:925} INFO - DAG(s) 'tutorial_objectstorage' retrieved from /home/airflow/.local/lib/python3.10/site-packages/airflow/example_dags/tutorial_objectstorage.py
[2025-04-27T00:13:51.550+0000] {logging_mixin.py:190} INFO - [2025-04-27T00:13:51.549+0000] {dag.py:3239} INFO - Sync 1 DAGs
[2025-04-27T00:13:51.564+0000] {logging_mixin.py:190} INFO - [2025-04-27T00:13:51.563+0000] {dag.py:4180} INFO - Setting next_dagrun for tutorial_objectstorage to None, run_after=None
[2025-04-27T00:13:51.585+0000] {processor.py:208} INFO - Processing /home/airflow/.local/lib/python3.10/site-packages/airflow/example_dags/tutorial_objectstorage.py took 0.079 seconds
[2025-04-27T00:14:22.111+0000] {processor.py:186} INFO - Started process (PID=22124) to work on /home/airflow/.local/lib/python3.10/site-packages/airflow/example_dags/tutorial_objectstorage.py
[2025-04-27T00:14:22.113+0000] {processor.py:914} INFO - Processing file /home/airflow/.local/lib/python3.10/site-packages/airflow/example_dags/tutorial_objectstorage.py for tasks to queue
[2025-04-27T00:14:22.115+0000] {logging_mixin.py:190} INFO - [2025-04-27T00:14:22.115+0000] {dagbag.py:588} INFO - Filling up the DagBag from /home/airflow/.local/lib/python3.10/site-packages/airflow/example_dags/tutorial_objectstorage.py
[2025-04-27T00:14:22.127+0000] {processor.py:925} INFO - DAG(s) 'tutorial_objectstorage' retrieved from /home/airflow/.local/lib/python3.10/site-packages/airflow/example_dags/tutorial_objectstorage.py
[2025-04-27T00:14:22.148+0000] {logging_mixin.py:190} INFO - [2025-04-27T00:14:22.148+0000] {dag.py:3239} INFO - Sync 1 DAGs
[2025-04-27T00:14:22.163+0000] {logging_mixin.py:190} INFO - [2025-04-27T00:14:22.163+0000] {dag.py:4180} INFO - Setting next_dagrun for tutorial_objectstorage to None, run_after=None
[2025-04-27T00:14:22.183+0000] {processor.py:208} INFO - Processing /home/airflow/.local/lib/python3.10/site-packages/airflow/example_dags/tutorial_objectstorage.py took 0.079 seconds
[2025-04-27T00:14:52.754+0000] {processor.py:186} INFO - Started process (PID=22189) to work on /home/airflow/.local/lib/python3.10/site-packages/airflow/example_dags/tutorial_objectstorage.py
[2025-04-27T00:14:52.755+0000] {processor.py:914} INFO - Processing file /home/airflow/.local/lib/python3.10/site-packages/airflow/example_dags/tutorial_objectstorage.py for tasks to queue
[2025-04-27T00:14:52.757+0000] {logging_mixin.py:190} INFO - [2025-04-27T00:14:52.757+0000] {dagbag.py:588} INFO - Filling up the DagBag from /home/airflow/.local/lib/python3.10/site-packages/airflow/example_dags/tutorial_objectstorage.py
[2025-04-27T00:14:52.766+0000] {processor.py:925} INFO - DAG(s) 'tutorial_objectstorage' retrieved from /home/airflow/.local/lib/python3.10/site-packages/airflow/example_dags/tutorial_objectstorage.py
[2025-04-27T00:14:52.785+0000] {logging_mixin.py:190} INFO - [2025-04-27T00:14:52.784+0000] {dag.py:3239} INFO - Sync 1 DAGs
[2025-04-27T00:14:52.800+0000] {logging_mixin.py:190} INFO - [2025-04-27T00:14:52.799+0000] {dag.py:4180} INFO - Setting next_dagrun for tutorial_objectstorage to None, run_after=None
[2025-04-27T00:14:52.822+0000] {processor.py:208} INFO - Processing /home/airflow/.local/lib/python3.10/site-packages/airflow/example_dags/tutorial_objectstorage.py took 0.074 seconds
[2025-04-27T00:15:23.564+0000] {processor.py:186} INFO - Started process (PID=22255) to work on /home/airflow/.local/lib/python3.10/site-packages/airflow/example_dags/tutorial_objectstorage.py
[2025-04-27T00:15:23.565+0000] {processor.py:914} INFO - Processing file /home/airflow/.local/lib/python3.10/site-packages/airflow/example_dags/tutorial_objectstorage.py for tasks to queue
[2025-04-27T00:15:23.567+0000] {logging_mixin.py:190} INFO - [2025-04-27T00:15:23.567+0000] {dagbag.py:588} INFO - Filling up the DagBag from /home/airflow/.local/lib/python3.10/site-packages/airflow/example_dags/tutorial_objectstorage.py
[2025-04-27T00:15:23.575+0000] {processor.py:925} INFO - DAG(s) 'tutorial_objectstorage' retrieved from /home/airflow/.local/lib/python3.10/site-packages/airflow/example_dags/tutorial_objectstorage.py
[2025-04-27T00:15:23.593+0000] {logging_mixin.py:190} INFO - [2025-04-27T00:15:23.592+0000] {dag.py:3239} INFO - Sync 1 DAGs
[2025-04-27T00:15:23.606+0000] {logging_mixin.py:190} INFO - [2025-04-27T00:15:23.606+0000] {dag.py:4180} INFO - Setting next_dagrun for tutorial_objectstorage to None, run_after=None
[2025-04-27T00:15:23.623+0000] {processor.py:208} INFO - Processing /home/airflow/.local/lib/python3.10/site-packages/airflow/example_dags/tutorial_objectstorage.py took 0.065 seconds
[2025-04-27T00:15:54.200+0000] {processor.py:186} INFO - Started process (PID=22320) to work on /home/airflow/.local/lib/python3.10/site-packages/airflow/example_dags/tutorial_objectstorage.py
[2025-04-27T00:15:54.201+0000] {processor.py:914} INFO - Processing file /home/airflow/.local/lib/python3.10/site-packages/airflow/example_dags/tutorial_objectstorage.py for tasks to queue
[2025-04-27T00:15:54.204+0000] {logging_mixin.py:190} INFO - [2025-04-27T00:15:54.203+0000] {dagbag.py:588} INFO - Filling up the DagBag from /home/airflow/.local/lib/python3.10/site-packages/airflow/example_dags/tutorial_objectstorage.py
[2025-04-27T00:15:54.215+0000] {processor.py:925} INFO - DAG(s) 'tutorial_objectstorage' retrieved from /home/airflow/.local/lib/python3.10/site-packages/airflow/example_dags/tutorial_objectstorage.py
[2025-04-27T00:15:54.238+0000] {logging_mixin.py:190} INFO - [2025-04-27T00:15:54.237+0000] {dag.py:3239} INFO - Sync 1 DAGs
[2025-04-27T00:15:54.255+0000] {logging_mixin.py:190} INFO - [2025-04-27T00:15:54.254+0000] {dag.py:4180} INFO - Setting next_dagrun for tutorial_objectstorage to None, run_after=None
[2025-04-27T00:15:54.278+0000] {processor.py:208} INFO - Processing /home/airflow/.local/lib/python3.10/site-packages/airflow/example_dags/tutorial_objectstorage.py took 0.085 seconds
[2025-04-27T00:16:24.511+0000] {processor.py:186} INFO - Started process (PID=22385) to work on /home/airflow/.local/lib/python3.10/site-packages/airflow/example_dags/tutorial_objectstorage.py
[2025-04-27T00:16:24.512+0000] {processor.py:914} INFO - Processing file /home/airflow/.local/lib/python3.10/site-packages/airflow/example_dags/tutorial_objectstorage.py for tasks to queue
[2025-04-27T00:16:24.514+0000] {logging_mixin.py:190} INFO - [2025-04-27T00:16:24.514+0000] {dagbag.py:588} INFO - Filling up the DagBag from /home/airflow/.local/lib/python3.10/site-packages/airflow/example_dags/tutorial_objectstorage.py
[2025-04-27T00:16:24.524+0000] {processor.py:925} INFO - DAG(s) 'tutorial_objectstorage' retrieved from /home/airflow/.local/lib/python3.10/site-packages/airflow/example_dags/tutorial_objectstorage.py
[2025-04-27T00:16:24.552+0000] {logging_mixin.py:190} INFO - [2025-04-27T00:16:24.552+0000] {dag.py:3239} INFO - Sync 1 DAGs
[2025-04-27T00:16:24.570+0000] {logging_mixin.py:190} INFO - [2025-04-27T00:16:24.569+0000] {dag.py:4180} INFO - Setting next_dagrun for tutorial_objectstorage to None, run_after=None
[2025-04-27T00:16:24.591+0000] {processor.py:208} INFO - Processing /home/airflow/.local/lib/python3.10/site-packages/airflow/example_dags/tutorial_objectstorage.py took 0.088 seconds
[2025-04-27T00:16:54.655+0000] {processor.py:186} INFO - Started process (PID=22451) to work on /home/airflow/.local/lib/python3.10/site-packages/airflow/example_dags/tutorial_objectstorage.py
[2025-04-27T00:16:54.656+0000] {processor.py:914} INFO - Processing file /home/airflow/.local/lib/python3.10/site-packages/airflow/example_dags/tutorial_objectstorage.py for tasks to queue
[2025-04-27T00:16:54.658+0000] {logging_mixin.py:190} INFO - [2025-04-27T00:16:54.658+0000] {dagbag.py:588} INFO - Filling up the DagBag from /home/airflow/.local/lib/python3.10/site-packages/airflow/example_dags/tutorial_objectstorage.py
[2025-04-27T00:16:54.666+0000] {processor.py:925} INFO - DAG(s) 'tutorial_objectstorage' retrieved from /home/airflow/.local/lib/python3.10/site-packages/airflow/example_dags/tutorial_objectstorage.py
[2025-04-27T00:16:54.685+0000] {logging_mixin.py:190} INFO - [2025-04-27T00:16:54.684+0000] {dag.py:3239} INFO - Sync 1 DAGs
[2025-04-27T00:16:54.702+0000] {logging_mixin.py:190} INFO - [2025-04-27T00:16:54.702+0000] {dag.py:4180} INFO - Setting next_dagrun for tutorial_objectstorage to None, run_after=None
[2025-04-27T00:16:54.722+0000] {processor.py:208} INFO - Processing /home/airflow/.local/lib/python3.10/site-packages/airflow/example_dags/tutorial_objectstorage.py took 0.073 seconds
[2025-04-27T00:17:25.760+0000] {processor.py:186} INFO - Started process (PID=22517) to work on /home/airflow/.local/lib/python3.10/site-packages/airflow/example_dags/tutorial_objectstorage.py
[2025-04-27T00:17:25.761+0000] {processor.py:914} INFO - Processing file /home/airflow/.local/lib/python3.10/site-packages/airflow/example_dags/tutorial_objectstorage.py for tasks to queue
[2025-04-27T00:17:25.764+0000] {logging_mixin.py:190} INFO - [2025-04-27T00:17:25.763+0000] {dagbag.py:588} INFO - Filling up the DagBag from /home/airflow/.local/lib/python3.10/site-packages/airflow/example_dags/tutorial_objectstorage.py
[2025-04-27T00:17:25.773+0000] {processor.py:925} INFO - DAG(s) 'tutorial_objectstorage' retrieved from /home/airflow/.local/lib/python3.10/site-packages/airflow/example_dags/tutorial_objectstorage.py
[2025-04-27T00:17:25.793+0000] {logging_mixin.py:190} INFO - [2025-04-27T00:17:25.793+0000] {dag.py:3239} INFO - Sync 1 DAGs
[2025-04-27T00:17:25.810+0000] {logging_mixin.py:190} INFO - [2025-04-27T00:17:25.810+0000] {dag.py:4180} INFO - Setting next_dagrun for tutorial_objectstorage to None, run_after=None
[2025-04-27T00:17:25.836+0000] {processor.py:208} INFO - Processing /home/airflow/.local/lib/python3.10/site-packages/airflow/example_dags/tutorial_objectstorage.py took 0.083 seconds
[2025-04-27T00:17:56.190+0000] {processor.py:186} INFO - Started process (PID=22583) to work on /home/airflow/.local/lib/python3.10/site-packages/airflow/example_dags/tutorial_objectstorage.py
[2025-04-27T00:17:56.191+0000] {processor.py:914} INFO - Processing file /home/airflow/.local/lib/python3.10/site-packages/airflow/example_dags/tutorial_objectstorage.py for tasks to queue
[2025-04-27T00:17:56.194+0000] {logging_mixin.py:190} INFO - [2025-04-27T00:17:56.194+0000] {dagbag.py:588} INFO - Filling up the DagBag from /home/airflow/.local/lib/python3.10/site-packages/airflow/example_dags/tutorial_objectstorage.py
[2025-04-27T00:17:56.204+0000] {processor.py:925} INFO - DAG(s) 'tutorial_objectstorage' retrieved from /home/airflow/.local/lib/python3.10/site-packages/airflow/example_dags/tutorial_objectstorage.py
[2025-04-27T00:17:56.224+0000] {logging_mixin.py:190} INFO - [2025-04-27T00:17:56.224+0000] {dag.py:3239} INFO - Sync 1 DAGs
[2025-04-27T00:17:56.239+0000] {logging_mixin.py:190} INFO - [2025-04-27T00:17:56.238+0000] {dag.py:4180} INFO - Setting next_dagrun for tutorial_objectstorage to None, run_after=None
[2025-04-27T00:17:56.258+0000] {processor.py:208} INFO - Processing /home/airflow/.local/lib/python3.10/site-packages/airflow/example_dags/tutorial_objectstorage.py took 0.075 seconds
[2025-04-27T00:18:26.741+0000] {processor.py:186} INFO - Started process (PID=22649) to work on /home/airflow/.local/lib/python3.10/site-packages/airflow/example_dags/tutorial_objectstorage.py
[2025-04-27T00:18:26.742+0000] {processor.py:914} INFO - Processing file /home/airflow/.local/lib/python3.10/site-packages/airflow/example_dags/tutorial_objectstorage.py for tasks to queue
[2025-04-27T00:18:26.746+0000] {logging_mixin.py:190} INFO - [2025-04-27T00:18:26.745+0000] {dagbag.py:588} INFO - Filling up the DagBag from /home/airflow/.local/lib/python3.10/site-packages/airflow/example_dags/tutorial_objectstorage.py
[2025-04-27T00:18:26.760+0000] {processor.py:925} INFO - DAG(s) 'tutorial_objectstorage' retrieved from /home/airflow/.local/lib/python3.10/site-packages/airflow/example_dags/tutorial_objectstorage.py
[2025-04-27T00:18:26.798+0000] {logging_mixin.py:190} INFO - [2025-04-27T00:18:26.797+0000] {dag.py:3239} INFO - Sync 1 DAGs
[2025-04-27T00:18:26.833+0000] {logging_mixin.py:190} INFO - [2025-04-27T00:18:26.830+0000] {dag.py:4180} INFO - Setting next_dagrun for tutorial_objectstorage to None, run_after=None
[2025-04-27T00:18:26.870+0000] {processor.py:208} INFO - Processing /home/airflow/.local/lib/python3.10/site-packages/airflow/example_dags/tutorial_objectstorage.py took 0.137 seconds
[2025-04-27T00:18:57.177+0000] {processor.py:186} INFO - Started process (PID=22715) to work on /home/airflow/.local/lib/python3.10/site-packages/airflow/example_dags/tutorial_objectstorage.py
[2025-04-27T00:18:57.178+0000] {processor.py:914} INFO - Processing file /home/airflow/.local/lib/python3.10/site-packages/airflow/example_dags/tutorial_objectstorage.py for tasks to queue
[2025-04-27T00:18:57.181+0000] {logging_mixin.py:190} INFO - [2025-04-27T00:18:57.180+0000] {dagbag.py:588} INFO - Filling up the DagBag from /home/airflow/.local/lib/python3.10/site-packages/airflow/example_dags/tutorial_objectstorage.py
[2025-04-27T00:18:57.191+0000] {processor.py:925} INFO - DAG(s) 'tutorial_objectstorage' retrieved from /home/airflow/.local/lib/python3.10/site-packages/airflow/example_dags/tutorial_objectstorage.py
[2025-04-27T00:18:57.215+0000] {logging_mixin.py:190} INFO - [2025-04-27T00:18:57.214+0000] {dag.py:3239} INFO - Sync 1 DAGs
[2025-04-27T00:18:57.233+0000] {logging_mixin.py:190} INFO - [2025-04-27T00:18:57.233+0000] {dag.py:4180} INFO - Setting next_dagrun for tutorial_objectstorage to None, run_after=None
[2025-04-27T00:18:57.260+0000] {processor.py:208} INFO - Processing /home/airflow/.local/lib/python3.10/site-packages/airflow/example_dags/tutorial_objectstorage.py took 0.090 seconds
[2025-04-27T00:19:27.341+0000] {processor.py:186} INFO - Started process (PID=22781) to work on /home/airflow/.local/lib/python3.10/site-packages/airflow/example_dags/tutorial_objectstorage.py
[2025-04-27T00:19:27.343+0000] {processor.py:914} INFO - Processing file /home/airflow/.local/lib/python3.10/site-packages/airflow/example_dags/tutorial_objectstorage.py for tasks to queue
[2025-04-27T00:19:27.345+0000] {logging_mixin.py:190} INFO - [2025-04-27T00:19:27.345+0000] {dagbag.py:588} INFO - Filling up the DagBag from /home/airflow/.local/lib/python3.10/site-packages/airflow/example_dags/tutorial_objectstorage.py
[2025-04-27T00:19:27.354+0000] {processor.py:925} INFO - DAG(s) 'tutorial_objectstorage' retrieved from /home/airflow/.local/lib/python3.10/site-packages/airflow/example_dags/tutorial_objectstorage.py
[2025-04-27T00:19:27.371+0000] {logging_mixin.py:190} INFO - [2025-04-27T00:19:27.371+0000] {dag.py:3239} INFO - Sync 1 DAGs
[2025-04-27T00:19:27.385+0000] {logging_mixin.py:190} INFO - [2025-04-27T00:19:27.385+0000] {dag.py:4180} INFO - Setting next_dagrun for tutorial_objectstorage to None, run_after=None
[2025-04-27T00:19:27.404+0000] {processor.py:208} INFO - Processing /home/airflow/.local/lib/python3.10/site-packages/airflow/example_dags/tutorial_objectstorage.py took 0.071 seconds
[2025-04-27T00:19:57.569+0000] {processor.py:186} INFO - Started process (PID=22847) to work on /home/airflow/.local/lib/python3.10/site-packages/airflow/example_dags/tutorial_objectstorage.py
[2025-04-27T00:19:57.570+0000] {processor.py:914} INFO - Processing file /home/airflow/.local/lib/python3.10/site-packages/airflow/example_dags/tutorial_objectstorage.py for tasks to queue
[2025-04-27T00:19:57.572+0000] {logging_mixin.py:190} INFO - [2025-04-27T00:19:57.572+0000] {dagbag.py:588} INFO - Filling up the DagBag from /home/airflow/.local/lib/python3.10/site-packages/airflow/example_dags/tutorial_objectstorage.py
[2025-04-27T00:19:57.580+0000] {processor.py:925} INFO - DAG(s) 'tutorial_objectstorage' retrieved from /home/airflow/.local/lib/python3.10/site-packages/airflow/example_dags/tutorial_objectstorage.py
[2025-04-27T00:19:57.601+0000] {logging_mixin.py:190} INFO - [2025-04-27T00:19:57.601+0000] {dag.py:3239} INFO - Sync 1 DAGs
[2025-04-27T00:19:57.616+0000] {logging_mixin.py:190} INFO - [2025-04-27T00:19:57.615+0000] {dag.py:4180} INFO - Setting next_dagrun for tutorial_objectstorage to None, run_after=None
[2025-04-27T00:19:57.637+0000] {processor.py:208} INFO - Processing /home/airflow/.local/lib/python3.10/site-packages/airflow/example_dags/tutorial_objectstorage.py took 0.073 seconds
[2025-04-27T00:20:28.303+0000] {processor.py:186} INFO - Started process (PID=22913) to work on /home/airflow/.local/lib/python3.10/site-packages/airflow/example_dags/tutorial_objectstorage.py
[2025-04-27T00:20:28.305+0000] {processor.py:914} INFO - Processing file /home/airflow/.local/lib/python3.10/site-packages/airflow/example_dags/tutorial_objectstorage.py for tasks to queue
[2025-04-27T00:20:28.307+0000] {logging_mixin.py:190} INFO - [2025-04-27T00:20:28.307+0000] {dagbag.py:588} INFO - Filling up the DagBag from /home/airflow/.local/lib/python3.10/site-packages/airflow/example_dags/tutorial_objectstorage.py
[2025-04-27T00:20:28.318+0000] {processor.py:925} INFO - DAG(s) 'tutorial_objectstorage' retrieved from /home/airflow/.local/lib/python3.10/site-packages/airflow/example_dags/tutorial_objectstorage.py
[2025-04-27T00:20:28.339+0000] {logging_mixin.py:190} INFO - [2025-04-27T00:20:28.339+0000] {dag.py:3239} INFO - Sync 1 DAGs
[2025-04-27T00:20:28.355+0000] {logging_mixin.py:190} INFO - [2025-04-27T00:20:28.355+0000] {dag.py:4180} INFO - Setting next_dagrun for tutorial_objectstorage to None, run_after=None
[2025-04-27T00:20:28.379+0000] {processor.py:208} INFO - Processing /home/airflow/.local/lib/python3.10/site-packages/airflow/example_dags/tutorial_objectstorage.py took 0.081 seconds
[2025-04-27T00:20:59.370+0000] {processor.py:186} INFO - Started process (PID=22979) to work on /home/airflow/.local/lib/python3.10/site-packages/airflow/example_dags/tutorial_objectstorage.py
[2025-04-27T00:20:59.371+0000] {processor.py:914} INFO - Processing file /home/airflow/.local/lib/python3.10/site-packages/airflow/example_dags/tutorial_objectstorage.py for tasks to queue
[2025-04-27T00:20:59.374+0000] {logging_mixin.py:190} INFO - [2025-04-27T00:20:59.373+0000] {dagbag.py:588} INFO - Filling up the DagBag from /home/airflow/.local/lib/python3.10/site-packages/airflow/example_dags/tutorial_objectstorage.py
[2025-04-27T00:20:59.386+0000] {processor.py:925} INFO - DAG(s) 'tutorial_objectstorage' retrieved from /home/airflow/.local/lib/python3.10/site-packages/airflow/example_dags/tutorial_objectstorage.py
[2025-04-27T00:20:59.413+0000] {logging_mixin.py:190} INFO - [2025-04-27T00:20:59.412+0000] {dag.py:3239} INFO - Sync 1 DAGs
[2025-04-27T00:20:59.429+0000] {logging_mixin.py:190} INFO - [2025-04-27T00:20:59.429+0000] {dag.py:4180} INFO - Setting next_dagrun for tutorial_objectstorage to None, run_after=None
[2025-04-27T00:20:59.453+0000] {processor.py:208} INFO - Processing /home/airflow/.local/lib/python3.10/site-packages/airflow/example_dags/tutorial_objectstorage.py took 0.091 seconds
[2025-04-27T00:21:29.930+0000] {processor.py:186} INFO - Started process (PID=23045) to work on /home/airflow/.local/lib/python3.10/site-packages/airflow/example_dags/tutorial_objectstorage.py
[2025-04-27T00:21:29.931+0000] {processor.py:914} INFO - Processing file /home/airflow/.local/lib/python3.10/site-packages/airflow/example_dags/tutorial_objectstorage.py for tasks to queue
[2025-04-27T00:21:29.933+0000] {logging_mixin.py:190} INFO - [2025-04-27T00:21:29.932+0000] {dagbag.py:588} INFO - Filling up the DagBag from /home/airflow/.local/lib/python3.10/site-packages/airflow/example_dags/tutorial_objectstorage.py
[2025-04-27T00:21:29.942+0000] {processor.py:925} INFO - DAG(s) 'tutorial_objectstorage' retrieved from /home/airflow/.local/lib/python3.10/site-packages/airflow/example_dags/tutorial_objectstorage.py
[2025-04-27T00:21:29.960+0000] {logging_mixin.py:190} INFO - [2025-04-27T00:21:29.960+0000] {dag.py:3239} INFO - Sync 1 DAGs
[2025-04-27T00:21:29.974+0000] {logging_mixin.py:190} INFO - [2025-04-27T00:21:29.973+0000] {dag.py:4180} INFO - Setting next_dagrun for tutorial_objectstorage to None, run_after=None
[2025-04-27T00:21:29.994+0000] {processor.py:208} INFO - Processing /home/airflow/.local/lib/python3.10/site-packages/airflow/example_dags/tutorial_objectstorage.py took 0.070 seconds
[2025-04-27T00:22:00.708+0000] {processor.py:186} INFO - Started process (PID=23111) to work on /home/airflow/.local/lib/python3.10/site-packages/airflow/example_dags/tutorial_objectstorage.py
[2025-04-27T00:22:00.710+0000] {processor.py:914} INFO - Processing file /home/airflow/.local/lib/python3.10/site-packages/airflow/example_dags/tutorial_objectstorage.py for tasks to queue
[2025-04-27T00:22:00.713+0000] {logging_mixin.py:190} INFO - [2025-04-27T00:22:00.712+0000] {dagbag.py:588} INFO - Filling up the DagBag from /home/airflow/.local/lib/python3.10/site-packages/airflow/example_dags/tutorial_objectstorage.py
[2025-04-27T00:22:00.723+0000] {processor.py:925} INFO - DAG(s) 'tutorial_objectstorage' retrieved from /home/airflow/.local/lib/python3.10/site-packages/airflow/example_dags/tutorial_objectstorage.py
[2025-04-27T00:22:00.746+0000] {logging_mixin.py:190} INFO - [2025-04-27T00:22:00.745+0000] {dag.py:3239} INFO - Sync 1 DAGs
[2025-04-27T00:22:00.761+0000] {logging_mixin.py:190} INFO - [2025-04-27T00:22:00.761+0000] {dag.py:4180} INFO - Setting next_dagrun for tutorial_objectstorage to None, run_after=None
[2025-04-27T00:22:00.783+0000] {processor.py:208} INFO - Processing /home/airflow/.local/lib/python3.10/site-packages/airflow/example_dags/tutorial_objectstorage.py took 0.081 seconds
[2025-04-27T00:22:31.715+0000] {processor.py:186} INFO - Started process (PID=23177) to work on /home/airflow/.local/lib/python3.10/site-packages/airflow/example_dags/tutorial_objectstorage.py
[2025-04-27T00:22:31.716+0000] {processor.py:914} INFO - Processing file /home/airflow/.local/lib/python3.10/site-packages/airflow/example_dags/tutorial_objectstorage.py for tasks to queue
[2025-04-27T00:22:31.719+0000] {logging_mixin.py:190} INFO - [2025-04-27T00:22:31.719+0000] {dagbag.py:588} INFO - Filling up the DagBag from /home/airflow/.local/lib/python3.10/site-packages/airflow/example_dags/tutorial_objectstorage.py
[2025-04-27T00:22:31.728+0000] {processor.py:925} INFO - DAG(s) 'tutorial_objectstorage' retrieved from /home/airflow/.local/lib/python3.10/site-packages/airflow/example_dags/tutorial_objectstorage.py
[2025-04-27T00:22:31.748+0000] {logging_mixin.py:190} INFO - [2025-04-27T00:22:31.748+0000] {dag.py:3239} INFO - Sync 1 DAGs
[2025-04-27T00:22:31.765+0000] {logging_mixin.py:190} INFO - [2025-04-27T00:22:31.765+0000] {dag.py:4180} INFO - Setting next_dagrun for tutorial_objectstorage to None, run_after=None
[2025-04-27T00:22:31.786+0000] {processor.py:208} INFO - Processing /home/airflow/.local/lib/python3.10/site-packages/airflow/example_dags/tutorial_objectstorage.py took 0.077 seconds
[2025-04-27T00:23:02.247+0000] {processor.py:186} INFO - Started process (PID=23243) to work on /home/airflow/.local/lib/python3.10/site-packages/airflow/example_dags/tutorial_objectstorage.py
[2025-04-27T00:23:02.248+0000] {processor.py:914} INFO - Processing file /home/airflow/.local/lib/python3.10/site-packages/airflow/example_dags/tutorial_objectstorage.py for tasks to queue
[2025-04-27T00:23:02.250+0000] {logging_mixin.py:190} INFO - [2025-04-27T00:23:02.250+0000] {dagbag.py:588} INFO - Filling up the DagBag from /home/airflow/.local/lib/python3.10/site-packages/airflow/example_dags/tutorial_objectstorage.py
[2025-04-27T00:23:02.260+0000] {processor.py:925} INFO - DAG(s) 'tutorial_objectstorage' retrieved from /home/airflow/.local/lib/python3.10/site-packages/airflow/example_dags/tutorial_objectstorage.py
[2025-04-27T00:23:02.280+0000] {logging_mixin.py:190} INFO - [2025-04-27T00:23:02.279+0000] {dag.py:3239} INFO - Sync 1 DAGs
[2025-04-27T00:23:02.293+0000] {logging_mixin.py:190} INFO - [2025-04-27T00:23:02.293+0000] {dag.py:4180} INFO - Setting next_dagrun for tutorial_objectstorage to None, run_after=None
[2025-04-27T00:23:02.312+0000] {processor.py:208} INFO - Processing /home/airflow/.local/lib/python3.10/site-packages/airflow/example_dags/tutorial_objectstorage.py took 0.071 seconds
[2025-04-27T00:23:33.588+0000] {processor.py:186} INFO - Started process (PID=23309) to work on /home/airflow/.local/lib/python3.10/site-packages/airflow/example_dags/tutorial_objectstorage.py
[2025-04-27T00:23:33.589+0000] {processor.py:914} INFO - Processing file /home/airflow/.local/lib/python3.10/site-packages/airflow/example_dags/tutorial_objectstorage.py for tasks to queue
[2025-04-27T00:23:33.591+0000] {logging_mixin.py:190} INFO - [2025-04-27T00:23:33.591+0000] {dagbag.py:588} INFO - Filling up the DagBag from /home/airflow/.local/lib/python3.10/site-packages/airflow/example_dags/tutorial_objectstorage.py
[2025-04-27T00:23:33.599+0000] {processor.py:925} INFO - DAG(s) 'tutorial_objectstorage' retrieved from /home/airflow/.local/lib/python3.10/site-packages/airflow/example_dags/tutorial_objectstorage.py
[2025-04-27T00:23:33.616+0000] {logging_mixin.py:190} INFO - [2025-04-27T00:23:33.616+0000] {dag.py:3239} INFO - Sync 1 DAGs
[2025-04-27T00:23:33.630+0000] {logging_mixin.py:190} INFO - [2025-04-27T00:23:33.629+0000] {dag.py:4180} INFO - Setting next_dagrun for tutorial_objectstorage to None, run_after=None
[2025-04-27T00:23:33.648+0000] {processor.py:208} INFO - Processing /home/airflow/.local/lib/python3.10/site-packages/airflow/example_dags/tutorial_objectstorage.py took 0.066 seconds
[2025-04-27T00:24:04.780+0000] {processor.py:186} INFO - Started process (PID=23375) to work on /home/airflow/.local/lib/python3.10/site-packages/airflow/example_dags/tutorial_objectstorage.py
[2025-04-27T00:24:04.781+0000] {processor.py:914} INFO - Processing file /home/airflow/.local/lib/python3.10/site-packages/airflow/example_dags/tutorial_objectstorage.py for tasks to queue
[2025-04-27T00:24:04.784+0000] {logging_mixin.py:190} INFO - [2025-04-27T00:24:04.784+0000] {dagbag.py:588} INFO - Filling up the DagBag from /home/airflow/.local/lib/python3.10/site-packages/airflow/example_dags/tutorial_objectstorage.py
[2025-04-27T00:24:04.796+0000] {processor.py:925} INFO - DAG(s) 'tutorial_objectstorage' retrieved from /home/airflow/.local/lib/python3.10/site-packages/airflow/example_dags/tutorial_objectstorage.py
[2025-04-27T00:24:04.819+0000] {logging_mixin.py:190} INFO - [2025-04-27T00:24:04.819+0000] {dag.py:3239} INFO - Sync 1 DAGs
[2025-04-27T00:24:04.839+0000] {logging_mixin.py:190} INFO - [2025-04-27T00:24:04.838+0000] {dag.py:4180} INFO - Setting next_dagrun for tutorial_objectstorage to None, run_after=None
[2025-04-27T00:24:04.863+0000] {processor.py:208} INFO - Processing /home/airflow/.local/lib/python3.10/site-packages/airflow/example_dags/tutorial_objectstorage.py took 0.090 seconds
[2025-04-27T00:24:36.068+0000] {processor.py:186} INFO - Started process (PID=23441) to work on /home/airflow/.local/lib/python3.10/site-packages/airflow/example_dags/tutorial_objectstorage.py
[2025-04-27T00:24:36.069+0000] {processor.py:914} INFO - Processing file /home/airflow/.local/lib/python3.10/site-packages/airflow/example_dags/tutorial_objectstorage.py for tasks to queue
[2025-04-27T00:24:36.071+0000] {logging_mixin.py:190} INFO - [2025-04-27T00:24:36.071+0000] {dagbag.py:588} INFO - Filling up the DagBag from /home/airflow/.local/lib/python3.10/site-packages/airflow/example_dags/tutorial_objectstorage.py
[2025-04-27T00:24:36.080+0000] {processor.py:925} INFO - DAG(s) 'tutorial_objectstorage' retrieved from /home/airflow/.local/lib/python3.10/site-packages/airflow/example_dags/tutorial_objectstorage.py
[2025-04-27T00:24:36.101+0000] {logging_mixin.py:190} INFO - [2025-04-27T00:24:36.100+0000] {dag.py:3239} INFO - Sync 1 DAGs
[2025-04-27T00:24:36.114+0000] {logging_mixin.py:190} INFO - [2025-04-27T00:24:36.114+0000] {dag.py:4180} INFO - Setting next_dagrun for tutorial_objectstorage to None, run_after=None
[2025-04-27T00:24:36.134+0000] {processor.py:208} INFO - Processing /home/airflow/.local/lib/python3.10/site-packages/airflow/example_dags/tutorial_objectstorage.py took 0.072 seconds
[2025-04-27T00:25:07.073+0000] {processor.py:186} INFO - Started process (PID=23507) to work on /home/airflow/.local/lib/python3.10/site-packages/airflow/example_dags/tutorial_objectstorage.py
[2025-04-27T00:25:07.074+0000] {processor.py:914} INFO - Processing file /home/airflow/.local/lib/python3.10/site-packages/airflow/example_dags/tutorial_objectstorage.py for tasks to queue
[2025-04-27T00:25:07.077+0000] {logging_mixin.py:190} INFO - [2025-04-27T00:25:07.077+0000] {dagbag.py:588} INFO - Filling up the DagBag from /home/airflow/.local/lib/python3.10/site-packages/airflow/example_dags/tutorial_objectstorage.py
[2025-04-27T00:25:07.091+0000] {processor.py:925} INFO - DAG(s) 'tutorial_objectstorage' retrieved from /home/airflow/.local/lib/python3.10/site-packages/airflow/example_dags/tutorial_objectstorage.py
[2025-04-27T00:25:07.117+0000] {logging_mixin.py:190} INFO - [2025-04-27T00:25:07.116+0000] {dag.py:3239} INFO - Sync 1 DAGs
[2025-04-27T00:25:07.135+0000] {logging_mixin.py:190} INFO - [2025-04-27T00:25:07.135+0000] {dag.py:4180} INFO - Setting next_dagrun for tutorial_objectstorage to None, run_after=None
[2025-04-27T00:25:07.159+0000] {processor.py:208} INFO - Processing /home/airflow/.local/lib/python3.10/site-packages/airflow/example_dags/tutorial_objectstorage.py took 0.093 seconds
