[2025-04-24T08:02:22.385+0000] {local_task_job_runner.py:123} INFO - ::group::Pre task execution logs
[2025-04-24T08:02:22.622+0000] {taskinstance.py:2614} INFO - Dependencies all met for dep_context=non-requeueable deps ti=<TaskInstance: traffic_images_collector.transform_and_load_data manual__2025-04-24T08:02:13.486887+00:00 [queued]>
[2025-04-24T08:02:22.635+0000] {taskinstance.py:2614} INFO - Dependencies all met for dep_context=requeueable deps ti=<TaskInstance: traffic_images_collector.transform_and_load_data manual__2025-04-24T08:02:13.486887+00:00 [queued]>
[2025-04-24T08:02:22.636+0000] {taskinstance.py:2867} INFO - Starting attempt 1 of 4
[2025-04-24T08:02:22.650+0000] {taskinstance.py:2890} INFO - Executing <Task(_PythonDecoratedOperator): transform_and_load_data> on 2025-04-24 08:02:13.486887+00:00
[2025-04-24T08:02:22.661+0000] {warnings.py:112} WARNING - /home/***/.local/lib/python3.12/site-packages/***/task/task_runner/standard_task_runner.py:70: DeprecationWarning: This process (pid=662) is multi-threaded, use of fork() may lead to deadlocks in the child.
  pid = os.fork()

[2025-04-24T08:02:22.662+0000] {standard_task_runner.py:72} INFO - Started process 664 to run task
[2025-04-24T08:02:22.663+0000] {standard_task_runner.py:104} INFO - Running: ['***', 'tasks', 'run', 'traffic_images_collector', 'transform_and_load_data', 'manual__2025-04-24T08:02:13.486887+00:00', '--job-id', '29', '--raw', '--subdir', 'DAGS_FOLDER/traffic_images_collector.py', '--cfg-path', '/tmp/tmpyz2mdkih']
[2025-04-24T08:02:22.664+0000] {standard_task_runner.py:105} INFO - Job 29: Subtask transform_and_load_data
[2025-04-24T08:02:22.712+0000] {task_command.py:467} INFO - Running <TaskInstance: traffic_images_collector.transform_and_load_data manual__2025-04-24T08:02:13.486887+00:00 [running]> on host d8cd43aac9c4
[2025-04-24T08:02:22.818+0000] {taskinstance.py:3134} INFO - Exporting env vars: AIRFLOW_CTX_DAG_OWNER='***' AIRFLOW_CTX_DAG_ID='traffic_images_collector' AIRFLOW_CTX_TASK_ID='transform_and_load_data' AIRFLOW_CTX_EXECUTION_DATE='2025-04-24T08:02:13.486887+00:00' AIRFLOW_CTX_TRY_NUMBER='1' AIRFLOW_CTX_DAG_RUN_ID='manual__2025-04-24T08:02:13.486887+00:00'
[2025-04-24T08:02:22.819+0000] {logging_mixin.py:190} INFO - Task instance is in running state
[2025-04-24T08:02:22.820+0000] {logging_mixin.py:190} INFO -  Previous state of the Task instance: queued
[2025-04-24T08:02:22.820+0000] {logging_mixin.py:190} INFO - Current task name:transform_and_load_data state:running start_date:2025-04-24 08:02:22.623039+00:00
[2025-04-24T08:02:22.821+0000] {logging_mixin.py:190} INFO - Dag name:traffic_images_collector and current dag run status:running
[2025-04-24T08:02:22.821+0000] {taskinstance.py:732} INFO - ::endgroup::
[2025-04-24T08:02:22.828+0000] {python.py:240} INFO - Done. Returned value was: None
[2025-04-24T08:02:22.838+0000] {taskinstance.py:341} INFO - ::group::Post task execution logs
[2025-04-24T08:02:22.839+0000] {taskinstance.py:353} INFO - Marking task as SUCCESS. dag_id=traffic_images_collector, task_id=transform_and_load_data, run_id=manual__2025-04-24T08:02:13.486887+00:00, execution_date=20250424T080213, start_date=20250424T080222, end_date=20250424T080222
[2025-04-24T08:02:22.867+0000] {logging_mixin.py:190} INFO - Task instance in success state
[2025-04-24T08:02:22.868+0000] {logging_mixin.py:190} INFO -  Previous state of the Task instance: running
[2025-04-24T08:02:22.869+0000] {logging_mixin.py:190} INFO - Dag name:traffic_images_collector queued_at:2025-04-24 08:02:13.503453+00:00
[2025-04-24T08:02:22.869+0000] {logging_mixin.py:190} INFO - Task hostname:d8cd43aac9c4 operator:_PythonDecoratedOperator
[2025-04-24T08:02:22.918+0000] {local_task_job_runner.py:266} INFO - Task exited with return code 0
[2025-04-24T08:02:22.929+0000] {local_task_job_runner.py:245} INFO - ::endgroup::
