[2025-04-24T08:02:16.970+0000] {local_task_job_runner.py:123} INFO - ::group::Pre task execution logs
[2025-04-24T08:02:16.997+0000] {taskinstance.py:2614} INFO - Dependencies all met for dep_context=non-requeueable deps ti=<TaskInstance: traffic_images_collector.create_db_schema manual__2025-04-24T08:02:13.486887+00:00 [queued]>
[2025-04-24T08:02:17.011+0000] {taskinstance.py:2614} INFO - Dependencies all met for dep_context=requeueable deps ti=<TaskInstance: traffic_images_collector.create_db_schema manual__2025-04-24T08:02:13.486887+00:00 [queued]>
[2025-04-24T08:02:17.012+0000] {taskinstance.py:2867} INFO - Starting attempt 1 of 4
[2025-04-24T08:02:17.037+0000] {taskinstance.py:2890} INFO - Executing <Task(_PythonDecoratedOperator): create_db_schema> on 2025-04-24 08:02:13.486887+00:00
[2025-04-24T08:02:17.053+0000] {warnings.py:112} WARNING - /home/***/.local/lib/python3.12/site-packages/***/task/task_runner/standard_task_runner.py:70: DeprecationWarning: This process (pid=645) is multi-threaded, use of fork() may lead to deadlocks in the child.
  pid = os.fork()

[2025-04-24T08:02:17.056+0000] {standard_task_runner.py:72} INFO - Started process 652 to run task
[2025-04-24T08:02:17.058+0000] {standard_task_runner.py:104} INFO - Running: ['***', 'tasks', 'run', 'traffic_images_collector', 'create_db_schema', 'manual__2025-04-24T08:02:13.486887+00:00', '--job-id', '26', '--raw', '--subdir', 'DAGS_FOLDER/traffic_images_collector.py', '--cfg-path', '/tmp/tmpnn5bnp06']
[2025-04-24T08:02:17.060+0000] {standard_task_runner.py:105} INFO - Job 26: Subtask create_db_schema
[2025-04-24T08:02:17.141+0000] {task_command.py:467} INFO - Running <TaskInstance: traffic_images_collector.create_db_schema manual__2025-04-24T08:02:13.486887+00:00 [running]> on host d8cd43aac9c4
[2025-04-24T08:02:17.293+0000] {taskinstance.py:3134} INFO - Exporting env vars: AIRFLOW_CTX_DAG_OWNER='***' AIRFLOW_CTX_DAG_ID='traffic_images_collector' AIRFLOW_CTX_TASK_ID='create_db_schema' AIRFLOW_CTX_EXECUTION_DATE='2025-04-24T08:02:13.486887+00:00' AIRFLOW_CTX_TRY_NUMBER='1' AIRFLOW_CTX_DAG_RUN_ID='manual__2025-04-24T08:02:13.486887+00:00'
[2025-04-24T08:02:17.295+0000] {logging_mixin.py:190} INFO - Task instance is in running state
[2025-04-24T08:02:17.296+0000] {logging_mixin.py:190} INFO -  Previous state of the Task instance: queued
[2025-04-24T08:02:17.297+0000] {logging_mixin.py:190} INFO - Current task name:create_db_schema state:running start_date:2025-04-24 08:02:16.997991+00:00
[2025-04-24T08:02:17.297+0000] {logging_mixin.py:190} INFO - Dag name:traffic_images_collector and current dag run status:running
[2025-04-24T08:02:17.298+0000] {taskinstance.py:732} INFO - ::endgroup::
[2025-04-24T08:02:17.301+0000] {python.py:240} INFO - Done. Returned value was: None
[2025-04-24T08:02:17.316+0000] {taskinstance.py:341} INFO - ::group::Post task execution logs
[2025-04-24T08:02:17.317+0000] {taskinstance.py:353} INFO - Marking task as SUCCESS. dag_id=traffic_images_collector, task_id=create_db_schema, run_id=manual__2025-04-24T08:02:13.486887+00:00, execution_date=20250424T080213, start_date=20250424T080216, end_date=20250424T080217
[2025-04-24T08:02:17.351+0000] {logging_mixin.py:190} INFO - Task instance in success state
[2025-04-24T08:02:17.352+0000] {logging_mixin.py:190} INFO -  Previous state of the Task instance: running
[2025-04-24T08:02:17.352+0000] {logging_mixin.py:190} INFO - Dag name:traffic_images_collector queued_at:2025-04-24 08:02:13.503453+00:00
[2025-04-24T08:02:17.353+0000] {logging_mixin.py:190} INFO - Task hostname:d8cd43aac9c4 operator:_PythonDecoratedOperator
[2025-04-24T08:02:17.394+0000] {local_task_job_runner.py:266} INFO - Task exited with return code 0
[2025-04-24T08:02:17.405+0000] {local_task_job_runner.py:245} INFO - ::endgroup::
