[2025-04-24T08:05:08.631+0000] {local_task_job_runner.py:123} INFO - ::group::Pre task execution logs
[2025-04-24T08:05:08.832+0000] {taskinstance.py:2614} INFO - Dependencies all met for dep_context=non-requeueable deps ti=<TaskInstance: traffic_images_collector.transform_and_load_data scheduled__2025-04-24T08:00:00+00:00 [queued]>
[2025-04-24T08:05:08.843+0000] {taskinstance.py:2614} INFO - Dependencies all met for dep_context=requeueable deps ti=<TaskInstance: traffic_images_collector.transform_and_load_data scheduled__2025-04-24T08:00:00+00:00 [queued]>
[2025-04-24T08:05:08.844+0000] {taskinstance.py:2867} INFO - Starting attempt 1 of 4
[2025-04-24T08:05:08.856+0000] {taskinstance.py:2890} INFO - Executing <Task(_PythonDecoratedOperator): transform_and_load_data> on 2025-04-24 08:00:00+00:00
[2025-04-24T08:05:08.866+0000] {warnings.py:112} WARNING - /home/***/.local/lib/python3.12/site-packages/***/task/task_runner/standard_task_runner.py:70: DeprecationWarning: This process (pid=717) is multi-threaded, use of fork() may lead to deadlocks in the child.
  pid = os.fork()

[2025-04-24T08:05:08.868+0000] {standard_task_runner.py:72} INFO - Started process 719 to run task
[2025-04-24T08:05:08.868+0000] {standard_task_runner.py:104} INFO - Running: ['***', 'tasks', 'run', 'traffic_images_collector', 'transform_and_load_data', 'scheduled__2025-04-24T08:00:00+00:00', '--job-id', '34', '--raw', '--subdir', 'DAGS_FOLDER/traffic_images_collector.py', '--cfg-path', '/tmp/tmpm026u1v1']
[2025-04-24T08:05:08.869+0000] {standard_task_runner.py:105} INFO - Job 34: Subtask transform_and_load_data
[2025-04-24T08:05:08.914+0000] {task_command.py:467} INFO - Running <TaskInstance: traffic_images_collector.transform_and_load_data scheduled__2025-04-24T08:00:00+00:00 [running]> on host d8cd43aac9c4
[2025-04-24T08:05:09.010+0000] {taskinstance.py:3134} INFO - Exporting env vars: AIRFLOW_CTX_DAG_OWNER='***' AIRFLOW_CTX_DAG_ID='traffic_images_collector' AIRFLOW_CTX_TASK_ID='transform_and_load_data' AIRFLOW_CTX_EXECUTION_DATE='2025-04-24T08:00:00+00:00' AIRFLOW_CTX_TRY_NUMBER='1' AIRFLOW_CTX_DAG_RUN_ID='scheduled__2025-04-24T08:00:00+00:00'
[2025-04-24T08:05:09.011+0000] {logging_mixin.py:190} INFO - Task instance is in running state
[2025-04-24T08:05:09.012+0000] {logging_mixin.py:190} INFO -  Previous state of the Task instance: queued
[2025-04-24T08:05:09.012+0000] {logging_mixin.py:190} INFO - Current task name:transform_and_load_data state:running start_date:2025-04-24 08:05:08.832906+00:00
[2025-04-24T08:05:09.012+0000] {logging_mixin.py:190} INFO - Dag name:traffic_images_collector and current dag run status:running
[2025-04-24T08:05:09.013+0000] {taskinstance.py:732} INFO - ::endgroup::
[2025-04-24T08:05:09.018+0000] {python.py:240} INFO - Done. Returned value was: None
[2025-04-24T08:05:09.028+0000] {taskinstance.py:341} INFO - ::group::Post task execution logs
[2025-04-24T08:05:09.028+0000] {taskinstance.py:353} INFO - Marking task as SUCCESS. dag_id=traffic_images_collector, task_id=transform_and_load_data, run_id=scheduled__2025-04-24T08:00:00+00:00, execution_date=20250424T080000, start_date=20250424T080508, end_date=20250424T080509
[2025-04-24T08:05:09.050+0000] {logging_mixin.py:190} INFO - Task instance in success state
[2025-04-24T08:05:09.051+0000] {logging_mixin.py:190} INFO -  Previous state of the Task instance: running
[2025-04-24T08:05:09.051+0000] {logging_mixin.py:190} INFO - Dag name:traffic_images_collector queued_at:2025-04-24 08:05:01.054209+00:00
[2025-04-24T08:05:09.051+0000] {logging_mixin.py:190} INFO - Task hostname:d8cd43aac9c4 operator:_PythonDecoratedOperator
[2025-04-24T08:05:09.083+0000] {local_task_job_runner.py:266} INFO - Task exited with return code 0
[2025-04-24T08:05:09.093+0000] {local_task_job_runner.py:245} INFO - ::endgroup::
