[2025-04-25T16:35:21.927+0000] {local_task_job_runner.py:123} INFO - ::group::Pre task execution logs
[2025-04-25T16:35:21.951+0000] {taskinstance.py:2614} INFO - Dependencies all met for dep_context=non-requeueable deps ti=<TaskInstance: traffic_images_collector.upsert_data manual__2025-04-25T16:35:10.662528+00:00 [queued]>
[2025-04-25T16:35:21.967+0000] {taskinstance.py:2614} INFO - Dependencies all met for dep_context=requeueable deps ti=<TaskInstance: traffic_images_collector.upsert_data manual__2025-04-25T16:35:10.662528+00:00 [queued]>
[2025-04-25T16:35:21.969+0000] {taskinstance.py:2867} INFO - Starting attempt 1 of 4
[2025-04-25T16:35:21.986+0000] {taskinstance.py:2890} INFO - Executing <Task(_PythonDecoratedOperator): upsert_data> on 2025-04-25 16:35:10.662528+00:00
[2025-04-25T16:35:21.998+0000] {standard_task_runner.py:72} INFO - Started process 151 to run task
[2025-04-25T16:35:22.001+0000] {standard_task_runner.py:104} INFO - Running: ['***', 'tasks', 'run', 'traffic_images_collector', 'upsert_data', 'manual__2025-04-25T16:35:10.662528+00:00', '--job-id', '27', '--raw', '--subdir', 'DAGS_FOLDER/traffic_images_collector.py', '--cfg-path', '/tmp/tmptn_u45nk']
[2025-04-25T16:35:22.004+0000] {standard_task_runner.py:105} INFO - Job 27: Subtask upsert_data
[2025-04-25T16:35:22.066+0000] {task_command.py:467} INFO - Running <TaskInstance: traffic_images_collector.upsert_data manual__2025-04-25T16:35:10.662528+00:00 [running]> on host 59b5c23bc6da
[2025-04-25T16:35:22.626+0000] {taskinstance.py:3134} INFO - Exporting env vars: AIRFLOW_CTX_DAG_OWNER='***' AIRFLOW_CTX_DAG_ID='traffic_images_collector' AIRFLOW_CTX_TASK_ID='upsert_data' AIRFLOW_CTX_EXECUTION_DATE='2025-04-25T16:35:10.662528+00:00' AIRFLOW_CTX_TRY_NUMBER='1' AIRFLOW_CTX_DAG_RUN_ID='manual__2025-04-25T16:35:10.662528+00:00'
[2025-04-25T16:35:22.629+0000] {logging_mixin.py:190} INFO - Task instance is in running state
[2025-04-25T16:35:22.632+0000] {logging_mixin.py:190} INFO -  Previous state of the Task instance: queued
[2025-04-25T16:35:22.633+0000] {logging_mixin.py:190} INFO - Current task name:upsert_data state:running start_date:2025-04-25 16:35:21.952959+00:00
[2025-04-25T16:35:22.635+0000] {logging_mixin.py:190} INFO - Dag name:traffic_images_collector and current dag run status:running
[2025-04-25T16:35:22.636+0000] {taskinstance.py:732} INFO - ::endgroup::
[2025-04-25T16:35:22.650+0000] {base.py:84} INFO - Retrieving connection 'lta_api_connection'
[2025-04-25T16:35:23.402+0000] {_client.py:1026} INFO - HTTP Request: POST https://vcyztregkuonlsqmljtt.supabase.co/rest/v1/TrafficImages?columns=%22CameraID%22%2C%22ImageLink%22%2C%22Longitude%22%2C%22Latitude%22 "HTTP/2 200 OK"
[2025-04-25T16:35:23.410+0000] {python.py:240} INFO - Done. Returned value was: None
[2025-04-25T16:35:23.427+0000] {taskinstance.py:341} INFO - ::group::Post task execution logs
[2025-04-25T16:35:23.428+0000] {taskinstance.py:353} INFO - Marking task as SUCCESS. dag_id=traffic_images_collector, task_id=upsert_data, run_id=manual__2025-04-25T16:35:10.662528+00:00, execution_date=20250425T163510, start_date=20250425T163521, end_date=20250425T163523
[2025-04-25T16:35:23.454+0000] {logging_mixin.py:190} INFO - Task instance in success state
[2025-04-25T16:35:23.456+0000] {logging_mixin.py:190} INFO -  Previous state of the Task instance: running
[2025-04-25T16:35:23.457+0000] {logging_mixin.py:190} INFO - Dag name:traffic_images_collector queued_at:2025-04-25 16:35:10.751784+00:00
[2025-04-25T16:35:23.458+0000] {logging_mixin.py:190} INFO - Task hostname:59b5c23bc6da operator:_PythonDecoratedOperator
[2025-04-25T16:35:23.502+0000] {local_task_job_runner.py:266} INFO - Task exited with return code 0
[2025-04-25T16:35:23.805+0000] {taskinstance.py:3901} INFO - 0 downstream tasks scheduled from follow-on schedule check
[2025-04-25T16:35:23.808+0000] {local_task_job_runner.py:245} INFO - ::endgroup::
